2026-01-08 18:09:47.196 [TestNG-test-Smoke Tests-1] INFO  [verifyingSettingOptionsLang] ===== STARTING TEST: verifyingSettingOptionsLang  | Thread: 34 =====
2026-01-08 18:09:47.202 [TestNG-test-Smoke Tests-1] INFO  [verifyingSettingOptionsLang] No existing WebDriver found for current thread. Initializing a new ChromeDriver...
2026-01-08 18:09:47.352 [TestNG-test-Smoke Tests-1] INFO  [verifyingSettingOptionsLang] WebDriverManager: chromedriver setup OK
2026-01-08 18:09:49.850 [TestNG-test-Smoke Tests-1] INFO  [verifyingSettingOptionsLang] ChromeDriver initialized successfully for thread: 34
2026-01-08 18:09:49.851 [TestNG-test-Smoke Tests-1] INFO  [verifyingSettingOptionsLang] Driver initialized successfully for test: verifyingSettingOptionsLang
2026-01-08 18:09:49.854 [TestNG-test-Smoke Tests-1] INFO  [verifyingSettingOptionsLang] SafeActions initialized with driver ChromeDriver: chrome on windows (a76859fa3e9e67a5e40dfe4ab66ab40d)
2026-01-08 18:09:49.854 [TestNG-test-Smoke Tests-1] INFO  [verifyingSettingOptionsLang] Initialized YtLandingPage with driver: ChromeDriver: chrome on windows (a76859fa3e9e67a5e40dfe4ab66ab40d)
2026-01-08 18:09:49.854 [TestNG-test-Smoke Tests-1] INFO  [verifyingSettingOptionsLang] SafeActions initialized with driver ChromeDriver: chrome on windows (a76859fa3e9e67a5e40dfe4ab66ab40d)
2026-01-08 18:09:53.472 [TestNG-test-Smoke Tests-1] INFO  [verifyingSettingOptionsLang] Opened YouTube landing page.
2026-01-08 18:09:53.472 [TestNG-test-Smoke Tests-1] INFO  [verifyingSettingOptionsLang] Clicking settings ellipses button...
2026-01-08 18:09:53.489 [TestNG-test-Smoke Tests-1] INFO  [verifyingSettingOptionsLang] [verifyingSettingOptionsLang] Trying to find element: By.xpath: //ytd-topbar-menu-button-renderer[@class='style-scope ytd-masthead style-default']
2026-01-08 18:09:53.807 [TestNG-test-Smoke Tests-1] INFO  [verifyingSettingOptionsLang] [verifyingSettingOptionsLang] Element found and ready (attempt 1): By.xpath: //ytd-topbar-menu-button-renderer[@class='style-scope ytd-masthead style-default']
2026-01-08 18:09:54.949 [TestNG-test-Smoke Tests-1] INFO  [verifyingSettingOptionsLang] Clicking language dropdown...
2026-01-08 18:09:54.949 [TestNG-test-Smoke Tests-1] INFO  [verifyingSettingOptionsLang] [verifyingSettingOptionsLang] Trying to find element: By.xpath: (//div[@id='content-icon'])[2]
2026-01-08 18:09:55.043 [TestNG-test-Smoke Tests-1] INFO  [verifyingSettingOptionsLang] [verifyingSettingOptionsLang] Element found and ready (attempt 1): By.xpath: (//div[@id='content-icon'])[2]
2026-01-08 18:09:56.777 [TestNG-test-Smoke Tests-1] INFO  [verifyingSettingOptionsLang] [verifyingSettingOptionsLang] Execution is Not CRON Job Hence refering to normal keys from UtilData
2026-01-08 18:09:57.778 [TestNG-test-Smoke Tests-1] INFO  [verifyingSettingOptionsLang] Looking for language element with name: Afrikaans
2026-01-08 18:09:57.778 [TestNG-test-Smoke Tests-1] INFO  [verifyingSettingOptionsLang] [verifyingSettingOptionsLang] Trying to find element: By.xpath: //yt-multi-page-menu-section-renderer[@class='style-scope ytd-multi-page-menu-renderer']//yt-formatted-string[@id='label' and text()='Afrikaans']
2026-01-08 18:09:57.803 [TestNG-test-Smoke Tests-1] INFO  [verifyingSettingOptionsLang] [verifyingSettingOptionsLang] Element found and ready (attempt 1): By.xpath: //yt-multi-page-menu-section-renderer[@class='style-scope ytd-multi-page-menu-renderer']//yt-formatted-string[@id='label' and text()='Afrikaans']
2026-01-08 18:10:01.081 [TestNG-test-Smoke Tests-1] INFO  [verifyingSettingOptionsLang] Clicking settings ellipses button...
2026-01-08 18:10:01.081 [TestNG-test-Smoke Tests-1] INFO  [verifyingSettingOptionsLang] [verifyingSettingOptionsLang] Trying to find element: By.xpath: //ytd-topbar-menu-button-renderer[@class='style-scope ytd-masthead style-default']
2026-01-08 18:10:01.105 [TestNG-test-Smoke Tests-1] INFO  [verifyingSettingOptionsLang] [verifyingSettingOptionsLang] Element found and ready (attempt 1): By.xpath: //ytd-topbar-menu-button-renderer[@class='style-scope ytd-masthead style-default']
2026-01-08 18:10:02.200 [TestNG-test-Smoke Tests-1] INFO  [verifyingSettingOptionsLang] Getting the setting ellipses options
2026-01-08 18:10:02.202 [TestNG-test-Smoke Tests-1] INFO  [verifyingSettingOptionsLang] [verifyingSettingOptionsLang] Trying to find element: By.xpath: //ytd-multi-page-menu-renderer
2026-01-08 18:10:02.290 [TestNG-test-Smoke Tests-1] INFO  [verifyingSettingOptionsLang] [verifyingSettingOptionsLang] Element found and ready (attempt 1): By.xpath: //ytd-multi-page-menu-renderer
2026-01-08 18:10:02.381 [TestNG-test-Smoke Tests-1] INFO  [verifyingSettingOptionsLang] Clicking settings ellipses button...
2026-01-08 18:10:02.381 [TestNG-test-Smoke Tests-1] INFO  [verifyingSettingOptionsLang] [verifyingSettingOptionsLang] Trying to find element: By.xpath: //ytd-topbar-menu-button-renderer[@class='style-scope ytd-masthead style-default']
2026-01-08 18:10:02.460 [TestNG-test-Smoke Tests-1] INFO  [verifyingSettingOptionsLang] [verifyingSettingOptionsLang] Element found and ready (attempt 1): By.xpath: //ytd-topbar-menu-button-renderer[@class='style-scope ytd-masthead style-default']
2026-01-08 18:10:05.101 [TestNG-test-Smoke Tests-1] INFO  [verifyingSettingOptionsLang] 
========== LANGUAGE DETECTION ==========
Detected Language : AFRIKAANS
Input Text        : Jou data in YouTube
Voorkoms: Toesteltema
Vertoontaal:
Afrikaans
Beperkmodus: Af
Ligging:
Verenigde State
Kortpadsleutels
Instellings
Hulp
Stuur terugvoer
========================================
2026-01-08 18:10:05.102 [TestNG-test-Smoke Tests-1] INFO  [verifyingSettingOptionsLang] getExpectedLangageViaApplicableLangInput(Afrikaans)
2026-01-08 18:10:05.103 [TestNG-test-Smoke Tests-1] INFO  [verifyingSettingOptionsLang] Expected language for 'Afrikaans' -> AFRIKAANS
2026-01-08 18:10:05.103 [TestNG-test-Smoke Tests-1] INFO  [verifyingSettingOptionsLang] getLangAttributeViaLanguageInput(Afrikaans)
2026-01-08 18:10:05.103 [TestNG-test-Smoke Tests-1] INFO  [verifyingSettingOptionsLang] Mapped Afrikaans -> af-ZA
2026-01-08 18:10:05.103 [TestNG-test-Smoke Tests-1] INFO  [verifyingSettingOptionsLang] getLangAttribute() - locating <html> and reading lang property
2026-01-08 18:10:05.126 [TestNG-test-Smoke Tests-1] INFO  [verifyingSettingOptionsLang] Language attribute read: af-ZA
2026-01-08 18:10:05.127 [TestNG-test-Smoke Tests-1] INFO  [verifyingSettingOptionsLang] Clicking settings ellipses button...
2026-01-08 18:10:05.127 [TestNG-test-Smoke Tests-1] INFO  [verifyingSettingOptionsLang] [verifyingSettingOptionsLang] Trying to find element: By.xpath: //ytd-topbar-menu-button-renderer[@class='style-scope ytd-masthead style-default']
2026-01-08 18:10:05.147 [TestNG-test-Smoke Tests-1] INFO  [verifyingSettingOptionsLang] [verifyingSettingOptionsLang] Element found and ready (attempt 1): By.xpath: //ytd-topbar-menu-button-renderer[@class='style-scope ytd-masthead style-default']
2026-01-08 18:10:07.307 [TestNG-test-Smoke Tests-1] INFO  [verifyingSettingOptionsLang] Clicking language dropdown...
2026-01-08 18:10:07.307 [TestNG-test-Smoke Tests-1] INFO  [verifyingSettingOptionsLang] [verifyingSettingOptionsLang] Trying to find element: By.xpath: (//div[@id='content-icon'])[2]
2026-01-08 18:10:07.343 [TestNG-test-Smoke Tests-1] INFO  [verifyingSettingOptionsLang] [verifyingSettingOptionsLang] Element found and ready (attempt 1): By.xpath: (//div[@id='content-icon'])[2]
2026-01-08 18:10:10.783 [TestNG-test-Smoke Tests-1] INFO  [verifyingSettingOptionsLang] Looking for language element with name: Azərbaycan
2026-01-08 18:10:10.783 [TestNG-test-Smoke Tests-1] INFO  [verifyingSettingOptionsLang] [verifyingSettingOptionsLang] Trying to find element: By.xpath: //yt-multi-page-menu-section-renderer[@class='style-scope ytd-multi-page-menu-renderer']//yt-formatted-string[@id='label' and text()='Azərbaycan']
2026-01-08 18:10:10.810 [TestNG-test-Smoke Tests-1] INFO  [verifyingSettingOptionsLang] [verifyingSettingOptionsLang] Element found and ready (attempt 1): By.xpath: //yt-multi-page-menu-section-renderer[@class='style-scope ytd-multi-page-menu-renderer']//yt-formatted-string[@id='label' and text()='Azərbaycan']
2026-01-08 18:10:13.864 [TestNG-test-Smoke Tests-1] INFO  [verifyingSettingOptionsLang] Clicking settings ellipses button...
2026-01-08 18:10:13.864 [TestNG-test-Smoke Tests-1] INFO  [verifyingSettingOptionsLang] [verifyingSettingOptionsLang] Trying to find element: By.xpath: //ytd-topbar-menu-button-renderer[@class='style-scope ytd-masthead style-default']
2026-01-08 18:10:13.885 [TestNG-test-Smoke Tests-1] INFO  [verifyingSettingOptionsLang] [verifyingSettingOptionsLang] Element found and ready (attempt 1): By.xpath: //ytd-topbar-menu-button-renderer[@class='style-scope ytd-masthead style-default']
2026-01-08 18:10:14.973 [TestNG-test-Smoke Tests-1] INFO  [verifyingSettingOptionsLang] Getting the setting ellipses options
2026-01-08 18:10:14.979 [TestNG-test-Smoke Tests-1] INFO  [verifyingSettingOptionsLang] [verifyingSettingOptionsLang] Trying to find element: By.xpath: //ytd-multi-page-menu-renderer
2026-01-08 18:10:15.035 [TestNG-test-Smoke Tests-1] INFO  [verifyingSettingOptionsLang] [verifyingSettingOptionsLang] Element found and ready (attempt 1): By.xpath: //ytd-multi-page-menu-renderer
2026-01-08 18:10:15.090 [TestNG-test-Smoke Tests-1] INFO  [verifyingSettingOptionsLang] Clicking settings ellipses button...
2026-01-08 18:10:15.090 [TestNG-test-Smoke Tests-1] INFO  [verifyingSettingOptionsLang] [verifyingSettingOptionsLang] Trying to find element: By.xpath: //ytd-topbar-menu-button-renderer[@class='style-scope ytd-masthead style-default']
2026-01-08 18:10:15.116 [TestNG-test-Smoke Tests-1] INFO  [verifyingSettingOptionsLang] [verifyingSettingOptionsLang] Element found and ready (attempt 1): By.xpath: //ytd-topbar-menu-button-renderer[@class='style-scope ytd-masthead style-default']
2026-01-08 18:10:15.204 [TestNG-test-Smoke Tests-1] INFO  [verifyingSettingOptionsLang] 
========== LANGUAGE DETECTION ==========
Detected Language : AZERBAIJANI
Input Text        : YouTube Datanız
Görünüş: Cihaz teması
Displey dili:
azərbaycan
Limitli Rejim: Deaktiv
Məkan:
Amerika Birləşmiş Ştatları
Klaviatura qısayolları
Ayarlar
Yardım
Rəy göndərin
========================================
2026-01-08 18:10:15.205 [TestNG-test-Smoke Tests-1] INFO  [verifyingSettingOptionsLang] getExpectedLangageViaApplicableLangInput(Azərbaycan)
2026-01-08 18:10:15.205 [TestNG-test-Smoke Tests-1] INFO  [verifyingSettingOptionsLang] Expected language for 'Azərbaycan' -> AZERBAIJANI
2026-01-08 18:10:15.205 [TestNG-test-Smoke Tests-1] INFO  [verifyingSettingOptionsLang] getLangAttributeViaLanguageInput(Azərbaycan)
2026-01-08 18:10:15.205 [TestNG-test-Smoke Tests-1] INFO  [verifyingSettingOptionsLang] Mapped Azərbaycan -> az-Latn-AZ
2026-01-08 18:10:15.205 [TestNG-test-Smoke Tests-1] INFO  [verifyingSettingOptionsLang] getLangAttribute() - locating <html> and reading lang property
2026-01-08 18:10:15.233 [TestNG-test-Smoke Tests-1] INFO  [verifyingSettingOptionsLang] Language attribute read: az-Latn-AZ
2026-01-08 18:10:15.233 [TestNG-test-Smoke Tests-1] INFO  [verifyingSettingOptionsLang] Clicking settings ellipses button...
2026-01-08 18:10:15.234 [TestNG-test-Smoke Tests-1] INFO  [verifyingSettingOptionsLang] [verifyingSettingOptionsLang] Trying to find element: By.xpath: //ytd-topbar-menu-button-renderer[@class='style-scope ytd-masthead style-default']
2026-01-08 18:10:15.258 [TestNG-test-Smoke Tests-1] INFO  [verifyingSettingOptionsLang] [verifyingSettingOptionsLang] Element found and ready (attempt 1): By.xpath: //ytd-topbar-menu-button-renderer[@class='style-scope ytd-masthead style-default']
2026-01-08 18:10:17.435 [TestNG-test-Smoke Tests-1] INFO  [verifyingSettingOptionsLang] Clicking language dropdown...
2026-01-08 18:10:17.436 [TestNG-test-Smoke Tests-1] INFO  [verifyingSettingOptionsLang] [verifyingSettingOptionsLang] Trying to find element: By.xpath: (//div[@id='content-icon'])[2]
2026-01-08 18:10:17.527 [TestNG-test-Smoke Tests-1] INFO  [verifyingSettingOptionsLang] [verifyingSettingOptionsLang] Element found and ready (attempt 1): By.xpath: (//div[@id='content-icon'])[2]
2026-01-08 18:10:20.907 [TestNG-test-Smoke Tests-1] INFO  [verifyingSettingOptionsLang] Looking for language element with name: Bahasa Indonesia
2026-01-08 18:10:20.907 [TestNG-test-Smoke Tests-1] INFO  [verifyingSettingOptionsLang] [verifyingSettingOptionsLang] Trying to find element: By.xpath: //yt-multi-page-menu-section-renderer[@class='style-scope ytd-multi-page-menu-renderer']//yt-formatted-string[@id='label' and text()='Bahasa Indonesia']
2026-01-08 18:10:20.931 [TestNG-test-Smoke Tests-1] INFO  [verifyingSettingOptionsLang] [verifyingSettingOptionsLang] Element found and ready (attempt 1): By.xpath: //yt-multi-page-menu-section-renderer[@class='style-scope ytd-multi-page-menu-renderer']//yt-formatted-string[@id='label' and text()='Bahasa Indonesia']
2026-01-08 18:10:23.994 [TestNG-test-Smoke Tests-1] INFO  [verifyingSettingOptionsLang] Clicking settings ellipses button...
2026-01-08 18:10:23.994 [TestNG-test-Smoke Tests-1] INFO  [verifyingSettingOptionsLang] [verifyingSettingOptionsLang] Trying to find element: By.xpath: //ytd-topbar-menu-button-renderer[@class='style-scope ytd-masthead style-default']
2026-01-08 18:10:24.019 [TestNG-test-Smoke Tests-1] INFO  [verifyingSettingOptionsLang] [verifyingSettingOptionsLang] Element found and ready (attempt 1): By.xpath: //ytd-topbar-menu-button-renderer[@class='style-scope ytd-masthead style-default']
2026-01-08 18:10:25.123 [TestNG-test-Smoke Tests-1] INFO  [verifyingSettingOptionsLang] Getting the setting ellipses options
2026-01-08 18:10:25.123 [TestNG-test-Smoke Tests-1] INFO  [verifyingSettingOptionsLang] [verifyingSettingOptionsLang] Trying to find element: By.xpath: //ytd-multi-page-menu-renderer
2026-01-08 18:10:25.149 [TestNG-test-Smoke Tests-1] INFO  [verifyingSettingOptionsLang] [verifyingSettingOptionsLang] Element found and ready (attempt 1): By.xpath: //ytd-multi-page-menu-renderer
2026-01-08 18:10:25.205 [TestNG-test-Smoke Tests-1] INFO  [verifyingSettingOptionsLang] Clicking settings ellipses button...
2026-01-08 18:10:25.205 [TestNG-test-Smoke Tests-1] INFO  [verifyingSettingOptionsLang] [verifyingSettingOptionsLang] Trying to find element: By.xpath: //ytd-topbar-menu-button-renderer[@class='style-scope ytd-masthead style-default']
2026-01-08 18:10:25.233 [TestNG-test-Smoke Tests-1] INFO  [verifyingSettingOptionsLang] [verifyingSettingOptionsLang] Element found and ready (attempt 1): By.xpath: //ytd-topbar-menu-button-renderer[@class='style-scope ytd-masthead style-default']
2026-01-08 18:10:25.349 [TestNG-test-Smoke Tests-1] INFO  [verifyingSettingOptionsLang] 
========== LANGUAGE DETECTION ==========
Detected Language : INDONESIAN
Input Text        : Data Anda di YouTube
Tampilan: Tema perangkat
Bahasa tampilan:
Indonesia
Mode Terbatas: Nonaktif
Lokasi:
Amerika Serikat
Pintasan keyboard
Setelan
Bantuan
Kirim masukan
========================================
2026-01-08 18:10:25.349 [TestNG-test-Smoke Tests-1] INFO  [verifyingSettingOptionsLang] getExpectedLangageViaApplicableLangInput(Bahasa Indonesia)
2026-01-08 18:10:25.351 [TestNG-test-Smoke Tests-1] INFO  [verifyingSettingOptionsLang] Expected language for 'Bahasa Indonesia' -> INDONESIAN
2026-01-08 18:10:25.351 [TestNG-test-Smoke Tests-1] INFO  [verifyingSettingOptionsLang] getLangAttributeViaLanguageInput(Bahasa Indonesia)
2026-01-08 18:10:25.351 [TestNG-test-Smoke Tests-1] INFO  [verifyingSettingOptionsLang] Mapped Bahasa Indonesia -> id-ID
2026-01-08 18:10:25.354 [TestNG-test-Smoke Tests-1] INFO  [verifyingSettingOptionsLang] getLangAttribute() - locating <html> and reading lang property
2026-01-08 18:10:25.377 [TestNG-test-Smoke Tests-1] INFO  [verifyingSettingOptionsLang] Language attribute read: id-ID
2026-01-08 18:10:25.377 [TestNG-test-Smoke Tests-1] INFO  [verifyingSettingOptionsLang] Clicking settings ellipses button...
2026-01-08 18:10:25.377 [TestNG-test-Smoke Tests-1] INFO  [verifyingSettingOptionsLang] [verifyingSettingOptionsLang] Trying to find element: By.xpath: //ytd-topbar-menu-button-renderer[@class='style-scope ytd-masthead style-default']
2026-01-08 18:10:25.421 [TestNG-test-Smoke Tests-1] INFO  [verifyingSettingOptionsLang] [verifyingSettingOptionsLang] Element found and ready (attempt 1): By.xpath: //ytd-topbar-menu-button-renderer[@class='style-scope ytd-masthead style-default']
2026-01-08 18:10:27.549 [TestNG-test-Smoke Tests-1] INFO  [verifyingSettingOptionsLang] Clicking language dropdown...
2026-01-08 18:10:27.550 [TestNG-test-Smoke Tests-1] INFO  [verifyingSettingOptionsLang] [verifyingSettingOptionsLang] Trying to find element: By.xpath: (//div[@id='content-icon'])[2]
2026-01-08 18:10:27.571 [TestNG-test-Smoke Tests-1] INFO  [verifyingSettingOptionsLang] [verifyingSettingOptionsLang] Element found and ready (attempt 1): By.xpath: (//div[@id='content-icon'])[2]
2026-01-08 18:10:30.916 [TestNG-test-Smoke Tests-1] INFO  [verifyingSettingOptionsLang] Looking for language element with name: Bosanski
2026-01-08 18:10:30.916 [TestNG-test-Smoke Tests-1] INFO  [verifyingSettingOptionsLang] [verifyingSettingOptionsLang] Trying to find element: By.xpath: //yt-multi-page-menu-section-renderer[@class='style-scope ytd-multi-page-menu-renderer']//yt-formatted-string[@id='label' and text()='Bosanski']
2026-01-08 18:10:30.940 [TestNG-test-Smoke Tests-1] INFO  [verifyingSettingOptionsLang] [verifyingSettingOptionsLang] Element found and ready (attempt 1): By.xpath: //yt-multi-page-menu-section-renderer[@class='style-scope ytd-multi-page-menu-renderer']//yt-formatted-string[@id='label' and text()='Bosanski']
2026-01-08 18:10:34.045 [TestNG-test-Smoke Tests-1] INFO  [verifyingSettingOptionsLang] Clicking settings ellipses button...
2026-01-08 18:10:34.045 [TestNG-test-Smoke Tests-1] INFO  [verifyingSettingOptionsLang] [verifyingSettingOptionsLang] Trying to find element: By.xpath: //ytd-topbar-menu-button-renderer[@class='style-scope ytd-masthead style-default']
2026-01-08 18:10:34.065 [TestNG-test-Smoke Tests-1] INFO  [verifyingSettingOptionsLang] [verifyingSettingOptionsLang] Element found and ready (attempt 1): By.xpath: //ytd-topbar-menu-button-renderer[@class='style-scope ytd-masthead style-default']
2026-01-08 18:10:35.139 [TestNG-test-Smoke Tests-1] INFO  [verifyingSettingOptionsLang] Getting the setting ellipses options
2026-01-08 18:10:35.139 [TestNG-test-Smoke Tests-1] INFO  [verifyingSettingOptionsLang] [verifyingSettingOptionsLang] Trying to find element: By.xpath: //ytd-multi-page-menu-renderer
2026-01-08 18:10:35.159 [TestNG-test-Smoke Tests-1] INFO  [verifyingSettingOptionsLang] [verifyingSettingOptionsLang] Element found and ready (attempt 1): By.xpath: //ytd-multi-page-menu-renderer
2026-01-08 18:10:35.193 [TestNG-test-Smoke Tests-1] INFO  [verifyingSettingOptionsLang] Clicking settings ellipses button...
2026-01-08 18:10:35.193 [TestNG-test-Smoke Tests-1] INFO  [verifyingSettingOptionsLang] [verifyingSettingOptionsLang] Trying to find element: By.xpath: //ytd-topbar-menu-button-renderer[@class='style-scope ytd-masthead style-default']
2026-01-08 18:10:35.226 [TestNG-test-Smoke Tests-1] INFO  [verifyingSettingOptionsLang] [verifyingSettingOptionsLang] Element found and ready (attempt 1): By.xpath: //ytd-topbar-menu-button-renderer[@class='style-scope ytd-masthead style-default']
2026-01-08 18:10:35.279 [TestNG-test-Smoke Tests-1] INFO  [verifyingSettingOptionsLang] 
========== LANGUAGE DETECTION ==========
Detected Language : BOSNIAN
Input Text        : Vaši podaci na YouTubeu
Izgled: tema uređaja
Jezik prikaza:
bosanski
Ograničeni način rada: isključeno
Lokacija:
Sjedinjene Američke Države
Prečice na tastaturi
Postavke
Pomoć
Pošaljite povratne informacije
========================================
2026-01-08 18:10:35.279 [TestNG-test-Smoke Tests-1] INFO  [verifyingSettingOptionsLang] getExpectedLangageViaApplicableLangInput(Bosanski)
2026-01-08 18:10:35.279 [TestNG-test-Smoke Tests-1] INFO  [verifyingSettingOptionsLang] Expected language for 'Bosanski' -> CROATIAN
2026-01-08 18:10:35.279 [TestNG-test-Smoke Tests-1] INFO  [verifyingSettingOptionsLang] getLangAttributeViaLanguageInput(Bosanski)
2026-01-08 18:10:35.279 [TestNG-test-Smoke Tests-1] INFO  [verifyingSettingOptionsLang] Mapped Bosanski -> bs-Latn-BA
2026-01-08 18:10:35.279 [TestNG-test-Smoke Tests-1] INFO  [verifyingSettingOptionsLang] getLangAttribute() - locating <html> and reading lang property
2026-01-08 18:10:35.293 [TestNG-test-Smoke Tests-1] INFO  [verifyingSettingOptionsLang] Language attribute read: bs-Latn-BA
2026-01-08 18:10:35.297 [TestNG-test-Smoke Tests-1] INFO  [verifyingSettingOptionsLang] Clicking settings ellipses button...
2026-01-08 18:10:35.297 [TestNG-test-Smoke Tests-1] INFO  [verifyingSettingOptionsLang] [verifyingSettingOptionsLang] Trying to find element: By.xpath: //ytd-topbar-menu-button-renderer[@class='style-scope ytd-masthead style-default']
2026-01-08 18:10:35.318 [TestNG-test-Smoke Tests-1] INFO  [verifyingSettingOptionsLang] [verifyingSettingOptionsLang] Element found and ready (attempt 1): By.xpath: //ytd-topbar-menu-button-renderer[@class='style-scope ytd-masthead style-default']
2026-01-08 18:10:37.370 [TestNG-test-Smoke Tests-1] INFO  [verifyingSettingOptionsLang] Clicking language dropdown...
2026-01-08 18:10:37.370 [TestNG-test-Smoke Tests-1] INFO  [verifyingSettingOptionsLang] [verifyingSettingOptionsLang] Trying to find element: By.xpath: (//div[@id='content-icon'])[2]
2026-01-08 18:10:37.394 [TestNG-test-Smoke Tests-1] INFO  [verifyingSettingOptionsLang] [verifyingSettingOptionsLang] Element found and ready (attempt 1): By.xpath: (//div[@id='content-icon'])[2]
2026-01-08 18:10:41.003 [TestNG-test-Smoke Tests-1] INFO  [verifyingSettingOptionsLang] Looking for language element with name: Català
2026-01-08 18:10:41.003 [TestNG-test-Smoke Tests-1] INFO  [verifyingSettingOptionsLang] [verifyingSettingOptionsLang] Trying to find element: By.xpath: //yt-multi-page-menu-section-renderer[@class='style-scope ytd-multi-page-menu-renderer']//yt-formatted-string[@id='label' and text()='Català']
2026-01-08 18:10:41.033 [TestNG-test-Smoke Tests-1] INFO  [verifyingSettingOptionsLang] [verifyingSettingOptionsLang] Element found and ready (attempt 1): By.xpath: //yt-multi-page-menu-section-renderer[@class='style-scope ytd-multi-page-menu-renderer']//yt-formatted-string[@id='label' and text()='Català']
2026-01-08 18:10:44.475 [TestNG-test-Smoke Tests-1] INFO  [verifyingSettingOptionsLang] Clicking settings ellipses button...
2026-01-08 18:10:44.475 [TestNG-test-Smoke Tests-1] INFO  [verifyingSettingOptionsLang] [verifyingSettingOptionsLang] Trying to find element: By.xpath: //ytd-topbar-menu-button-renderer[@class='style-scope ytd-masthead style-default']
2026-01-08 18:10:44.496 [TestNG-test-Smoke Tests-1] INFO  [verifyingSettingOptionsLang] [verifyingSettingOptionsLang] Element found and ready (attempt 1): By.xpath: //ytd-topbar-menu-button-renderer[@class='style-scope ytd-masthead style-default']
2026-01-08 18:10:45.587 [TestNG-test-Smoke Tests-1] INFO  [verifyingSettingOptionsLang] Getting the setting ellipses options
2026-01-08 18:10:45.587 [TestNG-test-Smoke Tests-1] INFO  [verifyingSettingOptionsLang] [verifyingSettingOptionsLang] Trying to find element: By.xpath: //ytd-multi-page-menu-renderer
2026-01-08 18:10:45.607 [TestNG-test-Smoke Tests-1] INFO  [verifyingSettingOptionsLang] [verifyingSettingOptionsLang] Element found and ready (attempt 1): By.xpath: //ytd-multi-page-menu-renderer
2026-01-08 18:10:45.640 [TestNG-test-Smoke Tests-1] INFO  [verifyingSettingOptionsLang] Clicking settings ellipses button...
2026-01-08 18:10:45.640 [TestNG-test-Smoke Tests-1] INFO  [verifyingSettingOptionsLang] [verifyingSettingOptionsLang] Trying to find element: By.xpath: //ytd-topbar-menu-button-renderer[@class='style-scope ytd-masthead style-default']
2026-01-08 18:10:45.658 [TestNG-test-Smoke Tests-1] INFO  [verifyingSettingOptionsLang] [verifyingSettingOptionsLang] Element found and ready (attempt 1): By.xpath: //ytd-topbar-menu-button-renderer[@class='style-scope ytd-masthead style-default']
2026-01-08 18:10:45.710 [TestNG-test-Smoke Tests-1] INFO  [verifyingSettingOptionsLang] 
========== LANGUAGE DETECTION ==========
Detected Language : CATALAN
Input Text        : Les teves dades a YouTube
Aparença: tema del dispositiu
Idioma de visualització:
català
Mode restringit: desactivat
Ubicació:
Estats Units
Tecles de drecera
Configuració
Ajuda
Envia suggeriments
========================================
2026-01-08 18:10:45.711 [TestNG-test-Smoke Tests-1] INFO  [verifyingSettingOptionsLang] getExpectedLangageViaApplicableLangInput(Català)
2026-01-08 18:10:45.711 [TestNG-test-Smoke Tests-1] INFO  [verifyingSettingOptionsLang] Expected language for 'Català' -> CATALAN
2026-01-08 18:10:45.711 [TestNG-test-Smoke Tests-1] INFO  [verifyingSettingOptionsLang] getLangAttributeViaLanguageInput(Català)
2026-01-08 18:10:45.711 [TestNG-test-Smoke Tests-1] INFO  [verifyingSettingOptionsLang] Mapped Català -> ca-ES
2026-01-08 18:10:45.711 [TestNG-test-Smoke Tests-1] INFO  [verifyingSettingOptionsLang] getLangAttribute() - locating <html> and reading lang property
2026-01-08 18:10:45.733 [TestNG-test-Smoke Tests-1] INFO  [verifyingSettingOptionsLang] Language attribute read: ca-ES
2026-01-08 18:10:45.733 [TestNG-test-Smoke Tests-1] INFO  [verifyingSettingOptionsLang] Clicking settings ellipses button...
2026-01-08 18:10:45.733 [TestNG-test-Smoke Tests-1] INFO  [verifyingSettingOptionsLang] [verifyingSettingOptionsLang] Trying to find element: By.xpath: //ytd-topbar-menu-button-renderer[@class='style-scope ytd-masthead style-default']
2026-01-08 18:10:45.754 [TestNG-test-Smoke Tests-1] INFO  [verifyingSettingOptionsLang] [verifyingSettingOptionsLang] Element found and ready (attempt 1): By.xpath: //ytd-topbar-menu-button-renderer[@class='style-scope ytd-masthead style-default']
2026-01-08 18:10:47.810 [TestNG-test-Smoke Tests-1] INFO  [verifyingSettingOptionsLang] Clicking language dropdown...
2026-01-08 18:10:47.810 [TestNG-test-Smoke Tests-1] INFO  [verifyingSettingOptionsLang] [verifyingSettingOptionsLang] Trying to find element: By.xpath: (//div[@id='content-icon'])[2]
2026-01-08 18:10:47.853 [TestNG-test-Smoke Tests-1] INFO  [verifyingSettingOptionsLang] [verifyingSettingOptionsLang] Element found and ready (attempt 1): By.xpath: (//div[@id='content-icon'])[2]
2026-01-08 18:10:51.927 [TestNG-test-Smoke Tests-1] INFO  [verifyingSettingOptionsLang] Looking for language element with name: Dansk
2026-01-08 18:10:51.927 [TestNG-test-Smoke Tests-1] INFO  [verifyingSettingOptionsLang] [verifyingSettingOptionsLang] Trying to find element: By.xpath: //yt-multi-page-menu-section-renderer[@class='style-scope ytd-multi-page-menu-renderer']//yt-formatted-string[@id='label' and text()='Dansk']
2026-01-08 18:10:51.959 [TestNG-test-Smoke Tests-1] INFO  [verifyingSettingOptionsLang] [verifyingSettingOptionsLang] Element found and ready (attempt 1): By.xpath: //yt-multi-page-menu-section-renderer[@class='style-scope ytd-multi-page-menu-renderer']//yt-formatted-string[@id='label' and text()='Dansk']
2026-01-08 18:10:55.185 [TestNG-test-Smoke Tests-1] INFO  [verifyingSettingOptionsLang] Clicking settings ellipses button...
2026-01-08 18:10:55.185 [TestNG-test-Smoke Tests-1] INFO  [verifyingSettingOptionsLang] [verifyingSettingOptionsLang] Trying to find element: By.xpath: //ytd-topbar-menu-button-renderer[@class='style-scope ytd-masthead style-default']
2026-01-08 18:10:55.205 [TestNG-test-Smoke Tests-1] INFO  [verifyingSettingOptionsLang] [verifyingSettingOptionsLang] Element found and ready (attempt 1): By.xpath: //ytd-topbar-menu-button-renderer[@class='style-scope ytd-masthead style-default']
2026-01-08 18:10:56.283 [TestNG-test-Smoke Tests-1] INFO  [verifyingSettingOptionsLang] Getting the setting ellipses options
2026-01-08 18:10:56.283 [TestNG-test-Smoke Tests-1] INFO  [verifyingSettingOptionsLang] [verifyingSettingOptionsLang] Trying to find element: By.xpath: //ytd-multi-page-menu-renderer
2026-01-08 18:10:56.303 [TestNG-test-Smoke Tests-1] INFO  [verifyingSettingOptionsLang] [verifyingSettingOptionsLang] Element found and ready (attempt 1): By.xpath: //ytd-multi-page-menu-renderer
2026-01-08 18:10:56.338 [TestNG-test-Smoke Tests-1] INFO  [verifyingSettingOptionsLang] Clicking settings ellipses button...
2026-01-08 18:10:56.339 [TestNG-test-Smoke Tests-1] INFO  [verifyingSettingOptionsLang] [verifyingSettingOptionsLang] Trying to find element: By.xpath: //ytd-topbar-menu-button-renderer[@class='style-scope ytd-masthead style-default']
2026-01-08 18:10:56.358 [TestNG-test-Smoke Tests-1] INFO  [verifyingSettingOptionsLang] [verifyingSettingOptionsLang] Element found and ready (attempt 1): By.xpath: //ytd-topbar-menu-button-renderer[@class='style-scope ytd-masthead style-default']
2026-01-08 18:10:56.410 [TestNG-test-Smoke Tests-1] INFO  [verifyingSettingOptionsLang] 
========== LANGUAGE DETECTION ==========
Detected Language : DANISH
Input Text        : Dine data på YouTube
Udseende: Enhedens tema
Visningssprog:
dansk
Begrænset tilstand: Fra
Lokation:
USA
Tastaturgenveje
Indstillinger
Hjælp
Send feedback
========================================
2026-01-08 18:10:56.410 [TestNG-test-Smoke Tests-1] INFO  [verifyingSettingOptionsLang] getExpectedLangageViaApplicableLangInput(Dansk)
2026-01-08 18:10:56.410 [TestNG-test-Smoke Tests-1] INFO  [verifyingSettingOptionsLang] Expected language for 'Dansk' -> DANISH
2026-01-08 18:10:56.410 [TestNG-test-Smoke Tests-1] INFO  [verifyingSettingOptionsLang] getLangAttributeViaLanguageInput(Dansk)
2026-01-08 18:10:56.410 [TestNG-test-Smoke Tests-1] INFO  [verifyingSettingOptionsLang] Mapped Dansk -> da-DK
2026-01-08 18:10:56.410 [TestNG-test-Smoke Tests-1] INFO  [verifyingSettingOptionsLang] getLangAttribute() - locating <html> and reading lang property
2026-01-08 18:10:56.424 [TestNG-test-Smoke Tests-1] INFO  [verifyingSettingOptionsLang] Language attribute read: da-DK
2026-01-08 18:10:56.425 [TestNG-test-Smoke Tests-1] INFO  [verifyingSettingOptionsLang] Clicking settings ellipses button...
2026-01-08 18:10:56.425 [TestNG-test-Smoke Tests-1] INFO  [verifyingSettingOptionsLang] [verifyingSettingOptionsLang] Trying to find element: By.xpath: //ytd-topbar-menu-button-renderer[@class='style-scope ytd-masthead style-default']
2026-01-08 18:10:56.455 [TestNG-test-Smoke Tests-1] INFO  [verifyingSettingOptionsLang] [verifyingSettingOptionsLang] Element found and ready (attempt 1): By.xpath: //ytd-topbar-menu-button-renderer[@class='style-scope ytd-masthead style-default']
2026-01-08 18:10:58.512 [TestNG-test-Smoke Tests-1] INFO  [verifyingSettingOptionsLang] Clicking language dropdown...
2026-01-08 18:10:58.512 [TestNG-test-Smoke Tests-1] INFO  [verifyingSettingOptionsLang] [verifyingSettingOptionsLang] Trying to find element: By.xpath: (//div[@id='content-icon'])[2]
2026-01-08 18:10:58.533 [TestNG-test-Smoke Tests-1] INFO  [verifyingSettingOptionsLang] [verifyingSettingOptionsLang] Element found and ready (attempt 1): By.xpath: (//div[@id='content-icon'])[2]
2026-01-08 18:11:01.948 [TestNG-test-Smoke Tests-1] INFO  [verifyingSettingOptionsLang] Looking for language element with name: Deutsch
2026-01-08 18:11:01.948 [TestNG-test-Smoke Tests-1] INFO  [verifyingSettingOptionsLang] [verifyingSettingOptionsLang] Trying to find element: By.xpath: //yt-multi-page-menu-section-renderer[@class='style-scope ytd-multi-page-menu-renderer']//yt-formatted-string[@id='label' and text()='Deutsch']
2026-01-08 18:11:01.974 [TestNG-test-Smoke Tests-1] INFO  [verifyingSettingOptionsLang] [verifyingSettingOptionsLang] Element found and ready (attempt 1): By.xpath: //yt-multi-page-menu-section-renderer[@class='style-scope ytd-multi-page-menu-renderer']//yt-formatted-string[@id='label' and text()='Deutsch']
2026-01-08 18:11:05.395 [TestNG-test-Smoke Tests-1] INFO  [verifyingSettingOptionsLang] Clicking settings ellipses button...
2026-01-08 18:11:05.395 [TestNG-test-Smoke Tests-1] INFO  [verifyingSettingOptionsLang] [verifyingSettingOptionsLang] Trying to find element: By.xpath: //ytd-topbar-menu-button-renderer[@class='style-scope ytd-masthead style-default']
2026-01-08 18:11:05.445 [TestNG-test-Smoke Tests-1] INFO  [verifyingSettingOptionsLang] [verifyingSettingOptionsLang] Element found and ready (attempt 1): By.xpath: //ytd-topbar-menu-button-renderer[@class='style-scope ytd-masthead style-default']
2026-01-08 18:11:06.530 [TestNG-test-Smoke Tests-1] INFO  [verifyingSettingOptionsLang] Getting the setting ellipses options
2026-01-08 18:11:06.530 [TestNG-test-Smoke Tests-1] INFO  [verifyingSettingOptionsLang] [verifyingSettingOptionsLang] Trying to find element: By.xpath: //ytd-multi-page-menu-renderer
2026-01-08 18:11:06.550 [TestNG-test-Smoke Tests-1] INFO  [verifyingSettingOptionsLang] [verifyingSettingOptionsLang] Element found and ready (attempt 1): By.xpath: //ytd-multi-page-menu-renderer
2026-01-08 18:11:06.582 [TestNG-test-Smoke Tests-1] INFO  [verifyingSettingOptionsLang] Clicking settings ellipses button...
2026-01-08 18:11:06.582 [TestNG-test-Smoke Tests-1] INFO  [verifyingSettingOptionsLang] [verifyingSettingOptionsLang] Trying to find element: By.xpath: //ytd-topbar-menu-button-renderer[@class='style-scope ytd-masthead style-default']
2026-01-08 18:11:06.600 [TestNG-test-Smoke Tests-1] INFO  [verifyingSettingOptionsLang] [verifyingSettingOptionsLang] Element found and ready (attempt 1): By.xpath: //ytd-topbar-menu-button-renderer[@class='style-scope ytd-masthead style-default']
2026-01-08 18:11:06.650 [TestNG-test-Smoke Tests-1] INFO  [verifyingSettingOptionsLang] 
========== LANGUAGE DETECTION ==========
Detected Language : GERMAN
Input Text        : Meine Daten auf YouTube
Darstellung: Gerätedesign
Anzeigesprache:
Deutsch
Eingeschränkter Modus: Deaktiviert
Ort:
USA
Tastenkombinationen
Einstellungen
Hilfe
Feedback senden
========================================
2026-01-08 18:11:06.651 [TestNG-test-Smoke Tests-1] INFO  [verifyingSettingOptionsLang] getExpectedLangageViaApplicableLangInput(Deutsch)
2026-01-08 18:11:06.651 [TestNG-test-Smoke Tests-1] INFO  [verifyingSettingOptionsLang] Expected language for 'Deutsch' -> GERMAN
2026-01-08 18:11:06.651 [TestNG-test-Smoke Tests-1] INFO  [verifyingSettingOptionsLang] getLangAttributeViaLanguageInput(Deutsch)
2026-01-08 18:11:06.651 [TestNG-test-Smoke Tests-1] INFO  [verifyingSettingOptionsLang] Mapped Deutsch -> de-DE
2026-01-08 18:11:06.651 [TestNG-test-Smoke Tests-1] INFO  [verifyingSettingOptionsLang] getLangAttribute() - locating <html> and reading lang property
2026-01-08 18:11:06.674 [TestNG-test-Smoke Tests-1] INFO  [verifyingSettingOptionsLang] Language attribute read: de-DE
2026-01-08 18:11:06.674 [TestNG-test-Smoke Tests-1] INFO  [verifyingSettingOptionsLang] Clicking settings ellipses button...
2026-01-08 18:11:06.674 [TestNG-test-Smoke Tests-1] INFO  [verifyingSettingOptionsLang] [verifyingSettingOptionsLang] Trying to find element: By.xpath: //ytd-topbar-menu-button-renderer[@class='style-scope ytd-masthead style-default']
2026-01-08 18:11:06.697 [TestNG-test-Smoke Tests-1] INFO  [verifyingSettingOptionsLang] [verifyingSettingOptionsLang] Element found and ready (attempt 1): By.xpath: //ytd-topbar-menu-button-renderer[@class='style-scope ytd-masthead style-default']
2026-01-08 18:11:08.751 [TestNG-test-Smoke Tests-1] INFO  [verifyingSettingOptionsLang] Clicking language dropdown...
2026-01-08 18:11:08.751 [TestNG-test-Smoke Tests-1] INFO  [verifyingSettingOptionsLang] [verifyingSettingOptionsLang] Trying to find element: By.xpath: (//div[@id='content-icon'])[2]
2026-01-08 18:11:08.775 [TestNG-test-Smoke Tests-1] INFO  [verifyingSettingOptionsLang] [verifyingSettingOptionsLang] Element found and ready (attempt 1): By.xpath: (//div[@id='content-icon'])[2]
2026-01-08 18:11:12.167 [TestNG-test-Smoke Tests-1] INFO  [verifyingSettingOptionsLang] Looking for language element with name: Eesti
2026-01-08 18:11:12.167 [TestNG-test-Smoke Tests-1] INFO  [verifyingSettingOptionsLang] [verifyingSettingOptionsLang] Trying to find element: By.xpath: //yt-multi-page-menu-section-renderer[@class='style-scope ytd-multi-page-menu-renderer']//yt-formatted-string[@id='label' and text()='Eesti']
2026-01-08 18:11:12.193 [TestNG-test-Smoke Tests-1] INFO  [verifyingSettingOptionsLang] [verifyingSettingOptionsLang] Element found and ready (attempt 1): By.xpath: //yt-multi-page-menu-section-renderer[@class='style-scope ytd-multi-page-menu-renderer']//yt-formatted-string[@id='label' and text()='Eesti']
2026-01-08 18:11:15.542 [TestNG-test-Smoke Tests-1] INFO  [verifyingSettingOptionsLang] Clicking settings ellipses button...
2026-01-08 18:11:15.542 [TestNG-test-Smoke Tests-1] INFO  [verifyingSettingOptionsLang] [verifyingSettingOptionsLang] Trying to find element: By.xpath: //ytd-topbar-menu-button-renderer[@class='style-scope ytd-masthead style-default']
2026-01-08 18:11:15.562 [TestNG-test-Smoke Tests-1] INFO  [verifyingSettingOptionsLang] [verifyingSettingOptionsLang] Element found and ready (attempt 1): By.xpath: //ytd-topbar-menu-button-renderer[@class='style-scope ytd-masthead style-default']
2026-01-08 18:11:16.642 [TestNG-test-Smoke Tests-1] INFO  [verifyingSettingOptionsLang] Getting the setting ellipses options
2026-01-08 18:11:16.642 [TestNG-test-Smoke Tests-1] INFO  [verifyingSettingOptionsLang] [verifyingSettingOptionsLang] Trying to find element: By.xpath: //ytd-multi-page-menu-renderer
2026-01-08 18:11:16.671 [TestNG-test-Smoke Tests-1] INFO  [verifyingSettingOptionsLang] [verifyingSettingOptionsLang] Element found and ready (attempt 1): By.xpath: //ytd-multi-page-menu-renderer
2026-01-08 18:11:16.704 [TestNG-test-Smoke Tests-1] INFO  [verifyingSettingOptionsLang] Clicking settings ellipses button...
2026-01-08 18:11:16.704 [TestNG-test-Smoke Tests-1] INFO  [verifyingSettingOptionsLang] [verifyingSettingOptionsLang] Trying to find element: By.xpath: //ytd-topbar-menu-button-renderer[@class='style-scope ytd-masthead style-default']
2026-01-08 18:11:16.722 [TestNG-test-Smoke Tests-1] INFO  [verifyingSettingOptionsLang] [verifyingSettingOptionsLang] Element found and ready (attempt 1): By.xpath: //ytd-topbar-menu-button-renderer[@class='style-scope ytd-masthead style-default']
2026-01-08 18:11:16.772 [TestNG-test-Smoke Tests-1] INFO  [verifyingSettingOptionsLang] 
========== LANGUAGE DETECTION ==========
Detected Language : ESTONIAN
Input Text        : Teie andmed YouTube'is
Välimus: seadme teema
Kuvamiskeel:
eesti
Piiratud režiim: väljas
Asukoht:
Ameerika Ühendriigid
Klaviatuuri otseteed
Seaded
Abi
Tagasiside saatmine
========================================
2026-01-08 18:11:16.772 [TestNG-test-Smoke Tests-1] INFO  [verifyingSettingOptionsLang] getExpectedLangageViaApplicableLangInput(Eesti)
2026-01-08 18:11:16.772 [TestNG-test-Smoke Tests-1] INFO  [verifyingSettingOptionsLang] Expected language for 'Eesti' -> ESTONIAN
2026-01-08 18:11:16.772 [TestNG-test-Smoke Tests-1] INFO  [verifyingSettingOptionsLang] getLangAttributeViaLanguageInput(Eesti)
2026-01-08 18:11:16.772 [TestNG-test-Smoke Tests-1] INFO  [verifyingSettingOptionsLang] Mapped Eesti -> et-EE
2026-01-08 18:11:16.772 [TestNG-test-Smoke Tests-1] INFO  [verifyingSettingOptionsLang] getLangAttribute() - locating <html> and reading lang property
2026-01-08 18:11:16.784 [TestNG-test-Smoke Tests-1] INFO  [verifyingSettingOptionsLang] Language attribute read: et-EE
2026-01-08 18:11:16.784 [TestNG-test-Smoke Tests-1] INFO  [verifyingSettingOptionsLang] Clicking settings ellipses button...
2026-01-08 18:11:16.784 [TestNG-test-Smoke Tests-1] INFO  [verifyingSettingOptionsLang] [verifyingSettingOptionsLang] Trying to find element: By.xpath: //ytd-topbar-menu-button-renderer[@class='style-scope ytd-masthead style-default']
2026-01-08 18:11:16.804 [TestNG-test-Smoke Tests-1] INFO  [verifyingSettingOptionsLang] [verifyingSettingOptionsLang] Element found and ready (attempt 1): By.xpath: //ytd-topbar-menu-button-renderer[@class='style-scope ytd-masthead style-default']
2026-01-08 18:11:18.853 [TestNG-test-Smoke Tests-1] INFO  [verifyingSettingOptionsLang] Clicking language dropdown...
2026-01-08 18:11:18.853 [TestNG-test-Smoke Tests-1] INFO  [verifyingSettingOptionsLang] [verifyingSettingOptionsLang] Trying to find element: By.xpath: (//div[@id='content-icon'])[2]
2026-01-08 18:11:18.873 [TestNG-test-Smoke Tests-1] INFO  [verifyingSettingOptionsLang] [verifyingSettingOptionsLang] Element found and ready (attempt 1): By.xpath: (//div[@id='content-icon'])[2]
2026-01-08 18:11:22.302 [TestNG-test-Smoke Tests-1] INFO  [verifyingSettingOptionsLang] Looking for language element with name: English (India)
2026-01-08 18:11:22.302 [TestNG-test-Smoke Tests-1] INFO  [verifyingSettingOptionsLang] [verifyingSettingOptionsLang] Trying to find element: By.xpath: //yt-multi-page-menu-section-renderer[@class='style-scope ytd-multi-page-menu-renderer']//yt-formatted-string[@id='label' and text()='English (India)']
2026-01-08 18:11:22.329 [TestNG-test-Smoke Tests-1] INFO  [verifyingSettingOptionsLang] [verifyingSettingOptionsLang] Element found and ready (attempt 1): By.xpath: //yt-multi-page-menu-section-renderer[@class='style-scope ytd-multi-page-menu-renderer']//yt-formatted-string[@id='label' and text()='English (India)']
2026-01-08 18:11:25.710 [TestNG-test-Smoke Tests-1] INFO  [verifyingSettingOptionsLang] Clicking settings ellipses button...
2026-01-08 18:11:25.710 [TestNG-test-Smoke Tests-1] INFO  [verifyingSettingOptionsLang] [verifyingSettingOptionsLang] Trying to find element: By.xpath: //ytd-topbar-menu-button-renderer[@class='style-scope ytd-masthead style-default']
2026-01-08 18:11:25.732 [TestNG-test-Smoke Tests-1] INFO  [verifyingSettingOptionsLang] [verifyingSettingOptionsLang] Element found and ready (attempt 1): By.xpath: //ytd-topbar-menu-button-renderer[@class='style-scope ytd-masthead style-default']
2026-01-08 18:11:26.815 [TestNG-test-Smoke Tests-1] INFO  [verifyingSettingOptionsLang] Getting the setting ellipses options
2026-01-08 18:11:26.816 [TestNG-test-Smoke Tests-1] INFO  [verifyingSettingOptionsLang] [verifyingSettingOptionsLang] Trying to find element: By.xpath: //ytd-multi-page-menu-renderer
2026-01-08 18:11:26.859 [TestNG-test-Smoke Tests-1] INFO  [verifyingSettingOptionsLang] [verifyingSettingOptionsLang] Element found and ready (attempt 1): By.xpath: //ytd-multi-page-menu-renderer
2026-01-08 18:11:26.899 [TestNG-test-Smoke Tests-1] INFO  [verifyingSettingOptionsLang] Clicking settings ellipses button...
2026-01-08 18:11:26.899 [TestNG-test-Smoke Tests-1] INFO  [verifyingSettingOptionsLang] [verifyingSettingOptionsLang] Trying to find element: By.xpath: //ytd-topbar-menu-button-renderer[@class='style-scope ytd-masthead style-default']
2026-01-08 18:11:26.918 [TestNG-test-Smoke Tests-1] INFO  [verifyingSettingOptionsLang] [verifyingSettingOptionsLang] Element found and ready (attempt 1): By.xpath: //ytd-topbar-menu-button-renderer[@class='style-scope ytd-masthead style-default']
2026-01-08 18:11:26.970 [TestNG-test-Smoke Tests-1] INFO  [verifyingSettingOptionsLang] 
========== LANGUAGE DETECTION ==========
Detected Language : ENGLISH
Input Text        : Your data in YouTube
Appearance: Device theme
Display language:
English (India)
Restricted Mode: Off
Location:
United States
Keyboard shortcuts
Settings
Help
Send feedback
========================================
2026-01-08 18:11:26.971 [TestNG-test-Smoke Tests-1] INFO  [verifyingSettingOptionsLang] getExpectedLangageViaApplicableLangInput(English (India))
2026-01-08 18:11:26.971 [TestNG-test-Smoke Tests-1] INFO  [verifyingSettingOptionsLang] Expected language for 'English (India)' -> ENGLISH
2026-01-08 18:11:26.971 [TestNG-test-Smoke Tests-1] INFO  [verifyingSettingOptionsLang] getLangAttributeViaLanguageInput(English (India))
2026-01-08 18:11:26.971 [TestNG-test-Smoke Tests-1] INFO  [verifyingSettingOptionsLang] Mapped English (India) -> en-IN
2026-01-08 18:11:26.971 [TestNG-test-Smoke Tests-1] INFO  [verifyingSettingOptionsLang] getLangAttribute() - locating <html> and reading lang property
2026-01-08 18:11:26.986 [TestNG-test-Smoke Tests-1] INFO  [verifyingSettingOptionsLang] Language attribute read: en-IN
2026-01-08 18:11:26.986 [TestNG-test-Smoke Tests-1] INFO  [verifyingSettingOptionsLang] Clicking settings ellipses button...
2026-01-08 18:11:26.986 [TestNG-test-Smoke Tests-1] INFO  [verifyingSettingOptionsLang] [verifyingSettingOptionsLang] Trying to find element: By.xpath: //ytd-topbar-menu-button-renderer[@class='style-scope ytd-masthead style-default']
2026-01-08 18:11:27.017 [TestNG-test-Smoke Tests-1] INFO  [verifyingSettingOptionsLang] [verifyingSettingOptionsLang] Element found and ready (attempt 1): By.xpath: //ytd-topbar-menu-button-renderer[@class='style-scope ytd-masthead style-default']
2026-01-08 18:11:29.075 [TestNG-test-Smoke Tests-1] INFO  [verifyingSettingOptionsLang] Clicking language dropdown...
2026-01-08 18:11:29.075 [TestNG-test-Smoke Tests-1] INFO  [verifyingSettingOptionsLang] [verifyingSettingOptionsLang] Trying to find element: By.xpath: (//div[@id='content-icon'])[2]
2026-01-08 18:11:29.095 [TestNG-test-Smoke Tests-1] INFO  [verifyingSettingOptionsLang] [verifyingSettingOptionsLang] Element found and ready (attempt 1): By.xpath: (//div[@id='content-icon'])[2]
2026-01-08 18:11:31.398 [TestNG-test-Smoke Tests-1] INFO  [verifyingSettingOptionsLang] [verifyingSettingOptionsLang] Not retrying test 'verifyingSettingOptionsLang'. Retry count: 0, Cause: The following asserts failed:
	Language detection mismatch expected [CROATIAN] but found [BOSNIAN]
2026-01-08 18:11:31.406 [TestNG-test-Smoke Tests-1] ERROR [verifyingSettingOptionsLang] Test FAILED: verifyingSettingOptionsLang - java.lang.AssertionError: The following asserts failed:
	Language detection mismatch expected [CROATIAN] but found [BOSNIAN]
2026-01-08 18:11:31.407 [TestNG-test-Smoke Tests-1] INFO  [verifyingSettingOptionsLang] Closing WebDriver for thread: 34
2026-01-08 18:11:32.194 [TestNG-test-Smoke Tests-1] INFO  [verifyingSettingOptionsLang] WebDriver instance removed from ThreadLocal for thread: 34
2026-01-08 18:11:32.195 [TestNG-test-Smoke Tests-1] INFO  [verifyingSettingOptionsLang] Driver closed for test: verifyingSettingOptionsLang
