2026-01-08 18:11:37.796 [TestNG-test-Smoke Tests-2] INFO  [verifyingSideMenuCollapsedLangAsInSettingsLingua] ===== STARTING TEST: verifyingSideMenuCollapsedLangAsInSettingsLingua  | Thread: 35 =====
2026-01-08 18:11:37.813 [TestNG-test-Smoke Tests-2] INFO  [verifyingSideMenuCollapsedLangAsInSettingsLingua] No existing WebDriver found for current thread. Initializing a new ChromeDriver...
2026-01-08 18:11:37.856 [TestNG-test-Smoke Tests-2] INFO  [verifyingSideMenuCollapsedLangAsInSettingsLingua] WebDriverManager: chromedriver setup OK
2026-01-08 18:11:39.263 [TestNG-test-Smoke Tests-2] INFO  [verifyingSideMenuCollapsedLangAsInSettingsLingua] ChromeDriver initialized successfully for thread: 35
2026-01-08 18:11:39.264 [TestNG-test-Smoke Tests-2] INFO  [verifyingSideMenuCollapsedLangAsInSettingsLingua] Driver initialized successfully for test: verifyingSideMenuCollapsedLangAsInSettingsLingua
2026-01-08 18:11:39.265 [TestNG-test-Smoke Tests-2] INFO  [verifyingSideMenuCollapsedLangAsInSettingsLingua] SafeActions initialized with driver ChromeDriver: chrome on windows (449cb3190a807d08299e06166020d427)
2026-01-08 18:11:39.265 [TestNG-test-Smoke Tests-2] INFO  [verifyingSideMenuCollapsedLangAsInSettingsLingua] Initialized YtLandingPage with driver: ChromeDriver: chrome on windows (449cb3190a807d08299e06166020d427)
2026-01-08 18:11:39.265 [TestNG-test-Smoke Tests-2] INFO  [verifyingSideMenuCollapsedLangAsInSettingsLingua] SafeActions initialized with driver ChromeDriver: chrome on windows (449cb3190a807d08299e06166020d427)
2026-01-08 18:11:41.085 [TestNG-test-Smoke Tests-2] INFO  [verifyingSideMenuCollapsedLangAsInSettingsLingua] Opened YouTube landing page.
2026-01-08 18:11:41.129 [TestNG-test-Smoke Tests-2] INFO  [verifyingSideMenuCollapsedLangAsInSettingsLingua] Clicking settings ellipses button...
2026-01-08 18:11:41.129 [TestNG-test-Smoke Tests-2] INFO  [verifyingSideMenuCollapsedLangAsInSettingsLingua] [verifyingSideMenuCollapsedLangAsInSettingsLingua] Trying to find element: By.xpath: //ytd-topbar-menu-button-renderer[@class='style-scope ytd-masthead style-default']
2026-01-08 18:11:41.368 [TestNG-test-Smoke Tests-2] INFO  [verifyingSideMenuCollapsedLangAsInSettingsLingua] [verifyingSideMenuCollapsedLangAsInSettingsLingua] Element found and ready (attempt 1): By.xpath: //ytd-topbar-menu-button-renderer[@class='style-scope ytd-masthead style-default']
2026-01-08 18:11:43.493 [TestNG-test-Smoke Tests-2] INFO  [verifyingSideMenuCollapsedLangAsInSettingsLingua] Clicking language dropdown...
2026-01-08 18:11:43.493 [TestNG-test-Smoke Tests-2] INFO  [verifyingSideMenuCollapsedLangAsInSettingsLingua] [verifyingSideMenuCollapsedLangAsInSettingsLingua] Trying to find element: By.xpath: (//div[@id='content-icon'])[2]
2026-01-08 18:11:43.555 [TestNG-test-Smoke Tests-2] INFO  [verifyingSideMenuCollapsedLangAsInSettingsLingua] [verifyingSideMenuCollapsedLangAsInSettingsLingua] Element found and ready (attempt 1): By.xpath: (//div[@id='content-icon'])[2]
2026-01-08 18:11:46.044 [TestNG-test-Smoke Tests-2] INFO  [verifyingSideMenuCollapsedLangAsInSettingsLingua] [verifyingSideMenuCollapsedLangAsInSettingsLingua] Execution is Not CRON Job Hence refering to normal keys from UtilData
2026-01-08 18:11:47.049 [TestNG-test-Smoke Tests-2] INFO  [verifyingSideMenuCollapsedLangAsInSettingsLingua] Looking for language element with name: Afrikaans
2026-01-08 18:11:47.049 [TestNG-test-Smoke Tests-2] INFO  [verifyingSideMenuCollapsedLangAsInSettingsLingua] [verifyingSideMenuCollapsedLangAsInSettingsLingua] Trying to find element: By.xpath: //yt-multi-page-menu-section-renderer[@class='style-scope ytd-multi-page-menu-renderer']//yt-formatted-string[@id='label' and text()='Afrikaans']
2026-01-08 18:11:47.173 [TestNG-test-Smoke Tests-2] INFO  [verifyingSideMenuCollapsedLangAsInSettingsLingua] [verifyingSideMenuCollapsedLangAsInSettingsLingua] Element found and ready (attempt 1): By.xpath: //yt-multi-page-menu-section-renderer[@class='style-scope ytd-multi-page-menu-renderer']//yt-formatted-string[@id='label' and text()='Afrikaans']
2026-01-08 18:11:48.645 [TestNG-test-Smoke Tests-2] INFO  [verifyingSideMenuCollapsedLangAsInSettingsLingua] getLangAttribute() - locating <html> and reading lang property
2026-01-08 18:11:48.904 [TestNG-test-Smoke Tests-2] INFO  [verifyingSideMenuCollapsedLangAsInSettingsLingua] Language attribute read: af-ZA
2026-01-08 18:11:50.905 [TestNG-test-Smoke Tests-2] INFO  [verifyingSideMenuCollapsedLangAsInSettingsLingua] Fetching the side menu in collapsed view
2026-01-08 18:11:50.905 [TestNG-test-Smoke Tests-2] INFO  [verifyingSideMenuCollapsedLangAsInSettingsLingua] [verifyingSideMenuCollapsedLangAsInSettingsLingua] Finding elements list: By.xpath: //ytd-mini-guide-renderer[@class='style-scope ytd-app']//ytd-mini-guide-entry-renderer
2026-01-08 18:11:50.986 [TestNG-test-Smoke Tests-2] INFO  [verifyingSideMenuCollapsedLangAsInSettingsLingua] [verifyingSideMenuCollapsedLangAsInSettingsLingua] Found 4 ready elements (attempt 1): By.xpath: //ytd-mini-guide-renderer[@class='style-scope ytd-app']//ytd-mini-guide-entry-renderer
2026-01-08 18:11:57.984 [TestNG-test-Smoke Tests-2] INFO  [verifyingSideMenuCollapsedLangAsInSettingsLingua] 
========== LANGUAGE DETECTION ==========
Detected Language : BOKMAL
Input Text        : Tuis Kortvideo's Intekeninge Myne
========================================
2026-01-08 18:11:57.985 [TestNG-test-Smoke Tests-2] INFO  [verifyingSideMenuCollapsedLangAsInSettingsLingua] text sent to lingua is       Tuis Kortvideo's Intekeninge Myne 
2026-01-08 18:11:57.987 [TestNG-test-Smoke Tests-2] INFO  [verifyingSideMenuCollapsedLangAsInSettingsLingua] getLangAttributeViaLanguageInput(Afrikaans)
2026-01-08 18:11:57.987 [TestNG-test-Smoke Tests-2] INFO  [verifyingSideMenuCollapsedLangAsInSettingsLingua] Mapped Afrikaans -> af-ZA
2026-01-08 18:11:57.987 [TestNG-test-Smoke Tests-2] INFO  [verifyingSideMenuCollapsedLangAsInSettingsLingua] getLangAttribute() - locating <html> and reading lang property
2026-01-08 18:11:57.999 [TestNG-test-Smoke Tests-2] INFO  [verifyingSideMenuCollapsedLangAsInSettingsLingua] Language attribute read: af-ZA
2026-01-08 18:11:57.999 [TestNG-test-Smoke Tests-2] INFO  [verifyingSideMenuCollapsedLangAsInSettingsLingua] Clicking settings ellipses button...
2026-01-08 18:11:57.999 [TestNG-test-Smoke Tests-2] INFO  [verifyingSideMenuCollapsedLangAsInSettingsLingua] [verifyingSideMenuCollapsedLangAsInSettingsLingua] Trying to find element: By.xpath: //ytd-topbar-menu-button-renderer[@class='style-scope ytd-masthead style-default']
2026-01-08 18:11:58.018 [TestNG-test-Smoke Tests-2] INFO  [verifyingSideMenuCollapsedLangAsInSettingsLingua] [verifyingSideMenuCollapsedLangAsInSettingsLingua] Element found and ready (attempt 1): By.xpath: //ytd-topbar-menu-button-renderer[@class='style-scope ytd-masthead style-default']
2026-01-08 18:12:00.101 [TestNG-test-Smoke Tests-2] INFO  [verifyingSideMenuCollapsedLangAsInSettingsLingua] Clicking language dropdown...
2026-01-08 18:12:00.101 [TestNG-test-Smoke Tests-2] INFO  [verifyingSideMenuCollapsedLangAsInSettingsLingua] [verifyingSideMenuCollapsedLangAsInSettingsLingua] Trying to find element: By.xpath: (//div[@id='content-icon'])[2]
2026-01-08 18:12:00.121 [TestNG-test-Smoke Tests-2] INFO  [verifyingSideMenuCollapsedLangAsInSettingsLingua] [verifyingSideMenuCollapsedLangAsInSettingsLingua] Element found and ready (attempt 1): By.xpath: (//div[@id='content-icon'])[2]
2026-01-08 18:12:03.452 [TestNG-test-Smoke Tests-2] INFO  [verifyingSideMenuCollapsedLangAsInSettingsLingua] Looking for language element with name: Azərbaycan
2026-01-08 18:12:03.452 [TestNG-test-Smoke Tests-2] INFO  [verifyingSideMenuCollapsedLangAsInSettingsLingua] [verifyingSideMenuCollapsedLangAsInSettingsLingua] Trying to find element: By.xpath: //yt-multi-page-menu-section-renderer[@class='style-scope ytd-multi-page-menu-renderer']//yt-formatted-string[@id='label' and text()='Azərbaycan']
2026-01-08 18:12:03.480 [TestNG-test-Smoke Tests-2] INFO  [verifyingSideMenuCollapsedLangAsInSettingsLingua] [verifyingSideMenuCollapsedLangAsInSettingsLingua] Element found and ready (attempt 1): By.xpath: //yt-multi-page-menu-section-renderer[@class='style-scope ytd-multi-page-menu-renderer']//yt-formatted-string[@id='label' and text()='Azərbaycan']
2026-01-08 18:12:04.809 [TestNG-test-Smoke Tests-2] INFO  [verifyingSideMenuCollapsedLangAsInSettingsLingua] getLangAttribute() - locating <html> and reading lang property
2026-01-08 18:12:05.218 [TestNG-test-Smoke Tests-2] INFO  [verifyingSideMenuCollapsedLangAsInSettingsLingua] Language attribute read: az-Latn-AZ
2026-01-08 18:12:07.219 [TestNG-test-Smoke Tests-2] INFO  [verifyingSideMenuCollapsedLangAsInSettingsLingua] Fetching the side menu in collapsed view
2026-01-08 18:12:07.219 [TestNG-test-Smoke Tests-2] INFO  [verifyingSideMenuCollapsedLangAsInSettingsLingua] [verifyingSideMenuCollapsedLangAsInSettingsLingua] Finding elements list: By.xpath: //ytd-mini-guide-renderer[@class='style-scope ytd-app']//ytd-mini-guide-entry-renderer
2026-01-08 18:12:07.273 [TestNG-test-Smoke Tests-2] INFO  [verifyingSideMenuCollapsedLangAsInSettingsLingua] [verifyingSideMenuCollapsedLangAsInSettingsLingua] Found 4 ready elements (attempt 1): By.xpath: //ytd-mini-guide-renderer[@class='style-scope ytd-app']//ytd-mini-guide-entry-renderer
2026-01-08 18:12:07.364 [TestNG-test-Smoke Tests-2] INFO  [verifyingSideMenuCollapsedLangAsInSettingsLingua] 
========== LANGUAGE DETECTION ==========
Detected Language : TURKISH
Input Text        : Ev Shorts Abunəliklər Siz
========================================
2026-01-08 18:12:07.364 [TestNG-test-Smoke Tests-2] INFO  [verifyingSideMenuCollapsedLangAsInSettingsLingua] text sent to lingua is       Ev Shorts Abunəliklər Siz 
2026-01-08 18:12:07.364 [TestNG-test-Smoke Tests-2] INFO  [verifyingSideMenuCollapsedLangAsInSettingsLingua] getLangAttributeViaLanguageInput(Azərbaycan)
2026-01-08 18:12:07.364 [TestNG-test-Smoke Tests-2] INFO  [verifyingSideMenuCollapsedLangAsInSettingsLingua] Mapped Azərbaycan -> az-Latn-AZ
2026-01-08 18:12:07.364 [TestNG-test-Smoke Tests-2] INFO  [verifyingSideMenuCollapsedLangAsInSettingsLingua] getLangAttribute() - locating <html> and reading lang property
2026-01-08 18:12:07.379 [TestNG-test-Smoke Tests-2] INFO  [verifyingSideMenuCollapsedLangAsInSettingsLingua] Language attribute read: az-Latn-AZ
2026-01-08 18:12:07.380 [TestNG-test-Smoke Tests-2] INFO  [verifyingSideMenuCollapsedLangAsInSettingsLingua] Clicking settings ellipses button...
2026-01-08 18:12:07.380 [TestNG-test-Smoke Tests-2] INFO  [verifyingSideMenuCollapsedLangAsInSettingsLingua] [verifyingSideMenuCollapsedLangAsInSettingsLingua] Trying to find element: By.xpath: //ytd-topbar-menu-button-renderer[@class='style-scope ytd-masthead style-default']
2026-01-08 18:12:07.402 [TestNG-test-Smoke Tests-2] INFO  [verifyingSideMenuCollapsedLangAsInSettingsLingua] [verifyingSideMenuCollapsedLangAsInSettingsLingua] Element found and ready (attempt 1): By.xpath: //ytd-topbar-menu-button-renderer[@class='style-scope ytd-masthead style-default']
2026-01-08 18:12:09.487 [TestNG-test-Smoke Tests-2] INFO  [verifyingSideMenuCollapsedLangAsInSettingsLingua] Clicking language dropdown...
2026-01-08 18:12:09.487 [TestNG-test-Smoke Tests-2] INFO  [verifyingSideMenuCollapsedLangAsInSettingsLingua] [verifyingSideMenuCollapsedLangAsInSettingsLingua] Trying to find element: By.xpath: (//div[@id='content-icon'])[2]
2026-01-08 18:12:09.507 [TestNG-test-Smoke Tests-2] INFO  [verifyingSideMenuCollapsedLangAsInSettingsLingua] [verifyingSideMenuCollapsedLangAsInSettingsLingua] Element found and ready (attempt 1): By.xpath: (//div[@id='content-icon'])[2]
2026-01-08 18:12:12.806 [TestNG-test-Smoke Tests-2] INFO  [verifyingSideMenuCollapsedLangAsInSettingsLingua] Looking for language element with name: Bahasa Indonesia
2026-01-08 18:12:12.806 [TestNG-test-Smoke Tests-2] INFO  [verifyingSideMenuCollapsedLangAsInSettingsLingua] [verifyingSideMenuCollapsedLangAsInSettingsLingua] Trying to find element: By.xpath: //yt-multi-page-menu-section-renderer[@class='style-scope ytd-multi-page-menu-renderer']//yt-formatted-string[@id='label' and text()='Bahasa Indonesia']
2026-01-08 18:12:12.834 [TestNG-test-Smoke Tests-2] INFO  [verifyingSideMenuCollapsedLangAsInSettingsLingua] [verifyingSideMenuCollapsedLangAsInSettingsLingua] Element found and ready (attempt 1): By.xpath: //yt-multi-page-menu-section-renderer[@class='style-scope ytd-multi-page-menu-renderer']//yt-formatted-string[@id='label' and text()='Bahasa Indonesia']
2026-01-08 18:12:14.240 [TestNG-test-Smoke Tests-2] INFO  [verifyingSideMenuCollapsedLangAsInSettingsLingua] getLangAttribute() - locating <html> and reading lang property
2026-01-08 18:12:14.650 [TestNG-test-Smoke Tests-2] INFO  [verifyingSideMenuCollapsedLangAsInSettingsLingua] Language attribute read: id-ID
2026-01-08 18:12:16.652 [TestNG-test-Smoke Tests-2] INFO  [verifyingSideMenuCollapsedLangAsInSettingsLingua] Fetching the side menu in collapsed view
2026-01-08 18:12:16.652 [TestNG-test-Smoke Tests-2] INFO  [verifyingSideMenuCollapsedLangAsInSettingsLingua] [verifyingSideMenuCollapsedLangAsInSettingsLingua] Finding elements list: By.xpath: //ytd-mini-guide-renderer[@class='style-scope ytd-app']//ytd-mini-guide-entry-renderer
2026-01-08 18:12:16.705 [TestNG-test-Smoke Tests-2] INFO  [verifyingSideMenuCollapsedLangAsInSettingsLingua] [verifyingSideMenuCollapsedLangAsInSettingsLingua] Found 4 ready elements (attempt 1): By.xpath: //ytd-mini-guide-renderer[@class='style-scope ytd-app']//ytd-mini-guide-entry-renderer
2026-01-08 18:12:16.779 [TestNG-test-Smoke Tests-2] INFO  [verifyingSideMenuCollapsedLangAsInSettingsLingua] 
========== LANGUAGE DETECTION ==========
Detected Language : ENGLISH
Input Text        : Beranda Shorts Subscription Anda
========================================
2026-01-08 18:12:16.779 [TestNG-test-Smoke Tests-2] INFO  [verifyingSideMenuCollapsedLangAsInSettingsLingua] text sent to lingua is       Beranda Shorts Subscription Anda 
2026-01-08 18:12:16.780 [TestNG-test-Smoke Tests-2] INFO  [verifyingSideMenuCollapsedLangAsInSettingsLingua] getLangAttributeViaLanguageInput(Bahasa Indonesia)
2026-01-08 18:12:16.780 [TestNG-test-Smoke Tests-2] INFO  [verifyingSideMenuCollapsedLangAsInSettingsLingua] Mapped Bahasa Indonesia -> id-ID
2026-01-08 18:12:16.780 [TestNG-test-Smoke Tests-2] INFO  [verifyingSideMenuCollapsedLangAsInSettingsLingua] getLangAttribute() - locating <html> and reading lang property
2026-01-08 18:12:16.794 [TestNG-test-Smoke Tests-2] INFO  [verifyingSideMenuCollapsedLangAsInSettingsLingua] Language attribute read: id-ID
2026-01-08 18:12:16.794 [TestNG-test-Smoke Tests-2] INFO  [verifyingSideMenuCollapsedLangAsInSettingsLingua] Clicking settings ellipses button...
2026-01-08 18:12:16.794 [TestNG-test-Smoke Tests-2] INFO  [verifyingSideMenuCollapsedLangAsInSettingsLingua] [verifyingSideMenuCollapsedLangAsInSettingsLingua] Trying to find element: By.xpath: //ytd-topbar-menu-button-renderer[@class='style-scope ytd-masthead style-default']
2026-01-08 18:12:16.813 [TestNG-test-Smoke Tests-2] INFO  [verifyingSideMenuCollapsedLangAsInSettingsLingua] [verifyingSideMenuCollapsedLangAsInSettingsLingua] Element found and ready (attempt 1): By.xpath: //ytd-topbar-menu-button-renderer[@class='style-scope ytd-masthead style-default']
2026-01-08 18:12:18.894 [TestNG-test-Smoke Tests-2] INFO  [verifyingSideMenuCollapsedLangAsInSettingsLingua] Clicking language dropdown...
2026-01-08 18:12:18.894 [TestNG-test-Smoke Tests-2] INFO  [verifyingSideMenuCollapsedLangAsInSettingsLingua] [verifyingSideMenuCollapsedLangAsInSettingsLingua] Trying to find element: By.xpath: (//div[@id='content-icon'])[2]
2026-01-08 18:12:18.915 [TestNG-test-Smoke Tests-2] INFO  [verifyingSideMenuCollapsedLangAsInSettingsLingua] [verifyingSideMenuCollapsedLangAsInSettingsLingua] Element found and ready (attempt 1): By.xpath: (//div[@id='content-icon'])[2]
2026-01-08 18:12:22.242 [TestNG-test-Smoke Tests-2] INFO  [verifyingSideMenuCollapsedLangAsInSettingsLingua] Looking for language element with name: Bosanski
2026-01-08 18:12:22.242 [TestNG-test-Smoke Tests-2] INFO  [verifyingSideMenuCollapsedLangAsInSettingsLingua] [verifyingSideMenuCollapsedLangAsInSettingsLingua] Trying to find element: By.xpath: //yt-multi-page-menu-section-renderer[@class='style-scope ytd-multi-page-menu-renderer']//yt-formatted-string[@id='label' and text()='Bosanski']
2026-01-08 18:12:22.309 [TestNG-test-Smoke Tests-2] INFO  [verifyingSideMenuCollapsedLangAsInSettingsLingua] [verifyingSideMenuCollapsedLangAsInSettingsLingua] Element found and ready (attempt 1): By.xpath: //yt-multi-page-menu-section-renderer[@class='style-scope ytd-multi-page-menu-renderer']//yt-formatted-string[@id='label' and text()='Bosanski']
2026-01-08 18:12:23.846 [TestNG-test-Smoke Tests-2] INFO  [verifyingSideMenuCollapsedLangAsInSettingsLingua] getLangAttribute() - locating <html> and reading lang property
2026-01-08 18:12:23.942 [TestNG-test-Smoke Tests-2] INFO  [verifyingSideMenuCollapsedLangAsInSettingsLingua] Language attribute read: bs-Latn-BA
2026-01-08 18:12:25.943 [TestNG-test-Smoke Tests-2] INFO  [verifyingSideMenuCollapsedLangAsInSettingsLingua] Fetching the side menu in collapsed view
2026-01-08 18:12:25.943 [TestNG-test-Smoke Tests-2] INFO  [verifyingSideMenuCollapsedLangAsInSettingsLingua] [verifyingSideMenuCollapsedLangAsInSettingsLingua] Finding elements list: By.xpath: //ytd-mini-guide-renderer[@class='style-scope ytd-app']//ytd-mini-guide-entry-renderer
2026-01-08 18:12:26.000 [TestNG-test-Smoke Tests-2] INFO  [verifyingSideMenuCollapsedLangAsInSettingsLingua] [verifyingSideMenuCollapsedLangAsInSettingsLingua] Found 4 ready elements (attempt 1): By.xpath: //ytd-mini-guide-renderer[@class='style-scope ytd-app']//ytd-mini-guide-entry-renderer
2026-01-08 18:12:26.092 [TestNG-test-Smoke Tests-2] INFO  [verifyingSideMenuCollapsedLangAsInSettingsLingua] 
========== LANGUAGE DETECTION ==========
Detected Language : BOSNIAN
Input Text        : Početna stranica Shorts Pretplate Vi
========================================
2026-01-08 18:12:26.092 [TestNG-test-Smoke Tests-2] INFO  [verifyingSideMenuCollapsedLangAsInSettingsLingua] text sent to lingua is       Početna stranica Shorts Pretplate Vi 
2026-01-08 18:12:26.092 [TestNG-test-Smoke Tests-2] INFO  [verifyingSideMenuCollapsedLangAsInSettingsLingua] getLangAttributeViaLanguageInput(Bosanski)
2026-01-08 18:12:26.093 [TestNG-test-Smoke Tests-2] INFO  [verifyingSideMenuCollapsedLangAsInSettingsLingua] Mapped Bosanski -> bs-Latn-BA
2026-01-08 18:12:26.093 [TestNG-test-Smoke Tests-2] INFO  [verifyingSideMenuCollapsedLangAsInSettingsLingua] getLangAttribute() - locating <html> and reading lang property
2026-01-08 18:12:26.106 [TestNG-test-Smoke Tests-2] INFO  [verifyingSideMenuCollapsedLangAsInSettingsLingua] Language attribute read: bs-Latn-BA
2026-01-08 18:12:26.106 [TestNG-test-Smoke Tests-2] INFO  [verifyingSideMenuCollapsedLangAsInSettingsLingua] Clicking settings ellipses button...
2026-01-08 18:12:26.106 [TestNG-test-Smoke Tests-2] INFO  [verifyingSideMenuCollapsedLangAsInSettingsLingua] [verifyingSideMenuCollapsedLangAsInSettingsLingua] Trying to find element: By.xpath: //ytd-topbar-menu-button-renderer[@class='style-scope ytd-masthead style-default']
2026-01-08 18:12:26.125 [TestNG-test-Smoke Tests-2] INFO  [verifyingSideMenuCollapsedLangAsInSettingsLingua] [verifyingSideMenuCollapsedLangAsInSettingsLingua] Element found and ready (attempt 1): By.xpath: //ytd-topbar-menu-button-renderer[@class='style-scope ytd-masthead style-default']
2026-01-08 18:12:28.209 [TestNG-test-Smoke Tests-2] INFO  [verifyingSideMenuCollapsedLangAsInSettingsLingua] Clicking language dropdown...
2026-01-08 18:12:28.209 [TestNG-test-Smoke Tests-2] INFO  [verifyingSideMenuCollapsedLangAsInSettingsLingua] [verifyingSideMenuCollapsedLangAsInSettingsLingua] Trying to find element: By.xpath: (//div[@id='content-icon'])[2]
2026-01-08 18:12:28.229 [TestNG-test-Smoke Tests-2] INFO  [verifyingSideMenuCollapsedLangAsInSettingsLingua] [verifyingSideMenuCollapsedLangAsInSettingsLingua] Element found and ready (attempt 1): By.xpath: (//div[@id='content-icon'])[2]
2026-01-08 18:12:31.525 [TestNG-test-Smoke Tests-2] INFO  [verifyingSideMenuCollapsedLangAsInSettingsLingua] Looking for language element with name: Català
2026-01-08 18:12:31.525 [TestNG-test-Smoke Tests-2] INFO  [verifyingSideMenuCollapsedLangAsInSettingsLingua] [verifyingSideMenuCollapsedLangAsInSettingsLingua] Trying to find element: By.xpath: //yt-multi-page-menu-section-renderer[@class='style-scope ytd-multi-page-menu-renderer']//yt-formatted-string[@id='label' and text()='Català']
2026-01-08 18:12:31.577 [TestNG-test-Smoke Tests-2] INFO  [verifyingSideMenuCollapsedLangAsInSettingsLingua] [verifyingSideMenuCollapsedLangAsInSettingsLingua] Element found and ready (attempt 1): By.xpath: //yt-multi-page-menu-section-renderer[@class='style-scope ytd-multi-page-menu-renderer']//yt-formatted-string[@id='label' and text()='Català']
2026-01-08 18:12:32.849 [TestNG-test-Smoke Tests-2] INFO  [verifyingSideMenuCollapsedLangAsInSettingsLingua] getLangAttribute() - locating <html> and reading lang property
2026-01-08 18:12:33.064 [TestNG-test-Smoke Tests-2] INFO  [verifyingSideMenuCollapsedLangAsInSettingsLingua] Language attribute read: ca-ES
2026-01-08 18:12:35.065 [TestNG-test-Smoke Tests-2] INFO  [verifyingSideMenuCollapsedLangAsInSettingsLingua] Fetching the side menu in collapsed view
2026-01-08 18:12:35.065 [TestNG-test-Smoke Tests-2] INFO  [verifyingSideMenuCollapsedLangAsInSettingsLingua] [verifyingSideMenuCollapsedLangAsInSettingsLingua] Finding elements list: By.xpath: //ytd-mini-guide-renderer[@class='style-scope ytd-app']//ytd-mini-guide-entry-renderer
2026-01-08 18:12:35.120 [TestNG-test-Smoke Tests-2] INFO  [verifyingSideMenuCollapsedLangAsInSettingsLingua] [verifyingSideMenuCollapsedLangAsInSettingsLingua] Found 4 ready elements (attempt 1): By.xpath: //ytd-mini-guide-renderer[@class='style-scope ytd-app']//ytd-mini-guide-entry-renderer
2026-01-08 18:12:35.187 [TestNG-test-Smoke Tests-2] INFO  [verifyingSideMenuCollapsedLangAsInSettingsLingua] 
========== LANGUAGE DETECTION ==========
Detected Language : CATALAN
Input Text        : Inici YouTube Shorts Subscripcions Tu
========================================
2026-01-08 18:12:35.187 [TestNG-test-Smoke Tests-2] INFO  [verifyingSideMenuCollapsedLangAsInSettingsLingua] text sent to lingua is       Inici YouTube Shorts Subscripcions Tu 
2026-01-08 18:12:35.187 [TestNG-test-Smoke Tests-2] INFO  [verifyingSideMenuCollapsedLangAsInSettingsLingua] getLangAttributeViaLanguageInput(Català)
2026-01-08 18:12:35.187 [TestNG-test-Smoke Tests-2] INFO  [verifyingSideMenuCollapsedLangAsInSettingsLingua] Mapped Català -> ca-ES
2026-01-08 18:12:35.187 [TestNG-test-Smoke Tests-2] INFO  [verifyingSideMenuCollapsedLangAsInSettingsLingua] getLangAttribute() - locating <html> and reading lang property
2026-01-08 18:12:35.198 [TestNG-test-Smoke Tests-2] INFO  [verifyingSideMenuCollapsedLangAsInSettingsLingua] Language attribute read: ca-ES
2026-01-08 18:12:35.198 [TestNG-test-Smoke Tests-2] INFO  [verifyingSideMenuCollapsedLangAsInSettingsLingua] Clicking settings ellipses button...
2026-01-08 18:12:35.198 [TestNG-test-Smoke Tests-2] INFO  [verifyingSideMenuCollapsedLangAsInSettingsLingua] [verifyingSideMenuCollapsedLangAsInSettingsLingua] Trying to find element: By.xpath: //ytd-topbar-menu-button-renderer[@class='style-scope ytd-masthead style-default']
2026-01-08 18:12:35.216 [TestNG-test-Smoke Tests-2] INFO  [verifyingSideMenuCollapsedLangAsInSettingsLingua] [verifyingSideMenuCollapsedLangAsInSettingsLingua] Element found and ready (attempt 1): By.xpath: //ytd-topbar-menu-button-renderer[@class='style-scope ytd-masthead style-default']
2026-01-08 18:12:37.295 [TestNG-test-Smoke Tests-2] INFO  [verifyingSideMenuCollapsedLangAsInSettingsLingua] Clicking language dropdown...
2026-01-08 18:12:37.295 [TestNG-test-Smoke Tests-2] INFO  [verifyingSideMenuCollapsedLangAsInSettingsLingua] [verifyingSideMenuCollapsedLangAsInSettingsLingua] Trying to find element: By.xpath: (//div[@id='content-icon'])[2]
2026-01-08 18:12:37.315 [TestNG-test-Smoke Tests-2] INFO  [verifyingSideMenuCollapsedLangAsInSettingsLingua] [verifyingSideMenuCollapsedLangAsInSettingsLingua] Element found and ready (attempt 1): By.xpath: (//div[@id='content-icon'])[2]
2026-01-08 18:12:40.619 [TestNG-test-Smoke Tests-2] INFO  [verifyingSideMenuCollapsedLangAsInSettingsLingua] Looking for language element with name: Dansk
2026-01-08 18:12:40.619 [TestNG-test-Smoke Tests-2] INFO  [verifyingSideMenuCollapsedLangAsInSettingsLingua] [verifyingSideMenuCollapsedLangAsInSettingsLingua] Trying to find element: By.xpath: //yt-multi-page-menu-section-renderer[@class='style-scope ytd-multi-page-menu-renderer']//yt-formatted-string[@id='label' and text()='Dansk']
2026-01-08 18:12:40.665 [TestNG-test-Smoke Tests-2] INFO  [verifyingSideMenuCollapsedLangAsInSettingsLingua] [verifyingSideMenuCollapsedLangAsInSettingsLingua] Element found and ready (attempt 1): By.xpath: //yt-multi-page-menu-section-renderer[@class='style-scope ytd-multi-page-menu-renderer']//yt-formatted-string[@id='label' and text()='Dansk']
2026-01-08 18:12:42.148 [TestNG-test-Smoke Tests-2] INFO  [verifyingSideMenuCollapsedLangAsInSettingsLingua] getLangAttribute() - locating <html> and reading lang property
2026-01-08 18:12:42.358 [TestNG-test-Smoke Tests-2] INFO  [verifyingSideMenuCollapsedLangAsInSettingsLingua] Language attribute read: da-DK
2026-01-08 18:12:44.359 [TestNG-test-Smoke Tests-2] INFO  [verifyingSideMenuCollapsedLangAsInSettingsLingua] Fetching the side menu in collapsed view
2026-01-08 18:12:44.359 [TestNG-test-Smoke Tests-2] INFO  [verifyingSideMenuCollapsedLangAsInSettingsLingua] [verifyingSideMenuCollapsedLangAsInSettingsLingua] Finding elements list: By.xpath: //ytd-mini-guide-renderer[@class='style-scope ytd-app']//ytd-mini-guide-entry-renderer
2026-01-08 18:12:44.412 [TestNG-test-Smoke Tests-2] INFO  [verifyingSideMenuCollapsedLangAsInSettingsLingua] [verifyingSideMenuCollapsedLangAsInSettingsLingua] Found 4 ready elements (attempt 1): By.xpath: //ytd-mini-guide-renderer[@class='style-scope ytd-app']//ytd-mini-guide-entry-renderer
2026-01-08 18:12:44.494 [TestNG-test-Smoke Tests-2] INFO  [verifyingSideMenuCollapsedLangAsInSettingsLingua] 
========== LANGUAGE DETECTION ==========
Detected Language : DANISH
Input Text        : Start Shorts Abonnementer Dig
========================================
2026-01-08 18:12:44.494 [TestNG-test-Smoke Tests-2] INFO  [verifyingSideMenuCollapsedLangAsInSettingsLingua] text sent to lingua is       Start Shorts Abonnementer Dig 
2026-01-08 18:12:44.494 [TestNG-test-Smoke Tests-2] INFO  [verifyingSideMenuCollapsedLangAsInSettingsLingua] getLangAttributeViaLanguageInput(Dansk)
2026-01-08 18:12:44.494 [TestNG-test-Smoke Tests-2] INFO  [verifyingSideMenuCollapsedLangAsInSettingsLingua] Mapped Dansk -> da-DK
2026-01-08 18:12:44.494 [TestNG-test-Smoke Tests-2] INFO  [verifyingSideMenuCollapsedLangAsInSettingsLingua] getLangAttribute() - locating <html> and reading lang property
2026-01-08 18:12:44.507 [TestNG-test-Smoke Tests-2] INFO  [verifyingSideMenuCollapsedLangAsInSettingsLingua] Language attribute read: da-DK
2026-01-08 18:12:44.507 [TestNG-test-Smoke Tests-2] INFO  [verifyingSideMenuCollapsedLangAsInSettingsLingua] Clicking settings ellipses button...
2026-01-08 18:12:44.507 [TestNG-test-Smoke Tests-2] INFO  [verifyingSideMenuCollapsedLangAsInSettingsLingua] [verifyingSideMenuCollapsedLangAsInSettingsLingua] Trying to find element: By.xpath: //ytd-topbar-menu-button-renderer[@class='style-scope ytd-masthead style-default']
2026-01-08 18:12:44.524 [TestNG-test-Smoke Tests-2] INFO  [verifyingSideMenuCollapsedLangAsInSettingsLingua] [verifyingSideMenuCollapsedLangAsInSettingsLingua] Element found and ready (attempt 1): By.xpath: //ytd-topbar-menu-button-renderer[@class='style-scope ytd-masthead style-default']
2026-01-08 18:12:46.609 [TestNG-test-Smoke Tests-2] INFO  [verifyingSideMenuCollapsedLangAsInSettingsLingua] Clicking language dropdown...
2026-01-08 18:12:46.609 [TestNG-test-Smoke Tests-2] INFO  [verifyingSideMenuCollapsedLangAsInSettingsLingua] [verifyingSideMenuCollapsedLangAsInSettingsLingua] Trying to find element: By.xpath: (//div[@id='content-icon'])[2]
2026-01-08 18:12:46.629 [TestNG-test-Smoke Tests-2] INFO  [verifyingSideMenuCollapsedLangAsInSettingsLingua] [verifyingSideMenuCollapsedLangAsInSettingsLingua] Element found and ready (attempt 1): By.xpath: (//div[@id='content-icon'])[2]
2026-01-08 18:12:49.960 [TestNG-test-Smoke Tests-2] INFO  [verifyingSideMenuCollapsedLangAsInSettingsLingua] Looking for language element with name: Deutsch
2026-01-08 18:12:49.960 [TestNG-test-Smoke Tests-2] INFO  [verifyingSideMenuCollapsedLangAsInSettingsLingua] [verifyingSideMenuCollapsedLangAsInSettingsLingua] Trying to find element: By.xpath: //yt-multi-page-menu-section-renderer[@class='style-scope ytd-multi-page-menu-renderer']//yt-formatted-string[@id='label' and text()='Deutsch']
2026-01-08 18:12:49.986 [TestNG-test-Smoke Tests-2] INFO  [verifyingSideMenuCollapsedLangAsInSettingsLingua] [verifyingSideMenuCollapsedLangAsInSettingsLingua] Element found and ready (attempt 1): By.xpath: //yt-multi-page-menu-section-renderer[@class='style-scope ytd-multi-page-menu-renderer']//yt-formatted-string[@id='label' and text()='Deutsch']
2026-01-08 18:12:51.146 [TestNG-test-Smoke Tests-2] INFO  [verifyingSideMenuCollapsedLangAsInSettingsLingua] getLangAttribute() - locating <html> and reading lang property
2026-01-08 18:12:51.170 [TestNG-test-Smoke Tests-2] INFO  [verifyingSideMenuCollapsedLangAsInSettingsLingua] Language attribute read: de-DE
2026-01-08 18:12:53.172 [TestNG-test-Smoke Tests-2] INFO  [verifyingSideMenuCollapsedLangAsInSettingsLingua] Fetching the side menu in collapsed view
2026-01-08 18:12:53.172 [TestNG-test-Smoke Tests-2] INFO  [verifyingSideMenuCollapsedLangAsInSettingsLingua] [verifyingSideMenuCollapsedLangAsInSettingsLingua] Finding elements list: By.xpath: //ytd-mini-guide-renderer[@class='style-scope ytd-app']//ytd-mini-guide-entry-renderer
2026-01-08 18:12:53.225 [TestNG-test-Smoke Tests-2] INFO  [verifyingSideMenuCollapsedLangAsInSettingsLingua] [verifyingSideMenuCollapsedLangAsInSettingsLingua] Found 4 ready elements (attempt 1): By.xpath: //ytd-mini-guide-renderer[@class='style-scope ytd-app']//ytd-mini-guide-entry-renderer
2026-01-08 18:12:53.290 [TestNG-test-Smoke Tests-2] INFO  [verifyingSideMenuCollapsedLangAsInSettingsLingua] 
========== LANGUAGE DETECTION ==========
Detected Language : GERMAN
Input Text        : Startseite Shorts Abos Mein YouTube
========================================
2026-01-08 18:12:53.290 [TestNG-test-Smoke Tests-2] INFO  [verifyingSideMenuCollapsedLangAsInSettingsLingua] text sent to lingua is       Startseite Shorts Abos Mein YouTube 
2026-01-08 18:12:53.290 [TestNG-test-Smoke Tests-2] INFO  [verifyingSideMenuCollapsedLangAsInSettingsLingua] getLangAttributeViaLanguageInput(Deutsch)
2026-01-08 18:12:53.290 [TestNG-test-Smoke Tests-2] INFO  [verifyingSideMenuCollapsedLangAsInSettingsLingua] Mapped Deutsch -> de-DE
2026-01-08 18:12:53.290 [TestNG-test-Smoke Tests-2] INFO  [verifyingSideMenuCollapsedLangAsInSettingsLingua] getLangAttribute() - locating <html> and reading lang property
2026-01-08 18:12:53.301 [TestNG-test-Smoke Tests-2] INFO  [verifyingSideMenuCollapsedLangAsInSettingsLingua] Language attribute read: de-DE
2026-01-08 18:12:53.301 [TestNG-test-Smoke Tests-2] INFO  [verifyingSideMenuCollapsedLangAsInSettingsLingua] Clicking settings ellipses button...
2026-01-08 18:12:53.301 [TestNG-test-Smoke Tests-2] INFO  [verifyingSideMenuCollapsedLangAsInSettingsLingua] [verifyingSideMenuCollapsedLangAsInSettingsLingua] Trying to find element: By.xpath: //ytd-topbar-menu-button-renderer[@class='style-scope ytd-masthead style-default']
2026-01-08 18:12:53.321 [TestNG-test-Smoke Tests-2] INFO  [verifyingSideMenuCollapsedLangAsInSettingsLingua] [verifyingSideMenuCollapsedLangAsInSettingsLingua] Element found and ready (attempt 1): By.xpath: //ytd-topbar-menu-button-renderer[@class='style-scope ytd-masthead style-default']
2026-01-08 18:12:55.403 [TestNG-test-Smoke Tests-2] INFO  [verifyingSideMenuCollapsedLangAsInSettingsLingua] Clicking language dropdown...
2026-01-08 18:12:55.403 [TestNG-test-Smoke Tests-2] INFO  [verifyingSideMenuCollapsedLangAsInSettingsLingua] [verifyingSideMenuCollapsedLangAsInSettingsLingua] Trying to find element: By.xpath: (//div[@id='content-icon'])[2]
2026-01-08 18:12:55.423 [TestNG-test-Smoke Tests-2] INFO  [verifyingSideMenuCollapsedLangAsInSettingsLingua] [verifyingSideMenuCollapsedLangAsInSettingsLingua] Element found and ready (attempt 1): By.xpath: (//div[@id='content-icon'])[2]
2026-01-08 18:12:58.723 [TestNG-test-Smoke Tests-2] INFO  [verifyingSideMenuCollapsedLangAsInSettingsLingua] Looking for language element with name: Eesti
2026-01-08 18:12:58.723 [TestNG-test-Smoke Tests-2] INFO  [verifyingSideMenuCollapsedLangAsInSettingsLingua] [verifyingSideMenuCollapsedLangAsInSettingsLingua] Trying to find element: By.xpath: //yt-multi-page-menu-section-renderer[@class='style-scope ytd-multi-page-menu-renderer']//yt-formatted-string[@id='label' and text()='Eesti']
2026-01-08 18:12:58.769 [TestNG-test-Smoke Tests-2] INFO  [verifyingSideMenuCollapsedLangAsInSettingsLingua] [verifyingSideMenuCollapsedLangAsInSettingsLingua] Element found and ready (attempt 1): By.xpath: //yt-multi-page-menu-section-renderer[@class='style-scope ytd-multi-page-menu-renderer']//yt-formatted-string[@id='label' and text()='Eesti']
2026-01-08 18:12:59.946 [TestNG-test-Smoke Tests-2] INFO  [verifyingSideMenuCollapsedLangAsInSettingsLingua] getLangAttribute() - locating <html> and reading lang property
2026-01-08 18:13:00.096 [TestNG-test-Smoke Tests-2] INFO  [verifyingSideMenuCollapsedLangAsInSettingsLingua] Language attribute read: et-EE
2026-01-08 18:13:02.096 [TestNG-test-Smoke Tests-2] INFO  [verifyingSideMenuCollapsedLangAsInSettingsLingua] Fetching the side menu in collapsed view
2026-01-08 18:13:02.096 [TestNG-test-Smoke Tests-2] INFO  [verifyingSideMenuCollapsedLangAsInSettingsLingua] [verifyingSideMenuCollapsedLangAsInSettingsLingua] Finding elements list: By.xpath: //ytd-mini-guide-renderer[@class='style-scope ytd-app']//ytd-mini-guide-entry-renderer
2026-01-08 18:13:02.149 [TestNG-test-Smoke Tests-2] INFO  [verifyingSideMenuCollapsedLangAsInSettingsLingua] [verifyingSideMenuCollapsedLangAsInSettingsLingua] Found 4 ready elements (attempt 1): By.xpath: //ytd-mini-guide-renderer[@class='style-scope ytd-app']//ytd-mini-guide-entry-renderer
2026-01-08 18:13:02.217 [TestNG-test-Smoke Tests-2] INFO  [verifyingSideMenuCollapsedLangAsInSettingsLingua] 
========== LANGUAGE DETECTION ==========
Detected Language : ESTONIAN
Input Text        : Avaleht Shorts Tellimused Teie
========================================
2026-01-08 18:13:02.217 [TestNG-test-Smoke Tests-2] INFO  [verifyingSideMenuCollapsedLangAsInSettingsLingua] text sent to lingua is       Avaleht Shorts Tellimused Teie 
2026-01-08 18:13:02.217 [TestNG-test-Smoke Tests-2] INFO  [verifyingSideMenuCollapsedLangAsInSettingsLingua] getLangAttributeViaLanguageInput(Eesti)
2026-01-08 18:13:02.217 [TestNG-test-Smoke Tests-2] INFO  [verifyingSideMenuCollapsedLangAsInSettingsLingua] Mapped Eesti -> et-EE
2026-01-08 18:13:02.217 [TestNG-test-Smoke Tests-2] INFO  [verifyingSideMenuCollapsedLangAsInSettingsLingua] getLangAttribute() - locating <html> and reading lang property
2026-01-08 18:13:02.229 [TestNG-test-Smoke Tests-2] INFO  [verifyingSideMenuCollapsedLangAsInSettingsLingua] Language attribute read: et-EE
2026-01-08 18:13:02.229 [TestNG-test-Smoke Tests-2] INFO  [verifyingSideMenuCollapsedLangAsInSettingsLingua] Clicking settings ellipses button...
2026-01-08 18:13:02.229 [TestNG-test-Smoke Tests-2] INFO  [verifyingSideMenuCollapsedLangAsInSettingsLingua] [verifyingSideMenuCollapsedLangAsInSettingsLingua] Trying to find element: By.xpath: //ytd-topbar-menu-button-renderer[@class='style-scope ytd-masthead style-default']
2026-01-08 18:13:02.247 [TestNG-test-Smoke Tests-2] INFO  [verifyingSideMenuCollapsedLangAsInSettingsLingua] [verifyingSideMenuCollapsedLangAsInSettingsLingua] Element found and ready (attempt 1): By.xpath: //ytd-topbar-menu-button-renderer[@class='style-scope ytd-masthead style-default']
2026-01-08 18:13:04.322 [TestNG-test-Smoke Tests-2] INFO  [verifyingSideMenuCollapsedLangAsInSettingsLingua] Clicking language dropdown...
2026-01-08 18:13:04.322 [TestNG-test-Smoke Tests-2] INFO  [verifyingSideMenuCollapsedLangAsInSettingsLingua] [verifyingSideMenuCollapsedLangAsInSettingsLingua] Trying to find element: By.xpath: (//div[@id='content-icon'])[2]
2026-01-08 18:13:04.342 [TestNG-test-Smoke Tests-2] INFO  [verifyingSideMenuCollapsedLangAsInSettingsLingua] [verifyingSideMenuCollapsedLangAsInSettingsLingua] Element found and ready (attempt 1): By.xpath: (//div[@id='content-icon'])[2]
2026-01-08 18:13:07.662 [TestNG-test-Smoke Tests-2] INFO  [verifyingSideMenuCollapsedLangAsInSettingsLingua] Looking for language element with name: English (India)
2026-01-08 18:13:07.669 [TestNG-test-Smoke Tests-2] INFO  [verifyingSideMenuCollapsedLangAsInSettingsLingua] [verifyingSideMenuCollapsedLangAsInSettingsLingua] Trying to find element: By.xpath: //yt-multi-page-menu-section-renderer[@class='style-scope ytd-multi-page-menu-renderer']//yt-formatted-string[@id='label' and text()='English (India)']
2026-01-08 18:13:07.901 [TestNG-test-Smoke Tests-2] INFO  [verifyingSideMenuCollapsedLangAsInSettingsLingua] [verifyingSideMenuCollapsedLangAsInSettingsLingua] Element found and ready (attempt 1): By.xpath: //yt-multi-page-menu-section-renderer[@class='style-scope ytd-multi-page-menu-renderer']//yt-formatted-string[@id='label' and text()='English (India)']
2026-01-08 18:13:09.203 [TestNG-test-Smoke Tests-2] INFO  [verifyingSideMenuCollapsedLangAsInSettingsLingua] getLangAttribute() - locating <html> and reading lang property
2026-01-08 18:13:09.318 [TestNG-test-Smoke Tests-2] INFO  [verifyingSideMenuCollapsedLangAsInSettingsLingua] Language attribute read: en-IN
2026-01-08 18:13:11.328 [TestNG-test-Smoke Tests-2] INFO  [verifyingSideMenuCollapsedLangAsInSettingsLingua] Fetching the side menu in collapsed view
2026-01-08 18:13:11.329 [TestNG-test-Smoke Tests-2] INFO  [verifyingSideMenuCollapsedLangAsInSettingsLingua] [verifyingSideMenuCollapsedLangAsInSettingsLingua] Finding elements list: By.xpath: //ytd-mini-guide-renderer[@class='style-scope ytd-app']//ytd-mini-guide-entry-renderer
2026-01-08 18:13:11.477 [TestNG-test-Smoke Tests-2] INFO  [verifyingSideMenuCollapsedLangAsInSettingsLingua] [verifyingSideMenuCollapsedLangAsInSettingsLingua] Found 4 ready elements (attempt 1): By.xpath: //ytd-mini-guide-renderer[@class='style-scope ytd-app']//ytd-mini-guide-entry-renderer
2026-01-08 18:13:11.655 [TestNG-test-Smoke Tests-2] INFO  [verifyingSideMenuCollapsedLangAsInSettingsLingua] 
========== LANGUAGE DETECTION ==========
Detected Language : ENGLISH
Input Text        : Home Shorts Subscriptions You
========================================
2026-01-08 18:13:11.655 [TestNG-test-Smoke Tests-2] INFO  [verifyingSideMenuCollapsedLangAsInSettingsLingua] text sent to lingua is       Home Shorts Subscriptions You 
2026-01-08 18:13:11.658 [TestNG-test-Smoke Tests-2] INFO  [verifyingSideMenuCollapsedLangAsInSettingsLingua] getLangAttributeViaLanguageInput(English (India))
2026-01-08 18:13:11.658 [TestNG-test-Smoke Tests-2] INFO  [verifyingSideMenuCollapsedLangAsInSettingsLingua] Mapped English (India) -> en-IN
2026-01-08 18:13:11.658 [TestNG-test-Smoke Tests-2] INFO  [verifyingSideMenuCollapsedLangAsInSettingsLingua] getLangAttribute() - locating <html> and reading lang property
2026-01-08 18:13:11.696 [TestNG-test-Smoke Tests-2] INFO  [verifyingSideMenuCollapsedLangAsInSettingsLingua] Language attribute read: en-IN
2026-01-08 18:13:11.696 [TestNG-test-Smoke Tests-2] INFO  [verifyingSideMenuCollapsedLangAsInSettingsLingua] Clicking settings ellipses button...
2026-01-08 18:13:11.696 [TestNG-test-Smoke Tests-2] INFO  [verifyingSideMenuCollapsedLangAsInSettingsLingua] [verifyingSideMenuCollapsedLangAsInSettingsLingua] Trying to find element: By.xpath: //ytd-topbar-menu-button-renderer[@class='style-scope ytd-masthead style-default']
2026-01-08 18:13:11.738 [TestNG-test-Smoke Tests-2] INFO  [verifyingSideMenuCollapsedLangAsInSettingsLingua] [verifyingSideMenuCollapsedLangAsInSettingsLingua] Element found and ready (attempt 1): By.xpath: //ytd-topbar-menu-button-renderer[@class='style-scope ytd-masthead style-default']
2026-01-08 18:13:13.842 [TestNG-test-Smoke Tests-2] INFO  [verifyingSideMenuCollapsedLangAsInSettingsLingua] Clicking language dropdown...
2026-01-08 18:13:13.842 [TestNG-test-Smoke Tests-2] INFO  [verifyingSideMenuCollapsedLangAsInSettingsLingua] [verifyingSideMenuCollapsedLangAsInSettingsLingua] Trying to find element: By.xpath: (//div[@id='content-icon'])[2]
2026-01-08 18:13:13.868 [TestNG-test-Smoke Tests-2] INFO  [verifyingSideMenuCollapsedLangAsInSettingsLingua] [verifyingSideMenuCollapsedLangAsInSettingsLingua] Element found and ready (attempt 1): By.xpath: (//div[@id='content-icon'])[2]
2026-01-08 18:13:16.186 [TestNG-test-Smoke Tests-2] INFO  [verifyingSideMenuCollapsedLangAsInSettingsLingua] [verifyingSideMenuCollapsedLangAsInSettingsLingua] Not retrying test 'verifyingSideMenuCollapsedLangAsInSettingsLingua'. Retry count: 0, Cause: The following asserts failed:
	Language detection mismatch expected [AFRIKAANS] but found [BOKMAL],
	Language detection mismatch expected [AZERBAIJANI] but found [TURKISH],
	Language detection mismatch expected [INDONESIAN] but found [ENGLISH],
	Language detection mismatch expected [CROATIAN] but found [BOSNIAN]
2026-01-08 18:13:16.190 [TestNG-test-Smoke Tests-2] ERROR [verifyingSideMenuCollapsedLangAsInSettingsLingua] Test FAILED: verifyingSideMenuCollapsedLangAsInSettingsLingua - java.lang.AssertionError: The following asserts failed:
	Language detection mismatch expected [AFRIKAANS] but found [BOKMAL],
	Language detection mismatch expected [AZERBAIJANI] but found [TURKISH],
	Language detection mismatch expected [INDONESIAN] but found [ENGLISH],
	Language detection mismatch expected [CROATIAN] but found [BOSNIAN]
2026-01-08 18:13:16.191 [TestNG-test-Smoke Tests-2] INFO  [verifyingSideMenuCollapsedLangAsInSettingsLingua] Closing WebDriver for thread: 35
2026-01-08 18:13:16.635 [TestNG-test-Smoke Tests-2] INFO  [verifyingSideMenuCollapsedLangAsInSettingsLingua] WebDriver instance removed from ThreadLocal for thread: 35
2026-01-08 18:13:16.635 [TestNG-test-Smoke Tests-2] INFO  [verifyingSideMenuCollapsedLangAsInSettingsLingua] Driver closed for test: verifyingSideMenuCollapsedLangAsInSettingsLingua
