2026-01-08 18:09:47.157 [TestNG-test-Smoke Tests-2] INFO  [verifyingGlobalFilterLandingPageLingua] ===== STARTING TEST: verifyingGlobalFilterLandingPageLingua  | Thread: 35 =====
2026-01-08 18:09:47.160 [TestNG-test-Smoke Tests-2] INFO  [verifyingGlobalFilterLandingPageLingua] No existing WebDriver found for current thread. Initializing a new ChromeDriver...
2026-01-08 18:09:47.352 [TestNG-test-Smoke Tests-2] INFO  [verifyingGlobalFilterLandingPageLingua] WebDriverManager: chromedriver setup OK
2026-01-08 18:09:49.804 [TestNG-test-Smoke Tests-2] INFO  [verifyingGlobalFilterLandingPageLingua] ChromeDriver initialized successfully for thread: 35
2026-01-08 18:09:49.804 [TestNG-test-Smoke Tests-2] INFO  [verifyingGlobalFilterLandingPageLingua] Driver initialized successfully for test: verifyingGlobalFilterLandingPageLingua
2026-01-08 18:09:49.805 [TestNG-test-Smoke Tests-2] INFO  [verifyingGlobalFilterLandingPageLingua] SafeActions initialized with driver ChromeDriver: chrome on windows (0ca0d890f6f38eed39de2b754799de01)
2026-01-08 18:09:49.805 [TestNG-test-Smoke Tests-2] INFO  [verifyingGlobalFilterLandingPageLingua] SafeActions initialized with driver ChromeDriver: chrome on windows (0ca0d890f6f38eed39de2b754799de01)
2026-01-08 18:09:49.805 [TestNG-test-Smoke Tests-2] INFO  [verifyingGlobalFilterLandingPageLingua] Initialized YtLandingPage with driver: ChromeDriver: chrome on windows (0ca0d890f6f38eed39de2b754799de01)
2026-01-08 18:09:53.461 [TestNG-test-Smoke Tests-2] INFO  [verifyingGlobalFilterLandingPageLingua] Opened YouTube landing page.
2026-01-08 18:09:53.462 [TestNG-test-Smoke Tests-2] INFO  [verifyingGlobalFilterLandingPageLingua] Giving input into the search bar with input as  = youtube
2026-01-08 18:09:53.462 [TestNG-test-Smoke Tests-2] INFO  [verifyingGlobalFilterLandingPageLingua] [verifyingGlobalFilterLandingPageLingua] Trying to click element: By.xpath: //input[@class='ytSearchboxComponentInput yt-searchbox-input title']
2026-01-08 18:09:54.177 [TestNG-test-Smoke Tests-2] INFO  [verifyingGlobalFilterLandingPageLingua] [verifyingGlobalFilterLandingPageLingua] Clicked successfully (attempt 1): By.xpath: //input[@class='ytSearchboxComponentInput yt-searchbox-input title']
2026-01-08 18:09:54.428 [TestNG-test-Smoke Tests-2] INFO  [verifyingGlobalFilterLandingPageLingua] [verifyingGlobalFilterLandingPageLingua] Trying to find element: By.xpath: //input[@class='ytSearchboxComponentInput yt-searchbox-input title']
2026-01-08 18:09:54.454 [TestNG-test-Smoke Tests-2] INFO  [verifyingGlobalFilterLandingPageLingua] [verifyingGlobalFilterLandingPageLingua] Element found and ready (attempt 1): By.xpath: //input[@class='ytSearchboxComponentInput yt-searchbox-input title']
2026-01-08 18:09:54.521 [TestNG-test-Smoke Tests-2] INFO  [verifyingGlobalFilterLandingPageLingua] clickEnter(By.xpath: //input[@class='ytSearchboxComponentInput yt-searchbox-input title'])
2026-01-08 18:09:54.521 [TestNG-test-Smoke Tests-2] INFO  [verifyingGlobalFilterLandingPageLingua] [verifyingGlobalFilterLandingPageLingua] Trying to find element: By.xpath: //input[@class='ytSearchboxComponentInput yt-searchbox-input title']
2026-01-08 18:09:54.545 [TestNG-test-Smoke Tests-2] INFO  [verifyingGlobalFilterLandingPageLingua] [verifyingGlobalFilterLandingPageLingua] Element found and ready (attempt 1): By.xpath: //input[@class='ytSearchboxComponentInput yt-searchbox-input title']
2026-01-08 18:09:54.633 [TestNG-test-Smoke Tests-2] INFO  [verifyingGlobalFilterLandingPageLingua] Sent ENTER to By.xpath: //input[@class='ytSearchboxComponentInput yt-searchbox-input title']
2026-01-08 18:09:54.633 [TestNG-test-Smoke Tests-2] INFO  [verifyingGlobalFilterLandingPageLingua] [verifyingGlobalFilterLandingPageLingua] Execution is Not CRON Job Hence refering to normal keys from UtilData
2026-01-08 18:09:54.633 [TestNG-test-Smoke Tests-2] INFO  [verifyingGlobalFilterLandingPageLingua] Clicking settings ellipses button...
2026-01-08 18:09:54.633 [TestNG-test-Smoke Tests-2] INFO  [verifyingGlobalFilterLandingPageLingua] [verifyingGlobalFilterLandingPageLingua] Trying to find element: By.xpath: //ytd-topbar-menu-button-renderer[@class='style-scope ytd-masthead style-default']
2026-01-08 18:09:54.777 [TestNG-test-Smoke Tests-2] INFO  [verifyingGlobalFilterLandingPageLingua] [verifyingGlobalFilterLandingPageLingua] Element found and ready (attempt 1): By.xpath: //ytd-topbar-menu-button-renderer[@class='style-scope ytd-masthead style-default']
2026-01-08 18:09:56.928 [TestNG-test-Smoke Tests-2] INFO  [verifyingGlobalFilterLandingPageLingua] Clicking language dropdown...
2026-01-08 18:09:56.928 [TestNG-test-Smoke Tests-2] INFO  [verifyingGlobalFilterLandingPageLingua] [verifyingGlobalFilterLandingPageLingua] Trying to find element: By.xpath: (//div[@id='content-icon'])[2]
2026-01-08 18:09:56.957 [TestNG-test-Smoke Tests-2] INFO  [verifyingGlobalFilterLandingPageLingua] [verifyingGlobalFilterLandingPageLingua] Element found and ready (attempt 1): By.xpath: (//div[@id='content-icon'])[2]
2026-01-08 18:10:00.281 [TestNG-test-Smoke Tests-2] INFO  [verifyingGlobalFilterLandingPageLingua] Looking for language element with name: Afrikaans
2026-01-08 18:10:00.281 [TestNG-test-Smoke Tests-2] INFO  [verifyingGlobalFilterLandingPageLingua] [verifyingGlobalFilterLandingPageLingua] Trying to find element: By.xpath: //yt-multi-page-menu-section-renderer[@class='style-scope ytd-multi-page-menu-renderer']//yt-formatted-string[@id='label' and text()='Afrikaans']
2026-01-08 18:10:00.308 [TestNG-test-Smoke Tests-2] INFO  [verifyingGlobalFilterLandingPageLingua] [verifyingGlobalFilterLandingPageLingua] Element found and ready (attempt 1): By.xpath: //yt-multi-page-menu-section-renderer[@class='style-scope ytd-multi-page-menu-renderer']//yt-formatted-string[@id='label' and text()='Afrikaans']
2026-01-08 18:10:06.320 [TestNG-test-Smoke Tests-2] INFO  [verifyingGlobalFilterLandingPageLingua] Clicking on global filter button in landing page..
2026-01-08 18:10:06.320 [TestNG-test-Smoke Tests-2] INFO  [verifyingGlobalFilterLandingPageLingua] [verifyingGlobalFilterLandingPageLingua] Trying to click element: By.xpath: //div[@id='filter-button']
2026-01-08 18:10:06.512 [TestNG-test-Smoke Tests-2] INFO  [verifyingGlobalFilterLandingPageLingua] [verifyingGlobalFilterLandingPageLingua] Clicked successfully (attempt 1): By.xpath: //div[@id='filter-button']
2026-01-08 18:10:06.763 [TestNG-test-Smoke Tests-2] INFO  [verifyingGlobalFilterLandingPageLingua] Fetching the data from the global filter in landing page
2026-01-08 18:10:06.763 [TestNG-test-Smoke Tests-2] INFO  [verifyingGlobalFilterLandingPageLingua] [verifyingGlobalFilterLandingPageLingua] Trying to find element: By.xpath: //ytd-search-filter-options-dialog-renderer[@class='style-scope ytd-popup-container']
2026-01-08 18:10:06.795 [TestNG-test-Smoke Tests-2] INFO  [verifyingGlobalFilterLandingPageLingua] [verifyingGlobalFilterLandingPageLingua] Element found and ready (attempt 1): By.xpath: //ytd-search-filter-options-dialog-renderer[@class='style-scope ytd-popup-container']
2026-01-08 18:10:06.826 [TestNG-test-Smoke Tests-2] INFO  [verifyingGlobalFilterLandingPageLingua] Closing the global filter pop-up in landing page..
2026-01-08 18:10:06.826 [TestNG-test-Smoke Tests-2] INFO  [verifyingGlobalFilterLandingPageLingua] [verifyingGlobalFilterLandingPageLingua] Trying to find element: By.xpath: //yt-icon[@icon='close']
2026-01-08 18:10:06.852 [TestNG-test-Smoke Tests-2] INFO  [verifyingGlobalFilterLandingPageLingua] [verifyingGlobalFilterLandingPageLingua] Element found and ready (attempt 1): By.xpath: //yt-icon[@icon='close']
2026-01-08 18:10:07.004 [TestNG-test-Smoke Tests-2] INFO  [verifyingGlobalFilterLandingPageLingua] 
========== LANGUAGE DETECTION ==========
Detected Language : AFRIKAANS
Input Text        : Soekfilters
OPLAAIDATUM
Afgelope uur
Vandag
Vandeesweek
Vandeesmaand
Hierdie jaar
TIPE
Video
Kanaal
Snitlys
Fliek
TYDSDUUR
Korter as 4 minute
4–20 minute
Langer as 20 minute
KENMERKE
Regstreeks
4K
HD
Onderskrifte
Creative Commons
360°
VR180
3D
HDR
Ligging
Gekoop
RANGSKIK VOLGENS
Relevansie
Oplaaidatum
Kyktelling
Gradering
========================================
2026-01-08 18:10:07.006 [TestNG-test-Smoke Tests-2] INFO  [verifyingGlobalFilterLandingPageLingua] getExpectedLangageViaApplicableLangInput(Afrikaans)
2026-01-08 18:10:07.006 [TestNG-test-Smoke Tests-2] INFO  [verifyingGlobalFilterLandingPageLingua] Expected language for 'Afrikaans' -> AFRIKAANS
2026-01-08 18:10:07.006 [TestNG-test-Smoke Tests-2] INFO  [verifyingGlobalFilterLandingPageLingua] getLangAttributeViaLanguageInput(Afrikaans)
2026-01-08 18:10:07.006 [TestNG-test-Smoke Tests-2] INFO  [verifyingGlobalFilterLandingPageLingua] Mapped Afrikaans -> af-ZA
2026-01-08 18:10:07.006 [TestNG-test-Smoke Tests-2] INFO  [verifyingGlobalFilterLandingPageLingua] getLangAttribute() - locating <html> and reading lang property
2026-01-08 18:10:07.039 [TestNG-test-Smoke Tests-2] INFO  [verifyingGlobalFilterLandingPageLingua] Language attribute read: af-ZA
2026-01-08 18:10:07.039 [TestNG-test-Smoke Tests-2] INFO  [verifyingGlobalFilterLandingPageLingua] Clicking settings ellipses button...
2026-01-08 18:10:07.039 [TestNG-test-Smoke Tests-2] INFO  [verifyingGlobalFilterLandingPageLingua] [verifyingGlobalFilterLandingPageLingua] Trying to find element: By.xpath: //ytd-topbar-menu-button-renderer[@class='style-scope ytd-masthead style-default']
2026-01-08 18:10:07.066 [TestNG-test-Smoke Tests-2] INFO  [verifyingGlobalFilterLandingPageLingua] [verifyingGlobalFilterLandingPageLingua] Element found and ready (attempt 1): By.xpath: //ytd-topbar-menu-button-renderer[@class='style-scope ytd-masthead style-default']
2026-01-08 18:10:09.156 [TestNG-test-Smoke Tests-2] INFO  [verifyingGlobalFilterLandingPageLingua] Clicking language dropdown...
2026-01-08 18:10:09.156 [TestNG-test-Smoke Tests-2] INFO  [verifyingGlobalFilterLandingPageLingua] [verifyingGlobalFilterLandingPageLingua] Trying to find element: By.xpath: (//div[@id='content-icon'])[2]
2026-01-08 18:10:09.180 [TestNG-test-Smoke Tests-2] INFO  [verifyingGlobalFilterLandingPageLingua] [verifyingGlobalFilterLandingPageLingua] Element found and ready (attempt 1): By.xpath: (//div[@id='content-icon'])[2]
2026-01-08 18:10:12.487 [TestNG-test-Smoke Tests-2] INFO  [verifyingGlobalFilterLandingPageLingua] Looking for language element with name: Azərbaycan
2026-01-08 18:10:12.487 [TestNG-test-Smoke Tests-2] INFO  [verifyingGlobalFilterLandingPageLingua] [verifyingGlobalFilterLandingPageLingua] Trying to find element: By.xpath: //yt-multi-page-menu-section-renderer[@class='style-scope ytd-multi-page-menu-renderer']//yt-formatted-string[@id='label' and text()='Azərbaycan']
2026-01-08 18:10:12.515 [TestNG-test-Smoke Tests-2] INFO  [verifyingGlobalFilterLandingPageLingua] [verifyingGlobalFilterLandingPageLingua] Element found and ready (attempt 1): By.xpath: //yt-multi-page-menu-section-renderer[@class='style-scope ytd-multi-page-menu-renderer']//yt-formatted-string[@id='label' and text()='Azərbaycan']
2026-01-08 18:10:17.057 [TestNG-test-Smoke Tests-2] INFO  [verifyingGlobalFilterLandingPageLingua] Clicking on global filter button in landing page..
2026-01-08 18:10:17.057 [TestNG-test-Smoke Tests-2] INFO  [verifyingGlobalFilterLandingPageLingua] [verifyingGlobalFilterLandingPageLingua] Trying to click element: By.xpath: //div[@id='filter-button']
2026-01-08 18:10:17.513 [TestNG-test-Smoke Tests-2] INFO  [verifyingGlobalFilterLandingPageLingua] [verifyingGlobalFilterLandingPageLingua] Clicked successfully (attempt 1): By.xpath: //div[@id='filter-button']
2026-01-08 18:10:17.765 [TestNG-test-Smoke Tests-2] INFO  [verifyingGlobalFilterLandingPageLingua] Fetching the data from the global filter in landing page
2026-01-08 18:10:17.765 [TestNG-test-Smoke Tests-2] INFO  [verifyingGlobalFilterLandingPageLingua] [verifyingGlobalFilterLandingPageLingua] Trying to find element: By.xpath: //ytd-search-filter-options-dialog-renderer[@class='style-scope ytd-popup-container']
2026-01-08 18:10:17.791 [TestNG-test-Smoke Tests-2] INFO  [verifyingGlobalFilterLandingPageLingua] [verifyingGlobalFilterLandingPageLingua] Element found and ready (attempt 1): By.xpath: //ytd-search-filter-options-dialog-renderer[@class='style-scope ytd-popup-container']
2026-01-08 18:10:17.828 [TestNG-test-Smoke Tests-2] INFO  [verifyingGlobalFilterLandingPageLingua] Closing the global filter pop-up in landing page..
2026-01-08 18:10:17.829 [TestNG-test-Smoke Tests-2] INFO  [verifyingGlobalFilterLandingPageLingua] [verifyingGlobalFilterLandingPageLingua] Trying to find element: By.xpath: //yt-icon[@icon='close']
2026-01-08 18:10:17.853 [TestNG-test-Smoke Tests-2] INFO  [verifyingGlobalFilterLandingPageLingua] [verifyingGlobalFilterLandingPageLingua] Element found and ready (attempt 1): By.xpath: //yt-icon[@icon='close']
2026-01-08 18:10:18.113 [TestNG-test-Smoke Tests-2] INFO  [verifyingGlobalFilterLandingPageLingua] 
========== LANGUAGE DETECTION ==========
Detected Language : AZERBAIJANI
Input Text        : Axtarış filtrləri
YÜKLƏMƏ TARIXI
Son saat
Bu gün
Bu həftə
Bu ay
Bu il
NÖV
Video
Kanal
Playlist
Kino
MÜDDƏT
4 dəqiqədən az
4-20 dəqiqə
20 dəqiqədən çox
FUNKSIYALAR
Canlı
4K
HD
Altyazılar/gizli altyazılar
Creative Commons lisenziyalı
360°
VR180
3D
HDR
Məkan
Satın alınmış
SIRALA
uyğunluq
Yükləmə tarixi
Baxış sayı
Reytinq
========================================
2026-01-08 18:10:18.113 [TestNG-test-Smoke Tests-2] INFO  [verifyingGlobalFilterLandingPageLingua] getExpectedLangageViaApplicableLangInput(Azərbaycan)
2026-01-08 18:10:18.113 [TestNG-test-Smoke Tests-2] INFO  [verifyingGlobalFilterLandingPageLingua] Expected language for 'Azərbaycan' -> AZERBAIJANI
2026-01-08 18:10:18.113 [TestNG-test-Smoke Tests-2] INFO  [verifyingGlobalFilterLandingPageLingua] getLangAttributeViaLanguageInput(Azərbaycan)
2026-01-08 18:10:18.113 [TestNG-test-Smoke Tests-2] INFO  [verifyingGlobalFilterLandingPageLingua] Mapped Azərbaycan -> az-Latn-AZ
2026-01-08 18:10:18.113 [TestNG-test-Smoke Tests-2] INFO  [verifyingGlobalFilterLandingPageLingua] getLangAttribute() - locating <html> and reading lang property
2026-01-08 18:10:18.149 [TestNG-test-Smoke Tests-2] INFO  [verifyingGlobalFilterLandingPageLingua] Language attribute read: az-Latn-AZ
2026-01-08 18:10:18.150 [TestNG-test-Smoke Tests-2] INFO  [verifyingGlobalFilterLandingPageLingua] Clicking settings ellipses button...
2026-01-08 18:10:18.150 [TestNG-test-Smoke Tests-2] INFO  [verifyingGlobalFilterLandingPageLingua] [verifyingGlobalFilterLandingPageLingua] Trying to find element: By.xpath: //ytd-topbar-menu-button-renderer[@class='style-scope ytd-masthead style-default']
2026-01-08 18:10:18.187 [TestNG-test-Smoke Tests-2] INFO  [verifyingGlobalFilterLandingPageLingua] [verifyingGlobalFilterLandingPageLingua] Element found and ready (attempt 1): By.xpath: //ytd-topbar-menu-button-renderer[@class='style-scope ytd-masthead style-default']
2026-01-08 18:10:20.260 [TestNG-test-Smoke Tests-2] INFO  [verifyingGlobalFilterLandingPageLingua] Clicking language dropdown...
2026-01-08 18:10:20.260 [TestNG-test-Smoke Tests-2] INFO  [verifyingGlobalFilterLandingPageLingua] [verifyingGlobalFilterLandingPageLingua] Trying to find element: By.xpath: (//div[@id='content-icon'])[2]
2026-01-08 18:10:20.283 [TestNG-test-Smoke Tests-2] INFO  [verifyingGlobalFilterLandingPageLingua] [verifyingGlobalFilterLandingPageLingua] Element found and ready (attempt 1): By.xpath: (//div[@id='content-icon'])[2]
2026-01-08 18:10:23.567 [TestNG-test-Smoke Tests-2] INFO  [verifyingGlobalFilterLandingPageLingua] Looking for language element with name: Bahasa Indonesia
2026-01-08 18:10:23.567 [TestNG-test-Smoke Tests-2] INFO  [verifyingGlobalFilterLandingPageLingua] [verifyingGlobalFilterLandingPageLingua] Trying to find element: By.xpath: //yt-multi-page-menu-section-renderer[@class='style-scope ytd-multi-page-menu-renderer']//yt-formatted-string[@id='label' and text()='Bahasa Indonesia']
2026-01-08 18:10:23.593 [TestNG-test-Smoke Tests-2] INFO  [verifyingGlobalFilterLandingPageLingua] [verifyingGlobalFilterLandingPageLingua] Element found and ready (attempt 1): By.xpath: //yt-multi-page-menu-section-renderer[@class='style-scope ytd-multi-page-menu-renderer']//yt-formatted-string[@id='label' and text()='Bahasa Indonesia']
2026-01-08 18:10:29.060 [TestNG-test-Smoke Tests-2] INFO  [verifyingGlobalFilterLandingPageLingua] Clicking on global filter button in landing page..
2026-01-08 18:10:29.060 [TestNG-test-Smoke Tests-2] INFO  [verifyingGlobalFilterLandingPageLingua] [verifyingGlobalFilterLandingPageLingua] Trying to click element: By.xpath: //div[@id='filter-button']
2026-01-08 18:10:29.259 [TestNG-test-Smoke Tests-2] INFO  [verifyingGlobalFilterLandingPageLingua] [verifyingGlobalFilterLandingPageLingua] Clicked successfully (attempt 1): By.xpath: //div[@id='filter-button']
2026-01-08 18:10:29.510 [TestNG-test-Smoke Tests-2] INFO  [verifyingGlobalFilterLandingPageLingua] Fetching the data from the global filter in landing page
2026-01-08 18:10:29.510 [TestNG-test-Smoke Tests-2] INFO  [verifyingGlobalFilterLandingPageLingua] [verifyingGlobalFilterLandingPageLingua] Trying to find element: By.xpath: //ytd-search-filter-options-dialog-renderer[@class='style-scope ytd-popup-container']
2026-01-08 18:10:29.552 [TestNG-test-Smoke Tests-2] INFO  [verifyingGlobalFilterLandingPageLingua] [verifyingGlobalFilterLandingPageLingua] Element found and ready (attempt 1): By.xpath: //ytd-search-filter-options-dialog-renderer[@class='style-scope ytd-popup-container']
2026-01-08 18:10:29.589 [TestNG-test-Smoke Tests-2] INFO  [verifyingGlobalFilterLandingPageLingua] Closing the global filter pop-up in landing page..
2026-01-08 18:10:29.589 [TestNG-test-Smoke Tests-2] INFO  [verifyingGlobalFilterLandingPageLingua] [verifyingGlobalFilterLandingPageLingua] Trying to find element: By.xpath: //yt-icon[@icon='close']
2026-01-08 18:10:29.619 [TestNG-test-Smoke Tests-2] INFO  [verifyingGlobalFilterLandingPageLingua] [verifyingGlobalFilterLandingPageLingua] Element found and ready (attempt 1): By.xpath: //yt-icon[@icon='close']
2026-01-08 18:10:29.775 [TestNG-test-Smoke Tests-2] INFO  [verifyingGlobalFilterLandingPageLingua] 
========== LANGUAGE DETECTION ==========
Detected Language : INDONESIAN
Input Text        : Filter penelusuran
TANGGAL UPLOAD
Sejam terakhir
Hari ini
Minggu ini
Bulan ini
Tahun ini
JENIS
Video
Channel
Playlist
Film
DURASI
Kurang dari 4 menit
4 - 20 menit
Lebih dari 20 menit
FITUR
Live
4K
HD
Subtitel/CC
Creative Commons
360°
VR180
3D
HDR
Lokasi
Dibeli
URUTKAN MENURUT
Relevansi
Tanggal upload
Jumlah tayangan
Rating
========================================
2026-01-08 18:10:29.776 [TestNG-test-Smoke Tests-2] INFO  [verifyingGlobalFilterLandingPageLingua] getExpectedLangageViaApplicableLangInput(Bahasa Indonesia)
2026-01-08 18:10:29.776 [TestNG-test-Smoke Tests-2] INFO  [verifyingGlobalFilterLandingPageLingua] Expected language for 'Bahasa Indonesia' -> INDONESIAN
2026-01-08 18:10:29.776 [TestNG-test-Smoke Tests-2] INFO  [verifyingGlobalFilterLandingPageLingua] getLangAttributeViaLanguageInput(Bahasa Indonesia)
2026-01-08 18:10:29.776 [TestNG-test-Smoke Tests-2] INFO  [verifyingGlobalFilterLandingPageLingua] Mapped Bahasa Indonesia -> id-ID
2026-01-08 18:10:29.776 [TestNG-test-Smoke Tests-2] INFO  [verifyingGlobalFilterLandingPageLingua] getLangAttribute() - locating <html> and reading lang property
2026-01-08 18:10:29.798 [TestNG-test-Smoke Tests-2] INFO  [verifyingGlobalFilterLandingPageLingua] Language attribute read: id-ID
2026-01-08 18:10:29.798 [TestNG-test-Smoke Tests-2] INFO  [verifyingGlobalFilterLandingPageLingua] Clicking settings ellipses button...
2026-01-08 18:10:29.798 [TestNG-test-Smoke Tests-2] INFO  [verifyingGlobalFilterLandingPageLingua] [verifyingGlobalFilterLandingPageLingua] Trying to find element: By.xpath: //ytd-topbar-menu-button-renderer[@class='style-scope ytd-masthead style-default']
2026-01-08 18:10:29.837 [TestNG-test-Smoke Tests-2] INFO  [verifyingGlobalFilterLandingPageLingua] [verifyingGlobalFilterLandingPageLingua] Element found and ready (attempt 1): By.xpath: //ytd-topbar-menu-button-renderer[@class='style-scope ytd-masthead style-default']
2026-01-08 18:10:31.963 [TestNG-test-Smoke Tests-2] INFO  [verifyingGlobalFilterLandingPageLingua] Clicking language dropdown...
2026-01-08 18:10:31.968 [TestNG-test-Smoke Tests-2] INFO  [verifyingGlobalFilterLandingPageLingua] [verifyingGlobalFilterLandingPageLingua] Trying to find element: By.xpath: (//div[@id='content-icon'])[2]
2026-01-08 18:10:32.018 [TestNG-test-Smoke Tests-2] INFO  [verifyingGlobalFilterLandingPageLingua] [verifyingGlobalFilterLandingPageLingua] Element found and ready (attempt 1): By.xpath: (//div[@id='content-icon'])[2]
2026-01-08 18:10:35.582 [TestNG-test-Smoke Tests-2] INFO  [verifyingGlobalFilterLandingPageLingua] Looking for language element with name: Bosanski
2026-01-08 18:10:35.582 [TestNG-test-Smoke Tests-2] INFO  [verifyingGlobalFilterLandingPageLingua] [verifyingGlobalFilterLandingPageLingua] Trying to find element: By.xpath: //yt-multi-page-menu-section-renderer[@class='style-scope ytd-multi-page-menu-renderer']//yt-formatted-string[@id='label' and text()='Bosanski']
2026-01-08 18:10:35.611 [TestNG-test-Smoke Tests-2] INFO  [verifyingGlobalFilterLandingPageLingua] [verifyingGlobalFilterLandingPageLingua] Element found and ready (attempt 1): By.xpath: //yt-multi-page-menu-section-renderer[@class='style-scope ytd-multi-page-menu-renderer']//yt-formatted-string[@id='label' and text()='Bosanski']
2026-01-08 18:10:40.281 [TestNG-test-Smoke Tests-2] INFO  [verifyingGlobalFilterLandingPageLingua] Clicking on global filter button in landing page..
2026-01-08 18:10:40.281 [TestNG-test-Smoke Tests-2] INFO  [verifyingGlobalFilterLandingPageLingua] [verifyingGlobalFilterLandingPageLingua] Trying to click element: By.xpath: //div[@id='filter-button']
2026-01-08 18:10:40.670 [TestNG-test-Smoke Tests-2] INFO  [verifyingGlobalFilterLandingPageLingua] [verifyingGlobalFilterLandingPageLingua] Clicked successfully (attempt 1): By.xpath: //div[@id='filter-button']
2026-01-08 18:10:40.922 [TestNG-test-Smoke Tests-2] INFO  [verifyingGlobalFilterLandingPageLingua] Fetching the data from the global filter in landing page
2026-01-08 18:10:40.922 [TestNG-test-Smoke Tests-2] INFO  [verifyingGlobalFilterLandingPageLingua] [verifyingGlobalFilterLandingPageLingua] Trying to find element: By.xpath: //ytd-search-filter-options-dialog-renderer[@class='style-scope ytd-popup-container']
2026-01-08 18:10:40.946 [TestNG-test-Smoke Tests-2] INFO  [verifyingGlobalFilterLandingPageLingua] [verifyingGlobalFilterLandingPageLingua] Element found and ready (attempt 1): By.xpath: //ytd-search-filter-options-dialog-renderer[@class='style-scope ytd-popup-container']
2026-01-08 18:10:40.974 [TestNG-test-Smoke Tests-2] INFO  [verifyingGlobalFilterLandingPageLingua] Closing the global filter pop-up in landing page..
2026-01-08 18:10:40.974 [TestNG-test-Smoke Tests-2] INFO  [verifyingGlobalFilterLandingPageLingua] [verifyingGlobalFilterLandingPageLingua] Trying to find element: By.xpath: //yt-icon[@icon='close']
2026-01-08 18:10:40.997 [TestNG-test-Smoke Tests-2] INFO  [verifyingGlobalFilterLandingPageLingua] [verifyingGlobalFilterLandingPageLingua] Element found and ready (attempt 1): By.xpath: //yt-icon[@icon='close']
2026-01-08 18:10:41.069 [TestNG-test-Smoke Tests-2] INFO  [verifyingGlobalFilterLandingPageLingua] 
========== LANGUAGE DETECTION ==========
Detected Language : BOSNIAN
Input Text        : Filteri pretraživanja
DATUM OTPREMANJA
Posljednji sat
Danas
Ova sedmica
Ovog mjeseca
Ove godine
VRSTA
Videozapis
Kanal
Plejlista
Film
TRAJANJE
Manje od 4 minute
4 - 20 minuta
Više od 20 minuta
FUNKCIJE
Uživo
4K
HD
Titlovi
Creative Commons
360°
VR180
3D
HDR
Lokacija
Kupljeno
POREDAJ PO:
Relevantnost
Datum otpremanja
Broj pregleda
Ocjena
========================================
2026-01-08 18:10:41.069 [TestNG-test-Smoke Tests-2] INFO  [verifyingGlobalFilterLandingPageLingua] getExpectedLangageViaApplicableLangInput(Bosanski)
2026-01-08 18:10:41.069 [TestNG-test-Smoke Tests-2] INFO  [verifyingGlobalFilterLandingPageLingua] Expected language for 'Bosanski' -> CROATIAN
2026-01-08 18:10:41.069 [TestNG-test-Smoke Tests-2] INFO  [verifyingGlobalFilterLandingPageLingua] getLangAttributeViaLanguageInput(Bosanski)
2026-01-08 18:10:41.069 [TestNG-test-Smoke Tests-2] INFO  [verifyingGlobalFilterLandingPageLingua] Mapped Bosanski -> bs-Latn-BA
2026-01-08 18:10:41.069 [TestNG-test-Smoke Tests-2] INFO  [verifyingGlobalFilterLandingPageLingua] getLangAttribute() - locating <html> and reading lang property
2026-01-08 18:10:41.094 [TestNG-test-Smoke Tests-2] INFO  [verifyingGlobalFilterLandingPageLingua] Language attribute read: bs-Latn-BA
2026-01-08 18:10:41.095 [TestNG-test-Smoke Tests-2] INFO  [verifyingGlobalFilterLandingPageLingua] Clicking settings ellipses button...
2026-01-08 18:10:41.095 [TestNG-test-Smoke Tests-2] INFO  [verifyingGlobalFilterLandingPageLingua] [verifyingGlobalFilterLandingPageLingua] Trying to find element: By.xpath: //ytd-topbar-menu-button-renderer[@class='style-scope ytd-masthead style-default']
2026-01-08 18:10:41.148 [TestNG-test-Smoke Tests-2] INFO  [verifyingGlobalFilterLandingPageLingua] [verifyingGlobalFilterLandingPageLingua] Element found and ready (attempt 1): By.xpath: //ytd-topbar-menu-button-renderer[@class='style-scope ytd-masthead style-default']
2026-01-08 18:10:43.230 [TestNG-test-Smoke Tests-2] INFO  [verifyingGlobalFilterLandingPageLingua] Clicking language dropdown...
2026-01-08 18:10:43.230 [TestNG-test-Smoke Tests-2] INFO  [verifyingGlobalFilterLandingPageLingua] [verifyingGlobalFilterLandingPageLingua] Trying to find element: By.xpath: (//div[@id='content-icon'])[2]
2026-01-08 18:10:43.254 [TestNG-test-Smoke Tests-2] INFO  [verifyingGlobalFilterLandingPageLingua] [verifyingGlobalFilterLandingPageLingua] Element found and ready (attempt 1): By.xpath: (//div[@id='content-icon'])[2]
2026-01-08 18:10:46.666 [TestNG-test-Smoke Tests-2] INFO  [verifyingGlobalFilterLandingPageLingua] Looking for language element with name: Català
2026-01-08 18:10:46.666 [TestNG-test-Smoke Tests-2] INFO  [verifyingGlobalFilterLandingPageLingua] [verifyingGlobalFilterLandingPageLingua] Trying to find element: By.xpath: //yt-multi-page-menu-section-renderer[@class='style-scope ytd-multi-page-menu-renderer']//yt-formatted-string[@id='label' and text()='Català']
2026-01-08 18:10:46.696 [TestNG-test-Smoke Tests-2] INFO  [verifyingGlobalFilterLandingPageLingua] [verifyingGlobalFilterLandingPageLingua] Element found and ready (attempt 1): By.xpath: //yt-multi-page-menu-section-renderer[@class='style-scope ytd-multi-page-menu-renderer']//yt-formatted-string[@id='label' and text()='Català']
2026-01-08 18:10:51.256 [TestNG-test-Smoke Tests-2] INFO  [verifyingGlobalFilterLandingPageLingua] Clicking on global filter button in landing page..
2026-01-08 18:10:51.256 [TestNG-test-Smoke Tests-2] INFO  [verifyingGlobalFilterLandingPageLingua] [verifyingGlobalFilterLandingPageLingua] Trying to click element: By.xpath: //div[@id='filter-button']
2026-01-08 18:10:51.525 [TestNG-test-Smoke Tests-2] INFO  [verifyingGlobalFilterLandingPageLingua] [verifyingGlobalFilterLandingPageLingua] Clicked successfully (attempt 1): By.xpath: //div[@id='filter-button']
2026-01-08 18:10:51.777 [TestNG-test-Smoke Tests-2] INFO  [verifyingGlobalFilterLandingPageLingua] Fetching the data from the global filter in landing page
2026-01-08 18:10:51.777 [TestNG-test-Smoke Tests-2] INFO  [verifyingGlobalFilterLandingPageLingua] [verifyingGlobalFilterLandingPageLingua] Trying to find element: By.xpath: //ytd-search-filter-options-dialog-renderer[@class='style-scope ytd-popup-container']
2026-01-08 18:10:51.803 [TestNG-test-Smoke Tests-2] INFO  [verifyingGlobalFilterLandingPageLingua] [verifyingGlobalFilterLandingPageLingua] Element found and ready (attempt 1): By.xpath: //ytd-search-filter-options-dialog-renderer[@class='style-scope ytd-popup-container']
2026-01-08 18:10:51.828 [TestNG-test-Smoke Tests-2] INFO  [verifyingGlobalFilterLandingPageLingua] Closing the global filter pop-up in landing page..
2026-01-08 18:10:51.828 [TestNG-test-Smoke Tests-2] INFO  [verifyingGlobalFilterLandingPageLingua] [verifyingGlobalFilterLandingPageLingua] Trying to find element: By.xpath: //yt-icon[@icon='close']
2026-01-08 18:10:51.851 [TestNG-test-Smoke Tests-2] INFO  [verifyingGlobalFilterLandingPageLingua] [verifyingGlobalFilterLandingPageLingua] Element found and ready (attempt 1): By.xpath: //yt-icon[@icon='close']
2026-01-08 18:10:51.910 [TestNG-test-Smoke Tests-2] INFO  [verifyingGlobalFilterLandingPageLingua] 
========== LANGUAGE DETECTION ==========
Detected Language : CATALAN
Input Text        : Filtres de cerca
DATA DE PUJADA
Darrera hora
Avui
Aquesta setmana
Aquest mes
Aquest any
TIPUS
Vídeo
Canal
Llista de reproducció
Pel·lícula
DURADA
Menys de 4 minuts
4-20 minuts
Més de 20 minuts
FUNCIONS
En directe
4K
HD
Subtítols
Creative Commons
360°
VR180
3D
HDR
Ubicació
Comprat
ORDENA PER
Rellevància
Data de pujada
Visualitzacions
Puntuació
========================================
2026-01-08 18:10:51.910 [TestNG-test-Smoke Tests-2] INFO  [verifyingGlobalFilterLandingPageLingua] getExpectedLangageViaApplicableLangInput(Català)
2026-01-08 18:10:51.910 [TestNG-test-Smoke Tests-2] INFO  [verifyingGlobalFilterLandingPageLingua] Expected language for 'Català' -> CATALAN
2026-01-08 18:10:51.910 [TestNG-test-Smoke Tests-2] INFO  [verifyingGlobalFilterLandingPageLingua] getLangAttributeViaLanguageInput(Català)
2026-01-08 18:10:51.910 [TestNG-test-Smoke Tests-2] INFO  [verifyingGlobalFilterLandingPageLingua] Mapped Català -> ca-ES
2026-01-08 18:10:51.910 [TestNG-test-Smoke Tests-2] INFO  [verifyingGlobalFilterLandingPageLingua] getLangAttribute() - locating <html> and reading lang property
2026-01-08 18:10:51.941 [TestNG-test-Smoke Tests-2] INFO  [verifyingGlobalFilterLandingPageLingua] Language attribute read: ca-ES
2026-01-08 18:10:51.941 [TestNG-test-Smoke Tests-2] INFO  [verifyingGlobalFilterLandingPageLingua] Clicking settings ellipses button...
2026-01-08 18:10:51.941 [TestNG-test-Smoke Tests-2] INFO  [verifyingGlobalFilterLandingPageLingua] [verifyingGlobalFilterLandingPageLingua] Trying to find element: By.xpath: //ytd-topbar-menu-button-renderer[@class='style-scope ytd-masthead style-default']
2026-01-08 18:10:51.967 [TestNG-test-Smoke Tests-2] INFO  [verifyingGlobalFilterLandingPageLingua] [verifyingGlobalFilterLandingPageLingua] Element found and ready (attempt 1): By.xpath: //ytd-topbar-menu-button-renderer[@class='style-scope ytd-masthead style-default']
2026-01-08 18:10:54.085 [TestNG-test-Smoke Tests-2] INFO  [verifyingGlobalFilterLandingPageLingua] Clicking language dropdown...
2026-01-08 18:10:54.085 [TestNG-test-Smoke Tests-2] INFO  [verifyingGlobalFilterLandingPageLingua] [verifyingGlobalFilterLandingPageLingua] Trying to find element: By.xpath: (//div[@id='content-icon'])[2]
2026-01-08 18:10:54.111 [TestNG-test-Smoke Tests-2] INFO  [verifyingGlobalFilterLandingPageLingua] [verifyingGlobalFilterLandingPageLingua] Element found and ready (attempt 1): By.xpath: (//div[@id='content-icon'])[2]
2026-01-08 18:10:57.520 [TestNG-test-Smoke Tests-2] INFO  [verifyingGlobalFilterLandingPageLingua] Looking for language element with name: Dansk
2026-01-08 18:10:57.520 [TestNG-test-Smoke Tests-2] INFO  [verifyingGlobalFilterLandingPageLingua] [verifyingGlobalFilterLandingPageLingua] Trying to find element: By.xpath: //yt-multi-page-menu-section-renderer[@class='style-scope ytd-multi-page-menu-renderer']//yt-formatted-string[@id='label' and text()='Dansk']
2026-01-08 18:10:57.558 [TestNG-test-Smoke Tests-2] INFO  [verifyingGlobalFilterLandingPageLingua] [verifyingGlobalFilterLandingPageLingua] Element found and ready (attempt 1): By.xpath: //yt-multi-page-menu-section-renderer[@class='style-scope ytd-multi-page-menu-renderer']//yt-formatted-string[@id='label' and text()='Dansk']
2026-01-08 18:11:01.856 [TestNG-test-Smoke Tests-2] INFO  [verifyingGlobalFilterLandingPageLingua] Clicking on global filter button in landing page..
2026-01-08 18:11:01.857 [TestNG-test-Smoke Tests-2] INFO  [verifyingGlobalFilterLandingPageLingua] [verifyingGlobalFilterLandingPageLingua] Trying to click element: By.xpath: //div[@id='filter-button']
2026-01-08 18:11:02.079 [TestNG-test-Smoke Tests-2] INFO  [verifyingGlobalFilterLandingPageLingua] [verifyingGlobalFilterLandingPageLingua] Clicked successfully (attempt 1): By.xpath: //div[@id='filter-button']
2026-01-08 18:11:02.360 [TestNG-test-Smoke Tests-2] INFO  [verifyingGlobalFilterLandingPageLingua] Fetching the data from the global filter in landing page
2026-01-08 18:11:02.361 [TestNG-test-Smoke Tests-2] INFO  [verifyingGlobalFilterLandingPageLingua] [verifyingGlobalFilterLandingPageLingua] Trying to find element: By.xpath: //ytd-search-filter-options-dialog-renderer[@class='style-scope ytd-popup-container']
2026-01-08 18:11:02.447 [TestNG-test-Smoke Tests-2] INFO  [verifyingGlobalFilterLandingPageLingua] [verifyingGlobalFilterLandingPageLingua] Element found and ready (attempt 1): By.xpath: //ytd-search-filter-options-dialog-renderer[@class='style-scope ytd-popup-container']
2026-01-08 18:11:02.476 [TestNG-test-Smoke Tests-2] INFO  [verifyingGlobalFilterLandingPageLingua] Closing the global filter pop-up in landing page..
2026-01-08 18:11:02.476 [TestNG-test-Smoke Tests-2] INFO  [verifyingGlobalFilterLandingPageLingua] [verifyingGlobalFilterLandingPageLingua] Trying to find element: By.xpath: //yt-icon[@icon='close']
2026-01-08 18:11:02.520 [TestNG-test-Smoke Tests-2] INFO  [verifyingGlobalFilterLandingPageLingua] [verifyingGlobalFilterLandingPageLingua] Element found and ready (attempt 1): By.xpath: //yt-icon[@icon='close']
2026-01-08 18:11:02.612 [TestNG-test-Smoke Tests-2] INFO  [verifyingGlobalFilterLandingPageLingua] 
========== LANGUAGE DETECTION ==========
Detected Language : DANISH
Input Text        : Søgefiltre
DATO FOR UPLOAD
Seneste time
I dag
Denne uge
Denne måned
I år
TYPE
Video
Kanal
Playliste
Film
VARIGHED
Under 4 minutter
4-20 minutter
Over 20 minutter
EGENSKABER
Live
4K
HD
Undertekster
Creative Commons
360°
VR180
3D
HDR
Lokation
Købt
SORTER EFTER
Relevans
Dato for upload
Antal visninger
Bedømmelse
========================================
2026-01-08 18:11:02.612 [TestNG-test-Smoke Tests-2] INFO  [verifyingGlobalFilterLandingPageLingua] getExpectedLangageViaApplicableLangInput(Dansk)
2026-01-08 18:11:02.612 [TestNG-test-Smoke Tests-2] INFO  [verifyingGlobalFilterLandingPageLingua] Expected language for 'Dansk' -> DANISH
2026-01-08 18:11:02.612 [TestNG-test-Smoke Tests-2] INFO  [verifyingGlobalFilterLandingPageLingua] getLangAttributeViaLanguageInput(Dansk)
2026-01-08 18:11:02.612 [TestNG-test-Smoke Tests-2] INFO  [verifyingGlobalFilterLandingPageLingua] Mapped Dansk -> da-DK
2026-01-08 18:11:02.612 [TestNG-test-Smoke Tests-2] INFO  [verifyingGlobalFilterLandingPageLingua] getLangAttribute() - locating <html> and reading lang property
2026-01-08 18:11:02.671 [TestNG-test-Smoke Tests-2] INFO  [verifyingGlobalFilterLandingPageLingua] Language attribute read: da-DK
2026-01-08 18:11:02.672 [TestNG-test-Smoke Tests-2] INFO  [verifyingGlobalFilterLandingPageLingua] Clicking settings ellipses button...
2026-01-08 18:11:02.672 [TestNG-test-Smoke Tests-2] INFO  [verifyingGlobalFilterLandingPageLingua] [verifyingGlobalFilterLandingPageLingua] Trying to find element: By.xpath: //ytd-topbar-menu-button-renderer[@class='style-scope ytd-masthead style-default']
2026-01-08 18:11:02.705 [TestNG-test-Smoke Tests-2] INFO  [verifyingGlobalFilterLandingPageLingua] [verifyingGlobalFilterLandingPageLingua] Element found and ready (attempt 1): By.xpath: //ytd-topbar-menu-button-renderer[@class='style-scope ytd-masthead style-default']
2026-01-08 18:11:04.817 [TestNG-test-Smoke Tests-2] INFO  [verifyingGlobalFilterLandingPageLingua] Clicking language dropdown...
2026-01-08 18:11:04.817 [TestNG-test-Smoke Tests-2] INFO  [verifyingGlobalFilterLandingPageLingua] [verifyingGlobalFilterLandingPageLingua] Trying to find element: By.xpath: (//div[@id='content-icon'])[2]
2026-01-08 18:11:04.852 [TestNG-test-Smoke Tests-2] INFO  [verifyingGlobalFilterLandingPageLingua] [verifyingGlobalFilterLandingPageLingua] Element found and ready (attempt 1): By.xpath: (//div[@id='content-icon'])[2]
2026-01-08 18:11:08.148 [TestNG-test-Smoke Tests-2] INFO  [verifyingGlobalFilterLandingPageLingua] Looking for language element with name: Deutsch
2026-01-08 18:11:08.148 [TestNG-test-Smoke Tests-2] INFO  [verifyingGlobalFilterLandingPageLingua] [verifyingGlobalFilterLandingPageLingua] Trying to find element: By.xpath: //yt-multi-page-menu-section-renderer[@class='style-scope ytd-multi-page-menu-renderer']//yt-formatted-string[@id='label' and text()='Deutsch']
2026-01-08 18:11:08.175 [TestNG-test-Smoke Tests-2] INFO  [verifyingGlobalFilterLandingPageLingua] [verifyingGlobalFilterLandingPageLingua] Element found and ready (attempt 1): By.xpath: //yt-multi-page-menu-section-renderer[@class='style-scope ytd-multi-page-menu-renderer']//yt-formatted-string[@id='label' and text()='Deutsch']
2026-01-08 18:11:12.402 [TestNG-test-Smoke Tests-2] INFO  [verifyingGlobalFilterLandingPageLingua] Clicking on global filter button in landing page..
2026-01-08 18:11:12.406 [TestNG-test-Smoke Tests-2] INFO  [verifyingGlobalFilterLandingPageLingua] [verifyingGlobalFilterLandingPageLingua] Trying to click element: By.xpath: //div[@id='filter-button']
2026-01-08 18:11:12.787 [TestNG-test-Smoke Tests-2] INFO  [verifyingGlobalFilterLandingPageLingua] [verifyingGlobalFilterLandingPageLingua] Clicked successfully (attempt 1): By.xpath: //div[@id='filter-button']
2026-01-08 18:11:13.038 [TestNG-test-Smoke Tests-2] INFO  [verifyingGlobalFilterLandingPageLingua] Fetching the data from the global filter in landing page
2026-01-08 18:11:13.038 [TestNG-test-Smoke Tests-2] INFO  [verifyingGlobalFilterLandingPageLingua] [verifyingGlobalFilterLandingPageLingua] Trying to find element: By.xpath: //ytd-search-filter-options-dialog-renderer[@class='style-scope ytd-popup-container']
2026-01-08 18:11:13.075 [TestNG-test-Smoke Tests-2] INFO  [verifyingGlobalFilterLandingPageLingua] [verifyingGlobalFilterLandingPageLingua] Element found and ready (attempt 1): By.xpath: //ytd-search-filter-options-dialog-renderer[@class='style-scope ytd-popup-container']
2026-01-08 18:11:13.105 [TestNG-test-Smoke Tests-2] INFO  [verifyingGlobalFilterLandingPageLingua] Closing the global filter pop-up in landing page..
2026-01-08 18:11:13.105 [TestNG-test-Smoke Tests-2] INFO  [verifyingGlobalFilterLandingPageLingua] [verifyingGlobalFilterLandingPageLingua] Trying to find element: By.xpath: //yt-icon[@icon='close']
2026-01-08 18:11:13.154 [TestNG-test-Smoke Tests-2] INFO  [verifyingGlobalFilterLandingPageLingua] [verifyingGlobalFilterLandingPageLingua] Element found and ready (attempt 1): By.xpath: //yt-icon[@icon='close']
2026-01-08 18:11:13.258 [TestNG-test-Smoke Tests-2] INFO  [verifyingGlobalFilterLandingPageLingua] 
========== LANGUAGE DETECTION ==========
Detected Language : GERMAN
Input Text        : Suchfilter
HOCHLADEDATUM
Letzte Stunde
Heute
Diese Woche
Dieser Monat
Dieses Jahr
TYP
Video
Kanal
Playlist
Film
DAUER
Kürzer als 4 Minuten
4–20 Minuten
Länger als 20 Minuten
EIGENSCHAFTEN
Live
4K
HD
Untertitel/CC
Creative Commons
360°
VR180
3D
HDR
Standort
Gekauft
SORTIEREN NACH
Relevanz
Upload-Datum
Anzahl der Aufrufe
Bewertung
========================================
2026-01-08 18:11:13.258 [TestNG-test-Smoke Tests-2] INFO  [verifyingGlobalFilterLandingPageLingua] getExpectedLangageViaApplicableLangInput(Deutsch)
2026-01-08 18:11:13.258 [TestNG-test-Smoke Tests-2] INFO  [verifyingGlobalFilterLandingPageLingua] Expected language for 'Deutsch' -> GERMAN
2026-01-08 18:11:13.258 [TestNG-test-Smoke Tests-2] INFO  [verifyingGlobalFilterLandingPageLingua] getLangAttributeViaLanguageInput(Deutsch)
2026-01-08 18:11:13.258 [TestNG-test-Smoke Tests-2] INFO  [verifyingGlobalFilterLandingPageLingua] Mapped Deutsch -> de-DE
2026-01-08 18:11:13.258 [TestNG-test-Smoke Tests-2] INFO  [verifyingGlobalFilterLandingPageLingua] getLangAttribute() - locating <html> and reading lang property
2026-01-08 18:11:13.294 [TestNG-test-Smoke Tests-2] INFO  [verifyingGlobalFilterLandingPageLingua] Language attribute read: de-DE
2026-01-08 18:11:13.294 [TestNG-test-Smoke Tests-2] INFO  [verifyingGlobalFilterLandingPageLingua] Clicking settings ellipses button...
2026-01-08 18:11:13.294 [TestNG-test-Smoke Tests-2] INFO  [verifyingGlobalFilterLandingPageLingua] [verifyingGlobalFilterLandingPageLingua] Trying to find element: By.xpath: //ytd-topbar-menu-button-renderer[@class='style-scope ytd-masthead style-default']
2026-01-08 18:11:13.346 [TestNG-test-Smoke Tests-2] INFO  [verifyingGlobalFilterLandingPageLingua] [verifyingGlobalFilterLandingPageLingua] Element found and ready (attempt 1): By.xpath: //ytd-topbar-menu-button-renderer[@class='style-scope ytd-masthead style-default']
2026-01-08 18:11:15.593 [TestNG-test-Smoke Tests-2] INFO  [verifyingGlobalFilterLandingPageLingua] Clicking language dropdown...
2026-01-08 18:11:15.593 [TestNG-test-Smoke Tests-2] INFO  [verifyingGlobalFilterLandingPageLingua] [verifyingGlobalFilterLandingPageLingua] Trying to find element: By.xpath: (//div[@id='content-icon'])[2]
2026-01-08 18:11:15.633 [TestNG-test-Smoke Tests-2] INFO  [verifyingGlobalFilterLandingPageLingua] [verifyingGlobalFilterLandingPageLingua] Element found and ready (attempt 1): By.xpath: (//div[@id='content-icon'])[2]
2026-01-08 18:11:19.123 [TestNG-test-Smoke Tests-2] INFO  [verifyingGlobalFilterLandingPageLingua] Looking for language element with name: Eesti
2026-01-08 18:11:19.123 [TestNG-test-Smoke Tests-2] INFO  [verifyingGlobalFilterLandingPageLingua] [verifyingGlobalFilterLandingPageLingua] Trying to find element: By.xpath: //yt-multi-page-menu-section-renderer[@class='style-scope ytd-multi-page-menu-renderer']//yt-formatted-string[@id='label' and text()='Eesti']
2026-01-08 18:11:19.152 [TestNG-test-Smoke Tests-2] INFO  [verifyingGlobalFilterLandingPageLingua] [verifyingGlobalFilterLandingPageLingua] Element found and ready (attempt 1): By.xpath: //yt-multi-page-menu-section-renderer[@class='style-scope ytd-multi-page-menu-renderer']//yt-formatted-string[@id='label' and text()='Eesti']
2026-01-08 18:11:23.428 [TestNG-test-Smoke Tests-2] INFO  [verifyingGlobalFilterLandingPageLingua] Clicking on global filter button in landing page..
2026-01-08 18:11:23.428 [TestNG-test-Smoke Tests-2] INFO  [verifyingGlobalFilterLandingPageLingua] [verifyingGlobalFilterLandingPageLingua] Trying to click element: By.xpath: //div[@id='filter-button']
2026-01-08 18:11:23.729 [TestNG-test-Smoke Tests-2] INFO  [verifyingGlobalFilterLandingPageLingua] [verifyingGlobalFilterLandingPageLingua] Clicked successfully (attempt 1): By.xpath: //div[@id='filter-button']
2026-01-08 18:11:23.983 [TestNG-test-Smoke Tests-2] INFO  [verifyingGlobalFilterLandingPageLingua] Fetching the data from the global filter in landing page
2026-01-08 18:11:23.984 [TestNG-test-Smoke Tests-2] INFO  [verifyingGlobalFilterLandingPageLingua] [verifyingGlobalFilterLandingPageLingua] Trying to find element: By.xpath: //ytd-search-filter-options-dialog-renderer[@class='style-scope ytd-popup-container']
2026-01-08 18:11:24.077 [TestNG-test-Smoke Tests-2] INFO  [verifyingGlobalFilterLandingPageLingua] [verifyingGlobalFilterLandingPageLingua] Element found and ready (attempt 1): By.xpath: //ytd-search-filter-options-dialog-renderer[@class='style-scope ytd-popup-container']
2026-01-08 18:11:24.110 [TestNG-test-Smoke Tests-2] INFO  [verifyingGlobalFilterLandingPageLingua] Closing the global filter pop-up in landing page..
2026-01-08 18:11:24.110 [TestNG-test-Smoke Tests-2] INFO  [verifyingGlobalFilterLandingPageLingua] [verifyingGlobalFilterLandingPageLingua] Trying to find element: By.xpath: //yt-icon[@icon='close']
2026-01-08 18:11:24.155 [TestNG-test-Smoke Tests-2] INFO  [verifyingGlobalFilterLandingPageLingua] [verifyingGlobalFilterLandingPageLingua] Element found and ready (attempt 1): By.xpath: //yt-icon[@icon='close']
2026-01-08 18:11:24.240 [TestNG-test-Smoke Tests-2] INFO  [verifyingGlobalFilterLandingPageLingua] 
========== LANGUAGE DETECTION ==========
Detected Language : ESTONIAN
Input Text        : Otsingufiltrid
ÜLESLAADIMISE KUUPÄEV
Viimane tund
Täna
See nädal
See kuu
See aasta
TÜÜP
Video
Kanal
Esitusloend
Film
KESTUS
Alla 4 minuti
4–20 minutit
Üle 20 minuti
FUNKTSIOONID
Reaalajas
4K
HD
Subtiitrid
Creative Commons
360°
VR180
3D
HDR
Asukoht
Ostetud
SORDI LÄHTUDES
Asjakohasus
Üleslaadimiskuupäev
Vaatamiste arv
Hinnang
========================================
2026-01-08 18:11:24.240 [TestNG-test-Smoke Tests-2] INFO  [verifyingGlobalFilterLandingPageLingua] getExpectedLangageViaApplicableLangInput(Eesti)
2026-01-08 18:11:24.240 [TestNG-test-Smoke Tests-2] INFO  [verifyingGlobalFilterLandingPageLingua] Expected language for 'Eesti' -> ESTONIAN
2026-01-08 18:11:24.240 [TestNG-test-Smoke Tests-2] INFO  [verifyingGlobalFilterLandingPageLingua] getLangAttributeViaLanguageInput(Eesti)
2026-01-08 18:11:24.240 [TestNG-test-Smoke Tests-2] INFO  [verifyingGlobalFilterLandingPageLingua] Mapped Eesti -> et-EE
2026-01-08 18:11:24.240 [TestNG-test-Smoke Tests-2] INFO  [verifyingGlobalFilterLandingPageLingua] getLangAttribute() - locating <html> and reading lang property
2026-01-08 18:11:24.257 [TestNG-test-Smoke Tests-2] INFO  [verifyingGlobalFilterLandingPageLingua] Language attribute read: et-EE
2026-01-08 18:11:24.257 [TestNG-test-Smoke Tests-2] INFO  [verifyingGlobalFilterLandingPageLingua] Clicking settings ellipses button...
2026-01-08 18:11:24.257 [TestNG-test-Smoke Tests-2] INFO  [verifyingGlobalFilterLandingPageLingua] [verifyingGlobalFilterLandingPageLingua] Trying to find element: By.xpath: //ytd-topbar-menu-button-renderer[@class='style-scope ytd-masthead style-default']
2026-01-08 18:11:24.281 [TestNG-test-Smoke Tests-2] INFO  [verifyingGlobalFilterLandingPageLingua] [verifyingGlobalFilterLandingPageLingua] Element found and ready (attempt 1): By.xpath: //ytd-topbar-menu-button-renderer[@class='style-scope ytd-masthead style-default']
2026-01-08 18:11:26.361 [TestNG-test-Smoke Tests-2] INFO  [verifyingGlobalFilterLandingPageLingua] Clicking language dropdown...
2026-01-08 18:11:26.361 [TestNG-test-Smoke Tests-2] INFO  [verifyingGlobalFilterLandingPageLingua] [verifyingGlobalFilterLandingPageLingua] Trying to find element: By.xpath: (//div[@id='content-icon'])[2]
2026-01-08 18:11:26.394 [TestNG-test-Smoke Tests-2] INFO  [verifyingGlobalFilterLandingPageLingua] [verifyingGlobalFilterLandingPageLingua] Element found and ready (attempt 1): By.xpath: (//div[@id='content-icon'])[2]
2026-01-08 18:11:29.750 [TestNG-test-Smoke Tests-2] INFO  [verifyingGlobalFilterLandingPageLingua] Looking for language element with name: English (India)
2026-01-08 18:11:29.750 [TestNG-test-Smoke Tests-2] INFO  [verifyingGlobalFilterLandingPageLingua] [verifyingGlobalFilterLandingPageLingua] Trying to find element: By.xpath: //yt-multi-page-menu-section-renderer[@class='style-scope ytd-multi-page-menu-renderer']//yt-formatted-string[@id='label' and text()='English (India)']
2026-01-08 18:11:29.778 [TestNG-test-Smoke Tests-2] INFO  [verifyingGlobalFilterLandingPageLingua] [verifyingGlobalFilterLandingPageLingua] Element found and ready (attempt 1): By.xpath: //yt-multi-page-menu-section-renderer[@class='style-scope ytd-multi-page-menu-renderer']//yt-formatted-string[@id='label' and text()='English (India)']
2026-01-08 18:11:34.247 [TestNG-test-Smoke Tests-2] INFO  [verifyingGlobalFilterLandingPageLingua] Clicking on global filter button in landing page..
2026-01-08 18:11:34.247 [TestNG-test-Smoke Tests-2] INFO  [verifyingGlobalFilterLandingPageLingua] [verifyingGlobalFilterLandingPageLingua] Trying to click element: By.xpath: //div[@id='filter-button']
2026-01-08 18:11:34.664 [TestNG-test-Smoke Tests-2] INFO  [verifyingGlobalFilterLandingPageLingua] [verifyingGlobalFilterLandingPageLingua] Clicked successfully (attempt 1): By.xpath: //div[@id='filter-button']
2026-01-08 18:11:34.915 [TestNG-test-Smoke Tests-2] INFO  [verifyingGlobalFilterLandingPageLingua] Fetching the data from the global filter in landing page
2026-01-08 18:11:34.915 [TestNG-test-Smoke Tests-2] INFO  [verifyingGlobalFilterLandingPageLingua] [verifyingGlobalFilterLandingPageLingua] Trying to find element: By.xpath: //ytd-search-filter-options-dialog-renderer[@class='style-scope ytd-popup-container']
2026-01-08 18:11:34.939 [TestNG-test-Smoke Tests-2] INFO  [verifyingGlobalFilterLandingPageLingua] [verifyingGlobalFilterLandingPageLingua] Element found and ready (attempt 1): By.xpath: //ytd-search-filter-options-dialog-renderer[@class='style-scope ytd-popup-container']
2026-01-08 18:11:34.965 [TestNG-test-Smoke Tests-2] INFO  [verifyingGlobalFilterLandingPageLingua] Closing the global filter pop-up in landing page..
2026-01-08 18:11:34.965 [TestNG-test-Smoke Tests-2] INFO  [verifyingGlobalFilterLandingPageLingua] [verifyingGlobalFilterLandingPageLingua] Trying to find element: By.xpath: //yt-icon[@icon='close']
2026-01-08 18:11:34.987 [TestNG-test-Smoke Tests-2] INFO  [verifyingGlobalFilterLandingPageLingua] [verifyingGlobalFilterLandingPageLingua] Element found and ready (attempt 1): By.xpath: //yt-icon[@icon='close']
2026-01-08 18:11:35.055 [TestNG-test-Smoke Tests-2] INFO  [verifyingGlobalFilterLandingPageLingua] 
========== LANGUAGE DETECTION ==========
Detected Language : ENGLISH
Input Text        : Search filters
UPLOAD DATE
Last hour
Today
This week
This month
This year
TYPE
Video
Channel
Playlist
Film
DURATION
Under 4 minutes
4–20 minutes
Over 20 minutes
FEATURES
Live
4K
HD
Subtitles/CC
Creative Commons
360°
VR180
3D
HDR
Location
Purchased
SORT BY
Relevance
Upload date
View count
Rating
========================================
2026-01-08 18:11:35.055 [TestNG-test-Smoke Tests-2] INFO  [verifyingGlobalFilterLandingPageLingua] getExpectedLangageViaApplicableLangInput(English (India))
2026-01-08 18:11:35.055 [TestNG-test-Smoke Tests-2] INFO  [verifyingGlobalFilterLandingPageLingua] Expected language for 'English (India)' -> ENGLISH
2026-01-08 18:11:35.055 [TestNG-test-Smoke Tests-2] INFO  [verifyingGlobalFilterLandingPageLingua] getLangAttributeViaLanguageInput(English (India))
2026-01-08 18:11:35.055 [TestNG-test-Smoke Tests-2] INFO  [verifyingGlobalFilterLandingPageLingua] Mapped English (India) -> en-IN
2026-01-08 18:11:35.055 [TestNG-test-Smoke Tests-2] INFO  [verifyingGlobalFilterLandingPageLingua] getLangAttribute() - locating <html> and reading lang property
2026-01-08 18:11:35.073 [TestNG-test-Smoke Tests-2] INFO  [verifyingGlobalFilterLandingPageLingua] Language attribute read: en-IN
2026-01-08 18:11:35.074 [TestNG-test-Smoke Tests-2] INFO  [verifyingGlobalFilterLandingPageLingua] [verifyingGlobalFilterLandingPageLingua] Not retrying test 'verifyingGlobalFilterLandingPageLingua'. Retry count: 0, Cause: The following asserts failed:
	Language detection mismatch expected [CROATIAN] but found [BOSNIAN]
2026-01-08 18:11:35.076 [TestNG-test-Smoke Tests-2] ERROR [verifyingGlobalFilterLandingPageLingua] Test FAILED: verifyingGlobalFilterLandingPageLingua - java.lang.AssertionError: The following asserts failed:
	Language detection mismatch expected [CROATIAN] but found [BOSNIAN]
2026-01-08 18:11:35.076 [TestNG-test-Smoke Tests-2] INFO  [verifyingGlobalFilterLandingPageLingua] Closing WebDriver for thread: 35
2026-01-08 18:11:35.742 [TestNG-test-Smoke Tests-2] INFO  [verifyingGlobalFilterLandingPageLingua] WebDriver instance removed from ThreadLocal for thread: 35
2026-01-08 18:11:35.742 [TestNG-test-Smoke Tests-2] INFO  [verifyingGlobalFilterLandingPageLingua] Driver closed for test: verifyingGlobalFilterLandingPageLingua
