2026-01-10 17:15:42.873 [TestNG-test-Smoke Tests-2] INFO  [verifyingGlobalFilterLandingPage] ===== STARTING TEST: verifyingGlobalFilterLandingPage  | Thread: 35 =====
2026-01-10 17:15:42.894 [TestNG-test-Smoke Tests-2] INFO  [verifyingGlobalFilterLandingPage] No existing WebDriver found for current thread. Initializing a new ChromeDriver...
2026-01-10 17:15:44.726 [TestNG-test-Smoke Tests-2] INFO  [verifyingGlobalFilterLandingPage] WebDriverManager: chromedriver setup OK
2026-01-10 17:15:51.576 [TestNG-test-Smoke Tests-2] INFO  [verifyingGlobalFilterLandingPage] ChromeDriver initialized successfully for thread: 35
2026-01-10 17:15:51.576 [TestNG-test-Smoke Tests-2] INFO  [verifyingGlobalFilterLandingPage] Driver initialized successfully for test: verifyingGlobalFilterLandingPage
2026-01-10 17:15:51.746 [TestNG-test-Smoke Tests-2] INFO  [verifyingGlobalFilterLandingPage] SafeActions initialized with driver ChromeDriver: chrome on windows (464b00bfc89df53211729f1c7d7453a0)
2026-01-10 17:15:51.747 [TestNG-test-Smoke Tests-2] INFO  [verifyingGlobalFilterLandingPage] SafeActions initialized with driver ChromeDriver: chrome on windows (464b00bfc89df53211729f1c7d7453a0)
2026-01-10 17:15:51.747 [TestNG-test-Smoke Tests-2] INFO  [verifyingGlobalFilterLandingPage] Initialized YtLandingPage with driver: ChromeDriver: chrome on windows (464b00bfc89df53211729f1c7d7453a0)
2026-01-10 17:15:58.441 [TestNG-test-Smoke Tests-2] INFO  [verifyingGlobalFilterLandingPage] Opened YouTube landing page.
2026-01-10 17:15:58.445 [TestNG-test-Smoke Tests-2] INFO  [verifyingGlobalFilterLandingPage] Giving input into the search bar with input as  = youtube
2026-01-10 17:15:58.445 [TestNG-test-Smoke Tests-2] INFO  [verifyingGlobalFilterLandingPage] [verifyingGlobalFilterLandingPage] Trying to click element: By.xpath: //input[@class='ytSearchboxComponentInput yt-searchbox-input title']
2026-01-10 17:15:58.967 [TestNG-test-Smoke Tests-2] INFO  [verifyingGlobalFilterLandingPage] [verifyingGlobalFilterLandingPage] Clicked successfully (attempt 1): By.xpath: //input[@class='ytSearchboxComponentInput yt-searchbox-input title']
2026-01-10 17:15:59.221 [TestNG-test-Smoke Tests-2] INFO  [verifyingGlobalFilterLandingPage] [verifyingGlobalFilterLandingPage] Trying to find element: By.xpath: //input[@class='ytSearchboxComponentInput yt-searchbox-input title']
2026-01-10 17:15:59.257 [TestNG-test-Smoke Tests-2] INFO  [verifyingGlobalFilterLandingPage] [verifyingGlobalFilterLandingPage] Element found and ready (attempt 1): By.xpath: //input[@class='ytSearchboxComponentInput yt-searchbox-input title']
2026-01-10 17:15:59.357 [TestNG-test-Smoke Tests-2] INFO  [verifyingGlobalFilterLandingPage] clickEnter(By.xpath: //input[@class='ytSearchboxComponentInput yt-searchbox-input title'])
2026-01-10 17:15:59.358 [TestNG-test-Smoke Tests-2] INFO  [verifyingGlobalFilterLandingPage] [verifyingGlobalFilterLandingPage] Trying to find element: By.xpath: //input[@class='ytSearchboxComponentInput yt-searchbox-input title']
2026-01-10 17:15:59.573 [TestNG-test-Smoke Tests-2] INFO  [verifyingGlobalFilterLandingPage] [verifyingGlobalFilterLandingPage] Element found and ready (attempt 1): By.xpath: //input[@class='ytSearchboxComponentInput yt-searchbox-input title']
2026-01-10 17:15:59.746 [TestNG-test-Smoke Tests-2] INFO  [verifyingGlobalFilterLandingPage] Sent ENTER to By.xpath: //input[@class='ytSearchboxComponentInput yt-searchbox-input title']
2026-01-10 17:15:59.747 [TestNG-test-Smoke Tests-2] INFO  [verifyingGlobalFilterLandingPage] [verifyingGlobalFilterLandingPage] Execution is Not CRON Job Hence refering to normal keys from UtilData
2026-01-10 17:15:59.748 [TestNG-test-Smoke Tests-2] INFO  [verifyingGlobalFilterLandingPage] Clicking settings ellipses button...
2026-01-10 17:15:59.759 [TestNG-test-Smoke Tests-2] INFO  [verifyingGlobalFilterLandingPage] [verifyingGlobalFilterLandingPage] Trying to find element: By.xpath: //ytd-topbar-menu-button-renderer[@class='style-scope ytd-masthead style-default']
2026-01-10 17:15:59.997 [TestNG-test-Smoke Tests-2] INFO  [verifyingGlobalFilterLandingPage] [verifyingGlobalFilterLandingPage] Element found and ready (attempt 1): By.xpath: //ytd-topbar-menu-button-renderer[@class='style-scope ytd-masthead style-default']
2026-01-10 17:16:02.392 [TestNG-test-Smoke Tests-2] INFO  [verifyingGlobalFilterLandingPage] Clicking language dropdown...
2026-01-10 17:16:02.393 [TestNG-test-Smoke Tests-2] INFO  [verifyingGlobalFilterLandingPage] [verifyingGlobalFilterLandingPage] Trying to find element: By.xpath: (//div[@id='content-icon'])[2]
2026-01-10 17:16:03.552 [TestNG-test-Smoke Tests-2] INFO  [verifyingGlobalFilterLandingPage] [verifyingGlobalFilterLandingPage] Element found and ready (attempt 1): By.xpath: (//div[@id='content-icon'])[2]
2026-01-10 17:16:07.800 [TestNG-test-Smoke Tests-2] INFO  [verifyingGlobalFilterLandingPage] Looking for language element with name: Afrikaans
2026-01-10 17:16:07.800 [TestNG-test-Smoke Tests-2] INFO  [verifyingGlobalFilterLandingPage] [verifyingGlobalFilterLandingPage] Trying to find element: By.xpath: //yt-multi-page-menu-section-renderer[@class='style-scope ytd-multi-page-menu-renderer']//yt-formatted-string[@id='label' and text()='Afrikaans']
2026-01-10 17:16:07.833 [TestNG-test-Smoke Tests-2] INFO  [verifyingGlobalFilterLandingPage] [verifyingGlobalFilterLandingPage] Element found and ready (attempt 1): By.xpath: //yt-multi-page-menu-section-renderer[@class='style-scope ytd-multi-page-menu-renderer']//yt-formatted-string[@id='label' and text()='Afrikaans']
2026-01-10 17:16:10.212 [TestNG-test-Smoke Tests-2] INFO  [verifyingGlobalFilterLandingPage] Clicking settings ellipses button...
2026-01-10 17:16:10.213 [TestNG-test-Smoke Tests-2] INFO  [verifyingGlobalFilterLandingPage] [verifyingGlobalFilterLandingPage] Trying to find element: By.xpath: //ytd-topbar-menu-button-renderer[@class='style-scope ytd-masthead style-default']
2026-01-10 17:16:11.702 [TestNG-test-Smoke Tests-2] INFO  [verifyingGlobalFilterLandingPage] [verifyingGlobalFilterLandingPage] Element found and ready (attempt 1): By.xpath: //ytd-topbar-menu-button-renderer[@class='style-scope ytd-masthead style-default']
2026-01-10 17:16:12.260 [TestNG-test-Smoke Tests-2] INFO  [verifyingGlobalFilterLandingPage] Looking for language element with name: Afrikaans
2026-01-10 17:16:12.260 [TestNG-test-Smoke Tests-2] INFO  [verifyingGlobalFilterLandingPage] [verifyingGlobalFilterLandingPage] Waiting until element is visible in viewport
2026-01-10 17:16:22.623 [TestNG-test-Smoke Tests-2] INFO  [verifyingGlobalFilterLandingPage] [verifyingGlobalFilterLandingPage] Capturing screenshot: Filter Applied is Afrikaans__2026-01-10_171622.png
2026-01-10 17:16:22.734 [TestNG-test-Smoke Tests-2] INFO  [verifyingGlobalFilterLandingPage] [verifyingGlobalFilterLandingPage] Screenshot saved at: test-output/screenshots/Run_2026-01-10_17-15-18/verifyingGlobalFilterLandingPage/Filter Applied is Afrikaans__2026-01-10_171622.png
2026-01-10 17:16:22.734 [TestNG-test-Smoke Tests-2] INFO  [verifyingGlobalFilterLandingPage] Clicking settings ellipses button...
2026-01-10 17:16:22.735 [TestNG-test-Smoke Tests-2] INFO  [verifyingGlobalFilterLandingPage] [verifyingGlobalFilterLandingPage] Trying to find element: By.xpath: //ytd-topbar-menu-button-renderer[@class='style-scope ytd-masthead style-default']
2026-01-10 17:16:22.756 [TestNG-test-Smoke Tests-2] INFO  [verifyingGlobalFilterLandingPage] [verifyingGlobalFilterLandingPage] Element found and ready (attempt 1): By.xpath: //ytd-topbar-menu-button-renderer[@class='style-scope ytd-masthead style-default']
2026-01-10 17:16:24.813 [TestNG-test-Smoke Tests-2] INFO  [verifyingGlobalFilterLandingPage] Clicking on global filter button in landing page..
2026-01-10 17:16:24.813 [TestNG-test-Smoke Tests-2] INFO  [verifyingGlobalFilterLandingPage] [verifyingGlobalFilterLandingPage] Trying to click element: By.xpath: //div[@id='filter-button']
2026-01-10 17:16:25.009 [TestNG-test-Smoke Tests-2] INFO  [verifyingGlobalFilterLandingPage] [verifyingGlobalFilterLandingPage] Clicked successfully (attempt 1): By.xpath: //div[@id='filter-button']
2026-01-10 17:16:25.352 [TestNG-test-Smoke Tests-2] INFO  [verifyingGlobalFilterLandingPage] [verifyingGlobalFilterLandingPage] Waiting until element is visible in viewport
2026-01-10 17:16:25.379 [TestNG-test-Smoke Tests-2] INFO  [verifyingGlobalFilterLandingPage] [verifyingGlobalFilterLandingPage] Capturing screenshot: Filter Applied is Afrikaans__2026-01-10_171625.png
2026-01-10 17:16:25.472 [TestNG-test-Smoke Tests-2] INFO  [verifyingGlobalFilterLandingPage] [verifyingGlobalFilterLandingPage] Screenshot saved at: test-output/screenshots/Run_2026-01-10_17-15-18/verifyingGlobalFilterLandingPage/Filter Applied is Afrikaans__2026-01-10_171625.png
2026-01-10 17:16:25.472 [TestNG-test-Smoke Tests-2] INFO  [verifyingGlobalFilterLandingPage] Fetching the data from the global filter in landing page
2026-01-10 17:16:25.473 [TestNG-test-Smoke Tests-2] INFO  [verifyingGlobalFilterLandingPage] [verifyingGlobalFilterLandingPage] Trying to find element: By.xpath: //ytd-search-filter-options-dialog-renderer[@class='style-scope ytd-popup-container']
2026-01-10 17:16:25.498 [TestNG-test-Smoke Tests-2] INFO  [verifyingGlobalFilterLandingPage] [verifyingGlobalFilterLandingPage] Element found and ready (attempt 1): By.xpath: //ytd-search-filter-options-dialog-renderer[@class='style-scope ytd-popup-container']
2026-01-10 17:16:25.527 [TestNG-test-Smoke Tests-2] INFO  [verifyingGlobalFilterLandingPage] Closing the global filter pop-up in landing page..
2026-01-10 17:16:25.528 [TestNG-test-Smoke Tests-2] INFO  [verifyingGlobalFilterLandingPage] [verifyingGlobalFilterLandingPage] Trying to find element: By.xpath: //yt-icon[@icon='close']
2026-01-10 17:16:25.553 [TestNG-test-Smoke Tests-2] INFO  [verifyingGlobalFilterLandingPage] [verifyingGlobalFilterLandingPage] Element found and ready (attempt 1): By.xpath: //yt-icon[@icon='close']
2026-01-10 17:16:25.610 [TestNG-test-Smoke Tests-2] INFO  [verifyingGlobalFilterLandingPage] Clicking settings ellipses button...
2026-01-10 17:16:25.610 [TestNG-test-Smoke Tests-2] INFO  [verifyingGlobalFilterLandingPage] [verifyingGlobalFilterLandingPage] Trying to find element: By.xpath: //ytd-topbar-menu-button-renderer[@class='style-scope ytd-masthead style-default']
2026-01-10 17:16:25.642 [TestNG-test-Smoke Tests-2] INFO  [verifyingGlobalFilterLandingPage] [verifyingGlobalFilterLandingPage] Element found and ready (attempt 1): By.xpath: //ytd-topbar-menu-button-renderer[@class='style-scope ytd-masthead style-default']
2026-01-10 17:16:27.755 [TestNG-test-Smoke Tests-2] INFO  [verifyingGlobalFilterLandingPage] Clicking language dropdown...
2026-01-10 17:16:27.755 [TestNG-test-Smoke Tests-2] INFO  [verifyingGlobalFilterLandingPage] [verifyingGlobalFilterLandingPage] Trying to find element: By.xpath: (//div[@id='content-icon'])[2]
2026-01-10 17:16:27.779 [TestNG-test-Smoke Tests-2] INFO  [verifyingGlobalFilterLandingPage] [verifyingGlobalFilterLandingPage] Element found and ready (attempt 1): By.xpath: (//div[@id='content-icon'])[2]
2026-01-10 17:16:31.134 [TestNG-test-Smoke Tests-2] INFO  [verifyingGlobalFilterLandingPage] Looking for language element with name: Azərbaycan
2026-01-10 17:16:31.135 [TestNG-test-Smoke Tests-2] INFO  [verifyingGlobalFilterLandingPage] [verifyingGlobalFilterLandingPage] Trying to find element: By.xpath: //yt-multi-page-menu-section-renderer[@class='style-scope ytd-multi-page-menu-renderer']//yt-formatted-string[@id='label' and text()='Azərbaycan']
2026-01-10 17:16:31.163 [TestNG-test-Smoke Tests-2] INFO  [verifyingGlobalFilterLandingPage] [verifyingGlobalFilterLandingPage] Element found and ready (attempt 1): By.xpath: //yt-multi-page-menu-section-renderer[@class='style-scope ytd-multi-page-menu-renderer']//yt-formatted-string[@id='label' and text()='Azərbaycan']
2026-01-10 17:16:33.448 [TestNG-test-Smoke Tests-2] INFO  [verifyingGlobalFilterLandingPage] Clicking settings ellipses button...
2026-01-10 17:16:33.448 [TestNG-test-Smoke Tests-2] INFO  [verifyingGlobalFilterLandingPage] [verifyingGlobalFilterLandingPage] Trying to find element: By.xpath: //ytd-topbar-menu-button-renderer[@class='style-scope ytd-masthead style-default']
2026-01-10 17:16:34.490 [TestNG-test-Smoke Tests-2] INFO  [verifyingGlobalFilterLandingPage] [verifyingGlobalFilterLandingPage] Element found and ready (attempt 1): By.xpath: //ytd-topbar-menu-button-renderer[@class='style-scope ytd-masthead style-default']
2026-01-10 17:16:35.332 [TestNG-test-Smoke Tests-2] INFO  [verifyingGlobalFilterLandingPage] Looking for language element with name: Azərbaycan
2026-01-10 17:16:35.333 [TestNG-test-Smoke Tests-2] INFO  [verifyingGlobalFilterLandingPage] [verifyingGlobalFilterLandingPage] Waiting until element is visible in viewport
2026-01-10 17:16:45.671 [TestNG-test-Smoke Tests-2] INFO  [verifyingGlobalFilterLandingPage] [verifyingGlobalFilterLandingPage] Capturing screenshot: Filter Applied is Azərbaycan__2026-01-10_171645.png
2026-01-10 17:16:46.559 [TestNG-test-Smoke Tests-2] INFO  [verifyingGlobalFilterLandingPage] [verifyingGlobalFilterLandingPage] Screenshot saved at: test-output/screenshots/Run_2026-01-10_17-15-18/verifyingGlobalFilterLandingPage/Filter Applied is Azərbaycan__2026-01-10_171645.png
2026-01-10 17:16:46.559 [TestNG-test-Smoke Tests-2] INFO  [verifyingGlobalFilterLandingPage] Clicking settings ellipses button...
2026-01-10 17:16:46.559 [TestNG-test-Smoke Tests-2] INFO  [verifyingGlobalFilterLandingPage] [verifyingGlobalFilterLandingPage] Trying to find element: By.xpath: //ytd-topbar-menu-button-renderer[@class='style-scope ytd-masthead style-default']
2026-01-10 17:16:46.582 [TestNG-test-Smoke Tests-2] INFO  [verifyingGlobalFilterLandingPage] [verifyingGlobalFilterLandingPage] Element found and ready (attempt 1): By.xpath: //ytd-topbar-menu-button-renderer[@class='style-scope ytd-masthead style-default']
2026-01-10 17:16:48.639 [TestNG-test-Smoke Tests-2] INFO  [verifyingGlobalFilterLandingPage] Clicking on global filter button in landing page..
2026-01-10 17:16:48.640 [TestNG-test-Smoke Tests-2] INFO  [verifyingGlobalFilterLandingPage] [verifyingGlobalFilterLandingPage] Trying to click element: By.xpath: //div[@id='filter-button']
2026-01-10 17:16:48.831 [TestNG-test-Smoke Tests-2] INFO  [verifyingGlobalFilterLandingPage] [verifyingGlobalFilterLandingPage] Clicked successfully (attempt 1): By.xpath: //div[@id='filter-button']
2026-01-10 17:16:49.084 [TestNG-test-Smoke Tests-2] INFO  [verifyingGlobalFilterLandingPage] [verifyingGlobalFilterLandingPage] Waiting until element is visible in viewport
2026-01-10 17:16:49.111 [TestNG-test-Smoke Tests-2] INFO  [verifyingGlobalFilterLandingPage] [verifyingGlobalFilterLandingPage] Capturing screenshot: Filter Applied is Azərbaycan__2026-01-10_171649.png
2026-01-10 17:16:49.245 [TestNG-test-Smoke Tests-2] INFO  [verifyingGlobalFilterLandingPage] [verifyingGlobalFilterLandingPage] Screenshot saved at: test-output/screenshots/Run_2026-01-10_17-15-18/verifyingGlobalFilterLandingPage/Filter Applied is Azərbaycan__2026-01-10_171649.png
2026-01-10 17:16:49.245 [TestNG-test-Smoke Tests-2] INFO  [verifyingGlobalFilterLandingPage] Fetching the data from the global filter in landing page
2026-01-10 17:16:49.245 [TestNG-test-Smoke Tests-2] INFO  [verifyingGlobalFilterLandingPage] [verifyingGlobalFilterLandingPage] Trying to find element: By.xpath: //ytd-search-filter-options-dialog-renderer[@class='style-scope ytd-popup-container']
2026-01-10 17:16:49.276 [TestNG-test-Smoke Tests-2] INFO  [verifyingGlobalFilterLandingPage] [verifyingGlobalFilterLandingPage] Element found and ready (attempt 1): By.xpath: //ytd-search-filter-options-dialog-renderer[@class='style-scope ytd-popup-container']
2026-01-10 17:16:49.310 [TestNG-test-Smoke Tests-2] INFO  [verifyingGlobalFilterLandingPage] Closing the global filter pop-up in landing page..
2026-01-10 17:16:49.310 [TestNG-test-Smoke Tests-2] INFO  [verifyingGlobalFilterLandingPage] [verifyingGlobalFilterLandingPage] Trying to find element: By.xpath: //yt-icon[@icon='close']
2026-01-10 17:16:49.339 [TestNG-test-Smoke Tests-2] INFO  [verifyingGlobalFilterLandingPage] [verifyingGlobalFilterLandingPage] Element found and ready (attempt 1): By.xpath: //yt-icon[@icon='close']
2026-01-10 17:16:49.496 [TestNG-test-Smoke Tests-2] INFO  [verifyingGlobalFilterLandingPage] Clicking settings ellipses button...
2026-01-10 17:16:49.497 [TestNG-test-Smoke Tests-2] INFO  [verifyingGlobalFilterLandingPage] [verifyingGlobalFilterLandingPage] Trying to find element: By.xpath: //ytd-topbar-menu-button-renderer[@class='style-scope ytd-masthead style-default']
2026-01-10 17:16:49.534 [TestNG-test-Smoke Tests-2] INFO  [verifyingGlobalFilterLandingPage] [verifyingGlobalFilterLandingPage] Element found and ready (attempt 1): By.xpath: //ytd-topbar-menu-button-renderer[@class='style-scope ytd-masthead style-default']
2026-01-10 17:16:51.636 [TestNG-test-Smoke Tests-2] INFO  [verifyingGlobalFilterLandingPage] Clicking language dropdown...
2026-01-10 17:16:51.636 [TestNG-test-Smoke Tests-2] INFO  [verifyingGlobalFilterLandingPage] [verifyingGlobalFilterLandingPage] Trying to find element: By.xpath: (//div[@id='content-icon'])[2]
2026-01-10 17:16:51.673 [TestNG-test-Smoke Tests-2] INFO  [verifyingGlobalFilterLandingPage] [verifyingGlobalFilterLandingPage] Element found and ready (attempt 1): By.xpath: (//div[@id='content-icon'])[2]
2026-01-10 17:16:55.141 [TestNG-test-Smoke Tests-2] INFO  [verifyingGlobalFilterLandingPage] Looking for language element with name: Bahasa Indonesia
2026-01-10 17:16:55.141 [TestNG-test-Smoke Tests-2] INFO  [verifyingGlobalFilterLandingPage] [verifyingGlobalFilterLandingPage] Trying to find element: By.xpath: //yt-multi-page-menu-section-renderer[@class='style-scope ytd-multi-page-menu-renderer']//yt-formatted-string[@id='label' and text()='Bahasa Indonesia']
2026-01-10 17:16:55.172 [TestNG-test-Smoke Tests-2] INFO  [verifyingGlobalFilterLandingPage] [verifyingGlobalFilterLandingPage] Element found and ready (attempt 1): By.xpath: //yt-multi-page-menu-section-renderer[@class='style-scope ytd-multi-page-menu-renderer']//yt-formatted-string[@id='label' and text()='Bahasa Indonesia']
2026-01-10 17:16:57.053 [TestNG-test-Smoke Tests-2] INFO  [verifyingGlobalFilterLandingPage] Clicking settings ellipses button...
2026-01-10 17:16:57.054 [TestNG-test-Smoke Tests-2] INFO  [verifyingGlobalFilterLandingPage] [verifyingGlobalFilterLandingPage] Trying to find element: By.xpath: //ytd-topbar-menu-button-renderer[@class='style-scope ytd-masthead style-default']
2026-01-10 17:16:58.670 [TestNG-test-Smoke Tests-2] INFO  [verifyingGlobalFilterLandingPage] [verifyingGlobalFilterLandingPage] Element found and ready (attempt 1): By.xpath: //ytd-topbar-menu-button-renderer[@class='style-scope ytd-masthead style-default']
2026-01-10 17:16:59.519 [TestNG-test-Smoke Tests-2] INFO  [verifyingGlobalFilterLandingPage] Looking for language element with name: Bahasa Indonesia
2026-01-10 17:16:59.519 [TestNG-test-Smoke Tests-2] INFO  [verifyingGlobalFilterLandingPage] [verifyingGlobalFilterLandingPage] Waiting until element is visible in viewport
2026-01-10 17:17:10.094 [TestNG-test-Smoke Tests-2] INFO  [verifyingGlobalFilterLandingPage] [verifyingGlobalFilterLandingPage] Capturing screenshot: Filter Applied is Bahasa Indonesia__2026-01-10_171710.png
2026-01-10 17:17:10.359 [TestNG-test-Smoke Tests-2] INFO  [verifyingGlobalFilterLandingPage] [verifyingGlobalFilterLandingPage] Screenshot saved at: test-output/screenshots/Run_2026-01-10_17-15-18/verifyingGlobalFilterLandingPage/Filter Applied is Bahasa Indonesia__2026-01-10_171710.png
2026-01-10 17:17:10.360 [TestNG-test-Smoke Tests-2] INFO  [verifyingGlobalFilterLandingPage] Clicking settings ellipses button...
2026-01-10 17:17:10.360 [TestNG-test-Smoke Tests-2] INFO  [verifyingGlobalFilterLandingPage] [verifyingGlobalFilterLandingPage] Trying to find element: By.xpath: //ytd-topbar-menu-button-renderer[@class='style-scope ytd-masthead style-default']
2026-01-10 17:17:10.428 [TestNG-test-Smoke Tests-2] INFO  [verifyingGlobalFilterLandingPage] [verifyingGlobalFilterLandingPage] Element found and ready (attempt 1): By.xpath: //ytd-topbar-menu-button-renderer[@class='style-scope ytd-masthead style-default']
2026-01-10 17:17:12.672 [TestNG-test-Smoke Tests-2] INFO  [verifyingGlobalFilterLandingPage] Clicking on global filter button in landing page..
2026-01-10 17:17:12.672 [TestNG-test-Smoke Tests-2] INFO  [verifyingGlobalFilterLandingPage] [verifyingGlobalFilterLandingPage] Trying to click element: By.xpath: //div[@id='filter-button']
2026-01-10 17:17:12.865 [TestNG-test-Smoke Tests-2] INFO  [verifyingGlobalFilterLandingPage] [verifyingGlobalFilterLandingPage] Clicked successfully (attempt 1): By.xpath: //div[@id='filter-button']
2026-01-10 17:17:13.117 [TestNG-test-Smoke Tests-2] INFO  [verifyingGlobalFilterLandingPage] [verifyingGlobalFilterLandingPage] Waiting until element is visible in viewport
2026-01-10 17:17:13.143 [TestNG-test-Smoke Tests-2] INFO  [verifyingGlobalFilterLandingPage] [verifyingGlobalFilterLandingPage] Capturing screenshot: Filter Applied is Bahasa Indonesia__2026-01-10_171713.png
2026-01-10 17:17:13.277 [TestNG-test-Smoke Tests-2] INFO  [verifyingGlobalFilterLandingPage] [verifyingGlobalFilterLandingPage] Screenshot saved at: test-output/screenshots/Run_2026-01-10_17-15-18/verifyingGlobalFilterLandingPage/Filter Applied is Bahasa Indonesia__2026-01-10_171713.png
2026-01-10 17:17:13.281 [TestNG-test-Smoke Tests-2] INFO  [verifyingGlobalFilterLandingPage] Fetching the data from the global filter in landing page
2026-01-10 17:17:13.281 [TestNG-test-Smoke Tests-2] INFO  [verifyingGlobalFilterLandingPage] [verifyingGlobalFilterLandingPage] Trying to find element: By.xpath: //ytd-search-filter-options-dialog-renderer[@class='style-scope ytd-popup-container']
2026-01-10 17:17:13.312 [TestNG-test-Smoke Tests-2] INFO  [verifyingGlobalFilterLandingPage] [verifyingGlobalFilterLandingPage] Element found and ready (attempt 1): By.xpath: //ytd-search-filter-options-dialog-renderer[@class='style-scope ytd-popup-container']
2026-01-10 17:17:13.346 [TestNG-test-Smoke Tests-2] INFO  [verifyingGlobalFilterLandingPage] Closing the global filter pop-up in landing page..
2026-01-10 17:17:13.347 [TestNG-test-Smoke Tests-2] INFO  [verifyingGlobalFilterLandingPage] [verifyingGlobalFilterLandingPage] Trying to find element: By.xpath: //yt-icon[@icon='close']
2026-01-10 17:17:13.371 [TestNG-test-Smoke Tests-2] INFO  [verifyingGlobalFilterLandingPage] [verifyingGlobalFilterLandingPage] Element found and ready (attempt 1): By.xpath: //yt-icon[@icon='close']
2026-01-10 17:17:13.449 [TestNG-test-Smoke Tests-2] INFO  [verifyingGlobalFilterLandingPage] Clicking settings ellipses button...
2026-01-10 17:17:13.449 [TestNG-test-Smoke Tests-2] INFO  [verifyingGlobalFilterLandingPage] [verifyingGlobalFilterLandingPage] Trying to find element: By.xpath: //ytd-topbar-menu-button-renderer[@class='style-scope ytd-masthead style-default']
2026-01-10 17:17:13.476 [TestNG-test-Smoke Tests-2] INFO  [verifyingGlobalFilterLandingPage] [verifyingGlobalFilterLandingPage] Element found and ready (attempt 1): By.xpath: //ytd-topbar-menu-button-renderer[@class='style-scope ytd-masthead style-default']
2026-01-10 17:17:15.531 [TestNG-test-Smoke Tests-2] INFO  [verifyingGlobalFilterLandingPage] Clicking language dropdown...
2026-01-10 17:17:15.531 [TestNG-test-Smoke Tests-2] INFO  [verifyingGlobalFilterLandingPage] [verifyingGlobalFilterLandingPage] Trying to find element: By.xpath: (//div[@id='content-icon'])[2]
2026-01-10 17:17:15.556 [TestNG-test-Smoke Tests-2] INFO  [verifyingGlobalFilterLandingPage] [verifyingGlobalFilterLandingPage] Element found and ready (attempt 1): By.xpath: (//div[@id='content-icon'])[2]
2026-01-10 17:17:18.915 [TestNG-test-Smoke Tests-2] INFO  [verifyingGlobalFilterLandingPage] Looking for language element with name: Bosanski
2026-01-10 17:17:18.915 [TestNG-test-Smoke Tests-2] INFO  [verifyingGlobalFilterLandingPage] [verifyingGlobalFilterLandingPage] Trying to find element: By.xpath: //yt-multi-page-menu-section-renderer[@class='style-scope ytd-multi-page-menu-renderer']//yt-formatted-string[@id='label' and text()='Bosanski']
2026-01-10 17:17:18.947 [TestNG-test-Smoke Tests-2] INFO  [verifyingGlobalFilterLandingPage] [verifyingGlobalFilterLandingPage] Element found and ready (attempt 1): By.xpath: //yt-multi-page-menu-section-renderer[@class='style-scope ytd-multi-page-menu-renderer']//yt-formatted-string[@id='label' and text()='Bosanski']
2026-01-10 17:17:24.380 [TestNG-test-Smoke Tests-2] INFO  [verifyingGlobalFilterLandingPage] Clicking settings ellipses button...
2026-01-10 17:17:24.381 [TestNG-test-Smoke Tests-2] INFO  [verifyingGlobalFilterLandingPage] [verifyingGlobalFilterLandingPage] Trying to find element: By.xpath: //ytd-topbar-menu-button-renderer[@class='style-scope ytd-masthead style-default']
2026-01-10 17:17:24.756 [TestNG-test-Smoke Tests-2] INFO  [verifyingGlobalFilterLandingPage] [verifyingGlobalFilterLandingPage] Element found and ready (attempt 1): By.xpath: //ytd-topbar-menu-button-renderer[@class='style-scope ytd-masthead style-default']
2026-01-10 17:17:25.370 [TestNG-test-Smoke Tests-2] INFO  [verifyingGlobalFilterLandingPage] Looking for language element with name: Bosanski
2026-01-10 17:17:25.371 [TestNG-test-Smoke Tests-2] INFO  [verifyingGlobalFilterLandingPage] [verifyingGlobalFilterLandingPage] Waiting until element is visible in viewport
2026-01-10 17:17:35.636 [TestNG-test-Smoke Tests-2] INFO  [verifyingGlobalFilterLandingPage] [verifyingGlobalFilterLandingPage] Capturing screenshot: Filter Applied is Bosanski__2026-01-10_171735.png
2026-01-10 17:17:35.786 [TestNG-test-Smoke Tests-2] INFO  [verifyingGlobalFilterLandingPage] [verifyingGlobalFilterLandingPage] Screenshot saved at: test-output/screenshots/Run_2026-01-10_17-15-18/verifyingGlobalFilterLandingPage/Filter Applied is Bosanski__2026-01-10_171735.png
2026-01-10 17:17:35.786 [TestNG-test-Smoke Tests-2] INFO  [verifyingGlobalFilterLandingPage] Clicking settings ellipses button...
2026-01-10 17:17:35.786 [TestNG-test-Smoke Tests-2] INFO  [verifyingGlobalFilterLandingPage] [verifyingGlobalFilterLandingPage] Trying to find element: By.xpath: //ytd-topbar-menu-button-renderer[@class='style-scope ytd-masthead style-default']
2026-01-10 17:17:35.817 [TestNG-test-Smoke Tests-2] INFO  [verifyingGlobalFilterLandingPage] [verifyingGlobalFilterLandingPage] Element found and ready (attempt 1): By.xpath: //ytd-topbar-menu-button-renderer[@class='style-scope ytd-masthead style-default']
2026-01-10 17:17:37.910 [TestNG-test-Smoke Tests-2] INFO  [verifyingGlobalFilterLandingPage] Clicking on global filter button in landing page..
2026-01-10 17:17:37.910 [TestNG-test-Smoke Tests-2] INFO  [verifyingGlobalFilterLandingPage] [verifyingGlobalFilterLandingPage] Trying to click element: By.xpath: //div[@id='filter-button']
2026-01-10 17:17:38.427 [TestNG-test-Smoke Tests-2] INFO  [verifyingGlobalFilterLandingPage] [verifyingGlobalFilterLandingPage] Clicked successfully (attempt 1): By.xpath: //div[@id='filter-button']
2026-01-10 17:17:38.678 [TestNG-test-Smoke Tests-2] INFO  [verifyingGlobalFilterLandingPage] [verifyingGlobalFilterLandingPage] Waiting until element is visible in viewport
2026-01-10 17:17:38.700 [TestNG-test-Smoke Tests-2] INFO  [verifyingGlobalFilterLandingPage] [verifyingGlobalFilterLandingPage] Capturing screenshot: Filter Applied is Bosanski__2026-01-10_171738.png
2026-01-10 17:17:38.766 [TestNG-test-Smoke Tests-2] INFO  [verifyingGlobalFilterLandingPage] [verifyingGlobalFilterLandingPage] Screenshot saved at: test-output/screenshots/Run_2026-01-10_17-15-18/verifyingGlobalFilterLandingPage/Filter Applied is Bosanski__2026-01-10_171738.png
2026-01-10 17:17:38.767 [TestNG-test-Smoke Tests-2] INFO  [verifyingGlobalFilterLandingPage] Fetching the data from the global filter in landing page
2026-01-10 17:17:38.767 [TestNG-test-Smoke Tests-2] INFO  [verifyingGlobalFilterLandingPage] [verifyingGlobalFilterLandingPage] Trying to find element: By.xpath: //ytd-search-filter-options-dialog-renderer[@class='style-scope ytd-popup-container']
2026-01-10 17:17:38.789 [TestNG-test-Smoke Tests-2] INFO  [verifyingGlobalFilterLandingPage] [verifyingGlobalFilterLandingPage] Element found and ready (attempt 1): By.xpath: //ytd-search-filter-options-dialog-renderer[@class='style-scope ytd-popup-container']
2026-01-10 17:17:38.815 [TestNG-test-Smoke Tests-2] INFO  [verifyingGlobalFilterLandingPage] Closing the global filter pop-up in landing page..
2026-01-10 17:17:38.815 [TestNG-test-Smoke Tests-2] INFO  [verifyingGlobalFilterLandingPage] [verifyingGlobalFilterLandingPage] Trying to find element: By.xpath: //yt-icon[@icon='close']
2026-01-10 17:17:38.835 [TestNG-test-Smoke Tests-2] INFO  [verifyingGlobalFilterLandingPage] [verifyingGlobalFilterLandingPage] Element found and ready (attempt 1): By.xpath: //yt-icon[@icon='close']
2026-01-10 17:17:38.889 [TestNG-test-Smoke Tests-2] INFO  [verifyingGlobalFilterLandingPage] Clicking settings ellipses button...
2026-01-10 17:17:38.891 [TestNG-test-Smoke Tests-2] INFO  [verifyingGlobalFilterLandingPage] [verifyingGlobalFilterLandingPage] Trying to find element: By.xpath: //ytd-topbar-menu-button-renderer[@class='style-scope ytd-masthead style-default']
2026-01-10 17:17:38.924 [TestNG-test-Smoke Tests-2] INFO  [verifyingGlobalFilterLandingPage] [verifyingGlobalFilterLandingPage] Element found and ready (attempt 1): By.xpath: //ytd-topbar-menu-button-renderer[@class='style-scope ytd-masthead style-default']
2026-01-10 17:17:40.996 [TestNG-test-Smoke Tests-2] INFO  [verifyingGlobalFilterLandingPage] Clicking language dropdown...
2026-01-10 17:17:40.996 [TestNG-test-Smoke Tests-2] INFO  [verifyingGlobalFilterLandingPage] [verifyingGlobalFilterLandingPage] Trying to find element: By.xpath: (//div[@id='content-icon'])[2]
2026-01-10 17:17:41.028 [TestNG-test-Smoke Tests-2] INFO  [verifyingGlobalFilterLandingPage] [verifyingGlobalFilterLandingPage] Element found and ready (attempt 1): By.xpath: (//div[@id='content-icon'])[2]
2026-01-10 17:17:44.517 [TestNG-test-Smoke Tests-2] INFO  [verifyingGlobalFilterLandingPage] Looking for language element with name: Català
2026-01-10 17:17:44.517 [TestNG-test-Smoke Tests-2] INFO  [verifyingGlobalFilterLandingPage] [verifyingGlobalFilterLandingPage] Trying to find element: By.xpath: //yt-multi-page-menu-section-renderer[@class='style-scope ytd-multi-page-menu-renderer']//yt-formatted-string[@id='label' and text()='Català']
2026-01-10 17:17:44.548 [TestNG-test-Smoke Tests-2] INFO  [verifyingGlobalFilterLandingPage] [verifyingGlobalFilterLandingPage] Element found and ready (attempt 1): By.xpath: //yt-multi-page-menu-section-renderer[@class='style-scope ytd-multi-page-menu-renderer']//yt-formatted-string[@id='label' and text()='Català']
2026-01-10 17:17:46.813 [TestNG-test-Smoke Tests-2] INFO  [verifyingGlobalFilterLandingPage] Clicking settings ellipses button...
2026-01-10 17:17:46.814 [TestNG-test-Smoke Tests-2] INFO  [verifyingGlobalFilterLandingPage] [verifyingGlobalFilterLandingPage] Trying to find element: By.xpath: //ytd-topbar-menu-button-renderer[@class='style-scope ytd-masthead style-default']
2026-01-10 17:17:47.927 [TestNG-test-Smoke Tests-2] INFO  [verifyingGlobalFilterLandingPage] [verifyingGlobalFilterLandingPage] Element found and ready (attempt 1): By.xpath: //ytd-topbar-menu-button-renderer[@class='style-scope ytd-masthead style-default']
2026-01-10 17:17:48.286 [TestNG-test-Smoke Tests-2] INFO  [verifyingGlobalFilterLandingPage] Looking for language element with name: Català
2026-01-10 17:17:48.286 [TestNG-test-Smoke Tests-2] INFO  [verifyingGlobalFilterLandingPage] [verifyingGlobalFilterLandingPage] Waiting until element is visible in viewport
2026-01-10 17:17:58.664 [TestNG-test-Smoke Tests-2] INFO  [verifyingGlobalFilterLandingPage] [verifyingGlobalFilterLandingPage] Capturing screenshot: Filter Applied is Català__2026-01-10_171758.png
2026-01-10 17:17:58.814 [TestNG-test-Smoke Tests-2] INFO  [verifyingGlobalFilterLandingPage] [verifyingGlobalFilterLandingPage] Screenshot saved at: test-output/screenshots/Run_2026-01-10_17-15-18/verifyingGlobalFilterLandingPage/Filter Applied is Català__2026-01-10_171758.png
2026-01-10 17:17:58.814 [TestNG-test-Smoke Tests-2] INFO  [verifyingGlobalFilterLandingPage] Clicking settings ellipses button...
2026-01-10 17:17:58.814 [TestNG-test-Smoke Tests-2] INFO  [verifyingGlobalFilterLandingPage] [verifyingGlobalFilterLandingPage] Trying to find element: By.xpath: //ytd-topbar-menu-button-renderer[@class='style-scope ytd-masthead style-default']
2026-01-10 17:17:58.840 [TestNG-test-Smoke Tests-2] INFO  [verifyingGlobalFilterLandingPage] [verifyingGlobalFilterLandingPage] Element found and ready (attempt 1): By.xpath: //ytd-topbar-menu-button-renderer[@class='style-scope ytd-masthead style-default']
2026-01-10 17:18:00.903 [TestNG-test-Smoke Tests-2] INFO  [verifyingGlobalFilterLandingPage] Clicking on global filter button in landing page..
2026-01-10 17:18:00.903 [TestNG-test-Smoke Tests-2] INFO  [verifyingGlobalFilterLandingPage] [verifyingGlobalFilterLandingPage] Trying to click element: By.xpath: //div[@id='filter-button']
2026-01-10 17:18:01.148 [TestNG-test-Smoke Tests-2] INFO  [verifyingGlobalFilterLandingPage] [verifyingGlobalFilterLandingPage] Clicked successfully (attempt 1): By.xpath: //div[@id='filter-button']
2026-01-10 17:18:01.399 [TestNG-test-Smoke Tests-2] INFO  [verifyingGlobalFilterLandingPage] [verifyingGlobalFilterLandingPage] Waiting until element is visible in viewport
2026-01-10 17:18:01.425 [TestNG-test-Smoke Tests-2] INFO  [verifyingGlobalFilterLandingPage] [verifyingGlobalFilterLandingPage] Capturing screenshot: Filter Applied is Català__2026-01-10_171801.png
2026-01-10 17:18:02.182 [TestNG-test-Smoke Tests-2] INFO  [verifyingGlobalFilterLandingPage] [verifyingGlobalFilterLandingPage] Screenshot saved at: test-output/screenshots/Run_2026-01-10_17-15-18/verifyingGlobalFilterLandingPage/Filter Applied is Català__2026-01-10_171801.png
2026-01-10 17:18:02.182 [TestNG-test-Smoke Tests-2] INFO  [verifyingGlobalFilterLandingPage] Fetching the data from the global filter in landing page
2026-01-10 17:18:02.182 [TestNG-test-Smoke Tests-2] INFO  [verifyingGlobalFilterLandingPage] [verifyingGlobalFilterLandingPage] Trying to find element: By.xpath: //ytd-search-filter-options-dialog-renderer[@class='style-scope ytd-popup-container']
2026-01-10 17:18:02.203 [TestNG-test-Smoke Tests-2] INFO  [verifyingGlobalFilterLandingPage] [verifyingGlobalFilterLandingPage] Element found and ready (attempt 1): By.xpath: //ytd-search-filter-options-dialog-renderer[@class='style-scope ytd-popup-container']
2026-01-10 17:18:02.228 [TestNG-test-Smoke Tests-2] INFO  [verifyingGlobalFilterLandingPage] Closing the global filter pop-up in landing page..
2026-01-10 17:18:02.228 [TestNG-test-Smoke Tests-2] INFO  [verifyingGlobalFilterLandingPage] [verifyingGlobalFilterLandingPage] Trying to find element: By.xpath: //yt-icon[@icon='close']
2026-01-10 17:18:02.248 [TestNG-test-Smoke Tests-2] INFO  [verifyingGlobalFilterLandingPage] [verifyingGlobalFilterLandingPage] Element found and ready (attempt 1): By.xpath: //yt-icon[@icon='close']
2026-01-10 17:18:02.306 [TestNG-test-Smoke Tests-2] INFO  [verifyingGlobalFilterLandingPage] Clicking settings ellipses button...
2026-01-10 17:18:02.389 [TestNG-test-Smoke Tests-2] INFO  [verifyingGlobalFilterLandingPage] [verifyingGlobalFilterLandingPage] Trying to find element: By.xpath: //ytd-topbar-menu-button-renderer[@class='style-scope ytd-masthead style-default']
2026-01-10 17:18:02.444 [TestNG-test-Smoke Tests-2] INFO  [verifyingGlobalFilterLandingPage] [verifyingGlobalFilterLandingPage] Element found and ready (attempt 1): By.xpath: //ytd-topbar-menu-button-renderer[@class='style-scope ytd-masthead style-default']
2026-01-10 17:18:04.500 [TestNG-test-Smoke Tests-2] INFO  [verifyingGlobalFilterLandingPage] Clicking language dropdown...
2026-01-10 17:18:04.500 [TestNG-test-Smoke Tests-2] INFO  [verifyingGlobalFilterLandingPage] [verifyingGlobalFilterLandingPage] Trying to find element: By.xpath: (//div[@id='content-icon'])[2]
2026-01-10 17:18:04.526 [TestNG-test-Smoke Tests-2] INFO  [verifyingGlobalFilterLandingPage] [verifyingGlobalFilterLandingPage] Element found and ready (attempt 1): By.xpath: (//div[@id='content-icon'])[2]
2026-01-10 17:18:07.950 [TestNG-test-Smoke Tests-2] INFO  [verifyingGlobalFilterLandingPage] Looking for language element with name: Dansk
2026-01-10 17:18:07.950 [TestNG-test-Smoke Tests-2] INFO  [verifyingGlobalFilterLandingPage] [verifyingGlobalFilterLandingPage] Trying to find element: By.xpath: //yt-multi-page-menu-section-renderer[@class='style-scope ytd-multi-page-menu-renderer']//yt-formatted-string[@id='label' and text()='Dansk']
2026-01-10 17:18:07.993 [TestNG-test-Smoke Tests-2] INFO  [verifyingGlobalFilterLandingPage] [verifyingGlobalFilterLandingPage] Element found and ready (attempt 1): By.xpath: //yt-multi-page-menu-section-renderer[@class='style-scope ytd-multi-page-menu-renderer']//yt-formatted-string[@id='label' and text()='Dansk']
2026-01-10 17:18:12.872 [TestNG-test-Smoke Tests-2] INFO  [verifyingGlobalFilterLandingPage] Clicking settings ellipses button...
2026-01-10 17:18:12.872 [TestNG-test-Smoke Tests-2] INFO  [verifyingGlobalFilterLandingPage] [verifyingGlobalFilterLandingPage] Trying to find element: By.xpath: //ytd-topbar-menu-button-renderer[@class='style-scope ytd-masthead style-default']
2026-01-10 17:18:13.186 [TestNG-test-Smoke Tests-2] INFO  [verifyingGlobalFilterLandingPage] [verifyingGlobalFilterLandingPage] Element found and ready (attempt 1): By.xpath: //ytd-topbar-menu-button-renderer[@class='style-scope ytd-masthead style-default']
2026-01-10 17:18:13.586 [TestNG-test-Smoke Tests-2] INFO  [verifyingGlobalFilterLandingPage] Looking for language element with name: Dansk
2026-01-10 17:18:13.586 [TestNG-test-Smoke Tests-2] INFO  [verifyingGlobalFilterLandingPage] [verifyingGlobalFilterLandingPage] Waiting until element is visible in viewport
2026-01-10 17:18:23.597 [TestNG-test-Smoke Tests-2] INFO  [verifyingGlobalFilterLandingPage] [verifyingGlobalFilterLandingPage] Capturing screenshot: Filter Applied is Dansk__2026-01-10_171823.png
2026-01-10 17:18:23.722 [TestNG-test-Smoke Tests-2] INFO  [verifyingGlobalFilterLandingPage] [verifyingGlobalFilterLandingPage] Screenshot saved at: test-output/screenshots/Run_2026-01-10_17-15-18/verifyingGlobalFilterLandingPage/Filter Applied is Dansk__2026-01-10_171823.png
2026-01-10 17:18:23.722 [TestNG-test-Smoke Tests-2] INFO  [verifyingGlobalFilterLandingPage] Clicking settings ellipses button...
2026-01-10 17:18:23.722 [TestNG-test-Smoke Tests-2] INFO  [verifyingGlobalFilterLandingPage] [verifyingGlobalFilterLandingPage] Trying to find element: By.xpath: //ytd-topbar-menu-button-renderer[@class='style-scope ytd-masthead style-default']
2026-01-10 17:18:23.742 [TestNG-test-Smoke Tests-2] INFO  [verifyingGlobalFilterLandingPage] [verifyingGlobalFilterLandingPage] Element found and ready (attempt 1): By.xpath: //ytd-topbar-menu-button-renderer[@class='style-scope ytd-masthead style-default']
2026-01-10 17:18:25.803 [TestNG-test-Smoke Tests-2] INFO  [verifyingGlobalFilterLandingPage] Clicking on global filter button in landing page..
2026-01-10 17:18:25.803 [TestNG-test-Smoke Tests-2] INFO  [verifyingGlobalFilterLandingPage] [verifyingGlobalFilterLandingPage] Trying to click element: By.xpath: //div[@id='filter-button']
2026-01-10 17:18:26.057 [TestNG-test-Smoke Tests-2] INFO  [verifyingGlobalFilterLandingPage] [verifyingGlobalFilterLandingPage] Clicked successfully (attempt 1): By.xpath: //div[@id='filter-button']
2026-01-10 17:18:26.309 [TestNG-test-Smoke Tests-2] INFO  [verifyingGlobalFilterLandingPage] [verifyingGlobalFilterLandingPage] Waiting until element is visible in viewport
2026-01-10 17:18:26.338 [TestNG-test-Smoke Tests-2] INFO  [verifyingGlobalFilterLandingPage] [verifyingGlobalFilterLandingPage] Capturing screenshot: Filter Applied is Dansk__2026-01-10_171826.png
2026-01-10 17:18:26.521 [TestNG-test-Smoke Tests-2] INFO  [verifyingGlobalFilterLandingPage] [verifyingGlobalFilterLandingPage] Screenshot saved at: test-output/screenshots/Run_2026-01-10_17-15-18/verifyingGlobalFilterLandingPage/Filter Applied is Dansk__2026-01-10_171826.png
2026-01-10 17:18:26.522 [TestNG-test-Smoke Tests-2] INFO  [verifyingGlobalFilterLandingPage] Fetching the data from the global filter in landing page
2026-01-10 17:18:26.522 [TestNG-test-Smoke Tests-2] INFO  [verifyingGlobalFilterLandingPage] [verifyingGlobalFilterLandingPage] Trying to find element: By.xpath: //ytd-search-filter-options-dialog-renderer[@class='style-scope ytd-popup-container']
2026-01-10 17:18:26.551 [TestNG-test-Smoke Tests-2] INFO  [verifyingGlobalFilterLandingPage] [verifyingGlobalFilterLandingPage] Element found and ready (attempt 1): By.xpath: //ytd-search-filter-options-dialog-renderer[@class='style-scope ytd-popup-container']
2026-01-10 17:18:26.698 [TestNG-test-Smoke Tests-2] INFO  [verifyingGlobalFilterLandingPage] Closing the global filter pop-up in landing page..
2026-01-10 17:18:26.698 [TestNG-test-Smoke Tests-2] INFO  [verifyingGlobalFilterLandingPage] [verifyingGlobalFilterLandingPage] Trying to find element: By.xpath: //yt-icon[@icon='close']
2026-01-10 17:18:26.738 [TestNG-test-Smoke Tests-2] INFO  [verifyingGlobalFilterLandingPage] [verifyingGlobalFilterLandingPage] Element found and ready (attempt 1): By.xpath: //yt-icon[@icon='close']
2026-01-10 17:18:26.847 [TestNG-test-Smoke Tests-2] INFO  [verifyingGlobalFilterLandingPage] Clicking settings ellipses button...
2026-01-10 17:18:26.847 [TestNG-test-Smoke Tests-2] INFO  [verifyingGlobalFilterLandingPage] [verifyingGlobalFilterLandingPage] Trying to find element: By.xpath: //ytd-topbar-menu-button-renderer[@class='style-scope ytd-masthead style-default']
2026-01-10 17:18:26.894 [TestNG-test-Smoke Tests-2] INFO  [verifyingGlobalFilterLandingPage] [verifyingGlobalFilterLandingPage] Element found and ready (attempt 1): By.xpath: //ytd-topbar-menu-button-renderer[@class='style-scope ytd-masthead style-default']
2026-01-10 17:18:28.996 [TestNG-test-Smoke Tests-2] INFO  [verifyingGlobalFilterLandingPage] Clicking language dropdown...
2026-01-10 17:18:28.996 [TestNG-test-Smoke Tests-2] INFO  [verifyingGlobalFilterLandingPage] [verifyingGlobalFilterLandingPage] Trying to find element: By.xpath: (//div[@id='content-icon'])[2]
2026-01-10 17:18:29.031 [TestNG-test-Smoke Tests-2] INFO  [verifyingGlobalFilterLandingPage] [verifyingGlobalFilterLandingPage] Element found and ready (attempt 1): By.xpath: (//div[@id='content-icon'])[2]
2026-01-10 17:18:32.994 [TestNG-test-Smoke Tests-2] INFO  [verifyingGlobalFilterLandingPage] Looking for language element with name: Deutsch
2026-01-10 17:18:32.994 [TestNG-test-Smoke Tests-2] INFO  [verifyingGlobalFilterLandingPage] [verifyingGlobalFilterLandingPage] Trying to find element: By.xpath: //yt-multi-page-menu-section-renderer[@class='style-scope ytd-multi-page-menu-renderer']//yt-formatted-string[@id='label' and text()='Deutsch']
2026-01-10 17:18:33.023 [TestNG-test-Smoke Tests-2] INFO  [verifyingGlobalFilterLandingPage] [verifyingGlobalFilterLandingPage] Element found and ready (attempt 1): By.xpath: //yt-multi-page-menu-section-renderer[@class='style-scope ytd-multi-page-menu-renderer']//yt-formatted-string[@id='label' and text()='Deutsch']
2026-01-10 17:18:35.252 [TestNG-test-Smoke Tests-2] INFO  [verifyingGlobalFilterLandingPage] Clicking settings ellipses button...
2026-01-10 17:18:35.253 [TestNG-test-Smoke Tests-2] INFO  [verifyingGlobalFilterLandingPage] [verifyingGlobalFilterLandingPage] Trying to find element: By.xpath: //ytd-topbar-menu-button-renderer[@class='style-scope ytd-masthead style-default']
2026-01-10 17:18:36.663 [TestNG-test-Smoke Tests-2] INFO  [verifyingGlobalFilterLandingPage] [verifyingGlobalFilterLandingPage] Element found and ready (attempt 1): By.xpath: //ytd-topbar-menu-button-renderer[@class='style-scope ytd-masthead style-default']
2026-01-10 17:18:37.706 [TestNG-test-Smoke Tests-2] INFO  [verifyingGlobalFilterLandingPage] Looking for language element with name: Deutsch
2026-01-10 17:18:37.707 [TestNG-test-Smoke Tests-2] INFO  [verifyingGlobalFilterLandingPage] [verifyingGlobalFilterLandingPage] Waiting until element is visible in viewport
2026-01-10 17:18:48.168 [TestNG-test-Smoke Tests-2] INFO  [verifyingGlobalFilterLandingPage] [verifyingGlobalFilterLandingPage] Capturing screenshot: Filter Applied is Deutsch__2026-01-10_171848.png
2026-01-10 17:18:48.333 [TestNG-test-Smoke Tests-2] INFO  [verifyingGlobalFilterLandingPage] [verifyingGlobalFilterLandingPage] Screenshot saved at: test-output/screenshots/Run_2026-01-10_17-15-18/verifyingGlobalFilterLandingPage/Filter Applied is Deutsch__2026-01-10_171848.png
2026-01-10 17:18:48.333 [TestNG-test-Smoke Tests-2] INFO  [verifyingGlobalFilterLandingPage] Clicking settings ellipses button...
2026-01-10 17:18:48.333 [TestNG-test-Smoke Tests-2] INFO  [verifyingGlobalFilterLandingPage] [verifyingGlobalFilterLandingPage] Trying to find element: By.xpath: //ytd-topbar-menu-button-renderer[@class='style-scope ytd-masthead style-default']
2026-01-10 17:18:48.362 [TestNG-test-Smoke Tests-2] INFO  [verifyingGlobalFilterLandingPage] [verifyingGlobalFilterLandingPage] Element found and ready (attempt 1): By.xpath: //ytd-topbar-menu-button-renderer[@class='style-scope ytd-masthead style-default']
2026-01-10 17:18:50.445 [TestNG-test-Smoke Tests-2] INFO  [verifyingGlobalFilterLandingPage] Clicking on global filter button in landing page..
2026-01-10 17:18:50.445 [TestNG-test-Smoke Tests-2] INFO  [verifyingGlobalFilterLandingPage] [verifyingGlobalFilterLandingPage] Trying to click element: By.xpath: //div[@id='filter-button']
2026-01-10 17:18:51.027 [TestNG-test-Smoke Tests-2] INFO  [verifyingGlobalFilterLandingPage] [verifyingGlobalFilterLandingPage] Clicked successfully (attempt 1): By.xpath: //div[@id='filter-button']
2026-01-10 17:18:51.286 [TestNG-test-Smoke Tests-2] INFO  [verifyingGlobalFilterLandingPage] [verifyingGlobalFilterLandingPage] Waiting until element is visible in viewport
2026-01-10 17:18:51.315 [TestNG-test-Smoke Tests-2] INFO  [verifyingGlobalFilterLandingPage] [verifyingGlobalFilterLandingPage] Capturing screenshot: Filter Applied is Deutsch__2026-01-10_171851.png
2026-01-10 17:18:51.407 [TestNG-test-Smoke Tests-2] INFO  [verifyingGlobalFilterLandingPage] [verifyingGlobalFilterLandingPage] Screenshot saved at: test-output/screenshots/Run_2026-01-10_17-15-18/verifyingGlobalFilterLandingPage/Filter Applied is Deutsch__2026-01-10_171851.png
2026-01-10 17:18:51.407 [TestNG-test-Smoke Tests-2] INFO  [verifyingGlobalFilterLandingPage] Fetching the data from the global filter in landing page
2026-01-10 17:18:51.407 [TestNG-test-Smoke Tests-2] INFO  [verifyingGlobalFilterLandingPage] [verifyingGlobalFilterLandingPage] Trying to find element: By.xpath: //ytd-search-filter-options-dialog-renderer[@class='style-scope ytd-popup-container']
2026-01-10 17:18:51.434 [TestNG-test-Smoke Tests-2] INFO  [verifyingGlobalFilterLandingPage] [verifyingGlobalFilterLandingPage] Element found and ready (attempt 1): By.xpath: //ytd-search-filter-options-dialog-renderer[@class='style-scope ytd-popup-container']
2026-01-10 17:18:51.473 [TestNG-test-Smoke Tests-2] INFO  [verifyingGlobalFilterLandingPage] Closing the global filter pop-up in landing page..
2026-01-10 17:18:51.473 [TestNG-test-Smoke Tests-2] INFO  [verifyingGlobalFilterLandingPage] [verifyingGlobalFilterLandingPage] Trying to find element: By.xpath: //yt-icon[@icon='close']
2026-01-10 17:18:51.500 [TestNG-test-Smoke Tests-2] INFO  [verifyingGlobalFilterLandingPage] [verifyingGlobalFilterLandingPage] Element found and ready (attempt 1): By.xpath: //yt-icon[@icon='close']
2026-01-10 17:18:51.593 [TestNG-test-Smoke Tests-2] INFO  [verifyingGlobalFilterLandingPage] Clicking settings ellipses button...
2026-01-10 17:18:51.593 [TestNG-test-Smoke Tests-2] INFO  [verifyingGlobalFilterLandingPage] [verifyingGlobalFilterLandingPage] Trying to find element: By.xpath: //ytd-topbar-menu-button-renderer[@class='style-scope ytd-masthead style-default']
2026-01-10 17:18:51.646 [TestNG-test-Smoke Tests-2] INFO  [verifyingGlobalFilterLandingPage] [verifyingGlobalFilterLandingPage] Element found and ready (attempt 1): By.xpath: //ytd-topbar-menu-button-renderer[@class='style-scope ytd-masthead style-default']
2026-01-10 17:18:54.006 [TestNG-test-Smoke Tests-2] INFO  [verifyingGlobalFilterLandingPage] Clicking language dropdown...
2026-01-10 17:18:54.006 [TestNG-test-Smoke Tests-2] INFO  [verifyingGlobalFilterLandingPage] [verifyingGlobalFilterLandingPage] Trying to find element: By.xpath: (//div[@id='content-icon'])[2]
2026-01-10 17:18:54.033 [TestNG-test-Smoke Tests-2] INFO  [verifyingGlobalFilterLandingPage] [verifyingGlobalFilterLandingPage] Element found and ready (attempt 1): By.xpath: (//div[@id='content-icon'])[2]
2026-01-10 17:18:57.541 [TestNG-test-Smoke Tests-2] INFO  [verifyingGlobalFilterLandingPage] Looking for language element with name: Eesti
2026-01-10 17:18:57.541 [TestNG-test-Smoke Tests-2] INFO  [verifyingGlobalFilterLandingPage] [verifyingGlobalFilterLandingPage] Trying to find element: By.xpath: //yt-multi-page-menu-section-renderer[@class='style-scope ytd-multi-page-menu-renderer']//yt-formatted-string[@id='label' and text()='Eesti']
2026-01-10 17:18:57.572 [TestNG-test-Smoke Tests-2] INFO  [verifyingGlobalFilterLandingPage] [verifyingGlobalFilterLandingPage] Element found and ready (attempt 1): By.xpath: //yt-multi-page-menu-section-renderer[@class='style-scope ytd-multi-page-menu-renderer']//yt-formatted-string[@id='label' and text()='Eesti']
2026-01-10 17:18:59.945 [TestNG-test-Smoke Tests-2] INFO  [verifyingGlobalFilterLandingPage] Clicking settings ellipses button...
2026-01-10 17:18:59.945 [TestNG-test-Smoke Tests-2] INFO  [verifyingGlobalFilterLandingPage] [verifyingGlobalFilterLandingPage] Trying to find element: By.xpath: //ytd-topbar-menu-button-renderer[@class='style-scope ytd-masthead style-default']
2026-01-10 17:19:00.933 [TestNG-test-Smoke Tests-2] INFO  [verifyingGlobalFilterLandingPage] [verifyingGlobalFilterLandingPage] Element found and ready (attempt 1): By.xpath: //ytd-topbar-menu-button-renderer[@class='style-scope ytd-masthead style-default']
2026-01-10 17:19:01.701 [TestNG-test-Smoke Tests-2] INFO  [verifyingGlobalFilterLandingPage] Looking for language element with name: Eesti
2026-01-10 17:19:01.701 [TestNG-test-Smoke Tests-2] INFO  [verifyingGlobalFilterLandingPage] [verifyingGlobalFilterLandingPage] Waiting until element is visible in viewport
2026-01-10 17:19:12.169 [TestNG-test-Smoke Tests-2] INFO  [verifyingGlobalFilterLandingPage] [verifyingGlobalFilterLandingPage] Capturing screenshot: Filter Applied is Eesti__2026-01-10_171912.png
2026-01-10 17:19:12.342 [TestNG-test-Smoke Tests-2] INFO  [verifyingGlobalFilterLandingPage] [verifyingGlobalFilterLandingPage] Screenshot saved at: test-output/screenshots/Run_2026-01-10_17-15-18/verifyingGlobalFilterLandingPage/Filter Applied is Eesti__2026-01-10_171912.png
2026-01-10 17:19:12.342 [TestNG-test-Smoke Tests-2] INFO  [verifyingGlobalFilterLandingPage] Clicking settings ellipses button...
2026-01-10 17:19:12.342 [TestNG-test-Smoke Tests-2] INFO  [verifyingGlobalFilterLandingPage] [verifyingGlobalFilterLandingPage] Trying to find element: By.xpath: //ytd-topbar-menu-button-renderer[@class='style-scope ytd-masthead style-default']
2026-01-10 17:19:12.366 [TestNG-test-Smoke Tests-2] INFO  [verifyingGlobalFilterLandingPage] [verifyingGlobalFilterLandingPage] Element found and ready (attempt 1): By.xpath: //ytd-topbar-menu-button-renderer[@class='style-scope ytd-masthead style-default']
2026-01-10 17:19:14.436 [TestNG-test-Smoke Tests-2] INFO  [verifyingGlobalFilterLandingPage] Clicking on global filter button in landing page..
2026-01-10 17:19:14.436 [TestNG-test-Smoke Tests-2] INFO  [verifyingGlobalFilterLandingPage] [verifyingGlobalFilterLandingPage] Trying to click element: By.xpath: //div[@id='filter-button']
2026-01-10 17:19:14.617 [TestNG-test-Smoke Tests-2] INFO  [verifyingGlobalFilterLandingPage] [verifyingGlobalFilterLandingPage] Clicked successfully (attempt 1): By.xpath: //div[@id='filter-button']
2026-01-10 17:19:14.867 [TestNG-test-Smoke Tests-2] INFO  [verifyingGlobalFilterLandingPage] [verifyingGlobalFilterLandingPage] Waiting until element is visible in viewport
2026-01-10 17:19:14.892 [TestNG-test-Smoke Tests-2] INFO  [verifyingGlobalFilterLandingPage] [verifyingGlobalFilterLandingPage] Capturing screenshot: Filter Applied is Eesti__2026-01-10_171914.png
2026-01-10 17:19:14.996 [TestNG-test-Smoke Tests-2] INFO  [verifyingGlobalFilterLandingPage] [verifyingGlobalFilterLandingPage] Screenshot saved at: test-output/screenshots/Run_2026-01-10_17-15-18/verifyingGlobalFilterLandingPage/Filter Applied is Eesti__2026-01-10_171914.png
2026-01-10 17:19:14.996 [TestNG-test-Smoke Tests-2] INFO  [verifyingGlobalFilterLandingPage] Fetching the data from the global filter in landing page
2026-01-10 17:19:14.996 [TestNG-test-Smoke Tests-2] INFO  [verifyingGlobalFilterLandingPage] [verifyingGlobalFilterLandingPage] Trying to find element: By.xpath: //ytd-search-filter-options-dialog-renderer[@class='style-scope ytd-popup-container']
2026-01-10 17:19:15.023 [TestNG-test-Smoke Tests-2] INFO  [verifyingGlobalFilterLandingPage] [verifyingGlobalFilterLandingPage] Element found and ready (attempt 1): By.xpath: //ytd-search-filter-options-dialog-renderer[@class='style-scope ytd-popup-container']
2026-01-10 17:19:15.050 [TestNG-test-Smoke Tests-2] INFO  [verifyingGlobalFilterLandingPage] Closing the global filter pop-up in landing page..
2026-01-10 17:19:15.051 [TestNG-test-Smoke Tests-2] INFO  [verifyingGlobalFilterLandingPage] [verifyingGlobalFilterLandingPage] Trying to find element: By.xpath: //yt-icon[@icon='close']
2026-01-10 17:19:15.070 [TestNG-test-Smoke Tests-2] INFO  [verifyingGlobalFilterLandingPage] [verifyingGlobalFilterLandingPage] Element found and ready (attempt 1): By.xpath: //yt-icon[@icon='close']
2026-01-10 17:19:15.122 [TestNG-test-Smoke Tests-2] INFO  [verifyingGlobalFilterLandingPage] Clicking settings ellipses button...
2026-01-10 17:19:15.122 [TestNG-test-Smoke Tests-2] INFO  [verifyingGlobalFilterLandingPage] [verifyingGlobalFilterLandingPage] Trying to find element: By.xpath: //ytd-topbar-menu-button-renderer[@class='style-scope ytd-masthead style-default']
2026-01-10 17:19:15.152 [TestNG-test-Smoke Tests-2] INFO  [verifyingGlobalFilterLandingPage] [verifyingGlobalFilterLandingPage] Element found and ready (attempt 1): By.xpath: //ytd-topbar-menu-button-renderer[@class='style-scope ytd-masthead style-default']
2026-01-10 17:19:17.225 [TestNG-test-Smoke Tests-2] INFO  [verifyingGlobalFilterLandingPage] Clicking language dropdown...
2026-01-10 17:19:17.225 [TestNG-test-Smoke Tests-2] INFO  [verifyingGlobalFilterLandingPage] [verifyingGlobalFilterLandingPage] Trying to find element: By.xpath: (//div[@id='content-icon'])[2]
2026-01-10 17:19:17.248 [TestNG-test-Smoke Tests-2] INFO  [verifyingGlobalFilterLandingPage] [verifyingGlobalFilterLandingPage] Element found and ready (attempt 1): By.xpath: (//div[@id='content-icon'])[2]
2026-01-10 17:19:20.532 [TestNG-test-Smoke Tests-2] INFO  [verifyingGlobalFilterLandingPage] Looking for language element with name: English (India)
2026-01-10 17:19:20.532 [TestNG-test-Smoke Tests-2] INFO  [verifyingGlobalFilterLandingPage] [verifyingGlobalFilterLandingPage] Trying to find element: By.xpath: //yt-multi-page-menu-section-renderer[@class='style-scope ytd-multi-page-menu-renderer']//yt-formatted-string[@id='label' and text()='English (India)']
2026-01-10 17:19:20.559 [TestNG-test-Smoke Tests-2] INFO  [verifyingGlobalFilterLandingPage] [verifyingGlobalFilterLandingPage] Element found and ready (attempt 1): By.xpath: //yt-multi-page-menu-section-renderer[@class='style-scope ytd-multi-page-menu-renderer']//yt-formatted-string[@id='label' and text()='English (India)']
2026-01-10 17:19:22.484 [TestNG-test-Smoke Tests-2] INFO  [verifyingGlobalFilterLandingPage] Clicking settings ellipses button...
2026-01-10 17:19:22.485 [TestNG-test-Smoke Tests-2] INFO  [verifyingGlobalFilterLandingPage] [verifyingGlobalFilterLandingPage] Trying to find element: By.xpath: //ytd-topbar-menu-button-renderer[@class='style-scope ytd-masthead style-default']
2026-01-10 17:19:23.791 [TestNG-test-Smoke Tests-2] INFO  [verifyingGlobalFilterLandingPage] [verifyingGlobalFilterLandingPage] Element found and ready (attempt 1): By.xpath: //ytd-topbar-menu-button-renderer[@class='style-scope ytd-masthead style-default']
2026-01-10 17:19:24.723 [TestNG-test-Smoke Tests-2] INFO  [verifyingGlobalFilterLandingPage] Looking for language element with name: English (India)
2026-01-10 17:19:24.732 [TestNG-test-Smoke Tests-2] INFO  [verifyingGlobalFilterLandingPage] [verifyingGlobalFilterLandingPage] Waiting until element is visible in viewport
2026-01-10 17:19:35.243 [TestNG-test-Smoke Tests-2] INFO  [verifyingGlobalFilterLandingPage] [verifyingGlobalFilterLandingPage] Capturing screenshot: Filter Applied is English (India)__2026-01-10_171935.png
2026-01-10 17:19:35.417 [TestNG-test-Smoke Tests-2] INFO  [verifyingGlobalFilterLandingPage] [verifyingGlobalFilterLandingPage] Screenshot saved at: test-output/screenshots/Run_2026-01-10_17-15-18/verifyingGlobalFilterLandingPage/Filter Applied is English (India)__2026-01-10_171935.png
2026-01-10 17:19:35.417 [TestNG-test-Smoke Tests-2] INFO  [verifyingGlobalFilterLandingPage] Clicking settings ellipses button...
2026-01-10 17:19:35.417 [TestNG-test-Smoke Tests-2] INFO  [verifyingGlobalFilterLandingPage] [verifyingGlobalFilterLandingPage] Trying to find element: By.xpath: //ytd-topbar-menu-button-renderer[@class='style-scope ytd-masthead style-default']
2026-01-10 17:19:35.444 [TestNG-test-Smoke Tests-2] INFO  [verifyingGlobalFilterLandingPage] [verifyingGlobalFilterLandingPage] Element found and ready (attempt 1): By.xpath: //ytd-topbar-menu-button-renderer[@class='style-scope ytd-masthead style-default']
2026-01-10 17:19:37.511 [TestNG-test-Smoke Tests-2] INFO  [verifyingGlobalFilterLandingPage] Clicking on global filter button in landing page..
2026-01-10 17:19:37.511 [TestNG-test-Smoke Tests-2] INFO  [verifyingGlobalFilterLandingPage] [verifyingGlobalFilterLandingPage] Trying to click element: By.xpath: //div[@id='filter-button']
2026-01-10 17:19:37.752 [TestNG-test-Smoke Tests-2] INFO  [verifyingGlobalFilterLandingPage] [verifyingGlobalFilterLandingPage] Clicked successfully (attempt 1): By.xpath: //div[@id='filter-button']
2026-01-10 17:19:38.004 [TestNG-test-Smoke Tests-2] INFO  [verifyingGlobalFilterLandingPage] [verifyingGlobalFilterLandingPage] Waiting until element is visible in viewport
2026-01-10 17:19:38.049 [TestNG-test-Smoke Tests-2] INFO  [verifyingGlobalFilterLandingPage] [verifyingGlobalFilterLandingPage] Capturing screenshot: Filter Applied is English (India)__2026-01-10_171938.png
2026-01-10 17:19:38.183 [TestNG-test-Smoke Tests-2] INFO  [verifyingGlobalFilterLandingPage] [verifyingGlobalFilterLandingPage] Screenshot saved at: test-output/screenshots/Run_2026-01-10_17-15-18/verifyingGlobalFilterLandingPage/Filter Applied is English (India)__2026-01-10_171938.png
2026-01-10 17:19:38.183 [TestNG-test-Smoke Tests-2] INFO  [verifyingGlobalFilterLandingPage] Fetching the data from the global filter in landing page
2026-01-10 17:19:38.183 [TestNG-test-Smoke Tests-2] INFO  [verifyingGlobalFilterLandingPage] [verifyingGlobalFilterLandingPage] Trying to find element: By.xpath: //ytd-search-filter-options-dialog-renderer[@class='style-scope ytd-popup-container']
2026-01-10 17:19:38.219 [TestNG-test-Smoke Tests-2] INFO  [verifyingGlobalFilterLandingPage] [verifyingGlobalFilterLandingPage] Element found and ready (attempt 1): By.xpath: //ytd-search-filter-options-dialog-renderer[@class='style-scope ytd-popup-container']
2026-01-10 17:19:38.260 [TestNG-test-Smoke Tests-2] INFO  [verifyingGlobalFilterLandingPage] Closing the global filter pop-up in landing page..
2026-01-10 17:19:38.260 [TestNG-test-Smoke Tests-2] INFO  [verifyingGlobalFilterLandingPage] [verifyingGlobalFilterLandingPage] Trying to find element: By.xpath: //yt-icon[@icon='close']
2026-01-10 17:19:38.457 [TestNG-test-Smoke Tests-2] INFO  [verifyingGlobalFilterLandingPage] [verifyingGlobalFilterLandingPage] Element found and ready (attempt 1): By.xpath: //yt-icon[@icon='close']
2026-01-10 17:19:38.597 [TestNG-test-Smoke Tests-2] INFO  [verifyingGlobalFilterLandingPage] Clicking on global filter button in landing page..
2026-01-10 17:19:38.598 [TestNG-test-Smoke Tests-2] INFO  [verifyingGlobalFilterLandingPage] [verifyingGlobalFilterLandingPage] Trying to click element: By.xpath: //div[@id='filter-button']
2026-01-10 17:19:38.821 [TestNG-test-Smoke Tests-2] INFO  [verifyingGlobalFilterLandingPage] [verifyingGlobalFilterLandingPage] Clicked successfully (attempt 1): By.xpath: //div[@id='filter-button']
2026-01-10 17:19:39.072 [TestNG-test-Smoke Tests-2] INFO  [verifyingGlobalFilterLandingPage] Fetching the data from the global filter in landing page
2026-01-10 17:19:39.072 [TestNG-test-Smoke Tests-2] INFO  [verifyingGlobalFilterLandingPage] [verifyingGlobalFilterLandingPage] Trying to find element: By.xpath: //ytd-search-filter-options-dialog-renderer[@class='style-scope ytd-popup-container']
2026-01-10 17:19:39.107 [TestNG-test-Smoke Tests-2] INFO  [verifyingGlobalFilterLandingPage] [verifyingGlobalFilterLandingPage] Element found and ready (attempt 1): By.xpath: //ytd-search-filter-options-dialog-renderer[@class='style-scope ytd-popup-container']
2026-01-10 17:19:39.144 [TestNG-test-Smoke Tests-2] INFO  [verifyingGlobalFilterLandingPage] Closing the global filter pop-up in landing page..
2026-01-10 17:19:39.144 [TestNG-test-Smoke Tests-2] INFO  [verifyingGlobalFilterLandingPage] [verifyingGlobalFilterLandingPage] Trying to find element: By.xpath: //yt-icon[@icon='close']
2026-01-10 17:19:39.172 [TestNG-test-Smoke Tests-2] INFO  [verifyingGlobalFilterLandingPage] [verifyingGlobalFilterLandingPage] Element found and ready (attempt 1): By.xpath: //yt-icon[@icon='close']
2026-01-10 17:19:39.260 [TestNG-test-Smoke Tests-2] INFO  [verifyingGlobalFilterLandingPage] Test PASSED: verifyingGlobalFilterLandingPage
2026-01-10 17:19:39.261 [TestNG-test-Smoke Tests-2] INFO  [verifyingGlobalFilterLandingPage] Closing WebDriver for thread: 35
2026-01-10 17:19:39.975 [TestNG-test-Smoke Tests-2] INFO  [verifyingGlobalFilterLandingPage] WebDriver instance removed from ThreadLocal for thread: 35
2026-01-10 17:19:39.975 [TestNG-test-Smoke Tests-2] INFO  [verifyingGlobalFilterLandingPage] Driver closed for test: verifyingGlobalFilterLandingPage
