2026-02-03 13:01:58.151 [TestNG-test-Yt Master Tests-1] INFO  [verifyingSideMenuLanguageAsInSettingsLingua] ===== STARTING TEST: verifyingSideMenuLanguageAsInSettingsLingua  | Thread: 31 =====
2026-02-03 13:01:58.175 [TestNG-test-Yt Master Tests-1] INFO  [verifyingSideMenuLanguageAsInSettingsLingua] No existing WebDriver found for current thread. Initializing a new ChromeDriver...
2026-02-03 13:01:58.176 [TestNG-test-Yt Master Tests-1] INFO  [verifyingSideMenuLanguageAsInSettingsLingua] Loaded config from classpath: masterdata.properties
2026-02-03 13:01:59.906 [TestNG-test-Yt Master Tests-1] INFO  [verifyingSideMenuLanguageAsInSettingsLingua] WebDriverManager: chromedriver setup OK
2026-02-03 13:02:06.819 [TestNG-test-Yt Master Tests-1] INFO  [verifyingSideMenuLanguageAsInSettingsLingua] ChromeDriver initialized successfully for thread: 31
2026-02-03 13:02:06.820 [TestNG-test-Yt Master Tests-1] INFO  [verifyingSideMenuLanguageAsInSettingsLingua] Driver initialized successfully for test: verifyingSideMenuLanguageAsInSettingsLingua
2026-02-03 13:02:07.005 [TestNG-test-Yt Master Tests-1] INFO  [verifyingSideMenuLanguageAsInSettingsLingua] SafeActions initialized with driver ChromeDriver: chrome on windows (60b11d0ce006cf09fd9a0acb8c91faba)
2026-02-03 13:02:07.007 [TestNG-test-Yt Master Tests-1] INFO  [verifyingSideMenuLanguageAsInSettingsLingua] Initialized YtLandingPage with driver: ChromeDriver: chrome on windows (60b11d0ce006cf09fd9a0acb8c91faba)
2026-02-03 13:02:07.009 [TestNG-test-Yt Master Tests-1] INFO  [verifyingSideMenuLanguageAsInSettingsLingua] SafeActions initialized with driver ChromeDriver: chrome on windows (60b11d0ce006cf09fd9a0acb8c91faba)
2026-02-03 13:02:10.500 [TestNG-test-Yt Master Tests-1] INFO  [verifyingSideMenuLanguageAsInSettingsLingua] Opened YouTube landing page.
2026-02-03 13:02:10.501 [TestNG-test-Yt Master Tests-1] INFO  [verifyingSideMenuLanguageAsInSettingsLingua] Clicking settings ellipses button...
2026-02-03 13:02:10.502 [TestNG-test-Yt Master Tests-1] INFO  [verifyingSideMenuLanguageAsInSettingsLingua] [verifyingSideMenuLanguageAsInSettingsLingua] Trying to find element: By.xpath: //ytd-topbar-menu-button-renderer[@class='style-scope ytd-masthead style-default']
2026-02-03 13:02:11.017 [TestNG-test-Yt Master Tests-1] INFO  [verifyingSideMenuLanguageAsInSettingsLingua] [verifyingSideMenuLanguageAsInSettingsLingua] Element found and ready (attempt 1): By.xpath: //ytd-topbar-menu-button-renderer[@class='style-scope ytd-masthead style-default']
2026-02-03 13:02:13.184 [TestNG-test-Yt Master Tests-1] INFO  [verifyingSideMenuLanguageAsInSettingsLingua] Clicking language dropdown...
2026-02-03 13:02:13.184 [TestNG-test-Yt Master Tests-1] INFO  [verifyingSideMenuLanguageAsInSettingsLingua] [verifyingSideMenuLanguageAsInSettingsLingua] Trying to find element: By.xpath: (//div[@id='content-icon'])[2]
2026-02-03 13:02:13.213 [TestNG-test-Yt Master Tests-1] INFO  [verifyingSideMenuLanguageAsInSettingsLingua] [verifyingSideMenuLanguageAsInSettingsLingua] Element found and ready (attempt 1): By.xpath: (//div[@id='content-icon'])[2]
2026-02-03 13:02:16.179 [TestNG-test-Yt Master Tests-1] INFO  [verifyingSideMenuLanguageAsInSettingsLingua] [verifyingSideMenuLanguageAsInSettingsLingua] Execution is Not CRON Job Hence refering to normal keys from UtilData
2026-02-03 13:02:17.187 [TestNG-test-Yt Master Tests-1] INFO  [verifyingSideMenuLanguageAsInSettingsLingua] Looking for language element with name: Afrikaans
2026-02-03 13:02:17.187 [TestNG-test-Yt Master Tests-1] INFO  [verifyingSideMenuLanguageAsInSettingsLingua] [verifyingSideMenuLanguageAsInSettingsLingua] Trying to find element: By.xpath: //yt-multi-page-menu-section-renderer[@class='style-scope ytd-multi-page-menu-renderer']//yt-formatted-string[@id='label' and text()='Afrikaans']
2026-02-03 13:02:17.224 [TestNG-test-Yt Master Tests-1] INFO  [verifyingSideMenuLanguageAsInSettingsLingua] [verifyingSideMenuLanguageAsInSettingsLingua] Element found and ready (attempt 1): By.xpath: //yt-multi-page-menu-section-renderer[@class='style-scope ytd-multi-page-menu-renderer']//yt-formatted-string[@id='label' and text()='Afrikaans']
2026-02-03 13:02:18.697 [TestNG-test-Yt Master Tests-1] INFO  [verifyingSideMenuLanguageAsInSettingsLingua] Clicking settings ellipses button...
2026-02-03 13:02:18.698 [TestNG-test-Yt Master Tests-1] INFO  [verifyingSideMenuLanguageAsInSettingsLingua] [verifyingSideMenuLanguageAsInSettingsLingua] Trying to find element: By.xpath: //ytd-topbar-menu-button-renderer[@class='style-scope ytd-masthead style-default']
2026-02-03 13:02:19.009 [TestNG-test-Yt Master Tests-1] INFO  [verifyingSideMenuLanguageAsInSettingsLingua] [verifyingSideMenuLanguageAsInSettingsLingua] Element found and ready (attempt 1): By.xpath: //ytd-topbar-menu-button-renderer[@class='style-scope ytd-masthead style-default']
2026-02-03 13:02:19.180 [TestNG-test-Yt Master Tests-1] INFO  [verifyingSideMenuLanguageAsInSettingsLingua] Looking for language element with name: Afrikaans
2026-02-03 13:02:19.181 [TestNG-test-Yt Master Tests-1] INFO  [verifyingSideMenuLanguageAsInSettingsLingua] [verifyingSideMenuLanguageAsInSettingsLingua] Waiting until element is visible in viewport
2026-02-03 13:02:29.467 [TestNG-test-Yt Master Tests-1] INFO  [verifyingSideMenuLanguageAsInSettingsLingua] [verifyingSideMenuLanguageAsInSettingsLingua] Capturing screenshot: Filter Applied is Afrikaans__2026-02-03_130229.png
2026-02-03 13:02:29.599 [TestNG-test-Yt Master Tests-1] INFO  [verifyingSideMenuLanguageAsInSettingsLingua] [verifyingSideMenuLanguageAsInSettingsLingua] Screenshot saved at: test-output/screenshots/Run_2026-02-03_13-01-32/verifyingSideMenuLanguageAsInSettingsLingua/Filter Applied is Afrikaans__2026-02-03_130229.png
2026-02-03 13:02:29.599 [TestNG-test-Yt Master Tests-1] INFO  [verifyingSideMenuLanguageAsInSettingsLingua] Clicking settings ellipses button...
2026-02-03 13:02:29.599 [TestNG-test-Yt Master Tests-1] INFO  [verifyingSideMenuLanguageAsInSettingsLingua] [verifyingSideMenuLanguageAsInSettingsLingua] Trying to find element: By.xpath: //ytd-topbar-menu-button-renderer[@class='style-scope ytd-masthead style-default']
2026-02-03 13:02:29.623 [TestNG-test-Yt Master Tests-1] INFO  [verifyingSideMenuLanguageAsInSettingsLingua] [verifyingSideMenuLanguageAsInSettingsLingua] Element found and ready (attempt 1): By.xpath: //ytd-topbar-menu-button-renderer[@class='style-scope ytd-masthead style-default']
2026-02-03 13:02:31.674 [TestNG-test-Yt Master Tests-1] INFO  [verifyingSideMenuLanguageAsInSettingsLingua] Fetching the side menu in expanded view
2026-02-03 13:02:31.674 [TestNG-test-Yt Master Tests-1] INFO  [verifyingSideMenuLanguageAsInSettingsLingua] [verifyingSideMenuLanguageAsInSettingsLingua] Finding elements list: By.xpath: //ytd-guide-entry-renderer[@class='style-scope ytd-guide-section-renderer']
2026-02-03 13:02:31.917 [TestNG-test-Yt Master Tests-1] INFO  [verifyingSideMenuLanguageAsInSettingsLingua] [verifyingSideMenuLanguageAsInSettingsLingua] Found 16 ready elements (attempt 1): By.xpath: //ytd-guide-entry-renderer[@class='style-scope ytd-guide-section-renderer']
2026-02-03 13:02:32.296 [TestNG-test-Yt Master Tests-1] INFO  [verifyingSideMenuLanguageAsInSettingsLingua] Clean Text in detection: ==Tuis Kortvideo's Intekeninge Myne Geskiedenis Musiek Flieks en TV Regstreeks YouTube Premium YouTube TV YouTube Music YouTube Kids Instellings Aangeegeskiedenis Hulp Stuur terugvoer      181
2026-02-03 13:02:32.297 [TestNG-test-Yt Master Tests-1] INFO  [verifyingSideMenuLanguageAsInSettingsLingua] sanitized Text in detection: ==Tuis Kortvideos Intekeninge Myne Geskiedenis Musiek Flieks en TV Regstreeks YouTube Premium YouTube TV YouTube Music YouTube Kids Instellings Aangeegeskiedenis Hulp Stuur terugvoer      180
2026-02-03 13:02:32.740 [TestNG-test-Yt Master Tests-1] INFO  [verifyingSideMenuLanguageAsInSettingsLingua] getLangAttribute() - locating <html> and reading lang property
2026-02-03 13:02:32.758 [TestNG-test-Yt Master Tests-1] INFO  [verifyingSideMenuLanguageAsInSettingsLingua] Language attribute read: af-ZA
2026-02-03 13:02:32.759 [TestNG-test-Yt Master Tests-1] INFO  [verifyingSideMenuLanguageAsInSettingsLingua] [verifyingSideMenuLanguageAsInSettingsLingua] ApplicableLanguage==  Afrikaans     Detected Language ==  AFRIKAANS  Expected Language == AFRIKAANS
2026-02-03 13:02:32.762 [TestNG-test-Yt Master Tests-1] INFO  [verifyingSideMenuLanguageAsInSettingsLingua] Clicking settings ellipses button...
2026-02-03 13:02:32.762 [TestNG-test-Yt Master Tests-1] INFO  [verifyingSideMenuLanguageAsInSettingsLingua] [verifyingSideMenuLanguageAsInSettingsLingua] Trying to find element: By.xpath: //ytd-topbar-menu-button-renderer[@class='style-scope ytd-masthead style-default']
2026-02-03 13:02:32.786 [TestNG-test-Yt Master Tests-1] INFO  [verifyingSideMenuLanguageAsInSettingsLingua] [verifyingSideMenuLanguageAsInSettingsLingua] Element found and ready (attempt 1): By.xpath: //ytd-topbar-menu-button-renderer[@class='style-scope ytd-masthead style-default']
2026-02-03 13:02:34.841 [TestNG-test-Yt Master Tests-1] INFO  [verifyingSideMenuLanguageAsInSettingsLingua] Clicking language dropdown...
2026-02-03 13:02:34.841 [TestNG-test-Yt Master Tests-1] INFO  [verifyingSideMenuLanguageAsInSettingsLingua] [verifyingSideMenuLanguageAsInSettingsLingua] Trying to find element: By.xpath: (//div[@id='content-icon'])[2]
2026-02-03 13:02:34.866 [TestNG-test-Yt Master Tests-1] INFO  [verifyingSideMenuLanguageAsInSettingsLingua] [verifyingSideMenuLanguageAsInSettingsLingua] Element found and ready (attempt 1): By.xpath: (//div[@id='content-icon'])[2]
2026-02-03 13:02:38.195 [TestNG-test-Yt Master Tests-1] INFO  [verifyingSideMenuLanguageAsInSettingsLingua] Looking for language element with name: Azərbaycan
2026-02-03 13:02:38.195 [TestNG-test-Yt Master Tests-1] INFO  [verifyingSideMenuLanguageAsInSettingsLingua] [verifyingSideMenuLanguageAsInSettingsLingua] Trying to find element: By.xpath: //yt-multi-page-menu-section-renderer[@class='style-scope ytd-multi-page-menu-renderer']//yt-formatted-string[@id='label' and text()='Azərbaycan']
2026-02-03 13:02:38.225 [TestNG-test-Yt Master Tests-1] INFO  [verifyingSideMenuLanguageAsInSettingsLingua] [verifyingSideMenuLanguageAsInSettingsLingua] Element found and ready (attempt 1): By.xpath: //yt-multi-page-menu-section-renderer[@class='style-scope ytd-multi-page-menu-renderer']//yt-formatted-string[@id='label' and text()='Azərbaycan']
2026-02-03 13:02:39.591 [TestNG-test-Yt Master Tests-1] INFO  [verifyingSideMenuLanguageAsInSettingsLingua] Clicking settings ellipses button...
2026-02-03 13:02:39.593 [TestNG-test-Yt Master Tests-1] INFO  [verifyingSideMenuLanguageAsInSettingsLingua] [verifyingSideMenuLanguageAsInSettingsLingua] Trying to find element: By.xpath: //ytd-topbar-menu-button-renderer[@class='style-scope ytd-masthead style-default']
2026-02-03 13:02:40.278 [TestNG-test-Yt Master Tests-1] INFO  [verifyingSideMenuLanguageAsInSettingsLingua] [verifyingSideMenuLanguageAsInSettingsLingua] Element found and ready (attempt 1): By.xpath: //ytd-topbar-menu-button-renderer[@class='style-scope ytd-masthead style-default']
2026-02-03 13:02:40.355 [TestNG-test-Yt Master Tests-1] INFO  [verifyingSideMenuLanguageAsInSettingsLingua] Looking for language element with name: Azərbaycan
2026-02-03 13:02:40.355 [TestNG-test-Yt Master Tests-1] INFO  [verifyingSideMenuLanguageAsInSettingsLingua] [verifyingSideMenuLanguageAsInSettingsLingua] Waiting until element is visible in viewport
2026-02-03 13:02:50.580 [TestNG-test-Yt Master Tests-1] INFO  [verifyingSideMenuLanguageAsInSettingsLingua] [verifyingSideMenuLanguageAsInSettingsLingua] Capturing screenshot: Filter Applied is Azərbaycan__2026-02-03_130250.png
2026-02-03 13:02:50.702 [TestNG-test-Yt Master Tests-1] INFO  [verifyingSideMenuLanguageAsInSettingsLingua] [verifyingSideMenuLanguageAsInSettingsLingua] Screenshot saved at: test-output/screenshots/Run_2026-02-03_13-01-32/verifyingSideMenuLanguageAsInSettingsLingua/Filter Applied is Azərbaycan__2026-02-03_130250.png
2026-02-03 13:02:50.702 [TestNG-test-Yt Master Tests-1] INFO  [verifyingSideMenuLanguageAsInSettingsLingua] Clicking settings ellipses button...
2026-02-03 13:02:50.703 [TestNG-test-Yt Master Tests-1] INFO  [verifyingSideMenuLanguageAsInSettingsLingua] [verifyingSideMenuLanguageAsInSettingsLingua] Trying to find element: By.xpath: //ytd-topbar-menu-button-renderer[@class='style-scope ytd-masthead style-default']
2026-02-03 13:02:50.724 [TestNG-test-Yt Master Tests-1] INFO  [verifyingSideMenuLanguageAsInSettingsLingua] [verifyingSideMenuLanguageAsInSettingsLingua] Element found and ready (attempt 1): By.xpath: //ytd-topbar-menu-button-renderer[@class='style-scope ytd-masthead style-default']
2026-02-03 13:02:52.776 [TestNG-test-Yt Master Tests-1] INFO  [verifyingSideMenuLanguageAsInSettingsLingua] Fetching the side menu in expanded view
2026-02-03 13:02:52.776 [TestNG-test-Yt Master Tests-1] INFO  [verifyingSideMenuLanguageAsInSettingsLingua] [verifyingSideMenuLanguageAsInSettingsLingua] Finding elements list: By.xpath: //ytd-guide-entry-renderer[@class='style-scope ytd-guide-section-renderer']
2026-02-03 13:02:53.019 [TestNG-test-Yt Master Tests-1] INFO  [verifyingSideMenuLanguageAsInSettingsLingua] [verifyingSideMenuLanguageAsInSettingsLingua] Found 16 ready elements (attempt 1): By.xpath: //ytd-guide-entry-renderer[@class='style-scope ytd-guide-section-renderer']
2026-02-03 13:02:53.369 [TestNG-test-Yt Master Tests-1] INFO  [verifyingSideMenuLanguageAsInSettingsLingua] Clean Text in detection: ==Ev Shorts Abunəliklər Siz Tarixçə Musiqi Film və TV Canlı YouTube Premium YouTube TV YouTube Music YouTube Kids Ayarlar Xəbər tarixçəsi Yardım Rəy göndərin      155
2026-02-03 13:02:53.370 [TestNG-test-Yt Master Tests-1] INFO  [verifyingSideMenuLanguageAsInSettingsLingua] sanitized Text in detection: ==Ev Shorts Abunəliklər Siz Tarixçə Musiqi Film və TV Canlı YouTube Premium YouTube TV YouTube Music YouTube Kids Ayarlar Xəbər tarixçəsi Yardım Rəy göndərin      155
2026-02-03 13:02:53.399 [TestNG-test-Yt Master Tests-1] INFO  [verifyingSideMenuLanguageAsInSettingsLingua] getLangAttribute() - locating <html> and reading lang property
2026-02-03 13:02:53.413 [TestNG-test-Yt Master Tests-1] INFO  [verifyingSideMenuLanguageAsInSettingsLingua] Language attribute read: az-Latn-AZ
2026-02-03 13:02:53.413 [TestNG-test-Yt Master Tests-1] INFO  [verifyingSideMenuLanguageAsInSettingsLingua] [verifyingSideMenuLanguageAsInSettingsLingua] ApplicableLanguage==  Azərbaycan     Detected Language ==  AZERBAIJANI  Expected Language == AZERBAIJANI
2026-02-03 13:02:53.413 [TestNG-test-Yt Master Tests-1] INFO  [verifyingSideMenuLanguageAsInSettingsLingua] Clicking settings ellipses button...
2026-02-03 13:02:53.414 [TestNG-test-Yt Master Tests-1] INFO  [verifyingSideMenuLanguageAsInSettingsLingua] [verifyingSideMenuLanguageAsInSettingsLingua] Trying to find element: By.xpath: //ytd-topbar-menu-button-renderer[@class='style-scope ytd-masthead style-default']
2026-02-03 13:02:53.436 [TestNG-test-Yt Master Tests-1] INFO  [verifyingSideMenuLanguageAsInSettingsLingua] [verifyingSideMenuLanguageAsInSettingsLingua] Element found and ready (attempt 1): By.xpath: //ytd-topbar-menu-button-renderer[@class='style-scope ytd-masthead style-default']
2026-02-03 13:02:55.493 [TestNG-test-Yt Master Tests-1] INFO  [verifyingSideMenuLanguageAsInSettingsLingua] Clicking language dropdown...
2026-02-03 13:02:55.493 [TestNG-test-Yt Master Tests-1] INFO  [verifyingSideMenuLanguageAsInSettingsLingua] [verifyingSideMenuLanguageAsInSettingsLingua] Trying to find element: By.xpath: (//div[@id='content-icon'])[2]
2026-02-03 13:02:55.515 [TestNG-test-Yt Master Tests-1] INFO  [verifyingSideMenuLanguageAsInSettingsLingua] [verifyingSideMenuLanguageAsInSettingsLingua] Element found and ready (attempt 1): By.xpath: (//div[@id='content-icon'])[2]
2026-02-03 13:02:58.874 [TestNG-test-Yt Master Tests-1] INFO  [verifyingSideMenuLanguageAsInSettingsLingua] Looking for language element with name: Bahasa Indonesia
2026-02-03 13:02:58.874 [TestNG-test-Yt Master Tests-1] INFO  [verifyingSideMenuLanguageAsInSettingsLingua] [verifyingSideMenuLanguageAsInSettingsLingua] Trying to find element: By.xpath: //yt-multi-page-menu-section-renderer[@class='style-scope ytd-multi-page-menu-renderer']//yt-formatted-string[@id='label' and text()='Bahasa Indonesia']
2026-02-03 13:02:58.900 [TestNG-test-Yt Master Tests-1] INFO  [verifyingSideMenuLanguageAsInSettingsLingua] [verifyingSideMenuLanguageAsInSettingsLingua] Element found and ready (attempt 1): By.xpath: //yt-multi-page-menu-section-renderer[@class='style-scope ytd-multi-page-menu-renderer']//yt-formatted-string[@id='label' and text()='Bahasa Indonesia']
2026-02-03 13:03:00.293 [TestNG-test-Yt Master Tests-1] INFO  [verifyingSideMenuLanguageAsInSettingsLingua] Clicking settings ellipses button...
2026-02-03 13:03:00.293 [TestNG-test-Yt Master Tests-1] INFO  [verifyingSideMenuLanguageAsInSettingsLingua] [verifyingSideMenuLanguageAsInSettingsLingua] Trying to find element: By.xpath: //ytd-topbar-menu-button-renderer[@class='style-scope ytd-masthead style-default']
2026-02-03 13:03:00.660 [TestNG-test-Yt Master Tests-1] INFO  [verifyingSideMenuLanguageAsInSettingsLingua] [verifyingSideMenuLanguageAsInSettingsLingua] Element found and ready (attempt 1): By.xpath: //ytd-topbar-menu-button-renderer[@class='style-scope ytd-masthead style-default']
2026-02-03 13:03:00.763 [TestNG-test-Yt Master Tests-1] INFO  [verifyingSideMenuLanguageAsInSettingsLingua] Looking for language element with name: Bahasa Indonesia
2026-02-03 13:03:00.763 [TestNG-test-Yt Master Tests-1] INFO  [verifyingSideMenuLanguageAsInSettingsLingua] [verifyingSideMenuLanguageAsInSettingsLingua] Waiting until element is visible in viewport
2026-02-03 13:03:11.125 [TestNG-test-Yt Master Tests-1] INFO  [verifyingSideMenuLanguageAsInSettingsLingua] [verifyingSideMenuLanguageAsInSettingsLingua] Capturing screenshot: Filter Applied is Bahasa Indonesia__2026-02-03_130311.png
2026-02-03 13:03:11.246 [TestNG-test-Yt Master Tests-1] INFO  [verifyingSideMenuLanguageAsInSettingsLingua] [verifyingSideMenuLanguageAsInSettingsLingua] Screenshot saved at: test-output/screenshots/Run_2026-02-03_13-01-32/verifyingSideMenuLanguageAsInSettingsLingua/Filter Applied is Bahasa Indonesia__2026-02-03_130311.png
2026-02-03 13:03:11.246 [TestNG-test-Yt Master Tests-1] INFO  [verifyingSideMenuLanguageAsInSettingsLingua] Clicking settings ellipses button...
2026-02-03 13:03:11.247 [TestNG-test-Yt Master Tests-1] INFO  [verifyingSideMenuLanguageAsInSettingsLingua] [verifyingSideMenuLanguageAsInSettingsLingua] Trying to find element: By.xpath: //ytd-topbar-menu-button-renderer[@class='style-scope ytd-masthead style-default']
2026-02-03 13:03:11.269 [TestNG-test-Yt Master Tests-1] INFO  [verifyingSideMenuLanguageAsInSettingsLingua] [verifyingSideMenuLanguageAsInSettingsLingua] Element found and ready (attempt 1): By.xpath: //ytd-topbar-menu-button-renderer[@class='style-scope ytd-masthead style-default']
2026-02-03 13:03:13.317 [TestNG-test-Yt Master Tests-1] INFO  [verifyingSideMenuLanguageAsInSettingsLingua] Fetching the side menu in expanded view
2026-02-03 13:03:13.317 [TestNG-test-Yt Master Tests-1] INFO  [verifyingSideMenuLanguageAsInSettingsLingua] [verifyingSideMenuLanguageAsInSettingsLingua] Finding elements list: By.xpath: //ytd-guide-entry-renderer[@class='style-scope ytd-guide-section-renderer']
2026-02-03 13:03:13.590 [TestNG-test-Yt Master Tests-1] INFO  [verifyingSideMenuLanguageAsInSettingsLingua] [verifyingSideMenuLanguageAsInSettingsLingua] Found 16 ready elements (attempt 1): By.xpath: //ytd-guide-entry-renderer[@class='style-scope ytd-guide-section-renderer']
2026-02-03 13:03:13.935 [TestNG-test-Yt Master Tests-1] INFO  [verifyingSideMenuLanguageAsInSettingsLingua] Clean Text in detection: ==Beranda Shorts Subscription Anda Histori Musik Film & TV Live YouTube Premium YouTube TV YouTube Music YouTube Kids Setelan Histori laporan Bantuan Kirim masukan      161
2026-02-03 13:03:13.936 [TestNG-test-Yt Master Tests-1] INFO  [verifyingSideMenuLanguageAsInSettingsLingua] sanitized Text in detection: ==Beranda Shorts Subscription Anda Histori Musik Film  TV Live YouTube Premium YouTube TV YouTube Music YouTube Kids Setelan Histori laporan Bantuan Kirim masukan      160
2026-02-03 13:03:13.942 [TestNG-test-Yt Master Tests-1] INFO  [verifyingSideMenuLanguageAsInSettingsLingua] getLangAttribute() - locating <html> and reading lang property
2026-02-03 13:03:13.956 [TestNG-test-Yt Master Tests-1] INFO  [verifyingSideMenuLanguageAsInSettingsLingua] Language attribute read: id-ID
2026-02-03 13:03:13.957 [TestNG-test-Yt Master Tests-1] INFO  [verifyingSideMenuLanguageAsInSettingsLingua] [verifyingSideMenuLanguageAsInSettingsLingua] ApplicableLanguage==  Bahasa Indonesia     Detected Language ==  INDONESIAN  Expected Language == INDONESIAN
2026-02-03 13:03:13.957 [TestNG-test-Yt Master Tests-1] INFO  [verifyingSideMenuLanguageAsInSettingsLingua] Clicking settings ellipses button...
2026-02-03 13:03:13.957 [TestNG-test-Yt Master Tests-1] INFO  [verifyingSideMenuLanguageAsInSettingsLingua] [verifyingSideMenuLanguageAsInSettingsLingua] Trying to find element: By.xpath: //ytd-topbar-menu-button-renderer[@class='style-scope ytd-masthead style-default']
2026-02-03 13:03:13.979 [TestNG-test-Yt Master Tests-1] INFO  [verifyingSideMenuLanguageAsInSettingsLingua] [verifyingSideMenuLanguageAsInSettingsLingua] Element found and ready (attempt 1): By.xpath: //ytd-topbar-menu-button-renderer[@class='style-scope ytd-masthead style-default']
2026-02-03 13:03:16.039 [TestNG-test-Yt Master Tests-1] INFO  [verifyingSideMenuLanguageAsInSettingsLingua] Clicking language dropdown...
2026-02-03 13:03:16.039 [TestNG-test-Yt Master Tests-1] INFO  [verifyingSideMenuLanguageAsInSettingsLingua] [verifyingSideMenuLanguageAsInSettingsLingua] Trying to find element: By.xpath: (//div[@id='content-icon'])[2]
2026-02-03 13:03:16.060 [TestNG-test-Yt Master Tests-1] INFO  [verifyingSideMenuLanguageAsInSettingsLingua] [verifyingSideMenuLanguageAsInSettingsLingua] Element found and ready (attempt 1): By.xpath: (//div[@id='content-icon'])[2]
2026-02-03 13:03:19.386 [TestNG-test-Yt Master Tests-1] INFO  [verifyingSideMenuLanguageAsInSettingsLingua] Looking for language element with name: Bosanski
2026-02-03 13:03:19.386 [TestNG-test-Yt Master Tests-1] INFO  [verifyingSideMenuLanguageAsInSettingsLingua] [verifyingSideMenuLanguageAsInSettingsLingua] Trying to find element: By.xpath: //yt-multi-page-menu-section-renderer[@class='style-scope ytd-multi-page-menu-renderer']//yt-formatted-string[@id='label' and text()='Bosanski']
2026-02-03 13:03:19.412 [TestNG-test-Yt Master Tests-1] INFO  [verifyingSideMenuLanguageAsInSettingsLingua] [verifyingSideMenuLanguageAsInSettingsLingua] Element found and ready (attempt 1): By.xpath: //yt-multi-page-menu-section-renderer[@class='style-scope ytd-multi-page-menu-renderer']//yt-formatted-string[@id='label' and text()='Bosanski']
2026-02-03 13:03:20.748 [TestNG-test-Yt Master Tests-1] INFO  [verifyingSideMenuLanguageAsInSettingsLingua] Clicking settings ellipses button...
2026-02-03 13:03:20.749 [TestNG-test-Yt Master Tests-1] INFO  [verifyingSideMenuLanguageAsInSettingsLingua] [verifyingSideMenuLanguageAsInSettingsLingua] Trying to find element: By.xpath: //ytd-topbar-menu-button-renderer[@class='style-scope ytd-masthead style-default']
2026-02-03 13:03:21.184 [TestNG-test-Yt Master Tests-1] INFO  [verifyingSideMenuLanguageAsInSettingsLingua] [verifyingSideMenuLanguageAsInSettingsLingua] Element found and ready (attempt 1): By.xpath: //ytd-topbar-menu-button-renderer[@class='style-scope ytd-masthead style-default']
2026-02-03 13:03:21.272 [TestNG-test-Yt Master Tests-1] INFO  [verifyingSideMenuLanguageAsInSettingsLingua] Looking for language element with name: Bosanski
2026-02-03 13:03:21.272 [TestNG-test-Yt Master Tests-1] INFO  [verifyingSideMenuLanguageAsInSettingsLingua] [verifyingSideMenuLanguageAsInSettingsLingua] Waiting until element is visible in viewport
2026-02-03 13:03:31.566 [TestNG-test-Yt Master Tests-1] INFO  [verifyingSideMenuLanguageAsInSettingsLingua] [verifyingSideMenuLanguageAsInSettingsLingua] Capturing screenshot: Filter Applied is Bosanski__2026-02-03_130331.png
2026-02-03 13:03:31.764 [TestNG-test-Yt Master Tests-1] INFO  [verifyingSideMenuLanguageAsInSettingsLingua] [verifyingSideMenuLanguageAsInSettingsLingua] Screenshot saved at: test-output/screenshots/Run_2026-02-03_13-01-32/verifyingSideMenuLanguageAsInSettingsLingua/Filter Applied is Bosanski__2026-02-03_130331.png
2026-02-03 13:03:31.764 [TestNG-test-Yt Master Tests-1] INFO  [verifyingSideMenuLanguageAsInSettingsLingua] Clicking settings ellipses button...
2026-02-03 13:03:31.764 [TestNG-test-Yt Master Tests-1] INFO  [verifyingSideMenuLanguageAsInSettingsLingua] [verifyingSideMenuLanguageAsInSettingsLingua] Trying to find element: By.xpath: //ytd-topbar-menu-button-renderer[@class='style-scope ytd-masthead style-default']
2026-02-03 13:03:31.797 [TestNG-test-Yt Master Tests-1] INFO  [verifyingSideMenuLanguageAsInSettingsLingua] [verifyingSideMenuLanguageAsInSettingsLingua] Element found and ready (attempt 1): By.xpath: //ytd-topbar-menu-button-renderer[@class='style-scope ytd-masthead style-default']
2026-02-03 13:03:33.937 [TestNG-test-Yt Master Tests-1] INFO  [verifyingSideMenuLanguageAsInSettingsLingua] Fetching the side menu in expanded view
2026-02-03 13:03:33.937 [TestNG-test-Yt Master Tests-1] INFO  [verifyingSideMenuLanguageAsInSettingsLingua] [verifyingSideMenuLanguageAsInSettingsLingua] Finding elements list: By.xpath: //ytd-guide-entry-renderer[@class='style-scope ytd-guide-section-renderer']
2026-02-03 13:03:34.183 [TestNG-test-Yt Master Tests-1] INFO  [verifyingSideMenuLanguageAsInSettingsLingua] [verifyingSideMenuLanguageAsInSettingsLingua] Found 16 ready elements (attempt 1): By.xpath: //ytd-guide-entry-renderer[@class='style-scope ytd-guide-section-renderer']
2026-02-03 13:03:34.559 [TestNG-test-Yt Master Tests-1] INFO  [verifyingSideMenuLanguageAsInSettingsLingua] Clean Text in detection: ==Početna stranica Shorts Pretplate Vi Hi‪storija Muzika Filmovi i TV Uživo YouTube Premium YouTube TV YouTube Music YouTube Kids Postavke Historija prijava Pomoć Pošaljite povratne informacije      191
2026-02-03 13:03:34.560 [TestNG-test-Yt Master Tests-1] INFO  [verifyingSideMenuLanguageAsInSettingsLingua] sanitized Text in detection: ==Početna stranica Shorts Pretplate Vi Historija Muzika Filmovi i TV Uživo YouTube Premium YouTube TV YouTube Music YouTube Kids Postavke Historija prijava Pomoć Pošaljite povratne informacije      190
2026-02-03 13:03:34.568 [TestNG-test-Yt Master Tests-1] INFO  [verifyingSideMenuLanguageAsInSettingsLingua] getLangAttribute() - locating <html> and reading lang property
2026-02-03 13:03:34.584 [TestNG-test-Yt Master Tests-1] INFO  [verifyingSideMenuLanguageAsInSettingsLingua] Language attribute read: bs-Latn-BA
2026-02-03 13:03:34.584 [TestNG-test-Yt Master Tests-1] INFO  [verifyingSideMenuLanguageAsInSettingsLingua] [verifyingSideMenuLanguageAsInSettingsLingua] ApplicableLanguage==  Bosanski     Detected Language ==  BOSNIAN  Expected Language == CROATIAN
2026-02-03 13:03:34.590 [TestNG-test-Yt Master Tests-1] INFO  [verifyingSideMenuLanguageAsInSettingsLingua] Clicking settings ellipses button...
2026-02-03 13:03:34.591 [TestNG-test-Yt Master Tests-1] INFO  [verifyingSideMenuLanguageAsInSettingsLingua] [verifyingSideMenuLanguageAsInSettingsLingua] Trying to find element: By.xpath: //ytd-topbar-menu-button-renderer[@class='style-scope ytd-masthead style-default']
2026-02-03 13:03:34.616 [TestNG-test-Yt Master Tests-1] INFO  [verifyingSideMenuLanguageAsInSettingsLingua] [verifyingSideMenuLanguageAsInSettingsLingua] Element found and ready (attempt 1): By.xpath: //ytd-topbar-menu-button-renderer[@class='style-scope ytd-masthead style-default']
2026-02-03 13:03:36.686 [TestNG-test-Yt Master Tests-1] INFO  [verifyingSideMenuLanguageAsInSettingsLingua] Clicking language dropdown...
2026-02-03 13:03:36.686 [TestNG-test-Yt Master Tests-1] INFO  [verifyingSideMenuLanguageAsInSettingsLingua] [verifyingSideMenuLanguageAsInSettingsLingua] Trying to find element: By.xpath: (//div[@id='content-icon'])[2]
2026-02-03 13:03:36.706 [TestNG-test-Yt Master Tests-1] INFO  [verifyingSideMenuLanguageAsInSettingsLingua] [verifyingSideMenuLanguageAsInSettingsLingua] Element found and ready (attempt 1): By.xpath: (//div[@id='content-icon'])[2]
2026-02-03 13:03:40.022 [TestNG-test-Yt Master Tests-1] INFO  [verifyingSideMenuLanguageAsInSettingsLingua] Looking for language element with name: Català
2026-02-03 13:03:40.022 [TestNG-test-Yt Master Tests-1] INFO  [verifyingSideMenuLanguageAsInSettingsLingua] [verifyingSideMenuLanguageAsInSettingsLingua] Trying to find element: By.xpath: //yt-multi-page-menu-section-renderer[@class='style-scope ytd-multi-page-menu-renderer']//yt-formatted-string[@id='label' and text()='Català']
2026-02-03 13:03:40.051 [TestNG-test-Yt Master Tests-1] INFO  [verifyingSideMenuLanguageAsInSettingsLingua] [verifyingSideMenuLanguageAsInSettingsLingua] Element found and ready (attempt 1): By.xpath: //yt-multi-page-menu-section-renderer[@class='style-scope ytd-multi-page-menu-renderer']//yt-formatted-string[@id='label' and text()='Català']
2026-02-03 13:03:41.601 [TestNG-test-Yt Master Tests-1] INFO  [verifyingSideMenuLanguageAsInSettingsLingua] Clicking settings ellipses button...
2026-02-03 13:03:41.602 [TestNG-test-Yt Master Tests-1] INFO  [verifyingSideMenuLanguageAsInSettingsLingua] [verifyingSideMenuLanguageAsInSettingsLingua] Trying to find element: By.xpath: //ytd-topbar-menu-button-renderer[@class='style-scope ytd-masthead style-default']
2026-02-03 13:03:42.258 [TestNG-test-Yt Master Tests-1] INFO  [verifyingSideMenuLanguageAsInSettingsLingua] [verifyingSideMenuLanguageAsInSettingsLingua] Element found and ready (attempt 1): By.xpath: //ytd-topbar-menu-button-renderer[@class='style-scope ytd-masthead style-default']
2026-02-03 13:03:42.335 [TestNG-test-Yt Master Tests-1] INFO  [verifyingSideMenuLanguageAsInSettingsLingua] Looking for language element with name: Català
2026-02-03 13:03:42.335 [TestNG-test-Yt Master Tests-1] INFO  [verifyingSideMenuLanguageAsInSettingsLingua] [verifyingSideMenuLanguageAsInSettingsLingua] Waiting until element is visible in viewport
2026-02-03 13:03:52.585 [TestNG-test-Yt Master Tests-1] INFO  [verifyingSideMenuLanguageAsInSettingsLingua] [verifyingSideMenuLanguageAsInSettingsLingua] Capturing screenshot: Filter Applied is Català__2026-02-03_130352.png
2026-02-03 13:03:52.707 [TestNG-test-Yt Master Tests-1] INFO  [verifyingSideMenuLanguageAsInSettingsLingua] [verifyingSideMenuLanguageAsInSettingsLingua] Screenshot saved at: test-output/screenshots/Run_2026-02-03_13-01-32/verifyingSideMenuLanguageAsInSettingsLingua/Filter Applied is Català__2026-02-03_130352.png
2026-02-03 13:03:52.708 [TestNG-test-Yt Master Tests-1] INFO  [verifyingSideMenuLanguageAsInSettingsLingua] Clicking settings ellipses button...
2026-02-03 13:03:52.708 [TestNG-test-Yt Master Tests-1] INFO  [verifyingSideMenuLanguageAsInSettingsLingua] [verifyingSideMenuLanguageAsInSettingsLingua] Trying to find element: By.xpath: //ytd-topbar-menu-button-renderer[@class='style-scope ytd-masthead style-default']
2026-02-03 13:03:52.732 [TestNG-test-Yt Master Tests-1] INFO  [verifyingSideMenuLanguageAsInSettingsLingua] [verifyingSideMenuLanguageAsInSettingsLingua] Element found and ready (attempt 1): By.xpath: //ytd-topbar-menu-button-renderer[@class='style-scope ytd-masthead style-default']
2026-02-03 13:03:54.786 [TestNG-test-Yt Master Tests-1] INFO  [verifyingSideMenuLanguageAsInSettingsLingua] Fetching the side menu in expanded view
2026-02-03 13:03:54.786 [TestNG-test-Yt Master Tests-1] INFO  [verifyingSideMenuLanguageAsInSettingsLingua] [verifyingSideMenuLanguageAsInSettingsLingua] Finding elements list: By.xpath: //ytd-guide-entry-renderer[@class='style-scope ytd-guide-section-renderer']
2026-02-03 13:03:55.015 [TestNG-test-Yt Master Tests-1] INFO  [verifyingSideMenuLanguageAsInSettingsLingua] [verifyingSideMenuLanguageAsInSettingsLingua] Found 16 ready elements (attempt 1): By.xpath: //ytd-guide-entry-renderer[@class='style-scope ytd-guide-section-renderer']
2026-02-03 13:03:55.366 [TestNG-test-Yt Master Tests-1] INFO  [verifyingSideMenuLanguageAsInSettingsLingua] Clean Text in detection: ==Inici YouTube Shorts Subscripcions Tu Historial Música Pel·lícules i televisió En directe YouTube Premium YouTube TV YouTube Music YouTube Kids Configuració Historial d'informes Ajuda Envia suggeriments      202
2026-02-03 13:03:55.367 [TestNG-test-Yt Master Tests-1] INFO  [verifyingSideMenuLanguageAsInSettingsLingua] sanitized Text in detection: ==Inici YouTube Shorts Subscripcions Tu Historial Música Pellícules i televisió En directe YouTube Premium YouTube TV YouTube Music YouTube Kids Configuració Historial dinformes Ajuda Envia suggeriments      200
2026-02-03 13:03:55.374 [TestNG-test-Yt Master Tests-1] INFO  [verifyingSideMenuLanguageAsInSettingsLingua] getLangAttribute() - locating <html> and reading lang property
2026-02-03 13:03:55.387 [TestNG-test-Yt Master Tests-1] INFO  [verifyingSideMenuLanguageAsInSettingsLingua] Language attribute read: ca-ES
2026-02-03 13:03:55.387 [TestNG-test-Yt Master Tests-1] INFO  [verifyingSideMenuLanguageAsInSettingsLingua] [verifyingSideMenuLanguageAsInSettingsLingua] ApplicableLanguage==  Català     Detected Language ==  CATALAN  Expected Language == CATALAN
2026-02-03 13:03:55.387 [TestNG-test-Yt Master Tests-1] INFO  [verifyingSideMenuLanguageAsInSettingsLingua] Clicking settings ellipses button...
2026-02-03 13:03:55.388 [TestNG-test-Yt Master Tests-1] INFO  [verifyingSideMenuLanguageAsInSettingsLingua] [verifyingSideMenuLanguageAsInSettingsLingua] Trying to find element: By.xpath: //ytd-topbar-menu-button-renderer[@class='style-scope ytd-masthead style-default']
2026-02-03 13:03:55.411 [TestNG-test-Yt Master Tests-1] INFO  [verifyingSideMenuLanguageAsInSettingsLingua] [verifyingSideMenuLanguageAsInSettingsLingua] Element found and ready (attempt 1): By.xpath: //ytd-topbar-menu-button-renderer[@class='style-scope ytd-masthead style-default']
2026-02-03 13:03:57.467 [TestNG-test-Yt Master Tests-1] INFO  [verifyingSideMenuLanguageAsInSettingsLingua] Clicking language dropdown...
2026-02-03 13:03:57.468 [TestNG-test-Yt Master Tests-1] INFO  [verifyingSideMenuLanguageAsInSettingsLingua] [verifyingSideMenuLanguageAsInSettingsLingua] Trying to find element: By.xpath: (//div[@id='content-icon'])[2]
2026-02-03 13:03:57.493 [TestNG-test-Yt Master Tests-1] INFO  [verifyingSideMenuLanguageAsInSettingsLingua] [verifyingSideMenuLanguageAsInSettingsLingua] Element found and ready (attempt 1): By.xpath: (//div[@id='content-icon'])[2]
2026-02-03 13:04:00.877 [TestNG-test-Yt Master Tests-1] INFO  [verifyingSideMenuLanguageAsInSettingsLingua] Looking for language element with name: Dansk
2026-02-03 13:04:00.877 [TestNG-test-Yt Master Tests-1] INFO  [verifyingSideMenuLanguageAsInSettingsLingua] [verifyingSideMenuLanguageAsInSettingsLingua] Trying to find element: By.xpath: //yt-multi-page-menu-section-renderer[@class='style-scope ytd-multi-page-menu-renderer']//yt-formatted-string[@id='label' and text()='Dansk']
2026-02-03 13:04:00.901 [TestNG-test-Yt Master Tests-1] INFO  [verifyingSideMenuLanguageAsInSettingsLingua] [verifyingSideMenuLanguageAsInSettingsLingua] Element found and ready (attempt 1): By.xpath: //yt-multi-page-menu-section-renderer[@class='style-scope ytd-multi-page-menu-renderer']//yt-formatted-string[@id='label' and text()='Dansk']
2026-02-03 13:04:02.323 [TestNG-test-Yt Master Tests-1] INFO  [verifyingSideMenuLanguageAsInSettingsLingua] Clicking settings ellipses button...
2026-02-03 13:04:02.324 [TestNG-test-Yt Master Tests-1] INFO  [verifyingSideMenuLanguageAsInSettingsLingua] [verifyingSideMenuLanguageAsInSettingsLingua] Trying to find element: By.xpath: //ytd-topbar-menu-button-renderer[@class='style-scope ytd-masthead style-default']
2026-02-03 13:04:02.632 [TestNG-test-Yt Master Tests-1] INFO  [verifyingSideMenuLanguageAsInSettingsLingua] [verifyingSideMenuLanguageAsInSettingsLingua] Element found and ready (attempt 1): By.xpath: //ytd-topbar-menu-button-renderer[@class='style-scope ytd-masthead style-default']
2026-02-03 13:04:02.813 [TestNG-test-Yt Master Tests-1] INFO  [verifyingSideMenuLanguageAsInSettingsLingua] Looking for language element with name: Dansk
2026-02-03 13:04:02.813 [TestNG-test-Yt Master Tests-1] INFO  [verifyingSideMenuLanguageAsInSettingsLingua] [verifyingSideMenuLanguageAsInSettingsLingua] Waiting until element is visible in viewport
2026-02-03 13:04:13.011 [TestNG-test-Yt Master Tests-1] INFO  [verifyingSideMenuLanguageAsInSettingsLingua] [verifyingSideMenuLanguageAsInSettingsLingua] Capturing screenshot: Filter Applied is Dansk__2026-02-03_130413.png
2026-02-03 13:04:13.131 [TestNG-test-Yt Master Tests-1] INFO  [verifyingSideMenuLanguageAsInSettingsLingua] [verifyingSideMenuLanguageAsInSettingsLingua] Screenshot saved at: test-output/screenshots/Run_2026-02-03_13-01-32/verifyingSideMenuLanguageAsInSettingsLingua/Filter Applied is Dansk__2026-02-03_130413.png
2026-02-03 13:04:13.131 [TestNG-test-Yt Master Tests-1] INFO  [verifyingSideMenuLanguageAsInSettingsLingua] Clicking settings ellipses button...
2026-02-03 13:04:13.131 [TestNG-test-Yt Master Tests-1] INFO  [verifyingSideMenuLanguageAsInSettingsLingua] [verifyingSideMenuLanguageAsInSettingsLingua] Trying to find element: By.xpath: //ytd-topbar-menu-button-renderer[@class='style-scope ytd-masthead style-default']
2026-02-03 13:04:13.152 [TestNG-test-Yt Master Tests-1] INFO  [verifyingSideMenuLanguageAsInSettingsLingua] [verifyingSideMenuLanguageAsInSettingsLingua] Element found and ready (attempt 1): By.xpath: //ytd-topbar-menu-button-renderer[@class='style-scope ytd-masthead style-default']
2026-02-03 13:04:15.200 [TestNG-test-Yt Master Tests-1] INFO  [verifyingSideMenuLanguageAsInSettingsLingua] Fetching the side menu in expanded view
2026-02-03 13:04:15.200 [TestNG-test-Yt Master Tests-1] INFO  [verifyingSideMenuLanguageAsInSettingsLingua] [verifyingSideMenuLanguageAsInSettingsLingua] Finding elements list: By.xpath: //ytd-guide-entry-renderer[@class='style-scope ytd-guide-section-renderer']
2026-02-03 13:04:15.392 [TestNG-test-Yt Master Tests-1] INFO  [verifyingSideMenuLanguageAsInSettingsLingua] [verifyingSideMenuLanguageAsInSettingsLingua] Found 16 ready elements (attempt 1): By.xpath: //ytd-guide-entry-renderer[@class='style-scope ytd-guide-section-renderer']
2026-02-03 13:04:15.735 [TestNG-test-Yt Master Tests-1] INFO  [verifyingSideMenuLanguageAsInSettingsLingua] Clean Text in detection: ==Start Shorts Abonnementer Dig Historik Musik Film og tv Live YouTube Premium YouTube TV YouTube Music YouTube Kids Indstillinger Rapporteringshistorik Hjælp Send feedback      170
2026-02-03 13:04:15.735 [TestNG-test-Yt Master Tests-1] INFO  [verifyingSideMenuLanguageAsInSettingsLingua] sanitized Text in detection: ==Start Shorts Abonnementer Dig Historik Musik Film og tv Live YouTube Premium YouTube TV YouTube Music YouTube Kids Indstillinger Rapporteringshistorik Hjælp Send feedback      170
2026-02-03 13:04:15.740 [TestNG-test-Yt Master Tests-1] INFO  [verifyingSideMenuLanguageAsInSettingsLingua] getLangAttribute() - locating <html> and reading lang property
2026-02-03 13:04:15.752 [TestNG-test-Yt Master Tests-1] INFO  [verifyingSideMenuLanguageAsInSettingsLingua] Language attribute read: da-DK
2026-02-03 13:04:15.752 [TestNG-test-Yt Master Tests-1] INFO  [verifyingSideMenuLanguageAsInSettingsLingua] [verifyingSideMenuLanguageAsInSettingsLingua] ApplicableLanguage==  Dansk     Detected Language ==  DANISH  Expected Language == DANISH
2026-02-03 13:04:15.753 [TestNG-test-Yt Master Tests-1] INFO  [verifyingSideMenuLanguageAsInSettingsLingua] Clicking settings ellipses button...
2026-02-03 13:04:15.753 [TestNG-test-Yt Master Tests-1] INFO  [verifyingSideMenuLanguageAsInSettingsLingua] [verifyingSideMenuLanguageAsInSettingsLingua] Trying to find element: By.xpath: //ytd-topbar-menu-button-renderer[@class='style-scope ytd-masthead style-default']
2026-02-03 13:04:15.774 [TestNG-test-Yt Master Tests-1] INFO  [verifyingSideMenuLanguageAsInSettingsLingua] [verifyingSideMenuLanguageAsInSettingsLingua] Element found and ready (attempt 1): By.xpath: //ytd-topbar-menu-button-renderer[@class='style-scope ytd-masthead style-default']
2026-02-03 13:04:17.831 [TestNG-test-Yt Master Tests-1] INFO  [verifyingSideMenuLanguageAsInSettingsLingua] Clicking language dropdown...
2026-02-03 13:04:17.831 [TestNG-test-Yt Master Tests-1] INFO  [verifyingSideMenuLanguageAsInSettingsLingua] [verifyingSideMenuLanguageAsInSettingsLingua] Trying to find element: By.xpath: (//div[@id='content-icon'])[2]
2026-02-03 13:04:17.852 [TestNG-test-Yt Master Tests-1] INFO  [verifyingSideMenuLanguageAsInSettingsLingua] [verifyingSideMenuLanguageAsInSettingsLingua] Element found and ready (attempt 1): By.xpath: (//div[@id='content-icon'])[2]
2026-02-03 13:04:21.198 [TestNG-test-Yt Master Tests-1] INFO  [verifyingSideMenuLanguageAsInSettingsLingua] Looking for language element with name: Deutsch
2026-02-03 13:04:21.198 [TestNG-test-Yt Master Tests-1] INFO  [verifyingSideMenuLanguageAsInSettingsLingua] [verifyingSideMenuLanguageAsInSettingsLingua] Trying to find element: By.xpath: //yt-multi-page-menu-section-renderer[@class='style-scope ytd-multi-page-menu-renderer']//yt-formatted-string[@id='label' and text()='Deutsch']
2026-02-03 13:04:21.226 [TestNG-test-Yt Master Tests-1] INFO  [verifyingSideMenuLanguageAsInSettingsLingua] [verifyingSideMenuLanguageAsInSettingsLingua] Element found and ready (attempt 1): By.xpath: //yt-multi-page-menu-section-renderer[@class='style-scope ytd-multi-page-menu-renderer']//yt-formatted-string[@id='label' and text()='Deutsch']
2026-02-03 13:04:22.643 [TestNG-test-Yt Master Tests-1] INFO  [verifyingSideMenuLanguageAsInSettingsLingua] Clicking settings ellipses button...
2026-02-03 13:04:22.643 [TestNG-test-Yt Master Tests-1] INFO  [verifyingSideMenuLanguageAsInSettingsLingua] [verifyingSideMenuLanguageAsInSettingsLingua] Trying to find element: By.xpath: //ytd-topbar-menu-button-renderer[@class='style-scope ytd-masthead style-default']
2026-02-03 13:04:22.951 [TestNG-test-Yt Master Tests-1] INFO  [verifyingSideMenuLanguageAsInSettingsLingua] [verifyingSideMenuLanguageAsInSettingsLingua] Element found and ready (attempt 1): By.xpath: //ytd-topbar-menu-button-renderer[@class='style-scope ytd-masthead style-default']
2026-02-03 13:04:23.119 [TestNG-test-Yt Master Tests-1] INFO  [verifyingSideMenuLanguageAsInSettingsLingua] Looking for language element with name: Deutsch
2026-02-03 13:04:23.119 [TestNG-test-Yt Master Tests-1] INFO  [verifyingSideMenuLanguageAsInSettingsLingua] [verifyingSideMenuLanguageAsInSettingsLingua] Waiting until element is visible in viewport
2026-02-03 13:04:33.308 [TestNG-test-Yt Master Tests-1] INFO  [verifyingSideMenuLanguageAsInSettingsLingua] [verifyingSideMenuLanguageAsInSettingsLingua] Capturing screenshot: Filter Applied is Deutsch__2026-02-03_130433.png
2026-02-03 13:04:33.427 [TestNG-test-Yt Master Tests-1] INFO  [verifyingSideMenuLanguageAsInSettingsLingua] [verifyingSideMenuLanguageAsInSettingsLingua] Screenshot saved at: test-output/screenshots/Run_2026-02-03_13-01-32/verifyingSideMenuLanguageAsInSettingsLingua/Filter Applied is Deutsch__2026-02-03_130433.png
2026-02-03 13:04:33.427 [TestNG-test-Yt Master Tests-1] INFO  [verifyingSideMenuLanguageAsInSettingsLingua] Clicking settings ellipses button...
2026-02-03 13:04:33.427 [TestNG-test-Yt Master Tests-1] INFO  [verifyingSideMenuLanguageAsInSettingsLingua] [verifyingSideMenuLanguageAsInSettingsLingua] Trying to find element: By.xpath: //ytd-topbar-menu-button-renderer[@class='style-scope ytd-masthead style-default']
2026-02-03 13:04:33.448 [TestNG-test-Yt Master Tests-1] INFO  [verifyingSideMenuLanguageAsInSettingsLingua] [verifyingSideMenuLanguageAsInSettingsLingua] Element found and ready (attempt 1): By.xpath: //ytd-topbar-menu-button-renderer[@class='style-scope ytd-masthead style-default']
2026-02-03 13:04:35.497 [TestNG-test-Yt Master Tests-1] INFO  [verifyingSideMenuLanguageAsInSettingsLingua] Fetching the side menu in expanded view
2026-02-03 13:04:35.498 [TestNG-test-Yt Master Tests-1] INFO  [verifyingSideMenuLanguageAsInSettingsLingua] [verifyingSideMenuLanguageAsInSettingsLingua] Finding elements list: By.xpath: //ytd-guide-entry-renderer[@class='style-scope ytd-guide-section-renderer']
2026-02-03 13:04:35.710 [TestNG-test-Yt Master Tests-1] INFO  [verifyingSideMenuLanguageAsInSettingsLingua] [verifyingSideMenuLanguageAsInSettingsLingua] Found 16 ready elements (attempt 1): By.xpath: //ytd-guide-entry-renderer[@class='style-scope ytd-guide-section-renderer']
2026-02-03 13:04:36.056 [TestNG-test-Yt Master Tests-1] INFO  [verifyingSideMenuLanguageAsInSettingsLingua] Clean Text in detection: ==Startseite Shorts Abos Mein YouTube Verlauf Musik Filme & Shows Live YouTube Premium YouTube TV YouTube Music YouTube Kids Einstellungen Meldeverlauf Hilfe Feedback senden      171
2026-02-03 13:04:36.056 [TestNG-test-Yt Master Tests-1] INFO  [verifyingSideMenuLanguageAsInSettingsLingua] sanitized Text in detection: ==Startseite Shorts Abos Mein YouTube Verlauf Musik Filme  Shows Live YouTube Premium YouTube TV YouTube Music YouTube Kids Einstellungen Meldeverlauf Hilfe Feedback senden      170
2026-02-03 13:04:36.060 [TestNG-test-Yt Master Tests-1] INFO  [verifyingSideMenuLanguageAsInSettingsLingua] getLangAttribute() - locating <html> and reading lang property
2026-02-03 13:04:36.076 [TestNG-test-Yt Master Tests-1] INFO  [verifyingSideMenuLanguageAsInSettingsLingua] Language attribute read: de-DE
2026-02-03 13:04:36.077 [TestNG-test-Yt Master Tests-1] INFO  [verifyingSideMenuLanguageAsInSettingsLingua] [verifyingSideMenuLanguageAsInSettingsLingua] ApplicableLanguage==  Deutsch     Detected Language ==  GERMAN  Expected Language == GERMAN
2026-02-03 13:04:36.077 [TestNG-test-Yt Master Tests-1] INFO  [verifyingSideMenuLanguageAsInSettingsLingua] Clicking settings ellipses button...
2026-02-03 13:04:36.077 [TestNG-test-Yt Master Tests-1] INFO  [verifyingSideMenuLanguageAsInSettingsLingua] [verifyingSideMenuLanguageAsInSettingsLingua] Trying to find element: By.xpath: //ytd-topbar-menu-button-renderer[@class='style-scope ytd-masthead style-default']
2026-02-03 13:04:36.103 [TestNG-test-Yt Master Tests-1] INFO  [verifyingSideMenuLanguageAsInSettingsLingua] [verifyingSideMenuLanguageAsInSettingsLingua] Element found and ready (attempt 1): By.xpath: //ytd-topbar-menu-button-renderer[@class='style-scope ytd-masthead style-default']
2026-02-03 13:04:38.176 [TestNG-test-Yt Master Tests-1] INFO  [verifyingSideMenuLanguageAsInSettingsLingua] Clicking language dropdown...
2026-02-03 13:04:38.176 [TestNG-test-Yt Master Tests-1] INFO  [verifyingSideMenuLanguageAsInSettingsLingua] [verifyingSideMenuLanguageAsInSettingsLingua] Trying to find element: By.xpath: (//div[@id='content-icon'])[2]
2026-02-03 13:04:38.198 [TestNG-test-Yt Master Tests-1] INFO  [verifyingSideMenuLanguageAsInSettingsLingua] [verifyingSideMenuLanguageAsInSettingsLingua] Element found and ready (attempt 1): By.xpath: (//div[@id='content-icon'])[2]
2026-02-03 13:04:41.485 [TestNG-test-Yt Master Tests-1] INFO  [verifyingSideMenuLanguageAsInSettingsLingua] Looking for language element with name: Eesti
2026-02-03 13:04:41.485 [TestNG-test-Yt Master Tests-1] INFO  [verifyingSideMenuLanguageAsInSettingsLingua] [verifyingSideMenuLanguageAsInSettingsLingua] Trying to find element: By.xpath: //yt-multi-page-menu-section-renderer[@class='style-scope ytd-multi-page-menu-renderer']//yt-formatted-string[@id='label' and text()='Eesti']
2026-02-03 13:04:41.511 [TestNG-test-Yt Master Tests-1] INFO  [verifyingSideMenuLanguageAsInSettingsLingua] [verifyingSideMenuLanguageAsInSettingsLingua] Element found and ready (attempt 1): By.xpath: //yt-multi-page-menu-section-renderer[@class='style-scope ytd-multi-page-menu-renderer']//yt-formatted-string[@id='label' and text()='Eesti']
2026-02-03 13:04:42.828 [TestNG-test-Yt Master Tests-1] INFO  [verifyingSideMenuLanguageAsInSettingsLingua] Clicking settings ellipses button...
2026-02-03 13:04:42.828 [TestNG-test-Yt Master Tests-1] INFO  [verifyingSideMenuLanguageAsInSettingsLingua] [verifyingSideMenuLanguageAsInSettingsLingua] Trying to find element: By.xpath: //ytd-topbar-menu-button-renderer[@class='style-scope ytd-masthead style-default']
2026-02-03 13:04:43.201 [TestNG-test-Yt Master Tests-1] INFO  [verifyingSideMenuLanguageAsInSettingsLingua] [verifyingSideMenuLanguageAsInSettingsLingua] Element found and ready (attempt 1): By.xpath: //ytd-topbar-menu-button-renderer[@class='style-scope ytd-masthead style-default']
2026-02-03 13:04:43.364 [TestNG-test-Yt Master Tests-1] INFO  [verifyingSideMenuLanguageAsInSettingsLingua] Looking for language element with name: Eesti
2026-02-03 13:04:43.364 [TestNG-test-Yt Master Tests-1] INFO  [verifyingSideMenuLanguageAsInSettingsLingua] [verifyingSideMenuLanguageAsInSettingsLingua] Waiting until element is visible in viewport
2026-02-03 13:04:53.637 [TestNG-test-Yt Master Tests-1] INFO  [verifyingSideMenuLanguageAsInSettingsLingua] [verifyingSideMenuLanguageAsInSettingsLingua] Capturing screenshot: Filter Applied is Eesti__2026-02-03_130453.png
2026-02-03 13:04:53.758 [TestNG-test-Yt Master Tests-1] INFO  [verifyingSideMenuLanguageAsInSettingsLingua] [verifyingSideMenuLanguageAsInSettingsLingua] Screenshot saved at: test-output/screenshots/Run_2026-02-03_13-01-32/verifyingSideMenuLanguageAsInSettingsLingua/Filter Applied is Eesti__2026-02-03_130453.png
2026-02-03 13:04:53.759 [TestNG-test-Yt Master Tests-1] INFO  [verifyingSideMenuLanguageAsInSettingsLingua] Clicking settings ellipses button...
2026-02-03 13:04:53.759 [TestNG-test-Yt Master Tests-1] INFO  [verifyingSideMenuLanguageAsInSettingsLingua] [verifyingSideMenuLanguageAsInSettingsLingua] Trying to find element: By.xpath: //ytd-topbar-menu-button-renderer[@class='style-scope ytd-masthead style-default']
2026-02-03 13:04:53.779 [TestNG-test-Yt Master Tests-1] INFO  [verifyingSideMenuLanguageAsInSettingsLingua] [verifyingSideMenuLanguageAsInSettingsLingua] Element found and ready (attempt 1): By.xpath: //ytd-topbar-menu-button-renderer[@class='style-scope ytd-masthead style-default']
2026-02-03 13:04:55.830 [TestNG-test-Yt Master Tests-1] INFO  [verifyingSideMenuLanguageAsInSettingsLingua] Fetching the side menu in expanded view
2026-02-03 13:04:55.830 [TestNG-test-Yt Master Tests-1] INFO  [verifyingSideMenuLanguageAsInSettingsLingua] [verifyingSideMenuLanguageAsInSettingsLingua] Finding elements list: By.xpath: //ytd-guide-entry-renderer[@class='style-scope ytd-guide-section-renderer']
2026-02-03 13:04:56.033 [TestNG-test-Yt Master Tests-1] INFO  [verifyingSideMenuLanguageAsInSettingsLingua] [verifyingSideMenuLanguageAsInSettingsLingua] Found 16 ready elements (attempt 1): By.xpath: //ytd-guide-entry-renderer[@class='style-scope ytd-guide-section-renderer']
2026-02-03 13:04:56.412 [TestNG-test-Yt Master Tests-1] INFO  [verifyingSideMenuLanguageAsInSettingsLingua] Clean Text in detection: ==Avaleht Shorts Tellimused Teie Ajalugu Muusika Filmid ja telesarjad Otse YouTube Premium YouTube TV YouTube Music YouTube Kids Seaded Teavituste ajalugu Abi Tagasiside saatmine      176
2026-02-03 13:04:56.412 [TestNG-test-Yt Master Tests-1] INFO  [verifyingSideMenuLanguageAsInSettingsLingua] sanitized Text in detection: ==Avaleht Shorts Tellimused Teie Ajalugu Muusika Filmid ja telesarjad Otse YouTube Premium YouTube TV YouTube Music YouTube Kids Seaded Teavituste ajalugu Abi Tagasiside saatmine      176
2026-02-03 13:04:56.415 [TestNG-test-Yt Master Tests-1] INFO  [verifyingSideMenuLanguageAsInSettingsLingua] getLangAttribute() - locating <html> and reading lang property
2026-02-03 13:04:56.428 [TestNG-test-Yt Master Tests-1] INFO  [verifyingSideMenuLanguageAsInSettingsLingua] Language attribute read: et-EE
2026-02-03 13:04:56.428 [TestNG-test-Yt Master Tests-1] INFO  [verifyingSideMenuLanguageAsInSettingsLingua] [verifyingSideMenuLanguageAsInSettingsLingua] ApplicableLanguage==  Eesti     Detected Language ==  ESTONIAN  Expected Language == ESTONIAN
2026-02-03 13:04:56.428 [TestNG-test-Yt Master Tests-1] INFO  [verifyingSideMenuLanguageAsInSettingsLingua] Clicking settings ellipses button...
2026-02-03 13:04:56.428 [TestNG-test-Yt Master Tests-1] INFO  [verifyingSideMenuLanguageAsInSettingsLingua] [verifyingSideMenuLanguageAsInSettingsLingua] Trying to find element: By.xpath: //ytd-topbar-menu-button-renderer[@class='style-scope ytd-masthead style-default']
2026-02-03 13:04:56.446 [TestNG-test-Yt Master Tests-1] INFO  [verifyingSideMenuLanguageAsInSettingsLingua] [verifyingSideMenuLanguageAsInSettingsLingua] Element found and ready (attempt 1): By.xpath: //ytd-topbar-menu-button-renderer[@class='style-scope ytd-masthead style-default']
2026-02-03 13:04:58.513 [TestNG-test-Yt Master Tests-1] INFO  [verifyingSideMenuLanguageAsInSettingsLingua] Clicking language dropdown...
2026-02-03 13:04:58.513 [TestNG-test-Yt Master Tests-1] INFO  [verifyingSideMenuLanguageAsInSettingsLingua] [verifyingSideMenuLanguageAsInSettingsLingua] Trying to find element: By.xpath: (//div[@id='content-icon'])[2]
2026-02-03 13:04:58.534 [TestNG-test-Yt Master Tests-1] INFO  [verifyingSideMenuLanguageAsInSettingsLingua] [verifyingSideMenuLanguageAsInSettingsLingua] Element found and ready (attempt 1): By.xpath: (//div[@id='content-icon'])[2]
2026-02-03 13:05:01.865 [TestNG-test-Yt Master Tests-1] INFO  [verifyingSideMenuLanguageAsInSettingsLingua] Looking for language element with name: English (India)
2026-02-03 13:05:01.865 [TestNG-test-Yt Master Tests-1] INFO  [verifyingSideMenuLanguageAsInSettingsLingua] [verifyingSideMenuLanguageAsInSettingsLingua] Trying to find element: By.xpath: //yt-multi-page-menu-section-renderer[@class='style-scope ytd-multi-page-menu-renderer']//yt-formatted-string[@id='label' and text()='English (India)']
2026-02-03 13:05:01.895 [TestNG-test-Yt Master Tests-1] INFO  [verifyingSideMenuLanguageAsInSettingsLingua] [verifyingSideMenuLanguageAsInSettingsLingua] Element found and ready (attempt 1): By.xpath: //yt-multi-page-menu-section-renderer[@class='style-scope ytd-multi-page-menu-renderer']//yt-formatted-string[@id='label' and text()='English (India)']
2026-02-03 13:05:03.310 [TestNG-test-Yt Master Tests-1] INFO  [verifyingSideMenuLanguageAsInSettingsLingua] Clicking settings ellipses button...
2026-02-03 13:05:03.310 [TestNG-test-Yt Master Tests-1] INFO  [verifyingSideMenuLanguageAsInSettingsLingua] [verifyingSideMenuLanguageAsInSettingsLingua] Trying to find element: By.xpath: //ytd-topbar-menu-button-renderer[@class='style-scope ytd-masthead style-default']
2026-02-03 13:05:03.722 [TestNG-test-Yt Master Tests-1] INFO  [verifyingSideMenuLanguageAsInSettingsLingua] [verifyingSideMenuLanguageAsInSettingsLingua] Element found and ready (attempt 1): By.xpath: //ytd-topbar-menu-button-renderer[@class='style-scope ytd-masthead style-default']
2026-02-03 13:05:03.909 [TestNG-test-Yt Master Tests-1] INFO  [verifyingSideMenuLanguageAsInSettingsLingua] Looking for language element with name: English (India)
2026-02-03 13:05:03.909 [TestNG-test-Yt Master Tests-1] INFO  [verifyingSideMenuLanguageAsInSettingsLingua] [verifyingSideMenuLanguageAsInSettingsLingua] Waiting until element is visible in viewport
2026-02-03 13:05:14.096 [TestNG-test-Yt Master Tests-1] INFO  [verifyingSideMenuLanguageAsInSettingsLingua] [verifyingSideMenuLanguageAsInSettingsLingua] Capturing screenshot: Filter Applied is English (India)__2026-02-03_130514.png
2026-02-03 13:05:14.224 [TestNG-test-Yt Master Tests-1] INFO  [verifyingSideMenuLanguageAsInSettingsLingua] [verifyingSideMenuLanguageAsInSettingsLingua] Screenshot saved at: test-output/screenshots/Run_2026-02-03_13-01-32/verifyingSideMenuLanguageAsInSettingsLingua/Filter Applied is English (India)__2026-02-03_130514.png
2026-02-03 13:05:14.225 [TestNG-test-Yt Master Tests-1] INFO  [verifyingSideMenuLanguageAsInSettingsLingua] Clicking settings ellipses button...
2026-02-03 13:05:14.225 [TestNG-test-Yt Master Tests-1] INFO  [verifyingSideMenuLanguageAsInSettingsLingua] [verifyingSideMenuLanguageAsInSettingsLingua] Trying to find element: By.xpath: //ytd-topbar-menu-button-renderer[@class='style-scope ytd-masthead style-default']
2026-02-03 13:05:14.249 [TestNG-test-Yt Master Tests-1] INFO  [verifyingSideMenuLanguageAsInSettingsLingua] [verifyingSideMenuLanguageAsInSettingsLingua] Element found and ready (attempt 1): By.xpath: //ytd-topbar-menu-button-renderer[@class='style-scope ytd-masthead style-default']
2026-02-03 13:05:16.301 [TestNG-test-Yt Master Tests-1] INFO  [verifyingSideMenuLanguageAsInSettingsLingua] Fetching the side menu in expanded view
2026-02-03 13:05:16.301 [TestNG-test-Yt Master Tests-1] INFO  [verifyingSideMenuLanguageAsInSettingsLingua] [verifyingSideMenuLanguageAsInSettingsLingua] Finding elements list: By.xpath: //ytd-guide-entry-renderer[@class='style-scope ytd-guide-section-renderer']
2026-02-03 13:05:16.528 [TestNG-test-Yt Master Tests-1] INFO  [verifyingSideMenuLanguageAsInSettingsLingua] [verifyingSideMenuLanguageAsInSettingsLingua] Found 16 ready elements (attempt 1): By.xpath: //ytd-guide-entry-renderer[@class='style-scope ytd-guide-section-renderer']
2026-02-03 13:05:16.880 [TestNG-test-Yt Master Tests-1] INFO  [verifyingSideMenuLanguageAsInSettingsLingua] Clean Text in detection: ==Home Shorts Subscriptions You History Shopping Music Movies & TV YouTube Premium YouTube TV YouTube Music YouTube Kids Settings Report history Help Send feedback      161
2026-02-03 13:05:16.880 [TestNG-test-Yt Master Tests-1] INFO  [verifyingSideMenuLanguageAsInSettingsLingua] sanitized Text in detection: ==Home Shorts Subscriptions You History Shopping Music Movies  TV YouTube Premium YouTube TV YouTube Music YouTube Kids Settings Report history Help Send feedback      160
2026-02-03 13:05:16.884 [TestNG-test-Yt Master Tests-1] INFO  [verifyingSideMenuLanguageAsInSettingsLingua] getLangAttribute() - locating <html> and reading lang property
2026-02-03 13:05:16.896 [TestNG-test-Yt Master Tests-1] INFO  [verifyingSideMenuLanguageAsInSettingsLingua] Language attribute read: en-IN
2026-02-03 13:05:16.897 [TestNG-test-Yt Master Tests-1] INFO  [verifyingSideMenuLanguageAsInSettingsLingua] [verifyingSideMenuLanguageAsInSettingsLingua] ApplicableLanguage==  English (India)     Detected Language ==  ENGLISH  Expected Language == ENGLISH
2026-02-03 13:05:16.897 [TestNG-test-Yt Master Tests-1] INFO  [verifyingSideMenuLanguageAsInSettingsLingua] Clicking settings ellipses button...
2026-02-03 13:05:16.897 [TestNG-test-Yt Master Tests-1] INFO  [verifyingSideMenuLanguageAsInSettingsLingua] [verifyingSideMenuLanguageAsInSettingsLingua] Trying to find element: By.xpath: //ytd-topbar-menu-button-renderer[@class='style-scope ytd-masthead style-default']
2026-02-03 13:05:16.917 [TestNG-test-Yt Master Tests-1] INFO  [verifyingSideMenuLanguageAsInSettingsLingua] [verifyingSideMenuLanguageAsInSettingsLingua] Element found and ready (attempt 1): By.xpath: //ytd-topbar-menu-button-renderer[@class='style-scope ytd-masthead style-default']
2026-02-03 13:05:18.979 [TestNG-test-Yt Master Tests-1] INFO  [verifyingSideMenuLanguageAsInSettingsLingua] Clicking language dropdown...
2026-02-03 13:05:18.979 [TestNG-test-Yt Master Tests-1] INFO  [verifyingSideMenuLanguageAsInSettingsLingua] [verifyingSideMenuLanguageAsInSettingsLingua] Trying to find element: By.xpath: (//div[@id='content-icon'])[2]
2026-02-03 13:05:19.001 [TestNG-test-Yt Master Tests-1] INFO  [verifyingSideMenuLanguageAsInSettingsLingua] [verifyingSideMenuLanguageAsInSettingsLingua] Element found and ready (attempt 1): By.xpath: (//div[@id='content-icon'])[2]
2026-02-03 13:05:21.381 [TestNG-test-Yt Master Tests-1] INFO  [verifyingSideMenuLanguageAsInSettingsLingua] [verifyingSideMenuLanguageAsInSettingsLingua] Not retrying test 'verifyingSideMenuLanguageAsInSettingsLingua'. Retry count: 0, Cause: The following asserts failed:
	Page title mismatch expected [CROATIAN] but found [BOSNIAN]
2026-02-03 13:05:21.409 [TestNG-test-Yt Master Tests-1] ERROR [verifyingSideMenuLanguageAsInSettingsLingua] Test FAILED: verifyingSideMenuLanguageAsInSettingsLingua - java.lang.AssertionError: The following asserts failed:
	Page title mismatch expected [CROATIAN] but found [BOSNIAN]
2026-02-03 13:05:21.410 [TestNG-test-Yt Master Tests-1] INFO  [verifyingSideMenuLanguageAsInSettingsLingua] Closing WebDriver for thread: 31
2026-02-03 13:05:23.448 [TestNG-test-Yt Master Tests-1] INFO  [verifyingSideMenuLanguageAsInSettingsLingua] WebDriver instance removed from ThreadLocal for thread: 31
2026-02-03 13:05:23.448 [TestNG-test-Yt Master Tests-1] INFO  [verifyingSideMenuLanguageAsInSettingsLingua] Driver closed for test: verifyingSideMenuLanguageAsInSettingsLingua
