2026-01-08 18:15:44.367 [TestNG-test-Smoke Tests-1] INFO  [verifyingSideMenuCollapsedLangAsInSettingsLingua] ===== STARTING TEST: verifyingSideMenuCollapsedLangAsInSettingsLingua  | Thread: 34 =====
2026-01-08 18:15:44.375 [TestNG-test-Smoke Tests-1] INFO  [verifyingSideMenuCollapsedLangAsInSettingsLingua] No existing WebDriver found for current thread. Initializing a new ChromeDriver...
2026-01-08 18:15:44.388 [TestNG-test-Smoke Tests-1] INFO  [verifyingSideMenuCollapsedLangAsInSettingsLingua] WebDriverManager: chromedriver setup OK
2026-01-08 18:15:45.560 [TestNG-test-Smoke Tests-1] INFO  [verifyingSideMenuCollapsedLangAsInSettingsLingua] ChromeDriver initialized successfully for thread: 34
2026-01-08 18:15:45.560 [TestNG-test-Smoke Tests-1] INFO  [verifyingSideMenuCollapsedLangAsInSettingsLingua] Driver initialized successfully for test: verifyingSideMenuCollapsedLangAsInSettingsLingua
2026-01-08 18:15:45.561 [TestNG-test-Smoke Tests-1] INFO  [verifyingSideMenuCollapsedLangAsInSettingsLingua] SafeActions initialized with driver ChromeDriver: chrome on windows (b5e5c75f7a9725656b06a997121f12f0)
2026-01-08 18:15:45.561 [TestNG-test-Smoke Tests-1] INFO  [verifyingSideMenuCollapsedLangAsInSettingsLingua] Initialized YtLandingPage with driver: ChromeDriver: chrome on windows (b5e5c75f7a9725656b06a997121f12f0)
2026-01-08 18:15:45.561 [TestNG-test-Smoke Tests-1] INFO  [verifyingSideMenuCollapsedLangAsInSettingsLingua] SafeActions initialized with driver ChromeDriver: chrome on windows (b5e5c75f7a9725656b06a997121f12f0)
2026-01-08 18:15:47.674 [TestNG-test-Smoke Tests-1] INFO  [verifyingSideMenuCollapsedLangAsInSettingsLingua] Opened YouTube landing page.
2026-01-08 18:15:47.976 [TestNG-test-Smoke Tests-1] INFO  [verifyingSideMenuCollapsedLangAsInSettingsLingua] Clicking settings ellipses button...
2026-01-08 18:15:47.976 [TestNG-test-Smoke Tests-1] INFO  [verifyingSideMenuCollapsedLangAsInSettingsLingua] [verifyingSideMenuCollapsedLangAsInSettingsLingua] Trying to find element: By.xpath: //ytd-topbar-menu-button-renderer[@class='style-scope ytd-masthead style-default']
2026-01-08 18:15:48.123 [TestNG-test-Smoke Tests-1] INFO  [verifyingSideMenuCollapsedLangAsInSettingsLingua] [verifyingSideMenuCollapsedLangAsInSettingsLingua] Element found and ready (attempt 1): By.xpath: //ytd-topbar-menu-button-renderer[@class='style-scope ytd-masthead style-default']
2026-01-08 18:15:50.238 [TestNG-test-Smoke Tests-1] INFO  [verifyingSideMenuCollapsedLangAsInSettingsLingua] Clicking language dropdown...
2026-01-08 18:15:50.238 [TestNG-test-Smoke Tests-1] INFO  [verifyingSideMenuCollapsedLangAsInSettingsLingua] [verifyingSideMenuCollapsedLangAsInSettingsLingua] Trying to find element: By.xpath: (//div[@id='content-icon'])[2]
2026-01-08 18:15:50.264 [TestNG-test-Smoke Tests-1] INFO  [verifyingSideMenuCollapsedLangAsInSettingsLingua] [verifyingSideMenuCollapsedLangAsInSettingsLingua] Element found and ready (attempt 1): By.xpath: (//div[@id='content-icon'])[2]
2026-01-08 18:15:52.633 [TestNG-test-Smoke Tests-1] INFO  [verifyingSideMenuCollapsedLangAsInSettingsLingua] [verifyingSideMenuCollapsedLangAsInSettingsLingua] Execution is Not CRON Job Hence refering to normal keys from UtilData
2026-01-08 18:15:53.634 [TestNG-test-Smoke Tests-1] INFO  [verifyingSideMenuCollapsedLangAsInSettingsLingua] Looking for language element with name: Afrikaans
2026-01-08 18:15:53.634 [TestNG-test-Smoke Tests-1] INFO  [verifyingSideMenuCollapsedLangAsInSettingsLingua] [verifyingSideMenuCollapsedLangAsInSettingsLingua] Trying to find element: By.xpath: //yt-multi-page-menu-section-renderer[@class='style-scope ytd-multi-page-menu-renderer']//yt-formatted-string[@id='label' and text()='Afrikaans']
2026-01-08 18:15:53.666 [TestNG-test-Smoke Tests-1] INFO  [verifyingSideMenuCollapsedLangAsInSettingsLingua] [verifyingSideMenuCollapsedLangAsInSettingsLingua] Element found and ready (attempt 1): By.xpath: //yt-multi-page-menu-section-renderer[@class='style-scope ytd-multi-page-menu-renderer']//yt-formatted-string[@id='label' and text()='Afrikaans']
2026-01-08 18:15:54.731 [TestNG-test-Smoke Tests-1] INFO  [verifyingSideMenuCollapsedLangAsInSettingsLingua] getLangAttribute() - locating <html> and reading lang property
2026-01-08 18:15:55.118 [TestNG-test-Smoke Tests-1] INFO  [verifyingSideMenuCollapsedLangAsInSettingsLingua] Language attribute read: af-ZA
2026-01-08 18:15:57.122 [TestNG-test-Smoke Tests-1] INFO  [verifyingSideMenuCollapsedLangAsInSettingsLingua] Fetching the side menu in collapsed view
2026-01-08 18:15:57.122 [TestNG-test-Smoke Tests-1] INFO  [verifyingSideMenuCollapsedLangAsInSettingsLingua] [verifyingSideMenuCollapsedLangAsInSettingsLingua] Finding elements list: By.xpath: //ytd-mini-guide-renderer[@class='style-scope ytd-app']//ytd-mini-guide-entry-renderer
2026-01-08 18:15:57.336 [TestNG-test-Smoke Tests-1] INFO  [verifyingSideMenuCollapsedLangAsInSettingsLingua] [verifyingSideMenuCollapsedLangAsInSettingsLingua] Found 4 ready elements (attempt 1): By.xpath: //ytd-mini-guide-renderer[@class='style-scope ytd-app']//ytd-mini-guide-entry-renderer
2026-01-08 18:16:03.505 [TestNG-test-Smoke Tests-1] INFO  [verifyingSideMenuCollapsedLangAsInSettingsLingua] 
========== LANGUAGE DETECTION ==========
Detected Language : BOKMAL
Input Text        : Tuis Kortvideo's Intekeninge Myne
========================================
2026-01-08 18:16:03.505 [TestNG-test-Smoke Tests-1] INFO  [verifyingSideMenuCollapsedLangAsInSettingsLingua] text sent to lingua is       Tuis Kortvideo's Intekeninge Myne 
2026-01-08 18:16:03.508 [TestNG-test-Smoke Tests-1] INFO  [verifyingSideMenuCollapsedLangAsInSettingsLingua] getLangAttributeViaLanguageInput(Afrikaans)
2026-01-08 18:16:03.508 [TestNG-test-Smoke Tests-1] INFO  [verifyingSideMenuCollapsedLangAsInSettingsLingua] Mapped Afrikaans -> af-ZA
2026-01-08 18:16:03.508 [TestNG-test-Smoke Tests-1] INFO  [verifyingSideMenuCollapsedLangAsInSettingsLingua] getLangAttribute() - locating <html> and reading lang property
2026-01-08 18:16:03.526 [TestNG-test-Smoke Tests-1] INFO  [verifyingSideMenuCollapsedLangAsInSettingsLingua] Language attribute read: af-ZA
2026-01-08 18:16:03.526 [TestNG-test-Smoke Tests-1] INFO  [verifyingSideMenuCollapsedLangAsInSettingsLingua] Clicking settings ellipses button...
2026-01-08 18:16:03.526 [TestNG-test-Smoke Tests-1] INFO  [verifyingSideMenuCollapsedLangAsInSettingsLingua] [verifyingSideMenuCollapsedLangAsInSettingsLingua] Trying to find element: By.xpath: //ytd-topbar-menu-button-renderer[@class='style-scope ytd-masthead style-default']
2026-01-08 18:16:03.549 [TestNG-test-Smoke Tests-1] INFO  [verifyingSideMenuCollapsedLangAsInSettingsLingua] [verifyingSideMenuCollapsedLangAsInSettingsLingua] Element found and ready (attempt 1): By.xpath: //ytd-topbar-menu-button-renderer[@class='style-scope ytd-masthead style-default']
2026-01-08 18:16:05.645 [TestNG-test-Smoke Tests-1] INFO  [verifyingSideMenuCollapsedLangAsInSettingsLingua] Clicking language dropdown...
2026-01-08 18:16:05.645 [TestNG-test-Smoke Tests-1] INFO  [verifyingSideMenuCollapsedLangAsInSettingsLingua] [verifyingSideMenuCollapsedLangAsInSettingsLingua] Trying to find element: By.xpath: (//div[@id='content-icon'])[2]
2026-01-08 18:16:05.705 [TestNG-test-Smoke Tests-1] INFO  [verifyingSideMenuCollapsedLangAsInSettingsLingua] [verifyingSideMenuCollapsedLangAsInSettingsLingua] Element found and ready (attempt 1): By.xpath: (//div[@id='content-icon'])[2]
2026-01-08 18:16:09.134 [TestNG-test-Smoke Tests-1] INFO  [verifyingSideMenuCollapsedLangAsInSettingsLingua] Looking for language element with name: Azərbaycan
2026-01-08 18:16:09.134 [TestNG-test-Smoke Tests-1] INFO  [verifyingSideMenuCollapsedLangAsInSettingsLingua] [verifyingSideMenuCollapsedLangAsInSettingsLingua] Trying to find element: By.xpath: //yt-multi-page-menu-section-renderer[@class='style-scope ytd-multi-page-menu-renderer']//yt-formatted-string[@id='label' and text()='Azərbaycan']
2026-01-08 18:16:09.160 [TestNG-test-Smoke Tests-1] INFO  [verifyingSideMenuCollapsedLangAsInSettingsLingua] [verifyingSideMenuCollapsedLangAsInSettingsLingua] Element found and ready (attempt 1): By.xpath: //yt-multi-page-menu-section-renderer[@class='style-scope ytd-multi-page-menu-renderer']//yt-formatted-string[@id='label' and text()='Azərbaycan']
2026-01-08 18:16:10.208 [TestNG-test-Smoke Tests-1] INFO  [verifyingSideMenuCollapsedLangAsInSettingsLingua] getLangAttribute() - locating <html> and reading lang property
2026-01-08 18:16:10.316 [TestNG-test-Smoke Tests-1] INFO  [verifyingSideMenuCollapsedLangAsInSettingsLingua] Language attribute read: az-Latn-AZ
2026-01-08 18:16:12.316 [TestNG-test-Smoke Tests-1] INFO  [verifyingSideMenuCollapsedLangAsInSettingsLingua] Fetching the side menu in collapsed view
2026-01-08 18:16:12.316 [TestNG-test-Smoke Tests-1] INFO  [verifyingSideMenuCollapsedLangAsInSettingsLingua] [verifyingSideMenuCollapsedLangAsInSettingsLingua] Finding elements list: By.xpath: //ytd-mini-guide-renderer[@class='style-scope ytd-app']//ytd-mini-guide-entry-renderer
2026-01-08 18:16:12.377 [TestNG-test-Smoke Tests-1] INFO  [verifyingSideMenuCollapsedLangAsInSettingsLingua] [verifyingSideMenuCollapsedLangAsInSettingsLingua] Found 4 ready elements (attempt 1): By.xpath: //ytd-mini-guide-renderer[@class='style-scope ytd-app']//ytd-mini-guide-entry-renderer
2026-01-08 18:16:12.470 [TestNG-test-Smoke Tests-1] INFO  [verifyingSideMenuCollapsedLangAsInSettingsLingua] 
========== LANGUAGE DETECTION ==========
Detected Language : TURKISH
Input Text        : Ev Shorts Abunəliklər Siz
========================================
2026-01-08 18:16:12.470 [TestNG-test-Smoke Tests-1] INFO  [verifyingSideMenuCollapsedLangAsInSettingsLingua] text sent to lingua is       Ev Shorts Abunəliklər Siz 
2026-01-08 18:16:12.470 [TestNG-test-Smoke Tests-1] INFO  [verifyingSideMenuCollapsedLangAsInSettingsLingua] getLangAttributeViaLanguageInput(Azərbaycan)
2026-01-08 18:16:12.470 [TestNG-test-Smoke Tests-1] INFO  [verifyingSideMenuCollapsedLangAsInSettingsLingua] Mapped Azərbaycan -> az-Latn-AZ
2026-01-08 18:16:12.470 [TestNG-test-Smoke Tests-1] INFO  [verifyingSideMenuCollapsedLangAsInSettingsLingua] getLangAttribute() - locating <html> and reading lang property
2026-01-08 18:16:12.485 [TestNG-test-Smoke Tests-1] INFO  [verifyingSideMenuCollapsedLangAsInSettingsLingua] Language attribute read: az-Latn-AZ
2026-01-08 18:16:12.485 [TestNG-test-Smoke Tests-1] INFO  [verifyingSideMenuCollapsedLangAsInSettingsLingua] Clicking settings ellipses button...
2026-01-08 18:16:12.485 [TestNG-test-Smoke Tests-1] INFO  [verifyingSideMenuCollapsedLangAsInSettingsLingua] [verifyingSideMenuCollapsedLangAsInSettingsLingua] Trying to find element: By.xpath: //ytd-topbar-menu-button-renderer[@class='style-scope ytd-masthead style-default']
2026-01-08 18:16:12.507 [TestNG-test-Smoke Tests-1] INFO  [verifyingSideMenuCollapsedLangAsInSettingsLingua] [verifyingSideMenuCollapsedLangAsInSettingsLingua] Element found and ready (attempt 1): By.xpath: //ytd-topbar-menu-button-renderer[@class='style-scope ytd-masthead style-default']
2026-01-08 18:16:14.594 [TestNG-test-Smoke Tests-1] INFO  [verifyingSideMenuCollapsedLangAsInSettingsLingua] Clicking language dropdown...
2026-01-08 18:16:14.594 [TestNG-test-Smoke Tests-1] INFO  [verifyingSideMenuCollapsedLangAsInSettingsLingua] [verifyingSideMenuCollapsedLangAsInSettingsLingua] Trying to find element: By.xpath: (//div[@id='content-icon'])[2]
2026-01-08 18:16:14.615 [TestNG-test-Smoke Tests-1] INFO  [verifyingSideMenuCollapsedLangAsInSettingsLingua] [verifyingSideMenuCollapsedLangAsInSettingsLingua] Element found and ready (attempt 1): By.xpath: (//div[@id='content-icon'])[2]
2026-01-08 18:16:17.934 [TestNG-test-Smoke Tests-1] INFO  [verifyingSideMenuCollapsedLangAsInSettingsLingua] Looking for language element with name: Bahasa Indonesia
2026-01-08 18:16:17.934 [TestNG-test-Smoke Tests-1] INFO  [verifyingSideMenuCollapsedLangAsInSettingsLingua] [verifyingSideMenuCollapsedLangAsInSettingsLingua] Trying to find element: By.xpath: //yt-multi-page-menu-section-renderer[@class='style-scope ytd-multi-page-menu-renderer']//yt-formatted-string[@id='label' and text()='Bahasa Indonesia']
2026-01-08 18:16:17.958 [TestNG-test-Smoke Tests-1] INFO  [verifyingSideMenuCollapsedLangAsInSettingsLingua] [verifyingSideMenuCollapsedLangAsInSettingsLingua] Element found and ready (attempt 1): By.xpath: //yt-multi-page-menu-section-renderer[@class='style-scope ytd-multi-page-menu-renderer']//yt-formatted-string[@id='label' and text()='Bahasa Indonesia']
2026-01-08 18:16:18.934 [TestNG-test-Smoke Tests-1] INFO  [verifyingSideMenuCollapsedLangAsInSettingsLingua] getLangAttribute() - locating <html> and reading lang property
2026-01-08 18:16:19.099 [TestNG-test-Smoke Tests-1] INFO  [verifyingSideMenuCollapsedLangAsInSettingsLingua] Language attribute read: id-ID
2026-01-08 18:16:21.100 [TestNG-test-Smoke Tests-1] INFO  [verifyingSideMenuCollapsedLangAsInSettingsLingua] Fetching the side menu in collapsed view
2026-01-08 18:16:21.100 [TestNG-test-Smoke Tests-1] INFO  [verifyingSideMenuCollapsedLangAsInSettingsLingua] [verifyingSideMenuCollapsedLangAsInSettingsLingua] Finding elements list: By.xpath: //ytd-mini-guide-renderer[@class='style-scope ytd-app']//ytd-mini-guide-entry-renderer
2026-01-08 18:16:21.170 [TestNG-test-Smoke Tests-1] INFO  [verifyingSideMenuCollapsedLangAsInSettingsLingua] [verifyingSideMenuCollapsedLangAsInSettingsLingua] Found 4 ready elements (attempt 1): By.xpath: //ytd-mini-guide-renderer[@class='style-scope ytd-app']//ytd-mini-guide-entry-renderer
2026-01-08 18:16:21.258 [TestNG-test-Smoke Tests-1] INFO  [verifyingSideMenuCollapsedLangAsInSettingsLingua] 
========== LANGUAGE DETECTION ==========
Detected Language : ENGLISH
Input Text        : Beranda Shorts Subscription Anda
========================================
2026-01-08 18:16:21.258 [TestNG-test-Smoke Tests-1] INFO  [verifyingSideMenuCollapsedLangAsInSettingsLingua] text sent to lingua is       Beranda Shorts Subscription Anda 
2026-01-08 18:16:21.258 [TestNG-test-Smoke Tests-1] INFO  [verifyingSideMenuCollapsedLangAsInSettingsLingua] getLangAttributeViaLanguageInput(Bahasa Indonesia)
2026-01-08 18:16:21.258 [TestNG-test-Smoke Tests-1] INFO  [verifyingSideMenuCollapsedLangAsInSettingsLingua] Mapped Bahasa Indonesia -> id-ID
2026-01-08 18:16:21.258 [TestNG-test-Smoke Tests-1] INFO  [verifyingSideMenuCollapsedLangAsInSettingsLingua] getLangAttribute() - locating <html> and reading lang property
2026-01-08 18:16:21.271 [TestNG-test-Smoke Tests-1] INFO  [verifyingSideMenuCollapsedLangAsInSettingsLingua] Language attribute read: id-ID
2026-01-08 18:16:21.272 [TestNG-test-Smoke Tests-1] INFO  [verifyingSideMenuCollapsedLangAsInSettingsLingua] Clicking settings ellipses button...
2026-01-08 18:16:21.272 [TestNG-test-Smoke Tests-1] INFO  [verifyingSideMenuCollapsedLangAsInSettingsLingua] [verifyingSideMenuCollapsedLangAsInSettingsLingua] Trying to find element: By.xpath: //ytd-topbar-menu-button-renderer[@class='style-scope ytd-masthead style-default']
2026-01-08 18:16:21.294 [TestNG-test-Smoke Tests-1] INFO  [verifyingSideMenuCollapsedLangAsInSettingsLingua] [verifyingSideMenuCollapsedLangAsInSettingsLingua] Element found and ready (attempt 1): By.xpath: //ytd-topbar-menu-button-renderer[@class='style-scope ytd-masthead style-default']
2026-01-08 18:16:23.389 [TestNG-test-Smoke Tests-1] INFO  [verifyingSideMenuCollapsedLangAsInSettingsLingua] Clicking language dropdown...
2026-01-08 18:16:23.389 [TestNG-test-Smoke Tests-1] INFO  [verifyingSideMenuCollapsedLangAsInSettingsLingua] [verifyingSideMenuCollapsedLangAsInSettingsLingua] Trying to find element: By.xpath: (//div[@id='content-icon'])[2]
2026-01-08 18:16:23.410 [TestNG-test-Smoke Tests-1] INFO  [verifyingSideMenuCollapsedLangAsInSettingsLingua] [verifyingSideMenuCollapsedLangAsInSettingsLingua] Element found and ready (attempt 1): By.xpath: (//div[@id='content-icon'])[2]
2026-01-08 18:16:26.729 [TestNG-test-Smoke Tests-1] INFO  [verifyingSideMenuCollapsedLangAsInSettingsLingua] Looking for language element with name: Bosanski
2026-01-08 18:16:26.729 [TestNG-test-Smoke Tests-1] INFO  [verifyingSideMenuCollapsedLangAsInSettingsLingua] [verifyingSideMenuCollapsedLangAsInSettingsLingua] Trying to find element: By.xpath: //yt-multi-page-menu-section-renderer[@class='style-scope ytd-multi-page-menu-renderer']//yt-formatted-string[@id='label' and text()='Bosanski']
2026-01-08 18:16:26.753 [TestNG-test-Smoke Tests-1] INFO  [verifyingSideMenuCollapsedLangAsInSettingsLingua] [verifyingSideMenuCollapsedLangAsInSettingsLingua] Element found and ready (attempt 1): By.xpath: //yt-multi-page-menu-section-renderer[@class='style-scope ytd-multi-page-menu-renderer']//yt-formatted-string[@id='label' and text()='Bosanski']
2026-01-08 18:16:27.788 [TestNG-test-Smoke Tests-1] INFO  [verifyingSideMenuCollapsedLangAsInSettingsLingua] getLangAttribute() - locating <html> and reading lang property
2026-01-08 18:16:27.875 [TestNG-test-Smoke Tests-1] INFO  [verifyingSideMenuCollapsedLangAsInSettingsLingua] Language attribute read: bs-Latn-BA
2026-01-08 18:16:29.875 [TestNG-test-Smoke Tests-1] INFO  [verifyingSideMenuCollapsedLangAsInSettingsLingua] Fetching the side menu in collapsed view
2026-01-08 18:16:29.875 [TestNG-test-Smoke Tests-1] INFO  [verifyingSideMenuCollapsedLangAsInSettingsLingua] [verifyingSideMenuCollapsedLangAsInSettingsLingua] Finding elements list: By.xpath: //ytd-mini-guide-renderer[@class='style-scope ytd-app']//ytd-mini-guide-entry-renderer
2026-01-08 18:16:29.932 [TestNG-test-Smoke Tests-1] INFO  [verifyingSideMenuCollapsedLangAsInSettingsLingua] [verifyingSideMenuCollapsedLangAsInSettingsLingua] Found 4 ready elements (attempt 1): By.xpath: //ytd-mini-guide-renderer[@class='style-scope ytd-app']//ytd-mini-guide-entry-renderer
2026-01-08 18:16:30.019 [TestNG-test-Smoke Tests-1] INFO  [verifyingSideMenuCollapsedLangAsInSettingsLingua] 
========== LANGUAGE DETECTION ==========
Detected Language : BOSNIAN
Input Text        : Početna stranica Shorts Pretplate Vi
========================================
2026-01-08 18:16:30.019 [TestNG-test-Smoke Tests-1] INFO  [verifyingSideMenuCollapsedLangAsInSettingsLingua] text sent to lingua is       Početna stranica Shorts Pretplate Vi 
2026-01-08 18:16:30.019 [TestNG-test-Smoke Tests-1] INFO  [verifyingSideMenuCollapsedLangAsInSettingsLingua] getLangAttributeViaLanguageInput(Bosanski)
2026-01-08 18:16:30.019 [TestNG-test-Smoke Tests-1] INFO  [verifyingSideMenuCollapsedLangAsInSettingsLingua] Mapped Bosanski -> bs-Latn-BA
2026-01-08 18:16:30.019 [TestNG-test-Smoke Tests-1] INFO  [verifyingSideMenuCollapsedLangAsInSettingsLingua] getLangAttribute() - locating <html> and reading lang property
2026-01-08 18:16:30.032 [TestNG-test-Smoke Tests-1] INFO  [verifyingSideMenuCollapsedLangAsInSettingsLingua] Language attribute read: bs-Latn-BA
2026-01-08 18:16:30.032 [TestNG-test-Smoke Tests-1] INFO  [verifyingSideMenuCollapsedLangAsInSettingsLingua] Clicking settings ellipses button...
2026-01-08 18:16:30.032 [TestNG-test-Smoke Tests-1] INFO  [verifyingSideMenuCollapsedLangAsInSettingsLingua] [verifyingSideMenuCollapsedLangAsInSettingsLingua] Trying to find element: By.xpath: //ytd-topbar-menu-button-renderer[@class='style-scope ytd-masthead style-default']
2026-01-08 18:16:30.052 [TestNG-test-Smoke Tests-1] INFO  [verifyingSideMenuCollapsedLangAsInSettingsLingua] [verifyingSideMenuCollapsedLangAsInSettingsLingua] Element found and ready (attempt 1): By.xpath: //ytd-topbar-menu-button-renderer[@class='style-scope ytd-masthead style-default']
2026-01-08 18:16:32.132 [TestNG-test-Smoke Tests-1] INFO  [verifyingSideMenuCollapsedLangAsInSettingsLingua] Clicking language dropdown...
2026-01-08 18:16:32.132 [TestNG-test-Smoke Tests-1] INFO  [verifyingSideMenuCollapsedLangAsInSettingsLingua] [verifyingSideMenuCollapsedLangAsInSettingsLingua] Trying to find element: By.xpath: (//div[@id='content-icon'])[2]
2026-01-08 18:16:32.153 [TestNG-test-Smoke Tests-1] INFO  [verifyingSideMenuCollapsedLangAsInSettingsLingua] [verifyingSideMenuCollapsedLangAsInSettingsLingua] Element found and ready (attempt 1): By.xpath: (//div[@id='content-icon'])[2]
2026-01-08 18:16:35.464 [TestNG-test-Smoke Tests-1] INFO  [verifyingSideMenuCollapsedLangAsInSettingsLingua] Looking for language element with name: Català
2026-01-08 18:16:35.464 [TestNG-test-Smoke Tests-1] INFO  [verifyingSideMenuCollapsedLangAsInSettingsLingua] [verifyingSideMenuCollapsedLangAsInSettingsLingua] Trying to find element: By.xpath: //yt-multi-page-menu-section-renderer[@class='style-scope ytd-multi-page-menu-renderer']//yt-formatted-string[@id='label' and text()='Català']
2026-01-08 18:16:35.490 [TestNG-test-Smoke Tests-1] INFO  [verifyingSideMenuCollapsedLangAsInSettingsLingua] [verifyingSideMenuCollapsedLangAsInSettingsLingua] Element found and ready (attempt 1): By.xpath: //yt-multi-page-menu-section-renderer[@class='style-scope ytd-multi-page-menu-renderer']//yt-formatted-string[@id='label' and text()='Català']
2026-01-08 18:16:36.440 [TestNG-test-Smoke Tests-1] INFO  [verifyingSideMenuCollapsedLangAsInSettingsLingua] getLangAttribute() - locating <html> and reading lang property
2026-01-08 18:16:36.721 [TestNG-test-Smoke Tests-1] INFO  [verifyingSideMenuCollapsedLangAsInSettingsLingua] Language attribute read: ca-ES
2026-01-08 18:16:38.722 [TestNG-test-Smoke Tests-1] INFO  [verifyingSideMenuCollapsedLangAsInSettingsLingua] Fetching the side menu in collapsed view
2026-01-08 18:16:38.722 [TestNG-test-Smoke Tests-1] INFO  [verifyingSideMenuCollapsedLangAsInSettingsLingua] [verifyingSideMenuCollapsedLangAsInSettingsLingua] Finding elements list: By.xpath: //ytd-mini-guide-renderer[@class='style-scope ytd-app']//ytd-mini-guide-entry-renderer
2026-01-08 18:16:38.793 [TestNG-test-Smoke Tests-1] INFO  [verifyingSideMenuCollapsedLangAsInSettingsLingua] [verifyingSideMenuCollapsedLangAsInSettingsLingua] Found 4 ready elements (attempt 1): By.xpath: //ytd-mini-guide-renderer[@class='style-scope ytd-app']//ytd-mini-guide-entry-renderer
2026-01-08 18:16:38.873 [TestNG-test-Smoke Tests-1] INFO  [verifyingSideMenuCollapsedLangAsInSettingsLingua] 
========== LANGUAGE DETECTION ==========
Detected Language : CATALAN
Input Text        : Inici YouTube Shorts Subscripcions Tu
========================================
2026-01-08 18:16:38.873 [TestNG-test-Smoke Tests-1] INFO  [verifyingSideMenuCollapsedLangAsInSettingsLingua] text sent to lingua is       Inici YouTube Shorts Subscripcions Tu 
2026-01-08 18:16:38.873 [TestNG-test-Smoke Tests-1] INFO  [verifyingSideMenuCollapsedLangAsInSettingsLingua] getLangAttributeViaLanguageInput(Català)
2026-01-08 18:16:38.873 [TestNG-test-Smoke Tests-1] INFO  [verifyingSideMenuCollapsedLangAsInSettingsLingua] Mapped Català -> ca-ES
2026-01-08 18:16:38.873 [TestNG-test-Smoke Tests-1] INFO  [verifyingSideMenuCollapsedLangAsInSettingsLingua] getLangAttribute() - locating <html> and reading lang property
2026-01-08 18:16:38.887 [TestNG-test-Smoke Tests-1] INFO  [verifyingSideMenuCollapsedLangAsInSettingsLingua] Language attribute read: ca-ES
2026-01-08 18:16:38.887 [TestNG-test-Smoke Tests-1] INFO  [verifyingSideMenuCollapsedLangAsInSettingsLingua] Clicking settings ellipses button...
2026-01-08 18:16:38.887 [TestNG-test-Smoke Tests-1] INFO  [verifyingSideMenuCollapsedLangAsInSettingsLingua] [verifyingSideMenuCollapsedLangAsInSettingsLingua] Trying to find element: By.xpath: //ytd-topbar-menu-button-renderer[@class='style-scope ytd-masthead style-default']
2026-01-08 18:16:38.911 [TestNG-test-Smoke Tests-1] INFO  [verifyingSideMenuCollapsedLangAsInSettingsLingua] [verifyingSideMenuCollapsedLangAsInSettingsLingua] Element found and ready (attempt 1): By.xpath: //ytd-topbar-menu-button-renderer[@class='style-scope ytd-masthead style-default']
2026-01-08 18:16:41.005 [TestNG-test-Smoke Tests-1] INFO  [verifyingSideMenuCollapsedLangAsInSettingsLingua] Clicking language dropdown...
2026-01-08 18:16:41.005 [TestNG-test-Smoke Tests-1] INFO  [verifyingSideMenuCollapsedLangAsInSettingsLingua] [verifyingSideMenuCollapsedLangAsInSettingsLingua] Trying to find element: By.xpath: (//div[@id='content-icon'])[2]
2026-01-08 18:16:41.026 [TestNG-test-Smoke Tests-1] INFO  [verifyingSideMenuCollapsedLangAsInSettingsLingua] [verifyingSideMenuCollapsedLangAsInSettingsLingua] Element found and ready (attempt 1): By.xpath: (//div[@id='content-icon'])[2]
2026-01-08 18:16:44.348 [TestNG-test-Smoke Tests-1] INFO  [verifyingSideMenuCollapsedLangAsInSettingsLingua] Looking for language element with name: Dansk
2026-01-08 18:16:44.348 [TestNG-test-Smoke Tests-1] INFO  [verifyingSideMenuCollapsedLangAsInSettingsLingua] [verifyingSideMenuCollapsedLangAsInSettingsLingua] Trying to find element: By.xpath: //yt-multi-page-menu-section-renderer[@class='style-scope ytd-multi-page-menu-renderer']//yt-formatted-string[@id='label' and text()='Dansk']
2026-01-08 18:16:44.372 [TestNG-test-Smoke Tests-1] INFO  [verifyingSideMenuCollapsedLangAsInSettingsLingua] [verifyingSideMenuCollapsedLangAsInSettingsLingua] Element found and ready (attempt 1): By.xpath: //yt-multi-page-menu-section-renderer[@class='style-scope ytd-multi-page-menu-renderer']//yt-formatted-string[@id='label' and text()='Dansk']
2026-01-08 18:16:45.640 [TestNG-test-Smoke Tests-1] INFO  [verifyingSideMenuCollapsedLangAsInSettingsLingua] getLangAttribute() - locating <html> and reading lang property
2026-01-08 18:16:45.698 [TestNG-test-Smoke Tests-1] INFO  [verifyingSideMenuCollapsedLangAsInSettingsLingua] Language attribute read: da-DK
2026-01-08 18:16:47.698 [TestNG-test-Smoke Tests-1] INFO  [verifyingSideMenuCollapsedLangAsInSettingsLingua] Fetching the side menu in collapsed view
2026-01-08 18:16:47.698 [TestNG-test-Smoke Tests-1] INFO  [verifyingSideMenuCollapsedLangAsInSettingsLingua] [verifyingSideMenuCollapsedLangAsInSettingsLingua] Finding elements list: By.xpath: //ytd-mini-guide-renderer[@class='style-scope ytd-app']//ytd-mini-guide-entry-renderer
2026-01-08 18:16:47.752 [TestNG-test-Smoke Tests-1] INFO  [verifyingSideMenuCollapsedLangAsInSettingsLingua] [verifyingSideMenuCollapsedLangAsInSettingsLingua] Found 4 ready elements (attempt 1): By.xpath: //ytd-mini-guide-renderer[@class='style-scope ytd-app']//ytd-mini-guide-entry-renderer
2026-01-08 18:16:47.829 [TestNG-test-Smoke Tests-1] INFO  [verifyingSideMenuCollapsedLangAsInSettingsLingua] 
========== LANGUAGE DETECTION ==========
Detected Language : DANISH
Input Text        : Start Shorts Abonnementer Dig
========================================
2026-01-08 18:16:47.829 [TestNG-test-Smoke Tests-1] INFO  [verifyingSideMenuCollapsedLangAsInSettingsLingua] text sent to lingua is       Start Shorts Abonnementer Dig 
2026-01-08 18:16:47.829 [TestNG-test-Smoke Tests-1] INFO  [verifyingSideMenuCollapsedLangAsInSettingsLingua] getLangAttributeViaLanguageInput(Dansk)
2026-01-08 18:16:47.829 [TestNG-test-Smoke Tests-1] INFO  [verifyingSideMenuCollapsedLangAsInSettingsLingua] Mapped Dansk -> da-DK
2026-01-08 18:16:47.829 [TestNG-test-Smoke Tests-1] INFO  [verifyingSideMenuCollapsedLangAsInSettingsLingua] getLangAttribute() - locating <html> and reading lang property
2026-01-08 18:16:47.845 [TestNG-test-Smoke Tests-1] INFO  [verifyingSideMenuCollapsedLangAsInSettingsLingua] Language attribute read: da-DK
2026-01-08 18:16:47.845 [TestNG-test-Smoke Tests-1] INFO  [verifyingSideMenuCollapsedLangAsInSettingsLingua] Clicking settings ellipses button...
2026-01-08 18:16:47.845 [TestNG-test-Smoke Tests-1] INFO  [verifyingSideMenuCollapsedLangAsInSettingsLingua] [verifyingSideMenuCollapsedLangAsInSettingsLingua] Trying to find element: By.xpath: //ytd-topbar-menu-button-renderer[@class='style-scope ytd-masthead style-default']
2026-01-08 18:16:47.865 [TestNG-test-Smoke Tests-1] INFO  [verifyingSideMenuCollapsedLangAsInSettingsLingua] [verifyingSideMenuCollapsedLangAsInSettingsLingua] Element found and ready (attempt 1): By.xpath: //ytd-topbar-menu-button-renderer[@class='style-scope ytd-masthead style-default']
2026-01-08 18:16:49.952 [TestNG-test-Smoke Tests-1] INFO  [verifyingSideMenuCollapsedLangAsInSettingsLingua] Clicking language dropdown...
2026-01-08 18:16:49.952 [TestNG-test-Smoke Tests-1] INFO  [verifyingSideMenuCollapsedLangAsInSettingsLingua] [verifyingSideMenuCollapsedLangAsInSettingsLingua] Trying to find element: By.xpath: (//div[@id='content-icon'])[2]
2026-01-08 18:16:49.972 [TestNG-test-Smoke Tests-1] INFO  [verifyingSideMenuCollapsedLangAsInSettingsLingua] [verifyingSideMenuCollapsedLangAsInSettingsLingua] Element found and ready (attempt 1): By.xpath: (//div[@id='content-icon'])[2]
2026-01-08 18:16:53.349 [TestNG-test-Smoke Tests-1] INFO  [verifyingSideMenuCollapsedLangAsInSettingsLingua] Looking for language element with name: Deutsch
2026-01-08 18:16:53.349 [TestNG-test-Smoke Tests-1] INFO  [verifyingSideMenuCollapsedLangAsInSettingsLingua] [verifyingSideMenuCollapsedLangAsInSettingsLingua] Trying to find element: By.xpath: //yt-multi-page-menu-section-renderer[@class='style-scope ytd-multi-page-menu-renderer']//yt-formatted-string[@id='label' and text()='Deutsch']
2026-01-08 18:16:53.375 [TestNG-test-Smoke Tests-1] INFO  [verifyingSideMenuCollapsedLangAsInSettingsLingua] [verifyingSideMenuCollapsedLangAsInSettingsLingua] Element found and ready (attempt 1): By.xpath: //yt-multi-page-menu-section-renderer[@class='style-scope ytd-multi-page-menu-renderer']//yt-formatted-string[@id='label' and text()='Deutsch']
2026-01-08 18:16:54.340 [TestNG-test-Smoke Tests-1] INFO  [verifyingSideMenuCollapsedLangAsInSettingsLingua] getLangAttribute() - locating <html> and reading lang property
2026-01-08 18:16:54.511 [TestNG-test-Smoke Tests-1] INFO  [verifyingSideMenuCollapsedLangAsInSettingsLingua] Language attribute read: de-DE
2026-01-08 18:16:56.511 [TestNG-test-Smoke Tests-1] INFO  [verifyingSideMenuCollapsedLangAsInSettingsLingua] Fetching the side menu in collapsed view
2026-01-08 18:16:56.511 [TestNG-test-Smoke Tests-1] INFO  [verifyingSideMenuCollapsedLangAsInSettingsLingua] [verifyingSideMenuCollapsedLangAsInSettingsLingua] Finding elements list: By.xpath: //ytd-mini-guide-renderer[@class='style-scope ytd-app']//ytd-mini-guide-entry-renderer
2026-01-08 18:16:56.707 [TestNG-test-Smoke Tests-1] INFO  [verifyingSideMenuCollapsedLangAsInSettingsLingua] [verifyingSideMenuCollapsedLangAsInSettingsLingua] Found 4 ready elements (attempt 1): By.xpath: //ytd-mini-guide-renderer[@class='style-scope ytd-app']//ytd-mini-guide-entry-renderer
2026-01-08 18:16:56.794 [TestNG-test-Smoke Tests-1] INFO  [verifyingSideMenuCollapsedLangAsInSettingsLingua] 
========== LANGUAGE DETECTION ==========
Detected Language : GERMAN
Input Text        : Startseite Shorts Abos Mein YouTube
========================================
2026-01-08 18:16:56.794 [TestNG-test-Smoke Tests-1] INFO  [verifyingSideMenuCollapsedLangAsInSettingsLingua] text sent to lingua is       Startseite Shorts Abos Mein YouTube 
2026-01-08 18:16:56.794 [TestNG-test-Smoke Tests-1] INFO  [verifyingSideMenuCollapsedLangAsInSettingsLingua] getLangAttributeViaLanguageInput(Deutsch)
2026-01-08 18:16:56.794 [TestNG-test-Smoke Tests-1] INFO  [verifyingSideMenuCollapsedLangAsInSettingsLingua] Mapped Deutsch -> de-DE
2026-01-08 18:16:56.794 [TestNG-test-Smoke Tests-1] INFO  [verifyingSideMenuCollapsedLangAsInSettingsLingua] getLangAttribute() - locating <html> and reading lang property
2026-01-08 18:16:56.808 [TestNG-test-Smoke Tests-1] INFO  [verifyingSideMenuCollapsedLangAsInSettingsLingua] Language attribute read: de-DE
2026-01-08 18:16:56.808 [TestNG-test-Smoke Tests-1] INFO  [verifyingSideMenuCollapsedLangAsInSettingsLingua] Clicking settings ellipses button...
2026-01-08 18:16:56.808 [TestNG-test-Smoke Tests-1] INFO  [verifyingSideMenuCollapsedLangAsInSettingsLingua] [verifyingSideMenuCollapsedLangAsInSettingsLingua] Trying to find element: By.xpath: //ytd-topbar-menu-button-renderer[@class='style-scope ytd-masthead style-default']
2026-01-08 18:16:56.828 [TestNG-test-Smoke Tests-1] INFO  [verifyingSideMenuCollapsedLangAsInSettingsLingua] [verifyingSideMenuCollapsedLangAsInSettingsLingua] Element found and ready (attempt 1): By.xpath: //ytd-topbar-menu-button-renderer[@class='style-scope ytd-masthead style-default']
2026-01-08 18:16:58.932 [TestNG-test-Smoke Tests-1] INFO  [verifyingSideMenuCollapsedLangAsInSettingsLingua] Clicking language dropdown...
2026-01-08 18:16:58.932 [TestNG-test-Smoke Tests-1] INFO  [verifyingSideMenuCollapsedLangAsInSettingsLingua] [verifyingSideMenuCollapsedLangAsInSettingsLingua] Trying to find element: By.xpath: (//div[@id='content-icon'])[2]
2026-01-08 18:16:58.953 [TestNG-test-Smoke Tests-1] INFO  [verifyingSideMenuCollapsedLangAsInSettingsLingua] [verifyingSideMenuCollapsedLangAsInSettingsLingua] Element found and ready (attempt 1): By.xpath: (//div[@id='content-icon'])[2]
2026-01-08 18:17:02.321 [TestNG-test-Smoke Tests-1] INFO  [verifyingSideMenuCollapsedLangAsInSettingsLingua] Looking for language element with name: Eesti
2026-01-08 18:17:02.321 [TestNG-test-Smoke Tests-1] INFO  [verifyingSideMenuCollapsedLangAsInSettingsLingua] [verifyingSideMenuCollapsedLangAsInSettingsLingua] Trying to find element: By.xpath: //yt-multi-page-menu-section-renderer[@class='style-scope ytd-multi-page-menu-renderer']//yt-formatted-string[@id='label' and text()='Eesti']
2026-01-08 18:17:02.346 [TestNG-test-Smoke Tests-1] INFO  [verifyingSideMenuCollapsedLangAsInSettingsLingua] [verifyingSideMenuCollapsedLangAsInSettingsLingua] Element found and ready (attempt 1): By.xpath: //yt-multi-page-menu-section-renderer[@class='style-scope ytd-multi-page-menu-renderer']//yt-formatted-string[@id='label' and text()='Eesti']
2026-01-08 18:17:03.443 [TestNG-test-Smoke Tests-1] INFO  [verifyingSideMenuCollapsedLangAsInSettingsLingua] getLangAttribute() - locating <html> and reading lang property
2026-01-08 18:17:03.532 [TestNG-test-Smoke Tests-1] INFO  [verifyingSideMenuCollapsedLangAsInSettingsLingua] Language attribute read: et-EE
2026-01-08 18:17:05.533 [TestNG-test-Smoke Tests-1] INFO  [verifyingSideMenuCollapsedLangAsInSettingsLingua] Fetching the side menu in collapsed view
2026-01-08 18:17:05.533 [TestNG-test-Smoke Tests-1] INFO  [verifyingSideMenuCollapsedLangAsInSettingsLingua] [verifyingSideMenuCollapsedLangAsInSettingsLingua] Finding elements list: By.xpath: //ytd-mini-guide-renderer[@class='style-scope ytd-app']//ytd-mini-guide-entry-renderer
2026-01-08 18:17:05.596 [TestNG-test-Smoke Tests-1] INFO  [verifyingSideMenuCollapsedLangAsInSettingsLingua] [verifyingSideMenuCollapsedLangAsInSettingsLingua] Found 4 ready elements (attempt 1): By.xpath: //ytd-mini-guide-renderer[@class='style-scope ytd-app']//ytd-mini-guide-entry-renderer
2026-01-08 18:17:05.678 [TestNG-test-Smoke Tests-1] INFO  [verifyingSideMenuCollapsedLangAsInSettingsLingua] 
========== LANGUAGE DETECTION ==========
Detected Language : ESTONIAN
Input Text        : Avaleht Shorts Tellimused Teie
========================================
2026-01-08 18:17:05.678 [TestNG-test-Smoke Tests-1] INFO  [verifyingSideMenuCollapsedLangAsInSettingsLingua] text sent to lingua is       Avaleht Shorts Tellimused Teie 
2026-01-08 18:17:05.678 [TestNG-test-Smoke Tests-1] INFO  [verifyingSideMenuCollapsedLangAsInSettingsLingua] getLangAttributeViaLanguageInput(Eesti)
2026-01-08 18:17:05.678 [TestNG-test-Smoke Tests-1] INFO  [verifyingSideMenuCollapsedLangAsInSettingsLingua] Mapped Eesti -> et-EE
2026-01-08 18:17:05.678 [TestNG-test-Smoke Tests-1] INFO  [verifyingSideMenuCollapsedLangAsInSettingsLingua] getLangAttribute() - locating <html> and reading lang property
2026-01-08 18:17:05.699 [TestNG-test-Smoke Tests-1] INFO  [verifyingSideMenuCollapsedLangAsInSettingsLingua] Language attribute read: et-EE
2026-01-08 18:17:05.699 [TestNG-test-Smoke Tests-1] INFO  [verifyingSideMenuCollapsedLangAsInSettingsLingua] Clicking settings ellipses button...
2026-01-08 18:17:05.699 [TestNG-test-Smoke Tests-1] INFO  [verifyingSideMenuCollapsedLangAsInSettingsLingua] [verifyingSideMenuCollapsedLangAsInSettingsLingua] Trying to find element: By.xpath: //ytd-topbar-menu-button-renderer[@class='style-scope ytd-masthead style-default']
2026-01-08 18:17:05.721 [TestNG-test-Smoke Tests-1] INFO  [verifyingSideMenuCollapsedLangAsInSettingsLingua] [verifyingSideMenuCollapsedLangAsInSettingsLingua] Element found and ready (attempt 1): By.xpath: //ytd-topbar-menu-button-renderer[@class='style-scope ytd-masthead style-default']
2026-01-08 18:17:07.810 [TestNG-test-Smoke Tests-1] INFO  [verifyingSideMenuCollapsedLangAsInSettingsLingua] Clicking language dropdown...
2026-01-08 18:17:07.810 [TestNG-test-Smoke Tests-1] INFO  [verifyingSideMenuCollapsedLangAsInSettingsLingua] [verifyingSideMenuCollapsedLangAsInSettingsLingua] Trying to find element: By.xpath: (//div[@id='content-icon'])[2]
2026-01-08 18:17:07.830 [TestNG-test-Smoke Tests-1] INFO  [verifyingSideMenuCollapsedLangAsInSettingsLingua] [verifyingSideMenuCollapsedLangAsInSettingsLingua] Element found and ready (attempt 1): By.xpath: (//div[@id='content-icon'])[2]
2026-01-08 18:17:11.154 [TestNG-test-Smoke Tests-1] INFO  [verifyingSideMenuCollapsedLangAsInSettingsLingua] Looking for language element with name: English (India)
2026-01-08 18:17:11.154 [TestNG-test-Smoke Tests-1] INFO  [verifyingSideMenuCollapsedLangAsInSettingsLingua] [verifyingSideMenuCollapsedLangAsInSettingsLingua] Trying to find element: By.xpath: //yt-multi-page-menu-section-renderer[@class='style-scope ytd-multi-page-menu-renderer']//yt-formatted-string[@id='label' and text()='English (India)']
2026-01-08 18:17:11.179 [TestNG-test-Smoke Tests-1] INFO  [verifyingSideMenuCollapsedLangAsInSettingsLingua] [verifyingSideMenuCollapsedLangAsInSettingsLingua] Element found and ready (attempt 1): By.xpath: //yt-multi-page-menu-section-renderer[@class='style-scope ytd-multi-page-menu-renderer']//yt-formatted-string[@id='label' and text()='English (India)']
2026-01-08 18:17:12.232 [TestNG-test-Smoke Tests-1] INFO  [verifyingSideMenuCollapsedLangAsInSettingsLingua] getLangAttribute() - locating <html> and reading lang property
2026-01-08 18:17:12.391 [TestNG-test-Smoke Tests-1] INFO  [verifyingSideMenuCollapsedLangAsInSettingsLingua] Language attribute read: en-IN
2026-01-08 18:17:14.393 [TestNG-test-Smoke Tests-1] INFO  [verifyingSideMenuCollapsedLangAsInSettingsLingua] Fetching the side menu in collapsed view
2026-01-08 18:17:14.393 [TestNG-test-Smoke Tests-1] INFO  [verifyingSideMenuCollapsedLangAsInSettingsLingua] [verifyingSideMenuCollapsedLangAsInSettingsLingua] Finding elements list: By.xpath: //ytd-mini-guide-renderer[@class='style-scope ytd-app']//ytd-mini-guide-entry-renderer
2026-01-08 18:17:14.452 [TestNG-test-Smoke Tests-1] INFO  [verifyingSideMenuCollapsedLangAsInSettingsLingua] [verifyingSideMenuCollapsedLangAsInSettingsLingua] Found 4 ready elements (attempt 1): By.xpath: //ytd-mini-guide-renderer[@class='style-scope ytd-app']//ytd-mini-guide-entry-renderer
2026-01-08 18:17:14.552 [TestNG-test-Smoke Tests-1] INFO  [verifyingSideMenuCollapsedLangAsInSettingsLingua] 
========== LANGUAGE DETECTION ==========
Detected Language : ENGLISH
Input Text        : Home Shorts Subscriptions You
========================================
2026-01-08 18:17:14.552 [TestNG-test-Smoke Tests-1] INFO  [verifyingSideMenuCollapsedLangAsInSettingsLingua] text sent to lingua is       Home Shorts Subscriptions You 
2026-01-08 18:17:14.553 [TestNG-test-Smoke Tests-1] INFO  [verifyingSideMenuCollapsedLangAsInSettingsLingua] getLangAttributeViaLanguageInput(English (India))
2026-01-08 18:17:14.553 [TestNG-test-Smoke Tests-1] INFO  [verifyingSideMenuCollapsedLangAsInSettingsLingua] Mapped English (India) -> en-IN
2026-01-08 18:17:14.553 [TestNG-test-Smoke Tests-1] INFO  [verifyingSideMenuCollapsedLangAsInSettingsLingua] getLangAttribute() - locating <html> and reading lang property
2026-01-08 18:17:14.571 [TestNG-test-Smoke Tests-1] INFO  [verifyingSideMenuCollapsedLangAsInSettingsLingua] Language attribute read: en-IN
2026-01-08 18:17:14.571 [TestNG-test-Smoke Tests-1] INFO  [verifyingSideMenuCollapsedLangAsInSettingsLingua] Clicking settings ellipses button...
2026-01-08 18:17:14.571 [TestNG-test-Smoke Tests-1] INFO  [verifyingSideMenuCollapsedLangAsInSettingsLingua] [verifyingSideMenuCollapsedLangAsInSettingsLingua] Trying to find element: By.xpath: //ytd-topbar-menu-button-renderer[@class='style-scope ytd-masthead style-default']
2026-01-08 18:17:14.598 [TestNG-test-Smoke Tests-1] INFO  [verifyingSideMenuCollapsedLangAsInSettingsLingua] [verifyingSideMenuCollapsedLangAsInSettingsLingua] Element found and ready (attempt 1): By.xpath: //ytd-topbar-menu-button-renderer[@class='style-scope ytd-masthead style-default']
2026-01-08 18:17:16.690 [TestNG-test-Smoke Tests-1] INFO  [verifyingSideMenuCollapsedLangAsInSettingsLingua] Clicking language dropdown...
2026-01-08 18:17:16.690 [TestNG-test-Smoke Tests-1] INFO  [verifyingSideMenuCollapsedLangAsInSettingsLingua] [verifyingSideMenuCollapsedLangAsInSettingsLingua] Trying to find element: By.xpath: (//div[@id='content-icon'])[2]
2026-01-08 18:17:16.711 [TestNG-test-Smoke Tests-1] INFO  [verifyingSideMenuCollapsedLangAsInSettingsLingua] [verifyingSideMenuCollapsedLangAsInSettingsLingua] Element found and ready (attempt 1): By.xpath: (//div[@id='content-icon'])[2]
2026-01-08 18:17:19.063 [TestNG-test-Smoke Tests-1] INFO  [verifyingSideMenuCollapsedLangAsInSettingsLingua] [verifyingSideMenuCollapsedLangAsInSettingsLingua] Not retrying test 'verifyingSideMenuCollapsedLangAsInSettingsLingua'. Retry count: 0, Cause: The following asserts failed:
	Language detection mismatch expected [AFRIKAANS] but found [BOKMAL],
	Language detection mismatch expected [AZERBAIJANI] but found [TURKISH],
	Language detection mismatch expected [INDONESIAN] but found [ENGLISH],
	Language detection mismatch expected [CROATIAN] but found [BOSNIAN]
2026-01-08 18:17:19.067 [TestNG-test-Smoke Tests-1] ERROR [verifyingSideMenuCollapsedLangAsInSettingsLingua] Test FAILED: verifyingSideMenuCollapsedLangAsInSettingsLingua - java.lang.AssertionError: The following asserts failed:
	Language detection mismatch expected [AFRIKAANS] but found [BOKMAL],
	Language detection mismatch expected [AZERBAIJANI] but found [TURKISH],
	Language detection mismatch expected [INDONESIAN] but found [ENGLISH],
	Language detection mismatch expected [CROATIAN] but found [BOSNIAN]
2026-01-08 18:17:19.067 [TestNG-test-Smoke Tests-1] INFO  [verifyingSideMenuCollapsedLangAsInSettingsLingua] Closing WebDriver for thread: 34
2026-01-08 18:17:19.385 [TestNG-test-Smoke Tests-1] INFO  [verifyingSideMenuCollapsedLangAsInSettingsLingua] WebDriver instance removed from ThreadLocal for thread: 34
2026-01-08 18:17:19.386 [TestNG-test-Smoke Tests-1] INFO  [verifyingSideMenuCollapsedLangAsInSettingsLingua] Driver closed for test: verifyingSideMenuCollapsedLangAsInSettingsLingua
