2026-02-19 18:06:27.687 [TestNG-test-Yt Master Tests-1] INFO  [verifyingSideMenuLanguageAsInSettingsLingua] ===== STARTING TEST: verifyingSideMenuLanguageAsInSettingsLingua  | Thread: 34 =====
2026-02-19 18:06:27.690 [TestNG-test-Yt Master Tests-1] INFO  [verifyingSideMenuLanguageAsInSettingsLingua] No existing WebDriver found for current thread. Initializing a new ChromeDriver...
2026-02-19 18:06:27.698 [TestNG-test-Yt Master Tests-1] INFO  [verifyingSideMenuLanguageAsInSettingsLingua] WebDriverManager: chromedriver setup OK
2026-02-19 18:06:28.882 [TestNG-test-Yt Master Tests-1] INFO  [verifyingSideMenuLanguageAsInSettingsLingua] ChromeDriver initialized successfully for thread: 34
2026-02-19 18:06:28.882 [TestNG-test-Yt Master Tests-1] INFO  [verifyingSideMenuLanguageAsInSettingsLingua] Driver initialized successfully for test: verifyingSideMenuLanguageAsInSettingsLingua
2026-02-19 18:06:28.883 [TestNG-test-Yt Master Tests-1] INFO  [verifyingSideMenuLanguageAsInSettingsLingua] SafeActions initialized with driver ChromeDriver: chrome on windows (066dec715dfdd141e49bf26bd2f85b01)
2026-02-19 18:06:28.883 [TestNG-test-Yt Master Tests-1] INFO  [verifyingSideMenuLanguageAsInSettingsLingua] Initialized YtLandingPage with driver: ChromeDriver: chrome on windows (066dec715dfdd141e49bf26bd2f85b01)
2026-02-19 18:06:28.883 [TestNG-test-Yt Master Tests-1] INFO  [verifyingSideMenuLanguageAsInSettingsLingua] SafeActions initialized with driver ChromeDriver: chrome on windows (066dec715dfdd141e49bf26bd2f85b01)
2026-02-19 18:06:30.727 [TestNG-test-Yt Master Tests-1] INFO  [verifyingSideMenuLanguageAsInSettingsLingua] Opened YouTube landing page.
2026-02-19 18:06:30.727 [TestNG-test-Yt Master Tests-1] INFO  [verifyingSideMenuLanguageAsInSettingsLingua] Clicking settings ellipses button...
2026-02-19 18:06:30.727 [TestNG-test-Yt Master Tests-1] INFO  [verifyingSideMenuLanguageAsInSettingsLingua] [verifyingSideMenuLanguageAsInSettingsLingua] Trying to find element: By.xpath: //ytd-topbar-menu-button-renderer[@class='style-scope ytd-masthead style-default']
2026-02-19 18:06:31.160 [TestNG-test-Yt Master Tests-1] INFO  [verifyingSideMenuLanguageAsInSettingsLingua] [verifyingSideMenuLanguageAsInSettingsLingua] Element found and ready (attempt 1): By.xpath: //ytd-topbar-menu-button-renderer[@class='style-scope ytd-masthead style-default']
2026-02-19 18:06:33.266 [TestNG-test-Yt Master Tests-1] INFO  [verifyingSideMenuLanguageAsInSettingsLingua] Clicking language dropdown...
2026-02-19 18:06:33.266 [TestNG-test-Yt Master Tests-1] INFO  [verifyingSideMenuLanguageAsInSettingsLingua] [verifyingSideMenuLanguageAsInSettingsLingua] Trying to find element: By.xpath: (//div[@id='content-icon'])[2]
2026-02-19 18:06:33.320 [TestNG-test-Yt Master Tests-1] INFO  [verifyingSideMenuLanguageAsInSettingsLingua] [verifyingSideMenuLanguageAsInSettingsLingua] Element found and ready (attempt 1): By.xpath: (//div[@id='content-icon'])[2]
2026-02-19 18:06:35.858 [TestNG-test-Yt Master Tests-1] INFO  [verifyingSideMenuLanguageAsInSettingsLingua] [verifyingSideMenuLanguageAsInSettingsLingua] Execution is Not CRON Job Hence refering to normal keys from UtilData
2026-02-19 18:06:36.859 [TestNG-test-Yt Master Tests-1] INFO  [verifyingSideMenuLanguageAsInSettingsLingua] Looking for language element with name: Afrikaans
2026-02-19 18:06:36.859 [TestNG-test-Yt Master Tests-1] INFO  [verifyingSideMenuLanguageAsInSettingsLingua] [verifyingSideMenuLanguageAsInSettingsLingua] Trying to find element: By.xpath: //yt-multi-page-menu-section-renderer[@class='style-scope ytd-multi-page-menu-renderer']//yt-formatted-string[@id='label' and text()='Afrikaans']
2026-02-19 18:06:36.884 [TestNG-test-Yt Master Tests-1] INFO  [verifyingSideMenuLanguageAsInSettingsLingua] [verifyingSideMenuLanguageAsInSettingsLingua] Element found and ready (attempt 1): By.xpath: //yt-multi-page-menu-section-renderer[@class='style-scope ytd-multi-page-menu-renderer']//yt-formatted-string[@id='label' and text()='Afrikaans']
2026-02-19 18:06:38.322 [TestNG-test-Yt Master Tests-1] INFO  [verifyingSideMenuLanguageAsInSettingsLingua] Clicking settings ellipses button...
2026-02-19 18:06:38.322 [TestNG-test-Yt Master Tests-1] INFO  [verifyingSideMenuLanguageAsInSettingsLingua] [verifyingSideMenuLanguageAsInSettingsLingua] Trying to find element: By.xpath: //ytd-topbar-menu-button-renderer[@class='style-scope ytd-masthead style-default']
2026-02-19 18:06:38.782 [TestNG-test-Yt Master Tests-1] INFO  [verifyingSideMenuLanguageAsInSettingsLingua] [verifyingSideMenuLanguageAsInSettingsLingua] Element found and ready (attempt 1): By.xpath: //ytd-topbar-menu-button-renderer[@class='style-scope ytd-masthead style-default']
2026-02-19 18:06:38.898 [TestNG-test-Yt Master Tests-1] INFO  [verifyingSideMenuLanguageAsInSettingsLingua] Looking for language element with name: Afrikaans
2026-02-19 18:06:38.898 [TestNG-test-Yt Master Tests-1] INFO  [verifyingSideMenuLanguageAsInSettingsLingua] [verifyingSideMenuLanguageAsInSettingsLingua] Waiting until element is visible in viewport
2026-02-19 18:06:49.172 [TestNG-test-Yt Master Tests-1] INFO  [verifyingSideMenuLanguageAsInSettingsLingua] [verifyingSideMenuLanguageAsInSettingsLingua] Capturing screenshot: Filter Applied is Afrikaans__2026-02-19_180649jpg
2026-02-19 18:06:49.446 [TestNG-test-Yt Master Tests-1] INFO  [verifyingSideMenuLanguageAsInSettingsLingua] [verifyingSideMenuLanguageAsInSettingsLingua] Screenshot saved at: test-output/screenshots/Run_2026-02-19_17-49-56/verifyingSideMenuLanguageAsInSettingsLingua/Filter Applied is Afrikaans__2026-02-19_180649jpg
2026-02-19 18:06:49.446 [TestNG-test-Yt Master Tests-1] INFO  [verifyingSideMenuLanguageAsInSettingsLingua] Clicking settings ellipses button...
2026-02-19 18:06:49.446 [TestNG-test-Yt Master Tests-1] INFO  [verifyingSideMenuLanguageAsInSettingsLingua] [verifyingSideMenuLanguageAsInSettingsLingua] Trying to find element: By.xpath: //ytd-topbar-menu-button-renderer[@class='style-scope ytd-masthead style-default']
2026-02-19 18:06:49.465 [TestNG-test-Yt Master Tests-1] INFO  [verifyingSideMenuLanguageAsInSettingsLingua] [verifyingSideMenuLanguageAsInSettingsLingua] Element found and ready (attempt 1): By.xpath: //ytd-topbar-menu-button-renderer[@class='style-scope ytd-masthead style-default']
2026-02-19 18:06:51.513 [TestNG-test-Yt Master Tests-1] INFO  [verifyingSideMenuLanguageAsInSettingsLingua] Fetching the side menu in expanded view
2026-02-19 18:06:51.513 [TestNG-test-Yt Master Tests-1] INFO  [verifyingSideMenuLanguageAsInSettingsLingua] [verifyingSideMenuLanguageAsInSettingsLingua] Finding elements list: By.xpath: //ytd-guide-entry-renderer[@class='style-scope ytd-guide-section-renderer']
2026-02-19 18:06:51.701 [TestNG-test-Yt Master Tests-1] INFO  [verifyingSideMenuLanguageAsInSettingsLingua] [verifyingSideMenuLanguageAsInSettingsLingua] Found 16 ready elements (attempt 1): By.xpath: //ytd-guide-entry-renderer[@class='style-scope ytd-guide-section-renderer']
2026-02-19 18:06:52.079 [TestNG-test-Yt Master Tests-1] INFO  [verifyingSideMenuLanguageAsInSettingsLingua] 
========== LANGUAGE DETECTION ==========
Detected Language : AFRIKAANS
Input Text        : Tuis Kortvideo's Intekeninge Myne Geskiedenis Musiek Flieks en TV Regstreeks YouTube Premium YouTube TV YouTube Music YouTube Kids Instellings Aangeegeskiedenis Hulp Stuur terugvoer
========================================
2026-02-19 18:06:52.079 [TestNG-test-Yt Master Tests-1] INFO  [verifyingSideMenuLanguageAsInSettingsLingua] getLangAttribute() - locating <html> and reading lang property
2026-02-19 18:06:52.094 [TestNG-test-Yt Master Tests-1] INFO  [verifyingSideMenuLanguageAsInSettingsLingua] Language attribute read: af-ZA
2026-02-19 18:06:52.095 [TestNG-test-Yt Master Tests-1] INFO  [verifyingSideMenuLanguageAsInSettingsLingua] [verifyingSideMenuLanguageAsInSettingsLingua] ApplicableLanguage==  Afrikaans     Detected Language ==  AFRIKAANS  Expected Language == AFRIKAANS
2026-02-19 18:06:52.095 [TestNG-test-Yt Master Tests-1] INFO  [verifyingSideMenuLanguageAsInSettingsLingua] Clicking settings ellipses button...
2026-02-19 18:06:52.095 [TestNG-test-Yt Master Tests-1] INFO  [verifyingSideMenuLanguageAsInSettingsLingua] [verifyingSideMenuLanguageAsInSettingsLingua] Trying to find element: By.xpath: //ytd-topbar-menu-button-renderer[@class='style-scope ytd-masthead style-default']
2026-02-19 18:06:52.117 [TestNG-test-Yt Master Tests-1] INFO  [verifyingSideMenuLanguageAsInSettingsLingua] [verifyingSideMenuLanguageAsInSettingsLingua] Element found and ready (attempt 1): By.xpath: //ytd-topbar-menu-button-renderer[@class='style-scope ytd-masthead style-default']
2026-02-19 18:06:54.187 [TestNG-test-Yt Master Tests-1] INFO  [verifyingSideMenuLanguageAsInSettingsLingua] Clicking language dropdown...
2026-02-19 18:06:54.187 [TestNG-test-Yt Master Tests-1] INFO  [verifyingSideMenuLanguageAsInSettingsLingua] [verifyingSideMenuLanguageAsInSettingsLingua] Trying to find element: By.xpath: (//div[@id='content-icon'])[2]
2026-02-19 18:06:54.211 [TestNG-test-Yt Master Tests-1] INFO  [verifyingSideMenuLanguageAsInSettingsLingua] [verifyingSideMenuLanguageAsInSettingsLingua] Element found and ready (attempt 1): By.xpath: (//div[@id='content-icon'])[2]
2026-02-19 18:06:57.676 [TestNG-test-Yt Master Tests-1] INFO  [verifyingSideMenuLanguageAsInSettingsLingua] Looking for language element with name: Azərbaycan
2026-02-19 18:06:57.676 [TestNG-test-Yt Master Tests-1] INFO  [verifyingSideMenuLanguageAsInSettingsLingua] [verifyingSideMenuLanguageAsInSettingsLingua] Trying to find element: By.xpath: //yt-multi-page-menu-section-renderer[@class='style-scope ytd-multi-page-menu-renderer']//yt-formatted-string[@id='label' and text()='Azərbaycan']
2026-02-19 18:06:57.701 [TestNG-test-Yt Master Tests-1] INFO  [verifyingSideMenuLanguageAsInSettingsLingua] [verifyingSideMenuLanguageAsInSettingsLingua] Element found and ready (attempt 1): By.xpath: //yt-multi-page-menu-section-renderer[@class='style-scope ytd-multi-page-menu-renderer']//yt-formatted-string[@id='label' and text()='Azərbaycan']
2026-02-19 18:06:59.223 [TestNG-test-Yt Master Tests-1] INFO  [verifyingSideMenuLanguageAsInSettingsLingua] Clicking settings ellipses button...
2026-02-19 18:06:59.223 [TestNG-test-Yt Master Tests-1] INFO  [verifyingSideMenuLanguageAsInSettingsLingua] [verifyingSideMenuLanguageAsInSettingsLingua] Trying to find element: By.xpath: //ytd-topbar-menu-button-renderer[@class='style-scope ytd-masthead style-default']
2026-02-19 18:06:59.573 [TestNG-test-Yt Master Tests-1] INFO  [verifyingSideMenuLanguageAsInSettingsLingua] [verifyingSideMenuLanguageAsInSettingsLingua] Element found and ready (attempt 1): By.xpath: //ytd-topbar-menu-button-renderer[@class='style-scope ytd-masthead style-default']
2026-02-19 18:06:59.680 [TestNG-test-Yt Master Tests-1] INFO  [verifyingSideMenuLanguageAsInSettingsLingua] Looking for language element with name: Azərbaycan
2026-02-19 18:06:59.680 [TestNG-test-Yt Master Tests-1] INFO  [verifyingSideMenuLanguageAsInSettingsLingua] [verifyingSideMenuLanguageAsInSettingsLingua] Waiting until element is visible in viewport
2026-02-19 18:07:09.876 [TestNG-test-Yt Master Tests-1] INFO  [verifyingSideMenuLanguageAsInSettingsLingua] [verifyingSideMenuLanguageAsInSettingsLingua] Capturing screenshot: Filter Applied is Azərbaycan__2026-02-19_180709jpg
2026-02-19 18:07:10.156 [TestNG-test-Yt Master Tests-1] INFO  [verifyingSideMenuLanguageAsInSettingsLingua] [verifyingSideMenuLanguageAsInSettingsLingua] Screenshot saved at: test-output/screenshots/Run_2026-02-19_17-49-56/verifyingSideMenuLanguageAsInSettingsLingua/Filter Applied is Azərbaycan__2026-02-19_180709jpg
2026-02-19 18:07:10.157 [TestNG-test-Yt Master Tests-1] INFO  [verifyingSideMenuLanguageAsInSettingsLingua] Clicking settings ellipses button...
2026-02-19 18:07:10.157 [TestNG-test-Yt Master Tests-1] INFO  [verifyingSideMenuLanguageAsInSettingsLingua] [verifyingSideMenuLanguageAsInSettingsLingua] Trying to find element: By.xpath: //ytd-topbar-menu-button-renderer[@class='style-scope ytd-masthead style-default']
2026-02-19 18:07:10.179 [TestNG-test-Yt Master Tests-1] INFO  [verifyingSideMenuLanguageAsInSettingsLingua] [verifyingSideMenuLanguageAsInSettingsLingua] Element found and ready (attempt 1): By.xpath: //ytd-topbar-menu-button-renderer[@class='style-scope ytd-masthead style-default']
2026-02-19 18:07:12.229 [TestNG-test-Yt Master Tests-1] INFO  [verifyingSideMenuLanguageAsInSettingsLingua] Fetching the side menu in expanded view
2026-02-19 18:07:12.229 [TestNG-test-Yt Master Tests-1] INFO  [verifyingSideMenuLanguageAsInSettingsLingua] [verifyingSideMenuLanguageAsInSettingsLingua] Finding elements list: By.xpath: //ytd-guide-entry-renderer[@class='style-scope ytd-guide-section-renderer']
2026-02-19 18:07:12.421 [TestNG-test-Yt Master Tests-1] INFO  [verifyingSideMenuLanguageAsInSettingsLingua] [verifyingSideMenuLanguageAsInSettingsLingua] Found 16 ready elements (attempt 1): By.xpath: //ytd-guide-entry-renderer[@class='style-scope ytd-guide-section-renderer']
2026-02-19 18:07:12.728 [TestNG-test-Yt Master Tests-1] INFO  [verifyingSideMenuLanguageAsInSettingsLingua] 
========== LANGUAGE DETECTION ==========
Detected Language : AZERBAIJANI
Input Text        : Ev Shorts Abunəliklər Siz Tarixçə Musiqi Film və TV Canlı YouTube Premium YouTube TV YouTube Music YouTube Kids Ayarlar Xəbər tarixçəsi Yardım Rəy göndərin
========================================
2026-02-19 18:07:12.728 [TestNG-test-Yt Master Tests-1] INFO  [verifyingSideMenuLanguageAsInSettingsLingua] getLangAttribute() - locating <html> and reading lang property
2026-02-19 18:07:12.739 [TestNG-test-Yt Master Tests-1] INFO  [verifyingSideMenuLanguageAsInSettingsLingua] Language attribute read: az-Latn-AZ
2026-02-19 18:07:12.739 [TestNG-test-Yt Master Tests-1] INFO  [verifyingSideMenuLanguageAsInSettingsLingua] [verifyingSideMenuLanguageAsInSettingsLingua] ApplicableLanguage==  Azərbaycan     Detected Language ==  AZERBAIJANI  Expected Language == AZERBAIJANI
2026-02-19 18:07:12.739 [TestNG-test-Yt Master Tests-1] INFO  [verifyingSideMenuLanguageAsInSettingsLingua] Clicking settings ellipses button...
2026-02-19 18:07:12.739 [TestNG-test-Yt Master Tests-1] INFO  [verifyingSideMenuLanguageAsInSettingsLingua] [verifyingSideMenuLanguageAsInSettingsLingua] Trying to find element: By.xpath: //ytd-topbar-menu-button-renderer[@class='style-scope ytd-masthead style-default']
2026-02-19 18:07:12.755 [TestNG-test-Yt Master Tests-1] INFO  [verifyingSideMenuLanguageAsInSettingsLingua] [verifyingSideMenuLanguageAsInSettingsLingua] Element found and ready (attempt 1): By.xpath: //ytd-topbar-menu-button-renderer[@class='style-scope ytd-masthead style-default']
2026-02-19 18:07:14.811 [TestNG-test-Yt Master Tests-1] INFO  [verifyingSideMenuLanguageAsInSettingsLingua] Clicking language dropdown...
2026-02-19 18:07:14.811 [TestNG-test-Yt Master Tests-1] INFO  [verifyingSideMenuLanguageAsInSettingsLingua] [verifyingSideMenuLanguageAsInSettingsLingua] Trying to find element: By.xpath: (//div[@id='content-icon'])[2]
2026-02-19 18:07:14.830 [TestNG-test-Yt Master Tests-1] INFO  [verifyingSideMenuLanguageAsInSettingsLingua] [verifyingSideMenuLanguageAsInSettingsLingua] Element found and ready (attempt 1): By.xpath: (//div[@id='content-icon'])[2]
2026-02-19 18:07:18.152 [TestNG-test-Yt Master Tests-1] INFO  [verifyingSideMenuLanguageAsInSettingsLingua] Looking for language element with name: Bahasa Indonesia
2026-02-19 18:07:18.152 [TestNG-test-Yt Master Tests-1] INFO  [verifyingSideMenuLanguageAsInSettingsLingua] [verifyingSideMenuLanguageAsInSettingsLingua] Trying to find element: By.xpath: //yt-multi-page-menu-section-renderer[@class='style-scope ytd-multi-page-menu-renderer']//yt-formatted-string[@id='label' and text()='Bahasa Indonesia']
2026-02-19 18:07:18.175 [TestNG-test-Yt Master Tests-1] INFO  [verifyingSideMenuLanguageAsInSettingsLingua] [verifyingSideMenuLanguageAsInSettingsLingua] Element found and ready (attempt 1): By.xpath: //yt-multi-page-menu-section-renderer[@class='style-scope ytd-multi-page-menu-renderer']//yt-formatted-string[@id='label' and text()='Bahasa Indonesia']
2026-02-19 18:07:19.680 [TestNG-test-Yt Master Tests-1] INFO  [verifyingSideMenuLanguageAsInSettingsLingua] Clicking settings ellipses button...
2026-02-19 18:07:19.680 [TestNG-test-Yt Master Tests-1] INFO  [verifyingSideMenuLanguageAsInSettingsLingua] [verifyingSideMenuLanguageAsInSettingsLingua] Trying to find element: By.xpath: //ytd-topbar-menu-button-renderer[@class='style-scope ytd-masthead style-default']
2026-02-19 18:07:19.990 [TestNG-test-Yt Master Tests-1] INFO  [verifyingSideMenuLanguageAsInSettingsLingua] [verifyingSideMenuLanguageAsInSettingsLingua] Element found and ready (attempt 1): By.xpath: //ytd-topbar-menu-button-renderer[@class='style-scope ytd-masthead style-default']
2026-02-19 18:07:20.188 [TestNG-test-Yt Master Tests-1] INFO  [verifyingSideMenuLanguageAsInSettingsLingua] Looking for language element with name: Bahasa Indonesia
2026-02-19 18:07:20.188 [TestNG-test-Yt Master Tests-1] INFO  [verifyingSideMenuLanguageAsInSettingsLingua] [verifyingSideMenuLanguageAsInSettingsLingua] Waiting until element is visible in viewport
2026-02-19 18:07:30.373 [TestNG-test-Yt Master Tests-1] INFO  [verifyingSideMenuLanguageAsInSettingsLingua] [verifyingSideMenuLanguageAsInSettingsLingua] Capturing screenshot: Filter Applied is Bahasa Indonesia__2026-02-19_180730jpg
2026-02-19 18:07:30.692 [TestNG-test-Yt Master Tests-1] INFO  [verifyingSideMenuLanguageAsInSettingsLingua] [verifyingSideMenuLanguageAsInSettingsLingua] Screenshot saved at: test-output/screenshots/Run_2026-02-19_17-49-56/verifyingSideMenuLanguageAsInSettingsLingua/Filter Applied is Bahasa Indonesia__2026-02-19_180730jpg
2026-02-19 18:07:30.692 [TestNG-test-Yt Master Tests-1] INFO  [verifyingSideMenuLanguageAsInSettingsLingua] Clicking settings ellipses button...
2026-02-19 18:07:30.693 [TestNG-test-Yt Master Tests-1] INFO  [verifyingSideMenuLanguageAsInSettingsLingua] [verifyingSideMenuLanguageAsInSettingsLingua] Trying to find element: By.xpath: //ytd-topbar-menu-button-renderer[@class='style-scope ytd-masthead style-default']
2026-02-19 18:07:30.714 [TestNG-test-Yt Master Tests-1] INFO  [verifyingSideMenuLanguageAsInSettingsLingua] [verifyingSideMenuLanguageAsInSettingsLingua] Element found and ready (attempt 1): By.xpath: //ytd-topbar-menu-button-renderer[@class='style-scope ytd-masthead style-default']
2026-02-19 18:07:32.770 [TestNG-test-Yt Master Tests-1] INFO  [verifyingSideMenuLanguageAsInSettingsLingua] Fetching the side menu in expanded view
2026-02-19 18:07:32.770 [TestNG-test-Yt Master Tests-1] INFO  [verifyingSideMenuLanguageAsInSettingsLingua] [verifyingSideMenuLanguageAsInSettingsLingua] Finding elements list: By.xpath: //ytd-guide-entry-renderer[@class='style-scope ytd-guide-section-renderer']
2026-02-19 18:07:32.977 [TestNG-test-Yt Master Tests-1] INFO  [verifyingSideMenuLanguageAsInSettingsLingua] [verifyingSideMenuLanguageAsInSettingsLingua] Found 16 ready elements (attempt 1): By.xpath: //ytd-guide-entry-renderer[@class='style-scope ytd-guide-section-renderer']
2026-02-19 18:07:33.318 [TestNG-test-Yt Master Tests-1] INFO  [verifyingSideMenuLanguageAsInSettingsLingua] 
========== LANGUAGE DETECTION ==========
Detected Language : INDONESIAN
Input Text        : Beranda Shorts Subscription Anda Histori Musik Film & TV Live YouTube Premium YouTube TV YouTube Music YouTube Kids Setelan Histori laporan Bantuan Kirim masukan
========================================
2026-02-19 18:07:33.319 [TestNG-test-Yt Master Tests-1] INFO  [verifyingSideMenuLanguageAsInSettingsLingua] getLangAttribute() - locating <html> and reading lang property
2026-02-19 18:07:33.332 [TestNG-test-Yt Master Tests-1] INFO  [verifyingSideMenuLanguageAsInSettingsLingua] Language attribute read: id-ID
2026-02-19 18:07:33.332 [TestNG-test-Yt Master Tests-1] INFO  [verifyingSideMenuLanguageAsInSettingsLingua] [verifyingSideMenuLanguageAsInSettingsLingua] ApplicableLanguage==  Bahasa Indonesia     Detected Language ==  INDONESIAN  Expected Language == INDONESIAN
2026-02-19 18:07:33.332 [TestNG-test-Yt Master Tests-1] INFO  [verifyingSideMenuLanguageAsInSettingsLingua] Clicking settings ellipses button...
2026-02-19 18:07:33.332 [TestNG-test-Yt Master Tests-1] INFO  [verifyingSideMenuLanguageAsInSettingsLingua] [verifyingSideMenuLanguageAsInSettingsLingua] Trying to find element: By.xpath: //ytd-topbar-menu-button-renderer[@class='style-scope ytd-masthead style-default']
2026-02-19 18:07:33.352 [TestNG-test-Yt Master Tests-1] INFO  [verifyingSideMenuLanguageAsInSettingsLingua] [verifyingSideMenuLanguageAsInSettingsLingua] Element found and ready (attempt 1): By.xpath: //ytd-topbar-menu-button-renderer[@class='style-scope ytd-masthead style-default']
2026-02-19 18:07:35.413 [TestNG-test-Yt Master Tests-1] INFO  [verifyingSideMenuLanguageAsInSettingsLingua] Clicking language dropdown...
2026-02-19 18:07:35.413 [TestNG-test-Yt Master Tests-1] INFO  [verifyingSideMenuLanguageAsInSettingsLingua] [verifyingSideMenuLanguageAsInSettingsLingua] Trying to find element: By.xpath: (//div[@id='content-icon'])[2]
2026-02-19 18:07:35.432 [TestNG-test-Yt Master Tests-1] INFO  [verifyingSideMenuLanguageAsInSettingsLingua] [verifyingSideMenuLanguageAsInSettingsLingua] Element found and ready (attempt 1): By.xpath: (//div[@id='content-icon'])[2]
2026-02-19 18:07:38.815 [TestNG-test-Yt Master Tests-1] INFO  [verifyingSideMenuLanguageAsInSettingsLingua] Looking for language element with name: Bosanski
2026-02-19 18:07:38.815 [TestNG-test-Yt Master Tests-1] INFO  [verifyingSideMenuLanguageAsInSettingsLingua] [verifyingSideMenuLanguageAsInSettingsLingua] Trying to find element: By.xpath: //yt-multi-page-menu-section-renderer[@class='style-scope ytd-multi-page-menu-renderer']//yt-formatted-string[@id='label' and text()='Bosanski']
2026-02-19 18:07:38.840 [TestNG-test-Yt Master Tests-1] INFO  [verifyingSideMenuLanguageAsInSettingsLingua] [verifyingSideMenuLanguageAsInSettingsLingua] Element found and ready (attempt 1): By.xpath: //yt-multi-page-menu-section-renderer[@class='style-scope ytd-multi-page-menu-renderer']//yt-formatted-string[@id='label' and text()='Bosanski']
2026-02-19 18:07:40.210 [TestNG-test-Yt Master Tests-1] INFO  [verifyingSideMenuLanguageAsInSettingsLingua] Clicking settings ellipses button...
2026-02-19 18:07:40.210 [TestNG-test-Yt Master Tests-1] INFO  [verifyingSideMenuLanguageAsInSettingsLingua] [verifyingSideMenuLanguageAsInSettingsLingua] Trying to find element: By.xpath: //ytd-topbar-menu-button-renderer[@class='style-scope ytd-masthead style-default']
2026-02-19 18:07:40.797 [TestNG-test-Yt Master Tests-1] INFO  [verifyingSideMenuLanguageAsInSettingsLingua] [verifyingSideMenuLanguageAsInSettingsLingua] Element found and ready (attempt 1): By.xpath: //ytd-topbar-menu-button-renderer[@class='style-scope ytd-masthead style-default']
2026-02-19 18:07:40.978 [TestNG-test-Yt Master Tests-1] INFO  [verifyingSideMenuLanguageAsInSettingsLingua] Looking for language element with name: Bosanski
2026-02-19 18:07:40.978 [TestNG-test-Yt Master Tests-1] INFO  [verifyingSideMenuLanguageAsInSettingsLingua] [verifyingSideMenuLanguageAsInSettingsLingua] Waiting until element is visible in viewport
2026-02-19 18:07:51.169 [TestNG-test-Yt Master Tests-1] INFO  [verifyingSideMenuLanguageAsInSettingsLingua] [verifyingSideMenuLanguageAsInSettingsLingua] Capturing screenshot: Filter Applied is Bosanski__2026-02-19_180751jpg
2026-02-19 18:07:51.498 [TestNG-test-Yt Master Tests-1] INFO  [verifyingSideMenuLanguageAsInSettingsLingua] [verifyingSideMenuLanguageAsInSettingsLingua] Screenshot saved at: test-output/screenshots/Run_2026-02-19_17-49-56/verifyingSideMenuLanguageAsInSettingsLingua/Filter Applied is Bosanski__2026-02-19_180751jpg
2026-02-19 18:07:51.498 [TestNG-test-Yt Master Tests-1] INFO  [verifyingSideMenuLanguageAsInSettingsLingua] Clicking settings ellipses button...
2026-02-19 18:07:51.498 [TestNG-test-Yt Master Tests-1] INFO  [verifyingSideMenuLanguageAsInSettingsLingua] [verifyingSideMenuLanguageAsInSettingsLingua] Trying to find element: By.xpath: //ytd-topbar-menu-button-renderer[@class='style-scope ytd-masthead style-default']
2026-02-19 18:07:51.520 [TestNG-test-Yt Master Tests-1] INFO  [verifyingSideMenuLanguageAsInSettingsLingua] [verifyingSideMenuLanguageAsInSettingsLingua] Element found and ready (attempt 1): By.xpath: //ytd-topbar-menu-button-renderer[@class='style-scope ytd-masthead style-default']
2026-02-19 18:07:53.613 [TestNG-test-Yt Master Tests-1] INFO  [verifyingSideMenuLanguageAsInSettingsLingua] Fetching the side menu in expanded view
2026-02-19 18:07:53.613 [TestNG-test-Yt Master Tests-1] INFO  [verifyingSideMenuLanguageAsInSettingsLingua] [verifyingSideMenuLanguageAsInSettingsLingua] Finding elements list: By.xpath: //ytd-guide-entry-renderer[@class='style-scope ytd-guide-section-renderer']
2026-02-19 18:07:53.826 [TestNG-test-Yt Master Tests-1] INFO  [verifyingSideMenuLanguageAsInSettingsLingua] [verifyingSideMenuLanguageAsInSettingsLingua] Found 16 ready elements (attempt 1): By.xpath: //ytd-guide-entry-renderer[@class='style-scope ytd-guide-section-renderer']
2026-02-19 18:07:54.171 [TestNG-test-Yt Master Tests-1] INFO  [verifyingSideMenuLanguageAsInSettingsLingua] 
========== LANGUAGE DETECTION ==========
Detected Language : BOSNIAN
Input Text        : Početna stranica Shorts Pretplate Vi Hi‪storija Muzika Filmovi i TV Uživo YouTube Premium YouTube TV YouTube Music YouTube Kids Postavke Historija prijava Pomoć Pošaljite povratne informacije
========================================
2026-02-19 18:07:54.172 [TestNG-test-Yt Master Tests-1] INFO  [verifyingSideMenuLanguageAsInSettingsLingua] getLangAttribute() - locating <html> and reading lang property
2026-02-19 18:07:54.182 [TestNG-test-Yt Master Tests-1] INFO  [verifyingSideMenuLanguageAsInSettingsLingua] Language attribute read: bs-Latn-BA
2026-02-19 18:07:54.182 [TestNG-test-Yt Master Tests-1] INFO  [verifyingSideMenuLanguageAsInSettingsLingua] [verifyingSideMenuLanguageAsInSettingsLingua] ApplicableLanguage==  Bosanski     Detected Language ==  BOSNIAN  Expected Language == CROATIAN
2026-02-19 18:07:54.182 [TestNG-test-Yt Master Tests-1] INFO  [verifyingSideMenuLanguageAsInSettingsLingua] Clicking settings ellipses button...
2026-02-19 18:07:54.182 [TestNG-test-Yt Master Tests-1] INFO  [verifyingSideMenuLanguageAsInSettingsLingua] [verifyingSideMenuLanguageAsInSettingsLingua] Trying to find element: By.xpath: //ytd-topbar-menu-button-renderer[@class='style-scope ytd-masthead style-default']
2026-02-19 18:07:54.201 [TestNG-test-Yt Master Tests-1] INFO  [verifyingSideMenuLanguageAsInSettingsLingua] [verifyingSideMenuLanguageAsInSettingsLingua] Element found and ready (attempt 1): By.xpath: //ytd-topbar-menu-button-renderer[@class='style-scope ytd-masthead style-default']
2026-02-19 18:07:56.258 [TestNG-test-Yt Master Tests-1] INFO  [verifyingSideMenuLanguageAsInSettingsLingua] Clicking language dropdown...
2026-02-19 18:07:56.258 [TestNG-test-Yt Master Tests-1] INFO  [verifyingSideMenuLanguageAsInSettingsLingua] [verifyingSideMenuLanguageAsInSettingsLingua] Trying to find element: By.xpath: (//div[@id='content-icon'])[2]
2026-02-19 18:07:56.278 [TestNG-test-Yt Master Tests-1] INFO  [verifyingSideMenuLanguageAsInSettingsLingua] [verifyingSideMenuLanguageAsInSettingsLingua] Element found and ready (attempt 1): By.xpath: (//div[@id='content-icon'])[2]
2026-02-19 18:07:59.624 [TestNG-test-Yt Master Tests-1] INFO  [verifyingSideMenuLanguageAsInSettingsLingua] Looking for language element with name: Català
2026-02-19 18:07:59.624 [TestNG-test-Yt Master Tests-1] INFO  [verifyingSideMenuLanguageAsInSettingsLingua] [verifyingSideMenuLanguageAsInSettingsLingua] Trying to find element: By.xpath: //yt-multi-page-menu-section-renderer[@class='style-scope ytd-multi-page-menu-renderer']//yt-formatted-string[@id='label' and text()='Català']
2026-02-19 18:07:59.651 [TestNG-test-Yt Master Tests-1] INFO  [verifyingSideMenuLanguageAsInSettingsLingua] [verifyingSideMenuLanguageAsInSettingsLingua] Element found and ready (attempt 1): By.xpath: //yt-multi-page-menu-section-renderer[@class='style-scope ytd-multi-page-menu-renderer']//yt-formatted-string[@id='label' and text()='Català']
2026-02-19 18:08:01.273 [TestNG-test-Yt Master Tests-1] INFO  [verifyingSideMenuLanguageAsInSettingsLingua] Clicking settings ellipses button...
2026-02-19 18:08:01.274 [TestNG-test-Yt Master Tests-1] INFO  [verifyingSideMenuLanguageAsInSettingsLingua] [verifyingSideMenuLanguageAsInSettingsLingua] Trying to find element: By.xpath: //ytd-topbar-menu-button-renderer[@class='style-scope ytd-masthead style-default']
2026-02-19 18:08:01.712 [TestNG-test-Yt Master Tests-1] INFO  [verifyingSideMenuLanguageAsInSettingsLingua] [verifyingSideMenuLanguageAsInSettingsLingua] Element found and ready (attempt 1): By.xpath: //ytd-topbar-menu-button-renderer[@class='style-scope ytd-masthead style-default']
2026-02-19 18:08:01.839 [TestNG-test-Yt Master Tests-1] INFO  [verifyingSideMenuLanguageAsInSettingsLingua] Looking for language element with name: Català
2026-02-19 18:08:01.839 [TestNG-test-Yt Master Tests-1] INFO  [verifyingSideMenuLanguageAsInSettingsLingua] [verifyingSideMenuLanguageAsInSettingsLingua] Waiting until element is visible in viewport
2026-02-19 18:08:12.060 [TestNG-test-Yt Master Tests-1] INFO  [verifyingSideMenuLanguageAsInSettingsLingua] [verifyingSideMenuLanguageAsInSettingsLingua] Capturing screenshot: Filter Applied is Català__2026-02-19_180812jpg
2026-02-19 18:08:12.470 [TestNG-test-Yt Master Tests-1] INFO  [verifyingSideMenuLanguageAsInSettingsLingua] [verifyingSideMenuLanguageAsInSettingsLingua] Screenshot saved at: test-output/screenshots/Run_2026-02-19_17-49-56/verifyingSideMenuLanguageAsInSettingsLingua/Filter Applied is Català__2026-02-19_180812jpg
2026-02-19 18:08:12.471 [TestNG-test-Yt Master Tests-1] INFO  [verifyingSideMenuLanguageAsInSettingsLingua] Clicking settings ellipses button...
2026-02-19 18:08:12.471 [TestNG-test-Yt Master Tests-1] INFO  [verifyingSideMenuLanguageAsInSettingsLingua] [verifyingSideMenuLanguageAsInSettingsLingua] Trying to find element: By.xpath: //ytd-topbar-menu-button-renderer[@class='style-scope ytd-masthead style-default']
2026-02-19 18:08:12.502 [TestNG-test-Yt Master Tests-1] INFO  [verifyingSideMenuLanguageAsInSettingsLingua] [verifyingSideMenuLanguageAsInSettingsLingua] Element found and ready (attempt 1): By.xpath: //ytd-topbar-menu-button-renderer[@class='style-scope ytd-masthead style-default']
2026-02-19 18:08:14.568 [TestNG-test-Yt Master Tests-1] INFO  [verifyingSideMenuLanguageAsInSettingsLingua] Fetching the side menu in expanded view
2026-02-19 18:08:14.568 [TestNG-test-Yt Master Tests-1] INFO  [verifyingSideMenuLanguageAsInSettingsLingua] [verifyingSideMenuLanguageAsInSettingsLingua] Finding elements list: By.xpath: //ytd-guide-entry-renderer[@class='style-scope ytd-guide-section-renderer']
2026-02-19 18:08:15.016 [TestNG-test-Yt Master Tests-1] INFO  [verifyingSideMenuLanguageAsInSettingsLingua] [verifyingSideMenuLanguageAsInSettingsLingua] Found 16 ready elements (attempt 1): By.xpath: //ytd-guide-entry-renderer[@class='style-scope ytd-guide-section-renderer']
2026-02-19 18:08:15.366 [TestNG-test-Yt Master Tests-1] INFO  [verifyingSideMenuLanguageAsInSettingsLingua] 
========== LANGUAGE DETECTION ==========
Detected Language : CATALAN
Input Text        : Inici YouTube Shorts Subscripcions Tu Historial Música Pel·lícules i televisió En directe YouTube Premium YouTube TV YouTube Music YouTube Kids Configuració Historial d'informes Ajuda Envia suggeriments
========================================
2026-02-19 18:08:15.367 [TestNG-test-Yt Master Tests-1] INFO  [verifyingSideMenuLanguageAsInSettingsLingua] getLangAttribute() - locating <html> and reading lang property
2026-02-19 18:08:15.381 [TestNG-test-Yt Master Tests-1] INFO  [verifyingSideMenuLanguageAsInSettingsLingua] Language attribute read: ca-ES
2026-02-19 18:08:15.381 [TestNG-test-Yt Master Tests-1] INFO  [verifyingSideMenuLanguageAsInSettingsLingua] [verifyingSideMenuLanguageAsInSettingsLingua] ApplicableLanguage==  Català     Detected Language ==  CATALAN  Expected Language == CATALAN
2026-02-19 18:08:15.381 [TestNG-test-Yt Master Tests-1] INFO  [verifyingSideMenuLanguageAsInSettingsLingua] Clicking settings ellipses button...
2026-02-19 18:08:15.381 [TestNG-test-Yt Master Tests-1] INFO  [verifyingSideMenuLanguageAsInSettingsLingua] [verifyingSideMenuLanguageAsInSettingsLingua] Trying to find element: By.xpath: //ytd-topbar-menu-button-renderer[@class='style-scope ytd-masthead style-default']
2026-02-19 18:08:15.402 [TestNG-test-Yt Master Tests-1] INFO  [verifyingSideMenuLanguageAsInSettingsLingua] [verifyingSideMenuLanguageAsInSettingsLingua] Element found and ready (attempt 1): By.xpath: //ytd-topbar-menu-button-renderer[@class='style-scope ytd-masthead style-default']
2026-02-19 18:08:17.473 [TestNG-test-Yt Master Tests-1] INFO  [verifyingSideMenuLanguageAsInSettingsLingua] Clicking language dropdown...
2026-02-19 18:08:17.473 [TestNG-test-Yt Master Tests-1] INFO  [verifyingSideMenuLanguageAsInSettingsLingua] [verifyingSideMenuLanguageAsInSettingsLingua] Trying to find element: By.xpath: (//div[@id='content-icon'])[2]
2026-02-19 18:08:17.498 [TestNG-test-Yt Master Tests-1] INFO  [verifyingSideMenuLanguageAsInSettingsLingua] [verifyingSideMenuLanguageAsInSettingsLingua] Element found and ready (attempt 1): By.xpath: (//div[@id='content-icon'])[2]
2026-02-19 18:08:20.878 [TestNG-test-Yt Master Tests-1] INFO  [verifyingSideMenuLanguageAsInSettingsLingua] Looking for language element with name: Dansk
2026-02-19 18:08:20.878 [TestNG-test-Yt Master Tests-1] INFO  [verifyingSideMenuLanguageAsInSettingsLingua] [verifyingSideMenuLanguageAsInSettingsLingua] Trying to find element: By.xpath: //yt-multi-page-menu-section-renderer[@class='style-scope ytd-multi-page-menu-renderer']//yt-formatted-string[@id='label' and text()='Dansk']
2026-02-19 18:08:20.909 [TestNG-test-Yt Master Tests-1] INFO  [verifyingSideMenuLanguageAsInSettingsLingua] [verifyingSideMenuLanguageAsInSettingsLingua] Element found and ready (attempt 1): By.xpath: //yt-multi-page-menu-section-renderer[@class='style-scope ytd-multi-page-menu-renderer']//yt-formatted-string[@id='label' and text()='Dansk']
2026-02-19 18:08:22.880 [TestNG-test-Yt Master Tests-1] INFO  [verifyingSideMenuLanguageAsInSettingsLingua] Clicking settings ellipses button...
2026-02-19 18:08:22.880 [TestNG-test-Yt Master Tests-1] INFO  [verifyingSideMenuLanguageAsInSettingsLingua] [verifyingSideMenuLanguageAsInSettingsLingua] Trying to find element: By.xpath: //ytd-topbar-menu-button-renderer[@class='style-scope ytd-masthead style-default']
2026-02-19 18:08:23.257 [TestNG-test-Yt Master Tests-1] INFO  [verifyingSideMenuLanguageAsInSettingsLingua] [verifyingSideMenuLanguageAsInSettingsLingua] Element found and ready (attempt 1): By.xpath: //ytd-topbar-menu-button-renderer[@class='style-scope ytd-masthead style-default']
2026-02-19 18:08:23.378 [TestNG-test-Yt Master Tests-1] INFO  [verifyingSideMenuLanguageAsInSettingsLingua] Looking for language element with name: Dansk
2026-02-19 18:08:23.379 [TestNG-test-Yt Master Tests-1] INFO  [verifyingSideMenuLanguageAsInSettingsLingua] [verifyingSideMenuLanguageAsInSettingsLingua] Waiting until element is visible in viewport
2026-02-19 18:08:33.631 [TestNG-test-Yt Master Tests-1] INFO  [verifyingSideMenuLanguageAsInSettingsLingua] [verifyingSideMenuLanguageAsInSettingsLingua] Capturing screenshot: Filter Applied is Dansk__2026-02-19_180833jpg
2026-02-19 18:08:33.980 [TestNG-test-Yt Master Tests-1] INFO  [verifyingSideMenuLanguageAsInSettingsLingua] [verifyingSideMenuLanguageAsInSettingsLingua] Screenshot saved at: test-output/screenshots/Run_2026-02-19_17-49-56/verifyingSideMenuLanguageAsInSettingsLingua/Filter Applied is Dansk__2026-02-19_180833jpg
2026-02-19 18:08:33.980 [TestNG-test-Yt Master Tests-1] INFO  [verifyingSideMenuLanguageAsInSettingsLingua] Clicking settings ellipses button...
2026-02-19 18:08:33.980 [TestNG-test-Yt Master Tests-1] INFO  [verifyingSideMenuLanguageAsInSettingsLingua] [verifyingSideMenuLanguageAsInSettingsLingua] Trying to find element: By.xpath: //ytd-topbar-menu-button-renderer[@class='style-scope ytd-masthead style-default']
2026-02-19 18:08:34.009 [TestNG-test-Yt Master Tests-1] INFO  [verifyingSideMenuLanguageAsInSettingsLingua] [verifyingSideMenuLanguageAsInSettingsLingua] Element found and ready (attempt 1): By.xpath: //ytd-topbar-menu-button-renderer[@class='style-scope ytd-masthead style-default']
2026-02-19 18:08:36.072 [TestNG-test-Yt Master Tests-1] INFO  [verifyingSideMenuLanguageAsInSettingsLingua] Fetching the side menu in expanded view
2026-02-19 18:08:36.072 [TestNG-test-Yt Master Tests-1] INFO  [verifyingSideMenuLanguageAsInSettingsLingua] [verifyingSideMenuLanguageAsInSettingsLingua] Finding elements list: By.xpath: //ytd-guide-entry-renderer[@class='style-scope ytd-guide-section-renderer']
2026-02-19 18:08:36.349 [TestNG-test-Yt Master Tests-1] INFO  [verifyingSideMenuLanguageAsInSettingsLingua] [verifyingSideMenuLanguageAsInSettingsLingua] Found 16 ready elements (attempt 1): By.xpath: //ytd-guide-entry-renderer[@class='style-scope ytd-guide-section-renderer']
2026-02-19 18:08:36.763 [TestNG-test-Yt Master Tests-1] INFO  [verifyingSideMenuLanguageAsInSettingsLingua] 
========== LANGUAGE DETECTION ==========
Detected Language : DANISH
Input Text        : Start Shorts Abonnementer Dig Historik Musik Film og tv Live YouTube Premium YouTube TV YouTube Music YouTube Kids Indstillinger Rapporteringshistorik Hjælp Send feedback
========================================
2026-02-19 18:08:36.764 [TestNG-test-Yt Master Tests-1] INFO  [verifyingSideMenuLanguageAsInSettingsLingua] getLangAttribute() - locating <html> and reading lang property
2026-02-19 18:08:36.778 [TestNG-test-Yt Master Tests-1] INFO  [verifyingSideMenuLanguageAsInSettingsLingua] Language attribute read: da-DK
2026-02-19 18:08:36.778 [TestNG-test-Yt Master Tests-1] INFO  [verifyingSideMenuLanguageAsInSettingsLingua] [verifyingSideMenuLanguageAsInSettingsLingua] ApplicableLanguage==  Dansk     Detected Language ==  DANISH  Expected Language == DANISH
2026-02-19 18:08:36.779 [TestNG-test-Yt Master Tests-1] INFO  [verifyingSideMenuLanguageAsInSettingsLingua] Clicking settings ellipses button...
2026-02-19 18:08:36.779 [TestNG-test-Yt Master Tests-1] INFO  [verifyingSideMenuLanguageAsInSettingsLingua] [verifyingSideMenuLanguageAsInSettingsLingua] Trying to find element: By.xpath: //ytd-topbar-menu-button-renderer[@class='style-scope ytd-masthead style-default']
2026-02-19 18:08:36.802 [TestNG-test-Yt Master Tests-1] INFO  [verifyingSideMenuLanguageAsInSettingsLingua] [verifyingSideMenuLanguageAsInSettingsLingua] Element found and ready (attempt 1): By.xpath: //ytd-topbar-menu-button-renderer[@class='style-scope ytd-masthead style-default']
2026-02-19 18:08:38.876 [TestNG-test-Yt Master Tests-1] INFO  [verifyingSideMenuLanguageAsInSettingsLingua] Clicking language dropdown...
2026-02-19 18:08:38.876 [TestNG-test-Yt Master Tests-1] INFO  [verifyingSideMenuLanguageAsInSettingsLingua] [verifyingSideMenuLanguageAsInSettingsLingua] Trying to find element: By.xpath: (//div[@id='content-icon'])[2]
2026-02-19 18:08:38.900 [TestNG-test-Yt Master Tests-1] INFO  [verifyingSideMenuLanguageAsInSettingsLingua] [verifyingSideMenuLanguageAsInSettingsLingua] Element found and ready (attempt 1): By.xpath: (//div[@id='content-icon'])[2]
2026-02-19 18:08:42.376 [TestNG-test-Yt Master Tests-1] INFO  [verifyingSideMenuLanguageAsInSettingsLingua] Looking for language element with name: Deutsch
2026-02-19 18:08:42.376 [TestNG-test-Yt Master Tests-1] INFO  [verifyingSideMenuLanguageAsInSettingsLingua] [verifyingSideMenuLanguageAsInSettingsLingua] Trying to find element: By.xpath: //yt-multi-page-menu-section-renderer[@class='style-scope ytd-multi-page-menu-renderer']//yt-formatted-string[@id='label' and text()='Deutsch']
2026-02-19 18:08:42.403 [TestNG-test-Yt Master Tests-1] INFO  [verifyingSideMenuLanguageAsInSettingsLingua] [verifyingSideMenuLanguageAsInSettingsLingua] Element found and ready (attempt 1): By.xpath: //yt-multi-page-menu-section-renderer[@class='style-scope ytd-multi-page-menu-renderer']//yt-formatted-string[@id='label' and text()='Deutsch']
2026-02-19 18:08:44.287 [TestNG-test-Yt Master Tests-1] INFO  [verifyingSideMenuLanguageAsInSettingsLingua] Clicking settings ellipses button...
2026-02-19 18:08:44.287 [TestNG-test-Yt Master Tests-1] INFO  [verifyingSideMenuLanguageAsInSettingsLingua] [verifyingSideMenuLanguageAsInSettingsLingua] Trying to find element: By.xpath: //ytd-topbar-menu-button-renderer[@class='style-scope ytd-masthead style-default']
2026-02-19 18:08:44.769 [TestNG-test-Yt Master Tests-1] INFO  [verifyingSideMenuLanguageAsInSettingsLingua] [verifyingSideMenuLanguageAsInSettingsLingua] Element found and ready (attempt 1): By.xpath: //ytd-topbar-menu-button-renderer[@class='style-scope ytd-masthead style-default']
2026-02-19 18:08:44.984 [TestNG-test-Yt Master Tests-1] INFO  [verifyingSideMenuLanguageAsInSettingsLingua] Looking for language element with name: Deutsch
2026-02-19 18:08:44.984 [TestNG-test-Yt Master Tests-1] INFO  [verifyingSideMenuLanguageAsInSettingsLingua] [verifyingSideMenuLanguageAsInSettingsLingua] Waiting until element is visible in viewport
2026-02-19 18:08:55.192 [TestNG-test-Yt Master Tests-1] INFO  [verifyingSideMenuLanguageAsInSettingsLingua] [verifyingSideMenuLanguageAsInSettingsLingua] Capturing screenshot: Filter Applied is Deutsch__2026-02-19_180855jpg
2026-02-19 18:08:55.555 [TestNG-test-Yt Master Tests-1] INFO  [verifyingSideMenuLanguageAsInSettingsLingua] [verifyingSideMenuLanguageAsInSettingsLingua] Screenshot saved at: test-output/screenshots/Run_2026-02-19_17-49-56/verifyingSideMenuLanguageAsInSettingsLingua/Filter Applied is Deutsch__2026-02-19_180855jpg
2026-02-19 18:08:55.556 [TestNG-test-Yt Master Tests-1] INFO  [verifyingSideMenuLanguageAsInSettingsLingua] Clicking settings ellipses button...
2026-02-19 18:08:55.556 [TestNG-test-Yt Master Tests-1] INFO  [verifyingSideMenuLanguageAsInSettingsLingua] [verifyingSideMenuLanguageAsInSettingsLingua] Trying to find element: By.xpath: //ytd-topbar-menu-button-renderer[@class='style-scope ytd-masthead style-default']
2026-02-19 18:08:55.584 [TestNG-test-Yt Master Tests-1] INFO  [verifyingSideMenuLanguageAsInSettingsLingua] [verifyingSideMenuLanguageAsInSettingsLingua] Element found and ready (attempt 1): By.xpath: //ytd-topbar-menu-button-renderer[@class='style-scope ytd-masthead style-default']
2026-02-19 18:08:57.641 [TestNG-test-Yt Master Tests-1] INFO  [verifyingSideMenuLanguageAsInSettingsLingua] Fetching the side menu in expanded view
2026-02-19 18:08:57.641 [TestNG-test-Yt Master Tests-1] INFO  [verifyingSideMenuLanguageAsInSettingsLingua] [verifyingSideMenuLanguageAsInSettingsLingua] Finding elements list: By.xpath: //ytd-guide-entry-renderer[@class='style-scope ytd-guide-section-renderer']
2026-02-19 18:08:57.887 [TestNG-test-Yt Master Tests-1] INFO  [verifyingSideMenuLanguageAsInSettingsLingua] [verifyingSideMenuLanguageAsInSettingsLingua] Found 16 ready elements (attempt 1): By.xpath: //ytd-guide-entry-renderer[@class='style-scope ytd-guide-section-renderer']
2026-02-19 18:08:58.278 [TestNG-test-Yt Master Tests-1] INFO  [verifyingSideMenuLanguageAsInSettingsLingua] 
========== LANGUAGE DETECTION ==========
Detected Language : GERMAN
Input Text        : Startseite Shorts Abos Mein YouTube Verlauf Musik Filme & Shows Live YouTube Premium YouTube TV YouTube Music YouTube Kids Einstellungen Meldeverlauf Hilfe Feedback senden
========================================
2026-02-19 18:08:58.279 [TestNG-test-Yt Master Tests-1] INFO  [verifyingSideMenuLanguageAsInSettingsLingua] getLangAttribute() - locating <html> and reading lang property
2026-02-19 18:08:58.293 [TestNG-test-Yt Master Tests-1] INFO  [verifyingSideMenuLanguageAsInSettingsLingua] Language attribute read: de-DE
2026-02-19 18:08:58.293 [TestNG-test-Yt Master Tests-1] INFO  [verifyingSideMenuLanguageAsInSettingsLingua] [verifyingSideMenuLanguageAsInSettingsLingua] ApplicableLanguage==  Deutsch     Detected Language ==  GERMAN  Expected Language == GERMAN
2026-02-19 18:08:58.293 [TestNG-test-Yt Master Tests-1] INFO  [verifyingSideMenuLanguageAsInSettingsLingua] Clicking settings ellipses button...
2026-02-19 18:08:58.293 [TestNG-test-Yt Master Tests-1] INFO  [verifyingSideMenuLanguageAsInSettingsLingua] [verifyingSideMenuLanguageAsInSettingsLingua] Trying to find element: By.xpath: //ytd-topbar-menu-button-renderer[@class='style-scope ytd-masthead style-default']
2026-02-19 18:08:58.313 [TestNG-test-Yt Master Tests-1] INFO  [verifyingSideMenuLanguageAsInSettingsLingua] [verifyingSideMenuLanguageAsInSettingsLingua] Element found and ready (attempt 1): By.xpath: //ytd-topbar-menu-button-renderer[@class='style-scope ytd-masthead style-default']
2026-02-19 18:09:00.378 [TestNG-test-Yt Master Tests-1] INFO  [verifyingSideMenuLanguageAsInSettingsLingua] Clicking language dropdown...
2026-02-19 18:09:00.378 [TestNG-test-Yt Master Tests-1] INFO  [verifyingSideMenuLanguageAsInSettingsLingua] [verifyingSideMenuLanguageAsInSettingsLingua] Trying to find element: By.xpath: (//div[@id='content-icon'])[2]
2026-02-19 18:09:00.399 [TestNG-test-Yt Master Tests-1] INFO  [verifyingSideMenuLanguageAsInSettingsLingua] [verifyingSideMenuLanguageAsInSettingsLingua] Element found and ready (attempt 1): By.xpath: (//div[@id='content-icon'])[2]
2026-02-19 18:09:03.883 [TestNG-test-Yt Master Tests-1] INFO  [verifyingSideMenuLanguageAsInSettingsLingua] Looking for language element with name: Eesti
2026-02-19 18:09:03.883 [TestNG-test-Yt Master Tests-1] INFO  [verifyingSideMenuLanguageAsInSettingsLingua] [verifyingSideMenuLanguageAsInSettingsLingua] Trying to find element: By.xpath: //yt-multi-page-menu-section-renderer[@class='style-scope ytd-multi-page-menu-renderer']//yt-formatted-string[@id='label' and text()='Eesti']
2026-02-19 18:09:03.907 [TestNG-test-Yt Master Tests-1] INFO  [verifyingSideMenuLanguageAsInSettingsLingua] [verifyingSideMenuLanguageAsInSettingsLingua] Element found and ready (attempt 1): By.xpath: //yt-multi-page-menu-section-renderer[@class='style-scope ytd-multi-page-menu-renderer']//yt-formatted-string[@id='label' and text()='Eesti']
2026-02-19 18:09:05.308 [TestNG-test-Yt Master Tests-1] INFO  [verifyingSideMenuLanguageAsInSettingsLingua] Clicking settings ellipses button...
2026-02-19 18:09:05.308 [TestNG-test-Yt Master Tests-1] INFO  [verifyingSideMenuLanguageAsInSettingsLingua] [verifyingSideMenuLanguageAsInSettingsLingua] Trying to find element: By.xpath: //ytd-topbar-menu-button-renderer[@class='style-scope ytd-masthead style-default']
2026-02-19 18:09:05.690 [TestNG-test-Yt Master Tests-1] INFO  [verifyingSideMenuLanguageAsInSettingsLingua] [verifyingSideMenuLanguageAsInSettingsLingua] Element found and ready (attempt 1): By.xpath: //ytd-topbar-menu-button-renderer[@class='style-scope ytd-masthead style-default']
2026-02-19 18:09:05.801 [TestNG-test-Yt Master Tests-1] INFO  [verifyingSideMenuLanguageAsInSettingsLingua] Looking for language element with name: Eesti
2026-02-19 18:09:05.801 [TestNG-test-Yt Master Tests-1] INFO  [verifyingSideMenuLanguageAsInSettingsLingua] [verifyingSideMenuLanguageAsInSettingsLingua] Waiting until element is visible in viewport
2026-02-19 18:09:16.067 [TestNG-test-Yt Master Tests-1] INFO  [verifyingSideMenuLanguageAsInSettingsLingua] [verifyingSideMenuLanguageAsInSettingsLingua] Capturing screenshot: Filter Applied is Eesti__2026-02-19_180916jpg
2026-02-19 18:09:16.374 [TestNG-test-Yt Master Tests-1] INFO  [verifyingSideMenuLanguageAsInSettingsLingua] [verifyingSideMenuLanguageAsInSettingsLingua] Screenshot saved at: test-output/screenshots/Run_2026-02-19_17-49-56/verifyingSideMenuLanguageAsInSettingsLingua/Filter Applied is Eesti__2026-02-19_180916jpg
2026-02-19 18:09:16.374 [TestNG-test-Yt Master Tests-1] INFO  [verifyingSideMenuLanguageAsInSettingsLingua] Clicking settings ellipses button...
2026-02-19 18:09:16.374 [TestNG-test-Yt Master Tests-1] INFO  [verifyingSideMenuLanguageAsInSettingsLingua] [verifyingSideMenuLanguageAsInSettingsLingua] Trying to find element: By.xpath: //ytd-topbar-menu-button-renderer[@class='style-scope ytd-masthead style-default']
2026-02-19 18:09:16.396 [TestNG-test-Yt Master Tests-1] INFO  [verifyingSideMenuLanguageAsInSettingsLingua] [verifyingSideMenuLanguageAsInSettingsLingua] Element found and ready (attempt 1): By.xpath: //ytd-topbar-menu-button-renderer[@class='style-scope ytd-masthead style-default']
2026-02-19 18:09:18.452 [TestNG-test-Yt Master Tests-1] INFO  [verifyingSideMenuLanguageAsInSettingsLingua] Fetching the side menu in expanded view
2026-02-19 18:09:18.452 [TestNG-test-Yt Master Tests-1] INFO  [verifyingSideMenuLanguageAsInSettingsLingua] [verifyingSideMenuLanguageAsInSettingsLingua] Finding elements list: By.xpath: //ytd-guide-entry-renderer[@class='style-scope ytd-guide-section-renderer']
2026-02-19 18:09:18.644 [TestNG-test-Yt Master Tests-1] INFO  [verifyingSideMenuLanguageAsInSettingsLingua] [verifyingSideMenuLanguageAsInSettingsLingua] Found 16 ready elements (attempt 1): By.xpath: //ytd-guide-entry-renderer[@class='style-scope ytd-guide-section-renderer']
2026-02-19 18:09:18.943 [TestNG-test-Yt Master Tests-1] INFO  [verifyingSideMenuLanguageAsInSettingsLingua] 
========== LANGUAGE DETECTION ==========
Detected Language : ESTONIAN
Input Text        : Avaleht Shorts Tellimused Teie Ajalugu Muusika Filmid ja telesarjad Otse YouTube Premium YouTube TV YouTube Music YouTube Kids Seaded Teavituste ajalugu Abi Tagasiside saatmine
========================================
2026-02-19 18:09:18.944 [TestNG-test-Yt Master Tests-1] INFO  [verifyingSideMenuLanguageAsInSettingsLingua] getLangAttribute() - locating <html> and reading lang property
2026-02-19 18:09:18.954 [TestNG-test-Yt Master Tests-1] INFO  [verifyingSideMenuLanguageAsInSettingsLingua] Language attribute read: et-EE
2026-02-19 18:09:18.954 [TestNG-test-Yt Master Tests-1] INFO  [verifyingSideMenuLanguageAsInSettingsLingua] [verifyingSideMenuLanguageAsInSettingsLingua] ApplicableLanguage==  Eesti     Detected Language ==  ESTONIAN  Expected Language == ESTONIAN
2026-02-19 18:09:18.954 [TestNG-test-Yt Master Tests-1] INFO  [verifyingSideMenuLanguageAsInSettingsLingua] Clicking settings ellipses button...
2026-02-19 18:09:18.954 [TestNG-test-Yt Master Tests-1] INFO  [verifyingSideMenuLanguageAsInSettingsLingua] [verifyingSideMenuLanguageAsInSettingsLingua] Trying to find element: By.xpath: //ytd-topbar-menu-button-renderer[@class='style-scope ytd-masthead style-default']
2026-02-19 18:09:18.971 [TestNG-test-Yt Master Tests-1] INFO  [verifyingSideMenuLanguageAsInSettingsLingua] [verifyingSideMenuLanguageAsInSettingsLingua] Element found and ready (attempt 1): By.xpath: //ytd-topbar-menu-button-renderer[@class='style-scope ytd-masthead style-default']
2026-02-19 18:09:21.025 [TestNG-test-Yt Master Tests-1] INFO  [verifyingSideMenuLanguageAsInSettingsLingua] Clicking language dropdown...
2026-02-19 18:09:21.025 [TestNG-test-Yt Master Tests-1] INFO  [verifyingSideMenuLanguageAsInSettingsLingua] [verifyingSideMenuLanguageAsInSettingsLingua] Trying to find element: By.xpath: (//div[@id='content-icon'])[2]
2026-02-19 18:09:21.045 [TestNG-test-Yt Master Tests-1] INFO  [verifyingSideMenuLanguageAsInSettingsLingua] [verifyingSideMenuLanguageAsInSettingsLingua] Element found and ready (attempt 1): By.xpath: (//div[@id='content-icon'])[2]
2026-02-19 18:09:24.349 [TestNG-test-Yt Master Tests-1] INFO  [verifyingSideMenuLanguageAsInSettingsLingua] Looking for language element with name: English (India)
2026-02-19 18:09:24.349 [TestNG-test-Yt Master Tests-1] INFO  [verifyingSideMenuLanguageAsInSettingsLingua] [verifyingSideMenuLanguageAsInSettingsLingua] Trying to find element: By.xpath: //yt-multi-page-menu-section-renderer[@class='style-scope ytd-multi-page-menu-renderer']//yt-formatted-string[@id='label' and text()='English (India)']
2026-02-19 18:09:24.374 [TestNG-test-Yt Master Tests-1] INFO  [verifyingSideMenuLanguageAsInSettingsLingua] [verifyingSideMenuLanguageAsInSettingsLingua] Element found and ready (attempt 1): By.xpath: //yt-multi-page-menu-section-renderer[@class='style-scope ytd-multi-page-menu-renderer']//yt-formatted-string[@id='label' and text()='English (India)']
2026-02-19 18:09:25.973 [TestNG-test-Yt Master Tests-1] INFO  [verifyingSideMenuLanguageAsInSettingsLingua] Clicking settings ellipses button...
2026-02-19 18:09:25.974 [TestNG-test-Yt Master Tests-1] INFO  [verifyingSideMenuLanguageAsInSettingsLingua] [verifyingSideMenuLanguageAsInSettingsLingua] Trying to find element: By.xpath: //ytd-topbar-menu-button-renderer[@class='style-scope ytd-masthead style-default']
2026-02-19 18:09:26.285 [TestNG-test-Yt Master Tests-1] INFO  [verifyingSideMenuLanguageAsInSettingsLingua] [verifyingSideMenuLanguageAsInSettingsLingua] Element found and ready (attempt 1): By.xpath: //ytd-topbar-menu-button-renderer[@class='style-scope ytd-masthead style-default']
2026-02-19 18:09:26.491 [TestNG-test-Yt Master Tests-1] INFO  [verifyingSideMenuLanguageAsInSettingsLingua] Looking for language element with name: English (India)
2026-02-19 18:09:26.491 [TestNG-test-Yt Master Tests-1] INFO  [verifyingSideMenuLanguageAsInSettingsLingua] [verifyingSideMenuLanguageAsInSettingsLingua] Waiting until element is visible in viewport
2026-02-19 18:09:36.672 [TestNG-test-Yt Master Tests-1] INFO  [verifyingSideMenuLanguageAsInSettingsLingua] [verifyingSideMenuLanguageAsInSettingsLingua] Capturing screenshot: Filter Applied is English (India)__2026-02-19_180936jpg
2026-02-19 18:09:36.987 [TestNG-test-Yt Master Tests-1] INFO  [verifyingSideMenuLanguageAsInSettingsLingua] [verifyingSideMenuLanguageAsInSettingsLingua] Screenshot saved at: test-output/screenshots/Run_2026-02-19_17-49-56/verifyingSideMenuLanguageAsInSettingsLingua/Filter Applied is English (India)__2026-02-19_180936jpg
2026-02-19 18:09:36.987 [TestNG-test-Yt Master Tests-1] INFO  [verifyingSideMenuLanguageAsInSettingsLingua] Clicking settings ellipses button...
2026-02-19 18:09:36.987 [TestNG-test-Yt Master Tests-1] INFO  [verifyingSideMenuLanguageAsInSettingsLingua] [verifyingSideMenuLanguageAsInSettingsLingua] Trying to find element: By.xpath: //ytd-topbar-menu-button-renderer[@class='style-scope ytd-masthead style-default']
2026-02-19 18:09:37.012 [TestNG-test-Yt Master Tests-1] INFO  [verifyingSideMenuLanguageAsInSettingsLingua] [verifyingSideMenuLanguageAsInSettingsLingua] Element found and ready (attempt 1): By.xpath: //ytd-topbar-menu-button-renderer[@class='style-scope ytd-masthead style-default']
2026-02-19 18:09:39.109 [TestNG-test-Yt Master Tests-1] INFO  [verifyingSideMenuLanguageAsInSettingsLingua] Fetching the side menu in expanded view
2026-02-19 18:09:39.109 [TestNG-test-Yt Master Tests-1] INFO  [verifyingSideMenuLanguageAsInSettingsLingua] [verifyingSideMenuLanguageAsInSettingsLingua] Finding elements list: By.xpath: //ytd-guide-entry-renderer[@class='style-scope ytd-guide-section-renderer']
2026-02-19 18:09:39.304 [TestNG-test-Yt Master Tests-1] INFO  [verifyingSideMenuLanguageAsInSettingsLingua] [verifyingSideMenuLanguageAsInSettingsLingua] Found 16 ready elements (attempt 1): By.xpath: //ytd-guide-entry-renderer[@class='style-scope ytd-guide-section-renderer']
2026-02-19 18:09:39.802 [TestNG-test-Yt Master Tests-1] INFO  [verifyingSideMenuLanguageAsInSettingsLingua] 
========== LANGUAGE DETECTION ==========
Detected Language : ENGLISH
Input Text        : Home Shorts Subscriptions You History Shopping Music Movies & TV YouTube Premium YouTube TV YouTube Music YouTube Kids Settings Report history Help Send feedback
========================================
2026-02-19 18:09:39.802 [TestNG-test-Yt Master Tests-1] INFO  [verifyingSideMenuLanguageAsInSettingsLingua] getLangAttribute() - locating <html> and reading lang property
2026-02-19 18:09:39.814 [TestNG-test-Yt Master Tests-1] INFO  [verifyingSideMenuLanguageAsInSettingsLingua] Language attribute read: en-IN
2026-02-19 18:09:39.814 [TestNG-test-Yt Master Tests-1] INFO  [verifyingSideMenuLanguageAsInSettingsLingua] [verifyingSideMenuLanguageAsInSettingsLingua] ApplicableLanguage==  English (India)     Detected Language ==  ENGLISH  Expected Language == ENGLISH
2026-02-19 18:09:39.815 [TestNG-test-Yt Master Tests-1] INFO  [verifyingSideMenuLanguageAsInSettingsLingua] Clicking settings ellipses button...
2026-02-19 18:09:39.815 [TestNG-test-Yt Master Tests-1] INFO  [verifyingSideMenuLanguageAsInSettingsLingua] [verifyingSideMenuLanguageAsInSettingsLingua] Trying to find element: By.xpath: //ytd-topbar-menu-button-renderer[@class='style-scope ytd-masthead style-default']
2026-02-19 18:09:39.834 [TestNG-test-Yt Master Tests-1] INFO  [verifyingSideMenuLanguageAsInSettingsLingua] [verifyingSideMenuLanguageAsInSettingsLingua] Element found and ready (attempt 1): By.xpath: //ytd-topbar-menu-button-renderer[@class='style-scope ytd-masthead style-default']
2026-02-19 18:09:41.891 [TestNG-test-Yt Master Tests-1] INFO  [verifyingSideMenuLanguageAsInSettingsLingua] Clicking language dropdown...
2026-02-19 18:09:41.891 [TestNG-test-Yt Master Tests-1] INFO  [verifyingSideMenuLanguageAsInSettingsLingua] [verifyingSideMenuLanguageAsInSettingsLingua] Trying to find element: By.xpath: (//div[@id='content-icon'])[2]
2026-02-19 18:09:41.914 [TestNG-test-Yt Master Tests-1] INFO  [verifyingSideMenuLanguageAsInSettingsLingua] [verifyingSideMenuLanguageAsInSettingsLingua] Element found and ready (attempt 1): By.xpath: (//div[@id='content-icon'])[2]
2026-02-19 18:09:44.325 [TestNG-test-Yt Master Tests-1] INFO  [verifyingSideMenuLanguageAsInSettingsLingua] [verifyingSideMenuLanguageAsInSettingsLingua] Not retrying test 'verifyingSideMenuLanguageAsInSettingsLingua'. Retry count: 0, Cause: The following asserts failed:
	Page title mismatch for language=Bosanski expected [CROATIAN] but found [BOSNIAN]
2026-02-19 18:09:44.327 [TestNG-test-Yt Master Tests-1] ERROR [verifyingSideMenuLanguageAsInSettingsLingua] Test FAILED: verifyingSideMenuLanguageAsInSettingsLingua - java.lang.AssertionError: The following asserts failed:
	Page title mismatch for language=Bosanski expected [CROATIAN] but found [BOSNIAN]
2026-02-19 18:09:44.327 [TestNG-test-Yt Master Tests-1] INFO  [verifyingSideMenuLanguageAsInSettingsLingua] Closing WebDriver for thread: 34
2026-02-19 18:09:44.653 [TestNG-test-Yt Master Tests-1] INFO  [verifyingSideMenuLanguageAsInSettingsLingua] WebDriver instance removed from ThreadLocal for thread: 34
2026-02-19 18:09:44.653 [TestNG-test-Yt Master Tests-1] INFO  [verifyingSideMenuLanguageAsInSettingsLingua] Driver closed for test: verifyingSideMenuLanguageAsInSettingsLingua
