2026-02-19 17:54:24.143 [TestNG-test-Yt Master Tests-1] INFO  [verifyingGlobalFilterLandingPageLingua] ===== STARTING TEST: verifyingGlobalFilterLandingPageLingua  | Thread: 34 =====
2026-02-19 17:54:24.146 [TestNG-test-Yt Master Tests-1] INFO  [verifyingGlobalFilterLandingPageLingua] No existing WebDriver found for current thread. Initializing a new ChromeDriver...
2026-02-19 17:54:24.299 [TestNG-test-Yt Master Tests-1] INFO  [verifyingGlobalFilterLandingPageLingua] WebDriverManager: chromedriver setup OK
2026-02-19 17:54:26.007 [TestNG-test-Yt Master Tests-1] INFO  [verifyingGlobalFilterLandingPageLingua] ChromeDriver initialized successfully for thread: 34
2026-02-19 17:54:26.009 [TestNG-test-Yt Master Tests-1] INFO  [verifyingGlobalFilterLandingPageLingua] Driver initialized successfully for test: verifyingGlobalFilterLandingPageLingua
2026-02-19 17:54:26.010 [TestNG-test-Yt Master Tests-1] INFO  [verifyingGlobalFilterLandingPageLingua] SafeActions initialized with driver ChromeDriver: chrome on windows (34d0fb7109543704e48f566b417e08d7)
2026-02-19 17:54:26.010 [TestNG-test-Yt Master Tests-1] INFO  [verifyingGlobalFilterLandingPageLingua] SafeActions initialized with driver ChromeDriver: chrome on windows (34d0fb7109543704e48f566b417e08d7)
2026-02-19 17:54:26.010 [TestNG-test-Yt Master Tests-1] INFO  [verifyingGlobalFilterLandingPageLingua] Initialized YtLandingPage with driver: ChromeDriver: chrome on windows (34d0fb7109543704e48f566b417e08d7)
2026-02-19 17:54:28.276 [TestNG-test-Yt Master Tests-1] INFO  [verifyingGlobalFilterLandingPageLingua] Opened YouTube landing page.
2026-02-19 17:54:28.276 [TestNG-test-Yt Master Tests-1] INFO  [verifyingGlobalFilterLandingPageLingua] Giving input into the search bar with input as  = youtube
2026-02-19 17:54:28.276 [TestNG-test-Yt Master Tests-1] INFO  [verifyingGlobalFilterLandingPageLingua] [verifyingGlobalFilterLandingPageLingua] Trying to click element: By.xpath: //input[@class='ytSearchboxComponentInput yt-searchbox-input title']
2026-02-19 17:54:28.966 [TestNG-test-Yt Master Tests-1] INFO  [verifyingGlobalFilterLandingPageLingua] [verifyingGlobalFilterLandingPageLingua] Clicked successfully (attempt 1): By.xpath: //input[@class='ytSearchboxComponentInput yt-searchbox-input title']
2026-02-19 17:54:29.217 [TestNG-test-Yt Master Tests-1] INFO  [verifyingGlobalFilterLandingPageLingua] [verifyingGlobalFilterLandingPageLingua] Trying to find element: By.xpath: //input[@class='ytSearchboxComponentInput yt-searchbox-input title']
2026-02-19 17:54:29.446 [TestNG-test-Yt Master Tests-1] INFO  [verifyingGlobalFilterLandingPageLingua] [verifyingGlobalFilterLandingPageLingua] Element found and ready (attempt 1): By.xpath: //input[@class='ytSearchboxComponentInput yt-searchbox-input title']
2026-02-19 17:54:29.544 [TestNG-test-Yt Master Tests-1] INFO  [verifyingGlobalFilterLandingPageLingua] clickEnter(By.xpath: //input[@class='ytSearchboxComponentInput yt-searchbox-input title'])
2026-02-19 17:54:29.545 [TestNG-test-Yt Master Tests-1] INFO  [verifyingGlobalFilterLandingPageLingua] [verifyingGlobalFilterLandingPageLingua] Trying to find element: By.xpath: //input[@class='ytSearchboxComponentInput yt-searchbox-input title']
2026-02-19 17:54:29.580 [TestNG-test-Yt Master Tests-1] INFO  [verifyingGlobalFilterLandingPageLingua] [verifyingGlobalFilterLandingPageLingua] Element found and ready (attempt 1): By.xpath: //input[@class='ytSearchboxComponentInput yt-searchbox-input title']
2026-02-19 17:54:29.751 [TestNG-test-Yt Master Tests-1] INFO  [verifyingGlobalFilterLandingPageLingua] Sent ENTER to By.xpath: //input[@class='ytSearchboxComponentInput yt-searchbox-input title']
2026-02-19 17:54:29.751 [TestNG-test-Yt Master Tests-1] INFO  [verifyingGlobalFilterLandingPageLingua] [verifyingGlobalFilterLandingPageLingua] Execution is Not CRON Job Hence refering to normal keys from UtilData
2026-02-19 17:54:29.758 [TestNG-test-Yt Master Tests-1] INFO  [verifyingGlobalFilterLandingPageLingua] Clicking settings ellipses button...
2026-02-19 17:54:29.758 [TestNG-test-Yt Master Tests-1] INFO  [verifyingGlobalFilterLandingPageLingua] [verifyingGlobalFilterLandingPageLingua] Trying to find element: By.xpath: //ytd-topbar-menu-button-renderer[@class='style-scope ytd-masthead style-default']
2026-02-19 17:54:29.963 [TestNG-test-Yt Master Tests-1] INFO  [verifyingGlobalFilterLandingPageLingua] [verifyingGlobalFilterLandingPageLingua] Element found and ready (attempt 1): By.xpath: //ytd-topbar-menu-button-renderer[@class='style-scope ytd-masthead style-default']
2026-02-19 17:54:32.112 [TestNG-test-Yt Master Tests-1] INFO  [verifyingGlobalFilterLandingPageLingua] Clicking language dropdown...
2026-02-19 17:54:32.112 [TestNG-test-Yt Master Tests-1] INFO  [verifyingGlobalFilterLandingPageLingua] [verifyingGlobalFilterLandingPageLingua] Trying to find element: By.xpath: (//div[@id='content-icon'])[2]
2026-02-19 17:54:32.270 [TestNG-test-Yt Master Tests-1] INFO  [verifyingGlobalFilterLandingPageLingua] [verifyingGlobalFilterLandingPageLingua] Element found and ready (attempt 1): By.xpath: (//div[@id='content-icon'])[2]
2026-02-19 17:54:35.599 [TestNG-test-Yt Master Tests-1] INFO  [verifyingGlobalFilterLandingPageLingua] Looking for language element with name: Afrikaans
2026-02-19 17:54:35.599 [TestNG-test-Yt Master Tests-1] INFO  [verifyingGlobalFilterLandingPageLingua] [verifyingGlobalFilterLandingPageLingua] Trying to find element: By.xpath: //yt-multi-page-menu-section-renderer[@class='style-scope ytd-multi-page-menu-renderer']//yt-formatted-string[@id='label' and text()='Afrikaans']
2026-02-19 17:54:35.633 [TestNG-test-Yt Master Tests-1] INFO  [verifyingGlobalFilterLandingPageLingua] [verifyingGlobalFilterLandingPageLingua] Element found and ready (attempt 1): By.xpath: //yt-multi-page-menu-section-renderer[@class='style-scope ytd-multi-page-menu-renderer']//yt-formatted-string[@id='label' and text()='Afrikaans']
2026-02-19 17:54:39.740 [TestNG-test-Yt Master Tests-1] INFO  [verifyingGlobalFilterLandingPageLingua] Clicking settings ellipses button...
2026-02-19 17:54:39.740 [TestNG-test-Yt Master Tests-1] INFO  [verifyingGlobalFilterLandingPageLingua] [verifyingGlobalFilterLandingPageLingua] Trying to find element: By.xpath: //ytd-topbar-menu-button-renderer[@class='style-scope ytd-masthead style-default']
2026-02-19 17:54:40.210 [TestNG-test-Yt Master Tests-1] INFO  [verifyingGlobalFilterLandingPageLingua] [verifyingGlobalFilterLandingPageLingua] Element found and ready (attempt 1): By.xpath: //ytd-topbar-menu-button-renderer[@class='style-scope ytd-masthead style-default']
2026-02-19 17:54:40.463 [TestNG-test-Yt Master Tests-1] INFO  [verifyingGlobalFilterLandingPageLingua] Looking for language element with name: Afrikaans
2026-02-19 17:54:40.464 [TestNG-test-Yt Master Tests-1] INFO  [verifyingGlobalFilterLandingPageLingua] [verifyingGlobalFilterLandingPageLingua] Waiting until element is visible in viewport
2026-02-19 17:54:50.800 [TestNG-test-Yt Master Tests-1] INFO  [verifyingGlobalFilterLandingPageLingua] [verifyingGlobalFilterLandingPageLingua] Capturing screenshot: Filter Applied is Afrikaans__2026-02-19_175450jpg
2026-02-19 17:54:51.262 [TestNG-test-Yt Master Tests-1] INFO  [verifyingGlobalFilterLandingPageLingua] [verifyingGlobalFilterLandingPageLingua] Screenshot saved at: test-output/screenshots/Run_2026-02-19_17-49-56/verifyingGlobalFilterLandingPageLingua/Filter Applied is Afrikaans__2026-02-19_175450jpg
2026-02-19 17:54:51.262 [TestNG-test-Yt Master Tests-1] INFO  [verifyingGlobalFilterLandingPageLingua] Clicking settings ellipses button...
2026-02-19 17:54:51.262 [TestNG-test-Yt Master Tests-1] INFO  [verifyingGlobalFilterLandingPageLingua] [verifyingGlobalFilterLandingPageLingua] Trying to find element: By.xpath: //ytd-topbar-menu-button-renderer[@class='style-scope ytd-masthead style-default']
2026-02-19 17:54:51.284 [TestNG-test-Yt Master Tests-1] INFO  [verifyingGlobalFilterLandingPageLingua] [verifyingGlobalFilterLandingPageLingua] Element found and ready (attempt 1): By.xpath: //ytd-topbar-menu-button-renderer[@class='style-scope ytd-masthead style-default']
2026-02-19 17:54:53.340 [TestNG-test-Yt Master Tests-1] INFO  [verifyingGlobalFilterLandingPageLingua] Clicking on global filter button in landing page..
2026-02-19 17:54:53.340 [TestNG-test-Yt Master Tests-1] INFO  [verifyingGlobalFilterLandingPageLingua] [verifyingGlobalFilterLandingPageLingua] Trying to click element: By.xpath: //div[@id='filter-button']
2026-02-19 17:54:54.055 [TestNG-test-Yt Master Tests-1] INFO  [verifyingGlobalFilterLandingPageLingua] [verifyingGlobalFilterLandingPageLingua] Clicked successfully (attempt 1): By.xpath: //div[@id='filter-button']
2026-02-19 17:54:54.307 [TestNG-test-Yt Master Tests-1] INFO  [verifyingGlobalFilterLandingPageLingua] [verifyingGlobalFilterLandingPageLingua] Waiting until element is visible in viewport
2026-02-19 17:54:54.362 [TestNG-test-Yt Master Tests-1] INFO  [verifyingGlobalFilterLandingPageLingua] [verifyingGlobalFilterLandingPageLingua] Capturing screenshot: Filter Applied is Afrikaans__2026-02-19_175454jpg
2026-02-19 17:54:54.791 [TestNG-test-Yt Master Tests-1] INFO  [verifyingGlobalFilterLandingPageLingua] [verifyingGlobalFilterLandingPageLingua] Screenshot saved at: test-output/screenshots/Run_2026-02-19_17-49-56/verifyingGlobalFilterLandingPageLingua/Filter Applied is Afrikaans__2026-02-19_175454jpg
2026-02-19 17:54:54.791 [TestNG-test-Yt Master Tests-1] INFO  [verifyingGlobalFilterLandingPageLingua] Fetching the data from the global filter in landing page
2026-02-19 17:54:54.791 [TestNG-test-Yt Master Tests-1] INFO  [verifyingGlobalFilterLandingPageLingua] [verifyingGlobalFilterLandingPageLingua] Trying to find element: By.xpath: //ytd-search-filter-options-dialog-renderer[@class='style-scope ytd-popup-container']
2026-02-19 17:54:54.816 [TestNG-test-Yt Master Tests-1] INFO  [verifyingGlobalFilterLandingPageLingua] [verifyingGlobalFilterLandingPageLingua] Element found and ready (attempt 1): By.xpath: //ytd-search-filter-options-dialog-renderer[@class='style-scope ytd-popup-container']
2026-02-19 17:54:54.845 [TestNG-test-Yt Master Tests-1] INFO  [verifyingGlobalFilterLandingPageLingua] Closing the global filter pop-up in landing page..
2026-02-19 17:54:54.845 [TestNG-test-Yt Master Tests-1] INFO  [verifyingGlobalFilterLandingPageLingua] [verifyingGlobalFilterLandingPageLingua] Trying to find element: By.xpath: //yt-icon[@icon='close']
2026-02-19 17:54:54.868 [TestNG-test-Yt Master Tests-1] INFO  [verifyingGlobalFilterLandingPageLingua] [verifyingGlobalFilterLandingPageLingua] Element found and ready (attempt 1): By.xpath: //yt-icon[@icon='close']
2026-02-19 17:54:55.487 [TestNG-test-Yt Master Tests-1] INFO  [verifyingGlobalFilterLandingPageLingua] 
========== LANGUAGE DETECTION ==========
Detected Language : AFRIKAANS
Input Text        : Soekfilters
TIPE
Video’s
Kortvideo’s
Kanale
Snitlyste
Flieks
TYDSDUUR
Korter as 3 minute
3-20 minute
Langer as 20 minute
OPLAAIDATUM
Vandag
Vandeesweek
Vandeesmaand
Hierdie jaar
KENMERKE
Regstreeks
4K
HD
Onderskrifte
Creative Commons
360°
VR180
3D
HDR
Ligging
Gekoop
PRIORITISEER
Relevansie
Gewildheid
========================================
2026-02-19 17:54:55.489 [TestNG-test-Yt Master Tests-1] INFO  [verifyingGlobalFilterLandingPageLingua] getLangAttribute() - locating <html> and reading lang property
2026-02-19 17:54:55.508 [TestNG-test-Yt Master Tests-1] INFO  [verifyingGlobalFilterLandingPageLingua] Language attribute read: af-ZA
2026-02-19 17:54:55.509 [TestNG-test-Yt Master Tests-1] INFO  [verifyingGlobalFilterLandingPageLingua] Clicking settings ellipses button...
2026-02-19 17:54:55.509 [TestNG-test-Yt Master Tests-1] INFO  [verifyingGlobalFilterLandingPageLingua] [verifyingGlobalFilterLandingPageLingua] Trying to find element: By.xpath: //ytd-topbar-menu-button-renderer[@class='style-scope ytd-masthead style-default']
2026-02-19 17:54:55.529 [TestNG-test-Yt Master Tests-1] INFO  [verifyingGlobalFilterLandingPageLingua] [verifyingGlobalFilterLandingPageLingua] Element found and ready (attempt 1): By.xpath: //ytd-topbar-menu-button-renderer[@class='style-scope ytd-masthead style-default']
2026-02-19 17:54:57.599 [TestNG-test-Yt Master Tests-1] INFO  [verifyingGlobalFilterLandingPageLingua] Clicking language dropdown...
2026-02-19 17:54:57.599 [TestNG-test-Yt Master Tests-1] INFO  [verifyingGlobalFilterLandingPageLingua] [verifyingGlobalFilterLandingPageLingua] Trying to find element: By.xpath: (//div[@id='content-icon'])[2]
2026-02-19 17:54:57.624 [TestNG-test-Yt Master Tests-1] INFO  [verifyingGlobalFilterLandingPageLingua] [verifyingGlobalFilterLandingPageLingua] Element found and ready (attempt 1): By.xpath: (//div[@id='content-icon'])[2]
2026-02-19 17:55:00.918 [TestNG-test-Yt Master Tests-1] INFO  [verifyingGlobalFilterLandingPageLingua] Looking for language element with name: Azərbaycan
2026-02-19 17:55:00.918 [TestNG-test-Yt Master Tests-1] INFO  [verifyingGlobalFilterLandingPageLingua] [verifyingGlobalFilterLandingPageLingua] Trying to find element: By.xpath: //yt-multi-page-menu-section-renderer[@class='style-scope ytd-multi-page-menu-renderer']//yt-formatted-string[@id='label' and text()='Azərbaycan']
2026-02-19 17:55:00.948 [TestNG-test-Yt Master Tests-1] INFO  [verifyingGlobalFilterLandingPageLingua] [verifyingGlobalFilterLandingPageLingua] Element found and ready (attempt 1): By.xpath: //yt-multi-page-menu-section-renderer[@class='style-scope ytd-multi-page-menu-renderer']//yt-formatted-string[@id='label' and text()='Azərbaycan']
2026-02-19 17:55:03.699 [TestNG-test-Yt Master Tests-1] INFO  [verifyingGlobalFilterLandingPageLingua] Clicking settings ellipses button...
2026-02-19 17:55:03.700 [TestNG-test-Yt Master Tests-1] INFO  [verifyingGlobalFilterLandingPageLingua] [verifyingGlobalFilterLandingPageLingua] Trying to find element: By.xpath: //ytd-topbar-menu-button-renderer[@class='style-scope ytd-masthead style-default']
2026-02-19 17:55:05.213 [TestNG-test-Yt Master Tests-1] INFO  [verifyingGlobalFilterLandingPageLingua] [verifyingGlobalFilterLandingPageLingua] Element found and ready (attempt 1): By.xpath: //ytd-topbar-menu-button-renderer[@class='style-scope ytd-masthead style-default']
2026-02-19 17:55:05.555 [TestNG-test-Yt Master Tests-1] INFO  [verifyingGlobalFilterLandingPageLingua] Looking for language element with name: Azərbaycan
2026-02-19 17:55:05.556 [TestNG-test-Yt Master Tests-1] INFO  [verifyingGlobalFilterLandingPageLingua] [verifyingGlobalFilterLandingPageLingua] Waiting until element is visible in viewport
2026-02-19 17:55:15.963 [TestNG-test-Yt Master Tests-1] INFO  [verifyingGlobalFilterLandingPageLingua] [verifyingGlobalFilterLandingPageLingua] Capturing screenshot: Filter Applied is Azərbaycan__2026-02-19_175515jpg
2026-02-19 17:55:16.492 [TestNG-test-Yt Master Tests-1] INFO  [verifyingGlobalFilterLandingPageLingua] [verifyingGlobalFilterLandingPageLingua] Screenshot saved at: test-output/screenshots/Run_2026-02-19_17-49-56/verifyingGlobalFilterLandingPageLingua/Filter Applied is Azərbaycan__2026-02-19_175515jpg
2026-02-19 17:55:16.492 [TestNG-test-Yt Master Tests-1] INFO  [verifyingGlobalFilterLandingPageLingua] Clicking settings ellipses button...
2026-02-19 17:55:16.492 [TestNG-test-Yt Master Tests-1] INFO  [verifyingGlobalFilterLandingPageLingua] [verifyingGlobalFilterLandingPageLingua] Trying to find element: By.xpath: //ytd-topbar-menu-button-renderer[@class='style-scope ytd-masthead style-default']
2026-02-19 17:55:16.517 [TestNG-test-Yt Master Tests-1] INFO  [verifyingGlobalFilterLandingPageLingua] [verifyingGlobalFilterLandingPageLingua] Element found and ready (attempt 1): By.xpath: //ytd-topbar-menu-button-renderer[@class='style-scope ytd-masthead style-default']
2026-02-19 17:55:18.573 [TestNG-test-Yt Master Tests-1] INFO  [verifyingGlobalFilterLandingPageLingua] Clicking on global filter button in landing page..
2026-02-19 17:55:18.573 [TestNG-test-Yt Master Tests-1] INFO  [verifyingGlobalFilterLandingPageLingua] [verifyingGlobalFilterLandingPageLingua] Trying to click element: By.xpath: //div[@id='filter-button']
2026-02-19 17:55:18.764 [TestNG-test-Yt Master Tests-1] INFO  [verifyingGlobalFilterLandingPageLingua] [verifyingGlobalFilterLandingPageLingua] Clicked successfully (attempt 1): By.xpath: //div[@id='filter-button']
2026-02-19 17:55:19.015 [TestNG-test-Yt Master Tests-1] INFO  [verifyingGlobalFilterLandingPageLingua] [verifyingGlobalFilterLandingPageLingua] Waiting until element is visible in viewport
2026-02-19 17:55:19.042 [TestNG-test-Yt Master Tests-1] INFO  [verifyingGlobalFilterLandingPageLingua] [verifyingGlobalFilterLandingPageLingua] Capturing screenshot: Filter Applied is Azərbaycan__2026-02-19_175519jpg
2026-02-19 17:55:19.458 [TestNG-test-Yt Master Tests-1] INFO  [verifyingGlobalFilterLandingPageLingua] [verifyingGlobalFilterLandingPageLingua] Screenshot saved at: test-output/screenshots/Run_2026-02-19_17-49-56/verifyingGlobalFilterLandingPageLingua/Filter Applied is Azərbaycan__2026-02-19_175519jpg
2026-02-19 17:55:19.458 [TestNG-test-Yt Master Tests-1] INFO  [verifyingGlobalFilterLandingPageLingua] Fetching the data from the global filter in landing page
2026-02-19 17:55:19.458 [TestNG-test-Yt Master Tests-1] INFO  [verifyingGlobalFilterLandingPageLingua] [verifyingGlobalFilterLandingPageLingua] Trying to find element: By.xpath: //ytd-search-filter-options-dialog-renderer[@class='style-scope ytd-popup-container']
2026-02-19 17:55:19.481 [TestNG-test-Yt Master Tests-1] INFO  [verifyingGlobalFilterLandingPageLingua] [verifyingGlobalFilterLandingPageLingua] Element found and ready (attempt 1): By.xpath: //ytd-search-filter-options-dialog-renderer[@class='style-scope ytd-popup-container']
2026-02-19 17:55:19.508 [TestNG-test-Yt Master Tests-1] INFO  [verifyingGlobalFilterLandingPageLingua] Closing the global filter pop-up in landing page..
2026-02-19 17:55:19.509 [TestNG-test-Yt Master Tests-1] INFO  [verifyingGlobalFilterLandingPageLingua] [verifyingGlobalFilterLandingPageLingua] Trying to find element: By.xpath: //yt-icon[@icon='close']
2026-02-19 17:55:19.532 [TestNG-test-Yt Master Tests-1] INFO  [verifyingGlobalFilterLandingPageLingua] [verifyingGlobalFilterLandingPageLingua] Element found and ready (attempt 1): By.xpath: //yt-icon[@icon='close']
2026-02-19 17:55:19.622 [TestNG-test-Yt Master Tests-1] INFO  [verifyingGlobalFilterLandingPageLingua] 
========== LANGUAGE DETECTION ==========
Detected Language : AZERBAIJANI
Input Text        : Axtarış filtrləri
NÖV
Videolar
Shorts
Kanallar
Mahnı siyahıları
Filmlər
MÜDDƏT
3 dəqiqədən az
3 - 20 dəqiqə
20 dəqiqədən çox
YÜKLƏMƏ TARIXI
Bu gün
Bu həftə
Bu ay
Bu il
FUNKSIYALAR
Canlı
4K
HD
Altyazılar/gizli altyazılar
Creative Commons lisenziyalı
360°
VR180
3D
HDR
Məkan
Satın alınmış
PRIORITETLƏŞDIRIN
uyğunluq
Populyarlıq
========================================
2026-02-19 17:55:19.622 [TestNG-test-Yt Master Tests-1] INFO  [verifyingGlobalFilterLandingPageLingua] getLangAttribute() - locating <html> and reading lang property
2026-02-19 17:55:19.641 [TestNG-test-Yt Master Tests-1] INFO  [verifyingGlobalFilterLandingPageLingua] Language attribute read: az-Latn-AZ
2026-02-19 17:55:19.642 [TestNG-test-Yt Master Tests-1] INFO  [verifyingGlobalFilterLandingPageLingua] Clicking settings ellipses button...
2026-02-19 17:55:19.642 [TestNG-test-Yt Master Tests-1] INFO  [verifyingGlobalFilterLandingPageLingua] [verifyingGlobalFilterLandingPageLingua] Trying to find element: By.xpath: //ytd-topbar-menu-button-renderer[@class='style-scope ytd-masthead style-default']
2026-02-19 17:55:19.672 [TestNG-test-Yt Master Tests-1] INFO  [verifyingGlobalFilterLandingPageLingua] [verifyingGlobalFilterLandingPageLingua] Element found and ready (attempt 1): By.xpath: //ytd-topbar-menu-button-renderer[@class='style-scope ytd-masthead style-default']
2026-02-19 17:55:21.759 [TestNG-test-Yt Master Tests-1] INFO  [verifyingGlobalFilterLandingPageLingua] Clicking language dropdown...
2026-02-19 17:55:21.759 [TestNG-test-Yt Master Tests-1] INFO  [verifyingGlobalFilterLandingPageLingua] [verifyingGlobalFilterLandingPageLingua] Trying to find element: By.xpath: (//div[@id='content-icon'])[2]
2026-02-19 17:55:21.783 [TestNG-test-Yt Master Tests-1] INFO  [verifyingGlobalFilterLandingPageLingua] [verifyingGlobalFilterLandingPageLingua] Element found and ready (attempt 1): By.xpath: (//div[@id='content-icon'])[2]
2026-02-19 17:55:25.201 [TestNG-test-Yt Master Tests-1] INFO  [verifyingGlobalFilterLandingPageLingua] Looking for language element with name: Bahasa Indonesia
2026-02-19 17:55:25.201 [TestNG-test-Yt Master Tests-1] INFO  [verifyingGlobalFilterLandingPageLingua] [verifyingGlobalFilterLandingPageLingua] Trying to find element: By.xpath: //yt-multi-page-menu-section-renderer[@class='style-scope ytd-multi-page-menu-renderer']//yt-formatted-string[@id='label' and text()='Bahasa Indonesia']
2026-02-19 17:55:25.230 [TestNG-test-Yt Master Tests-1] INFO  [verifyingGlobalFilterLandingPageLingua] [verifyingGlobalFilterLandingPageLingua] Element found and ready (attempt 1): By.xpath: //yt-multi-page-menu-section-renderer[@class='style-scope ytd-multi-page-menu-renderer']//yt-formatted-string[@id='label' and text()='Bahasa Indonesia']
2026-02-19 17:55:27.428 [TestNG-test-Yt Master Tests-1] INFO  [verifyingGlobalFilterLandingPageLingua] Clicking settings ellipses button...
2026-02-19 17:55:27.428 [TestNG-test-Yt Master Tests-1] INFO  [verifyingGlobalFilterLandingPageLingua] [verifyingGlobalFilterLandingPageLingua] Trying to find element: By.xpath: //ytd-topbar-menu-button-renderer[@class='style-scope ytd-masthead style-default']
2026-02-19 17:55:28.717 [TestNG-test-Yt Master Tests-1] INFO  [verifyingGlobalFilterLandingPageLingua] [verifyingGlobalFilterLandingPageLingua] Element found and ready (attempt 1): By.xpath: //ytd-topbar-menu-button-renderer[@class='style-scope ytd-masthead style-default']
2026-02-19 17:55:29.262 [TestNG-test-Yt Master Tests-1] INFO  [verifyingGlobalFilterLandingPageLingua] Looking for language element with name: Bahasa Indonesia
2026-02-19 17:55:29.262 [TestNG-test-Yt Master Tests-1] INFO  [verifyingGlobalFilterLandingPageLingua] [verifyingGlobalFilterLandingPageLingua] Waiting until element is visible in viewport
2026-02-19 17:55:39.518 [TestNG-test-Yt Master Tests-1] INFO  [verifyingGlobalFilterLandingPageLingua] [verifyingGlobalFilterLandingPageLingua] Capturing screenshot: Filter Applied is Bahasa Indonesia__2026-02-19_175539jpg
2026-02-19 17:55:39.991 [TestNG-test-Yt Master Tests-1] INFO  [verifyingGlobalFilterLandingPageLingua] [verifyingGlobalFilterLandingPageLingua] Screenshot saved at: test-output/screenshots/Run_2026-02-19_17-49-56/verifyingGlobalFilterLandingPageLingua/Filter Applied is Bahasa Indonesia__2026-02-19_175539jpg
2026-02-19 17:55:39.992 [TestNG-test-Yt Master Tests-1] INFO  [verifyingGlobalFilterLandingPageLingua] Clicking settings ellipses button...
2026-02-19 17:55:39.992 [TestNG-test-Yt Master Tests-1] INFO  [verifyingGlobalFilterLandingPageLingua] [verifyingGlobalFilterLandingPageLingua] Trying to find element: By.xpath: //ytd-topbar-menu-button-renderer[@class='style-scope ytd-masthead style-default']
2026-02-19 17:55:40.014 [TestNG-test-Yt Master Tests-1] INFO  [verifyingGlobalFilterLandingPageLingua] [verifyingGlobalFilterLandingPageLingua] Element found and ready (attempt 1): By.xpath: //ytd-topbar-menu-button-renderer[@class='style-scope ytd-masthead style-default']
2026-02-19 17:55:42.071 [TestNG-test-Yt Master Tests-1] INFO  [verifyingGlobalFilterLandingPageLingua] Clicking on global filter button in landing page..
2026-02-19 17:55:42.071 [TestNG-test-Yt Master Tests-1] INFO  [verifyingGlobalFilterLandingPageLingua] [verifyingGlobalFilterLandingPageLingua] Trying to click element: By.xpath: //div[@id='filter-button']
2026-02-19 17:55:42.254 [TestNG-test-Yt Master Tests-1] INFO  [verifyingGlobalFilterLandingPageLingua] [verifyingGlobalFilterLandingPageLingua] Clicked successfully (attempt 1): By.xpath: //div[@id='filter-button']
2026-02-19 17:55:42.505 [TestNG-test-Yt Master Tests-1] INFO  [verifyingGlobalFilterLandingPageLingua] [verifyingGlobalFilterLandingPageLingua] Waiting until element is visible in viewport
2026-02-19 17:55:42.533 [TestNG-test-Yt Master Tests-1] INFO  [verifyingGlobalFilterLandingPageLingua] [verifyingGlobalFilterLandingPageLingua] Capturing screenshot: Filter Applied is Bahasa Indonesia__2026-02-19_175542jpg
2026-02-19 17:55:42.930 [TestNG-test-Yt Master Tests-1] INFO  [verifyingGlobalFilterLandingPageLingua] [verifyingGlobalFilterLandingPageLingua] Screenshot saved at: test-output/screenshots/Run_2026-02-19_17-49-56/verifyingGlobalFilterLandingPageLingua/Filter Applied is Bahasa Indonesia__2026-02-19_175542jpg
2026-02-19 17:55:42.931 [TestNG-test-Yt Master Tests-1] INFO  [verifyingGlobalFilterLandingPageLingua] Fetching the data from the global filter in landing page
2026-02-19 17:55:42.931 [TestNG-test-Yt Master Tests-1] INFO  [verifyingGlobalFilterLandingPageLingua] [verifyingGlobalFilterLandingPageLingua] Trying to find element: By.xpath: //ytd-search-filter-options-dialog-renderer[@class='style-scope ytd-popup-container']
2026-02-19 17:55:42.957 [TestNG-test-Yt Master Tests-1] INFO  [verifyingGlobalFilterLandingPageLingua] [verifyingGlobalFilterLandingPageLingua] Element found and ready (attempt 1): By.xpath: //ytd-search-filter-options-dialog-renderer[@class='style-scope ytd-popup-container']
2026-02-19 17:55:42.981 [TestNG-test-Yt Master Tests-1] INFO  [verifyingGlobalFilterLandingPageLingua] Closing the global filter pop-up in landing page..
2026-02-19 17:55:42.981 [TestNG-test-Yt Master Tests-1] INFO  [verifyingGlobalFilterLandingPageLingua] [verifyingGlobalFilterLandingPageLingua] Trying to find element: By.xpath: //yt-icon[@icon='close']
2026-02-19 17:55:43.003 [TestNG-test-Yt Master Tests-1] INFO  [verifyingGlobalFilterLandingPageLingua] [verifyingGlobalFilterLandingPageLingua] Element found and ready (attempt 1): By.xpath: //yt-icon[@icon='close']
2026-02-19 17:55:43.073 [TestNG-test-Yt Master Tests-1] INFO  [verifyingGlobalFilterLandingPageLingua] 
========== LANGUAGE DETECTION ==========
Detected Language : INDONESIAN
Input Text        : Filter penelusuran
JENIS
Video
Shorts
Channel
Playlist
Film
DURASI
Kurang dari 3 menit
3—20 menit
Lebih dari 20 menit
TANGGAL UPLOAD
Hari ini
Minggu ini
Bulan ini
Tahun ini
FITUR
Live
4K
HD
Subtitel/CC
Creative Commons
360°
VR180
3D
HDR
Lokasi
Dibeli
PRIORITASKAN
Relevansi
Popularitas
========================================
2026-02-19 17:55:43.074 [TestNG-test-Yt Master Tests-1] INFO  [verifyingGlobalFilterLandingPageLingua] getLangAttribute() - locating <html> and reading lang property
2026-02-19 17:55:43.090 [TestNG-test-Yt Master Tests-1] INFO  [verifyingGlobalFilterLandingPageLingua] Language attribute read: id-ID
2026-02-19 17:55:43.090 [TestNG-test-Yt Master Tests-1] INFO  [verifyingGlobalFilterLandingPageLingua] Clicking settings ellipses button...
2026-02-19 17:55:43.090 [TestNG-test-Yt Master Tests-1] INFO  [verifyingGlobalFilterLandingPageLingua] [verifyingGlobalFilterLandingPageLingua] Trying to find element: By.xpath: //ytd-topbar-menu-button-renderer[@class='style-scope ytd-masthead style-default']
2026-02-19 17:55:43.124 [TestNG-test-Yt Master Tests-1] INFO  [verifyingGlobalFilterLandingPageLingua] [verifyingGlobalFilterLandingPageLingua] Element found and ready (attempt 1): By.xpath: //ytd-topbar-menu-button-renderer[@class='style-scope ytd-masthead style-default']
2026-02-19 17:55:45.188 [TestNG-test-Yt Master Tests-1] INFO  [verifyingGlobalFilterLandingPageLingua] Clicking language dropdown...
2026-02-19 17:55:45.188 [TestNG-test-Yt Master Tests-1] INFO  [verifyingGlobalFilterLandingPageLingua] [verifyingGlobalFilterLandingPageLingua] Trying to find element: By.xpath: (//div[@id='content-icon'])[2]
2026-02-19 17:55:45.212 [TestNG-test-Yt Master Tests-1] INFO  [verifyingGlobalFilterLandingPageLingua] [verifyingGlobalFilterLandingPageLingua] Element found and ready (attempt 1): By.xpath: (//div[@id='content-icon'])[2]
2026-02-19 17:55:48.581 [TestNG-test-Yt Master Tests-1] INFO  [verifyingGlobalFilterLandingPageLingua] Looking for language element with name: Bosanski
2026-02-19 17:55:48.581 [TestNG-test-Yt Master Tests-1] INFO  [verifyingGlobalFilterLandingPageLingua] [verifyingGlobalFilterLandingPageLingua] Trying to find element: By.xpath: //yt-multi-page-menu-section-renderer[@class='style-scope ytd-multi-page-menu-renderer']//yt-formatted-string[@id='label' and text()='Bosanski']
2026-02-19 17:55:48.610 [TestNG-test-Yt Master Tests-1] INFO  [verifyingGlobalFilterLandingPageLingua] [verifyingGlobalFilterLandingPageLingua] Element found and ready (attempt 1): By.xpath: //yt-multi-page-menu-section-renderer[@class='style-scope ytd-multi-page-menu-renderer']//yt-formatted-string[@id='label' and text()='Bosanski']
2026-02-19 17:55:51.395 [TestNG-test-Yt Master Tests-1] INFO  [verifyingGlobalFilterLandingPageLingua] Clicking settings ellipses button...
2026-02-19 17:55:51.396 [TestNG-test-Yt Master Tests-1] INFO  [verifyingGlobalFilterLandingPageLingua] [verifyingGlobalFilterLandingPageLingua] Trying to find element: By.xpath: //ytd-topbar-menu-button-renderer[@class='style-scope ytd-masthead style-default']
2026-02-19 17:55:52.637 [TestNG-test-Yt Master Tests-1] INFO  [verifyingGlobalFilterLandingPageLingua] [verifyingGlobalFilterLandingPageLingua] Element found and ready (attempt 1): By.xpath: //ytd-topbar-menu-button-renderer[@class='style-scope ytd-masthead style-default']
2026-02-19 17:55:53.286 [TestNG-test-Yt Master Tests-1] INFO  [verifyingGlobalFilterLandingPageLingua] Looking for language element with name: Bosanski
2026-02-19 17:55:53.286 [TestNG-test-Yt Master Tests-1] INFO  [verifyingGlobalFilterLandingPageLingua] [verifyingGlobalFilterLandingPageLingua] Waiting until element is visible in viewport
2026-02-19 17:56:03.560 [TestNG-test-Yt Master Tests-1] INFO  [verifyingGlobalFilterLandingPageLingua] [verifyingGlobalFilterLandingPageLingua] Capturing screenshot: Filter Applied is Bosanski__2026-02-19_175603jpg
2026-02-19 17:56:04.103 [TestNG-test-Yt Master Tests-1] INFO  [verifyingGlobalFilterLandingPageLingua] [verifyingGlobalFilterLandingPageLingua] Screenshot saved at: test-output/screenshots/Run_2026-02-19_17-49-56/verifyingGlobalFilterLandingPageLingua/Filter Applied is Bosanski__2026-02-19_175603jpg
2026-02-19 17:56:04.104 [TestNG-test-Yt Master Tests-1] INFO  [verifyingGlobalFilterLandingPageLingua] Clicking settings ellipses button...
2026-02-19 17:56:04.104 [TestNG-test-Yt Master Tests-1] INFO  [verifyingGlobalFilterLandingPageLingua] [verifyingGlobalFilterLandingPageLingua] Trying to find element: By.xpath: //ytd-topbar-menu-button-renderer[@class='style-scope ytd-masthead style-default']
2026-02-19 17:56:04.127 [TestNG-test-Yt Master Tests-1] INFO  [verifyingGlobalFilterLandingPageLingua] [verifyingGlobalFilterLandingPageLingua] Element found and ready (attempt 1): By.xpath: //ytd-topbar-menu-button-renderer[@class='style-scope ytd-masthead style-default']
2026-02-19 17:56:06.186 [TestNG-test-Yt Master Tests-1] INFO  [verifyingGlobalFilterLandingPageLingua] Clicking on global filter button in landing page..
2026-02-19 17:56:06.186 [TestNG-test-Yt Master Tests-1] INFO  [verifyingGlobalFilterLandingPageLingua] [verifyingGlobalFilterLandingPageLingua] Trying to click element: By.xpath: //div[@id='filter-button']
2026-02-19 17:56:06.372 [TestNG-test-Yt Master Tests-1] INFO  [verifyingGlobalFilterLandingPageLingua] [verifyingGlobalFilterLandingPageLingua] Clicked successfully (attempt 1): By.xpath: //div[@id='filter-button']
2026-02-19 17:56:06.624 [TestNG-test-Yt Master Tests-1] INFO  [verifyingGlobalFilterLandingPageLingua] [verifyingGlobalFilterLandingPageLingua] Waiting until element is visible in viewport
2026-02-19 17:56:06.649 [TestNG-test-Yt Master Tests-1] INFO  [verifyingGlobalFilterLandingPageLingua] [verifyingGlobalFilterLandingPageLingua] Capturing screenshot: Filter Applied is Bosanski__2026-02-19_175606jpg
2026-02-19 17:56:07.186 [TestNG-test-Yt Master Tests-1] INFO  [verifyingGlobalFilterLandingPageLingua] [verifyingGlobalFilterLandingPageLingua] Screenshot saved at: test-output/screenshots/Run_2026-02-19_17-49-56/verifyingGlobalFilterLandingPageLingua/Filter Applied is Bosanski__2026-02-19_175606jpg
2026-02-19 17:56:07.187 [TestNG-test-Yt Master Tests-1] INFO  [verifyingGlobalFilterLandingPageLingua] Fetching the data from the global filter in landing page
2026-02-19 17:56:07.187 [TestNG-test-Yt Master Tests-1] INFO  [verifyingGlobalFilterLandingPageLingua] [verifyingGlobalFilterLandingPageLingua] Trying to find element: By.xpath: //ytd-search-filter-options-dialog-renderer[@class='style-scope ytd-popup-container']
2026-02-19 17:56:07.210 [TestNG-test-Yt Master Tests-1] INFO  [verifyingGlobalFilterLandingPageLingua] [verifyingGlobalFilterLandingPageLingua] Element found and ready (attempt 1): By.xpath: //ytd-search-filter-options-dialog-renderer[@class='style-scope ytd-popup-container']
2026-02-19 17:56:07.235 [TestNG-test-Yt Master Tests-1] INFO  [verifyingGlobalFilterLandingPageLingua] Closing the global filter pop-up in landing page..
2026-02-19 17:56:07.235 [TestNG-test-Yt Master Tests-1] INFO  [verifyingGlobalFilterLandingPageLingua] [verifyingGlobalFilterLandingPageLingua] Trying to find element: By.xpath: //yt-icon[@icon='close']
2026-02-19 17:56:07.256 [TestNG-test-Yt Master Tests-1] INFO  [verifyingGlobalFilterLandingPageLingua] [verifyingGlobalFilterLandingPageLingua] Element found and ready (attempt 1): By.xpath: //yt-icon[@icon='close']
2026-02-19 17:56:07.322 [TestNG-test-Yt Master Tests-1] INFO  [verifyingGlobalFilterLandingPageLingua] 
========== LANGUAGE DETECTION ==========
Detected Language : BOSNIAN
Input Text        : Filteri pretraživanja
VRSTA
Videozapisi
Shortsi
Kanali
Plejliste
Filmovi
TRAJANJE
Manje od 3 minute
3–20 minuta
Više od 20 minuta
DATUM OTPREMANJA
Danas
Ova sedmica
Ovog mjeseca
Ove godine
FUNKCIJE
Uživo
4K
HD
Titlovi
Creative Commons
360°
VR180
3D
HDR
Lokacija
Kupljeno
DAVANJE PRIORITETA
Relevantnost
Popularnost
========================================
2026-02-19 17:56:07.323 [TestNG-test-Yt Master Tests-1] INFO  [verifyingGlobalFilterLandingPageLingua] getLangAttribute() - locating <html> and reading lang property
2026-02-19 17:56:07.339 [TestNG-test-Yt Master Tests-1] INFO  [verifyingGlobalFilterLandingPageLingua] Language attribute read: bs-Latn-BA
2026-02-19 17:56:07.339 [TestNG-test-Yt Master Tests-1] INFO  [verifyingGlobalFilterLandingPageLingua] Clicking settings ellipses button...
2026-02-19 17:56:07.340 [TestNG-test-Yt Master Tests-1] INFO  [verifyingGlobalFilterLandingPageLingua] [verifyingGlobalFilterLandingPageLingua] Trying to find element: By.xpath: //ytd-topbar-menu-button-renderer[@class='style-scope ytd-masthead style-default']
2026-02-19 17:56:07.364 [TestNG-test-Yt Master Tests-1] INFO  [verifyingGlobalFilterLandingPageLingua] [verifyingGlobalFilterLandingPageLingua] Element found and ready (attempt 1): By.xpath: //ytd-topbar-menu-button-renderer[@class='style-scope ytd-masthead style-default']
2026-02-19 17:56:09.442 [TestNG-test-Yt Master Tests-1] INFO  [verifyingGlobalFilterLandingPageLingua] Clicking language dropdown...
2026-02-19 17:56:09.443 [TestNG-test-Yt Master Tests-1] INFO  [verifyingGlobalFilterLandingPageLingua] [verifyingGlobalFilterLandingPageLingua] Trying to find element: By.xpath: (//div[@id='content-icon'])[2]
2026-02-19 17:56:09.475 [TestNG-test-Yt Master Tests-1] INFO  [verifyingGlobalFilterLandingPageLingua] [verifyingGlobalFilterLandingPageLingua] Element found and ready (attempt 1): By.xpath: (//div[@id='content-icon'])[2]
2026-02-19 17:56:12.855 [TestNG-test-Yt Master Tests-1] INFO  [verifyingGlobalFilterLandingPageLingua] Looking for language element with name: Català
2026-02-19 17:56:12.855 [TestNG-test-Yt Master Tests-1] INFO  [verifyingGlobalFilterLandingPageLingua] [verifyingGlobalFilterLandingPageLingua] Trying to find element: By.xpath: //yt-multi-page-menu-section-renderer[@class='style-scope ytd-multi-page-menu-renderer']//yt-formatted-string[@id='label' and text()='Català']
2026-02-19 17:56:12.899 [TestNG-test-Yt Master Tests-1] INFO  [verifyingGlobalFilterLandingPageLingua] [verifyingGlobalFilterLandingPageLingua] Element found and ready (attempt 1): By.xpath: //yt-multi-page-menu-section-renderer[@class='style-scope ytd-multi-page-menu-renderer']//yt-formatted-string[@id='label' and text()='Català']
2026-02-19 17:56:17.102 [TestNG-test-Yt Master Tests-1] INFO  [verifyingGlobalFilterLandingPageLingua] Clicking settings ellipses button...
2026-02-19 17:56:17.102 [TestNG-test-Yt Master Tests-1] INFO  [verifyingGlobalFilterLandingPageLingua] [verifyingGlobalFilterLandingPageLingua] Trying to find element: By.xpath: //ytd-topbar-menu-button-renderer[@class='style-scope ytd-masthead style-default']
2026-02-19 17:56:17.465 [TestNG-test-Yt Master Tests-1] INFO  [verifyingGlobalFilterLandingPageLingua] [verifyingGlobalFilterLandingPageLingua] Element found and ready (attempt 1): By.xpath: //ytd-topbar-menu-button-renderer[@class='style-scope ytd-masthead style-default']
2026-02-19 17:56:17.822 [TestNG-test-Yt Master Tests-1] INFO  [verifyingGlobalFilterLandingPageLingua] Looking for language element with name: Català
2026-02-19 17:56:17.822 [TestNG-test-Yt Master Tests-1] INFO  [verifyingGlobalFilterLandingPageLingua] [verifyingGlobalFilterLandingPageLingua] Waiting until element is visible in viewport
2026-02-19 17:56:28.209 [TestNG-test-Yt Master Tests-1] INFO  [verifyingGlobalFilterLandingPageLingua] [verifyingGlobalFilterLandingPageLingua] Capturing screenshot: Filter Applied is Català__2026-02-19_175628jpg
2026-02-19 17:56:28.711 [TestNG-test-Yt Master Tests-1] INFO  [verifyingGlobalFilterLandingPageLingua] [verifyingGlobalFilterLandingPageLingua] Screenshot saved at: test-output/screenshots/Run_2026-02-19_17-49-56/verifyingGlobalFilterLandingPageLingua/Filter Applied is Català__2026-02-19_175628jpg
2026-02-19 17:56:28.712 [TestNG-test-Yt Master Tests-1] INFO  [verifyingGlobalFilterLandingPageLingua] Clicking settings ellipses button...
2026-02-19 17:56:28.712 [TestNG-test-Yt Master Tests-1] INFO  [verifyingGlobalFilterLandingPageLingua] [verifyingGlobalFilterLandingPageLingua] Trying to find element: By.xpath: //ytd-topbar-menu-button-renderer[@class='style-scope ytd-masthead style-default']
2026-02-19 17:56:28.736 [TestNG-test-Yt Master Tests-1] INFO  [verifyingGlobalFilterLandingPageLingua] [verifyingGlobalFilterLandingPageLingua] Element found and ready (attempt 1): By.xpath: //ytd-topbar-menu-button-renderer[@class='style-scope ytd-masthead style-default']
2026-02-19 17:56:30.793 [TestNG-test-Yt Master Tests-1] INFO  [verifyingGlobalFilterLandingPageLingua] Clicking on global filter button in landing page..
2026-02-19 17:56:30.793 [TestNG-test-Yt Master Tests-1] INFO  [verifyingGlobalFilterLandingPageLingua] [verifyingGlobalFilterLandingPageLingua] Trying to click element: By.xpath: //div[@id='filter-button']
2026-02-19 17:56:30.979 [TestNG-test-Yt Master Tests-1] INFO  [verifyingGlobalFilterLandingPageLingua] [verifyingGlobalFilterLandingPageLingua] Clicked successfully (attempt 1): By.xpath: //div[@id='filter-button']
2026-02-19 17:56:31.230 [TestNG-test-Yt Master Tests-1] INFO  [verifyingGlobalFilterLandingPageLingua] [verifyingGlobalFilterLandingPageLingua] Waiting until element is visible in viewport
2026-02-19 17:56:31.286 [TestNG-test-Yt Master Tests-1] INFO  [verifyingGlobalFilterLandingPageLingua] [verifyingGlobalFilterLandingPageLingua] Capturing screenshot: Filter Applied is Català__2026-02-19_175631jpg
2026-02-19 17:56:31.797 [TestNG-test-Yt Master Tests-1] INFO  [verifyingGlobalFilterLandingPageLingua] [verifyingGlobalFilterLandingPageLingua] Screenshot saved at: test-output/screenshots/Run_2026-02-19_17-49-56/verifyingGlobalFilterLandingPageLingua/Filter Applied is Català__2026-02-19_175631jpg
2026-02-19 17:56:31.798 [TestNG-test-Yt Master Tests-1] INFO  [verifyingGlobalFilterLandingPageLingua] Fetching the data from the global filter in landing page
2026-02-19 17:56:31.798 [TestNG-test-Yt Master Tests-1] INFO  [verifyingGlobalFilterLandingPageLingua] [verifyingGlobalFilterLandingPageLingua] Trying to find element: By.xpath: //ytd-search-filter-options-dialog-renderer[@class='style-scope ytd-popup-container']
2026-02-19 17:56:31.829 [TestNG-test-Yt Master Tests-1] INFO  [verifyingGlobalFilterLandingPageLingua] [verifyingGlobalFilterLandingPageLingua] Element found and ready (attempt 1): By.xpath: //ytd-search-filter-options-dialog-renderer[@class='style-scope ytd-popup-container']
2026-02-19 17:56:31.864 [TestNG-test-Yt Master Tests-1] INFO  [verifyingGlobalFilterLandingPageLingua] Closing the global filter pop-up in landing page..
2026-02-19 17:56:31.864 [TestNG-test-Yt Master Tests-1] INFO  [verifyingGlobalFilterLandingPageLingua] [verifyingGlobalFilterLandingPageLingua] Trying to find element: By.xpath: //yt-icon[@icon='close']
2026-02-19 17:56:31.890 [TestNG-test-Yt Master Tests-1] INFO  [verifyingGlobalFilterLandingPageLingua] [verifyingGlobalFilterLandingPageLingua] Element found and ready (attempt 1): By.xpath: //yt-icon[@icon='close']
2026-02-19 17:56:31.958 [TestNG-test-Yt Master Tests-1] INFO  [verifyingGlobalFilterLandingPageLingua] 
========== LANGUAGE DETECTION ==========
Detected Language : CATALAN
Input Text        : Filtres de cerca
TIPUS
Vídeos
Curts
Canals
Llistes de reproducció
Pel·lícules
DURADA
Menys de 3 minuts
Entre 3 i 20 de minuts
Més de 20 minuts
DATA DE PUJADA
Avui
Aquesta setmana
Aquest mes
Aquest any
FUNCIONS
En directe
4K
HD
Subtítols
Creative Commons
360°
VR180
3D
HDR
Ubicació
Comprat
PRIORITZA
Rellevància
Popularitat
========================================
2026-02-19 17:56:31.959 [TestNG-test-Yt Master Tests-1] INFO  [verifyingGlobalFilterLandingPageLingua] getLangAttribute() - locating <html> and reading lang property
2026-02-19 17:56:31.982 [TestNG-test-Yt Master Tests-1] INFO  [verifyingGlobalFilterLandingPageLingua] Language attribute read: ca-ES
2026-02-19 17:56:31.982 [TestNG-test-Yt Master Tests-1] INFO  [verifyingGlobalFilterLandingPageLingua] Clicking settings ellipses button...
2026-02-19 17:56:31.982 [TestNG-test-Yt Master Tests-1] INFO  [verifyingGlobalFilterLandingPageLingua] [verifyingGlobalFilterLandingPageLingua] Trying to find element: By.xpath: //ytd-topbar-menu-button-renderer[@class='style-scope ytd-masthead style-default']
2026-02-19 17:56:32.007 [TestNG-test-Yt Master Tests-1] INFO  [verifyingGlobalFilterLandingPageLingua] [verifyingGlobalFilterLandingPageLingua] Element found and ready (attempt 1): By.xpath: //ytd-topbar-menu-button-renderer[@class='style-scope ytd-masthead style-default']
2026-02-19 17:56:34.091 [TestNG-test-Yt Master Tests-1] INFO  [verifyingGlobalFilterLandingPageLingua] Clicking language dropdown...
2026-02-19 17:56:34.091 [TestNG-test-Yt Master Tests-1] INFO  [verifyingGlobalFilterLandingPageLingua] [verifyingGlobalFilterLandingPageLingua] Trying to find element: By.xpath: (//div[@id='content-icon'])[2]
2026-02-19 17:56:34.117 [TestNG-test-Yt Master Tests-1] INFO  [verifyingGlobalFilterLandingPageLingua] [verifyingGlobalFilterLandingPageLingua] Element found and ready (attempt 1): By.xpath: (//div[@id='content-icon'])[2]
2026-02-19 17:56:37.478 [TestNG-test-Yt Master Tests-1] INFO  [verifyingGlobalFilterLandingPageLingua] Looking for language element with name: Dansk
2026-02-19 17:56:37.478 [TestNG-test-Yt Master Tests-1] INFO  [verifyingGlobalFilterLandingPageLingua] [verifyingGlobalFilterLandingPageLingua] Trying to find element: By.xpath: //yt-multi-page-menu-section-renderer[@class='style-scope ytd-multi-page-menu-renderer']//yt-formatted-string[@id='label' and text()='Dansk']
2026-02-19 17:56:37.504 [TestNG-test-Yt Master Tests-1] INFO  [verifyingGlobalFilterLandingPageLingua] [verifyingGlobalFilterLandingPageLingua] Element found and ready (attempt 1): By.xpath: //yt-multi-page-menu-section-renderer[@class='style-scope ytd-multi-page-menu-renderer']//yt-formatted-string[@id='label' and text()='Dansk']
2026-02-19 17:56:40.091 [TestNG-test-Yt Master Tests-1] INFO  [verifyingGlobalFilterLandingPageLingua] Clicking settings ellipses button...
2026-02-19 17:56:40.091 [TestNG-test-Yt Master Tests-1] INFO  [verifyingGlobalFilterLandingPageLingua] [verifyingGlobalFilterLandingPageLingua] Trying to find element: By.xpath: //ytd-topbar-menu-button-renderer[@class='style-scope ytd-masthead style-default']
2026-02-19 17:56:41.247 [TestNG-test-Yt Master Tests-1] INFO  [verifyingGlobalFilterLandingPageLingua] [verifyingGlobalFilterLandingPageLingua] Element found and ready (attempt 1): By.xpath: //ytd-topbar-menu-button-renderer[@class='style-scope ytd-masthead style-default']
2026-02-19 17:56:42.455 [TestNG-test-Yt Master Tests-1] INFO  [verifyingGlobalFilterLandingPageLingua] Looking for language element with name: Dansk
2026-02-19 17:56:42.455 [TestNG-test-Yt Master Tests-1] INFO  [verifyingGlobalFilterLandingPageLingua] [verifyingGlobalFilterLandingPageLingua] Waiting until element is visible in viewport
2026-02-19 17:56:52.876 [TestNG-test-Yt Master Tests-1] INFO  [verifyingGlobalFilterLandingPageLingua] [verifyingGlobalFilterLandingPageLingua] Capturing screenshot: Filter Applied is Dansk__2026-02-19_175652jpg
2026-02-19 17:56:53.445 [TestNG-test-Yt Master Tests-1] INFO  [verifyingGlobalFilterLandingPageLingua] [verifyingGlobalFilterLandingPageLingua] Screenshot saved at: test-output/screenshots/Run_2026-02-19_17-49-56/verifyingGlobalFilterLandingPageLingua/Filter Applied is Dansk__2026-02-19_175652jpg
2026-02-19 17:56:53.446 [TestNG-test-Yt Master Tests-1] INFO  [verifyingGlobalFilterLandingPageLingua] Clicking settings ellipses button...
2026-02-19 17:56:53.446 [TestNG-test-Yt Master Tests-1] INFO  [verifyingGlobalFilterLandingPageLingua] [verifyingGlobalFilterLandingPageLingua] Trying to find element: By.xpath: //ytd-topbar-menu-button-renderer[@class='style-scope ytd-masthead style-default']
2026-02-19 17:56:53.471 [TestNG-test-Yt Master Tests-1] INFO  [verifyingGlobalFilterLandingPageLingua] [verifyingGlobalFilterLandingPageLingua] Element found and ready (attempt 1): By.xpath: //ytd-topbar-menu-button-renderer[@class='style-scope ytd-masthead style-default']
2026-02-19 17:56:55.538 [TestNG-test-Yt Master Tests-1] INFO  [verifyingGlobalFilterLandingPageLingua] Clicking on global filter button in landing page..
2026-02-19 17:56:55.538 [TestNG-test-Yt Master Tests-1] INFO  [verifyingGlobalFilterLandingPageLingua] [verifyingGlobalFilterLandingPageLingua] Trying to click element: By.xpath: //div[@id='filter-button']
2026-02-19 17:56:55.778 [TestNG-test-Yt Master Tests-1] INFO  [verifyingGlobalFilterLandingPageLingua] [verifyingGlobalFilterLandingPageLingua] Clicked successfully (attempt 1): By.xpath: //div[@id='filter-button']
2026-02-19 17:56:56.162 [TestNG-test-Yt Master Tests-1] INFO  [verifyingGlobalFilterLandingPageLingua] [verifyingGlobalFilterLandingPageLingua] Waiting until element is visible in viewport
2026-02-19 17:56:56.193 [TestNG-test-Yt Master Tests-1] INFO  [verifyingGlobalFilterLandingPageLingua] [verifyingGlobalFilterLandingPageLingua] Capturing screenshot: Filter Applied is Dansk__2026-02-19_175656jpg
2026-02-19 17:56:56.652 [TestNG-test-Yt Master Tests-1] INFO  [verifyingGlobalFilterLandingPageLingua] [verifyingGlobalFilterLandingPageLingua] Screenshot saved at: test-output/screenshots/Run_2026-02-19_17-49-56/verifyingGlobalFilterLandingPageLingua/Filter Applied is Dansk__2026-02-19_175656jpg
2026-02-19 17:56:56.652 [TestNG-test-Yt Master Tests-1] INFO  [verifyingGlobalFilterLandingPageLingua] Fetching the data from the global filter in landing page
2026-02-19 17:56:56.652 [TestNG-test-Yt Master Tests-1] INFO  [verifyingGlobalFilterLandingPageLingua] [verifyingGlobalFilterLandingPageLingua] Trying to find element: By.xpath: //ytd-search-filter-options-dialog-renderer[@class='style-scope ytd-popup-container']
2026-02-19 17:56:56.679 [TestNG-test-Yt Master Tests-1] INFO  [verifyingGlobalFilterLandingPageLingua] [verifyingGlobalFilterLandingPageLingua] Element found and ready (attempt 1): By.xpath: //ytd-search-filter-options-dialog-renderer[@class='style-scope ytd-popup-container']
2026-02-19 17:56:56.739 [TestNG-test-Yt Master Tests-1] INFO  [verifyingGlobalFilterLandingPageLingua] Closing the global filter pop-up in landing page..
2026-02-19 17:56:56.739 [TestNG-test-Yt Master Tests-1] INFO  [verifyingGlobalFilterLandingPageLingua] [verifyingGlobalFilterLandingPageLingua] Trying to find element: By.xpath: //yt-icon[@icon='close']
2026-02-19 17:56:56.767 [TestNG-test-Yt Master Tests-1] INFO  [verifyingGlobalFilterLandingPageLingua] [verifyingGlobalFilterLandingPageLingua] Element found and ready (attempt 1): By.xpath: //yt-icon[@icon='close']
2026-02-19 17:56:56.852 [TestNG-test-Yt Master Tests-1] INFO  [verifyingGlobalFilterLandingPageLingua] 
========== LANGUAGE DETECTION ==========
Detected Language : DANISH
Input Text        : Søgefiltre
TYPE
Videoer
Shorts
Kanaler
Playlister
Film
VARIGHED
Under 3 minutter
3-20 minutter
Over 20 minutter
DATO FOR UPLOAD
I dag
Denne uge
Denne måned
I år
EGENSKABER
Live
4K
HD
Undertekster
Creative Commons
360°
VR180
3D
HDR
Lokation
Købt
PRIORITER
Relevans
Popularitet
========================================
2026-02-19 17:56:56.853 [TestNG-test-Yt Master Tests-1] INFO  [verifyingGlobalFilterLandingPageLingua] getLangAttribute() - locating <html> and reading lang property
2026-02-19 17:56:56.875 [TestNG-test-Yt Master Tests-1] INFO  [verifyingGlobalFilterLandingPageLingua] Language attribute read: da-DK
2026-02-19 17:56:56.876 [TestNG-test-Yt Master Tests-1] INFO  [verifyingGlobalFilterLandingPageLingua] Clicking settings ellipses button...
2026-02-19 17:56:56.876 [TestNG-test-Yt Master Tests-1] INFO  [verifyingGlobalFilterLandingPageLingua] [verifyingGlobalFilterLandingPageLingua] Trying to find element: By.xpath: //ytd-topbar-menu-button-renderer[@class='style-scope ytd-masthead style-default']
2026-02-19 17:56:56.907 [TestNG-test-Yt Master Tests-1] INFO  [verifyingGlobalFilterLandingPageLingua] [verifyingGlobalFilterLandingPageLingua] Element found and ready (attempt 1): By.xpath: //ytd-topbar-menu-button-renderer[@class='style-scope ytd-masthead style-default']
2026-02-19 17:56:59.012 [TestNG-test-Yt Master Tests-1] INFO  [verifyingGlobalFilterLandingPageLingua] Clicking language dropdown...
2026-02-19 17:56:59.012 [TestNG-test-Yt Master Tests-1] INFO  [verifyingGlobalFilterLandingPageLingua] [verifyingGlobalFilterLandingPageLingua] Trying to find element: By.xpath: (//div[@id='content-icon'])[2]
2026-02-19 17:56:59.039 [TestNG-test-Yt Master Tests-1] INFO  [verifyingGlobalFilterLandingPageLingua] [verifyingGlobalFilterLandingPageLingua] Element found and ready (attempt 1): By.xpath: (//div[@id='content-icon'])[2]
2026-02-19 17:57:02.642 [TestNG-test-Yt Master Tests-1] INFO  [verifyingGlobalFilterLandingPageLingua] Looking for language element with name: Deutsch
2026-02-19 17:57:02.642 [TestNG-test-Yt Master Tests-1] INFO  [verifyingGlobalFilterLandingPageLingua] [verifyingGlobalFilterLandingPageLingua] Trying to find element: By.xpath: //yt-multi-page-menu-section-renderer[@class='style-scope ytd-multi-page-menu-renderer']//yt-formatted-string[@id='label' and text()='Deutsch']
2026-02-19 17:57:02.674 [TestNG-test-Yt Master Tests-1] INFO  [verifyingGlobalFilterLandingPageLingua] [verifyingGlobalFilterLandingPageLingua] Element found and ready (attempt 1): By.xpath: //yt-multi-page-menu-section-renderer[@class='style-scope ytd-multi-page-menu-renderer']//yt-formatted-string[@id='label' and text()='Deutsch']
2026-02-19 17:57:07.115 [TestNG-test-Yt Master Tests-1] INFO  [verifyingGlobalFilterLandingPageLingua] Clicking settings ellipses button...
2026-02-19 17:57:07.115 [TestNG-test-Yt Master Tests-1] INFO  [verifyingGlobalFilterLandingPageLingua] [verifyingGlobalFilterLandingPageLingua] Trying to find element: By.xpath: //ytd-topbar-menu-button-renderer[@class='style-scope ytd-masthead style-default']
2026-02-19 17:57:07.578 [TestNG-test-Yt Master Tests-1] INFO  [verifyingGlobalFilterLandingPageLingua] [verifyingGlobalFilterLandingPageLingua] Element found and ready (attempt 1): By.xpath: //ytd-topbar-menu-button-renderer[@class='style-scope ytd-masthead style-default']
2026-02-19 17:57:07.844 [TestNG-test-Yt Master Tests-1] INFO  [verifyingGlobalFilterLandingPageLingua] Looking for language element with name: Deutsch
2026-02-19 17:57:07.844 [TestNG-test-Yt Master Tests-1] INFO  [verifyingGlobalFilterLandingPageLingua] [verifyingGlobalFilterLandingPageLingua] Waiting until element is visible in viewport
2026-02-19 17:57:18.081 [TestNG-test-Yt Master Tests-1] INFO  [verifyingGlobalFilterLandingPageLingua] [verifyingGlobalFilterLandingPageLingua] Capturing screenshot: Filter Applied is Deutsch__2026-02-19_175718jpg
2026-02-19 17:57:18.659 [TestNG-test-Yt Master Tests-1] INFO  [verifyingGlobalFilterLandingPageLingua] [verifyingGlobalFilterLandingPageLingua] Screenshot saved at: test-output/screenshots/Run_2026-02-19_17-49-56/verifyingGlobalFilterLandingPageLingua/Filter Applied is Deutsch__2026-02-19_175718jpg
2026-02-19 17:57:18.660 [TestNG-test-Yt Master Tests-1] INFO  [verifyingGlobalFilterLandingPageLingua] Clicking settings ellipses button...
2026-02-19 17:57:18.660 [TestNG-test-Yt Master Tests-1] INFO  [verifyingGlobalFilterLandingPageLingua] [verifyingGlobalFilterLandingPageLingua] Trying to find element: By.xpath: //ytd-topbar-menu-button-renderer[@class='style-scope ytd-masthead style-default']
2026-02-19 17:57:18.688 [TestNG-test-Yt Master Tests-1] INFO  [verifyingGlobalFilterLandingPageLingua] [verifyingGlobalFilterLandingPageLingua] Element found and ready (attempt 1): By.xpath: //ytd-topbar-menu-button-renderer[@class='style-scope ytd-masthead style-default']
2026-02-19 17:57:20.744 [TestNG-test-Yt Master Tests-1] INFO  [verifyingGlobalFilterLandingPageLingua] Clicking on global filter button in landing page..
2026-02-19 17:57:20.744 [TestNG-test-Yt Master Tests-1] INFO  [verifyingGlobalFilterLandingPageLingua] [verifyingGlobalFilterLandingPageLingua] Trying to click element: By.xpath: //div[@id='filter-button']
2026-02-19 17:57:21.032 [TestNG-test-Yt Master Tests-1] INFO  [verifyingGlobalFilterLandingPageLingua] [verifyingGlobalFilterLandingPageLingua] Clicked successfully (attempt 1): By.xpath: //div[@id='filter-button']
2026-02-19 17:57:21.283 [TestNG-test-Yt Master Tests-1] INFO  [verifyingGlobalFilterLandingPageLingua] [verifyingGlobalFilterLandingPageLingua] Waiting until element is visible in viewport
2026-02-19 17:57:21.309 [TestNG-test-Yt Master Tests-1] INFO  [verifyingGlobalFilterLandingPageLingua] [verifyingGlobalFilterLandingPageLingua] Capturing screenshot: Filter Applied is Deutsch__2026-02-19_175721jpg
2026-02-19 17:57:21.970 [TestNG-test-Yt Master Tests-1] INFO  [verifyingGlobalFilterLandingPageLingua] [verifyingGlobalFilterLandingPageLingua] Screenshot saved at: test-output/screenshots/Run_2026-02-19_17-49-56/verifyingGlobalFilterLandingPageLingua/Filter Applied is Deutsch__2026-02-19_175721jpg
2026-02-19 17:57:21.970 [TestNG-test-Yt Master Tests-1] INFO  [verifyingGlobalFilterLandingPageLingua] Fetching the data from the global filter in landing page
2026-02-19 17:57:21.970 [TestNG-test-Yt Master Tests-1] INFO  [verifyingGlobalFilterLandingPageLingua] [verifyingGlobalFilterLandingPageLingua] Trying to find element: By.xpath: //ytd-search-filter-options-dialog-renderer[@class='style-scope ytd-popup-container']
2026-02-19 17:57:22.013 [TestNG-test-Yt Master Tests-1] INFO  [verifyingGlobalFilterLandingPageLingua] [verifyingGlobalFilterLandingPageLingua] Element found and ready (attempt 1): By.xpath: //ytd-search-filter-options-dialog-renderer[@class='style-scope ytd-popup-container']
2026-02-19 17:57:22.050 [TestNG-test-Yt Master Tests-1] INFO  [verifyingGlobalFilterLandingPageLingua] Closing the global filter pop-up in landing page..
2026-02-19 17:57:22.050 [TestNG-test-Yt Master Tests-1] INFO  [verifyingGlobalFilterLandingPageLingua] [verifyingGlobalFilterLandingPageLingua] Trying to find element: By.xpath: //yt-icon[@icon='close']
2026-02-19 17:57:22.074 [TestNG-test-Yt Master Tests-1] INFO  [verifyingGlobalFilterLandingPageLingua] [verifyingGlobalFilterLandingPageLingua] Element found and ready (attempt 1): By.xpath: //yt-icon[@icon='close']
2026-02-19 17:57:22.148 [TestNG-test-Yt Master Tests-1] INFO  [verifyingGlobalFilterLandingPageLingua] 
========== LANGUAGE DETECTION ==========
Detected Language : GERMAN
Input Text        : Suchfilter
TYP
Videos
Shorts
Kanäle
Playlists
Filme
DAUER
Kürzer als 3 Minuten
3–20 Minuten
Länger als 20 Minuten
HOCHLADEDATUM
Heute
Diese Woche
Dieser Monat
Dieses Jahr
EIGENSCHAFTEN
Live
4K
HD
Untertitel/CC
Creative Commons
360°
VR180
3D
HDR
Standort
Gekauft
PRIORISIEREN
Relevanz
Beliebtheit
========================================
2026-02-19 17:57:22.148 [TestNG-test-Yt Master Tests-1] INFO  [verifyingGlobalFilterLandingPageLingua] getLangAttribute() - locating <html> and reading lang property
2026-02-19 17:57:22.166 [TestNG-test-Yt Master Tests-1] INFO  [verifyingGlobalFilterLandingPageLingua] Language attribute read: de-DE
2026-02-19 17:57:22.166 [TestNG-test-Yt Master Tests-1] INFO  [verifyingGlobalFilterLandingPageLingua] Clicking settings ellipses button...
2026-02-19 17:57:22.166 [TestNG-test-Yt Master Tests-1] INFO  [verifyingGlobalFilterLandingPageLingua] [verifyingGlobalFilterLandingPageLingua] Trying to find element: By.xpath: //ytd-topbar-menu-button-renderer[@class='style-scope ytd-masthead style-default']
2026-02-19 17:57:22.195 [TestNG-test-Yt Master Tests-1] INFO  [verifyingGlobalFilterLandingPageLingua] [verifyingGlobalFilterLandingPageLingua] Element found and ready (attempt 1): By.xpath: //ytd-topbar-menu-button-renderer[@class='style-scope ytd-masthead style-default']
2026-02-19 17:57:24.281 [TestNG-test-Yt Master Tests-1] INFO  [verifyingGlobalFilterLandingPageLingua] Clicking language dropdown...
2026-02-19 17:57:24.281 [TestNG-test-Yt Master Tests-1] INFO  [verifyingGlobalFilterLandingPageLingua] [verifyingGlobalFilterLandingPageLingua] Trying to find element: By.xpath: (//div[@id='content-icon'])[2]
2026-02-19 17:57:24.306 [TestNG-test-Yt Master Tests-1] INFO  [verifyingGlobalFilterLandingPageLingua] [verifyingGlobalFilterLandingPageLingua] Element found and ready (attempt 1): By.xpath: (//div[@id='content-icon'])[2]
2026-02-19 17:57:27.782 [TestNG-test-Yt Master Tests-1] INFO  [verifyingGlobalFilterLandingPageLingua] Looking for language element with name: Eesti
2026-02-19 17:57:27.782 [TestNG-test-Yt Master Tests-1] INFO  [verifyingGlobalFilterLandingPageLingua] [verifyingGlobalFilterLandingPageLingua] Trying to find element: By.xpath: //yt-multi-page-menu-section-renderer[@class='style-scope ytd-multi-page-menu-renderer']//yt-formatted-string[@id='label' and text()='Eesti']
2026-02-19 17:57:27.809 [TestNG-test-Yt Master Tests-1] INFO  [verifyingGlobalFilterLandingPageLingua] [verifyingGlobalFilterLandingPageLingua] Element found and ready (attempt 1): By.xpath: //yt-multi-page-menu-section-renderer[@class='style-scope ytd-multi-page-menu-renderer']//yt-formatted-string[@id='label' and text()='Eesti']
2026-02-19 17:57:30.364 [TestNG-test-Yt Master Tests-1] INFO  [verifyingGlobalFilterLandingPageLingua] Clicking settings ellipses button...
2026-02-19 17:57:30.364 [TestNG-test-Yt Master Tests-1] INFO  [verifyingGlobalFilterLandingPageLingua] [verifyingGlobalFilterLandingPageLingua] Trying to find element: By.xpath: //ytd-topbar-menu-button-renderer[@class='style-scope ytd-masthead style-default']
2026-02-19 17:57:31.773 [TestNG-test-Yt Master Tests-1] INFO  [verifyingGlobalFilterLandingPageLingua] [verifyingGlobalFilterLandingPageLingua] Element found and ready (attempt 1): By.xpath: //ytd-topbar-menu-button-renderer[@class='style-scope ytd-masthead style-default']
2026-02-19 17:57:32.148 [TestNG-test-Yt Master Tests-1] INFO  [verifyingGlobalFilterLandingPageLingua] Looking for language element with name: Eesti
2026-02-19 17:57:32.148 [TestNG-test-Yt Master Tests-1] INFO  [verifyingGlobalFilterLandingPageLingua] [verifyingGlobalFilterLandingPageLingua] Waiting until element is visible in viewport
2026-02-19 17:57:42.508 [TestNG-test-Yt Master Tests-1] INFO  [verifyingGlobalFilterLandingPageLingua] [verifyingGlobalFilterLandingPageLingua] Capturing screenshot: Filter Applied is Eesti__2026-02-19_175742jpg
2026-02-19 17:57:42.944 [TestNG-test-Yt Master Tests-1] INFO  [verifyingGlobalFilterLandingPageLingua] [verifyingGlobalFilterLandingPageLingua] Screenshot saved at: test-output/screenshots/Run_2026-02-19_17-49-56/verifyingGlobalFilterLandingPageLingua/Filter Applied is Eesti__2026-02-19_175742jpg
2026-02-19 17:57:42.944 [TestNG-test-Yt Master Tests-1] INFO  [verifyingGlobalFilterLandingPageLingua] Clicking settings ellipses button...
2026-02-19 17:57:42.944 [TestNG-test-Yt Master Tests-1] INFO  [verifyingGlobalFilterLandingPageLingua] [verifyingGlobalFilterLandingPageLingua] Trying to find element: By.xpath: //ytd-topbar-menu-button-renderer[@class='style-scope ytd-masthead style-default']
2026-02-19 17:57:42.965 [TestNG-test-Yt Master Tests-1] INFO  [verifyingGlobalFilterLandingPageLingua] [verifyingGlobalFilterLandingPageLingua] Element found and ready (attempt 1): By.xpath: //ytd-topbar-menu-button-renderer[@class='style-scope ytd-masthead style-default']
2026-02-19 17:57:45.019 [TestNG-test-Yt Master Tests-1] INFO  [verifyingGlobalFilterLandingPageLingua] Clicking on global filter button in landing page..
2026-02-19 17:57:45.019 [TestNG-test-Yt Master Tests-1] INFO  [verifyingGlobalFilterLandingPageLingua] [verifyingGlobalFilterLandingPageLingua] Trying to click element: By.xpath: //div[@id='filter-button']
2026-02-19 17:57:45.207 [TestNG-test-Yt Master Tests-1] INFO  [verifyingGlobalFilterLandingPageLingua] [verifyingGlobalFilterLandingPageLingua] Clicked successfully (attempt 1): By.xpath: //div[@id='filter-button']
2026-02-19 17:57:45.457 [TestNG-test-Yt Master Tests-1] INFO  [verifyingGlobalFilterLandingPageLingua] [verifyingGlobalFilterLandingPageLingua] Waiting until element is visible in viewport
2026-02-19 17:57:45.480 [TestNG-test-Yt Master Tests-1] INFO  [verifyingGlobalFilterLandingPageLingua] [verifyingGlobalFilterLandingPageLingua] Capturing screenshot: Filter Applied is Eesti__2026-02-19_175745jpg
2026-02-19 17:57:45.894 [TestNG-test-Yt Master Tests-1] INFO  [verifyingGlobalFilterLandingPageLingua] [verifyingGlobalFilterLandingPageLingua] Screenshot saved at: test-output/screenshots/Run_2026-02-19_17-49-56/verifyingGlobalFilterLandingPageLingua/Filter Applied is Eesti__2026-02-19_175745jpg
2026-02-19 17:57:45.895 [TestNG-test-Yt Master Tests-1] INFO  [verifyingGlobalFilterLandingPageLingua] Fetching the data from the global filter in landing page
2026-02-19 17:57:45.895 [TestNG-test-Yt Master Tests-1] INFO  [verifyingGlobalFilterLandingPageLingua] [verifyingGlobalFilterLandingPageLingua] Trying to find element: By.xpath: //ytd-search-filter-options-dialog-renderer[@class='style-scope ytd-popup-container']
2026-02-19 17:57:45.920 [TestNG-test-Yt Master Tests-1] INFO  [verifyingGlobalFilterLandingPageLingua] [verifyingGlobalFilterLandingPageLingua] Element found and ready (attempt 1): By.xpath: //ytd-search-filter-options-dialog-renderer[@class='style-scope ytd-popup-container']
2026-02-19 17:57:45.944 [TestNG-test-Yt Master Tests-1] INFO  [verifyingGlobalFilterLandingPageLingua] Closing the global filter pop-up in landing page..
2026-02-19 17:57:45.944 [TestNG-test-Yt Master Tests-1] INFO  [verifyingGlobalFilterLandingPageLingua] [verifyingGlobalFilterLandingPageLingua] Trying to find element: By.xpath: //yt-icon[@icon='close']
2026-02-19 17:57:45.964 [TestNG-test-Yt Master Tests-1] INFO  [verifyingGlobalFilterLandingPageLingua] [verifyingGlobalFilterLandingPageLingua] Element found and ready (attempt 1): By.xpath: //yt-icon[@icon='close']
2026-02-19 17:57:46.023 [TestNG-test-Yt Master Tests-1] INFO  [verifyingGlobalFilterLandingPageLingua] 
========== LANGUAGE DETECTION ==========
Detected Language : ESTONIAN
Input Text        : Otsingufiltrid
TÜÜP
Videod
Lühivideod
Kanalid
Esitusloendid
Filmid
KESTUS
Alla 3 minuti
3–20 minutit
Üle 20 minuti
ÜLESLAADIMISE KUUPÄEV
Täna
See nädal
See kuu
See aasta
FUNKTSIOONID
Reaalajas
4K
HD
Subtiitrid
Creative Commons
360°
VR180
3D
HDR
Asukoht
Ostetud
PRIORITEETSUS
Asjakohasus
Populaarsus
========================================
2026-02-19 17:57:46.023 [TestNG-test-Yt Master Tests-1] INFO  [verifyingGlobalFilterLandingPageLingua] getLangAttribute() - locating <html> and reading lang property
2026-02-19 17:57:46.039 [TestNG-test-Yt Master Tests-1] INFO  [verifyingGlobalFilterLandingPageLingua] Language attribute read: et-EE
2026-02-19 17:57:46.040 [TestNG-test-Yt Master Tests-1] INFO  [verifyingGlobalFilterLandingPageLingua] Clicking settings ellipses button...
2026-02-19 17:57:46.040 [TestNG-test-Yt Master Tests-1] INFO  [verifyingGlobalFilterLandingPageLingua] [verifyingGlobalFilterLandingPageLingua] Trying to find element: By.xpath: //ytd-topbar-menu-button-renderer[@class='style-scope ytd-masthead style-default']
2026-02-19 17:57:46.070 [TestNG-test-Yt Master Tests-1] INFO  [verifyingGlobalFilterLandingPageLingua] [verifyingGlobalFilterLandingPageLingua] Element found and ready (attempt 1): By.xpath: //ytd-topbar-menu-button-renderer[@class='style-scope ytd-masthead style-default']
2026-02-19 17:57:48.155 [TestNG-test-Yt Master Tests-1] INFO  [verifyingGlobalFilterLandingPageLingua] Clicking language dropdown...
2026-02-19 17:57:48.155 [TestNG-test-Yt Master Tests-1] INFO  [verifyingGlobalFilterLandingPageLingua] [verifyingGlobalFilterLandingPageLingua] Trying to find element: By.xpath: (//div[@id='content-icon'])[2]
2026-02-19 17:57:48.190 [TestNG-test-Yt Master Tests-1] INFO  [verifyingGlobalFilterLandingPageLingua] [verifyingGlobalFilterLandingPageLingua] Element found and ready (attempt 1): By.xpath: (//div[@id='content-icon'])[2]
2026-02-19 17:57:52.044 [TestNG-test-Yt Master Tests-1] INFO  [verifyingGlobalFilterLandingPageLingua] Looking for language element with name: English (India)
2026-02-19 17:57:52.044 [TestNG-test-Yt Master Tests-1] INFO  [verifyingGlobalFilterLandingPageLingua] [verifyingGlobalFilterLandingPageLingua] Trying to find element: By.xpath: //yt-multi-page-menu-section-renderer[@class='style-scope ytd-multi-page-menu-renderer']//yt-formatted-string[@id='label' and text()='English (India)']
2026-02-19 17:57:52.073 [TestNG-test-Yt Master Tests-1] INFO  [verifyingGlobalFilterLandingPageLingua] [verifyingGlobalFilterLandingPageLingua] Element found and ready (attempt 1): By.xpath: //yt-multi-page-menu-section-renderer[@class='style-scope ytd-multi-page-menu-renderer']//yt-formatted-string[@id='label' and text()='English (India)']
2026-02-19 17:57:54.669 [TestNG-test-Yt Master Tests-1] INFO  [verifyingGlobalFilterLandingPageLingua] Clicking settings ellipses button...
2026-02-19 17:57:54.669 [TestNG-test-Yt Master Tests-1] INFO  [verifyingGlobalFilterLandingPageLingua] [verifyingGlobalFilterLandingPageLingua] Trying to find element: By.xpath: //ytd-topbar-menu-button-renderer[@class='style-scope ytd-masthead style-default']
2026-02-19 17:57:56.047 [TestNG-test-Yt Master Tests-1] INFO  [verifyingGlobalFilterLandingPageLingua] [verifyingGlobalFilterLandingPageLingua] Element found and ready (attempt 1): By.xpath: //ytd-topbar-menu-button-renderer[@class='style-scope ytd-masthead style-default']
2026-02-19 17:57:56.397 [TestNG-test-Yt Master Tests-1] INFO  [verifyingGlobalFilterLandingPageLingua] Looking for language element with name: English (India)
2026-02-19 17:57:56.397 [TestNG-test-Yt Master Tests-1] INFO  [verifyingGlobalFilterLandingPageLingua] [verifyingGlobalFilterLandingPageLingua] Waiting until element is visible in viewport
2026-02-19 17:58:06.703 [TestNG-test-Yt Master Tests-1] INFO  [verifyingGlobalFilterLandingPageLingua] [verifyingGlobalFilterLandingPageLingua] Capturing screenshot: Filter Applied is English (India)__2026-02-19_175806jpg
2026-02-19 17:58:07.418 [TestNG-test-Yt Master Tests-1] INFO  [verifyingGlobalFilterLandingPageLingua] [verifyingGlobalFilterLandingPageLingua] Screenshot saved at: test-output/screenshots/Run_2026-02-19_17-49-56/verifyingGlobalFilterLandingPageLingua/Filter Applied is English (India)__2026-02-19_175806jpg
2026-02-19 17:58:07.418 [TestNG-test-Yt Master Tests-1] INFO  [verifyingGlobalFilterLandingPageLingua] Clicking settings ellipses button...
2026-02-19 17:58:07.418 [TestNG-test-Yt Master Tests-1] INFO  [verifyingGlobalFilterLandingPageLingua] [verifyingGlobalFilterLandingPageLingua] Trying to find element: By.xpath: //ytd-topbar-menu-button-renderer[@class='style-scope ytd-masthead style-default']
2026-02-19 17:58:07.481 [TestNG-test-Yt Master Tests-1] INFO  [verifyingGlobalFilterLandingPageLingua] [verifyingGlobalFilterLandingPageLingua] Element found and ready (attempt 1): By.xpath: //ytd-topbar-menu-button-renderer[@class='style-scope ytd-masthead style-default']
2026-02-19 17:58:09.555 [TestNG-test-Yt Master Tests-1] INFO  [verifyingGlobalFilterLandingPageLingua] Clicking on global filter button in landing page..
2026-02-19 17:58:09.555 [TestNG-test-Yt Master Tests-1] INFO  [verifyingGlobalFilterLandingPageLingua] [verifyingGlobalFilterLandingPageLingua] Trying to click element: By.xpath: //div[@id='filter-button']
2026-02-19 17:58:09.798 [TestNG-test-Yt Master Tests-1] INFO  [verifyingGlobalFilterLandingPageLingua] [verifyingGlobalFilterLandingPageLingua] Clicked successfully (attempt 1): By.xpath: //div[@id='filter-button']
2026-02-19 17:58:10.050 [TestNG-test-Yt Master Tests-1] INFO  [verifyingGlobalFilterLandingPageLingua] [verifyingGlobalFilterLandingPageLingua] Waiting until element is visible in viewport
2026-02-19 17:58:10.117 [TestNG-test-Yt Master Tests-1] INFO  [verifyingGlobalFilterLandingPageLingua] [verifyingGlobalFilterLandingPageLingua] Capturing screenshot: Filter Applied is English (India)__2026-02-19_175810jpg
2026-02-19 17:58:11.215 [TestNG-test-Yt Master Tests-1] INFO  [verifyingGlobalFilterLandingPageLingua] [verifyingGlobalFilterLandingPageLingua] Screenshot saved at: test-output/screenshots/Run_2026-02-19_17-49-56/verifyingGlobalFilterLandingPageLingua/Filter Applied is English (India)__2026-02-19_175810jpg
2026-02-19 17:58:11.216 [TestNG-test-Yt Master Tests-1] INFO  [verifyingGlobalFilterLandingPageLingua] Fetching the data from the global filter in landing page
2026-02-19 17:58:11.216 [TestNG-test-Yt Master Tests-1] INFO  [verifyingGlobalFilterLandingPageLingua] [verifyingGlobalFilterLandingPageLingua] Trying to find element: By.xpath: //ytd-search-filter-options-dialog-renderer[@class='style-scope ytd-popup-container']
2026-02-19 17:58:11.298 [TestNG-test-Yt Master Tests-1] INFO  [verifyingGlobalFilterLandingPageLingua] [verifyingGlobalFilterLandingPageLingua] Element found and ready (attempt 1): By.xpath: //ytd-search-filter-options-dialog-renderer[@class='style-scope ytd-popup-container']
2026-02-19 17:58:11.349 [TestNG-test-Yt Master Tests-1] INFO  [verifyingGlobalFilterLandingPageLingua] Closing the global filter pop-up in landing page..
2026-02-19 17:58:11.349 [TestNG-test-Yt Master Tests-1] INFO  [verifyingGlobalFilterLandingPageLingua] [verifyingGlobalFilterLandingPageLingua] Trying to find element: By.xpath: //yt-icon[@icon='close']
2026-02-19 17:58:11.398 [TestNG-test-Yt Master Tests-1] INFO  [verifyingGlobalFilterLandingPageLingua] [verifyingGlobalFilterLandingPageLingua] Element found and ready (attempt 1): By.xpath: //yt-icon[@icon='close']
2026-02-19 17:58:11.498 [TestNG-test-Yt Master Tests-1] INFO  [verifyingGlobalFilterLandingPageLingua] 
========== LANGUAGE DETECTION ==========
Detected Language : ENGLISH
Input Text        : Search filters
TYPE
Videos
Shorts
Channels
Playlists
Movies
DURATION
Under 3 minutes
3–20 minutes
Over 20 minutes
UPLOAD DATE
Today
This week
This month
This year
FEATURES
Live
4K
HD
Subtitles/CC
Creative Commons
360°
VR180
3D
HDR
Location
Purchased
PRIORITISE
Relevance
Popularity
========================================
2026-02-19 17:58:11.498 [TestNG-test-Yt Master Tests-1] INFO  [verifyingGlobalFilterLandingPageLingua] getLangAttribute() - locating <html> and reading lang property
2026-02-19 17:58:11.525 [TestNG-test-Yt Master Tests-1] INFO  [verifyingGlobalFilterLandingPageLingua] Language attribute read: en-IN
2026-02-19 17:58:11.526 [TestNG-test-Yt Master Tests-1] INFO  [verifyingGlobalFilterLandingPageLingua] [verifyingGlobalFilterLandingPageLingua] Not retrying test 'verifyingGlobalFilterLandingPageLingua'. Retry count: 0, Cause: The following asserts failed:
	Language detection mismatch for language=Bosanski expected [CROATIAN] but found [BOSNIAN]
2026-02-19 17:58:11.530 [TestNG-test-Yt Master Tests-1] ERROR [verifyingGlobalFilterLandingPageLingua] Test FAILED: verifyingGlobalFilterLandingPageLingua - java.lang.AssertionError: The following asserts failed:
	Language detection mismatch for language=Bosanski expected [CROATIAN] but found [BOSNIAN]
2026-02-19 17:58:11.530 [TestNG-test-Yt Master Tests-1] INFO  [verifyingGlobalFilterLandingPageLingua] Closing WebDriver for thread: 34
2026-02-19 17:58:12.120 [TestNG-test-Yt Master Tests-1] INFO  [verifyingGlobalFilterLandingPageLingua] WebDriver instance removed from ThreadLocal for thread: 34
2026-02-19 17:58:12.120 [TestNG-test-Yt Master Tests-1] INFO  [verifyingGlobalFilterLandingPageLingua] Driver closed for test: verifyingGlobalFilterLandingPageLingua
