2026-01-31 14:09:20.614 [TestNG-test-Yt Master Tests-2] INFO  [verifyingSettingOptionsLang] ===== STARTING TEST: verifyingSettingOptionsLang  | Thread: 35 =====
2026-01-31 14:09:20.617 [TestNG-test-Yt Master Tests-2] INFO  [verifyingSettingOptionsLang] No existing WebDriver found for current thread. Initializing a new ChromeDriver...
2026-01-31 14:09:20.630 [TestNG-test-Yt Master Tests-2] INFO  [verifyingSettingOptionsLang] WebDriverManager: chromedriver setup OK
2026-01-31 14:09:21.798 [TestNG-test-Yt Master Tests-2] INFO  [verifyingSettingOptionsLang] ChromeDriver initialized successfully for thread: 35
2026-01-31 14:09:21.799 [TestNG-test-Yt Master Tests-2] INFO  [verifyingSettingOptionsLang] Driver initialized successfully for test: verifyingSettingOptionsLang
2026-01-31 14:09:21.800 [TestNG-test-Yt Master Tests-2] INFO  [verifyingSettingOptionsLang] SafeActions initialized with driver ChromeDriver: chrome on windows (1464def676c0491fa093d2f2992a5664)
2026-01-31 14:09:21.800 [TestNG-test-Yt Master Tests-2] INFO  [verifyingSettingOptionsLang] Initialized YtLandingPage with driver: ChromeDriver: chrome on windows (1464def676c0491fa093d2f2992a5664)
2026-01-31 14:09:21.800 [TestNG-test-Yt Master Tests-2] INFO  [verifyingSettingOptionsLang] SafeActions initialized with driver ChromeDriver: chrome on windows (1464def676c0491fa093d2f2992a5664)
2026-01-31 14:09:24.764 [TestNG-test-Yt Master Tests-2] INFO  [verifyingSettingOptionsLang] Opened YouTube landing page.
2026-01-31 14:09:24.764 [TestNG-test-Yt Master Tests-2] INFO  [verifyingSettingOptionsLang] Clicking settings ellipses button...
2026-01-31 14:09:24.765 [TestNG-test-Yt Master Tests-2] INFO  [verifyingSettingOptionsLang] [verifyingSettingOptionsLang] Trying to find element: By.xpath: //ytd-topbar-menu-button-renderer[@class='style-scope ytd-masthead style-default']
2026-01-31 14:09:24.920 [TestNG-test-Yt Master Tests-2] INFO  [verifyingSettingOptionsLang] [verifyingSettingOptionsLang] Element found and ready (attempt 1): By.xpath: //ytd-topbar-menu-button-renderer[@class='style-scope ytd-masthead style-default']
2026-01-31 14:09:26.370 [TestNG-test-Yt Master Tests-2] INFO  [verifyingSettingOptionsLang] Clicking language dropdown...
2026-01-31 14:09:26.370 [TestNG-test-Yt Master Tests-2] INFO  [verifyingSettingOptionsLang] [verifyingSettingOptionsLang] Trying to find element: By.xpath: (//div[@id='content-icon'])[2]
2026-01-31 14:09:26.394 [TestNG-test-Yt Master Tests-2] INFO  [verifyingSettingOptionsLang] [verifyingSettingOptionsLang] Element found and ready (attempt 1): By.xpath: (//div[@id='content-icon'])[2]
2026-01-31 14:09:27.762 [TestNG-test-Yt Master Tests-2] INFO  [verifyingSettingOptionsLang] [verifyingSettingOptionsLang] Execution is Not CRON Job Hence refering to normal keys from UtilData
2026-01-31 14:09:28.763 [TestNG-test-Yt Master Tests-2] INFO  [verifyingSettingOptionsLang] Looking for language element with name: Afrikaans
2026-01-31 14:09:28.763 [TestNG-test-Yt Master Tests-2] INFO  [verifyingSettingOptionsLang] [verifyingSettingOptionsLang] Trying to find element: By.xpath: //yt-multi-page-menu-section-renderer[@class='style-scope ytd-multi-page-menu-renderer']//yt-formatted-string[@id='label' and text()='Afrikaans']
2026-01-31 14:09:28.795 [TestNG-test-Yt Master Tests-2] INFO  [verifyingSettingOptionsLang] [verifyingSettingOptionsLang] Element found and ready (attempt 1): By.xpath: //yt-multi-page-menu-section-renderer[@class='style-scope ytd-multi-page-menu-renderer']//yt-formatted-string[@id='label' and text()='Afrikaans']
2026-01-31 14:09:31.205 [TestNG-test-Yt Master Tests-2] INFO  [verifyingSettingOptionsLang] Clicking settings ellipses button...
2026-01-31 14:09:31.206 [TestNG-test-Yt Master Tests-2] INFO  [verifyingSettingOptionsLang] [verifyingSettingOptionsLang] Trying to find element: By.xpath: //ytd-topbar-menu-button-renderer[@class='style-scope ytd-masthead style-default']
2026-01-31 14:09:31.411 [TestNG-test-Yt Master Tests-2] INFO  [verifyingSettingOptionsLang] [verifyingSettingOptionsLang] Element found and ready (attempt 1): By.xpath: //ytd-topbar-menu-button-renderer[@class='style-scope ytd-masthead style-default']
2026-01-31 14:09:31.835 [TestNG-test-Yt Master Tests-2] INFO  [verifyingSettingOptionsLang] Looking for language element with name: Afrikaans
2026-01-31 14:09:31.835 [TestNG-test-Yt Master Tests-2] INFO  [verifyingSettingOptionsLang] [verifyingSettingOptionsLang] Waiting until element is visible in viewport
2026-01-31 14:09:42.278 [TestNG-test-Yt Master Tests-2] INFO  [verifyingSettingOptionsLang] [verifyingSettingOptionsLang] Capturing screenshot: Filter Applied is Afrikaans__2026-01-31_140942.png
2026-01-31 14:09:42.336 [TestNG-test-Yt Master Tests-2] INFO  [verifyingSettingOptionsLang] [verifyingSettingOptionsLang] Screenshot saved at: test-output/screenshots/Run_2026-01-31_14-04-53/verifyingSettingOptionsLang/Filter Applied is Afrikaans__2026-01-31_140942.png
2026-01-31 14:09:42.336 [TestNG-test-Yt Master Tests-2] INFO  [verifyingSettingOptionsLang] Clicking settings ellipses button...
2026-01-31 14:09:42.336 [TestNG-test-Yt Master Tests-2] INFO  [verifyingSettingOptionsLang] [verifyingSettingOptionsLang] Trying to find element: By.xpath: //ytd-topbar-menu-button-renderer[@class='style-scope ytd-masthead style-default']
2026-01-31 14:09:42.356 [TestNG-test-Yt Master Tests-2] INFO  [verifyingSettingOptionsLang] [verifyingSettingOptionsLang] Element found and ready (attempt 1): By.xpath: //ytd-topbar-menu-button-renderer[@class='style-scope ytd-masthead style-default']
2026-01-31 14:09:44.414 [TestNG-test-Yt Master Tests-2] INFO  [verifyingSettingOptionsLang] Clicking settings ellipses button...
2026-01-31 14:09:44.414 [TestNG-test-Yt Master Tests-2] INFO  [verifyingSettingOptionsLang] [verifyingSettingOptionsLang] Trying to find element: By.xpath: //ytd-topbar-menu-button-renderer[@class='style-scope ytd-masthead style-default']
2026-01-31 14:09:44.435 [TestNG-test-Yt Master Tests-2] INFO  [verifyingSettingOptionsLang] [verifyingSettingOptionsLang] Element found and ready (attempt 1): By.xpath: //ytd-topbar-menu-button-renderer[@class='style-scope ytd-masthead style-default']
2026-01-31 14:09:45.498 [TestNG-test-Yt Master Tests-2] INFO  [verifyingSettingOptionsLang] Getting the setting ellipses options
2026-01-31 14:09:45.498 [TestNG-test-Yt Master Tests-2] INFO  [verifyingSettingOptionsLang] [verifyingSettingOptionsLang] Trying to find element: By.xpath: //ytd-multi-page-menu-renderer
2026-01-31 14:09:45.525 [TestNG-test-Yt Master Tests-2] INFO  [verifyingSettingOptionsLang] [verifyingSettingOptionsLang] Element found and ready (attempt 1): By.xpath: //ytd-multi-page-menu-renderer
2026-01-31 14:09:45.611 [TestNG-test-Yt Master Tests-2] INFO  [verifyingSettingOptionsLang] Clicking settings ellipses button...
2026-01-31 14:09:45.611 [TestNG-test-Yt Master Tests-2] INFO  [verifyingSettingOptionsLang] [verifyingSettingOptionsLang] Trying to find element: By.xpath: //ytd-topbar-menu-button-renderer[@class='style-scope ytd-masthead style-default']
2026-01-31 14:09:45.650 [TestNG-test-Yt Master Tests-2] INFO  [verifyingSettingOptionsLang] [verifyingSettingOptionsLang] Element found and ready (attempt 1): By.xpath: //ytd-topbar-menu-button-renderer[@class='style-scope ytd-masthead style-default']
2026-01-31 14:09:46.677 [TestNG-test-Yt Master Tests-2] INFO  [verifyingSettingOptionsLang] 
========== LANGUAGE DETECTION ==========
Detected Language : AFRIKAANS
Input Text        : Jou data in YouTube
Voorkoms: Lig
Vertoontaal:
Afrikaans
Beperkmodus: Af
Ligging:
Verenigde State
Kortpadsleutels
Instellings
Hulp
Stuur terugvoer
========================================
2026-01-31 14:09:46.679 [TestNG-test-Yt Master Tests-2] INFO  [verifyingSettingOptionsLang] getLangAttributeViaLanguageInput(Afrikaans)
2026-01-31 14:09:46.680 [TestNG-test-Yt Master Tests-2] INFO  [verifyingSettingOptionsLang] Mapped Afrikaans -> af-ZA
2026-01-31 14:09:46.680 [TestNG-test-Yt Master Tests-2] INFO  [verifyingSettingOptionsLang] getLangAttribute() - locating <html> and reading lang property
2026-01-31 14:09:46.714 [TestNG-test-Yt Master Tests-2] INFO  [verifyingSettingOptionsLang] Language attribute read: af-ZA
2026-01-31 14:09:46.715 [TestNG-test-Yt Master Tests-2] INFO  [verifyingSettingOptionsLang] Clicking settings ellipses button...
2026-01-31 14:09:46.715 [TestNG-test-Yt Master Tests-2] INFO  [verifyingSettingOptionsLang] [verifyingSettingOptionsLang] Trying to find element: By.xpath: //ytd-topbar-menu-button-renderer[@class='style-scope ytd-masthead style-default']
2026-01-31 14:09:46.736 [TestNG-test-Yt Master Tests-2] INFO  [verifyingSettingOptionsLang] [verifyingSettingOptionsLang] Element found and ready (attempt 1): By.xpath: //ytd-topbar-menu-button-renderer[@class='style-scope ytd-masthead style-default']
2026-01-31 14:09:48.794 [TestNG-test-Yt Master Tests-2] INFO  [verifyingSettingOptionsLang] Clicking language dropdown...
2026-01-31 14:09:48.794 [TestNG-test-Yt Master Tests-2] INFO  [verifyingSettingOptionsLang] [verifyingSettingOptionsLang] Trying to find element: By.xpath: (//div[@id='content-icon'])[2]
2026-01-31 14:09:48.815 [TestNG-test-Yt Master Tests-2] INFO  [verifyingSettingOptionsLang] [verifyingSettingOptionsLang] Element found and ready (attempt 1): By.xpath: (//div[@id='content-icon'])[2]
2026-01-31 14:09:52.175 [TestNG-test-Yt Master Tests-2] INFO  [verifyingSettingOptionsLang] Looking for language element with name: Azərbaycan
2026-01-31 14:09:52.175 [TestNG-test-Yt Master Tests-2] INFO  [verifyingSettingOptionsLang] [verifyingSettingOptionsLang] Trying to find element: By.xpath: //yt-multi-page-menu-section-renderer[@class='style-scope ytd-multi-page-menu-renderer']//yt-formatted-string[@id='label' and text()='Azərbaycan']
2026-01-31 14:09:52.200 [TestNG-test-Yt Master Tests-2] INFO  [verifyingSettingOptionsLang] [verifyingSettingOptionsLang] Element found and ready (attempt 1): By.xpath: //yt-multi-page-menu-section-renderer[@class='style-scope ytd-multi-page-menu-renderer']//yt-formatted-string[@id='label' and text()='Azərbaycan']
2026-01-31 14:09:53.909 [TestNG-test-Yt Master Tests-2] INFO  [verifyingSettingOptionsLang] Clicking settings ellipses button...
2026-01-31 14:09:53.909 [TestNG-test-Yt Master Tests-2] INFO  [verifyingSettingOptionsLang] [verifyingSettingOptionsLang] Trying to find element: By.xpath: //ytd-topbar-menu-button-renderer[@class='style-scope ytd-masthead style-default']
2026-01-31 14:09:54.111 [TestNG-test-Yt Master Tests-2] INFO  [verifyingSettingOptionsLang] [verifyingSettingOptionsLang] Element found and ready (attempt 1): By.xpath: //ytd-topbar-menu-button-renderer[@class='style-scope ytd-masthead style-default']
2026-01-31 14:09:54.267 [TestNG-test-Yt Master Tests-2] INFO  [verifyingSettingOptionsLang] Looking for language element with name: Azərbaycan
2026-01-31 14:09:54.282 [TestNG-test-Yt Master Tests-2] INFO  [verifyingSettingOptionsLang] [verifyingSettingOptionsLang] Waiting until element is visible in viewport
2026-01-31 14:10:04.556 [TestNG-test-Yt Master Tests-2] INFO  [verifyingSettingOptionsLang] [verifyingSettingOptionsLang] Capturing screenshot: Filter Applied is Azərbaycan__2026-01-31_141004.png
2026-01-31 14:10:04.608 [TestNG-test-Yt Master Tests-2] INFO  [verifyingSettingOptionsLang] [verifyingSettingOptionsLang] Screenshot saved at: test-output/screenshots/Run_2026-01-31_14-04-53/verifyingSettingOptionsLang/Filter Applied is Azərbaycan__2026-01-31_141004.png
2026-01-31 14:10:04.608 [TestNG-test-Yt Master Tests-2] INFO  [verifyingSettingOptionsLang] Clicking settings ellipses button...
2026-01-31 14:10:04.608 [TestNG-test-Yt Master Tests-2] INFO  [verifyingSettingOptionsLang] [verifyingSettingOptionsLang] Trying to find element: By.xpath: //ytd-topbar-menu-button-renderer[@class='style-scope ytd-masthead style-default']
2026-01-31 14:10:04.627 [TestNG-test-Yt Master Tests-2] INFO  [verifyingSettingOptionsLang] [verifyingSettingOptionsLang] Element found and ready (attempt 1): By.xpath: //ytd-topbar-menu-button-renderer[@class='style-scope ytd-masthead style-default']
2026-01-31 14:10:06.675 [TestNG-test-Yt Master Tests-2] INFO  [verifyingSettingOptionsLang] Clicking settings ellipses button...
2026-01-31 14:10:06.675 [TestNG-test-Yt Master Tests-2] INFO  [verifyingSettingOptionsLang] [verifyingSettingOptionsLang] Trying to find element: By.xpath: //ytd-topbar-menu-button-renderer[@class='style-scope ytd-masthead style-default']
2026-01-31 14:10:06.693 [TestNG-test-Yt Master Tests-2] INFO  [verifyingSettingOptionsLang] [verifyingSettingOptionsLang] Element found and ready (attempt 1): By.xpath: //ytd-topbar-menu-button-renderer[@class='style-scope ytd-masthead style-default']
2026-01-31 14:10:07.748 [TestNG-test-Yt Master Tests-2] INFO  [verifyingSettingOptionsLang] Getting the setting ellipses options
2026-01-31 14:10:07.748 [TestNG-test-Yt Master Tests-2] INFO  [verifyingSettingOptionsLang] [verifyingSettingOptionsLang] Trying to find element: By.xpath: //ytd-multi-page-menu-renderer
2026-01-31 14:10:07.777 [TestNG-test-Yt Master Tests-2] INFO  [verifyingSettingOptionsLang] [verifyingSettingOptionsLang] Element found and ready (attempt 1): By.xpath: //ytd-multi-page-menu-renderer
2026-01-31 14:10:07.829 [TestNG-test-Yt Master Tests-2] INFO  [verifyingSettingOptionsLang] Clicking settings ellipses button...
2026-01-31 14:10:07.829 [TestNG-test-Yt Master Tests-2] INFO  [verifyingSettingOptionsLang] [verifyingSettingOptionsLang] Trying to find element: By.xpath: //ytd-topbar-menu-button-renderer[@class='style-scope ytd-masthead style-default']
2026-01-31 14:10:07.850 [TestNG-test-Yt Master Tests-2] INFO  [verifyingSettingOptionsLang] [verifyingSettingOptionsLang] Element found and ready (attempt 1): By.xpath: //ytd-topbar-menu-button-renderer[@class='style-scope ytd-masthead style-default']
2026-01-31 14:10:07.917 [TestNG-test-Yt Master Tests-2] INFO  [verifyingSettingOptionsLang] 
========== LANGUAGE DETECTION ==========
Detected Language : AZERBAIJANI
Input Text        : YouTube Datanız
Görünüş: Açıq
Displey dili:
azərbaycan
Limitli Rejim: Deaktiv
Məkan:
Amerika Birləşmiş Ştatları
Klaviatura qısayolları
Ayarlar
Yardım
Rəy göndərin
========================================
2026-01-31 14:10:07.917 [TestNG-test-Yt Master Tests-2] INFO  [verifyingSettingOptionsLang] getLangAttributeViaLanguageInput(Azərbaycan)
2026-01-31 14:10:07.917 [TestNG-test-Yt Master Tests-2] INFO  [verifyingSettingOptionsLang] Mapped Azərbaycan -> az-Latn-AZ
2026-01-31 14:10:07.918 [TestNG-test-Yt Master Tests-2] INFO  [verifyingSettingOptionsLang] getLangAttribute() - locating <html> and reading lang property
2026-01-31 14:10:07.932 [TestNG-test-Yt Master Tests-2] INFO  [verifyingSettingOptionsLang] Language attribute read: az-Latn-AZ
2026-01-31 14:10:07.932 [TestNG-test-Yt Master Tests-2] INFO  [verifyingSettingOptionsLang] Clicking settings ellipses button...
2026-01-31 14:10:07.932 [TestNG-test-Yt Master Tests-2] INFO  [verifyingSettingOptionsLang] [verifyingSettingOptionsLang] Trying to find element: By.xpath: //ytd-topbar-menu-button-renderer[@class='style-scope ytd-masthead style-default']
2026-01-31 14:10:07.966 [TestNG-test-Yt Master Tests-2] INFO  [verifyingSettingOptionsLang] [verifyingSettingOptionsLang] Element found and ready (attempt 1): By.xpath: //ytd-topbar-menu-button-renderer[@class='style-scope ytd-masthead style-default']
2026-01-31 14:10:10.030 [TestNG-test-Yt Master Tests-2] INFO  [verifyingSettingOptionsLang] Clicking language dropdown...
2026-01-31 14:10:10.030 [TestNG-test-Yt Master Tests-2] INFO  [verifyingSettingOptionsLang] [verifyingSettingOptionsLang] Trying to find element: By.xpath: (//div[@id='content-icon'])[2]
2026-01-31 14:10:10.056 [TestNG-test-Yt Master Tests-2] INFO  [verifyingSettingOptionsLang] [verifyingSettingOptionsLang] Element found and ready (attempt 1): By.xpath: (//div[@id='content-icon'])[2]
2026-01-31 14:10:13.523 [TestNG-test-Yt Master Tests-2] INFO  [verifyingSettingOptionsLang] Looking for language element with name: Bahasa Indonesia
2026-01-31 14:10:13.523 [TestNG-test-Yt Master Tests-2] INFO  [verifyingSettingOptionsLang] [verifyingSettingOptionsLang] Trying to find element: By.xpath: //yt-multi-page-menu-section-renderer[@class='style-scope ytd-multi-page-menu-renderer']//yt-formatted-string[@id='label' and text()='Bahasa Indonesia']
2026-01-31 14:10:13.549 [TestNG-test-Yt Master Tests-2] INFO  [verifyingSettingOptionsLang] [verifyingSettingOptionsLang] Element found and ready (attempt 1): By.xpath: //yt-multi-page-menu-section-renderer[@class='style-scope ytd-multi-page-menu-renderer']//yt-formatted-string[@id='label' and text()='Bahasa Indonesia']
2026-01-31 14:10:15.140 [TestNG-test-Yt Master Tests-2] INFO  [verifyingSettingOptionsLang] Clicking settings ellipses button...
2026-01-31 14:10:15.140 [TestNG-test-Yt Master Tests-2] INFO  [verifyingSettingOptionsLang] [verifyingSettingOptionsLang] Trying to find element: By.xpath: //ytd-topbar-menu-button-renderer[@class='style-scope ytd-masthead style-default']
2026-01-31 14:10:15.352 [TestNG-test-Yt Master Tests-2] INFO  [verifyingSettingOptionsLang] [verifyingSettingOptionsLang] Element found and ready (attempt 1): By.xpath: //ytd-topbar-menu-button-renderer[@class='style-scope ytd-masthead style-default']
2026-01-31 14:10:15.614 [TestNG-test-Yt Master Tests-2] INFO  [verifyingSettingOptionsLang] Looking for language element with name: Bahasa Indonesia
2026-01-31 14:10:15.614 [TestNG-test-Yt Master Tests-2] INFO  [verifyingSettingOptionsLang] [verifyingSettingOptionsLang] Waiting until element is visible in viewport
2026-01-31 14:10:25.648 [TestNG-test-Yt Master Tests-2] INFO  [verifyingSettingOptionsLang] [verifyingSettingOptionsLang] Capturing screenshot: Filter Applied is Bahasa Indonesia__2026-01-31_141025.png
2026-01-31 14:10:25.703 [TestNG-test-Yt Master Tests-2] INFO  [verifyingSettingOptionsLang] [verifyingSettingOptionsLang] Screenshot saved at: test-output/screenshots/Run_2026-01-31_14-04-53/verifyingSettingOptionsLang/Filter Applied is Bahasa Indonesia__2026-01-31_141025.png
2026-01-31 14:10:25.703 [TestNG-test-Yt Master Tests-2] INFO  [verifyingSettingOptionsLang] Clicking settings ellipses button...
2026-01-31 14:10:25.703 [TestNG-test-Yt Master Tests-2] INFO  [verifyingSettingOptionsLang] [verifyingSettingOptionsLang] Trying to find element: By.xpath: //ytd-topbar-menu-button-renderer[@class='style-scope ytd-masthead style-default']
2026-01-31 14:10:25.725 [TestNG-test-Yt Master Tests-2] INFO  [verifyingSettingOptionsLang] [verifyingSettingOptionsLang] Element found and ready (attempt 1): By.xpath: //ytd-topbar-menu-button-renderer[@class='style-scope ytd-masthead style-default']
2026-01-31 14:10:27.779 [TestNG-test-Yt Master Tests-2] INFO  [verifyingSettingOptionsLang] Clicking settings ellipses button...
2026-01-31 14:10:27.779 [TestNG-test-Yt Master Tests-2] INFO  [verifyingSettingOptionsLang] [verifyingSettingOptionsLang] Trying to find element: By.xpath: //ytd-topbar-menu-button-renderer[@class='style-scope ytd-masthead style-default']
2026-01-31 14:10:27.799 [TestNG-test-Yt Master Tests-2] INFO  [verifyingSettingOptionsLang] [verifyingSettingOptionsLang] Element found and ready (attempt 1): By.xpath: //ytd-topbar-menu-button-renderer[@class='style-scope ytd-masthead style-default']
2026-01-31 14:10:28.853 [TestNG-test-Yt Master Tests-2] INFO  [verifyingSettingOptionsLang] Getting the setting ellipses options
2026-01-31 14:10:28.853 [TestNG-test-Yt Master Tests-2] INFO  [verifyingSettingOptionsLang] [verifyingSettingOptionsLang] Trying to find element: By.xpath: //ytd-multi-page-menu-renderer
2026-01-31 14:10:28.873 [TestNG-test-Yt Master Tests-2] INFO  [verifyingSettingOptionsLang] [verifyingSettingOptionsLang] Element found and ready (attempt 1): By.xpath: //ytd-multi-page-menu-renderer
2026-01-31 14:10:28.910 [TestNG-test-Yt Master Tests-2] INFO  [verifyingSettingOptionsLang] Clicking settings ellipses button...
2026-01-31 14:10:28.910 [TestNG-test-Yt Master Tests-2] INFO  [verifyingSettingOptionsLang] [verifyingSettingOptionsLang] Trying to find element: By.xpath: //ytd-topbar-menu-button-renderer[@class='style-scope ytd-masthead style-default']
2026-01-31 14:10:28.929 [TestNG-test-Yt Master Tests-2] INFO  [verifyingSettingOptionsLang] [verifyingSettingOptionsLang] Element found and ready (attempt 1): By.xpath: //ytd-topbar-menu-button-renderer[@class='style-scope ytd-masthead style-default']
2026-01-31 14:10:28.981 [TestNG-test-Yt Master Tests-2] INFO  [verifyingSettingOptionsLang] 
========== LANGUAGE DETECTION ==========
Detected Language : INDONESIAN
Input Text        : Data Anda di YouTube
Tampilan: Terang
Bahasa tampilan:
Indonesia
Mode Terbatas: Nonaktif
Lokasi:
Amerika Serikat
Pintasan keyboard
Setelan
Bantuan
Kirim masukan
========================================
2026-01-31 14:10:28.981 [TestNG-test-Yt Master Tests-2] INFO  [verifyingSettingOptionsLang] getLangAttributeViaLanguageInput(Bahasa Indonesia)
2026-01-31 14:10:28.984 [TestNG-test-Yt Master Tests-2] INFO  [verifyingSettingOptionsLang] Mapped Bahasa Indonesia -> id-ID
2026-01-31 14:10:28.985 [TestNG-test-Yt Master Tests-2] INFO  [verifyingSettingOptionsLang] getLangAttribute() - locating <html> and reading lang property
2026-01-31 14:10:29.000 [TestNG-test-Yt Master Tests-2] INFO  [verifyingSettingOptionsLang] Language attribute read: id-ID
2026-01-31 14:10:29.000 [TestNG-test-Yt Master Tests-2] INFO  [verifyingSettingOptionsLang] Clicking settings ellipses button...
2026-01-31 14:10:29.000 [TestNG-test-Yt Master Tests-2] INFO  [verifyingSettingOptionsLang] [verifyingSettingOptionsLang] Trying to find element: By.xpath: //ytd-topbar-menu-button-renderer[@class='style-scope ytd-masthead style-default']
2026-01-31 14:10:29.022 [TestNG-test-Yt Master Tests-2] INFO  [verifyingSettingOptionsLang] [verifyingSettingOptionsLang] Element found and ready (attempt 1): By.xpath: //ytd-topbar-menu-button-renderer[@class='style-scope ytd-masthead style-default']
2026-01-31 14:10:31.078 [TestNG-test-Yt Master Tests-2] INFO  [verifyingSettingOptionsLang] Clicking language dropdown...
2026-01-31 14:10:31.078 [TestNG-test-Yt Master Tests-2] INFO  [verifyingSettingOptionsLang] [verifyingSettingOptionsLang] Trying to find element: By.xpath: (//div[@id='content-icon'])[2]
2026-01-31 14:10:31.099 [TestNG-test-Yt Master Tests-2] INFO  [verifyingSettingOptionsLang] [verifyingSettingOptionsLang] Element found and ready (attempt 1): By.xpath: (//div[@id='content-icon'])[2]
2026-01-31 14:10:34.520 [TestNG-test-Yt Master Tests-2] INFO  [verifyingSettingOptionsLang] Looking for language element with name: Bosanski
2026-01-31 14:10:34.520 [TestNG-test-Yt Master Tests-2] INFO  [verifyingSettingOptionsLang] [verifyingSettingOptionsLang] Trying to find element: By.xpath: //yt-multi-page-menu-section-renderer[@class='style-scope ytd-multi-page-menu-renderer']//yt-formatted-string[@id='label' and text()='Bosanski']
2026-01-31 14:10:34.548 [TestNG-test-Yt Master Tests-2] INFO  [verifyingSettingOptionsLang] [verifyingSettingOptionsLang] Element found and ready (attempt 1): By.xpath: //yt-multi-page-menu-section-renderer[@class='style-scope ytd-multi-page-menu-renderer']//yt-formatted-string[@id='label' and text()='Bosanski']
2026-01-31 14:10:36.075 [TestNG-test-Yt Master Tests-2] INFO  [verifyingSettingOptionsLang] Clicking settings ellipses button...
2026-01-31 14:10:36.075 [TestNG-test-Yt Master Tests-2] INFO  [verifyingSettingOptionsLang] [verifyingSettingOptionsLang] Trying to find element: By.xpath: //ytd-topbar-menu-button-renderer[@class='style-scope ytd-masthead style-default']
2026-01-31 14:10:36.831 [TestNG-test-Yt Master Tests-2] INFO  [verifyingSettingOptionsLang] [verifyingSettingOptionsLang] Element found and ready (attempt 1): By.xpath: //ytd-topbar-menu-button-renderer[@class='style-scope ytd-masthead style-default']
2026-01-31 14:10:37.158 [TestNG-test-Yt Master Tests-2] INFO  [verifyingSettingOptionsLang] Looking for language element with name: Bosanski
2026-01-31 14:10:37.158 [TestNG-test-Yt Master Tests-2] INFO  [verifyingSettingOptionsLang] [verifyingSettingOptionsLang] Waiting until element is visible in viewport
2026-01-31 14:10:47.390 [TestNG-test-Yt Master Tests-2] INFO  [verifyingSettingOptionsLang] [verifyingSettingOptionsLang] Capturing screenshot: Filter Applied is Bosanski__2026-01-31_141047.png
2026-01-31 14:10:47.453 [TestNG-test-Yt Master Tests-2] INFO  [verifyingSettingOptionsLang] [verifyingSettingOptionsLang] Screenshot saved at: test-output/screenshots/Run_2026-01-31_14-04-53/verifyingSettingOptionsLang/Filter Applied is Bosanski__2026-01-31_141047.png
2026-01-31 14:10:47.453 [TestNG-test-Yt Master Tests-2] INFO  [verifyingSettingOptionsLang] Clicking settings ellipses button...
2026-01-31 14:10:47.453 [TestNG-test-Yt Master Tests-2] INFO  [verifyingSettingOptionsLang] [verifyingSettingOptionsLang] Trying to find element: By.xpath: //ytd-topbar-menu-button-renderer[@class='style-scope ytd-masthead style-default']
2026-01-31 14:10:47.473 [TestNG-test-Yt Master Tests-2] INFO  [verifyingSettingOptionsLang] [verifyingSettingOptionsLang] Element found and ready (attempt 1): By.xpath: //ytd-topbar-menu-button-renderer[@class='style-scope ytd-masthead style-default']
2026-01-31 14:10:49.525 [TestNG-test-Yt Master Tests-2] INFO  [verifyingSettingOptionsLang] Clicking settings ellipses button...
2026-01-31 14:10:49.525 [TestNG-test-Yt Master Tests-2] INFO  [verifyingSettingOptionsLang] [verifyingSettingOptionsLang] Trying to find element: By.xpath: //ytd-topbar-menu-button-renderer[@class='style-scope ytd-masthead style-default']
2026-01-31 14:10:49.549 [TestNG-test-Yt Master Tests-2] INFO  [verifyingSettingOptionsLang] [verifyingSettingOptionsLang] Element found and ready (attempt 1): By.xpath: //ytd-topbar-menu-button-renderer[@class='style-scope ytd-masthead style-default']
2026-01-31 14:10:50.610 [TestNG-test-Yt Master Tests-2] INFO  [verifyingSettingOptionsLang] Getting the setting ellipses options
2026-01-31 14:10:50.610 [TestNG-test-Yt Master Tests-2] INFO  [verifyingSettingOptionsLang] [verifyingSettingOptionsLang] Trying to find element: By.xpath: //ytd-multi-page-menu-renderer
2026-01-31 14:10:50.631 [TestNG-test-Yt Master Tests-2] INFO  [verifyingSettingOptionsLang] [verifyingSettingOptionsLang] Element found and ready (attempt 1): By.xpath: //ytd-multi-page-menu-renderer
2026-01-31 14:10:50.671 [TestNG-test-Yt Master Tests-2] INFO  [verifyingSettingOptionsLang] Clicking settings ellipses button...
2026-01-31 14:10:50.671 [TestNG-test-Yt Master Tests-2] INFO  [verifyingSettingOptionsLang] [verifyingSettingOptionsLang] Trying to find element: By.xpath: //ytd-topbar-menu-button-renderer[@class='style-scope ytd-masthead style-default']
2026-01-31 14:10:50.691 [TestNG-test-Yt Master Tests-2] INFO  [verifyingSettingOptionsLang] [verifyingSettingOptionsLang] Element found and ready (attempt 1): By.xpath: //ytd-topbar-menu-button-renderer[@class='style-scope ytd-masthead style-default']
2026-01-31 14:10:50.748 [TestNG-test-Yt Master Tests-2] INFO  [verifyingSettingOptionsLang] 
========== LANGUAGE DETECTION ==========
Detected Language : BOSNIAN
Input Text        : Vaši podaci na YouTubeu
Izgled: svijetla tema
Jezik prikaza:
bosanski
Ograničeni način rada: isključeno
Lokacija:
Sjedinjene Američke Države
Prečice na tastaturi
Postavke
Pomoć
Pošaljite povratne informacije
========================================
2026-01-31 14:10:50.749 [TestNG-test-Yt Master Tests-2] INFO  [verifyingSettingOptionsLang] getLangAttributeViaLanguageInput(Bosanski)
2026-01-31 14:10:50.749 [TestNG-test-Yt Master Tests-2] INFO  [verifyingSettingOptionsLang] Mapped Bosanski -> bs-Latn-BA
2026-01-31 14:10:50.749 [TestNG-test-Yt Master Tests-2] INFO  [verifyingSettingOptionsLang] getLangAttribute() - locating <html> and reading lang property
2026-01-31 14:10:50.762 [TestNG-test-Yt Master Tests-2] INFO  [verifyingSettingOptionsLang] Language attribute read: bs-Latn-BA
2026-01-31 14:10:50.762 [TestNG-test-Yt Master Tests-2] INFO  [verifyingSettingOptionsLang] Clicking settings ellipses button...
2026-01-31 14:10:50.762 [TestNG-test-Yt Master Tests-2] INFO  [verifyingSettingOptionsLang] [verifyingSettingOptionsLang] Trying to find element: By.xpath: //ytd-topbar-menu-button-renderer[@class='style-scope ytd-masthead style-default']
2026-01-31 14:10:50.783 [TestNG-test-Yt Master Tests-2] INFO  [verifyingSettingOptionsLang] [verifyingSettingOptionsLang] Element found and ready (attempt 1): By.xpath: //ytd-topbar-menu-button-renderer[@class='style-scope ytd-masthead style-default']
2026-01-31 14:10:52.845 [TestNG-test-Yt Master Tests-2] INFO  [verifyingSettingOptionsLang] Clicking language dropdown...
2026-01-31 14:10:52.845 [TestNG-test-Yt Master Tests-2] INFO  [verifyingSettingOptionsLang] [verifyingSettingOptionsLang] Trying to find element: By.xpath: (//div[@id='content-icon'])[2]
2026-01-31 14:10:52.869 [TestNG-test-Yt Master Tests-2] INFO  [verifyingSettingOptionsLang] [verifyingSettingOptionsLang] Element found and ready (attempt 1): By.xpath: (//div[@id='content-icon'])[2]
2026-01-31 14:10:56.349 [TestNG-test-Yt Master Tests-2] INFO  [verifyingSettingOptionsLang] Looking for language element with name: Català
2026-01-31 14:10:56.349 [TestNG-test-Yt Master Tests-2] INFO  [verifyingSettingOptionsLang] [verifyingSettingOptionsLang] Trying to find element: By.xpath: //yt-multi-page-menu-section-renderer[@class='style-scope ytd-multi-page-menu-renderer']//yt-formatted-string[@id='label' and text()='Català']
2026-01-31 14:10:56.376 [TestNG-test-Yt Master Tests-2] INFO  [verifyingSettingOptionsLang] [verifyingSettingOptionsLang] Element found and ready (attempt 1): By.xpath: //yt-multi-page-menu-section-renderer[@class='style-scope ytd-multi-page-menu-renderer']//yt-formatted-string[@id='label' and text()='Català']
2026-01-31 14:10:57.989 [TestNG-test-Yt Master Tests-2] INFO  [verifyingSettingOptionsLang] Clicking settings ellipses button...
2026-01-31 14:10:57.990 [TestNG-test-Yt Master Tests-2] INFO  [verifyingSettingOptionsLang] [verifyingSettingOptionsLang] Trying to find element: By.xpath: //ytd-topbar-menu-button-renderer[@class='style-scope ytd-masthead style-default']
2026-01-31 14:10:58.264 [TestNG-test-Yt Master Tests-2] INFO  [verifyingSettingOptionsLang] [verifyingSettingOptionsLang] Element found and ready (attempt 1): By.xpath: //ytd-topbar-menu-button-renderer[@class='style-scope ytd-masthead style-default']
2026-01-31 14:10:58.756 [TestNG-test-Yt Master Tests-2] INFO  [verifyingSettingOptionsLang] Looking for language element with name: Català
2026-01-31 14:10:58.756 [TestNG-test-Yt Master Tests-2] INFO  [verifyingSettingOptionsLang] [verifyingSettingOptionsLang] Waiting until element is visible in viewport
2026-01-31 14:11:08.902 [TestNG-test-Yt Master Tests-2] INFO  [verifyingSettingOptionsLang] [verifyingSettingOptionsLang] Capturing screenshot: Filter Applied is Català__2026-01-31_141108.png
2026-01-31 14:11:08.996 [TestNG-test-Yt Master Tests-2] INFO  [verifyingSettingOptionsLang] [verifyingSettingOptionsLang] Screenshot saved at: test-output/screenshots/Run_2026-01-31_14-04-53/verifyingSettingOptionsLang/Filter Applied is Català__2026-01-31_141108.png
2026-01-31 14:11:08.996 [TestNG-test-Yt Master Tests-2] INFO  [verifyingSettingOptionsLang] Clicking settings ellipses button...
2026-01-31 14:11:08.996 [TestNG-test-Yt Master Tests-2] INFO  [verifyingSettingOptionsLang] [verifyingSettingOptionsLang] Trying to find element: By.xpath: //ytd-topbar-menu-button-renderer[@class='style-scope ytd-masthead style-default']
2026-01-31 14:11:09.030 [TestNG-test-Yt Master Tests-2] INFO  [verifyingSettingOptionsLang] [verifyingSettingOptionsLang] Element found and ready (attempt 1): By.xpath: //ytd-topbar-menu-button-renderer[@class='style-scope ytd-masthead style-default']
2026-01-31 14:11:11.112 [TestNG-test-Yt Master Tests-2] INFO  [verifyingSettingOptionsLang] Clicking settings ellipses button...
2026-01-31 14:11:11.112 [TestNG-test-Yt Master Tests-2] INFO  [verifyingSettingOptionsLang] [verifyingSettingOptionsLang] Trying to find element: By.xpath: //ytd-topbar-menu-button-renderer[@class='style-scope ytd-masthead style-default']
2026-01-31 14:11:11.135 [TestNG-test-Yt Master Tests-2] INFO  [verifyingSettingOptionsLang] [verifyingSettingOptionsLang] Element found and ready (attempt 1): By.xpath: //ytd-topbar-menu-button-renderer[@class='style-scope ytd-masthead style-default']
2026-01-31 14:11:12.196 [TestNG-test-Yt Master Tests-2] INFO  [verifyingSettingOptionsLang] Getting the setting ellipses options
2026-01-31 14:11:12.196 [TestNG-test-Yt Master Tests-2] INFO  [verifyingSettingOptionsLang] [verifyingSettingOptionsLang] Trying to find element: By.xpath: //ytd-multi-page-menu-renderer
2026-01-31 14:11:12.216 [TestNG-test-Yt Master Tests-2] INFO  [verifyingSettingOptionsLang] [verifyingSettingOptionsLang] Element found and ready (attempt 1): By.xpath: //ytd-multi-page-menu-renderer
2026-01-31 14:11:12.259 [TestNG-test-Yt Master Tests-2] INFO  [verifyingSettingOptionsLang] Clicking settings ellipses button...
2026-01-31 14:11:12.259 [TestNG-test-Yt Master Tests-2] INFO  [verifyingSettingOptionsLang] [verifyingSettingOptionsLang] Trying to find element: By.xpath: //ytd-topbar-menu-button-renderer[@class='style-scope ytd-masthead style-default']
2026-01-31 14:11:12.278 [TestNG-test-Yt Master Tests-2] INFO  [verifyingSettingOptionsLang] [verifyingSettingOptionsLang] Element found and ready (attempt 1): By.xpath: //ytd-topbar-menu-button-renderer[@class='style-scope ytd-masthead style-default']
2026-01-31 14:11:12.344 [TestNG-test-Yt Master Tests-2] INFO  [verifyingSettingOptionsLang] 
========== LANGUAGE DETECTION ==========
Detected Language : CATALAN
Input Text        : Les teves dades a YouTube
Aparença: clar
Idioma de visualització:
català
Mode restringit: desactivat
Ubicació:
Estats Units
Tecles de drecera
Configuració
Ajuda
Envia suggeriments
========================================
2026-01-31 14:11:12.346 [TestNG-test-Yt Master Tests-2] INFO  [verifyingSettingOptionsLang] getLangAttributeViaLanguageInput(Català)
2026-01-31 14:11:12.346 [TestNG-test-Yt Master Tests-2] INFO  [verifyingSettingOptionsLang] Mapped Català -> ca-ES
2026-01-31 14:11:12.347 [TestNG-test-Yt Master Tests-2] INFO  [verifyingSettingOptionsLang] getLangAttribute() - locating <html> and reading lang property
2026-01-31 14:11:12.367 [TestNG-test-Yt Master Tests-2] INFO  [verifyingSettingOptionsLang] Language attribute read: ca-ES
2026-01-31 14:11:12.367 [TestNG-test-Yt Master Tests-2] INFO  [verifyingSettingOptionsLang] Clicking settings ellipses button...
2026-01-31 14:11:12.368 [TestNG-test-Yt Master Tests-2] INFO  [verifyingSettingOptionsLang] [verifyingSettingOptionsLang] Trying to find element: By.xpath: //ytd-topbar-menu-button-renderer[@class='style-scope ytd-masthead style-default']
2026-01-31 14:11:12.389 [TestNG-test-Yt Master Tests-2] INFO  [verifyingSettingOptionsLang] [verifyingSettingOptionsLang] Element found and ready (attempt 1): By.xpath: //ytd-topbar-menu-button-renderer[@class='style-scope ytd-masthead style-default']
2026-01-31 14:11:14.461 [TestNG-test-Yt Master Tests-2] INFO  [verifyingSettingOptionsLang] Clicking language dropdown...
2026-01-31 14:11:14.462 [TestNG-test-Yt Master Tests-2] INFO  [verifyingSettingOptionsLang] [verifyingSettingOptionsLang] Trying to find element: By.xpath: (//div[@id='content-icon'])[2]
2026-01-31 14:11:14.487 [TestNG-test-Yt Master Tests-2] INFO  [verifyingSettingOptionsLang] [verifyingSettingOptionsLang] Element found and ready (attempt 1): By.xpath: (//div[@id='content-icon'])[2]
2026-01-31 14:11:17.868 [TestNG-test-Yt Master Tests-2] INFO  [verifyingSettingOptionsLang] Looking for language element with name: Dansk
2026-01-31 14:11:17.868 [TestNG-test-Yt Master Tests-2] INFO  [verifyingSettingOptionsLang] [verifyingSettingOptionsLang] Trying to find element: By.xpath: //yt-multi-page-menu-section-renderer[@class='style-scope ytd-multi-page-menu-renderer']//yt-formatted-string[@id='label' and text()='Dansk']
2026-01-31 14:11:17.894 [TestNG-test-Yt Master Tests-2] INFO  [verifyingSettingOptionsLang] [verifyingSettingOptionsLang] Element found and ready (attempt 1): By.xpath: //yt-multi-page-menu-section-renderer[@class='style-scope ytd-multi-page-menu-renderer']//yt-formatted-string[@id='label' and text()='Dansk']
2026-01-31 14:11:19.358 [TestNG-test-Yt Master Tests-2] INFO  [verifyingSettingOptionsLang] Clicking settings ellipses button...
2026-01-31 14:11:19.358 [TestNG-test-Yt Master Tests-2] INFO  [verifyingSettingOptionsLang] [verifyingSettingOptionsLang] Trying to find element: By.xpath: //ytd-topbar-menu-button-renderer[@class='style-scope ytd-masthead style-default']
2026-01-31 14:11:19.664 [TestNG-test-Yt Master Tests-2] INFO  [verifyingSettingOptionsLang] [verifyingSettingOptionsLang] Element found and ready (attempt 1): By.xpath: //ytd-topbar-menu-button-renderer[@class='style-scope ytd-masthead style-default']
2026-01-31 14:11:19.922 [TestNG-test-Yt Master Tests-2] INFO  [verifyingSettingOptionsLang] Looking for language element with name: Dansk
2026-01-31 14:11:19.923 [TestNG-test-Yt Master Tests-2] INFO  [verifyingSettingOptionsLang] [verifyingSettingOptionsLang] Waiting until element is visible in viewport
2026-01-31 14:11:30.196 [TestNG-test-Yt Master Tests-2] INFO  [verifyingSettingOptionsLang] [verifyingSettingOptionsLang] Capturing screenshot: Filter Applied is Dansk__2026-01-31_141130.png
2026-01-31 14:11:30.272 [TestNG-test-Yt Master Tests-2] INFO  [verifyingSettingOptionsLang] [verifyingSettingOptionsLang] Screenshot saved at: test-output/screenshots/Run_2026-01-31_14-04-53/verifyingSettingOptionsLang/Filter Applied is Dansk__2026-01-31_141130.png
2026-01-31 14:11:30.272 [TestNG-test-Yt Master Tests-2] INFO  [verifyingSettingOptionsLang] Clicking settings ellipses button...
2026-01-31 14:11:30.272 [TestNG-test-Yt Master Tests-2] INFO  [verifyingSettingOptionsLang] [verifyingSettingOptionsLang] Trying to find element: By.xpath: //ytd-topbar-menu-button-renderer[@class='style-scope ytd-masthead style-default']
2026-01-31 14:11:30.297 [TestNG-test-Yt Master Tests-2] INFO  [verifyingSettingOptionsLang] [verifyingSettingOptionsLang] Element found and ready (attempt 1): By.xpath: //ytd-topbar-menu-button-renderer[@class='style-scope ytd-masthead style-default']
2026-01-31 14:11:32.357 [TestNG-test-Yt Master Tests-2] INFO  [verifyingSettingOptionsLang] Clicking settings ellipses button...
2026-01-31 14:11:32.357 [TestNG-test-Yt Master Tests-2] INFO  [verifyingSettingOptionsLang] [verifyingSettingOptionsLang] Trying to find element: By.xpath: //ytd-topbar-menu-button-renderer[@class='style-scope ytd-masthead style-default']
2026-01-31 14:11:32.382 [TestNG-test-Yt Master Tests-2] INFO  [verifyingSettingOptionsLang] [verifyingSettingOptionsLang] Element found and ready (attempt 1): By.xpath: //ytd-topbar-menu-button-renderer[@class='style-scope ytd-masthead style-default']
2026-01-31 14:11:33.465 [TestNG-test-Yt Master Tests-2] INFO  [verifyingSettingOptionsLang] Getting the setting ellipses options
2026-01-31 14:11:33.465 [TestNG-test-Yt Master Tests-2] INFO  [verifyingSettingOptionsLang] [verifyingSettingOptionsLang] Trying to find element: By.xpath: //ytd-multi-page-menu-renderer
2026-01-31 14:11:33.494 [TestNG-test-Yt Master Tests-2] INFO  [verifyingSettingOptionsLang] [verifyingSettingOptionsLang] Element found and ready (attempt 1): By.xpath: //ytd-multi-page-menu-renderer
2026-01-31 14:11:33.550 [TestNG-test-Yt Master Tests-2] INFO  [verifyingSettingOptionsLang] Clicking settings ellipses button...
2026-01-31 14:11:33.550 [TestNG-test-Yt Master Tests-2] INFO  [verifyingSettingOptionsLang] [verifyingSettingOptionsLang] Trying to find element: By.xpath: //ytd-topbar-menu-button-renderer[@class='style-scope ytd-masthead style-default']
2026-01-31 14:11:33.572 [TestNG-test-Yt Master Tests-2] INFO  [verifyingSettingOptionsLang] [verifyingSettingOptionsLang] Element found and ready (attempt 1): By.xpath: //ytd-topbar-menu-button-renderer[@class='style-scope ytd-masthead style-default']
2026-01-31 14:11:33.639 [TestNG-test-Yt Master Tests-2] INFO  [verifyingSettingOptionsLang] 
========== LANGUAGE DETECTION ==========
Detected Language : DANISH
Input Text        : Dine data på YouTube
Udseende: Lyst
Visningssprog:
dansk
Begrænset tilstand: Fra
Lokation:
USA
Tastaturgenveje
Indstillinger
Hjælp
Send feedback
========================================
2026-01-31 14:11:33.640 [TestNG-test-Yt Master Tests-2] INFO  [verifyingSettingOptionsLang] getLangAttributeViaLanguageInput(Dansk)
2026-01-31 14:11:33.640 [TestNG-test-Yt Master Tests-2] INFO  [verifyingSettingOptionsLang] Mapped Dansk -> da-DK
2026-01-31 14:11:33.640 [TestNG-test-Yt Master Tests-2] INFO  [verifyingSettingOptionsLang] getLangAttribute() - locating <html> and reading lang property
2026-01-31 14:11:33.661 [TestNG-test-Yt Master Tests-2] INFO  [verifyingSettingOptionsLang] Language attribute read: da-DK
2026-01-31 14:11:33.661 [TestNG-test-Yt Master Tests-2] INFO  [verifyingSettingOptionsLang] Clicking settings ellipses button...
2026-01-31 14:11:33.661 [TestNG-test-Yt Master Tests-2] INFO  [verifyingSettingOptionsLang] [verifyingSettingOptionsLang] Trying to find element: By.xpath: //ytd-topbar-menu-button-renderer[@class='style-scope ytd-masthead style-default']
2026-01-31 14:11:33.687 [TestNG-test-Yt Master Tests-2] INFO  [verifyingSettingOptionsLang] [verifyingSettingOptionsLang] Element found and ready (attempt 1): By.xpath: //ytd-topbar-menu-button-renderer[@class='style-scope ytd-masthead style-default']
2026-01-31 14:11:35.740 [TestNG-test-Yt Master Tests-2] INFO  [verifyingSettingOptionsLang] Clicking language dropdown...
2026-01-31 14:11:35.740 [TestNG-test-Yt Master Tests-2] INFO  [verifyingSettingOptionsLang] [verifyingSettingOptionsLang] Trying to find element: By.xpath: (//div[@id='content-icon'])[2]
2026-01-31 14:11:35.767 [TestNG-test-Yt Master Tests-2] INFO  [verifyingSettingOptionsLang] [verifyingSettingOptionsLang] Element found and ready (attempt 1): By.xpath: (//div[@id='content-icon'])[2]
2026-01-31 14:11:39.130 [TestNG-test-Yt Master Tests-2] INFO  [verifyingSettingOptionsLang] Looking for language element with name: Deutsch
2026-01-31 14:11:39.130 [TestNG-test-Yt Master Tests-2] INFO  [verifyingSettingOptionsLang] [verifyingSettingOptionsLang] Trying to find element: By.xpath: //yt-multi-page-menu-section-renderer[@class='style-scope ytd-multi-page-menu-renderer']//yt-formatted-string[@id='label' and text()='Deutsch']
2026-01-31 14:11:39.156 [TestNG-test-Yt Master Tests-2] INFO  [verifyingSettingOptionsLang] [verifyingSettingOptionsLang] Element found and ready (attempt 1): By.xpath: //yt-multi-page-menu-section-renderer[@class='style-scope ytd-multi-page-menu-renderer']//yt-formatted-string[@id='label' and text()='Deutsch']
2026-01-31 14:11:40.812 [TestNG-test-Yt Master Tests-2] INFO  [verifyingSettingOptionsLang] Clicking settings ellipses button...
2026-01-31 14:11:40.813 [TestNG-test-Yt Master Tests-2] INFO  [verifyingSettingOptionsLang] [verifyingSettingOptionsLang] Trying to find element: By.xpath: //ytd-topbar-menu-button-renderer[@class='style-scope ytd-masthead style-default']
2026-01-31 14:11:41.159 [TestNG-test-Yt Master Tests-2] INFO  [verifyingSettingOptionsLang] [verifyingSettingOptionsLang] Element found and ready (attempt 1): By.xpath: //ytd-topbar-menu-button-renderer[@class='style-scope ytd-masthead style-default']
2026-01-31 14:11:41.301 [TestNG-test-Yt Master Tests-2] INFO  [verifyingSettingOptionsLang] Looking for language element with name: Deutsch
2026-01-31 14:11:41.301 [TestNG-test-Yt Master Tests-2] INFO  [verifyingSettingOptionsLang] [verifyingSettingOptionsLang] Waiting until element is visible in viewport
2026-01-31 14:11:51.571 [TestNG-test-Yt Master Tests-2] INFO  [verifyingSettingOptionsLang] [verifyingSettingOptionsLang] Capturing screenshot: Filter Applied is Deutsch__2026-01-31_141151.png
2026-01-31 14:11:51.626 [TestNG-test-Yt Master Tests-2] INFO  [verifyingSettingOptionsLang] [verifyingSettingOptionsLang] Screenshot saved at: test-output/screenshots/Run_2026-01-31_14-04-53/verifyingSettingOptionsLang/Filter Applied is Deutsch__2026-01-31_141151.png
2026-01-31 14:11:51.626 [TestNG-test-Yt Master Tests-2] INFO  [verifyingSettingOptionsLang] Clicking settings ellipses button...
2026-01-31 14:11:51.626 [TestNG-test-Yt Master Tests-2] INFO  [verifyingSettingOptionsLang] [verifyingSettingOptionsLang] Trying to find element: By.xpath: //ytd-topbar-menu-button-renderer[@class='style-scope ytd-masthead style-default']
2026-01-31 14:11:51.646 [TestNG-test-Yt Master Tests-2] INFO  [verifyingSettingOptionsLang] [verifyingSettingOptionsLang] Element found and ready (attempt 1): By.xpath: //ytd-topbar-menu-button-renderer[@class='style-scope ytd-masthead style-default']
2026-01-31 14:11:53.697 [TestNG-test-Yt Master Tests-2] INFO  [verifyingSettingOptionsLang] Clicking settings ellipses button...
2026-01-31 14:11:53.697 [TestNG-test-Yt Master Tests-2] INFO  [verifyingSettingOptionsLang] [verifyingSettingOptionsLang] Trying to find element: By.xpath: //ytd-topbar-menu-button-renderer[@class='style-scope ytd-masthead style-default']
2026-01-31 14:11:53.720 [TestNG-test-Yt Master Tests-2] INFO  [verifyingSettingOptionsLang] [verifyingSettingOptionsLang] Element found and ready (attempt 1): By.xpath: //ytd-topbar-menu-button-renderer[@class='style-scope ytd-masthead style-default']
2026-01-31 14:11:54.801 [TestNG-test-Yt Master Tests-2] INFO  [verifyingSettingOptionsLang] Getting the setting ellipses options
2026-01-31 14:11:54.801 [TestNG-test-Yt Master Tests-2] INFO  [verifyingSettingOptionsLang] [verifyingSettingOptionsLang] Trying to find element: By.xpath: //ytd-multi-page-menu-renderer
2026-01-31 14:11:54.826 [TestNG-test-Yt Master Tests-2] INFO  [verifyingSettingOptionsLang] [verifyingSettingOptionsLang] Element found and ready (attempt 1): By.xpath: //ytd-multi-page-menu-renderer
2026-01-31 14:11:54.975 [TestNG-test-Yt Master Tests-2] INFO  [verifyingSettingOptionsLang] Clicking settings ellipses button...
2026-01-31 14:11:54.976 [TestNG-test-Yt Master Tests-2] INFO  [verifyingSettingOptionsLang] [verifyingSettingOptionsLang] Trying to find element: By.xpath: //ytd-topbar-menu-button-renderer[@class='style-scope ytd-masthead style-default']
2026-01-31 14:11:55.004 [TestNG-test-Yt Master Tests-2] INFO  [verifyingSettingOptionsLang] [verifyingSettingOptionsLang] Element found and ready (attempt 1): By.xpath: //ytd-topbar-menu-button-renderer[@class='style-scope ytd-masthead style-default']
2026-01-31 14:11:55.093 [TestNG-test-Yt Master Tests-2] INFO  [verifyingSettingOptionsLang] 
========== LANGUAGE DETECTION ==========
Detected Language : GERMAN
Input Text        : Meine Daten auf YouTube
Darstellung: Hell
Anzeigesprache:
Deutsch
Eingeschränkter Modus: Deaktiviert
Ort:
USA
Tastenkombinationen
Einstellungen
Hilfe
Feedback senden
========================================
2026-01-31 14:11:55.094 [TestNG-test-Yt Master Tests-2] INFO  [verifyingSettingOptionsLang] getLangAttributeViaLanguageInput(Deutsch)
2026-01-31 14:11:55.094 [TestNG-test-Yt Master Tests-2] INFO  [verifyingSettingOptionsLang] Mapped Deutsch -> de-DE
2026-01-31 14:11:55.094 [TestNG-test-Yt Master Tests-2] INFO  [verifyingSettingOptionsLang] getLangAttribute() - locating <html> and reading lang property
2026-01-31 14:11:55.114 [TestNG-test-Yt Master Tests-2] INFO  [verifyingSettingOptionsLang] Language attribute read: de-DE
2026-01-31 14:11:55.115 [TestNG-test-Yt Master Tests-2] INFO  [verifyingSettingOptionsLang] Clicking settings ellipses button...
2026-01-31 14:11:55.115 [TestNG-test-Yt Master Tests-2] INFO  [verifyingSettingOptionsLang] [verifyingSettingOptionsLang] Trying to find element: By.xpath: //ytd-topbar-menu-button-renderer[@class='style-scope ytd-masthead style-default']
2026-01-31 14:11:55.140 [TestNG-test-Yt Master Tests-2] INFO  [verifyingSettingOptionsLang] [verifyingSettingOptionsLang] Element found and ready (attempt 1): By.xpath: //ytd-topbar-menu-button-renderer[@class='style-scope ytd-masthead style-default']
2026-01-31 14:11:57.209 [TestNG-test-Yt Master Tests-2] INFO  [verifyingSettingOptionsLang] Clicking language dropdown...
2026-01-31 14:11:57.209 [TestNG-test-Yt Master Tests-2] INFO  [verifyingSettingOptionsLang] [verifyingSettingOptionsLang] Trying to find element: By.xpath: (//div[@id='content-icon'])[2]
2026-01-31 14:11:57.240 [TestNG-test-Yt Master Tests-2] INFO  [verifyingSettingOptionsLang] [verifyingSettingOptionsLang] Element found and ready (attempt 1): By.xpath: (//div[@id='content-icon'])[2]
2026-01-31 14:12:00.627 [TestNG-test-Yt Master Tests-2] INFO  [verifyingSettingOptionsLang] Looking for language element with name: Eesti
2026-01-31 14:12:00.627 [TestNG-test-Yt Master Tests-2] INFO  [verifyingSettingOptionsLang] [verifyingSettingOptionsLang] Trying to find element: By.xpath: //yt-multi-page-menu-section-renderer[@class='style-scope ytd-multi-page-menu-renderer']//yt-formatted-string[@id='label' and text()='Eesti']
2026-01-31 14:12:00.653 [TestNG-test-Yt Master Tests-2] INFO  [verifyingSettingOptionsLang] [verifyingSettingOptionsLang] Element found and ready (attempt 1): By.xpath: //yt-multi-page-menu-section-renderer[@class='style-scope ytd-multi-page-menu-renderer']//yt-formatted-string[@id='label' and text()='Eesti']
2026-01-31 14:12:02.306 [TestNG-test-Yt Master Tests-2] INFO  [verifyingSettingOptionsLang] Clicking settings ellipses button...
2026-01-31 14:12:02.306 [TestNG-test-Yt Master Tests-2] INFO  [verifyingSettingOptionsLang] [verifyingSettingOptionsLang] Trying to find element: By.xpath: //ytd-topbar-menu-button-renderer[@class='style-scope ytd-masthead style-default']
2026-01-31 14:12:02.481 [TestNG-test-Yt Master Tests-2] INFO  [verifyingSettingOptionsLang] [verifyingSettingOptionsLang] Element found and ready (attempt 1): By.xpath: //ytd-topbar-menu-button-renderer[@class='style-scope ytd-masthead style-default']
2026-01-31 14:12:02.702 [TestNG-test-Yt Master Tests-2] INFO  [verifyingSettingOptionsLang] Looking for language element with name: Eesti
2026-01-31 14:12:02.703 [TestNG-test-Yt Master Tests-2] INFO  [verifyingSettingOptionsLang] [verifyingSettingOptionsLang] Waiting until element is visible in viewport
2026-01-31 14:12:13.067 [TestNG-test-Yt Master Tests-2] INFO  [verifyingSettingOptionsLang] [verifyingSettingOptionsLang] Capturing screenshot: Filter Applied is Eesti__2026-01-31_141213.png
2026-01-31 14:12:13.130 [TestNG-test-Yt Master Tests-2] INFO  [verifyingSettingOptionsLang] [verifyingSettingOptionsLang] Screenshot saved at: test-output/screenshots/Run_2026-01-31_14-04-53/verifyingSettingOptionsLang/Filter Applied is Eesti__2026-01-31_141213.png
2026-01-31 14:12:13.130 [TestNG-test-Yt Master Tests-2] INFO  [verifyingSettingOptionsLang] Clicking settings ellipses button...
2026-01-31 14:12:13.130 [TestNG-test-Yt Master Tests-2] INFO  [verifyingSettingOptionsLang] [verifyingSettingOptionsLang] Trying to find element: By.xpath: //ytd-topbar-menu-button-renderer[@class='style-scope ytd-masthead style-default']
2026-01-31 14:12:13.151 [TestNG-test-Yt Master Tests-2] INFO  [verifyingSettingOptionsLang] [verifyingSettingOptionsLang] Element found and ready (attempt 1): By.xpath: //ytd-topbar-menu-button-renderer[@class='style-scope ytd-masthead style-default']
2026-01-31 14:12:15.207 [TestNG-test-Yt Master Tests-2] INFO  [verifyingSettingOptionsLang] Clicking settings ellipses button...
2026-01-31 14:12:15.207 [TestNG-test-Yt Master Tests-2] INFO  [verifyingSettingOptionsLang] [verifyingSettingOptionsLang] Trying to find element: By.xpath: //ytd-topbar-menu-button-renderer[@class='style-scope ytd-masthead style-default']
2026-01-31 14:12:15.230 [TestNG-test-Yt Master Tests-2] INFO  [verifyingSettingOptionsLang] [verifyingSettingOptionsLang] Element found and ready (attempt 1): By.xpath: //ytd-topbar-menu-button-renderer[@class='style-scope ytd-masthead style-default']
2026-01-31 14:12:16.296 [TestNG-test-Yt Master Tests-2] INFO  [verifyingSettingOptionsLang] Getting the setting ellipses options
2026-01-31 14:12:16.296 [TestNG-test-Yt Master Tests-2] INFO  [verifyingSettingOptionsLang] [verifyingSettingOptionsLang] Trying to find element: By.xpath: //ytd-multi-page-menu-renderer
2026-01-31 14:12:16.324 [TestNG-test-Yt Master Tests-2] INFO  [verifyingSettingOptionsLang] [verifyingSettingOptionsLang] Element found and ready (attempt 1): By.xpath: //ytd-multi-page-menu-renderer
2026-01-31 14:12:16.402 [TestNG-test-Yt Master Tests-2] INFO  [verifyingSettingOptionsLang] Clicking settings ellipses button...
2026-01-31 14:12:16.402 [TestNG-test-Yt Master Tests-2] INFO  [verifyingSettingOptionsLang] [verifyingSettingOptionsLang] Trying to find element: By.xpath: //ytd-topbar-menu-button-renderer[@class='style-scope ytd-masthead style-default']
2026-01-31 14:12:16.425 [TestNG-test-Yt Master Tests-2] INFO  [verifyingSettingOptionsLang] [verifyingSettingOptionsLang] Element found and ready (attempt 1): By.xpath: //ytd-topbar-menu-button-renderer[@class='style-scope ytd-masthead style-default']
2026-01-31 14:12:16.486 [TestNG-test-Yt Master Tests-2] INFO  [verifyingSettingOptionsLang] 
========== LANGUAGE DETECTION ==========
Detected Language : ESTONIAN
Input Text        : Teie andmed YouTube'is
Välimus: hele
Kuvamiskeel:
eesti
Piiratud režiim: väljas
Asukoht:
Ameerika Ühendriigid
Klaviatuuri otseteed
Seaded
Abi
Tagasiside saatmine
========================================
2026-01-31 14:12:16.487 [TestNG-test-Yt Master Tests-2] INFO  [verifyingSettingOptionsLang] getLangAttributeViaLanguageInput(Eesti)
2026-01-31 14:12:16.487 [TestNG-test-Yt Master Tests-2] INFO  [verifyingSettingOptionsLang] Mapped Eesti -> et-EE
2026-01-31 14:12:16.487 [TestNG-test-Yt Master Tests-2] INFO  [verifyingSettingOptionsLang] getLangAttribute() - locating <html> and reading lang property
2026-01-31 14:12:16.503 [TestNG-test-Yt Master Tests-2] INFO  [verifyingSettingOptionsLang] Language attribute read: et-EE
2026-01-31 14:12:16.503 [TestNG-test-Yt Master Tests-2] INFO  [verifyingSettingOptionsLang] Clicking settings ellipses button...
2026-01-31 14:12:16.503 [TestNG-test-Yt Master Tests-2] INFO  [verifyingSettingOptionsLang] [verifyingSettingOptionsLang] Trying to find element: By.xpath: //ytd-topbar-menu-button-renderer[@class='style-scope ytd-masthead style-default']
2026-01-31 14:12:16.527 [TestNG-test-Yt Master Tests-2] INFO  [verifyingSettingOptionsLang] [verifyingSettingOptionsLang] Element found and ready (attempt 1): By.xpath: //ytd-topbar-menu-button-renderer[@class='style-scope ytd-masthead style-default']
2026-01-31 14:12:18.656 [TestNG-test-Yt Master Tests-2] INFO  [verifyingSettingOptionsLang] Clicking language dropdown...
2026-01-31 14:12:18.656 [TestNG-test-Yt Master Tests-2] INFO  [verifyingSettingOptionsLang] [verifyingSettingOptionsLang] Trying to find element: By.xpath: (//div[@id='content-icon'])[2]
2026-01-31 14:12:18.692 [TestNG-test-Yt Master Tests-2] INFO  [verifyingSettingOptionsLang] [verifyingSettingOptionsLang] Element found and ready (attempt 1): By.xpath: (//div[@id='content-icon'])[2]
2026-01-31 14:12:22.408 [TestNG-test-Yt Master Tests-2] INFO  [verifyingSettingOptionsLang] Looking for language element with name: English (India)
2026-01-31 14:12:22.408 [TestNG-test-Yt Master Tests-2] INFO  [verifyingSettingOptionsLang] [verifyingSettingOptionsLang] Trying to find element: By.xpath: //yt-multi-page-menu-section-renderer[@class='style-scope ytd-multi-page-menu-renderer']//yt-formatted-string[@id='label' and text()='English (India)']
2026-01-31 14:12:22.447 [TestNG-test-Yt Master Tests-2] INFO  [verifyingSettingOptionsLang] [verifyingSettingOptionsLang] Element found and ready (attempt 1): By.xpath: //yt-multi-page-menu-section-renderer[@class='style-scope ytd-multi-page-menu-renderer']//yt-formatted-string[@id='label' and text()='English (India)']
2026-01-31 14:12:24.122 [TestNG-test-Yt Master Tests-2] INFO  [verifyingSettingOptionsLang] Clicking settings ellipses button...
2026-01-31 14:12:24.122 [TestNG-test-Yt Master Tests-2] INFO  [verifyingSettingOptionsLang] [verifyingSettingOptionsLang] Trying to find element: By.xpath: //ytd-topbar-menu-button-renderer[@class='style-scope ytd-masthead style-default']
2026-01-31 14:12:24.391 [TestNG-test-Yt Master Tests-2] INFO  [verifyingSettingOptionsLang] [verifyingSettingOptionsLang] Element found and ready (attempt 1): By.xpath: //ytd-topbar-menu-button-renderer[@class='style-scope ytd-masthead style-default']
2026-01-31 14:12:24.683 [TestNG-test-Yt Master Tests-2] INFO  [verifyingSettingOptionsLang] Looking for language element with name: English (India)
2026-01-31 14:12:24.684 [TestNG-test-Yt Master Tests-2] INFO  [verifyingSettingOptionsLang] [verifyingSettingOptionsLang] Waiting until element is visible in viewport
2026-01-31 14:12:35.042 [TestNG-test-Yt Master Tests-2] INFO  [verifyingSettingOptionsLang] [verifyingSettingOptionsLang] Capturing screenshot: Filter Applied is English (India)__2026-01-31_141235.png
2026-01-31 14:12:35.099 [TestNG-test-Yt Master Tests-2] INFO  [verifyingSettingOptionsLang] [verifyingSettingOptionsLang] Screenshot saved at: test-output/screenshots/Run_2026-01-31_14-04-53/verifyingSettingOptionsLang/Filter Applied is English (India)__2026-01-31_141235.png
2026-01-31 14:12:35.099 [TestNG-test-Yt Master Tests-2] INFO  [verifyingSettingOptionsLang] Clicking settings ellipses button...
2026-01-31 14:12:35.099 [TestNG-test-Yt Master Tests-2] INFO  [verifyingSettingOptionsLang] [verifyingSettingOptionsLang] Trying to find element: By.xpath: //ytd-topbar-menu-button-renderer[@class='style-scope ytd-masthead style-default']
2026-01-31 14:12:35.118 [TestNG-test-Yt Master Tests-2] INFO  [verifyingSettingOptionsLang] [verifyingSettingOptionsLang] Element found and ready (attempt 1): By.xpath: //ytd-topbar-menu-button-renderer[@class='style-scope ytd-masthead style-default']
2026-01-31 14:12:37.177 [TestNG-test-Yt Master Tests-2] INFO  [verifyingSettingOptionsLang] Clicking settings ellipses button...
2026-01-31 14:12:37.177 [TestNG-test-Yt Master Tests-2] INFO  [verifyingSettingOptionsLang] [verifyingSettingOptionsLang] Trying to find element: By.xpath: //ytd-topbar-menu-button-renderer[@class='style-scope ytd-masthead style-default']
2026-01-31 14:12:37.199 [TestNG-test-Yt Master Tests-2] INFO  [verifyingSettingOptionsLang] [verifyingSettingOptionsLang] Element found and ready (attempt 1): By.xpath: //ytd-topbar-menu-button-renderer[@class='style-scope ytd-masthead style-default']
2026-01-31 14:12:38.257 [TestNG-test-Yt Master Tests-2] INFO  [verifyingSettingOptionsLang] Getting the setting ellipses options
2026-01-31 14:12:38.257 [TestNG-test-Yt Master Tests-2] INFO  [verifyingSettingOptionsLang] [verifyingSettingOptionsLang] Trying to find element: By.xpath: //ytd-multi-page-menu-renderer
2026-01-31 14:12:38.281 [TestNG-test-Yt Master Tests-2] INFO  [verifyingSettingOptionsLang] [verifyingSettingOptionsLang] Element found and ready (attempt 1): By.xpath: //ytd-multi-page-menu-renderer
2026-01-31 14:12:38.327 [TestNG-test-Yt Master Tests-2] INFO  [verifyingSettingOptionsLang] Clicking settings ellipses button...
2026-01-31 14:12:38.327 [TestNG-test-Yt Master Tests-2] INFO  [verifyingSettingOptionsLang] [verifyingSettingOptionsLang] Trying to find element: By.xpath: //ytd-topbar-menu-button-renderer[@class='style-scope ytd-masthead style-default']
2026-01-31 14:12:38.349 [TestNG-test-Yt Master Tests-2] INFO  [verifyingSettingOptionsLang] [verifyingSettingOptionsLang] Element found and ready (attempt 1): By.xpath: //ytd-topbar-menu-button-renderer[@class='style-scope ytd-masthead style-default']
2026-01-31 14:12:38.409 [TestNG-test-Yt Master Tests-2] INFO  [verifyingSettingOptionsLang] 
========== LANGUAGE DETECTION ==========
Detected Language : ENGLISH
Input Text        : Your data in YouTube
Appearance: Light
Display language:
English (India)
Restricted Mode: Off
Location:
United States
Keyboard shortcuts
Settings
Help
Send feedback
========================================
2026-01-31 14:12:38.410 [TestNG-test-Yt Master Tests-2] INFO  [verifyingSettingOptionsLang] getLangAttributeViaLanguageInput(English (India))
2026-01-31 14:12:38.410 [TestNG-test-Yt Master Tests-2] INFO  [verifyingSettingOptionsLang] Mapped English (India) -> en-IN
2026-01-31 14:12:38.410 [TestNG-test-Yt Master Tests-2] INFO  [verifyingSettingOptionsLang] getLangAttribute() - locating <html> and reading lang property
2026-01-31 14:12:38.429 [TestNG-test-Yt Master Tests-2] INFO  [verifyingSettingOptionsLang] Language attribute read: en-IN
2026-01-31 14:12:38.429 [TestNG-test-Yt Master Tests-2] INFO  [verifyingSettingOptionsLang] Clicking settings ellipses button...
2026-01-31 14:12:38.429 [TestNG-test-Yt Master Tests-2] INFO  [verifyingSettingOptionsLang] [verifyingSettingOptionsLang] Trying to find element: By.xpath: //ytd-topbar-menu-button-renderer[@class='style-scope ytd-masthead style-default']
2026-01-31 14:12:38.455 [TestNG-test-Yt Master Tests-2] INFO  [verifyingSettingOptionsLang] [verifyingSettingOptionsLang] Element found and ready (attempt 1): By.xpath: //ytd-topbar-menu-button-renderer[@class='style-scope ytd-masthead style-default']
2026-01-31 14:12:40.522 [TestNG-test-Yt Master Tests-2] INFO  [verifyingSettingOptionsLang] Clicking language dropdown...
2026-01-31 14:12:40.522 [TestNG-test-Yt Master Tests-2] INFO  [verifyingSettingOptionsLang] [verifyingSettingOptionsLang] Trying to find element: By.xpath: (//div[@id='content-icon'])[2]
2026-01-31 14:12:40.545 [TestNG-test-Yt Master Tests-2] INFO  [verifyingSettingOptionsLang] [verifyingSettingOptionsLang] Element found and ready (attempt 1): By.xpath: (//div[@id='content-icon'])[2]
2026-01-31 14:12:43.018 [TestNG-test-Yt Master Tests-2] INFO  [verifyingSettingOptionsLang] [verifyingSettingOptionsLang] Not retrying test 'verifyingSettingOptionsLang'. Retry count: 0, Cause: The following asserts failed:
	Language detection mismatch expected [Afrikaans] but found [AFRIKAANS],
	Language detection mismatch expected [Azərbaycan] but found [AZERBAIJANI],
	Language detection mismatch expected [Bahasa Indonesia] but found [INDONESIAN],
	Language detection mismatch expected [Bosanski] but found [BOSNIAN],
	Language detection mismatch expected [Català] but found [CATALAN],
	Language detection mismatch expected [Dansk] but found [DANISH],
	Language detection mismatch expected [Deutsch] but found [GERMAN],
	Language detection mismatch expected [Eesti] but found [ESTONIAN],
	Language detection mismatch expected [English (India)] but found [ENGLISH]
2026-01-31 14:12:43.029 [TestNG-test-Yt Master Tests-2] ERROR [verifyingSettingOptionsLang] Test FAILED: verifyingSettingOptionsLang - java.lang.AssertionError: The following asserts failed:
	Language detection mismatch expected [Afrikaans] but found [AFRIKAANS],
	Language detection mismatch expected [Azərbaycan] but found [AZERBAIJANI],
	Language detection mismatch expected [Bahasa Indonesia] but found [INDONESIAN],
	Language detection mismatch expected [Bosanski] but found [BOSNIAN],
	Language detection mismatch expected [Català] but found [CATALAN],
	Language detection mismatch expected [Dansk] but found [DANISH],
	Language detection mismatch expected [Deutsch] but found [GERMAN],
	Language detection mismatch expected [Eesti] but found [ESTONIAN],
	Language detection mismatch expected [English (India)] but found [ENGLISH]
2026-01-31 14:12:43.029 [TestNG-test-Yt Master Tests-2] INFO  [verifyingSettingOptionsLang] Closing WebDriver for thread: 35
2026-01-31 14:12:43.695 [TestNG-test-Yt Master Tests-2] INFO  [verifyingSettingOptionsLang] WebDriver instance removed from ThreadLocal for thread: 35
2026-01-31 14:12:43.695 [TestNG-test-Yt Master Tests-2] INFO  [verifyingSettingOptionsLang] Driver closed for test: verifyingSettingOptionsLang
