2026-01-31 17:35:36.279 [TestNG-test-Yt Master Tests-2] INFO  [verifyingGlobalFilterLandingPage] ===== STARTING TEST: verifyingGlobalFilterLandingPage  | Thread: 35 =====
2026-01-31 17:35:36.310 [TestNG-test-Yt Master Tests-2] INFO  [verifyingGlobalFilterLandingPage] No existing WebDriver found for current thread. Initializing a new ChromeDriver...
2026-01-31 17:35:36.311 [TestNG-test-Yt Master Tests-2] INFO  [verifyingGlobalFilterLandingPage] Loaded config from classpath: masterdata.properties
2026-01-31 17:35:38.391 [TestNG-test-Yt Master Tests-2] INFO  [verifyingGlobalFilterLandingPage] WebDriverManager: chromedriver setup OK
2026-01-31 17:35:45.104 [TestNG-test-Yt Master Tests-2] INFO  [verifyingGlobalFilterLandingPage] ChromeDriver initialized successfully for thread: 35
2026-01-31 17:35:45.105 [TestNG-test-Yt Master Tests-2] INFO  [verifyingGlobalFilterLandingPage] Driver initialized successfully for test: verifyingGlobalFilterLandingPage
2026-01-31 17:35:45.278 [TestNG-test-Yt Master Tests-2] INFO  [verifyingGlobalFilterLandingPage] SafeActions initialized with driver ChromeDriver: chrome on windows (e3bd810f2d6e4fe2e11a914afac93a04)
2026-01-31 17:35:45.279 [TestNG-test-Yt Master Tests-2] INFO  [verifyingGlobalFilterLandingPage] SafeActions initialized with driver ChromeDriver: chrome on windows (e3bd810f2d6e4fe2e11a914afac93a04)
2026-01-31 17:35:45.280 [TestNG-test-Yt Master Tests-2] INFO  [verifyingGlobalFilterLandingPage] Initialized YtLandingPage with driver: ChromeDriver: chrome on windows (e3bd810f2d6e4fe2e11a914afac93a04)
2026-01-31 17:35:51.236 [TestNG-test-Yt Master Tests-2] INFO  [verifyingGlobalFilterLandingPage] Opened YouTube landing page.
2026-01-31 17:35:51.236 [TestNG-test-Yt Master Tests-2] INFO  [verifyingGlobalFilterLandingPage] Giving input into the search bar with input as  = youtube
2026-01-31 17:35:51.237 [TestNG-test-Yt Master Tests-2] INFO  [verifyingGlobalFilterLandingPage] [verifyingGlobalFilterLandingPage] Trying to click element: By.xpath: //input[@class='ytSearchboxComponentInput yt-searchbox-input title']
2026-01-31 17:35:51.583 [TestNG-test-Yt Master Tests-2] INFO  [verifyingGlobalFilterLandingPage] [verifyingGlobalFilterLandingPage] Clicked successfully (attempt 1): By.xpath: //input[@class='ytSearchboxComponentInput yt-searchbox-input title']
2026-01-31 17:35:51.834 [TestNG-test-Yt Master Tests-2] INFO  [verifyingGlobalFilterLandingPage] [verifyingGlobalFilterLandingPage] Trying to find element: By.xpath: //input[@class='ytSearchboxComponentInput yt-searchbox-input title']
2026-01-31 17:35:51.876 [TestNG-test-Yt Master Tests-2] INFO  [verifyingGlobalFilterLandingPage] [verifyingGlobalFilterLandingPage] Element found and ready (attempt 1): By.xpath: //input[@class='ytSearchboxComponentInput yt-searchbox-input title']
2026-01-31 17:35:51.942 [TestNG-test-Yt Master Tests-2] INFO  [verifyingGlobalFilterLandingPage] clickEnter(By.xpath: //input[@class='ytSearchboxComponentInput yt-searchbox-input title'])
2026-01-31 17:35:51.942 [TestNG-test-Yt Master Tests-2] INFO  [verifyingGlobalFilterLandingPage] [verifyingGlobalFilterLandingPage] Trying to find element: By.xpath: //input[@class='ytSearchboxComponentInput yt-searchbox-input title']
2026-01-31 17:35:51.991 [TestNG-test-Yt Master Tests-2] INFO  [verifyingGlobalFilterLandingPage] [verifyingGlobalFilterLandingPage] Element found and ready (attempt 1): By.xpath: //input[@class='ytSearchboxComponentInput yt-searchbox-input title']
2026-01-31 17:35:52.163 [TestNG-test-Yt Master Tests-2] INFO  [verifyingGlobalFilterLandingPage] Sent ENTER to By.xpath: //input[@class='ytSearchboxComponentInput yt-searchbox-input title']
2026-01-31 17:35:52.163 [TestNG-test-Yt Master Tests-2] INFO  [verifyingGlobalFilterLandingPage] [verifyingGlobalFilterLandingPage] Execution is Not CRON Job Hence refering to normal keys from UtilData
2026-01-31 17:35:52.171 [TestNG-test-Yt Master Tests-2] INFO  [verifyingGlobalFilterLandingPage] Clicking settings ellipses button...
2026-01-31 17:35:52.174 [TestNG-test-Yt Master Tests-2] INFO  [verifyingGlobalFilterLandingPage] [verifyingGlobalFilterLandingPage] Trying to find element: By.xpath: //ytd-topbar-menu-button-renderer[@class='style-scope ytd-masthead style-default']
2026-01-31 17:35:52.330 [TestNG-test-Yt Master Tests-2] INFO  [verifyingGlobalFilterLandingPage] [verifyingGlobalFilterLandingPage] Element found and ready (attempt 1): By.xpath: //ytd-topbar-menu-button-renderer[@class='style-scope ytd-masthead style-default']
2026-01-31 17:35:54.501 [TestNG-test-Yt Master Tests-2] INFO  [verifyingGlobalFilterLandingPage] Clicking language dropdown...
2026-01-31 17:35:54.501 [TestNG-test-Yt Master Tests-2] INFO  [verifyingGlobalFilterLandingPage] [verifyingGlobalFilterLandingPage] Trying to find element: By.xpath: (//div[@id='content-icon'])[2]
2026-01-31 17:35:55.705 [TestNG-test-Yt Master Tests-2] INFO  [verifyingGlobalFilterLandingPage] [verifyingGlobalFilterLandingPage] Element found and ready (attempt 1): By.xpath: (//div[@id='content-icon'])[2]
2026-01-31 17:36:00.510 [TestNG-test-Yt Master Tests-2] INFO  [verifyingGlobalFilterLandingPage] Looking for language element with name: Afrikaans
2026-01-31 17:36:00.510 [TestNG-test-Yt Master Tests-2] INFO  [verifyingGlobalFilterLandingPage] [verifyingGlobalFilterLandingPage] Trying to find element: By.xpath: //yt-multi-page-menu-section-renderer[@class='style-scope ytd-multi-page-menu-renderer']//yt-formatted-string[@id='label' and text()='Afrikaans']
2026-01-31 17:36:00.542 [TestNG-test-Yt Master Tests-2] INFO  [verifyingGlobalFilterLandingPage] [verifyingGlobalFilterLandingPage] Element found and ready (attempt 1): By.xpath: //yt-multi-page-menu-section-renderer[@class='style-scope ytd-multi-page-menu-renderer']//yt-formatted-string[@id='label' and text()='Afrikaans']
2026-01-31 17:36:03.453 [TestNG-test-Yt Master Tests-2] INFO  [verifyingGlobalFilterLandingPage] Clicking settings ellipses button...
2026-01-31 17:36:03.453 [TestNG-test-Yt Master Tests-2] INFO  [verifyingGlobalFilterLandingPage] [verifyingGlobalFilterLandingPage] Trying to find element: By.xpath: //ytd-topbar-menu-button-renderer[@class='style-scope ytd-masthead style-default']
2026-01-31 17:36:04.415 [TestNG-test-Yt Master Tests-2] INFO  [verifyingGlobalFilterLandingPage] [verifyingGlobalFilterLandingPage] Element found and ready (attempt 1): By.xpath: //ytd-topbar-menu-button-renderer[@class='style-scope ytd-masthead style-default']
2026-01-31 17:36:05.115 [TestNG-test-Yt Master Tests-2] INFO  [verifyingGlobalFilterLandingPage] Looking for language element with name: Afrikaans
2026-01-31 17:36:05.115 [TestNG-test-Yt Master Tests-2] INFO  [verifyingGlobalFilterLandingPage] [verifyingGlobalFilterLandingPage] Waiting until element is visible in viewport
2026-01-31 17:36:15.464 [TestNG-test-Yt Master Tests-2] INFO  [verifyingGlobalFilterLandingPage] [verifyingGlobalFilterLandingPage] Capturing screenshot: Filter Applied is Afrikaans__2026-01-31_173615.png
2026-01-31 17:36:15.628 [TestNG-test-Yt Master Tests-2] INFO  [verifyingGlobalFilterLandingPage] [verifyingGlobalFilterLandingPage] Screenshot saved at: test-output/screenshots/Run_2026-01-31_17-35-10/verifyingGlobalFilterLandingPage/Filter Applied is Afrikaans__2026-01-31_173615.png
2026-01-31 17:36:15.628 [TestNG-test-Yt Master Tests-2] INFO  [verifyingGlobalFilterLandingPage] Clicking settings ellipses button...
2026-01-31 17:36:15.628 [TestNG-test-Yt Master Tests-2] INFO  [verifyingGlobalFilterLandingPage] [verifyingGlobalFilterLandingPage] Trying to find element: By.xpath: //ytd-topbar-menu-button-renderer[@class='style-scope ytd-masthead style-default']
2026-01-31 17:36:15.651 [TestNG-test-Yt Master Tests-2] INFO  [verifyingGlobalFilterLandingPage] [verifyingGlobalFilterLandingPage] Element found and ready (attempt 1): By.xpath: //ytd-topbar-menu-button-renderer[@class='style-scope ytd-masthead style-default']
2026-01-31 17:36:17.710 [TestNG-test-Yt Master Tests-2] INFO  [verifyingGlobalFilterLandingPage] Clicking on global filter button in landing page..
2026-01-31 17:36:17.710 [TestNG-test-Yt Master Tests-2] INFO  [verifyingGlobalFilterLandingPage] [verifyingGlobalFilterLandingPage] Trying to click element: By.xpath: //div[@id='filter-button']
2026-01-31 17:36:17.897 [TestNG-test-Yt Master Tests-2] INFO  [verifyingGlobalFilterLandingPage] [verifyingGlobalFilterLandingPage] Clicked successfully (attempt 1): By.xpath: //div[@id='filter-button']
2026-01-31 17:36:18.150 [TestNG-test-Yt Master Tests-2] INFO  [verifyingGlobalFilterLandingPage] [verifyingGlobalFilterLandingPage] Waiting until element is visible in viewport
2026-01-31 17:36:18.293 [TestNG-test-Yt Master Tests-2] INFO  [verifyingGlobalFilterLandingPage] [verifyingGlobalFilterLandingPage] Capturing screenshot: Filter Applied is Afrikaans__2026-01-31_173618.png
2026-01-31 17:36:18.426 [TestNG-test-Yt Master Tests-2] INFO  [verifyingGlobalFilterLandingPage] [verifyingGlobalFilterLandingPage] Screenshot saved at: test-output/screenshots/Run_2026-01-31_17-35-10/verifyingGlobalFilterLandingPage/Filter Applied is Afrikaans__2026-01-31_173618.png
2026-01-31 17:36:18.426 [TestNG-test-Yt Master Tests-2] INFO  [verifyingGlobalFilterLandingPage] Fetching the data from the global filter in landing page
2026-01-31 17:36:18.427 [TestNG-test-Yt Master Tests-2] INFO  [verifyingGlobalFilterLandingPage] [verifyingGlobalFilterLandingPage] Trying to find element: By.xpath: //ytd-search-filter-options-dialog-renderer[@class='style-scope ytd-popup-container']
2026-01-31 17:36:18.459 [TestNG-test-Yt Master Tests-2] INFO  [verifyingGlobalFilterLandingPage] [verifyingGlobalFilterLandingPage] Element found and ready (attempt 1): By.xpath: //ytd-search-filter-options-dialog-renderer[@class='style-scope ytd-popup-container']
2026-01-31 17:36:18.493 [TestNG-test-Yt Master Tests-2] INFO  [verifyingGlobalFilterLandingPage] Closing the global filter pop-up in landing page..
2026-01-31 17:36:18.494 [TestNG-test-Yt Master Tests-2] INFO  [verifyingGlobalFilterLandingPage] [verifyingGlobalFilterLandingPage] Trying to find element: By.xpath: //yt-icon[@icon='close']
2026-01-31 17:36:18.519 [TestNG-test-Yt Master Tests-2] INFO  [verifyingGlobalFilterLandingPage] [verifyingGlobalFilterLandingPage] Element found and ready (attempt 1): By.xpath: //yt-icon[@icon='close']
2026-01-31 17:36:18.593 [TestNG-test-Yt Master Tests-2] INFO  [verifyingGlobalFilterLandingPage] Clicking settings ellipses button...
2026-01-31 17:36:18.593 [TestNG-test-Yt Master Tests-2] INFO  [verifyingGlobalFilterLandingPage] [verifyingGlobalFilterLandingPage] Trying to find element: By.xpath: //ytd-topbar-menu-button-renderer[@class='style-scope ytd-masthead style-default']
2026-01-31 17:36:18.621 [TestNG-test-Yt Master Tests-2] INFO  [verifyingGlobalFilterLandingPage] [verifyingGlobalFilterLandingPage] Element found and ready (attempt 1): By.xpath: //ytd-topbar-menu-button-renderer[@class='style-scope ytd-masthead style-default']
2026-01-31 17:36:20.701 [TestNG-test-Yt Master Tests-2] INFO  [verifyingGlobalFilterLandingPage] Clicking language dropdown...
2026-01-31 17:36:20.701 [TestNG-test-Yt Master Tests-2] INFO  [verifyingGlobalFilterLandingPage] [verifyingGlobalFilterLandingPage] Trying to find element: By.xpath: (//div[@id='content-icon'])[2]
2026-01-31 17:36:20.724 [TestNG-test-Yt Master Tests-2] INFO  [verifyingGlobalFilterLandingPage] [verifyingGlobalFilterLandingPage] Element found and ready (attempt 1): By.xpath: (//div[@id='content-icon'])[2]
2026-01-31 17:36:24.119 [TestNG-test-Yt Master Tests-2] INFO  [verifyingGlobalFilterLandingPage] Looking for language element with name: Azərbaycan
2026-01-31 17:36:24.119 [TestNG-test-Yt Master Tests-2] INFO  [verifyingGlobalFilterLandingPage] [verifyingGlobalFilterLandingPage] Trying to find element: By.xpath: //yt-multi-page-menu-section-renderer[@class='style-scope ytd-multi-page-menu-renderer']//yt-formatted-string[@id='label' and text()='Azərbaycan']
2026-01-31 17:36:24.147 [TestNG-test-Yt Master Tests-2] INFO  [verifyingGlobalFilterLandingPage] [verifyingGlobalFilterLandingPage] Element found and ready (attempt 1): By.xpath: //yt-multi-page-menu-section-renderer[@class='style-scope ytd-multi-page-menu-renderer']//yt-formatted-string[@id='label' and text()='Azərbaycan']
2026-01-31 17:36:27.007 [TestNG-test-Yt Master Tests-2] INFO  [verifyingGlobalFilterLandingPage] Clicking settings ellipses button...
2026-01-31 17:36:27.008 [TestNG-test-Yt Master Tests-2] INFO  [verifyingGlobalFilterLandingPage] [verifyingGlobalFilterLandingPage] Trying to find element: By.xpath: //ytd-topbar-menu-button-renderer[@class='style-scope ytd-masthead style-default']
2026-01-31 17:36:28.146 [TestNG-test-Yt Master Tests-2] INFO  [verifyingGlobalFilterLandingPage] [verifyingGlobalFilterLandingPage] Element found and ready (attempt 1): By.xpath: //ytd-topbar-menu-button-renderer[@class='style-scope ytd-masthead style-default']
2026-01-31 17:36:28.788 [TestNG-test-Yt Master Tests-2] INFO  [verifyingGlobalFilterLandingPage] Looking for language element with name: Azərbaycan
2026-01-31 17:36:28.788 [TestNG-test-Yt Master Tests-2] INFO  [verifyingGlobalFilterLandingPage] [verifyingGlobalFilterLandingPage] Waiting until element is visible in viewport
2026-01-31 17:36:39.111 [TestNG-test-Yt Master Tests-2] INFO  [verifyingGlobalFilterLandingPage] [verifyingGlobalFilterLandingPage] Capturing screenshot: Filter Applied is Azərbaycan__2026-01-31_173639.png
2026-01-31 17:36:39.209 [TestNG-test-Yt Master Tests-2] INFO  [verifyingGlobalFilterLandingPage] [verifyingGlobalFilterLandingPage] Screenshot saved at: test-output/screenshots/Run_2026-01-31_17-35-10/verifyingGlobalFilterLandingPage/Filter Applied is Azərbaycan__2026-01-31_173639.png
2026-01-31 17:36:39.209 [TestNG-test-Yt Master Tests-2] INFO  [verifyingGlobalFilterLandingPage] Clicking settings ellipses button...
2026-01-31 17:36:39.209 [TestNG-test-Yt Master Tests-2] INFO  [verifyingGlobalFilterLandingPage] [verifyingGlobalFilterLandingPage] Trying to find element: By.xpath: //ytd-topbar-menu-button-renderer[@class='style-scope ytd-masthead style-default']
2026-01-31 17:36:39.232 [TestNG-test-Yt Master Tests-2] INFO  [verifyingGlobalFilterLandingPage] [verifyingGlobalFilterLandingPage] Element found and ready (attempt 1): By.xpath: //ytd-topbar-menu-button-renderer[@class='style-scope ytd-masthead style-default']
2026-01-31 17:36:41.290 [TestNG-test-Yt Master Tests-2] INFO  [verifyingGlobalFilterLandingPage] Clicking on global filter button in landing page..
2026-01-31 17:36:41.290 [TestNG-test-Yt Master Tests-2] INFO  [verifyingGlobalFilterLandingPage] [verifyingGlobalFilterLandingPage] Trying to click element: By.xpath: //div[@id='filter-button']
2026-01-31 17:36:41.475 [TestNG-test-Yt Master Tests-2] INFO  [verifyingGlobalFilterLandingPage] [verifyingGlobalFilterLandingPage] Clicked successfully (attempt 1): By.xpath: //div[@id='filter-button']
2026-01-31 17:36:41.726 [TestNG-test-Yt Master Tests-2] INFO  [verifyingGlobalFilterLandingPage] [verifyingGlobalFilterLandingPage] Waiting until element is visible in viewport
2026-01-31 17:36:41.882 [TestNG-test-Yt Master Tests-2] INFO  [verifyingGlobalFilterLandingPage] [verifyingGlobalFilterLandingPage] Capturing screenshot: Filter Applied is Azərbaycan__2026-01-31_173641.png
2026-01-31 17:36:42.012 [TestNG-test-Yt Master Tests-2] INFO  [verifyingGlobalFilterLandingPage] [verifyingGlobalFilterLandingPage] Screenshot saved at: test-output/screenshots/Run_2026-01-31_17-35-10/verifyingGlobalFilterLandingPage/Filter Applied is Azərbaycan__2026-01-31_173641.png
2026-01-31 17:36:42.013 [TestNG-test-Yt Master Tests-2] INFO  [verifyingGlobalFilterLandingPage] Fetching the data from the global filter in landing page
2026-01-31 17:36:42.013 [TestNG-test-Yt Master Tests-2] INFO  [verifyingGlobalFilterLandingPage] [verifyingGlobalFilterLandingPage] Trying to find element: By.xpath: //ytd-search-filter-options-dialog-renderer[@class='style-scope ytd-popup-container']
2026-01-31 17:36:42.045 [TestNG-test-Yt Master Tests-2] INFO  [verifyingGlobalFilterLandingPage] [verifyingGlobalFilterLandingPage] Element found and ready (attempt 1): By.xpath: //ytd-search-filter-options-dialog-renderer[@class='style-scope ytd-popup-container']
2026-01-31 17:36:42.163 [TestNG-test-Yt Master Tests-2] INFO  [verifyingGlobalFilterLandingPage] Closing the global filter pop-up in landing page..
2026-01-31 17:36:42.164 [TestNG-test-Yt Master Tests-2] INFO  [verifyingGlobalFilterLandingPage] [verifyingGlobalFilterLandingPage] Trying to find element: By.xpath: //yt-icon[@icon='close']
2026-01-31 17:36:42.190 [TestNG-test-Yt Master Tests-2] INFO  [verifyingGlobalFilterLandingPage] [verifyingGlobalFilterLandingPage] Element found and ready (attempt 1): By.xpath: //yt-icon[@icon='close']
2026-01-31 17:36:42.262 [TestNG-test-Yt Master Tests-2] INFO  [verifyingGlobalFilterLandingPage] Clicking settings ellipses button...
2026-01-31 17:36:42.262 [TestNG-test-Yt Master Tests-2] INFO  [verifyingGlobalFilterLandingPage] [verifyingGlobalFilterLandingPage] Trying to find element: By.xpath: //ytd-topbar-menu-button-renderer[@class='style-scope ytd-masthead style-default']
2026-01-31 17:36:42.298 [TestNG-test-Yt Master Tests-2] INFO  [verifyingGlobalFilterLandingPage] [verifyingGlobalFilterLandingPage] Element found and ready (attempt 1): By.xpath: //ytd-topbar-menu-button-renderer[@class='style-scope ytd-masthead style-default']
2026-01-31 17:36:44.366 [TestNG-test-Yt Master Tests-2] INFO  [verifyingGlobalFilterLandingPage] Clicking language dropdown...
2026-01-31 17:36:44.366 [TestNG-test-Yt Master Tests-2] INFO  [verifyingGlobalFilterLandingPage] [verifyingGlobalFilterLandingPage] Trying to find element: By.xpath: (//div[@id='content-icon'])[2]
2026-01-31 17:36:44.398 [TestNG-test-Yt Master Tests-2] INFO  [verifyingGlobalFilterLandingPage] [verifyingGlobalFilterLandingPage] Element found and ready (attempt 1): By.xpath: (//div[@id='content-icon'])[2]
2026-01-31 17:36:47.765 [TestNG-test-Yt Master Tests-2] INFO  [verifyingGlobalFilterLandingPage] Looking for language element with name: Bahasa Indonesia
2026-01-31 17:36:47.765 [TestNG-test-Yt Master Tests-2] INFO  [verifyingGlobalFilterLandingPage] [verifyingGlobalFilterLandingPage] Trying to find element: By.xpath: //yt-multi-page-menu-section-renderer[@class='style-scope ytd-multi-page-menu-renderer']//yt-formatted-string[@id='label' and text()='Bahasa Indonesia']
2026-01-31 17:36:47.798 [TestNG-test-Yt Master Tests-2] INFO  [verifyingGlobalFilterLandingPage] [verifyingGlobalFilterLandingPage] Element found and ready (attempt 1): By.xpath: //yt-multi-page-menu-section-renderer[@class='style-scope ytd-multi-page-menu-renderer']//yt-formatted-string[@id='label' and text()='Bahasa Indonesia']
2026-01-31 17:36:49.898 [TestNG-test-Yt Master Tests-2] INFO  [verifyingGlobalFilterLandingPage] Clicking settings ellipses button...
2026-01-31 17:36:49.900 [TestNG-test-Yt Master Tests-2] INFO  [verifyingGlobalFilterLandingPage] [verifyingGlobalFilterLandingPage] Trying to find element: By.xpath: //ytd-topbar-menu-button-renderer[@class='style-scope ytd-masthead style-default']
2026-01-31 17:36:51.401 [TestNG-test-Yt Master Tests-2] INFO  [verifyingGlobalFilterLandingPage] [verifyingGlobalFilterLandingPage] Element found and ready (attempt 1): By.xpath: //ytd-topbar-menu-button-renderer[@class='style-scope ytd-masthead style-default']
2026-01-31 17:36:52.102 [TestNG-test-Yt Master Tests-2] INFO  [verifyingGlobalFilterLandingPage] Looking for language element with name: Bahasa Indonesia
2026-01-31 17:36:52.104 [TestNG-test-Yt Master Tests-2] INFO  [verifyingGlobalFilterLandingPage] [verifyingGlobalFilterLandingPage] Waiting until element is visible in viewport
2026-01-31 17:37:02.516 [TestNG-test-Yt Master Tests-2] INFO  [verifyingGlobalFilterLandingPage] [verifyingGlobalFilterLandingPage] Capturing screenshot: Filter Applied is Bahasa Indonesia__2026-01-31_173702.png
2026-01-31 17:37:02.665 [TestNG-test-Yt Master Tests-2] INFO  [verifyingGlobalFilterLandingPage] [verifyingGlobalFilterLandingPage] Screenshot saved at: test-output/screenshots/Run_2026-01-31_17-35-10/verifyingGlobalFilterLandingPage/Filter Applied is Bahasa Indonesia__2026-01-31_173702.png
2026-01-31 17:37:02.665 [TestNG-test-Yt Master Tests-2] INFO  [verifyingGlobalFilterLandingPage] Clicking settings ellipses button...
2026-01-31 17:37:02.665 [TestNG-test-Yt Master Tests-2] INFO  [verifyingGlobalFilterLandingPage] [verifyingGlobalFilterLandingPage] Trying to find element: By.xpath: //ytd-topbar-menu-button-renderer[@class='style-scope ytd-masthead style-default']
2026-01-31 17:37:02.691 [TestNG-test-Yt Master Tests-2] INFO  [verifyingGlobalFilterLandingPage] [verifyingGlobalFilterLandingPage] Element found and ready (attempt 1): By.xpath: //ytd-topbar-menu-button-renderer[@class='style-scope ytd-masthead style-default']
2026-01-31 17:37:04.753 [TestNG-test-Yt Master Tests-2] INFO  [verifyingGlobalFilterLandingPage] Clicking on global filter button in landing page..
2026-01-31 17:37:04.753 [TestNG-test-Yt Master Tests-2] INFO  [verifyingGlobalFilterLandingPage] [verifyingGlobalFilterLandingPage] Trying to click element: By.xpath: //div[@id='filter-button']
2026-01-31 17:37:04.931 [TestNG-test-Yt Master Tests-2] INFO  [verifyingGlobalFilterLandingPage] [verifyingGlobalFilterLandingPage] Clicked successfully (attempt 1): By.xpath: //div[@id='filter-button']
2026-01-31 17:37:05.182 [TestNG-test-Yt Master Tests-2] INFO  [verifyingGlobalFilterLandingPage] [verifyingGlobalFilterLandingPage] Waiting until element is visible in viewport
2026-01-31 17:37:05.207 [TestNG-test-Yt Master Tests-2] INFO  [verifyingGlobalFilterLandingPage] [verifyingGlobalFilterLandingPage] Capturing screenshot: Filter Applied is Bahasa Indonesia__2026-01-31_173705.png
2026-01-31 17:37:05.316 [TestNG-test-Yt Master Tests-2] INFO  [verifyingGlobalFilterLandingPage] [verifyingGlobalFilterLandingPage] Screenshot saved at: test-output/screenshots/Run_2026-01-31_17-35-10/verifyingGlobalFilterLandingPage/Filter Applied is Bahasa Indonesia__2026-01-31_173705.png
2026-01-31 17:37:05.317 [TestNG-test-Yt Master Tests-2] INFO  [verifyingGlobalFilterLandingPage] Fetching the data from the global filter in landing page
2026-01-31 17:37:05.317 [TestNG-test-Yt Master Tests-2] INFO  [verifyingGlobalFilterLandingPage] [verifyingGlobalFilterLandingPage] Trying to find element: By.xpath: //ytd-search-filter-options-dialog-renderer[@class='style-scope ytd-popup-container']
2026-01-31 17:37:05.343 [TestNG-test-Yt Master Tests-2] INFO  [verifyingGlobalFilterLandingPage] [verifyingGlobalFilterLandingPage] Element found and ready (attempt 1): By.xpath: //ytd-search-filter-options-dialog-renderer[@class='style-scope ytd-popup-container']
2026-01-31 17:37:05.368 [TestNG-test-Yt Master Tests-2] INFO  [verifyingGlobalFilterLandingPage] Closing the global filter pop-up in landing page..
2026-01-31 17:37:05.368 [TestNG-test-Yt Master Tests-2] INFO  [verifyingGlobalFilterLandingPage] [verifyingGlobalFilterLandingPage] Trying to find element: By.xpath: //yt-icon[@icon='close']
2026-01-31 17:37:05.389 [TestNG-test-Yt Master Tests-2] INFO  [verifyingGlobalFilterLandingPage] [verifyingGlobalFilterLandingPage] Element found and ready (attempt 1): By.xpath: //yt-icon[@icon='close']
2026-01-31 17:37:05.448 [TestNG-test-Yt Master Tests-2] INFO  [verifyingGlobalFilterLandingPage] Clicking settings ellipses button...
2026-01-31 17:37:05.449 [TestNG-test-Yt Master Tests-2] INFO  [verifyingGlobalFilterLandingPage] [verifyingGlobalFilterLandingPage] Trying to find element: By.xpath: //ytd-topbar-menu-button-renderer[@class='style-scope ytd-masthead style-default']
2026-01-31 17:37:05.474 [TestNG-test-Yt Master Tests-2] INFO  [verifyingGlobalFilterLandingPage] [verifyingGlobalFilterLandingPage] Element found and ready (attempt 1): By.xpath: //ytd-topbar-menu-button-renderer[@class='style-scope ytd-masthead style-default']
2026-01-31 17:37:07.546 [TestNG-test-Yt Master Tests-2] INFO  [verifyingGlobalFilterLandingPage] Clicking language dropdown...
2026-01-31 17:37:07.546 [TestNG-test-Yt Master Tests-2] INFO  [verifyingGlobalFilterLandingPage] [verifyingGlobalFilterLandingPage] Trying to find element: By.xpath: (//div[@id='content-icon'])[2]
2026-01-31 17:37:07.569 [TestNG-test-Yt Master Tests-2] INFO  [verifyingGlobalFilterLandingPage] [verifyingGlobalFilterLandingPage] Element found and ready (attempt 1): By.xpath: (//div[@id='content-icon'])[2]
2026-01-31 17:37:10.911 [TestNG-test-Yt Master Tests-2] INFO  [verifyingGlobalFilterLandingPage] Looking for language element with name: Bosanski
2026-01-31 17:37:10.911 [TestNG-test-Yt Master Tests-2] INFO  [verifyingGlobalFilterLandingPage] [verifyingGlobalFilterLandingPage] Trying to find element: By.xpath: //yt-multi-page-menu-section-renderer[@class='style-scope ytd-multi-page-menu-renderer']//yt-formatted-string[@id='label' and text()='Bosanski']
2026-01-31 17:37:10.937 [TestNG-test-Yt Master Tests-2] INFO  [verifyingGlobalFilterLandingPage] [verifyingGlobalFilterLandingPage] Element found and ready (attempt 1): By.xpath: //yt-multi-page-menu-section-renderer[@class='style-scope ytd-multi-page-menu-renderer']//yt-formatted-string[@id='label' and text()='Bosanski']
2026-01-31 17:37:14.206 [TestNG-test-Yt Master Tests-2] INFO  [verifyingGlobalFilterLandingPage] Clicking settings ellipses button...
2026-01-31 17:37:14.207 [TestNG-test-Yt Master Tests-2] INFO  [verifyingGlobalFilterLandingPage] [verifyingGlobalFilterLandingPage] Trying to find element: By.xpath: //ytd-topbar-menu-button-renderer[@class='style-scope ytd-masthead style-default']
2026-01-31 17:37:15.508 [TestNG-test-Yt Master Tests-2] INFO  [verifyingGlobalFilterLandingPage] [verifyingGlobalFilterLandingPage] Element found and ready (attempt 1): By.xpath: //ytd-topbar-menu-button-renderer[@class='style-scope ytd-masthead style-default']
2026-01-31 17:37:15.957 [TestNG-test-Yt Master Tests-2] INFO  [verifyingGlobalFilterLandingPage] Looking for language element with name: Bosanski
2026-01-31 17:37:15.957 [TestNG-test-Yt Master Tests-2] INFO  [verifyingGlobalFilterLandingPage] [verifyingGlobalFilterLandingPage] Waiting until element is visible in viewport
2026-01-31 17:37:26.191 [TestNG-test-Yt Master Tests-2] INFO  [verifyingGlobalFilterLandingPage] [verifyingGlobalFilterLandingPage] Capturing screenshot: Filter Applied is Bosanski__2026-01-31_173726.png
2026-01-31 17:37:26.354 [TestNG-test-Yt Master Tests-2] INFO  [verifyingGlobalFilterLandingPage] [verifyingGlobalFilterLandingPage] Screenshot saved at: test-output/screenshots/Run_2026-01-31_17-35-10/verifyingGlobalFilterLandingPage/Filter Applied is Bosanski__2026-01-31_173726.png
2026-01-31 17:37:26.354 [TestNG-test-Yt Master Tests-2] INFO  [verifyingGlobalFilterLandingPage] Clicking settings ellipses button...
2026-01-31 17:37:26.354 [TestNG-test-Yt Master Tests-2] INFO  [verifyingGlobalFilterLandingPage] [verifyingGlobalFilterLandingPage] Trying to find element: By.xpath: //ytd-topbar-menu-button-renderer[@class='style-scope ytd-masthead style-default']
2026-01-31 17:37:26.379 [TestNG-test-Yt Master Tests-2] INFO  [verifyingGlobalFilterLandingPage] [verifyingGlobalFilterLandingPage] Element found and ready (attempt 1): By.xpath: //ytd-topbar-menu-button-renderer[@class='style-scope ytd-masthead style-default']
2026-01-31 17:37:28.437 [TestNG-test-Yt Master Tests-2] INFO  [verifyingGlobalFilterLandingPage] Clicking on global filter button in landing page..
2026-01-31 17:37:28.437 [TestNG-test-Yt Master Tests-2] INFO  [verifyingGlobalFilterLandingPage] [verifyingGlobalFilterLandingPage] Trying to click element: By.xpath: //div[@id='filter-button']
2026-01-31 17:37:28.625 [TestNG-test-Yt Master Tests-2] INFO  [verifyingGlobalFilterLandingPage] [verifyingGlobalFilterLandingPage] Clicked successfully (attempt 1): By.xpath: //div[@id='filter-button']
2026-01-31 17:37:28.876 [TestNG-test-Yt Master Tests-2] INFO  [verifyingGlobalFilterLandingPage] [verifyingGlobalFilterLandingPage] Waiting until element is visible in viewport
2026-01-31 17:37:28.901 [TestNG-test-Yt Master Tests-2] INFO  [verifyingGlobalFilterLandingPage] [verifyingGlobalFilterLandingPage] Capturing screenshot: Filter Applied is Bosanski__2026-01-31_173728.png
2026-01-31 17:37:29.007 [TestNG-test-Yt Master Tests-2] INFO  [verifyingGlobalFilterLandingPage] [verifyingGlobalFilterLandingPage] Screenshot saved at: test-output/screenshots/Run_2026-01-31_17-35-10/verifyingGlobalFilterLandingPage/Filter Applied is Bosanski__2026-01-31_173728.png
2026-01-31 17:37:29.008 [TestNG-test-Yt Master Tests-2] INFO  [verifyingGlobalFilterLandingPage] Fetching the data from the global filter in landing page
2026-01-31 17:37:29.008 [TestNG-test-Yt Master Tests-2] INFO  [verifyingGlobalFilterLandingPage] [verifyingGlobalFilterLandingPage] Trying to find element: By.xpath: //ytd-search-filter-options-dialog-renderer[@class='style-scope ytd-popup-container']
2026-01-31 17:37:29.041 [TestNG-test-Yt Master Tests-2] INFO  [verifyingGlobalFilterLandingPage] [verifyingGlobalFilterLandingPage] Element found and ready (attempt 1): By.xpath: //ytd-search-filter-options-dialog-renderer[@class='style-scope ytd-popup-container']
2026-01-31 17:37:29.072 [TestNG-test-Yt Master Tests-2] INFO  [verifyingGlobalFilterLandingPage] Closing the global filter pop-up in landing page..
2026-01-31 17:37:29.072 [TestNG-test-Yt Master Tests-2] INFO  [verifyingGlobalFilterLandingPage] [verifyingGlobalFilterLandingPage] Trying to find element: By.xpath: //yt-icon[@icon='close']
2026-01-31 17:37:29.096 [TestNG-test-Yt Master Tests-2] INFO  [verifyingGlobalFilterLandingPage] [verifyingGlobalFilterLandingPage] Element found and ready (attempt 1): By.xpath: //yt-icon[@icon='close']
2026-01-31 17:37:29.149 [TestNG-test-Yt Master Tests-2] INFO  [verifyingGlobalFilterLandingPage] Clicking settings ellipses button...
2026-01-31 17:37:29.149 [TestNG-test-Yt Master Tests-2] INFO  [verifyingGlobalFilterLandingPage] [verifyingGlobalFilterLandingPage] Trying to find element: By.xpath: //ytd-topbar-menu-button-renderer[@class='style-scope ytd-masthead style-default']
2026-01-31 17:37:29.179 [TestNG-test-Yt Master Tests-2] INFO  [verifyingGlobalFilterLandingPage] [verifyingGlobalFilterLandingPage] Element found and ready (attempt 1): By.xpath: //ytd-topbar-menu-button-renderer[@class='style-scope ytd-masthead style-default']
2026-01-31 17:37:31.264 [TestNG-test-Yt Master Tests-2] INFO  [verifyingGlobalFilterLandingPage] Clicking language dropdown...
2026-01-31 17:37:31.264 [TestNG-test-Yt Master Tests-2] INFO  [verifyingGlobalFilterLandingPage] [verifyingGlobalFilterLandingPage] Trying to find element: By.xpath: (//div[@id='content-icon'])[2]
2026-01-31 17:37:31.293 [TestNG-test-Yt Master Tests-2] INFO  [verifyingGlobalFilterLandingPage] [verifyingGlobalFilterLandingPage] Element found and ready (attempt 1): By.xpath: (//div[@id='content-icon'])[2]
2026-01-31 17:37:34.769 [TestNG-test-Yt Master Tests-2] INFO  [verifyingGlobalFilterLandingPage] Looking for language element with name: Català
2026-01-31 17:37:34.769 [TestNG-test-Yt Master Tests-2] INFO  [verifyingGlobalFilterLandingPage] [verifyingGlobalFilterLandingPage] Trying to find element: By.xpath: //yt-multi-page-menu-section-renderer[@class='style-scope ytd-multi-page-menu-renderer']//yt-formatted-string[@id='label' and text()='Català']
2026-01-31 17:37:34.805 [TestNG-test-Yt Master Tests-2] INFO  [verifyingGlobalFilterLandingPage] [verifyingGlobalFilterLandingPage] Element found and ready (attempt 1): By.xpath: //yt-multi-page-menu-section-renderer[@class='style-scope ytd-multi-page-menu-renderer']//yt-formatted-string[@id='label' and text()='Català']
2026-01-31 17:37:37.160 [TestNG-test-Yt Master Tests-2] INFO  [verifyingGlobalFilterLandingPage] Clicking settings ellipses button...
2026-01-31 17:37:37.160 [TestNG-test-Yt Master Tests-2] INFO  [verifyingGlobalFilterLandingPage] [verifyingGlobalFilterLandingPage] Trying to find element: By.xpath: //ytd-topbar-menu-button-renderer[@class='style-scope ytd-masthead style-default']
2026-01-31 17:37:38.291 [TestNG-test-Yt Master Tests-2] INFO  [verifyingGlobalFilterLandingPage] [verifyingGlobalFilterLandingPage] Element found and ready (attempt 1): By.xpath: //ytd-topbar-menu-button-renderer[@class='style-scope ytd-masthead style-default']
2026-01-31 17:37:38.690 [TestNG-test-Yt Master Tests-2] INFO  [verifyingGlobalFilterLandingPage] Looking for language element with name: Català
2026-01-31 17:37:38.690 [TestNG-test-Yt Master Tests-2] INFO  [verifyingGlobalFilterLandingPage] [verifyingGlobalFilterLandingPage] Waiting until element is visible in viewport
2026-01-31 17:37:48.992 [TestNG-test-Yt Master Tests-2] INFO  [verifyingGlobalFilterLandingPage] [verifyingGlobalFilterLandingPage] Capturing screenshot: Filter Applied is Català__2026-01-31_173748.png
2026-01-31 17:37:49.163 [TestNG-test-Yt Master Tests-2] INFO  [verifyingGlobalFilterLandingPage] [verifyingGlobalFilterLandingPage] Screenshot saved at: test-output/screenshots/Run_2026-01-31_17-35-10/verifyingGlobalFilterLandingPage/Filter Applied is Català__2026-01-31_173748.png
2026-01-31 17:37:49.163 [TestNG-test-Yt Master Tests-2] INFO  [verifyingGlobalFilterLandingPage] Clicking settings ellipses button...
2026-01-31 17:37:49.163 [TestNG-test-Yt Master Tests-2] INFO  [verifyingGlobalFilterLandingPage] [verifyingGlobalFilterLandingPage] Trying to find element: By.xpath: //ytd-topbar-menu-button-renderer[@class='style-scope ytd-masthead style-default']
2026-01-31 17:37:49.184 [TestNG-test-Yt Master Tests-2] INFO  [verifyingGlobalFilterLandingPage] [verifyingGlobalFilterLandingPage] Element found and ready (attempt 1): By.xpath: //ytd-topbar-menu-button-renderer[@class='style-scope ytd-masthead style-default']
2026-01-31 17:37:51.242 [TestNG-test-Yt Master Tests-2] INFO  [verifyingGlobalFilterLandingPage] Clicking on global filter button in landing page..
2026-01-31 17:37:51.242 [TestNG-test-Yt Master Tests-2] INFO  [verifyingGlobalFilterLandingPage] [verifyingGlobalFilterLandingPage] Trying to click element: By.xpath: //div[@id='filter-button']
2026-01-31 17:37:51.454 [TestNG-test-Yt Master Tests-2] INFO  [verifyingGlobalFilterLandingPage] [verifyingGlobalFilterLandingPage] Clicked successfully (attempt 1): By.xpath: //div[@id='filter-button']
2026-01-31 17:37:51.705 [TestNG-test-Yt Master Tests-2] INFO  [verifyingGlobalFilterLandingPage] [verifyingGlobalFilterLandingPage] Waiting until element is visible in viewport
2026-01-31 17:37:51.739 [TestNG-test-Yt Master Tests-2] INFO  [verifyingGlobalFilterLandingPage] [verifyingGlobalFilterLandingPage] Capturing screenshot: Filter Applied is Català__2026-01-31_173751.png
2026-01-31 17:37:51.875 [TestNG-test-Yt Master Tests-2] INFO  [verifyingGlobalFilterLandingPage] [verifyingGlobalFilterLandingPage] Screenshot saved at: test-output/screenshots/Run_2026-01-31_17-35-10/verifyingGlobalFilterLandingPage/Filter Applied is Català__2026-01-31_173751.png
2026-01-31 17:37:51.875 [TestNG-test-Yt Master Tests-2] INFO  [verifyingGlobalFilterLandingPage] Fetching the data from the global filter in landing page
2026-01-31 17:37:51.875 [TestNG-test-Yt Master Tests-2] INFO  [verifyingGlobalFilterLandingPage] [verifyingGlobalFilterLandingPage] Trying to find element: By.xpath: //ytd-search-filter-options-dialog-renderer[@class='style-scope ytd-popup-container']
2026-01-31 17:37:51.902 [TestNG-test-Yt Master Tests-2] INFO  [verifyingGlobalFilterLandingPage] [verifyingGlobalFilterLandingPage] Element found and ready (attempt 1): By.xpath: //ytd-search-filter-options-dialog-renderer[@class='style-scope ytd-popup-container']
2026-01-31 17:37:51.938 [TestNG-test-Yt Master Tests-2] INFO  [verifyingGlobalFilterLandingPage] Closing the global filter pop-up in landing page..
2026-01-31 17:37:51.938 [TestNG-test-Yt Master Tests-2] INFO  [verifyingGlobalFilterLandingPage] [verifyingGlobalFilterLandingPage] Trying to find element: By.xpath: //yt-icon[@icon='close']
2026-01-31 17:37:51.962 [TestNG-test-Yt Master Tests-2] INFO  [verifyingGlobalFilterLandingPage] [verifyingGlobalFilterLandingPage] Element found and ready (attempt 1): By.xpath: //yt-icon[@icon='close']
2026-01-31 17:37:52.035 [TestNG-test-Yt Master Tests-2] INFO  [verifyingGlobalFilterLandingPage] Clicking settings ellipses button...
2026-01-31 17:37:52.035 [TestNG-test-Yt Master Tests-2] INFO  [verifyingGlobalFilterLandingPage] [verifyingGlobalFilterLandingPage] Trying to find element: By.xpath: //ytd-topbar-menu-button-renderer[@class='style-scope ytd-masthead style-default']
2026-01-31 17:37:52.069 [TestNG-test-Yt Master Tests-2] INFO  [verifyingGlobalFilterLandingPage] [verifyingGlobalFilterLandingPage] Element found and ready (attempt 1): By.xpath: //ytd-topbar-menu-button-renderer[@class='style-scope ytd-masthead style-default']
2026-01-31 17:37:54.176 [TestNG-test-Yt Master Tests-2] INFO  [verifyingGlobalFilterLandingPage] Clicking language dropdown...
2026-01-31 17:37:54.176 [TestNG-test-Yt Master Tests-2] INFO  [verifyingGlobalFilterLandingPage] [verifyingGlobalFilterLandingPage] Trying to find element: By.xpath: (//div[@id='content-icon'])[2]
2026-01-31 17:37:54.198 [TestNG-test-Yt Master Tests-2] INFO  [verifyingGlobalFilterLandingPage] [verifyingGlobalFilterLandingPage] Element found and ready (attempt 1): By.xpath: (//div[@id='content-icon'])[2]
2026-01-31 17:37:57.532 [TestNG-test-Yt Master Tests-2] INFO  [verifyingGlobalFilterLandingPage] Looking for language element with name: Dansk
2026-01-31 17:37:57.532 [TestNG-test-Yt Master Tests-2] INFO  [verifyingGlobalFilterLandingPage] [verifyingGlobalFilterLandingPage] Trying to find element: By.xpath: //yt-multi-page-menu-section-renderer[@class='style-scope ytd-multi-page-menu-renderer']//yt-formatted-string[@id='label' and text()='Dansk']
2026-01-31 17:37:57.558 [TestNG-test-Yt Master Tests-2] INFO  [verifyingGlobalFilterLandingPage] [verifyingGlobalFilterLandingPage] Element found and ready (attempt 1): By.xpath: //yt-multi-page-menu-section-renderer[@class='style-scope ytd-multi-page-menu-renderer']//yt-formatted-string[@id='label' and text()='Dansk']
2026-01-31 17:37:59.647 [TestNG-test-Yt Master Tests-2] INFO  [verifyingGlobalFilterLandingPage] Clicking settings ellipses button...
2026-01-31 17:37:59.647 [TestNG-test-Yt Master Tests-2] INFO  [verifyingGlobalFilterLandingPage] [verifyingGlobalFilterLandingPage] Trying to find element: By.xpath: //ytd-topbar-menu-button-renderer[@class='style-scope ytd-masthead style-default']
2026-01-31 17:38:00.938 [TestNG-test-Yt Master Tests-2] INFO  [verifyingGlobalFilterLandingPage] [verifyingGlobalFilterLandingPage] Element found and ready (attempt 1): By.xpath: //ytd-topbar-menu-button-renderer[@class='style-scope ytd-masthead style-default']
2026-01-31 17:38:01.432 [TestNG-test-Yt Master Tests-2] INFO  [verifyingGlobalFilterLandingPage] Looking for language element with name: Dansk
2026-01-31 17:38:01.433 [TestNG-test-Yt Master Tests-2] INFO  [verifyingGlobalFilterLandingPage] [verifyingGlobalFilterLandingPage] Waiting until element is visible in viewport
2026-01-31 17:38:11.502 [TestNG-test-Yt Master Tests-2] INFO  [verifyingGlobalFilterLandingPage] [verifyingGlobalFilterLandingPage] Capturing screenshot: Filter Applied is Dansk__2026-01-31_173811.png
2026-01-31 17:38:11.642 [TestNG-test-Yt Master Tests-2] INFO  [verifyingGlobalFilterLandingPage] [verifyingGlobalFilterLandingPage] Screenshot saved at: test-output/screenshots/Run_2026-01-31_17-35-10/verifyingGlobalFilterLandingPage/Filter Applied is Dansk__2026-01-31_173811.png
2026-01-31 17:38:11.642 [TestNG-test-Yt Master Tests-2] INFO  [verifyingGlobalFilterLandingPage] Clicking settings ellipses button...
2026-01-31 17:38:11.642 [TestNG-test-Yt Master Tests-2] INFO  [verifyingGlobalFilterLandingPage] [verifyingGlobalFilterLandingPage] Trying to find element: By.xpath: //ytd-topbar-menu-button-renderer[@class='style-scope ytd-masthead style-default']
2026-01-31 17:38:11.663 [TestNG-test-Yt Master Tests-2] INFO  [verifyingGlobalFilterLandingPage] [verifyingGlobalFilterLandingPage] Element found and ready (attempt 1): By.xpath: //ytd-topbar-menu-button-renderer[@class='style-scope ytd-masthead style-default']
2026-01-31 17:38:13.720 [TestNG-test-Yt Master Tests-2] INFO  [verifyingGlobalFilterLandingPage] Clicking on global filter button in landing page..
2026-01-31 17:38:13.720 [TestNG-test-Yt Master Tests-2] INFO  [verifyingGlobalFilterLandingPage] [verifyingGlobalFilterLandingPage] Trying to click element: By.xpath: //div[@id='filter-button']
2026-01-31 17:38:13.933 [TestNG-test-Yt Master Tests-2] INFO  [verifyingGlobalFilterLandingPage] [verifyingGlobalFilterLandingPage] Clicked successfully (attempt 1): By.xpath: //div[@id='filter-button']
2026-01-31 17:38:14.185 [TestNG-test-Yt Master Tests-2] INFO  [verifyingGlobalFilterLandingPage] [verifyingGlobalFilterLandingPage] Waiting until element is visible in viewport
2026-01-31 17:38:14.212 [TestNG-test-Yt Master Tests-2] INFO  [verifyingGlobalFilterLandingPage] [verifyingGlobalFilterLandingPage] Capturing screenshot: Filter Applied is Dansk__2026-01-31_173814.png
2026-01-31 17:38:14.338 [TestNG-test-Yt Master Tests-2] INFO  [verifyingGlobalFilterLandingPage] [verifyingGlobalFilterLandingPage] Screenshot saved at: test-output/screenshots/Run_2026-01-31_17-35-10/verifyingGlobalFilterLandingPage/Filter Applied is Dansk__2026-01-31_173814.png
2026-01-31 17:38:14.339 [TestNG-test-Yt Master Tests-2] INFO  [verifyingGlobalFilterLandingPage] Fetching the data from the global filter in landing page
2026-01-31 17:38:14.339 [TestNG-test-Yt Master Tests-2] INFO  [verifyingGlobalFilterLandingPage] [verifyingGlobalFilterLandingPage] Trying to find element: By.xpath: //ytd-search-filter-options-dialog-renderer[@class='style-scope ytd-popup-container']
2026-01-31 17:38:14.367 [TestNG-test-Yt Master Tests-2] INFO  [verifyingGlobalFilterLandingPage] [verifyingGlobalFilterLandingPage] Element found and ready (attempt 1): By.xpath: //ytd-search-filter-options-dialog-renderer[@class='style-scope ytd-popup-container']
2026-01-31 17:38:14.471 [TestNG-test-Yt Master Tests-2] INFO  [verifyingGlobalFilterLandingPage] Closing the global filter pop-up in landing page..
2026-01-31 17:38:14.471 [TestNG-test-Yt Master Tests-2] INFO  [verifyingGlobalFilterLandingPage] [verifyingGlobalFilterLandingPage] Trying to find element: By.xpath: //yt-icon[@icon='close']
2026-01-31 17:38:14.518 [TestNG-test-Yt Master Tests-2] INFO  [verifyingGlobalFilterLandingPage] [verifyingGlobalFilterLandingPage] Element found and ready (attempt 1): By.xpath: //yt-icon[@icon='close']
2026-01-31 17:38:14.595 [TestNG-test-Yt Master Tests-2] INFO  [verifyingGlobalFilterLandingPage] Clicking settings ellipses button...
2026-01-31 17:38:14.595 [TestNG-test-Yt Master Tests-2] INFO  [verifyingGlobalFilterLandingPage] [verifyingGlobalFilterLandingPage] Trying to find element: By.xpath: //ytd-topbar-menu-button-renderer[@class='style-scope ytd-masthead style-default']
2026-01-31 17:38:14.630 [TestNG-test-Yt Master Tests-2] INFO  [verifyingGlobalFilterLandingPage] [verifyingGlobalFilterLandingPage] Element found and ready (attempt 1): By.xpath: //ytd-topbar-menu-button-renderer[@class='style-scope ytd-masthead style-default']
2026-01-31 17:38:16.697 [TestNG-test-Yt Master Tests-2] INFO  [verifyingGlobalFilterLandingPage] Clicking language dropdown...
2026-01-31 17:38:16.697 [TestNG-test-Yt Master Tests-2] INFO  [verifyingGlobalFilterLandingPage] [verifyingGlobalFilterLandingPage] Trying to find element: By.xpath: (//div[@id='content-icon'])[2]
2026-01-31 17:38:16.736 [TestNG-test-Yt Master Tests-2] INFO  [verifyingGlobalFilterLandingPage] [verifyingGlobalFilterLandingPage] Element found and ready (attempt 1): By.xpath: (//div[@id='content-icon'])[2]
2026-01-31 17:38:20.295 [TestNG-test-Yt Master Tests-2] INFO  [verifyingGlobalFilterLandingPage] Looking for language element with name: Deutsch
2026-01-31 17:38:20.295 [TestNG-test-Yt Master Tests-2] INFO  [verifyingGlobalFilterLandingPage] [verifyingGlobalFilterLandingPage] Trying to find element: By.xpath: //yt-multi-page-menu-section-renderer[@class='style-scope ytd-multi-page-menu-renderer']//yt-formatted-string[@id='label' and text()='Deutsch']
2026-01-31 17:38:20.321 [TestNG-test-Yt Master Tests-2] INFO  [verifyingGlobalFilterLandingPage] [verifyingGlobalFilterLandingPage] Element found and ready (attempt 1): By.xpath: //yt-multi-page-menu-section-renderer[@class='style-scope ytd-multi-page-menu-renderer']//yt-formatted-string[@id='label' and text()='Deutsch']
2026-01-31 17:38:22.515 [TestNG-test-Yt Master Tests-2] INFO  [verifyingGlobalFilterLandingPage] Clicking settings ellipses button...
2026-01-31 17:38:22.515 [TestNG-test-Yt Master Tests-2] INFO  [verifyingGlobalFilterLandingPage] [verifyingGlobalFilterLandingPage] Trying to find element: By.xpath: //ytd-topbar-menu-button-renderer[@class='style-scope ytd-masthead style-default']
2026-01-31 17:38:23.793 [TestNG-test-Yt Master Tests-2] INFO  [verifyingGlobalFilterLandingPage] [verifyingGlobalFilterLandingPage] Element found and ready (attempt 1): By.xpath: //ytd-topbar-menu-button-renderer[@class='style-scope ytd-masthead style-default']
2026-01-31 17:38:24.292 [TestNG-test-Yt Master Tests-2] INFO  [verifyingGlobalFilterLandingPage] Looking for language element with name: Deutsch
2026-01-31 17:38:24.293 [TestNG-test-Yt Master Tests-2] INFO  [verifyingGlobalFilterLandingPage] [verifyingGlobalFilterLandingPage] Waiting until element is visible in viewport
2026-01-31 17:38:34.537 [TestNG-test-Yt Master Tests-2] INFO  [verifyingGlobalFilterLandingPage] [verifyingGlobalFilterLandingPage] Capturing screenshot: Filter Applied is Deutsch__2026-01-31_173834.png
2026-01-31 17:38:34.673 [TestNG-test-Yt Master Tests-2] INFO  [verifyingGlobalFilterLandingPage] [verifyingGlobalFilterLandingPage] Screenshot saved at: test-output/screenshots/Run_2026-01-31_17-35-10/verifyingGlobalFilterLandingPage/Filter Applied is Deutsch__2026-01-31_173834.png
2026-01-31 17:38:34.673 [TestNG-test-Yt Master Tests-2] INFO  [verifyingGlobalFilterLandingPage] Clicking settings ellipses button...
2026-01-31 17:38:34.673 [TestNG-test-Yt Master Tests-2] INFO  [verifyingGlobalFilterLandingPage] [verifyingGlobalFilterLandingPage] Trying to find element: By.xpath: //ytd-topbar-menu-button-renderer[@class='style-scope ytd-masthead style-default']
2026-01-31 17:38:34.697 [TestNG-test-Yt Master Tests-2] INFO  [verifyingGlobalFilterLandingPage] [verifyingGlobalFilterLandingPage] Element found and ready (attempt 1): By.xpath: //ytd-topbar-menu-button-renderer[@class='style-scope ytd-masthead style-default']
2026-01-31 17:38:36.762 [TestNG-test-Yt Master Tests-2] INFO  [verifyingGlobalFilterLandingPage] Clicking on global filter button in landing page..
2026-01-31 17:38:36.762 [TestNG-test-Yt Master Tests-2] INFO  [verifyingGlobalFilterLandingPage] [verifyingGlobalFilterLandingPage] Trying to click element: By.xpath: //div[@id='filter-button']
2026-01-31 17:38:36.931 [TestNG-test-Yt Master Tests-2] INFO  [verifyingGlobalFilterLandingPage] [verifyingGlobalFilterLandingPage] Clicked successfully (attempt 1): By.xpath: //div[@id='filter-button']
2026-01-31 17:38:37.182 [TestNG-test-Yt Master Tests-2] INFO  [verifyingGlobalFilterLandingPage] [verifyingGlobalFilterLandingPage] Waiting until element is visible in viewport
2026-01-31 17:38:37.208 [TestNG-test-Yt Master Tests-2] INFO  [verifyingGlobalFilterLandingPage] [verifyingGlobalFilterLandingPage] Capturing screenshot: Filter Applied is Deutsch__2026-01-31_173837.png
2026-01-31 17:38:37.313 [TestNG-test-Yt Master Tests-2] INFO  [verifyingGlobalFilterLandingPage] [verifyingGlobalFilterLandingPage] Screenshot saved at: test-output/screenshots/Run_2026-01-31_17-35-10/verifyingGlobalFilterLandingPage/Filter Applied is Deutsch__2026-01-31_173837.png
2026-01-31 17:38:37.313 [TestNG-test-Yt Master Tests-2] INFO  [verifyingGlobalFilterLandingPage] Fetching the data from the global filter in landing page
2026-01-31 17:38:37.314 [TestNG-test-Yt Master Tests-2] INFO  [verifyingGlobalFilterLandingPage] [verifyingGlobalFilterLandingPage] Trying to find element: By.xpath: //ytd-search-filter-options-dialog-renderer[@class='style-scope ytd-popup-container']
2026-01-31 17:38:37.437 [TestNG-test-Yt Master Tests-2] INFO  [verifyingGlobalFilterLandingPage] [verifyingGlobalFilterLandingPage] Element found and ready (attempt 1): By.xpath: //ytd-search-filter-options-dialog-renderer[@class='style-scope ytd-popup-container']
2026-01-31 17:38:37.462 [TestNG-test-Yt Master Tests-2] INFO  [verifyingGlobalFilterLandingPage] Closing the global filter pop-up in landing page..
2026-01-31 17:38:37.462 [TestNG-test-Yt Master Tests-2] INFO  [verifyingGlobalFilterLandingPage] [verifyingGlobalFilterLandingPage] Trying to find element: By.xpath: //yt-icon[@icon='close']
2026-01-31 17:38:37.485 [TestNG-test-Yt Master Tests-2] INFO  [verifyingGlobalFilterLandingPage] [verifyingGlobalFilterLandingPage] Element found and ready (attempt 1): By.xpath: //yt-icon[@icon='close']
2026-01-31 17:38:37.536 [TestNG-test-Yt Master Tests-2] INFO  [verifyingGlobalFilterLandingPage] Clicking settings ellipses button...
2026-01-31 17:38:37.537 [TestNG-test-Yt Master Tests-2] INFO  [verifyingGlobalFilterLandingPage] [verifyingGlobalFilterLandingPage] Trying to find element: By.xpath: //ytd-topbar-menu-button-renderer[@class='style-scope ytd-masthead style-default']
2026-01-31 17:38:37.580 [TestNG-test-Yt Master Tests-2] INFO  [verifyingGlobalFilterLandingPage] [verifyingGlobalFilterLandingPage] Element found and ready (attempt 1): By.xpath: //ytd-topbar-menu-button-renderer[@class='style-scope ytd-masthead style-default']
2026-01-31 17:38:39.673 [TestNG-test-Yt Master Tests-2] INFO  [verifyingGlobalFilterLandingPage] Clicking language dropdown...
2026-01-31 17:38:39.673 [TestNG-test-Yt Master Tests-2] INFO  [verifyingGlobalFilterLandingPage] [verifyingGlobalFilterLandingPage] Trying to find element: By.xpath: (//div[@id='content-icon'])[2]
2026-01-31 17:38:39.698 [TestNG-test-Yt Master Tests-2] INFO  [verifyingGlobalFilterLandingPage] [verifyingGlobalFilterLandingPage] Element found and ready (attempt 1): By.xpath: (//div[@id='content-icon'])[2]
2026-01-31 17:38:42.998 [TestNG-test-Yt Master Tests-2] INFO  [verifyingGlobalFilterLandingPage] Looking for language element with name: Eesti
2026-01-31 17:38:42.998 [TestNG-test-Yt Master Tests-2] INFO  [verifyingGlobalFilterLandingPage] [verifyingGlobalFilterLandingPage] Trying to find element: By.xpath: //yt-multi-page-menu-section-renderer[@class='style-scope ytd-multi-page-menu-renderer']//yt-formatted-string[@id='label' and text()='Eesti']
2026-01-31 17:38:43.024 [TestNG-test-Yt Master Tests-2] INFO  [verifyingGlobalFilterLandingPage] [verifyingGlobalFilterLandingPage] Element found and ready (attempt 1): By.xpath: //yt-multi-page-menu-section-renderer[@class='style-scope ytd-multi-page-menu-renderer']//yt-formatted-string[@id='label' and text()='Eesti']
2026-01-31 17:38:45.081 [TestNG-test-Yt Master Tests-2] INFO  [verifyingGlobalFilterLandingPage] Clicking settings ellipses button...
2026-01-31 17:38:45.081 [TestNG-test-Yt Master Tests-2] INFO  [verifyingGlobalFilterLandingPage] [verifyingGlobalFilterLandingPage] Trying to find element: By.xpath: //ytd-topbar-menu-button-renderer[@class='style-scope ytd-masthead style-default']
2026-01-31 17:38:46.363 [TestNG-test-Yt Master Tests-2] INFO  [verifyingGlobalFilterLandingPage] [verifyingGlobalFilterLandingPage] Element found and ready (attempt 1): By.xpath: //ytd-topbar-menu-button-renderer[@class='style-scope ytd-masthead style-default']
2026-01-31 17:38:46.748 [TestNG-test-Yt Master Tests-2] INFO  [verifyingGlobalFilterLandingPage] Looking for language element with name: Eesti
2026-01-31 17:38:46.748 [TestNG-test-Yt Master Tests-2] INFO  [verifyingGlobalFilterLandingPage] [verifyingGlobalFilterLandingPage] Waiting until element is visible in viewport
2026-01-31 17:38:57.120 [TestNG-test-Yt Master Tests-2] INFO  [verifyingGlobalFilterLandingPage] [verifyingGlobalFilterLandingPage] Capturing screenshot: Filter Applied is Eesti__2026-01-31_173857.png
2026-01-31 17:38:57.254 [TestNG-test-Yt Master Tests-2] INFO  [verifyingGlobalFilterLandingPage] [verifyingGlobalFilterLandingPage] Screenshot saved at: test-output/screenshots/Run_2026-01-31_17-35-10/verifyingGlobalFilterLandingPage/Filter Applied is Eesti__2026-01-31_173857.png
2026-01-31 17:38:57.254 [TestNG-test-Yt Master Tests-2] INFO  [verifyingGlobalFilterLandingPage] Clicking settings ellipses button...
2026-01-31 17:38:57.254 [TestNG-test-Yt Master Tests-2] INFO  [verifyingGlobalFilterLandingPage] [verifyingGlobalFilterLandingPage] Trying to find element: By.xpath: //ytd-topbar-menu-button-renderer[@class='style-scope ytd-masthead style-default']
2026-01-31 17:38:57.279 [TestNG-test-Yt Master Tests-2] INFO  [verifyingGlobalFilterLandingPage] [verifyingGlobalFilterLandingPage] Element found and ready (attempt 1): By.xpath: //ytd-topbar-menu-button-renderer[@class='style-scope ytd-masthead style-default']
2026-01-31 17:38:59.343 [TestNG-test-Yt Master Tests-2] INFO  [verifyingGlobalFilterLandingPage] Clicking on global filter button in landing page..
2026-01-31 17:38:59.343 [TestNG-test-Yt Master Tests-2] INFO  [verifyingGlobalFilterLandingPage] [verifyingGlobalFilterLandingPage] Trying to click element: By.xpath: //div[@id='filter-button']
2026-01-31 17:38:59.577 [TestNG-test-Yt Master Tests-2] INFO  [verifyingGlobalFilterLandingPage] [verifyingGlobalFilterLandingPage] Clicked successfully (attempt 1): By.xpath: //div[@id='filter-button']
2026-01-31 17:38:59.829 [TestNG-test-Yt Master Tests-2] INFO  [verifyingGlobalFilterLandingPage] [verifyingGlobalFilterLandingPage] Waiting until element is visible in viewport
2026-01-31 17:38:59.924 [TestNG-test-Yt Master Tests-2] INFO  [verifyingGlobalFilterLandingPage] [verifyingGlobalFilterLandingPage] Capturing screenshot: Filter Applied is Eesti__2026-01-31_173859.png
2026-01-31 17:39:00.071 [TestNG-test-Yt Master Tests-2] INFO  [verifyingGlobalFilterLandingPage] [verifyingGlobalFilterLandingPage] Screenshot saved at: test-output/screenshots/Run_2026-01-31_17-35-10/verifyingGlobalFilterLandingPage/Filter Applied is Eesti__2026-01-31_173859.png
2026-01-31 17:39:00.071 [TestNG-test-Yt Master Tests-2] INFO  [verifyingGlobalFilterLandingPage] Fetching the data from the global filter in landing page
2026-01-31 17:39:00.072 [TestNG-test-Yt Master Tests-2] INFO  [verifyingGlobalFilterLandingPage] [verifyingGlobalFilterLandingPage] Trying to find element: By.xpath: //ytd-search-filter-options-dialog-renderer[@class='style-scope ytd-popup-container']
2026-01-31 17:39:00.102 [TestNG-test-Yt Master Tests-2] INFO  [verifyingGlobalFilterLandingPage] [verifyingGlobalFilterLandingPage] Element found and ready (attempt 1): By.xpath: //ytd-search-filter-options-dialog-renderer[@class='style-scope ytd-popup-container']
2026-01-31 17:39:00.201 [TestNG-test-Yt Master Tests-2] INFO  [verifyingGlobalFilterLandingPage] Closing the global filter pop-up in landing page..
2026-01-31 17:39:00.202 [TestNG-test-Yt Master Tests-2] INFO  [verifyingGlobalFilterLandingPage] [verifyingGlobalFilterLandingPage] Trying to find element: By.xpath: //yt-icon[@icon='close']
2026-01-31 17:39:00.248 [TestNG-test-Yt Master Tests-2] INFO  [verifyingGlobalFilterLandingPage] [verifyingGlobalFilterLandingPage] Element found and ready (attempt 1): By.xpath: //yt-icon[@icon='close']
2026-01-31 17:39:00.334 [TestNG-test-Yt Master Tests-2] INFO  [verifyingGlobalFilterLandingPage] Clicking settings ellipses button...
2026-01-31 17:39:00.334 [TestNG-test-Yt Master Tests-2] INFO  [verifyingGlobalFilterLandingPage] [verifyingGlobalFilterLandingPage] Trying to find element: By.xpath: //ytd-topbar-menu-button-renderer[@class='style-scope ytd-masthead style-default']
2026-01-31 17:39:00.362 [TestNG-test-Yt Master Tests-2] INFO  [verifyingGlobalFilterLandingPage] [verifyingGlobalFilterLandingPage] Element found and ready (attempt 1): By.xpath: //ytd-topbar-menu-button-renderer[@class='style-scope ytd-masthead style-default']
2026-01-31 17:39:02.452 [TestNG-test-Yt Master Tests-2] INFO  [verifyingGlobalFilterLandingPage] Clicking language dropdown...
2026-01-31 17:39:02.452 [TestNG-test-Yt Master Tests-2] INFO  [verifyingGlobalFilterLandingPage] [verifyingGlobalFilterLandingPage] Trying to find element: By.xpath: (//div[@id='content-icon'])[2]
2026-01-31 17:39:02.476 [TestNG-test-Yt Master Tests-2] INFO  [verifyingGlobalFilterLandingPage] [verifyingGlobalFilterLandingPage] Element found and ready (attempt 1): By.xpath: (//div[@id='content-icon'])[2]
2026-01-31 17:39:05.782 [TestNG-test-Yt Master Tests-2] INFO  [verifyingGlobalFilterLandingPage] Looking for language element with name: English (India)
2026-01-31 17:39:05.782 [TestNG-test-Yt Master Tests-2] INFO  [verifyingGlobalFilterLandingPage] [verifyingGlobalFilterLandingPage] Trying to find element: By.xpath: //yt-multi-page-menu-section-renderer[@class='style-scope ytd-multi-page-menu-renderer']//yt-formatted-string[@id='label' and text()='English (India)']
2026-01-31 17:39:05.807 [TestNG-test-Yt Master Tests-2] INFO  [verifyingGlobalFilterLandingPage] [verifyingGlobalFilterLandingPage] Element found and ready (attempt 1): By.xpath: //yt-multi-page-menu-section-renderer[@class='style-scope ytd-multi-page-menu-renderer']//yt-formatted-string[@id='label' and text()='English (India)']
2026-01-31 17:39:07.980 [TestNG-test-Yt Master Tests-2] INFO  [verifyingGlobalFilterLandingPage] Clicking settings ellipses button...
2026-01-31 17:39:07.980 [TestNG-test-Yt Master Tests-2] INFO  [verifyingGlobalFilterLandingPage] [verifyingGlobalFilterLandingPage] Trying to find element: By.xpath: //ytd-topbar-menu-button-renderer[@class='style-scope ytd-masthead style-default']
2026-01-31 17:39:09.124 [TestNG-test-Yt Master Tests-2] INFO  [verifyingGlobalFilterLandingPage] [verifyingGlobalFilterLandingPage] Element found and ready (attempt 1): By.xpath: //ytd-topbar-menu-button-renderer[@class='style-scope ytd-masthead style-default']
2026-01-31 17:39:09.790 [TestNG-test-Yt Master Tests-2] INFO  [verifyingGlobalFilterLandingPage] Looking for language element with name: English (India)
2026-01-31 17:39:09.790 [TestNG-test-Yt Master Tests-2] INFO  [verifyingGlobalFilterLandingPage] [verifyingGlobalFilterLandingPage] Waiting until element is visible in viewport
2026-01-31 17:39:19.836 [TestNG-test-Yt Master Tests-2] INFO  [verifyingGlobalFilterLandingPage] [verifyingGlobalFilterLandingPage] Capturing screenshot: Filter Applied is English (India)__2026-01-31_173919.png
2026-01-31 17:39:19.963 [TestNG-test-Yt Master Tests-2] INFO  [verifyingGlobalFilterLandingPage] [verifyingGlobalFilterLandingPage] Screenshot saved at: test-output/screenshots/Run_2026-01-31_17-35-10/verifyingGlobalFilterLandingPage/Filter Applied is English (India)__2026-01-31_173919.png
2026-01-31 17:39:19.963 [TestNG-test-Yt Master Tests-2] INFO  [verifyingGlobalFilterLandingPage] Clicking settings ellipses button...
2026-01-31 17:39:19.963 [TestNG-test-Yt Master Tests-2] INFO  [verifyingGlobalFilterLandingPage] [verifyingGlobalFilterLandingPage] Trying to find element: By.xpath: //ytd-topbar-menu-button-renderer[@class='style-scope ytd-masthead style-default']
2026-01-31 17:39:19.988 [TestNG-test-Yt Master Tests-2] INFO  [verifyingGlobalFilterLandingPage] [verifyingGlobalFilterLandingPage] Element found and ready (attempt 1): By.xpath: //ytd-topbar-menu-button-renderer[@class='style-scope ytd-masthead style-default']
2026-01-31 17:39:22.046 [TestNG-test-Yt Master Tests-2] INFO  [verifyingGlobalFilterLandingPage] Clicking on global filter button in landing page..
2026-01-31 17:39:22.046 [TestNG-test-Yt Master Tests-2] INFO  [verifyingGlobalFilterLandingPage] [verifyingGlobalFilterLandingPage] Trying to click element: By.xpath: //div[@id='filter-button']
2026-01-31 17:39:22.225 [TestNG-test-Yt Master Tests-2] INFO  [verifyingGlobalFilterLandingPage] [verifyingGlobalFilterLandingPage] Clicked successfully (attempt 1): By.xpath: //div[@id='filter-button']
2026-01-31 17:39:22.477 [TestNG-test-Yt Master Tests-2] INFO  [verifyingGlobalFilterLandingPage] [verifyingGlobalFilterLandingPage] Waiting until element is visible in viewport
2026-01-31 17:39:22.503 [TestNG-test-Yt Master Tests-2] INFO  [verifyingGlobalFilterLandingPage] [verifyingGlobalFilterLandingPage] Capturing screenshot: Filter Applied is English (India)__2026-01-31_173922.png
2026-01-31 17:39:22.862 [TestNG-test-Yt Master Tests-2] INFO  [verifyingGlobalFilterLandingPage] [verifyingGlobalFilterLandingPage] Screenshot saved at: test-output/screenshots/Run_2026-01-31_17-35-10/verifyingGlobalFilterLandingPage/Filter Applied is English (India)__2026-01-31_173922.png
2026-01-31 17:39:22.862 [TestNG-test-Yt Master Tests-2] INFO  [verifyingGlobalFilterLandingPage] Fetching the data from the global filter in landing page
2026-01-31 17:39:22.862 [TestNG-test-Yt Master Tests-2] INFO  [verifyingGlobalFilterLandingPage] [verifyingGlobalFilterLandingPage] Trying to find element: By.xpath: //ytd-search-filter-options-dialog-renderer[@class='style-scope ytd-popup-container']
2026-01-31 17:39:22.884 [TestNG-test-Yt Master Tests-2] INFO  [verifyingGlobalFilterLandingPage] [verifyingGlobalFilterLandingPage] Element found and ready (attempt 1): By.xpath: //ytd-search-filter-options-dialog-renderer[@class='style-scope ytd-popup-container']
2026-01-31 17:39:23.000 [TestNG-test-Yt Master Tests-2] INFO  [verifyingGlobalFilterLandingPage] Closing the global filter pop-up in landing page..
2026-01-31 17:39:23.000 [TestNG-test-Yt Master Tests-2] INFO  [verifyingGlobalFilterLandingPage] [verifyingGlobalFilterLandingPage] Trying to find element: By.xpath: //yt-icon[@icon='close']
2026-01-31 17:39:23.028 [TestNG-test-Yt Master Tests-2] INFO  [verifyingGlobalFilterLandingPage] [verifyingGlobalFilterLandingPage] Element found and ready (attempt 1): By.xpath: //yt-icon[@icon='close']
2026-01-31 17:39:23.102 [TestNG-test-Yt Master Tests-2] INFO  [verifyingGlobalFilterLandingPage] [verifyingGlobalFilterLandingPage] Not retrying test 'verifyingGlobalFilterLandingPage'. Retry count: 0, Cause: The following asserts failed:
	Mismatch in the Expected and Actual Data expected [Soekfilters
OPLAAIDATUM
Afgelope uur
Vandag
Vandeesweek
Vandeesmaand
Hierdie jaar
TIPE
Video
Kanaal
Snitlys
Fliek
TYDSDUUR
Korter as 4 minute
4–20 minute
Langer as 20 minute
KENMERKE
Regstreeks
4K
HD
Onderskrifte
Creative Commons
360°
VR180
3D
HDR
Ligging
Gekoop
RANGSKIK VOLGENS
Relevansie
Oplaaidatum
Kyktelling
Gradering] but found [Soekfilters
TIPE
Video’s
Kortvideo’s
Kanale
Snitlyste
Flieks
TYDSDUUR
Korter as 3 minute
3-20 minute
Langer as 20 minute
OPLAAIDATUM
Vandag
Vandeesweek
Vandeesmaand
Hierdie jaar
KENMERKE
Regstreeks
4K
HD
Onderskrifte
Creative Commons
360°
VR180
3D
HDR
Ligging
Gekoop
PRIORITISEER
Relevansie
Gewildheid],
	Mismatch in the Expected and Actual Data expected [Axtarış filtrləri
YÜKLƏMƏ TARIXI
Son saat
Bu gün
Bu həftə
Bu ay
Bu il
NÖV
Video
Kanal
Playlist
Kino
MÜDDƏT
4 dəqiqədən az
4-20 dəqiqə
20 dəqiqədən çox
FUNKSIYALAR
Canlı
4K
HD
Altyazılar/gizli altyazılar
Creative Commons lisenziyalı
360°
VR180
3D
HDR
Məkan
Satın alınmış
SIRALA
uyğunluq
Yükləmə tarixi
Baxış sayı
Reytinq] but found [Axtarış filtrləri
NÖV
Videolar
Shorts
Kanallar
Mahnı siyahıları
Filmlər
MÜDDƏT
3 dəqiqədən az
3 - 20 dəqiqə
20 dəqiqədən çox
YÜKLƏMƏ TARIXI
Bu gün
Bu həftə
Bu ay
Bu il
FUNKSIYALAR
Canlı
4K
HD
Altyazılar/gizli altyazılar
Creative Commons lisenziyalı
360°
VR180
3D
HDR
Məkan
Satın alınmış
PRIORITETLƏŞDIRIN
uyğunluq
Populyarlıq],
	Mismatch in the Expected and Actual Data expected [Filter penelusuran
TANGGAL UPLOAD
Sejam terakhir
Hari ini
Minggu ini
Bulan ini
Tahun ini
JENIS
Video
Channel
Playlist
Film
DURASI
Kurang dari 4 menit
4 - 20 menit
Lebih dari 20 menit
FITUR
Live
4K
HD
Subtitel/CC
Creative Commons
360°
VR180
3D
HDR
Lokasi
Dibeli
URUTKAN MENURUT
Relevansi
Tanggal upload
Jumlah tayangan
Rating] but found [Filter penelusuran
JENIS
Video
Shorts
Channel
Playlist
Film
DURASI
Kurang dari 3 menit
3—20 menit
Lebih dari 20 menit
TANGGAL UPLOAD
Hari ini
Minggu ini
Bulan ini
Tahun ini
FITUR
Live
4K
HD
Subtitel/CC
Creative Commons
360°
VR180
3D
HDR
Lokasi
Dibeli
PRIORITASKAN
Relevansi
Popularitas],
	Mismatch in the Expected and Actual Data expected [Filteri pretraživanja
DATUM OTPREMANJA
Posljednji sat
Danas
Ova sedmica
Ovog mjeseca
Ove godine
VRSTA
Videozapis
Kanal
Plejlista
Film
TRAJANJE
Manje od 4 minute
4 - 20 minuta
Više od 20 minuta
FUNKCIJE
Uživo
4K
HD
Titlovi
Creative Commons
360°
VR180
3D
HDR
Lokacija
Kupljeno
POREDAJ PO:
Relevantnost
Datum otpremanja
Broj pregleda
Ocjena] but found [Filteri pretraživanja
VRSTA
Videozapisi
Shortsi
Kanali
Plejliste
Filmovi
TRAJANJE
Manje od 3 minute
3–20 minuta
Više od 20 minuta
DATUM OTPREMANJA
Danas
Ova sedmica
Ovog mjeseca
Ove godine
FUNKCIJE
Uživo
4K
HD
Titlovi
Creative Commons
360°
VR180
3D
HDR
Lokacija
Kupljeno
DAVANJE PRIORITETA
Relevantnost
Popularnost],
	Mismatch in the Expected and Actual Data expected [Filtres de cerca
DATA DE PUJADA
Darrera hora
Avui
Aquesta setmana
Aquest mes
Aquest any
TIPUS
Vídeo
Canal
Llista de reproducció
Pel·lícula
DURADA
Menys de 4 minuts
4-20 minuts
Més de 20 minuts
FUNCIONS
En directe
4K
HD
Subtítols
Creative Commons
360°
VR180
3D
HDR
Ubicació
Comprat
ORDENA PER
Rellevància
Data de pujada
Visualitzacions
Puntuació] but found [Filtres de cerca
TIPUS
Vídeos
Curts
Canals
Llistes de reproducció
Pel·lícules
DURADA
Menys de 3 minuts
Entre 3 i 20 de minuts
Més de 20 minuts
DATA DE PUJADA
Avui
Aquesta setmana
Aquest mes
Aquest any
FUNCIONS
En directe
4K
HD
Subtítols
Creative Commons
360°
VR180
3D
HDR
Ubicació
Comprat
PRIORITZA
Rellevància
Popularitat],
	Mismatch in the Expected and Actual Data expected [Søgefiltre
DATO FOR UPLOAD
Seneste time
I dag
Denne uge
Denne måned
I år
TYPE
Video
Kanal
Playliste
Film
VARIGHED
Under 4 minutter
4-20 minutter
Over 20 minutter
EGENSKABER
Live
4K
HD
Undertekster
Creative Commons
360°
VR180
3D
HDR
Lokation
Købt
SORTER EFTER
Relevans
Dato for upload
Antal visninger
Bedømmelse] but found [Søgefiltre
TYPE
Videoer
Shorts
Kanaler
Playlister
Film
VARIGHED
Under 3 minutter
3-20 minutter
Over 20 minutter
DATO FOR UPLOAD
I dag
Denne uge
Denne måned
I år
EGENSKABER
Live
4K
HD
Undertekster
Creative Commons
360°
VR180
3D
HDR
Lokation
Købt
PRIORITER
Relevans
Popularitet],
	Mismatch in the Expected and Actual Data expected [Suchfilter
HOCHLADEDATUM
Letzte Stunde
Heute
Diese Woche
Dieser Monat
Dieses Jahr
TYP
Video
Kanal
Playlist
Film
DAUER
Kürzer als 4 Minuten
4–20 Minuten
Länger als 20 Minuten
EIGENSCHAFTEN
Live
4K
HD
Untertitel/CC
Creative Commons
360°
VR180
3D
HDR
Standort
Gekauft
SORTIEREN NACH
Relevanz
Upload-Datum
Anzahl der Aufrufe
Bewertung] but found [Suchfilter
TYP
Videos
Shorts
Kanäle
Playlists
Filme
DAUER
Kürzer als 3 Minuten
3–20 Minuten
Länger als 20 Minuten
HOCHLADEDATUM
Heute
Diese Woche
Dieser Monat
Dieses Jahr
EIGENSCHAFTEN
Live
4K
HD
Untertitel/CC
Creative Commons
360°
VR180
3D
HDR
Standort
Gekauft
PRIORISIEREN
Relevanz
Beliebtheit],
	Mismatch in the Expected and Actual Data expected [Otsingufiltrid
ÜLESLAADIMISE KUUPÄEV
Viimane tund
Täna
See nädal
See kuu
See aasta
TÜÜP
Video
Kanal
Esitusloend
Film
KESTUS
Alla 4 minuti
4–20 minutit
Üle 20 minuti
FUNKTSIOONID
Reaalajas
4K
HD
Subtiitrid
Creative Commons
360°
VR180
3D
HDR
Asukoht
Ostetud
SORDI LÄHTUDES
Asjakohasus
Üleslaadimiskuupäev
Vaatamiste arv
Hinnang] but found [Otsingufiltrid
TÜÜP
Videod
Lühivideod
Kanalid
Esitusloendid
Filmid
KESTUS
Alla 3 minuti
3–20 minutit
Üle 20 minuti
ÜLESLAADIMISE KUUPÄEV
Täna
See nädal
See kuu
See aasta
FUNKTSIOONID
Reaalajas
4K
HD
Subtiitrid
Creative Commons
360°
VR180
3D
HDR
Asukoht
Ostetud
PRIORITEETSUS
Asjakohasus
Populaarsus],
	Mismatch in the Expected and Actual Data expected [Search filters
UPLOAD DATE
Last hour
Today
This week
This month
This year
TYPE
Video
Channel
Playlist
Film
DURATION
Under 4 minutes
4–20 minutes
Over 20 minutes
FEATURES
Live
4K
HD
Subtitles/CC
Creative Commons
360°
VR180
3D
HDR
Location
Purchased
SORT BY
Relevance
Upload date
View count
Rating] but found [Search filters
TYPE
Videos
Shorts
Channels
Playlists
Movies
DURATION
Under 3 minutes
3–20 minutes
Over 20 minutes
UPLOAD DATE
Today
This week
This month
This year
FEATURES
Live
4K
HD
Subtitles/CC
Creative Commons
360°
VR180
3D
HDR
Location
Purchased
PRIORITISE
Relevance
Popularity]
2026-01-31 17:39:23.124 [TestNG-test-Yt Master Tests-2] ERROR [verifyingGlobalFilterLandingPage] Test FAILED: verifyingGlobalFilterLandingPage - java.lang.AssertionError: The following asserts failed:
	Mismatch in the Expected and Actual Data expected [Soekfilters
OPLAAIDATUM
Afgelope uur
Vandag
Vandeesweek
Vandeesmaand
Hierdie jaar
TIPE
Video
Kanaal
Snitlys
Fliek
TYDSDUUR
Korter as 4 minute
4–20 minute
Langer as 20 minute
KENMERKE
Regstreeks
4K
HD
Onderskrifte
Creative Commons
360°
VR180
3D
HDR
Ligging
Gekoop
RANGSKIK VOLGENS
Relevansie
Oplaaidatum
Kyktelling
Gradering] but found [Soekfilters
TIPE
Video’s
Kortvideo’s
Kanale
Snitlyste
Flieks
TYDSDUUR
Korter as 3 minute
3-20 minute
Langer as 20 minute
OPLAAIDATUM
Vandag
Vandeesweek
Vandeesmaand
Hierdie jaar
KENMERKE
Regstreeks
4K
HD
Onderskrifte
Creative Commons
360°
VR180
3D
HDR
Ligging
Gekoop
PRIORITISEER
Relevansie
Gewildheid],
	Mismatch in the Expected and Actual Data expected [Axtarış filtrləri
YÜKLƏMƏ TARIXI
Son saat
Bu gün
Bu həftə
Bu ay
Bu il
NÖV
Video
Kanal
Playlist
Kino
MÜDDƏT
4 dəqiqədən az
4-20 dəqiqə
20 dəqiqədən çox
FUNKSIYALAR
Canlı
4K
HD
Altyazılar/gizli altyazılar
Creative Commons lisenziyalı
360°
VR180
3D
HDR
Məkan
Satın alınmış
SIRALA
uyğunluq
Yükləmə tarixi
Baxış sayı
Reytinq] but found [Axtarış filtrləri
NÖV
Videolar
Shorts
Kanallar
Mahnı siyahıları
Filmlər
MÜDDƏT
3 dəqiqədən az
3 - 20 dəqiqə
20 dəqiqədən çox
YÜKLƏMƏ TARIXI
Bu gün
Bu həftə
Bu ay
Bu il
FUNKSIYALAR
Canlı
4K
HD
Altyazılar/gizli altyazılar
Creative Commons lisenziyalı
360°
VR180
3D
HDR
Məkan
Satın alınmış
PRIORITETLƏŞDIRIN
uyğunluq
Populyarlıq],
	Mismatch in the Expected and Actual Data expected [Filter penelusuran
TANGGAL UPLOAD
Sejam terakhir
Hari ini
Minggu ini
Bulan ini
Tahun ini
JENIS
Video
Channel
Playlist
Film
DURASI
Kurang dari 4 menit
4 - 20 menit
Lebih dari 20 menit
FITUR
Live
4K
HD
Subtitel/CC
Creative Commons
360°
VR180
3D
HDR
Lokasi
Dibeli
URUTKAN MENURUT
Relevansi
Tanggal upload
Jumlah tayangan
Rating] but found [Filter penelusuran
JENIS
Video
Shorts
Channel
Playlist
Film
DURASI
Kurang dari 3 menit
3—20 menit
Lebih dari 20 menit
TANGGAL UPLOAD
Hari ini
Minggu ini
Bulan ini
Tahun ini
FITUR
Live
4K
HD
Subtitel/CC
Creative Commons
360°
VR180
3D
HDR
Lokasi
Dibeli
PRIORITASKAN
Relevansi
Popularitas],
	Mismatch in the Expected and Actual Data expected [Filteri pretraživanja
DATUM OTPREMANJA
Posljednji sat
Danas
Ova sedmica
Ovog mjeseca
Ove godine
VRSTA
Videozapis
Kanal
Plejlista
Film
TRAJANJE
Manje od 4 minute
4 - 20 minuta
Više od 20 minuta
FUNKCIJE
Uživo
4K
HD
Titlovi
Creative Commons
360°
VR180
3D
HDR
Lokacija
Kupljeno
POREDAJ PO:
Relevantnost
Datum otpremanja
Broj pregleda
Ocjena] but found [Filteri pretraživanja
VRSTA
Videozapisi
Shortsi
Kanali
Plejliste
Filmovi
TRAJANJE
Manje od 3 minute
3–20 minuta
Više od 20 minuta
DATUM OTPREMANJA
Danas
Ova sedmica
Ovog mjeseca
Ove godine
FUNKCIJE
Uživo
4K
HD
Titlovi
Creative Commons
360°
VR180
3D
HDR
Lokacija
Kupljeno
DAVANJE PRIORITETA
Relevantnost
Popularnost],
	Mismatch in the Expected and Actual Data expected [Filtres de cerca
DATA DE PUJADA
Darrera hora
Avui
Aquesta setmana
Aquest mes
Aquest any
TIPUS
Vídeo
Canal
Llista de reproducció
Pel·lícula
DURADA
Menys de 4 minuts
4-20 minuts
Més de 20 minuts
FUNCIONS
En directe
4K
HD
Subtítols
Creative Commons
360°
VR180
3D
HDR
Ubicació
Comprat
ORDENA PER
Rellevància
Data de pujada
Visualitzacions
Puntuació] but found [Filtres de cerca
TIPUS
Vídeos
Curts
Canals
Llistes de reproducció
Pel·lícules
DURADA
Menys de 3 minuts
Entre 3 i 20 de minuts
Més de 20 minuts
DATA DE PUJADA
Avui
Aquesta setmana
Aquest mes
Aquest any
FUNCIONS
En directe
4K
HD
Subtítols
Creative Commons
360°
VR180
3D
HDR
Ubicació
Comprat
PRIORITZA
Rellevància
Popularitat],
	Mismatch in the Expected and Actual Data expected [Søgefiltre
DATO FOR UPLOAD
Seneste time
I dag
Denne uge
Denne måned
I år
TYPE
Video
Kanal
Playliste
Film
VARIGHED
Under 4 minutter
4-20 minutter
Over 20 minutter
EGENSKABER
Live
4K
HD
Undertekster
Creative Commons
360°
VR180
3D
HDR
Lokation
Købt
SORTER EFTER
Relevans
Dato for upload
Antal visninger
Bedømmelse] but found [Søgefiltre
TYPE
Videoer
Shorts
Kanaler
Playlister
Film
VARIGHED
Under 3 minutter
3-20 minutter
Over 20 minutter
DATO FOR UPLOAD
I dag
Denne uge
Denne måned
I år
EGENSKABER
Live
4K
HD
Undertekster
Creative Commons
360°
VR180
3D
HDR
Lokation
Købt
PRIORITER
Relevans
Popularitet],
	Mismatch in the Expected and Actual Data expected [Suchfilter
HOCHLADEDATUM
Letzte Stunde
Heute
Diese Woche
Dieser Monat
Dieses Jahr
TYP
Video
Kanal
Playlist
Film
DAUER
Kürzer als 4 Minuten
4–20 Minuten
Länger als 20 Minuten
EIGENSCHAFTEN
Live
4K
HD
Untertitel/CC
Creative Commons
360°
VR180
3D
HDR
Standort
Gekauft
SORTIEREN NACH
Relevanz
Upload-Datum
Anzahl der Aufrufe
Bewertung] but found [Suchfilter
TYP
Videos
Shorts
Kanäle
Playlists
Filme
DAUER
Kürzer als 3 Minuten
3–20 Minuten
Länger als 20 Minuten
HOCHLADEDATUM
Heute
Diese Woche
Dieser Monat
Dieses Jahr
EIGENSCHAFTEN
Live
4K
HD
Untertitel/CC
Creative Commons
360°
VR180
3D
HDR
Standort
Gekauft
PRIORISIEREN
Relevanz
Beliebtheit],
	Mismatch in the Expected and Actual Data expected [Otsingufiltrid
ÜLESLAADIMISE KUUPÄEV
Viimane tund
Täna
See nädal
See kuu
See aasta
TÜÜP
Video
Kanal
Esitusloend
Film
KESTUS
Alla 4 minuti
4–20 minutit
Üle 20 minuti
FUNKTSIOONID
Reaalajas
4K
HD
Subtiitrid
Creative Commons
360°
VR180
3D
HDR
Asukoht
Ostetud
SORDI LÄHTUDES
Asjakohasus
Üleslaadimiskuupäev
Vaatamiste arv
Hinnang] but found [Otsingufiltrid
TÜÜP
Videod
Lühivideod
Kanalid
Esitusloendid
Filmid
KESTUS
Alla 3 minuti
3–20 minutit
Üle 20 minuti
ÜLESLAADIMISE KUUPÄEV
Täna
See nädal
See kuu
See aasta
FUNKTSIOONID
Reaalajas
4K
HD
Subtiitrid
Creative Commons
360°
VR180
3D
HDR
Asukoht
Ostetud
PRIORITEETSUS
Asjakohasus
Populaarsus],
	Mismatch in the Expected and Actual Data expected [Search filters
UPLOAD DATE
Last hour
Today
This week
This month
This year
TYPE
Video
Channel
Playlist
Film
DURATION
Under 4 minutes
4–20 minutes
Over 20 minutes
FEATURES
Live
4K
HD
Subtitles/CC
Creative Commons
360°
VR180
3D
HDR
Location
Purchased
SORT BY
Relevance
Upload date
View count
Rating] but found [Search filters
TYPE
Videos
Shorts
Channels
Playlists
Movies
DURATION
Under 3 minutes
3–20 minutes
Over 20 minutes
UPLOAD DATE
Today
This week
This month
This year
FEATURES
Live
4K
HD
Subtitles/CC
Creative Commons
360°
VR180
3D
HDR
Location
Purchased
PRIORITISE
Relevance
Popularity]
2026-01-31 17:39:23.126 [TestNG-test-Yt Master Tests-2] INFO  [verifyingGlobalFilterLandingPage] Closing WebDriver for thread: 35
2026-01-31 17:39:24.857 [TestNG-test-Yt Master Tests-2] INFO  [verifyingGlobalFilterLandingPage] WebDriver instance removed from ThreadLocal for thread: 35
2026-01-31 17:39:24.858 [TestNG-test-Yt Master Tests-2] INFO  [verifyingGlobalFilterLandingPage] Driver closed for test: verifyingGlobalFilterLandingPage
