2026-01-10 17:58:36.935 [TestNG-test-Smoke Tests-1] INFO  [verifyingSideMenuCollapsedLangAsInSettingsLingua] ===== STARTING TEST: verifyingSideMenuCollapsedLangAsInSettingsLingua  | Thread: 34 =====
2026-01-10 17:58:36.938 [TestNG-test-Smoke Tests-1] INFO  [verifyingSideMenuCollapsedLangAsInSettingsLingua] No existing WebDriver found for current thread. Initializing a new ChromeDriver...
2026-01-10 17:58:36.952 [TestNG-test-Smoke Tests-1] INFO  [verifyingSideMenuCollapsedLangAsInSettingsLingua] WebDriverManager: chromedriver setup OK
2026-01-10 17:58:38.162 [TestNG-test-Smoke Tests-1] INFO  [verifyingSideMenuCollapsedLangAsInSettingsLingua] ChromeDriver initialized successfully for thread: 34
2026-01-10 17:58:38.162 [TestNG-test-Smoke Tests-1] INFO  [verifyingSideMenuCollapsedLangAsInSettingsLingua] Driver initialized successfully for test: verifyingSideMenuCollapsedLangAsInSettingsLingua
2026-01-10 17:58:38.164 [TestNG-test-Smoke Tests-1] INFO  [verifyingSideMenuCollapsedLangAsInSettingsLingua] SafeActions initialized with driver ChromeDriver: chrome on windows (5c0b591c8d0ab20a2e8770879ff2ef09)
2026-01-10 17:58:38.164 [TestNG-test-Smoke Tests-1] INFO  [verifyingSideMenuCollapsedLangAsInSettingsLingua] Initialized YtLandingPage with driver: ChromeDriver: chrome on windows (5c0b591c8d0ab20a2e8770879ff2ef09)
2026-01-10 17:58:38.164 [TestNG-test-Smoke Tests-1] INFO  [verifyingSideMenuCollapsedLangAsInSettingsLingua] SafeActions initialized with driver ChromeDriver: chrome on windows (5c0b591c8d0ab20a2e8770879ff2ef09)
2026-01-10 17:58:40.423 [TestNG-test-Smoke Tests-1] INFO  [verifyingSideMenuCollapsedLangAsInSettingsLingua] Opened YouTube landing page.
2026-01-10 17:58:40.590 [TestNG-test-Smoke Tests-1] INFO  [verifyingSideMenuCollapsedLangAsInSettingsLingua] Clicking settings ellipses button...
2026-01-10 17:58:40.590 [TestNG-test-Smoke Tests-1] INFO  [verifyingSideMenuCollapsedLangAsInSettingsLingua] [verifyingSideMenuCollapsedLangAsInSettingsLingua] Trying to find element: By.xpath: //ytd-topbar-menu-button-renderer[@class='style-scope ytd-masthead style-default']
2026-01-10 17:58:40.734 [TestNG-test-Smoke Tests-1] INFO  [verifyingSideMenuCollapsedLangAsInSettingsLingua] [verifyingSideMenuCollapsedLangAsInSettingsLingua] Element found and ready (attempt 1): By.xpath: //ytd-topbar-menu-button-renderer[@class='style-scope ytd-masthead style-default']
2026-01-10 17:58:42.918 [TestNG-test-Smoke Tests-1] INFO  [verifyingSideMenuCollapsedLangAsInSettingsLingua] Clicking language dropdown...
2026-01-10 17:58:42.918 [TestNG-test-Smoke Tests-1] INFO  [verifyingSideMenuCollapsedLangAsInSettingsLingua] [verifyingSideMenuCollapsedLangAsInSettingsLingua] Trying to find element: By.xpath: (//div[@id='content-icon'])[2]
2026-01-10 17:58:42.943 [TestNG-test-Smoke Tests-1] INFO  [verifyingSideMenuCollapsedLangAsInSettingsLingua] [verifyingSideMenuCollapsedLangAsInSettingsLingua] Element found and ready (attempt 1): By.xpath: (//div[@id='content-icon'])[2]
2026-01-10 17:58:45.404 [TestNG-test-Smoke Tests-1] INFO  [verifyingSideMenuCollapsedLangAsInSettingsLingua] [verifyingSideMenuCollapsedLangAsInSettingsLingua] Execution is Not CRON Job Hence refering to normal keys from UtilData
2026-01-10 17:58:46.407 [TestNG-test-Smoke Tests-1] INFO  [verifyingSideMenuCollapsedLangAsInSettingsLingua] Looking for language element with name: Afrikaans
2026-01-10 17:58:46.407 [TestNG-test-Smoke Tests-1] INFO  [verifyingSideMenuCollapsedLangAsInSettingsLingua] [verifyingSideMenuCollapsedLangAsInSettingsLingua] Trying to find element: By.xpath: //yt-multi-page-menu-section-renderer[@class='style-scope ytd-multi-page-menu-renderer']//yt-formatted-string[@id='label' and text()='Afrikaans']
2026-01-10 17:58:46.437 [TestNG-test-Smoke Tests-1] INFO  [verifyingSideMenuCollapsedLangAsInSettingsLingua] [verifyingSideMenuCollapsedLangAsInSettingsLingua] Element found and ready (attempt 1): By.xpath: //yt-multi-page-menu-section-renderer[@class='style-scope ytd-multi-page-menu-renderer']//yt-formatted-string[@id='label' and text()='Afrikaans']
2026-01-10 17:58:47.595 [TestNG-test-Smoke Tests-1] INFO  [verifyingSideMenuCollapsedLangAsInSettingsLingua] Clicking settings ellipses button...
2026-01-10 17:58:47.596 [TestNG-test-Smoke Tests-1] INFO  [verifyingSideMenuCollapsedLangAsInSettingsLingua] [verifyingSideMenuCollapsedLangAsInSettingsLingua] Trying to find element: By.xpath: //ytd-topbar-menu-button-renderer[@class='style-scope ytd-masthead style-default']
2026-01-10 17:58:47.973 [TestNG-test-Smoke Tests-1] INFO  [verifyingSideMenuCollapsedLangAsInSettingsLingua] [verifyingSideMenuCollapsedLangAsInSettingsLingua] Element found and ready (attempt 1): By.xpath: //ytd-topbar-menu-button-renderer[@class='style-scope ytd-masthead style-default']
2026-01-10 17:58:48.264 [TestNG-test-Smoke Tests-1] INFO  [verifyingSideMenuCollapsedLangAsInSettingsLingua] Looking for language element with name: Afrikaans
2026-01-10 17:58:48.264 [TestNG-test-Smoke Tests-1] INFO  [verifyingSideMenuCollapsedLangAsInSettingsLingua] [verifyingSideMenuCollapsedLangAsInSettingsLingua] Waiting until element is visible in viewport
2026-01-10 17:58:58.670 [TestNG-test-Smoke Tests-1] INFO  [verifyingSideMenuCollapsedLangAsInSettingsLingua] [verifyingSideMenuCollapsedLangAsInSettingsLingua] Capturing screenshot: Filter Applied is Afrikaans__2026-01-10_175858.png
2026-01-10 17:58:58.778 [TestNG-test-Smoke Tests-1] INFO  [verifyingSideMenuCollapsedLangAsInSettingsLingua] [verifyingSideMenuCollapsedLangAsInSettingsLingua] Screenshot saved at: test-output/screenshots/Run_2026-01-10_17-49-57/verifyingSideMenuCollapsedLangAsInSettingsLingua/Filter Applied is Afrikaans__2026-01-10_175858.png
2026-01-10 17:58:58.778 [TestNG-test-Smoke Tests-1] INFO  [verifyingSideMenuCollapsedLangAsInSettingsLingua] Clicking settings ellipses button...
2026-01-10 17:58:58.778 [TestNG-test-Smoke Tests-1] INFO  [verifyingSideMenuCollapsedLangAsInSettingsLingua] [verifyingSideMenuCollapsedLangAsInSettingsLingua] Trying to find element: By.xpath: //ytd-topbar-menu-button-renderer[@class='style-scope ytd-masthead style-default']
2026-01-10 17:58:58.803 [TestNG-test-Smoke Tests-1] INFO  [verifyingSideMenuCollapsedLangAsInSettingsLingua] [verifyingSideMenuCollapsedLangAsInSettingsLingua] Element found and ready (attempt 1): By.xpath: //ytd-topbar-menu-button-renderer[@class='style-scope ytd-masthead style-default']
2026-01-10 17:58:58.858 [TestNG-test-Smoke Tests-1] INFO  [verifyingSideMenuCollapsedLangAsInSettingsLingua] getLangAttribute() - locating <html> and reading lang property
2026-01-10 17:58:58.879 [TestNG-test-Smoke Tests-1] INFO  [verifyingSideMenuCollapsedLangAsInSettingsLingua] Language attribute read: af-ZA
2026-01-10 17:59:00.880 [TestNG-test-Smoke Tests-1] INFO  [verifyingSideMenuCollapsedLangAsInSettingsLingua] Fetching the side menu in collapsed view
2026-01-10 17:59:00.880 [TestNG-test-Smoke Tests-1] INFO  [verifyingSideMenuCollapsedLangAsInSettingsLingua] [verifyingSideMenuCollapsedLangAsInSettingsLingua] Finding elements list: By.xpath: //ytd-mini-guide-renderer[@class='style-scope ytd-app']//ytd-mini-guide-entry-renderer
2026-01-10 17:59:00.946 [TestNG-test-Smoke Tests-1] INFO  [verifyingSideMenuCollapsedLangAsInSettingsLingua] [verifyingSideMenuCollapsedLangAsInSettingsLingua] Found 4 ready elements (attempt 1): By.xpath: //ytd-mini-guide-renderer[@class='style-scope ytd-app']//ytd-mini-guide-entry-renderer
2026-01-10 17:59:07.804 [TestNG-test-Smoke Tests-1] INFO  [verifyingSideMenuCollapsedLangAsInSettingsLingua] 
========== LANGUAGE DETECTION ==========
Detected Language : BOKMAL
Input Text        : Tuis Kortvideo's Intekeninge Myne
========================================
2026-01-10 17:59:07.805 [TestNG-test-Smoke Tests-1] INFO  [verifyingSideMenuCollapsedLangAsInSettingsLingua] text sent to lingua is       Tuis Kortvideo's Intekeninge Myne 
2026-01-10 17:59:07.808 [TestNG-test-Smoke Tests-1] INFO  [verifyingSideMenuCollapsedLangAsInSettingsLingua] getLangAttributeViaLanguageInput(Afrikaans)
2026-01-10 17:59:07.809 [TestNG-test-Smoke Tests-1] INFO  [verifyingSideMenuCollapsedLangAsInSettingsLingua] Mapped Afrikaans -> af-ZA
2026-01-10 17:59:07.809 [TestNG-test-Smoke Tests-1] INFO  [verifyingSideMenuCollapsedLangAsInSettingsLingua] getLangAttribute() - locating <html> and reading lang property
2026-01-10 17:59:07.826 [TestNG-test-Smoke Tests-1] INFO  [verifyingSideMenuCollapsedLangAsInSettingsLingua] Language attribute read: af-ZA
2026-01-10 17:59:07.827 [TestNG-test-Smoke Tests-1] INFO  [verifyingSideMenuCollapsedLangAsInSettingsLingua] Clicking settings ellipses button...
2026-01-10 17:59:07.828 [TestNG-test-Smoke Tests-1] INFO  [verifyingSideMenuCollapsedLangAsInSettingsLingua] [verifyingSideMenuCollapsedLangAsInSettingsLingua] Trying to find element: By.xpath: //ytd-topbar-menu-button-renderer[@class='style-scope ytd-masthead style-default']
2026-01-10 17:59:07.856 [TestNG-test-Smoke Tests-1] INFO  [verifyingSideMenuCollapsedLangAsInSettingsLingua] [verifyingSideMenuCollapsedLangAsInSettingsLingua] Element found and ready (attempt 1): By.xpath: //ytd-topbar-menu-button-renderer[@class='style-scope ytd-masthead style-default']
2026-01-10 17:59:09.961 [TestNG-test-Smoke Tests-1] INFO  [verifyingSideMenuCollapsedLangAsInSettingsLingua] Clicking language dropdown...
2026-01-10 17:59:09.961 [TestNG-test-Smoke Tests-1] INFO  [verifyingSideMenuCollapsedLangAsInSettingsLingua] [verifyingSideMenuCollapsedLangAsInSettingsLingua] Trying to find element: By.xpath: (//div[@id='content-icon'])[2]
2026-01-10 17:59:09.985 [TestNG-test-Smoke Tests-1] INFO  [verifyingSideMenuCollapsedLangAsInSettingsLingua] [verifyingSideMenuCollapsedLangAsInSettingsLingua] Element found and ready (attempt 1): By.xpath: (//div[@id='content-icon'])[2]
2026-01-10 17:59:13.397 [TestNG-test-Smoke Tests-1] INFO  [verifyingSideMenuCollapsedLangAsInSettingsLingua] Looking for language element with name: Azərbaycan
2026-01-10 17:59:13.397 [TestNG-test-Smoke Tests-1] INFO  [verifyingSideMenuCollapsedLangAsInSettingsLingua] [verifyingSideMenuCollapsedLangAsInSettingsLingua] Trying to find element: By.xpath: //yt-multi-page-menu-section-renderer[@class='style-scope ytd-multi-page-menu-renderer']//yt-formatted-string[@id='label' and text()='Azərbaycan']
2026-01-10 17:59:13.426 [TestNG-test-Smoke Tests-1] INFO  [verifyingSideMenuCollapsedLangAsInSettingsLingua] [verifyingSideMenuCollapsedLangAsInSettingsLingua] Element found and ready (attempt 1): By.xpath: //yt-multi-page-menu-section-renderer[@class='style-scope ytd-multi-page-menu-renderer']//yt-formatted-string[@id='label' and text()='Azərbaycan']
2026-01-10 17:59:14.582 [TestNG-test-Smoke Tests-1] INFO  [verifyingSideMenuCollapsedLangAsInSettingsLingua] Clicking settings ellipses button...
2026-01-10 17:59:14.582 [TestNG-test-Smoke Tests-1] INFO  [verifyingSideMenuCollapsedLangAsInSettingsLingua] [verifyingSideMenuCollapsedLangAsInSettingsLingua] Trying to find element: By.xpath: //ytd-topbar-menu-button-renderer[@class='style-scope ytd-masthead style-default']
2026-01-10 17:59:15.024 [TestNG-test-Smoke Tests-1] INFO  [verifyingSideMenuCollapsedLangAsInSettingsLingua] [verifyingSideMenuCollapsedLangAsInSettingsLingua] Element found and ready (attempt 1): By.xpath: //ytd-topbar-menu-button-renderer[@class='style-scope ytd-masthead style-default']
2026-01-10 17:59:15.847 [TestNG-test-Smoke Tests-1] INFO  [verifyingSideMenuCollapsedLangAsInSettingsLingua] Looking for language element with name: Azərbaycan
2026-01-10 17:59:15.847 [TestNG-test-Smoke Tests-1] INFO  [verifyingSideMenuCollapsedLangAsInSettingsLingua] [verifyingSideMenuCollapsedLangAsInSettingsLingua] Waiting until element is visible in viewport
2026-01-10 17:59:26.228 [TestNG-test-Smoke Tests-1] INFO  [verifyingSideMenuCollapsedLangAsInSettingsLingua] [verifyingSideMenuCollapsedLangAsInSettingsLingua] Capturing screenshot: Filter Applied is Azərbaycan__2026-01-10_175926.png
2026-01-10 17:59:26.347 [TestNG-test-Smoke Tests-1] INFO  [verifyingSideMenuCollapsedLangAsInSettingsLingua] [verifyingSideMenuCollapsedLangAsInSettingsLingua] Screenshot saved at: test-output/screenshots/Run_2026-01-10_17-49-57/verifyingSideMenuCollapsedLangAsInSettingsLingua/Filter Applied is Azərbaycan__2026-01-10_175926.png
2026-01-10 17:59:26.347 [TestNG-test-Smoke Tests-1] INFO  [verifyingSideMenuCollapsedLangAsInSettingsLingua] Clicking settings ellipses button...
2026-01-10 17:59:26.348 [TestNG-test-Smoke Tests-1] INFO  [verifyingSideMenuCollapsedLangAsInSettingsLingua] [verifyingSideMenuCollapsedLangAsInSettingsLingua] Trying to find element: By.xpath: //ytd-topbar-menu-button-renderer[@class='style-scope ytd-masthead style-default']
2026-01-10 17:59:26.371 [TestNG-test-Smoke Tests-1] INFO  [verifyingSideMenuCollapsedLangAsInSettingsLingua] [verifyingSideMenuCollapsedLangAsInSettingsLingua] Element found and ready (attempt 1): By.xpath: //ytd-topbar-menu-button-renderer[@class='style-scope ytd-masthead style-default']
2026-01-10 17:59:26.429 [TestNG-test-Smoke Tests-1] INFO  [verifyingSideMenuCollapsedLangAsInSettingsLingua] getLangAttribute() - locating <html> and reading lang property
2026-01-10 17:59:26.447 [TestNG-test-Smoke Tests-1] INFO  [verifyingSideMenuCollapsedLangAsInSettingsLingua] Language attribute read: az-Latn-AZ
2026-01-10 17:59:28.448 [TestNG-test-Smoke Tests-1] INFO  [verifyingSideMenuCollapsedLangAsInSettingsLingua] Fetching the side menu in collapsed view
2026-01-10 17:59:28.448 [TestNG-test-Smoke Tests-1] INFO  [verifyingSideMenuCollapsedLangAsInSettingsLingua] [verifyingSideMenuCollapsedLangAsInSettingsLingua] Finding elements list: By.xpath: //ytd-mini-guide-renderer[@class='style-scope ytd-app']//ytd-mini-guide-entry-renderer
2026-01-10 17:59:28.515 [TestNG-test-Smoke Tests-1] INFO  [verifyingSideMenuCollapsedLangAsInSettingsLingua] [verifyingSideMenuCollapsedLangAsInSettingsLingua] Found 4 ready elements (attempt 1): By.xpath: //ytd-mini-guide-renderer[@class='style-scope ytd-app']//ytd-mini-guide-entry-renderer
2026-01-10 17:59:28.606 [TestNG-test-Smoke Tests-1] INFO  [verifyingSideMenuCollapsedLangAsInSettingsLingua] 
========== LANGUAGE DETECTION ==========
Detected Language : TURKISH
Input Text        : Ev Shorts Abunəliklər Siz
========================================
2026-01-10 17:59:28.606 [TestNG-test-Smoke Tests-1] INFO  [verifyingSideMenuCollapsedLangAsInSettingsLingua] text sent to lingua is       Ev Shorts Abunəliklər Siz 
2026-01-10 17:59:28.607 [TestNG-test-Smoke Tests-1] INFO  [verifyingSideMenuCollapsedLangAsInSettingsLingua] getLangAttributeViaLanguageInput(Azərbaycan)
2026-01-10 17:59:28.607 [TestNG-test-Smoke Tests-1] INFO  [verifyingSideMenuCollapsedLangAsInSettingsLingua] Mapped Azərbaycan -> az-Latn-AZ
2026-01-10 17:59:28.607 [TestNG-test-Smoke Tests-1] INFO  [verifyingSideMenuCollapsedLangAsInSettingsLingua] getLangAttribute() - locating <html> and reading lang property
2026-01-10 17:59:28.620 [TestNG-test-Smoke Tests-1] INFO  [verifyingSideMenuCollapsedLangAsInSettingsLingua] Language attribute read: az-Latn-AZ
2026-01-10 17:59:28.620 [TestNG-test-Smoke Tests-1] INFO  [verifyingSideMenuCollapsedLangAsInSettingsLingua] Clicking settings ellipses button...
2026-01-10 17:59:28.620 [TestNG-test-Smoke Tests-1] INFO  [verifyingSideMenuCollapsedLangAsInSettingsLingua] [verifyingSideMenuCollapsedLangAsInSettingsLingua] Trying to find element: By.xpath: //ytd-topbar-menu-button-renderer[@class='style-scope ytd-masthead style-default']
2026-01-10 17:59:28.641 [TestNG-test-Smoke Tests-1] INFO  [verifyingSideMenuCollapsedLangAsInSettingsLingua] [verifyingSideMenuCollapsedLangAsInSettingsLingua] Element found and ready (attempt 1): By.xpath: //ytd-topbar-menu-button-renderer[@class='style-scope ytd-masthead style-default']
2026-01-10 17:59:30.710 [TestNG-test-Smoke Tests-1] INFO  [verifyingSideMenuCollapsedLangAsInSettingsLingua] Clicking language dropdown...
2026-01-10 17:59:30.710 [TestNG-test-Smoke Tests-1] INFO  [verifyingSideMenuCollapsedLangAsInSettingsLingua] [verifyingSideMenuCollapsedLangAsInSettingsLingua] Trying to find element: By.xpath: (//div[@id='content-icon'])[2]
2026-01-10 17:59:30.738 [TestNG-test-Smoke Tests-1] INFO  [verifyingSideMenuCollapsedLangAsInSettingsLingua] [verifyingSideMenuCollapsedLangAsInSettingsLingua] Element found and ready (attempt 1): By.xpath: (//div[@id='content-icon'])[2]
2026-01-10 17:59:34.214 [TestNG-test-Smoke Tests-1] INFO  [verifyingSideMenuCollapsedLangAsInSettingsLingua] Looking for language element with name: Bahasa Indonesia
2026-01-10 17:59:34.214 [TestNG-test-Smoke Tests-1] INFO  [verifyingSideMenuCollapsedLangAsInSettingsLingua] [verifyingSideMenuCollapsedLangAsInSettingsLingua] Trying to find element: By.xpath: //yt-multi-page-menu-section-renderer[@class='style-scope ytd-multi-page-menu-renderer']//yt-formatted-string[@id='label' and text()='Bahasa Indonesia']
2026-01-10 17:59:34.239 [TestNG-test-Smoke Tests-1] INFO  [verifyingSideMenuCollapsedLangAsInSettingsLingua] [verifyingSideMenuCollapsedLangAsInSettingsLingua] Element found and ready (attempt 1): By.xpath: //yt-multi-page-menu-section-renderer[@class='style-scope ytd-multi-page-menu-renderer']//yt-formatted-string[@id='label' and text()='Bahasa Indonesia']
2026-01-10 17:59:35.349 [TestNG-test-Smoke Tests-1] INFO  [verifyingSideMenuCollapsedLangAsInSettingsLingua] Clicking settings ellipses button...
2026-01-10 17:59:35.349 [TestNG-test-Smoke Tests-1] INFO  [verifyingSideMenuCollapsedLangAsInSettingsLingua] [verifyingSideMenuCollapsedLangAsInSettingsLingua] Trying to find element: By.xpath: //ytd-topbar-menu-button-renderer[@class='style-scope ytd-masthead style-default']
2026-01-10 17:59:35.711 [TestNG-test-Smoke Tests-1] INFO  [verifyingSideMenuCollapsedLangAsInSettingsLingua] [verifyingSideMenuCollapsedLangAsInSettingsLingua] Element found and ready (attempt 1): By.xpath: //ytd-topbar-menu-button-renderer[@class='style-scope ytd-masthead style-default']
2026-01-10 17:59:36.003 [TestNG-test-Smoke Tests-1] INFO  [verifyingSideMenuCollapsedLangAsInSettingsLingua] Looking for language element with name: Bahasa Indonesia
2026-01-10 17:59:36.003 [TestNG-test-Smoke Tests-1] INFO  [verifyingSideMenuCollapsedLangAsInSettingsLingua] [verifyingSideMenuCollapsedLangAsInSettingsLingua] Waiting until element is visible in viewport
2026-01-10 17:59:46.374 [TestNG-test-Smoke Tests-1] INFO  [verifyingSideMenuCollapsedLangAsInSettingsLingua] [verifyingSideMenuCollapsedLangAsInSettingsLingua] Capturing screenshot: Filter Applied is Bahasa Indonesia__2026-01-10_175946.png
2026-01-10 17:59:46.481 [TestNG-test-Smoke Tests-1] INFO  [verifyingSideMenuCollapsedLangAsInSettingsLingua] [verifyingSideMenuCollapsedLangAsInSettingsLingua] Screenshot saved at: test-output/screenshots/Run_2026-01-10_17-49-57/verifyingSideMenuCollapsedLangAsInSettingsLingua/Filter Applied is Bahasa Indonesia__2026-01-10_175946.png
2026-01-10 17:59:46.481 [TestNG-test-Smoke Tests-1] INFO  [verifyingSideMenuCollapsedLangAsInSettingsLingua] Clicking settings ellipses button...
2026-01-10 17:59:46.482 [TestNG-test-Smoke Tests-1] INFO  [verifyingSideMenuCollapsedLangAsInSettingsLingua] [verifyingSideMenuCollapsedLangAsInSettingsLingua] Trying to find element: By.xpath: //ytd-topbar-menu-button-renderer[@class='style-scope ytd-masthead style-default']
2026-01-10 17:59:46.504 [TestNG-test-Smoke Tests-1] INFO  [verifyingSideMenuCollapsedLangAsInSettingsLingua] [verifyingSideMenuCollapsedLangAsInSettingsLingua] Element found and ready (attempt 1): By.xpath: //ytd-topbar-menu-button-renderer[@class='style-scope ytd-masthead style-default']
2026-01-10 17:59:46.558 [TestNG-test-Smoke Tests-1] INFO  [verifyingSideMenuCollapsedLangAsInSettingsLingua] getLangAttribute() - locating <html> and reading lang property
2026-01-10 17:59:46.574 [TestNG-test-Smoke Tests-1] INFO  [verifyingSideMenuCollapsedLangAsInSettingsLingua] Language attribute read: id-ID
2026-01-10 17:59:48.575 [TestNG-test-Smoke Tests-1] INFO  [verifyingSideMenuCollapsedLangAsInSettingsLingua] Fetching the side menu in collapsed view
2026-01-10 17:59:48.575 [TestNG-test-Smoke Tests-1] INFO  [verifyingSideMenuCollapsedLangAsInSettingsLingua] [verifyingSideMenuCollapsedLangAsInSettingsLingua] Finding elements list: By.xpath: //ytd-mini-guide-renderer[@class='style-scope ytd-app']//ytd-mini-guide-entry-renderer
2026-01-10 17:59:48.634 [TestNG-test-Smoke Tests-1] INFO  [verifyingSideMenuCollapsedLangAsInSettingsLingua] [verifyingSideMenuCollapsedLangAsInSettingsLingua] Found 4 ready elements (attempt 1): By.xpath: //ytd-mini-guide-renderer[@class='style-scope ytd-app']//ytd-mini-guide-entry-renderer
2026-01-10 17:59:48.849 [TestNG-test-Smoke Tests-1] INFO  [verifyingSideMenuCollapsedLangAsInSettingsLingua] 
========== LANGUAGE DETECTION ==========
Detected Language : ENGLISH
Input Text        : Beranda Shorts Subscription Anda
========================================
2026-01-10 17:59:48.849 [TestNG-test-Smoke Tests-1] INFO  [verifyingSideMenuCollapsedLangAsInSettingsLingua] text sent to lingua is       Beranda Shorts Subscription Anda 
2026-01-10 17:59:48.850 [TestNG-test-Smoke Tests-1] INFO  [verifyingSideMenuCollapsedLangAsInSettingsLingua] getLangAttributeViaLanguageInput(Bahasa Indonesia)
2026-01-10 17:59:48.850 [TestNG-test-Smoke Tests-1] INFO  [verifyingSideMenuCollapsedLangAsInSettingsLingua] Mapped Bahasa Indonesia -> id-ID
2026-01-10 17:59:48.850 [TestNG-test-Smoke Tests-1] INFO  [verifyingSideMenuCollapsedLangAsInSettingsLingua] getLangAttribute() - locating <html> and reading lang property
2026-01-10 17:59:48.863 [TestNG-test-Smoke Tests-1] INFO  [verifyingSideMenuCollapsedLangAsInSettingsLingua] Language attribute read: id-ID
2026-01-10 17:59:48.863 [TestNG-test-Smoke Tests-1] INFO  [verifyingSideMenuCollapsedLangAsInSettingsLingua] Clicking settings ellipses button...
2026-01-10 17:59:48.863 [TestNG-test-Smoke Tests-1] INFO  [verifyingSideMenuCollapsedLangAsInSettingsLingua] [verifyingSideMenuCollapsedLangAsInSettingsLingua] Trying to find element: By.xpath: //ytd-topbar-menu-button-renderer[@class='style-scope ytd-masthead style-default']
2026-01-10 17:59:48.903 [TestNG-test-Smoke Tests-1] INFO  [verifyingSideMenuCollapsedLangAsInSettingsLingua] [verifyingSideMenuCollapsedLangAsInSettingsLingua] Element found and ready (attempt 1): By.xpath: //ytd-topbar-menu-button-renderer[@class='style-scope ytd-masthead style-default']
2026-01-10 17:59:50.995 [TestNG-test-Smoke Tests-1] INFO  [verifyingSideMenuCollapsedLangAsInSettingsLingua] Clicking language dropdown...
2026-01-10 17:59:50.995 [TestNG-test-Smoke Tests-1] INFO  [verifyingSideMenuCollapsedLangAsInSettingsLingua] [verifyingSideMenuCollapsedLangAsInSettingsLingua] Trying to find element: By.xpath: (//div[@id='content-icon'])[2]
2026-01-10 17:59:51.018 [TestNG-test-Smoke Tests-1] INFO  [verifyingSideMenuCollapsedLangAsInSettingsLingua] [verifyingSideMenuCollapsedLangAsInSettingsLingua] Element found and ready (attempt 1): By.xpath: (//div[@id='content-icon'])[2]
2026-01-10 17:59:54.591 [TestNG-test-Smoke Tests-1] INFO  [verifyingSideMenuCollapsedLangAsInSettingsLingua] Looking for language element with name: Bosanski
2026-01-10 17:59:54.591 [TestNG-test-Smoke Tests-1] INFO  [verifyingSideMenuCollapsedLangAsInSettingsLingua] [verifyingSideMenuCollapsedLangAsInSettingsLingua] Trying to find element: By.xpath: //yt-multi-page-menu-section-renderer[@class='style-scope ytd-multi-page-menu-renderer']//yt-formatted-string[@id='label' and text()='Bosanski']
2026-01-10 17:59:54.617 [TestNG-test-Smoke Tests-1] INFO  [verifyingSideMenuCollapsedLangAsInSettingsLingua] [verifyingSideMenuCollapsedLangAsInSettingsLingua] Element found and ready (attempt 1): By.xpath: //yt-multi-page-menu-section-renderer[@class='style-scope ytd-multi-page-menu-renderer']//yt-formatted-string[@id='label' and text()='Bosanski']
2026-01-10 17:59:55.773 [TestNG-test-Smoke Tests-1] INFO  [verifyingSideMenuCollapsedLangAsInSettingsLingua] Clicking settings ellipses button...
2026-01-10 17:59:55.773 [TestNG-test-Smoke Tests-1] INFO  [verifyingSideMenuCollapsedLangAsInSettingsLingua] [verifyingSideMenuCollapsedLangAsInSettingsLingua] Trying to find element: By.xpath: //ytd-topbar-menu-button-renderer[@class='style-scope ytd-masthead style-default']
2026-01-10 17:59:56.145 [TestNG-test-Smoke Tests-1] INFO  [verifyingSideMenuCollapsedLangAsInSettingsLingua] [verifyingSideMenuCollapsedLangAsInSettingsLingua] Element found and ready (attempt 1): By.xpath: //ytd-topbar-menu-button-renderer[@class='style-scope ytd-masthead style-default']
2026-01-10 17:59:56.387 [TestNG-test-Smoke Tests-1] INFO  [verifyingSideMenuCollapsedLangAsInSettingsLingua] Looking for language element with name: Bosanski
2026-01-10 17:59:56.387 [TestNG-test-Smoke Tests-1] INFO  [verifyingSideMenuCollapsedLangAsInSettingsLingua] [verifyingSideMenuCollapsedLangAsInSettingsLingua] Waiting until element is visible in viewport
2026-01-10 18:00:06.637 [TestNG-test-Smoke Tests-1] INFO  [verifyingSideMenuCollapsedLangAsInSettingsLingua] [verifyingSideMenuCollapsedLangAsInSettingsLingua] Capturing screenshot: Filter Applied is Bosanski__2026-01-10_180006.png
2026-01-10 18:00:06.750 [TestNG-test-Smoke Tests-1] INFO  [verifyingSideMenuCollapsedLangAsInSettingsLingua] [verifyingSideMenuCollapsedLangAsInSettingsLingua] Screenshot saved at: test-output/screenshots/Run_2026-01-10_17-49-57/verifyingSideMenuCollapsedLangAsInSettingsLingua/Filter Applied is Bosanski__2026-01-10_180006.png
2026-01-10 18:00:06.750 [TestNG-test-Smoke Tests-1] INFO  [verifyingSideMenuCollapsedLangAsInSettingsLingua] Clicking settings ellipses button...
2026-01-10 18:00:06.750 [TestNG-test-Smoke Tests-1] INFO  [verifyingSideMenuCollapsedLangAsInSettingsLingua] [verifyingSideMenuCollapsedLangAsInSettingsLingua] Trying to find element: By.xpath: //ytd-topbar-menu-button-renderer[@class='style-scope ytd-masthead style-default']
2026-01-10 18:00:06.771 [TestNG-test-Smoke Tests-1] INFO  [verifyingSideMenuCollapsedLangAsInSettingsLingua] [verifyingSideMenuCollapsedLangAsInSettingsLingua] Element found and ready (attempt 1): By.xpath: //ytd-topbar-menu-button-renderer[@class='style-scope ytd-masthead style-default']
2026-01-10 18:00:06.823 [TestNG-test-Smoke Tests-1] INFO  [verifyingSideMenuCollapsedLangAsInSettingsLingua] getLangAttribute() - locating <html> and reading lang property
2026-01-10 18:00:06.839 [TestNG-test-Smoke Tests-1] INFO  [verifyingSideMenuCollapsedLangAsInSettingsLingua] Language attribute read: bs-Latn-BA
2026-01-10 18:00:08.840 [TestNG-test-Smoke Tests-1] INFO  [verifyingSideMenuCollapsedLangAsInSettingsLingua] Fetching the side menu in collapsed view
2026-01-10 18:00:08.840 [TestNG-test-Smoke Tests-1] INFO  [verifyingSideMenuCollapsedLangAsInSettingsLingua] [verifyingSideMenuCollapsedLangAsInSettingsLingua] Finding elements list: By.xpath: //ytd-mini-guide-renderer[@class='style-scope ytd-app']//ytd-mini-guide-entry-renderer
2026-01-10 18:00:08.899 [TestNG-test-Smoke Tests-1] INFO  [verifyingSideMenuCollapsedLangAsInSettingsLingua] [verifyingSideMenuCollapsedLangAsInSettingsLingua] Found 4 ready elements (attempt 1): By.xpath: //ytd-mini-guide-renderer[@class='style-scope ytd-app']//ytd-mini-guide-entry-renderer
2026-01-10 18:00:08.976 [TestNG-test-Smoke Tests-1] INFO  [verifyingSideMenuCollapsedLangAsInSettingsLingua] 
========== LANGUAGE DETECTION ==========
Detected Language : BOSNIAN
Input Text        : Početna stranica Shorts Pretplate Vi
========================================
2026-01-10 18:00:08.976 [TestNG-test-Smoke Tests-1] INFO  [verifyingSideMenuCollapsedLangAsInSettingsLingua] text sent to lingua is       Početna stranica Shorts Pretplate Vi 
2026-01-10 18:00:08.976 [TestNG-test-Smoke Tests-1] INFO  [verifyingSideMenuCollapsedLangAsInSettingsLingua] getLangAttributeViaLanguageInput(Bosanski)
2026-01-10 18:00:08.976 [TestNG-test-Smoke Tests-1] INFO  [verifyingSideMenuCollapsedLangAsInSettingsLingua] Mapped Bosanski -> bs-Latn-BA
2026-01-10 18:00:08.976 [TestNG-test-Smoke Tests-1] INFO  [verifyingSideMenuCollapsedLangAsInSettingsLingua] getLangAttribute() - locating <html> and reading lang property
2026-01-10 18:00:08.988 [TestNG-test-Smoke Tests-1] INFO  [verifyingSideMenuCollapsedLangAsInSettingsLingua] Language attribute read: bs-Latn-BA
2026-01-10 18:00:08.988 [TestNG-test-Smoke Tests-1] INFO  [verifyingSideMenuCollapsedLangAsInSettingsLingua] Clicking settings ellipses button...
2026-01-10 18:00:08.988 [TestNG-test-Smoke Tests-1] INFO  [verifyingSideMenuCollapsedLangAsInSettingsLingua] [verifyingSideMenuCollapsedLangAsInSettingsLingua] Trying to find element: By.xpath: //ytd-topbar-menu-button-renderer[@class='style-scope ytd-masthead style-default']
2026-01-10 18:00:09.009 [TestNG-test-Smoke Tests-1] INFO  [verifyingSideMenuCollapsedLangAsInSettingsLingua] [verifyingSideMenuCollapsedLangAsInSettingsLingua] Element found and ready (attempt 1): By.xpath: //ytd-topbar-menu-button-renderer[@class='style-scope ytd-masthead style-default']
2026-01-10 18:00:11.074 [TestNG-test-Smoke Tests-1] INFO  [verifyingSideMenuCollapsedLangAsInSettingsLingua] Clicking language dropdown...
2026-01-10 18:00:11.074 [TestNG-test-Smoke Tests-1] INFO  [verifyingSideMenuCollapsedLangAsInSettingsLingua] [verifyingSideMenuCollapsedLangAsInSettingsLingua] Trying to find element: By.xpath: (//div[@id='content-icon'])[2]
2026-01-10 18:00:11.096 [TestNG-test-Smoke Tests-1] INFO  [verifyingSideMenuCollapsedLangAsInSettingsLingua] [verifyingSideMenuCollapsedLangAsInSettingsLingua] Element found and ready (attempt 1): By.xpath: (//div[@id='content-icon'])[2]
2026-01-10 18:00:14.480 [TestNG-test-Smoke Tests-1] INFO  [verifyingSideMenuCollapsedLangAsInSettingsLingua] Looking for language element with name: Català
2026-01-10 18:00:14.480 [TestNG-test-Smoke Tests-1] INFO  [verifyingSideMenuCollapsedLangAsInSettingsLingua] [verifyingSideMenuCollapsedLangAsInSettingsLingua] Trying to find element: By.xpath: //yt-multi-page-menu-section-renderer[@class='style-scope ytd-multi-page-menu-renderer']//yt-formatted-string[@id='label' and text()='Català']
2026-01-10 18:00:14.603 [TestNG-test-Smoke Tests-1] INFO  [verifyingSideMenuCollapsedLangAsInSettingsLingua] [verifyingSideMenuCollapsedLangAsInSettingsLingua] Element found and ready (attempt 1): By.xpath: //yt-multi-page-menu-section-renderer[@class='style-scope ytd-multi-page-menu-renderer']//yt-formatted-string[@id='label' and text()='Català']
2026-01-10 18:00:15.771 [TestNG-test-Smoke Tests-1] INFO  [verifyingSideMenuCollapsedLangAsInSettingsLingua] Clicking settings ellipses button...
2026-01-10 18:00:15.771 [TestNG-test-Smoke Tests-1] INFO  [verifyingSideMenuCollapsedLangAsInSettingsLingua] [verifyingSideMenuCollapsedLangAsInSettingsLingua] Trying to find element: By.xpath: //ytd-topbar-menu-button-renderer[@class='style-scope ytd-masthead style-default']
2026-01-10 18:00:16.434 [TestNG-test-Smoke Tests-1] INFO  [verifyingSideMenuCollapsedLangAsInSettingsLingua] [verifyingSideMenuCollapsedLangAsInSettingsLingua] Element found and ready (attempt 1): By.xpath: //ytd-topbar-menu-button-renderer[@class='style-scope ytd-masthead style-default']
2026-01-10 18:00:16.605 [TestNG-test-Smoke Tests-1] INFO  [verifyingSideMenuCollapsedLangAsInSettingsLingua] Looking for language element with name: Català
2026-01-10 18:00:16.605 [TestNG-test-Smoke Tests-1] INFO  [verifyingSideMenuCollapsedLangAsInSettingsLingua] [verifyingSideMenuCollapsedLangAsInSettingsLingua] Waiting until element is visible in viewport
2026-01-10 18:00:26.928 [TestNG-test-Smoke Tests-1] INFO  [verifyingSideMenuCollapsedLangAsInSettingsLingua] [verifyingSideMenuCollapsedLangAsInSettingsLingua] Capturing screenshot: Filter Applied is Català__2026-01-10_180026.png
2026-01-10 18:00:27.056 [TestNG-test-Smoke Tests-1] INFO  [verifyingSideMenuCollapsedLangAsInSettingsLingua] [verifyingSideMenuCollapsedLangAsInSettingsLingua] Screenshot saved at: test-output/screenshots/Run_2026-01-10_17-49-57/verifyingSideMenuCollapsedLangAsInSettingsLingua/Filter Applied is Català__2026-01-10_180026.png
2026-01-10 18:00:27.056 [TestNG-test-Smoke Tests-1] INFO  [verifyingSideMenuCollapsedLangAsInSettingsLingua] Clicking settings ellipses button...
2026-01-10 18:00:27.056 [TestNG-test-Smoke Tests-1] INFO  [verifyingSideMenuCollapsedLangAsInSettingsLingua] [verifyingSideMenuCollapsedLangAsInSettingsLingua] Trying to find element: By.xpath: //ytd-topbar-menu-button-renderer[@class='style-scope ytd-masthead style-default']
2026-01-10 18:00:27.082 [TestNG-test-Smoke Tests-1] INFO  [verifyingSideMenuCollapsedLangAsInSettingsLingua] [verifyingSideMenuCollapsedLangAsInSettingsLingua] Element found and ready (attempt 1): By.xpath: //ytd-topbar-menu-button-renderer[@class='style-scope ytd-masthead style-default']
2026-01-10 18:00:27.138 [TestNG-test-Smoke Tests-1] INFO  [verifyingSideMenuCollapsedLangAsInSettingsLingua] getLangAttribute() - locating <html> and reading lang property
2026-01-10 18:00:27.153 [TestNG-test-Smoke Tests-1] INFO  [verifyingSideMenuCollapsedLangAsInSettingsLingua] Language attribute read: ca-ES
2026-01-10 18:00:29.153 [TestNG-test-Smoke Tests-1] INFO  [verifyingSideMenuCollapsedLangAsInSettingsLingua] Fetching the side menu in collapsed view
2026-01-10 18:00:29.153 [TestNG-test-Smoke Tests-1] INFO  [verifyingSideMenuCollapsedLangAsInSettingsLingua] [verifyingSideMenuCollapsedLangAsInSettingsLingua] Finding elements list: By.xpath: //ytd-mini-guide-renderer[@class='style-scope ytd-app']//ytd-mini-guide-entry-renderer
2026-01-10 18:00:29.219 [TestNG-test-Smoke Tests-1] INFO  [verifyingSideMenuCollapsedLangAsInSettingsLingua] [verifyingSideMenuCollapsedLangAsInSettingsLingua] Found 4 ready elements (attempt 1): By.xpath: //ytd-mini-guide-renderer[@class='style-scope ytd-app']//ytd-mini-guide-entry-renderer
2026-01-10 18:00:29.302 [TestNG-test-Smoke Tests-1] INFO  [verifyingSideMenuCollapsedLangAsInSettingsLingua] 
========== LANGUAGE DETECTION ==========
Detected Language : CATALAN
Input Text        : Inici YouTube Shorts Subscripcions Tu
========================================
2026-01-10 18:00:29.303 [TestNG-test-Smoke Tests-1] INFO  [verifyingSideMenuCollapsedLangAsInSettingsLingua] text sent to lingua is       Inici YouTube Shorts Subscripcions Tu 
2026-01-10 18:00:29.303 [TestNG-test-Smoke Tests-1] INFO  [verifyingSideMenuCollapsedLangAsInSettingsLingua] getLangAttributeViaLanguageInput(Català)
2026-01-10 18:00:29.303 [TestNG-test-Smoke Tests-1] INFO  [verifyingSideMenuCollapsedLangAsInSettingsLingua] Mapped Català -> ca-ES
2026-01-10 18:00:29.303 [TestNG-test-Smoke Tests-1] INFO  [verifyingSideMenuCollapsedLangAsInSettingsLingua] getLangAttribute() - locating <html> and reading lang property
2026-01-10 18:00:29.317 [TestNG-test-Smoke Tests-1] INFO  [verifyingSideMenuCollapsedLangAsInSettingsLingua] Language attribute read: ca-ES
2026-01-10 18:00:29.317 [TestNG-test-Smoke Tests-1] INFO  [verifyingSideMenuCollapsedLangAsInSettingsLingua] Clicking settings ellipses button...
2026-01-10 18:00:29.317 [TestNG-test-Smoke Tests-1] INFO  [verifyingSideMenuCollapsedLangAsInSettingsLingua] [verifyingSideMenuCollapsedLangAsInSettingsLingua] Trying to find element: By.xpath: //ytd-topbar-menu-button-renderer[@class='style-scope ytd-masthead style-default']
2026-01-10 18:00:29.340 [TestNG-test-Smoke Tests-1] INFO  [verifyingSideMenuCollapsedLangAsInSettingsLingua] [verifyingSideMenuCollapsedLangAsInSettingsLingua] Element found and ready (attempt 1): By.xpath: //ytd-topbar-menu-button-renderer[@class='style-scope ytd-masthead style-default']
2026-01-10 18:00:31.403 [TestNG-test-Smoke Tests-1] INFO  [verifyingSideMenuCollapsedLangAsInSettingsLingua] Clicking language dropdown...
2026-01-10 18:00:31.403 [TestNG-test-Smoke Tests-1] INFO  [verifyingSideMenuCollapsedLangAsInSettingsLingua] [verifyingSideMenuCollapsedLangAsInSettingsLingua] Trying to find element: By.xpath: (//div[@id='content-icon'])[2]
2026-01-10 18:00:31.425 [TestNG-test-Smoke Tests-1] INFO  [verifyingSideMenuCollapsedLangAsInSettingsLingua] [verifyingSideMenuCollapsedLangAsInSettingsLingua] Element found and ready (attempt 1): By.xpath: (//div[@id='content-icon'])[2]
2026-01-10 18:00:34.877 [TestNG-test-Smoke Tests-1] INFO  [verifyingSideMenuCollapsedLangAsInSettingsLingua] Looking for language element with name: Dansk
2026-01-10 18:00:34.877 [TestNG-test-Smoke Tests-1] INFO  [verifyingSideMenuCollapsedLangAsInSettingsLingua] [verifyingSideMenuCollapsedLangAsInSettingsLingua] Trying to find element: By.xpath: //yt-multi-page-menu-section-renderer[@class='style-scope ytd-multi-page-menu-renderer']//yt-formatted-string[@id='label' and text()='Dansk']
2026-01-10 18:00:34.910 [TestNG-test-Smoke Tests-1] INFO  [verifyingSideMenuCollapsedLangAsInSettingsLingua] [verifyingSideMenuCollapsedLangAsInSettingsLingua] Element found and ready (attempt 1): By.xpath: //yt-multi-page-menu-section-renderer[@class='style-scope ytd-multi-page-menu-renderer']//yt-formatted-string[@id='label' and text()='Dansk']
2026-01-10 18:00:36.057 [TestNG-test-Smoke Tests-1] INFO  [verifyingSideMenuCollapsedLangAsInSettingsLingua] Clicking settings ellipses button...
2026-01-10 18:00:36.057 [TestNG-test-Smoke Tests-1] INFO  [verifyingSideMenuCollapsedLangAsInSettingsLingua] [verifyingSideMenuCollapsedLangAsInSettingsLingua] Trying to find element: By.xpath: //ytd-topbar-menu-button-renderer[@class='style-scope ytd-masthead style-default']
2026-01-10 18:00:36.697 [TestNG-test-Smoke Tests-1] INFO  [verifyingSideMenuCollapsedLangAsInSettingsLingua] [verifyingSideMenuCollapsedLangAsInSettingsLingua] Element found and ready (attempt 1): By.xpath: //ytd-topbar-menu-button-renderer[@class='style-scope ytd-masthead style-default']
2026-01-10 18:00:36.844 [TestNG-test-Smoke Tests-1] INFO  [verifyingSideMenuCollapsedLangAsInSettingsLingua] Looking for language element with name: Dansk
2026-01-10 18:00:36.844 [TestNG-test-Smoke Tests-1] INFO  [verifyingSideMenuCollapsedLangAsInSettingsLingua] [verifyingSideMenuCollapsedLangAsInSettingsLingua] Waiting until element is visible in viewport
2026-01-10 18:00:47.188 [TestNG-test-Smoke Tests-1] INFO  [verifyingSideMenuCollapsedLangAsInSettingsLingua] [verifyingSideMenuCollapsedLangAsInSettingsLingua] Capturing screenshot: Filter Applied is Dansk__2026-01-10_180047.png
2026-01-10 18:00:47.301 [TestNG-test-Smoke Tests-1] INFO  [verifyingSideMenuCollapsedLangAsInSettingsLingua] [verifyingSideMenuCollapsedLangAsInSettingsLingua] Screenshot saved at: test-output/screenshots/Run_2026-01-10_17-49-57/verifyingSideMenuCollapsedLangAsInSettingsLingua/Filter Applied is Dansk__2026-01-10_180047.png
2026-01-10 18:00:47.301 [TestNG-test-Smoke Tests-1] INFO  [verifyingSideMenuCollapsedLangAsInSettingsLingua] Clicking settings ellipses button...
2026-01-10 18:00:47.301 [TestNG-test-Smoke Tests-1] INFO  [verifyingSideMenuCollapsedLangAsInSettingsLingua] [verifyingSideMenuCollapsedLangAsInSettingsLingua] Trying to find element: By.xpath: //ytd-topbar-menu-button-renderer[@class='style-scope ytd-masthead style-default']
2026-01-10 18:00:47.324 [TestNG-test-Smoke Tests-1] INFO  [verifyingSideMenuCollapsedLangAsInSettingsLingua] [verifyingSideMenuCollapsedLangAsInSettingsLingua] Element found and ready (attempt 1): By.xpath: //ytd-topbar-menu-button-renderer[@class='style-scope ytd-masthead style-default']
2026-01-10 18:00:47.380 [TestNG-test-Smoke Tests-1] INFO  [verifyingSideMenuCollapsedLangAsInSettingsLingua] getLangAttribute() - locating <html> and reading lang property
2026-01-10 18:00:47.395 [TestNG-test-Smoke Tests-1] INFO  [verifyingSideMenuCollapsedLangAsInSettingsLingua] Language attribute read: da-DK
2026-01-10 18:00:49.396 [TestNG-test-Smoke Tests-1] INFO  [verifyingSideMenuCollapsedLangAsInSettingsLingua] Fetching the side menu in collapsed view
2026-01-10 18:00:49.396 [TestNG-test-Smoke Tests-1] INFO  [verifyingSideMenuCollapsedLangAsInSettingsLingua] [verifyingSideMenuCollapsedLangAsInSettingsLingua] Finding elements list: By.xpath: //ytd-mini-guide-renderer[@class='style-scope ytd-app']//ytd-mini-guide-entry-renderer
2026-01-10 18:00:49.455 [TestNG-test-Smoke Tests-1] INFO  [verifyingSideMenuCollapsedLangAsInSettingsLingua] [verifyingSideMenuCollapsedLangAsInSettingsLingua] Found 4 ready elements (attempt 1): By.xpath: //ytd-mini-guide-renderer[@class='style-scope ytd-app']//ytd-mini-guide-entry-renderer
2026-01-10 18:00:49.533 [TestNG-test-Smoke Tests-1] INFO  [verifyingSideMenuCollapsedLangAsInSettingsLingua] 
========== LANGUAGE DETECTION ==========
Detected Language : DANISH
Input Text        : Start Shorts Abonnementer Dig
========================================
2026-01-10 18:00:49.533 [TestNG-test-Smoke Tests-1] INFO  [verifyingSideMenuCollapsedLangAsInSettingsLingua] text sent to lingua is       Start Shorts Abonnementer Dig 
2026-01-10 18:00:49.533 [TestNG-test-Smoke Tests-1] INFO  [verifyingSideMenuCollapsedLangAsInSettingsLingua] getLangAttributeViaLanguageInput(Dansk)
2026-01-10 18:00:49.533 [TestNG-test-Smoke Tests-1] INFO  [verifyingSideMenuCollapsedLangAsInSettingsLingua] Mapped Dansk -> da-DK
2026-01-10 18:00:49.533 [TestNG-test-Smoke Tests-1] INFO  [verifyingSideMenuCollapsedLangAsInSettingsLingua] getLangAttribute() - locating <html> and reading lang property
2026-01-10 18:00:49.545 [TestNG-test-Smoke Tests-1] INFO  [verifyingSideMenuCollapsedLangAsInSettingsLingua] Language attribute read: da-DK
2026-01-10 18:00:49.546 [TestNG-test-Smoke Tests-1] INFO  [verifyingSideMenuCollapsedLangAsInSettingsLingua] Clicking settings ellipses button...
2026-01-10 18:00:49.546 [TestNG-test-Smoke Tests-1] INFO  [verifyingSideMenuCollapsedLangAsInSettingsLingua] [verifyingSideMenuCollapsedLangAsInSettingsLingua] Trying to find element: By.xpath: //ytd-topbar-menu-button-renderer[@class='style-scope ytd-masthead style-default']
2026-01-10 18:00:49.566 [TestNG-test-Smoke Tests-1] INFO  [verifyingSideMenuCollapsedLangAsInSettingsLingua] [verifyingSideMenuCollapsedLangAsInSettingsLingua] Element found and ready (attempt 1): By.xpath: //ytd-topbar-menu-button-renderer[@class='style-scope ytd-masthead style-default']
2026-01-10 18:00:51.626 [TestNG-test-Smoke Tests-1] INFO  [verifyingSideMenuCollapsedLangAsInSettingsLingua] Clicking language dropdown...
2026-01-10 18:00:51.626 [TestNG-test-Smoke Tests-1] INFO  [verifyingSideMenuCollapsedLangAsInSettingsLingua] [verifyingSideMenuCollapsedLangAsInSettingsLingua] Trying to find element: By.xpath: (//div[@id='content-icon'])[2]
2026-01-10 18:00:51.647 [TestNG-test-Smoke Tests-1] INFO  [verifyingSideMenuCollapsedLangAsInSettingsLingua] [verifyingSideMenuCollapsedLangAsInSettingsLingua] Element found and ready (attempt 1): By.xpath: (//div[@id='content-icon'])[2]
2026-01-10 18:00:55.063 [TestNG-test-Smoke Tests-1] INFO  [verifyingSideMenuCollapsedLangAsInSettingsLingua] Looking for language element with name: Deutsch
2026-01-10 18:00:55.063 [TestNG-test-Smoke Tests-1] INFO  [verifyingSideMenuCollapsedLangAsInSettingsLingua] [verifyingSideMenuCollapsedLangAsInSettingsLingua] Trying to find element: By.xpath: //yt-multi-page-menu-section-renderer[@class='style-scope ytd-multi-page-menu-renderer']//yt-formatted-string[@id='label' and text()='Deutsch']
2026-01-10 18:00:55.115 [TestNG-test-Smoke Tests-1] INFO  [verifyingSideMenuCollapsedLangAsInSettingsLingua] [verifyingSideMenuCollapsedLangAsInSettingsLingua] Element found and ready (attempt 1): By.xpath: //yt-multi-page-menu-section-renderer[@class='style-scope ytd-multi-page-menu-renderer']//yt-formatted-string[@id='label' and text()='Deutsch']
2026-01-10 18:00:56.446 [TestNG-test-Smoke Tests-1] INFO  [verifyingSideMenuCollapsedLangAsInSettingsLingua] Clicking settings ellipses button...
2026-01-10 18:00:56.447 [TestNG-test-Smoke Tests-1] INFO  [verifyingSideMenuCollapsedLangAsInSettingsLingua] [verifyingSideMenuCollapsedLangAsInSettingsLingua] Trying to find element: By.xpath: //ytd-topbar-menu-button-renderer[@class='style-scope ytd-masthead style-default']
2026-01-10 18:00:56.684 [TestNG-test-Smoke Tests-1] INFO  [verifyingSideMenuCollapsedLangAsInSettingsLingua] [verifyingSideMenuCollapsedLangAsInSettingsLingua] Element found and ready (attempt 1): By.xpath: //ytd-topbar-menu-button-renderer[@class='style-scope ytd-masthead style-default']
2026-01-10 18:00:56.973 [TestNG-test-Smoke Tests-1] INFO  [verifyingSideMenuCollapsedLangAsInSettingsLingua] Looking for language element with name: Deutsch
2026-01-10 18:00:56.973 [TestNG-test-Smoke Tests-1] INFO  [verifyingSideMenuCollapsedLangAsInSettingsLingua] [verifyingSideMenuCollapsedLangAsInSettingsLingua] Waiting until element is visible in viewport
2026-01-10 18:01:07.360 [TestNG-test-Smoke Tests-1] INFO  [verifyingSideMenuCollapsedLangAsInSettingsLingua] [verifyingSideMenuCollapsedLangAsInSettingsLingua] Capturing screenshot: Filter Applied is Deutsch__2026-01-10_180107.png
2026-01-10 18:01:07.475 [TestNG-test-Smoke Tests-1] INFO  [verifyingSideMenuCollapsedLangAsInSettingsLingua] [verifyingSideMenuCollapsedLangAsInSettingsLingua] Screenshot saved at: test-output/screenshots/Run_2026-01-10_17-49-57/verifyingSideMenuCollapsedLangAsInSettingsLingua/Filter Applied is Deutsch__2026-01-10_180107.png
2026-01-10 18:01:07.475 [TestNG-test-Smoke Tests-1] INFO  [verifyingSideMenuCollapsedLangAsInSettingsLingua] Clicking settings ellipses button...
2026-01-10 18:01:07.475 [TestNG-test-Smoke Tests-1] INFO  [verifyingSideMenuCollapsedLangAsInSettingsLingua] [verifyingSideMenuCollapsedLangAsInSettingsLingua] Trying to find element: By.xpath: //ytd-topbar-menu-button-renderer[@class='style-scope ytd-masthead style-default']
2026-01-10 18:01:07.501 [TestNG-test-Smoke Tests-1] INFO  [verifyingSideMenuCollapsedLangAsInSettingsLingua] [verifyingSideMenuCollapsedLangAsInSettingsLingua] Element found and ready (attempt 1): By.xpath: //ytd-topbar-menu-button-renderer[@class='style-scope ytd-masthead style-default']
2026-01-10 18:01:07.558 [TestNG-test-Smoke Tests-1] INFO  [verifyingSideMenuCollapsedLangAsInSettingsLingua] getLangAttribute() - locating <html> and reading lang property
2026-01-10 18:01:07.573 [TestNG-test-Smoke Tests-1] INFO  [verifyingSideMenuCollapsedLangAsInSettingsLingua] Language attribute read: de-DE
2026-01-10 18:01:09.575 [TestNG-test-Smoke Tests-1] INFO  [verifyingSideMenuCollapsedLangAsInSettingsLingua] Fetching the side menu in collapsed view
2026-01-10 18:01:09.575 [TestNG-test-Smoke Tests-1] INFO  [verifyingSideMenuCollapsedLangAsInSettingsLingua] [verifyingSideMenuCollapsedLangAsInSettingsLingua] Finding elements list: By.xpath: //ytd-mini-guide-renderer[@class='style-scope ytd-app']//ytd-mini-guide-entry-renderer
2026-01-10 18:01:09.645 [TestNG-test-Smoke Tests-1] INFO  [verifyingSideMenuCollapsedLangAsInSettingsLingua] [verifyingSideMenuCollapsedLangAsInSettingsLingua] Found 4 ready elements (attempt 1): By.xpath: //ytd-mini-guide-renderer[@class='style-scope ytd-app']//ytd-mini-guide-entry-renderer
2026-01-10 18:01:09.738 [TestNG-test-Smoke Tests-1] INFO  [verifyingSideMenuCollapsedLangAsInSettingsLingua] 
========== LANGUAGE DETECTION ==========
Detected Language : GERMAN
Input Text        : Startseite Shorts Abos Mein YouTube
========================================
2026-01-10 18:01:09.739 [TestNG-test-Smoke Tests-1] INFO  [verifyingSideMenuCollapsedLangAsInSettingsLingua] text sent to lingua is       Startseite Shorts Abos Mein YouTube 
2026-01-10 18:01:09.739 [TestNG-test-Smoke Tests-1] INFO  [verifyingSideMenuCollapsedLangAsInSettingsLingua] getLangAttributeViaLanguageInput(Deutsch)
2026-01-10 18:01:09.739 [TestNG-test-Smoke Tests-1] INFO  [verifyingSideMenuCollapsedLangAsInSettingsLingua] Mapped Deutsch -> de-DE
2026-01-10 18:01:09.739 [TestNG-test-Smoke Tests-1] INFO  [verifyingSideMenuCollapsedLangAsInSettingsLingua] getLangAttribute() - locating <html> and reading lang property
2026-01-10 18:01:09.753 [TestNG-test-Smoke Tests-1] INFO  [verifyingSideMenuCollapsedLangAsInSettingsLingua] Language attribute read: de-DE
2026-01-10 18:01:09.753 [TestNG-test-Smoke Tests-1] INFO  [verifyingSideMenuCollapsedLangAsInSettingsLingua] Clicking settings ellipses button...
2026-01-10 18:01:09.753 [TestNG-test-Smoke Tests-1] INFO  [verifyingSideMenuCollapsedLangAsInSettingsLingua] [verifyingSideMenuCollapsedLangAsInSettingsLingua] Trying to find element: By.xpath: //ytd-topbar-menu-button-renderer[@class='style-scope ytd-masthead style-default']
2026-01-10 18:01:09.775 [TestNG-test-Smoke Tests-1] INFO  [verifyingSideMenuCollapsedLangAsInSettingsLingua] [verifyingSideMenuCollapsedLangAsInSettingsLingua] Element found and ready (attempt 1): By.xpath: //ytd-topbar-menu-button-renderer[@class='style-scope ytd-masthead style-default']
2026-01-10 18:01:11.841 [TestNG-test-Smoke Tests-1] INFO  [verifyingSideMenuCollapsedLangAsInSettingsLingua] Clicking language dropdown...
2026-01-10 18:01:11.841 [TestNG-test-Smoke Tests-1] INFO  [verifyingSideMenuCollapsedLangAsInSettingsLingua] [verifyingSideMenuCollapsedLangAsInSettingsLingua] Trying to find element: By.xpath: (//div[@id='content-icon'])[2]
2026-01-10 18:01:11.861 [TestNG-test-Smoke Tests-1] INFO  [verifyingSideMenuCollapsedLangAsInSettingsLingua] [verifyingSideMenuCollapsedLangAsInSettingsLingua] Element found and ready (attempt 1): By.xpath: (//div[@id='content-icon'])[2]
2026-01-10 18:01:15.297 [TestNG-test-Smoke Tests-1] INFO  [verifyingSideMenuCollapsedLangAsInSettingsLingua] Looking for language element with name: Eesti
2026-01-10 18:01:15.297 [TestNG-test-Smoke Tests-1] INFO  [verifyingSideMenuCollapsedLangAsInSettingsLingua] [verifyingSideMenuCollapsedLangAsInSettingsLingua] Trying to find element: By.xpath: //yt-multi-page-menu-section-renderer[@class='style-scope ytd-multi-page-menu-renderer']//yt-formatted-string[@id='label' and text()='Eesti']
2026-01-10 18:01:15.327 [TestNG-test-Smoke Tests-1] INFO  [verifyingSideMenuCollapsedLangAsInSettingsLingua] [verifyingSideMenuCollapsedLangAsInSettingsLingua] Element found and ready (attempt 1): By.xpath: //yt-multi-page-menu-section-renderer[@class='style-scope ytd-multi-page-menu-renderer']//yt-formatted-string[@id='label' and text()='Eesti']
2026-01-10 18:01:16.653 [TestNG-test-Smoke Tests-1] INFO  [verifyingSideMenuCollapsedLangAsInSettingsLingua] Clicking settings ellipses button...
2026-01-10 18:01:16.653 [TestNG-test-Smoke Tests-1] INFO  [verifyingSideMenuCollapsedLangAsInSettingsLingua] [verifyingSideMenuCollapsedLangAsInSettingsLingua] Trying to find element: By.xpath: //ytd-topbar-menu-button-renderer[@class='style-scope ytd-masthead style-default']
2026-01-10 18:01:16.905 [TestNG-test-Smoke Tests-1] INFO  [verifyingSideMenuCollapsedLangAsInSettingsLingua] [verifyingSideMenuCollapsedLangAsInSettingsLingua] Element found and ready (attempt 1): By.xpath: //ytd-topbar-menu-button-renderer[@class='style-scope ytd-masthead style-default']
2026-01-10 18:01:17.152 [TestNG-test-Smoke Tests-1] INFO  [verifyingSideMenuCollapsedLangAsInSettingsLingua] Looking for language element with name: Eesti
2026-01-10 18:01:17.152 [TestNG-test-Smoke Tests-1] INFO  [verifyingSideMenuCollapsedLangAsInSettingsLingua] [verifyingSideMenuCollapsedLangAsInSettingsLingua] Waiting until element is visible in viewport
2026-01-10 18:01:27.523 [TestNG-test-Smoke Tests-1] INFO  [verifyingSideMenuCollapsedLangAsInSettingsLingua] [verifyingSideMenuCollapsedLangAsInSettingsLingua] Capturing screenshot: Filter Applied is Eesti__2026-01-10_180127.png
2026-01-10 18:01:27.643 [TestNG-test-Smoke Tests-1] INFO  [verifyingSideMenuCollapsedLangAsInSettingsLingua] [verifyingSideMenuCollapsedLangAsInSettingsLingua] Screenshot saved at: test-output/screenshots/Run_2026-01-10_17-49-57/verifyingSideMenuCollapsedLangAsInSettingsLingua/Filter Applied is Eesti__2026-01-10_180127.png
2026-01-10 18:01:27.643 [TestNG-test-Smoke Tests-1] INFO  [verifyingSideMenuCollapsedLangAsInSettingsLingua] Clicking settings ellipses button...
2026-01-10 18:01:27.643 [TestNG-test-Smoke Tests-1] INFO  [verifyingSideMenuCollapsedLangAsInSettingsLingua] [verifyingSideMenuCollapsedLangAsInSettingsLingua] Trying to find element: By.xpath: //ytd-topbar-menu-button-renderer[@class='style-scope ytd-masthead style-default']
2026-01-10 18:01:27.664 [TestNG-test-Smoke Tests-1] INFO  [verifyingSideMenuCollapsedLangAsInSettingsLingua] [verifyingSideMenuCollapsedLangAsInSettingsLingua] Element found and ready (attempt 1): By.xpath: //ytd-topbar-menu-button-renderer[@class='style-scope ytd-masthead style-default']
2026-01-10 18:01:27.719 [TestNG-test-Smoke Tests-1] INFO  [verifyingSideMenuCollapsedLangAsInSettingsLingua] getLangAttribute() - locating <html> and reading lang property
2026-01-10 18:01:27.733 [TestNG-test-Smoke Tests-1] INFO  [verifyingSideMenuCollapsedLangAsInSettingsLingua] Language attribute read: et-EE
2026-01-10 18:01:30.099 [TestNG-test-Smoke Tests-1] INFO  [verifyingSideMenuCollapsedLangAsInSettingsLingua] Fetching the side menu in collapsed view
2026-01-10 18:01:30.099 [TestNG-test-Smoke Tests-1] INFO  [verifyingSideMenuCollapsedLangAsInSettingsLingua] [verifyingSideMenuCollapsedLangAsInSettingsLingua] Finding elements list: By.xpath: //ytd-mini-guide-renderer[@class='style-scope ytd-app']//ytd-mini-guide-entry-renderer
2026-01-10 18:01:30.349 [TestNG-test-Smoke Tests-1] INFO  [verifyingSideMenuCollapsedLangAsInSettingsLingua] [verifyingSideMenuCollapsedLangAsInSettingsLingua] Found 4 ready elements (attempt 1): By.xpath: //ytd-mini-guide-renderer[@class='style-scope ytd-app']//ytd-mini-guide-entry-renderer
2026-01-10 18:01:30.443 [TestNG-test-Smoke Tests-1] INFO  [verifyingSideMenuCollapsedLangAsInSettingsLingua] 
========== LANGUAGE DETECTION ==========
Detected Language : ESTONIAN
Input Text        : Avaleht Shorts Tellimused Teie
========================================
2026-01-10 18:01:30.443 [TestNG-test-Smoke Tests-1] INFO  [verifyingSideMenuCollapsedLangAsInSettingsLingua] text sent to lingua is       Avaleht Shorts Tellimused Teie 
2026-01-10 18:01:30.443 [TestNG-test-Smoke Tests-1] INFO  [verifyingSideMenuCollapsedLangAsInSettingsLingua] getLangAttributeViaLanguageInput(Eesti)
2026-01-10 18:01:30.443 [TestNG-test-Smoke Tests-1] INFO  [verifyingSideMenuCollapsedLangAsInSettingsLingua] Mapped Eesti -> et-EE
2026-01-10 18:01:30.443 [TestNG-test-Smoke Tests-1] INFO  [verifyingSideMenuCollapsedLangAsInSettingsLingua] getLangAttribute() - locating <html> and reading lang property
2026-01-10 18:01:30.458 [TestNG-test-Smoke Tests-1] INFO  [verifyingSideMenuCollapsedLangAsInSettingsLingua] Language attribute read: et-EE
2026-01-10 18:01:30.458 [TestNG-test-Smoke Tests-1] INFO  [verifyingSideMenuCollapsedLangAsInSettingsLingua] Clicking settings ellipses button...
2026-01-10 18:01:30.458 [TestNG-test-Smoke Tests-1] INFO  [verifyingSideMenuCollapsedLangAsInSettingsLingua] [verifyingSideMenuCollapsedLangAsInSettingsLingua] Trying to find element: By.xpath: //ytd-topbar-menu-button-renderer[@class='style-scope ytd-masthead style-default']
2026-01-10 18:01:30.482 [TestNG-test-Smoke Tests-1] INFO  [verifyingSideMenuCollapsedLangAsInSettingsLingua] [verifyingSideMenuCollapsedLangAsInSettingsLingua] Element found and ready (attempt 1): By.xpath: //ytd-topbar-menu-button-renderer[@class='style-scope ytd-masthead style-default']
2026-01-10 18:01:32.590 [TestNG-test-Smoke Tests-1] INFO  [verifyingSideMenuCollapsedLangAsInSettingsLingua] Clicking language dropdown...
2026-01-10 18:01:32.590 [TestNG-test-Smoke Tests-1] INFO  [verifyingSideMenuCollapsedLangAsInSettingsLingua] [verifyingSideMenuCollapsedLangAsInSettingsLingua] Trying to find element: By.xpath: (//div[@id='content-icon'])[2]
2026-01-10 18:01:32.610 [TestNG-test-Smoke Tests-1] INFO  [verifyingSideMenuCollapsedLangAsInSettingsLingua] [verifyingSideMenuCollapsedLangAsInSettingsLingua] Element found and ready (attempt 1): By.xpath: (//div[@id='content-icon'])[2]
2026-01-10 18:01:35.945 [TestNG-test-Smoke Tests-1] INFO  [verifyingSideMenuCollapsedLangAsInSettingsLingua] Looking for language element with name: English (India)
2026-01-10 18:01:35.945 [TestNG-test-Smoke Tests-1] INFO  [verifyingSideMenuCollapsedLangAsInSettingsLingua] [verifyingSideMenuCollapsedLangAsInSettingsLingua] Trying to find element: By.xpath: //yt-multi-page-menu-section-renderer[@class='style-scope ytd-multi-page-menu-renderer']//yt-formatted-string[@id='label' and text()='English (India)']
2026-01-10 18:01:35.969 [TestNG-test-Smoke Tests-1] INFO  [verifyingSideMenuCollapsedLangAsInSettingsLingua] [verifyingSideMenuCollapsedLangAsInSettingsLingua] Element found and ready (attempt 1): By.xpath: //yt-multi-page-menu-section-renderer[@class='style-scope ytd-multi-page-menu-renderer']//yt-formatted-string[@id='label' and text()='English (India)']
2026-01-10 18:01:36.973 [TestNG-test-Smoke Tests-1] INFO  [verifyingSideMenuCollapsedLangAsInSettingsLingua] Clicking settings ellipses button...
2026-01-10 18:01:36.973 [TestNG-test-Smoke Tests-1] INFO  [verifyingSideMenuCollapsedLangAsInSettingsLingua] [verifyingSideMenuCollapsedLangAsInSettingsLingua] Trying to find element: By.xpath: //ytd-topbar-menu-button-renderer[@class='style-scope ytd-masthead style-default']
2026-01-10 18:01:37.679 [TestNG-test-Smoke Tests-1] INFO  [verifyingSideMenuCollapsedLangAsInSettingsLingua] [verifyingSideMenuCollapsedLangAsInSettingsLingua] Element found and ready (attempt 1): By.xpath: //ytd-topbar-menu-button-renderer[@class='style-scope ytd-masthead style-default']
2026-01-10 18:01:37.886 [TestNG-test-Smoke Tests-1] INFO  [verifyingSideMenuCollapsedLangAsInSettingsLingua] Looking for language element with name: English (India)
2026-01-10 18:01:37.886 [TestNG-test-Smoke Tests-1] INFO  [verifyingSideMenuCollapsedLangAsInSettingsLingua] [verifyingSideMenuCollapsedLangAsInSettingsLingua] Waiting until element is visible in viewport
2026-01-10 18:01:48.263 [TestNG-test-Smoke Tests-1] INFO  [verifyingSideMenuCollapsedLangAsInSettingsLingua] [verifyingSideMenuCollapsedLangAsInSettingsLingua] Capturing screenshot: Filter Applied is English (India)__2026-01-10_180148.png
2026-01-10 18:01:48.350 [TestNG-test-Smoke Tests-1] INFO  [verifyingSideMenuCollapsedLangAsInSettingsLingua] [verifyingSideMenuCollapsedLangAsInSettingsLingua] Screenshot saved at: test-output/screenshots/Run_2026-01-10_17-49-57/verifyingSideMenuCollapsedLangAsInSettingsLingua/Filter Applied is English (India)__2026-01-10_180148.png
2026-01-10 18:01:48.350 [TestNG-test-Smoke Tests-1] INFO  [verifyingSideMenuCollapsedLangAsInSettingsLingua] Clicking settings ellipses button...
2026-01-10 18:01:48.350 [TestNG-test-Smoke Tests-1] INFO  [verifyingSideMenuCollapsedLangAsInSettingsLingua] [verifyingSideMenuCollapsedLangAsInSettingsLingua] Trying to find element: By.xpath: //ytd-topbar-menu-button-renderer[@class='style-scope ytd-masthead style-default']
2026-01-10 18:01:48.369 [TestNG-test-Smoke Tests-1] INFO  [verifyingSideMenuCollapsedLangAsInSettingsLingua] [verifyingSideMenuCollapsedLangAsInSettingsLingua] Element found and ready (attempt 1): By.xpath: //ytd-topbar-menu-button-renderer[@class='style-scope ytd-masthead style-default']
2026-01-10 18:01:48.418 [TestNG-test-Smoke Tests-1] INFO  [verifyingSideMenuCollapsedLangAsInSettingsLingua] getLangAttribute() - locating <html> and reading lang property
2026-01-10 18:01:48.431 [TestNG-test-Smoke Tests-1] INFO  [verifyingSideMenuCollapsedLangAsInSettingsLingua] Language attribute read: en-IN
2026-01-10 18:01:50.432 [TestNG-test-Smoke Tests-1] INFO  [verifyingSideMenuCollapsedLangAsInSettingsLingua] Fetching the side menu in collapsed view
2026-01-10 18:01:50.432 [TestNG-test-Smoke Tests-1] INFO  [verifyingSideMenuCollapsedLangAsInSettingsLingua] [verifyingSideMenuCollapsedLangAsInSettingsLingua] Finding elements list: By.xpath: //ytd-mini-guide-renderer[@class='style-scope ytd-app']//ytd-mini-guide-entry-renderer
2026-01-10 18:01:50.493 [TestNG-test-Smoke Tests-1] INFO  [verifyingSideMenuCollapsedLangAsInSettingsLingua] [verifyingSideMenuCollapsedLangAsInSettingsLingua] Found 4 ready elements (attempt 1): By.xpath: //ytd-mini-guide-renderer[@class='style-scope ytd-app']//ytd-mini-guide-entry-renderer
2026-01-10 18:01:50.575 [TestNG-test-Smoke Tests-1] INFO  [verifyingSideMenuCollapsedLangAsInSettingsLingua] 
========== LANGUAGE DETECTION ==========
Detected Language : ENGLISH
Input Text        : Home Shorts Subscriptions You
========================================
2026-01-10 18:01:50.576 [TestNG-test-Smoke Tests-1] INFO  [verifyingSideMenuCollapsedLangAsInSettingsLingua] text sent to lingua is       Home Shorts Subscriptions You 
2026-01-10 18:01:50.576 [TestNG-test-Smoke Tests-1] INFO  [verifyingSideMenuCollapsedLangAsInSettingsLingua] getLangAttributeViaLanguageInput(English (India))
2026-01-10 18:01:50.576 [TestNG-test-Smoke Tests-1] INFO  [verifyingSideMenuCollapsedLangAsInSettingsLingua] Mapped English (India) -> en-IN
2026-01-10 18:01:50.576 [TestNG-test-Smoke Tests-1] INFO  [verifyingSideMenuCollapsedLangAsInSettingsLingua] getLangAttribute() - locating <html> and reading lang property
2026-01-10 18:01:50.591 [TestNG-test-Smoke Tests-1] INFO  [verifyingSideMenuCollapsedLangAsInSettingsLingua] Language attribute read: en-IN
2026-01-10 18:01:50.592 [TestNG-test-Smoke Tests-1] INFO  [verifyingSideMenuCollapsedLangAsInSettingsLingua] Clicking settings ellipses button...
2026-01-10 18:01:50.592 [TestNG-test-Smoke Tests-1] INFO  [verifyingSideMenuCollapsedLangAsInSettingsLingua] [verifyingSideMenuCollapsedLangAsInSettingsLingua] Trying to find element: By.xpath: //ytd-topbar-menu-button-renderer[@class='style-scope ytd-masthead style-default']
2026-01-10 18:01:50.620 [TestNG-test-Smoke Tests-1] INFO  [verifyingSideMenuCollapsedLangAsInSettingsLingua] [verifyingSideMenuCollapsedLangAsInSettingsLingua] Element found and ready (attempt 1): By.xpath: //ytd-topbar-menu-button-renderer[@class='style-scope ytd-masthead style-default']
2026-01-10 18:01:52.697 [TestNG-test-Smoke Tests-1] INFO  [verifyingSideMenuCollapsedLangAsInSettingsLingua] Clicking language dropdown...
2026-01-10 18:01:52.697 [TestNG-test-Smoke Tests-1] INFO  [verifyingSideMenuCollapsedLangAsInSettingsLingua] [verifyingSideMenuCollapsedLangAsInSettingsLingua] Trying to find element: By.xpath: (//div[@id='content-icon'])[2]
2026-01-10 18:01:52.719 [TestNG-test-Smoke Tests-1] INFO  [verifyingSideMenuCollapsedLangAsInSettingsLingua] [verifyingSideMenuCollapsedLangAsInSettingsLingua] Element found and ready (attempt 1): By.xpath: (//div[@id='content-icon'])[2]
2026-01-10 18:01:55.309 [TestNG-test-Smoke Tests-1] INFO  [verifyingSideMenuCollapsedLangAsInSettingsLingua] [verifyingSideMenuCollapsedLangAsInSettingsLingua] Not retrying test 'verifyingSideMenuCollapsedLangAsInSettingsLingua'. Retry count: 0, Cause: The following asserts failed:
	Language detection mismatch expected [AFRIKAANS] but found [BOKMAL],
	Language detection mismatch expected [AZERBAIJANI] but found [TURKISH],
	Language detection mismatch expected [INDONESIAN] but found [ENGLISH],
	Language detection mismatch expected [CROATIAN] but found [BOSNIAN]
2026-01-10 18:01:55.313 [TestNG-test-Smoke Tests-1] ERROR [verifyingSideMenuCollapsedLangAsInSettingsLingua] Test FAILED: verifyingSideMenuCollapsedLangAsInSettingsLingua - java.lang.AssertionError: The following asserts failed:
	Language detection mismatch expected [AFRIKAANS] but found [BOKMAL],
	Language detection mismatch expected [AZERBAIJANI] but found [TURKISH],
	Language detection mismatch expected [INDONESIAN] but found [ENGLISH],
	Language detection mismatch expected [CROATIAN] but found [BOSNIAN]
2026-01-10 18:01:55.313 [TestNG-test-Smoke Tests-1] INFO  [verifyingSideMenuCollapsedLangAsInSettingsLingua] Closing WebDriver for thread: 34
2026-01-10 18:01:55.638 [TestNG-test-Smoke Tests-1] INFO  [verifyingSideMenuCollapsedLangAsInSettingsLingua] WebDriver instance removed from ThreadLocal for thread: 34
2026-01-10 18:01:55.638 [TestNG-test-Smoke Tests-1] INFO  [verifyingSideMenuCollapsedLangAsInSettingsLingua] Driver closed for test: verifyingSideMenuCollapsedLangAsInSettingsLingua
