2026-01-31 17:54:40.350 [TestNG-test-Yt Master Tests-2] INFO  [verifyingSideMenuCollapsedLangAsInSettings] ===== STARTING TEST: verifyingSideMenuCollapsedLangAsInSettings  | Thread: 35 =====
2026-01-31 17:54:40.353 [TestNG-test-Yt Master Tests-2] INFO  [verifyingSideMenuCollapsedLangAsInSettings] No existing WebDriver found for current thread. Initializing a new ChromeDriver...
2026-01-31 17:54:40.365 [TestNG-test-Yt Master Tests-2] INFO  [verifyingSideMenuCollapsedLangAsInSettings] WebDriverManager: chromedriver setup OK
2026-01-31 17:54:41.990 [TestNG-test-Yt Master Tests-2] INFO  [verifyingSideMenuCollapsedLangAsInSettings] ChromeDriver initialized successfully for thread: 35
2026-01-31 17:54:41.990 [TestNG-test-Yt Master Tests-2] INFO  [verifyingSideMenuCollapsedLangAsInSettings] Driver initialized successfully for test: verifyingSideMenuCollapsedLangAsInSettings
2026-01-31 17:54:41.991 [TestNG-test-Yt Master Tests-2] INFO  [verifyingSideMenuCollapsedLangAsInSettings] SafeActions initialized with driver ChromeDriver: chrome on windows (d4f2215c8dc3e7bf3170d33eab7cd1d4)
2026-01-31 17:54:41.991 [TestNG-test-Yt Master Tests-2] INFO  [verifyingSideMenuCollapsedLangAsInSettings] Initialized YtLandingPage with driver: ChromeDriver: chrome on windows (d4f2215c8dc3e7bf3170d33eab7cd1d4)
2026-01-31 17:54:41.991 [TestNG-test-Yt Master Tests-2] INFO  [verifyingSideMenuCollapsedLangAsInSettings] SafeActions initialized with driver ChromeDriver: chrome on windows (d4f2215c8dc3e7bf3170d33eab7cd1d4)
2026-01-31 17:54:44.606 [TestNG-test-Yt Master Tests-2] INFO  [verifyingSideMenuCollapsedLangAsInSettings] Opened YouTube landing page.
2026-01-31 17:54:44.785 [TestNG-test-Yt Master Tests-2] INFO  [verifyingSideMenuCollapsedLangAsInSettings] Clicking settings ellipses button...
2026-01-31 17:54:44.785 [TestNG-test-Yt Master Tests-2] INFO  [verifyingSideMenuCollapsedLangAsInSettings] [verifyingSideMenuCollapsedLangAsInSettings] Trying to find element: By.xpath: //ytd-topbar-menu-button-renderer[@class='style-scope ytd-masthead style-default']
2026-01-31 17:54:44.834 [TestNG-test-Yt Master Tests-2] INFO  [verifyingSideMenuCollapsedLangAsInSettings] [verifyingSideMenuCollapsedLangAsInSettings] Element found and ready (attempt 1): By.xpath: //ytd-topbar-menu-button-renderer[@class='style-scope ytd-masthead style-default']
2026-01-31 17:54:46.979 [TestNG-test-Yt Master Tests-2] INFO  [verifyingSideMenuCollapsedLangAsInSettings] Clicking language dropdown...
2026-01-31 17:54:46.979 [TestNG-test-Yt Master Tests-2] INFO  [verifyingSideMenuCollapsedLangAsInSettings] [verifyingSideMenuCollapsedLangAsInSettings] Trying to find element: By.xpath: (//div[@id='content-icon'])[2]
2026-01-31 17:54:47.011 [TestNG-test-Yt Master Tests-2] INFO  [verifyingSideMenuCollapsedLangAsInSettings] [verifyingSideMenuCollapsedLangAsInSettings] Element found and ready (attempt 1): By.xpath: (//div[@id='content-icon'])[2]
2026-01-31 17:54:49.815 [TestNG-test-Yt Master Tests-2] INFO  [verifyingSideMenuCollapsedLangAsInSettings] [verifyingSideMenuCollapsedLangAsInSettings] Execution is Not CRON Job Hence refering to normal keys from UtilData
2026-01-31 17:54:50.816 [TestNG-test-Yt Master Tests-2] INFO  [verifyingSideMenuCollapsedLangAsInSettings] Looking for language element with name: Afrikaans
2026-01-31 17:54:50.816 [TestNG-test-Yt Master Tests-2] INFO  [verifyingSideMenuCollapsedLangAsInSettings] [verifyingSideMenuCollapsedLangAsInSettings] Trying to find element: By.xpath: //yt-multi-page-menu-section-renderer[@class='style-scope ytd-multi-page-menu-renderer']//yt-formatted-string[@id='label' and text()='Afrikaans']
2026-01-31 17:54:50.849 [TestNG-test-Yt Master Tests-2] INFO  [verifyingSideMenuCollapsedLangAsInSettings] [verifyingSideMenuCollapsedLangAsInSettings] Element found and ready (attempt 1): By.xpath: //yt-multi-page-menu-section-renderer[@class='style-scope ytd-multi-page-menu-renderer']//yt-formatted-string[@id='label' and text()='Afrikaans']
2026-01-31 17:54:52.254 [TestNG-test-Yt Master Tests-2] INFO  [verifyingSideMenuCollapsedLangAsInSettings] Clicking settings ellipses button...
2026-01-31 17:54:52.254 [TestNG-test-Yt Master Tests-2] INFO  [verifyingSideMenuCollapsedLangAsInSettings] [verifyingSideMenuCollapsedLangAsInSettings] Trying to find element: By.xpath: //ytd-topbar-menu-button-renderer[@class='style-scope ytd-masthead style-default']
2026-01-31 17:54:52.731 [TestNG-test-Yt Master Tests-2] INFO  [verifyingSideMenuCollapsedLangAsInSettings] [verifyingSideMenuCollapsedLangAsInSettings] Element found and ready (attempt 1): By.xpath: //ytd-topbar-menu-button-renderer[@class='style-scope ytd-masthead style-default']
2026-01-31 17:54:53.224 [TestNG-test-Yt Master Tests-2] INFO  [verifyingSideMenuCollapsedLangAsInSettings] Looking for language element with name: Afrikaans
2026-01-31 17:54:53.226 [TestNG-test-Yt Master Tests-2] INFO  [verifyingSideMenuCollapsedLangAsInSettings] [verifyingSideMenuCollapsedLangAsInSettings] Waiting until element is visible in viewport
2026-01-31 17:55:03.334 [TestNG-test-Yt Master Tests-2] INFO  [verifyingSideMenuCollapsedLangAsInSettings] [verifyingSideMenuCollapsedLangAsInSettings] Capturing screenshot: Filter Applied is Afrikaans__2026-01-31_175503.png
2026-01-31 17:55:03.454 [TestNG-test-Yt Master Tests-2] INFO  [verifyingSideMenuCollapsedLangAsInSettings] [verifyingSideMenuCollapsedLangAsInSettings] Screenshot saved at: test-output/screenshots/Run_2026-01-31_17-46-59/verifyingSideMenuCollapsedLangAsInSettings/Filter Applied is Afrikaans__2026-01-31_175503.png
2026-01-31 17:55:03.454 [TestNG-test-Yt Master Tests-2] INFO  [verifyingSideMenuCollapsedLangAsInSettings] Clicking settings ellipses button...
2026-01-31 17:55:03.454 [TestNG-test-Yt Master Tests-2] INFO  [verifyingSideMenuCollapsedLangAsInSettings] [verifyingSideMenuCollapsedLangAsInSettings] Trying to find element: By.xpath: //ytd-topbar-menu-button-renderer[@class='style-scope ytd-masthead style-default']
2026-01-31 17:55:03.478 [TestNG-test-Yt Master Tests-2] INFO  [verifyingSideMenuCollapsedLangAsInSettings] [verifyingSideMenuCollapsedLangAsInSettings] Element found and ready (attempt 1): By.xpath: //ytd-topbar-menu-button-renderer[@class='style-scope ytd-masthead style-default']
2026-01-31 17:55:03.540 [TestNG-test-Yt Master Tests-2] INFO  [verifyingSideMenuCollapsedLangAsInSettings] getLangAttribute() - locating <html> and reading lang property
2026-01-31 17:55:03.589 [TestNG-test-Yt Master Tests-2] INFO  [verifyingSideMenuCollapsedLangAsInSettings] Language attribute read: af-ZA
2026-01-31 17:55:05.592 [TestNG-test-Yt Master Tests-2] INFO  [verifyingSideMenuCollapsedLangAsInSettings] Fetching the side menu in collapsed view
2026-01-31 17:55:05.592 [TestNG-test-Yt Master Tests-2] INFO  [verifyingSideMenuCollapsedLangAsInSettings] [verifyingSideMenuCollapsedLangAsInSettings] Finding elements list: By.xpath: //ytd-mini-guide-renderer[@class='style-scope ytd-app']//ytd-mini-guide-entry-renderer
2026-01-31 17:55:05.712 [TestNG-test-Yt Master Tests-2] INFO  [verifyingSideMenuCollapsedLangAsInSettings] [verifyingSideMenuCollapsedLangAsInSettings] Found 4 ready elements (attempt 1): By.xpath: //ytd-mini-guide-renderer[@class='style-scope ytd-app']//ytd-mini-guide-entry-renderer
2026-01-31 17:55:05.837 [TestNG-test-Yt Master Tests-2] INFO  [verifyingSideMenuCollapsedLangAsInSettings] Clicking settings ellipses button...
2026-01-31 17:55:05.837 [TestNG-test-Yt Master Tests-2] INFO  [verifyingSideMenuCollapsedLangAsInSettings] [verifyingSideMenuCollapsedLangAsInSettings] Trying to find element: By.xpath: //ytd-topbar-menu-button-renderer[@class='style-scope ytd-masthead style-default']
2026-01-31 17:55:05.867 [TestNG-test-Yt Master Tests-2] INFO  [verifyingSideMenuCollapsedLangAsInSettings] [verifyingSideMenuCollapsedLangAsInSettings] Element found and ready (attempt 1): By.xpath: //ytd-topbar-menu-button-renderer[@class='style-scope ytd-masthead style-default']
2026-01-31 17:55:08.001 [TestNG-test-Yt Master Tests-2] INFO  [verifyingSideMenuCollapsedLangAsInSettings] Clicking language dropdown...
2026-01-31 17:55:08.001 [TestNG-test-Yt Master Tests-2] INFO  [verifyingSideMenuCollapsedLangAsInSettings] [verifyingSideMenuCollapsedLangAsInSettings] Trying to find element: By.xpath: (//div[@id='content-icon'])[2]
2026-01-31 17:55:08.022 [TestNG-test-Yt Master Tests-2] INFO  [verifyingSideMenuCollapsedLangAsInSettings] [verifyingSideMenuCollapsedLangAsInSettings] Element found and ready (attempt 1): By.xpath: (//div[@id='content-icon'])[2]
2026-01-31 17:55:11.409 [TestNG-test-Yt Master Tests-2] INFO  [verifyingSideMenuCollapsedLangAsInSettings] Looking for language element with name: Azərbaycan
2026-01-31 17:55:11.409 [TestNG-test-Yt Master Tests-2] INFO  [verifyingSideMenuCollapsedLangAsInSettings] [verifyingSideMenuCollapsedLangAsInSettings] Trying to find element: By.xpath: //yt-multi-page-menu-section-renderer[@class='style-scope ytd-multi-page-menu-renderer']//yt-formatted-string[@id='label' and text()='Azərbaycan']
2026-01-31 17:55:11.436 [TestNG-test-Yt Master Tests-2] INFO  [verifyingSideMenuCollapsedLangAsInSettings] [verifyingSideMenuCollapsedLangAsInSettings] Element found and ready (attempt 1): By.xpath: //yt-multi-page-menu-section-renderer[@class='style-scope ytd-multi-page-menu-renderer']//yt-formatted-string[@id='label' and text()='Azərbaycan']
2026-01-31 17:55:12.637 [TestNG-test-Yt Master Tests-2] INFO  [verifyingSideMenuCollapsedLangAsInSettings] Clicking settings ellipses button...
2026-01-31 17:55:12.637 [TestNG-test-Yt Master Tests-2] INFO  [verifyingSideMenuCollapsedLangAsInSettings] [verifyingSideMenuCollapsedLangAsInSettings] Trying to find element: By.xpath: //ytd-topbar-menu-button-renderer[@class='style-scope ytd-masthead style-default']
2026-01-31 17:55:12.954 [TestNG-test-Yt Master Tests-2] INFO  [verifyingSideMenuCollapsedLangAsInSettings] [verifyingSideMenuCollapsedLangAsInSettings] Element found and ready (attempt 1): By.xpath: //ytd-topbar-menu-button-renderer[@class='style-scope ytd-masthead style-default']
2026-01-31 17:55:13.256 [TestNG-test-Yt Master Tests-2] INFO  [verifyingSideMenuCollapsedLangAsInSettings] Looking for language element with name: Azərbaycan
2026-01-31 17:55:13.256 [TestNG-test-Yt Master Tests-2] INFO  [verifyingSideMenuCollapsedLangAsInSettings] [verifyingSideMenuCollapsedLangAsInSettings] Waiting until element is visible in viewport
2026-01-31 17:55:23.348 [TestNG-test-Yt Master Tests-2] INFO  [verifyingSideMenuCollapsedLangAsInSettings] [verifyingSideMenuCollapsedLangAsInSettings] Capturing screenshot: Filter Applied is Azərbaycan__2026-01-31_175523.png
2026-01-31 17:55:23.432 [TestNG-test-Yt Master Tests-2] INFO  [verifyingSideMenuCollapsedLangAsInSettings] [verifyingSideMenuCollapsedLangAsInSettings] Screenshot saved at: test-output/screenshots/Run_2026-01-31_17-46-59/verifyingSideMenuCollapsedLangAsInSettings/Filter Applied is Azərbaycan__2026-01-31_175523.png
2026-01-31 17:55:23.432 [TestNG-test-Yt Master Tests-2] INFO  [verifyingSideMenuCollapsedLangAsInSettings] Clicking settings ellipses button...
2026-01-31 17:55:23.432 [TestNG-test-Yt Master Tests-2] INFO  [verifyingSideMenuCollapsedLangAsInSettings] [verifyingSideMenuCollapsedLangAsInSettings] Trying to find element: By.xpath: //ytd-topbar-menu-button-renderer[@class='style-scope ytd-masthead style-default']
2026-01-31 17:55:23.451 [TestNG-test-Yt Master Tests-2] INFO  [verifyingSideMenuCollapsedLangAsInSettings] [verifyingSideMenuCollapsedLangAsInSettings] Element found and ready (attempt 1): By.xpath: //ytd-topbar-menu-button-renderer[@class='style-scope ytd-masthead style-default']
2026-01-31 17:55:23.503 [TestNG-test-Yt Master Tests-2] INFO  [verifyingSideMenuCollapsedLangAsInSettings] getLangAttribute() - locating <html> and reading lang property
2026-01-31 17:55:23.518 [TestNG-test-Yt Master Tests-2] INFO  [verifyingSideMenuCollapsedLangAsInSettings] Language attribute read: az-Latn-AZ
2026-01-31 17:55:25.518 [TestNG-test-Yt Master Tests-2] INFO  [verifyingSideMenuCollapsedLangAsInSettings] Fetching the side menu in collapsed view
2026-01-31 17:55:25.518 [TestNG-test-Yt Master Tests-2] INFO  [verifyingSideMenuCollapsedLangAsInSettings] [verifyingSideMenuCollapsedLangAsInSettings] Finding elements list: By.xpath: //ytd-mini-guide-renderer[@class='style-scope ytd-app']//ytd-mini-guide-entry-renderer
2026-01-31 17:55:25.572 [TestNG-test-Yt Master Tests-2] INFO  [verifyingSideMenuCollapsedLangAsInSettings] [verifyingSideMenuCollapsedLangAsInSettings] Found 4 ready elements (attempt 1): By.xpath: //ytd-mini-guide-renderer[@class='style-scope ytd-app']//ytd-mini-guide-entry-renderer
2026-01-31 17:55:25.640 [TestNG-test-Yt Master Tests-2] INFO  [verifyingSideMenuCollapsedLangAsInSettings] Clicking settings ellipses button...
2026-01-31 17:55:25.640 [TestNG-test-Yt Master Tests-2] INFO  [verifyingSideMenuCollapsedLangAsInSettings] [verifyingSideMenuCollapsedLangAsInSettings] Trying to find element: By.xpath: //ytd-topbar-menu-button-renderer[@class='style-scope ytd-masthead style-default']
2026-01-31 17:55:25.658 [TestNG-test-Yt Master Tests-2] INFO  [verifyingSideMenuCollapsedLangAsInSettings] [verifyingSideMenuCollapsedLangAsInSettings] Element found and ready (attempt 1): By.xpath: //ytd-topbar-menu-button-renderer[@class='style-scope ytd-masthead style-default']
2026-01-31 17:55:27.720 [TestNG-test-Yt Master Tests-2] INFO  [verifyingSideMenuCollapsedLangAsInSettings] Clicking language dropdown...
2026-01-31 17:55:27.720 [TestNG-test-Yt Master Tests-2] INFO  [verifyingSideMenuCollapsedLangAsInSettings] [verifyingSideMenuCollapsedLangAsInSettings] Trying to find element: By.xpath: (//div[@id='content-icon'])[2]
2026-01-31 17:55:27.742 [TestNG-test-Yt Master Tests-2] INFO  [verifyingSideMenuCollapsedLangAsInSettings] [verifyingSideMenuCollapsedLangAsInSettings] Element found and ready (attempt 1): By.xpath: (//div[@id='content-icon'])[2]
2026-01-31 17:55:31.211 [TestNG-test-Yt Master Tests-2] INFO  [verifyingSideMenuCollapsedLangAsInSettings] Looking for language element with name: Bahasa Indonesia
2026-01-31 17:55:31.211 [TestNG-test-Yt Master Tests-2] INFO  [verifyingSideMenuCollapsedLangAsInSettings] [verifyingSideMenuCollapsedLangAsInSettings] Trying to find element: By.xpath: //yt-multi-page-menu-section-renderer[@class='style-scope ytd-multi-page-menu-renderer']//yt-formatted-string[@id='label' and text()='Bahasa Indonesia']
2026-01-31 17:55:31.236 [TestNG-test-Yt Master Tests-2] INFO  [verifyingSideMenuCollapsedLangAsInSettings] [verifyingSideMenuCollapsedLangAsInSettings] Element found and ready (attempt 1): By.xpath: //yt-multi-page-menu-section-renderer[@class='style-scope ytd-multi-page-menu-renderer']//yt-formatted-string[@id='label' and text()='Bahasa Indonesia']
2026-01-31 17:55:32.391 [TestNG-test-Yt Master Tests-2] INFO  [verifyingSideMenuCollapsedLangAsInSettings] Clicking settings ellipses button...
2026-01-31 17:55:32.391 [TestNG-test-Yt Master Tests-2] INFO  [verifyingSideMenuCollapsedLangAsInSettings] [verifyingSideMenuCollapsedLangAsInSettings] Trying to find element: By.xpath: //ytd-topbar-menu-button-renderer[@class='style-scope ytd-masthead style-default']
2026-01-31 17:55:32.673 [TestNG-test-Yt Master Tests-2] INFO  [verifyingSideMenuCollapsedLangAsInSettings] [verifyingSideMenuCollapsedLangAsInSettings] Element found and ready (attempt 1): By.xpath: //ytd-topbar-menu-button-renderer[@class='style-scope ytd-masthead style-default']
2026-01-31 17:55:32.870 [TestNG-test-Yt Master Tests-2] INFO  [verifyingSideMenuCollapsedLangAsInSettings] Looking for language element with name: Bahasa Indonesia
2026-01-31 17:55:32.870 [TestNG-test-Yt Master Tests-2] INFO  [verifyingSideMenuCollapsedLangAsInSettings] [verifyingSideMenuCollapsedLangAsInSettings] Waiting until element is visible in viewport
2026-01-31 17:55:43.059 [TestNG-test-Yt Master Tests-2] INFO  [verifyingSideMenuCollapsedLangAsInSettings] [verifyingSideMenuCollapsedLangAsInSettings] Capturing screenshot: Filter Applied is Bahasa Indonesia__2026-01-31_175543.png
2026-01-31 17:55:43.137 [TestNG-test-Yt Master Tests-2] INFO  [verifyingSideMenuCollapsedLangAsInSettings] [verifyingSideMenuCollapsedLangAsInSettings] Screenshot saved at: test-output/screenshots/Run_2026-01-31_17-46-59/verifyingSideMenuCollapsedLangAsInSettings/Filter Applied is Bahasa Indonesia__2026-01-31_175543.png
2026-01-31 17:55:43.137 [TestNG-test-Yt Master Tests-2] INFO  [verifyingSideMenuCollapsedLangAsInSettings] Clicking settings ellipses button...
2026-01-31 17:55:43.137 [TestNG-test-Yt Master Tests-2] INFO  [verifyingSideMenuCollapsedLangAsInSettings] [verifyingSideMenuCollapsedLangAsInSettings] Trying to find element: By.xpath: //ytd-topbar-menu-button-renderer[@class='style-scope ytd-masthead style-default']
2026-01-31 17:55:43.157 [TestNG-test-Yt Master Tests-2] INFO  [verifyingSideMenuCollapsedLangAsInSettings] [verifyingSideMenuCollapsedLangAsInSettings] Element found and ready (attempt 1): By.xpath: //ytd-topbar-menu-button-renderer[@class='style-scope ytd-masthead style-default']
2026-01-31 17:55:43.210 [TestNG-test-Yt Master Tests-2] INFO  [verifyingSideMenuCollapsedLangAsInSettings] getLangAttribute() - locating <html> and reading lang property
2026-01-31 17:55:43.223 [TestNG-test-Yt Master Tests-2] INFO  [verifyingSideMenuCollapsedLangAsInSettings] Language attribute read: id-ID
2026-01-31 17:55:45.225 [TestNG-test-Yt Master Tests-2] INFO  [verifyingSideMenuCollapsedLangAsInSettings] Fetching the side menu in collapsed view
2026-01-31 17:55:45.225 [TestNG-test-Yt Master Tests-2] INFO  [verifyingSideMenuCollapsedLangAsInSettings] [verifyingSideMenuCollapsedLangAsInSettings] Finding elements list: By.xpath: //ytd-mini-guide-renderer[@class='style-scope ytd-app']//ytd-mini-guide-entry-renderer
2026-01-31 17:55:45.282 [TestNG-test-Yt Master Tests-2] INFO  [verifyingSideMenuCollapsedLangAsInSettings] [verifyingSideMenuCollapsedLangAsInSettings] Found 4 ready elements (attempt 1): By.xpath: //ytd-mini-guide-renderer[@class='style-scope ytd-app']//ytd-mini-guide-entry-renderer
2026-01-31 17:55:45.348 [TestNG-test-Yt Master Tests-2] INFO  [verifyingSideMenuCollapsedLangAsInSettings] Clicking settings ellipses button...
2026-01-31 17:55:45.348 [TestNG-test-Yt Master Tests-2] INFO  [verifyingSideMenuCollapsedLangAsInSettings] [verifyingSideMenuCollapsedLangAsInSettings] Trying to find element: By.xpath: //ytd-topbar-menu-button-renderer[@class='style-scope ytd-masthead style-default']
2026-01-31 17:55:45.369 [TestNG-test-Yt Master Tests-2] INFO  [verifyingSideMenuCollapsedLangAsInSettings] [verifyingSideMenuCollapsedLangAsInSettings] Element found and ready (attempt 1): By.xpath: //ytd-topbar-menu-button-renderer[@class='style-scope ytd-masthead style-default']
2026-01-31 17:55:47.435 [TestNG-test-Yt Master Tests-2] INFO  [verifyingSideMenuCollapsedLangAsInSettings] Clicking language dropdown...
2026-01-31 17:55:47.436 [TestNG-test-Yt Master Tests-2] INFO  [verifyingSideMenuCollapsedLangAsInSettings] [verifyingSideMenuCollapsedLangAsInSettings] Trying to find element: By.xpath: (//div[@id='content-icon'])[2]
2026-01-31 17:55:47.506 [TestNG-test-Yt Master Tests-2] INFO  [verifyingSideMenuCollapsedLangAsInSettings] [verifyingSideMenuCollapsedLangAsInSettings] Element found and ready (attempt 1): By.xpath: (//div[@id='content-icon'])[2]
2026-01-31 17:55:50.972 [TestNG-test-Yt Master Tests-2] INFO  [verifyingSideMenuCollapsedLangAsInSettings] Looking for language element with name: Bosanski
2026-01-31 17:55:50.972 [TestNG-test-Yt Master Tests-2] INFO  [verifyingSideMenuCollapsedLangAsInSettings] [verifyingSideMenuCollapsedLangAsInSettings] Trying to find element: By.xpath: //yt-multi-page-menu-section-renderer[@class='style-scope ytd-multi-page-menu-renderer']//yt-formatted-string[@id='label' and text()='Bosanski']
2026-01-31 17:55:51.000 [TestNG-test-Yt Master Tests-2] INFO  [verifyingSideMenuCollapsedLangAsInSettings] [verifyingSideMenuCollapsedLangAsInSettings] Element found and ready (attempt 1): By.xpath: //yt-multi-page-menu-section-renderer[@class='style-scope ytd-multi-page-menu-renderer']//yt-formatted-string[@id='label' and text()='Bosanski']
2026-01-31 17:55:52.037 [TestNG-test-Yt Master Tests-2] INFO  [verifyingSideMenuCollapsedLangAsInSettings] Clicking settings ellipses button...
2026-01-31 17:55:52.037 [TestNG-test-Yt Master Tests-2] INFO  [verifyingSideMenuCollapsedLangAsInSettings] [verifyingSideMenuCollapsedLangAsInSettings] Trying to find element: By.xpath: //ytd-topbar-menu-button-renderer[@class='style-scope ytd-masthead style-default']
2026-01-31 17:55:52.397 [TestNG-test-Yt Master Tests-2] INFO  [verifyingSideMenuCollapsedLangAsInSettings] [verifyingSideMenuCollapsedLangAsInSettings] Element found and ready (attempt 1): By.xpath: //ytd-topbar-menu-button-renderer[@class='style-scope ytd-masthead style-default']
2026-01-31 17:55:52.679 [TestNG-test-Yt Master Tests-2] INFO  [verifyingSideMenuCollapsedLangAsInSettings] Looking for language element with name: Bosanski
2026-01-31 17:55:52.680 [TestNG-test-Yt Master Tests-2] INFO  [verifyingSideMenuCollapsedLangAsInSettings] [verifyingSideMenuCollapsedLangAsInSettings] Waiting until element is visible in viewport
2026-01-31 17:56:02.971 [TestNG-test-Yt Master Tests-2] INFO  [verifyingSideMenuCollapsedLangAsInSettings] [verifyingSideMenuCollapsedLangAsInSettings] Capturing screenshot: Filter Applied is Bosanski__2026-01-31_175602.png
2026-01-31 17:56:03.061 [TestNG-test-Yt Master Tests-2] INFO  [verifyingSideMenuCollapsedLangAsInSettings] [verifyingSideMenuCollapsedLangAsInSettings] Screenshot saved at: test-output/screenshots/Run_2026-01-31_17-46-59/verifyingSideMenuCollapsedLangAsInSettings/Filter Applied is Bosanski__2026-01-31_175602.png
2026-01-31 17:56:03.062 [TestNG-test-Yt Master Tests-2] INFO  [verifyingSideMenuCollapsedLangAsInSettings] Clicking settings ellipses button...
2026-01-31 17:56:03.062 [TestNG-test-Yt Master Tests-2] INFO  [verifyingSideMenuCollapsedLangAsInSettings] [verifyingSideMenuCollapsedLangAsInSettings] Trying to find element: By.xpath: //ytd-topbar-menu-button-renderer[@class='style-scope ytd-masthead style-default']
2026-01-31 17:56:03.082 [TestNG-test-Yt Master Tests-2] INFO  [verifyingSideMenuCollapsedLangAsInSettings] [verifyingSideMenuCollapsedLangAsInSettings] Element found and ready (attempt 1): By.xpath: //ytd-topbar-menu-button-renderer[@class='style-scope ytd-masthead style-default']
2026-01-31 17:56:03.138 [TestNG-test-Yt Master Tests-2] INFO  [verifyingSideMenuCollapsedLangAsInSettings] getLangAttribute() - locating <html> and reading lang property
2026-01-31 17:56:03.151 [TestNG-test-Yt Master Tests-2] INFO  [verifyingSideMenuCollapsedLangAsInSettings] Language attribute read: bs-Latn-BA
2026-01-31 17:56:05.152 [TestNG-test-Yt Master Tests-2] INFO  [verifyingSideMenuCollapsedLangAsInSettings] Fetching the side menu in collapsed view
2026-01-31 17:56:05.152 [TestNG-test-Yt Master Tests-2] INFO  [verifyingSideMenuCollapsedLangAsInSettings] [verifyingSideMenuCollapsedLangAsInSettings] Finding elements list: By.xpath: //ytd-mini-guide-renderer[@class='style-scope ytd-app']//ytd-mini-guide-entry-renderer
2026-01-31 17:56:05.209 [TestNG-test-Yt Master Tests-2] INFO  [verifyingSideMenuCollapsedLangAsInSettings] [verifyingSideMenuCollapsedLangAsInSettings] Found 4 ready elements (attempt 1): By.xpath: //ytd-mini-guide-renderer[@class='style-scope ytd-app']//ytd-mini-guide-entry-renderer
2026-01-31 17:56:05.275 [TestNG-test-Yt Master Tests-2] INFO  [verifyingSideMenuCollapsedLangAsInSettings] Clicking settings ellipses button...
2026-01-31 17:56:05.277 [TestNG-test-Yt Master Tests-2] INFO  [verifyingSideMenuCollapsedLangAsInSettings] [verifyingSideMenuCollapsedLangAsInSettings] Trying to find element: By.xpath: //ytd-topbar-menu-button-renderer[@class='style-scope ytd-masthead style-default']
2026-01-31 17:56:05.296 [TestNG-test-Yt Master Tests-2] INFO  [verifyingSideMenuCollapsedLangAsInSettings] [verifyingSideMenuCollapsedLangAsInSettings] Element found and ready (attempt 1): By.xpath: //ytd-topbar-menu-button-renderer[@class='style-scope ytd-masthead style-default']
2026-01-31 17:56:07.363 [TestNG-test-Yt Master Tests-2] INFO  [verifyingSideMenuCollapsedLangAsInSettings] Clicking language dropdown...
2026-01-31 17:56:07.363 [TestNG-test-Yt Master Tests-2] INFO  [verifyingSideMenuCollapsedLangAsInSettings] [verifyingSideMenuCollapsedLangAsInSettings] Trying to find element: By.xpath: (//div[@id='content-icon'])[2]
2026-01-31 17:56:07.400 [TestNG-test-Yt Master Tests-2] INFO  [verifyingSideMenuCollapsedLangAsInSettings] [verifyingSideMenuCollapsedLangAsInSettings] Element found and ready (attempt 1): By.xpath: (//div[@id='content-icon'])[2]
2026-01-31 17:56:10.904 [TestNG-test-Yt Master Tests-2] INFO  [verifyingSideMenuCollapsedLangAsInSettings] Looking for language element with name: Català
2026-01-31 17:56:10.904 [TestNG-test-Yt Master Tests-2] INFO  [verifyingSideMenuCollapsedLangAsInSettings] [verifyingSideMenuCollapsedLangAsInSettings] Trying to find element: By.xpath: //yt-multi-page-menu-section-renderer[@class='style-scope ytd-multi-page-menu-renderer']//yt-formatted-string[@id='label' and text()='Català']
2026-01-31 17:56:10.938 [TestNG-test-Yt Master Tests-2] INFO  [verifyingSideMenuCollapsedLangAsInSettings] [verifyingSideMenuCollapsedLangAsInSettings] Element found and ready (attempt 1): By.xpath: //yt-multi-page-menu-section-renderer[@class='style-scope ytd-multi-page-menu-renderer']//yt-formatted-string[@id='label' and text()='Català']
2026-01-31 17:56:12.009 [TestNG-test-Yt Master Tests-2] INFO  [verifyingSideMenuCollapsedLangAsInSettings] Clicking settings ellipses button...
2026-01-31 17:56:12.009 [TestNG-test-Yt Master Tests-2] INFO  [verifyingSideMenuCollapsedLangAsInSettings] [verifyingSideMenuCollapsedLangAsInSettings] Trying to find element: By.xpath: //ytd-topbar-menu-button-renderer[@class='style-scope ytd-masthead style-default']
2026-01-31 17:56:12.300 [TestNG-test-Yt Master Tests-2] INFO  [verifyingSideMenuCollapsedLangAsInSettings] [verifyingSideMenuCollapsedLangAsInSettings] Element found and ready (attempt 1): By.xpath: //ytd-topbar-menu-button-renderer[@class='style-scope ytd-masthead style-default']
2026-01-31 17:56:12.636 [TestNG-test-Yt Master Tests-2] INFO  [verifyingSideMenuCollapsedLangAsInSettings] Looking for language element with name: Català
2026-01-31 17:56:12.636 [TestNG-test-Yt Master Tests-2] INFO  [verifyingSideMenuCollapsedLangAsInSettings] [verifyingSideMenuCollapsedLangAsInSettings] Waiting until element is visible in viewport
2026-01-31 17:56:22.906 [TestNG-test-Yt Master Tests-2] INFO  [verifyingSideMenuCollapsedLangAsInSettings] [verifyingSideMenuCollapsedLangAsInSettings] Capturing screenshot: Filter Applied is Català__2026-01-31_175622.png
2026-01-31 17:56:22.999 [TestNG-test-Yt Master Tests-2] INFO  [verifyingSideMenuCollapsedLangAsInSettings] [verifyingSideMenuCollapsedLangAsInSettings] Screenshot saved at: test-output/screenshots/Run_2026-01-31_17-46-59/verifyingSideMenuCollapsedLangAsInSettings/Filter Applied is Català__2026-01-31_175622.png
2026-01-31 17:56:22.999 [TestNG-test-Yt Master Tests-2] INFO  [verifyingSideMenuCollapsedLangAsInSettings] Clicking settings ellipses button...
2026-01-31 17:56:22.999 [TestNG-test-Yt Master Tests-2] INFO  [verifyingSideMenuCollapsedLangAsInSettings] [verifyingSideMenuCollapsedLangAsInSettings] Trying to find element: By.xpath: //ytd-topbar-menu-button-renderer[@class='style-scope ytd-masthead style-default']
2026-01-31 17:56:23.019 [TestNG-test-Yt Master Tests-2] INFO  [verifyingSideMenuCollapsedLangAsInSettings] [verifyingSideMenuCollapsedLangAsInSettings] Element found and ready (attempt 1): By.xpath: //ytd-topbar-menu-button-renderer[@class='style-scope ytd-masthead style-default']
2026-01-31 17:56:23.070 [TestNG-test-Yt Master Tests-2] INFO  [verifyingSideMenuCollapsedLangAsInSettings] getLangAttribute() - locating <html> and reading lang property
2026-01-31 17:56:23.084 [TestNG-test-Yt Master Tests-2] INFO  [verifyingSideMenuCollapsedLangAsInSettings] Language attribute read: ca-ES
2026-01-31 17:56:25.085 [TestNG-test-Yt Master Tests-2] INFO  [verifyingSideMenuCollapsedLangAsInSettings] Fetching the side menu in collapsed view
2026-01-31 17:56:25.085 [TestNG-test-Yt Master Tests-2] INFO  [verifyingSideMenuCollapsedLangAsInSettings] [verifyingSideMenuCollapsedLangAsInSettings] Finding elements list: By.xpath: //ytd-mini-guide-renderer[@class='style-scope ytd-app']//ytd-mini-guide-entry-renderer
2026-01-31 17:56:25.140 [TestNG-test-Yt Master Tests-2] INFO  [verifyingSideMenuCollapsedLangAsInSettings] [verifyingSideMenuCollapsedLangAsInSettings] Found 4 ready elements (attempt 1): By.xpath: //ytd-mini-guide-renderer[@class='style-scope ytd-app']//ytd-mini-guide-entry-renderer
2026-01-31 17:56:25.206 [TestNG-test-Yt Master Tests-2] INFO  [verifyingSideMenuCollapsedLangAsInSettings] Clicking settings ellipses button...
2026-01-31 17:56:25.206 [TestNG-test-Yt Master Tests-2] INFO  [verifyingSideMenuCollapsedLangAsInSettings] [verifyingSideMenuCollapsedLangAsInSettings] Trying to find element: By.xpath: //ytd-topbar-menu-button-renderer[@class='style-scope ytd-masthead style-default']
2026-01-31 17:56:25.226 [TestNG-test-Yt Master Tests-2] INFO  [verifyingSideMenuCollapsedLangAsInSettings] [verifyingSideMenuCollapsedLangAsInSettings] Element found and ready (attempt 1): By.xpath: //ytd-topbar-menu-button-renderer[@class='style-scope ytd-masthead style-default']
2026-01-31 17:56:27.289 [TestNG-test-Yt Master Tests-2] INFO  [verifyingSideMenuCollapsedLangAsInSettings] Clicking language dropdown...
2026-01-31 17:56:27.289 [TestNG-test-Yt Master Tests-2] INFO  [verifyingSideMenuCollapsedLangAsInSettings] [verifyingSideMenuCollapsedLangAsInSettings] Trying to find element: By.xpath: (//div[@id='content-icon'])[2]
2026-01-31 17:56:27.311 [TestNG-test-Yt Master Tests-2] INFO  [verifyingSideMenuCollapsedLangAsInSettings] [verifyingSideMenuCollapsedLangAsInSettings] Element found and ready (attempt 1): By.xpath: (//div[@id='content-icon'])[2]
2026-01-31 17:56:30.832 [TestNG-test-Yt Master Tests-2] INFO  [verifyingSideMenuCollapsedLangAsInSettings] Looking for language element with name: Dansk
2026-01-31 17:56:30.832 [TestNG-test-Yt Master Tests-2] INFO  [verifyingSideMenuCollapsedLangAsInSettings] [verifyingSideMenuCollapsedLangAsInSettings] Trying to find element: By.xpath: //yt-multi-page-menu-section-renderer[@class='style-scope ytd-multi-page-menu-renderer']//yt-formatted-string[@id='label' and text()='Dansk']
2026-01-31 17:56:30.860 [TestNG-test-Yt Master Tests-2] INFO  [verifyingSideMenuCollapsedLangAsInSettings] [verifyingSideMenuCollapsedLangAsInSettings] Element found and ready (attempt 1): By.xpath: //yt-multi-page-menu-section-renderer[@class='style-scope ytd-multi-page-menu-renderer']//yt-formatted-string[@id='label' and text()='Dansk']
2026-01-31 17:56:31.937 [TestNG-test-Yt Master Tests-2] INFO  [verifyingSideMenuCollapsedLangAsInSettings] Clicking settings ellipses button...
2026-01-31 17:56:31.937 [TestNG-test-Yt Master Tests-2] INFO  [verifyingSideMenuCollapsedLangAsInSettings] [verifyingSideMenuCollapsedLangAsInSettings] Trying to find element: By.xpath: //ytd-topbar-menu-button-renderer[@class='style-scope ytd-masthead style-default']
2026-01-31 17:56:32.330 [TestNG-test-Yt Master Tests-2] INFO  [verifyingSideMenuCollapsedLangAsInSettings] [verifyingSideMenuCollapsedLangAsInSettings] Element found and ready (attempt 1): By.xpath: //ytd-topbar-menu-button-renderer[@class='style-scope ytd-masthead style-default']
2026-01-31 17:56:32.638 [TestNG-test-Yt Master Tests-2] INFO  [verifyingSideMenuCollapsedLangAsInSettings] Looking for language element with name: Dansk
2026-01-31 17:56:32.639 [TestNG-test-Yt Master Tests-2] INFO  [verifyingSideMenuCollapsedLangAsInSettings] [verifyingSideMenuCollapsedLangAsInSettings] Waiting until element is visible in viewport
2026-01-31 17:56:42.999 [TestNG-test-Yt Master Tests-2] INFO  [verifyingSideMenuCollapsedLangAsInSettings] [verifyingSideMenuCollapsedLangAsInSettings] Capturing screenshot: Filter Applied is Dansk__2026-01-31_175642.png
2026-01-31 17:56:43.117 [TestNG-test-Yt Master Tests-2] INFO  [verifyingSideMenuCollapsedLangAsInSettings] [verifyingSideMenuCollapsedLangAsInSettings] Screenshot saved at: test-output/screenshots/Run_2026-01-31_17-46-59/verifyingSideMenuCollapsedLangAsInSettings/Filter Applied is Dansk__2026-01-31_175642.png
2026-01-31 17:56:43.117 [TestNG-test-Yt Master Tests-2] INFO  [verifyingSideMenuCollapsedLangAsInSettings] Clicking settings ellipses button...
2026-01-31 17:56:43.117 [TestNG-test-Yt Master Tests-2] INFO  [verifyingSideMenuCollapsedLangAsInSettings] [verifyingSideMenuCollapsedLangAsInSettings] Trying to find element: By.xpath: //ytd-topbar-menu-button-renderer[@class='style-scope ytd-masthead style-default']
2026-01-31 17:56:43.141 [TestNG-test-Yt Master Tests-2] INFO  [verifyingSideMenuCollapsedLangAsInSettings] [verifyingSideMenuCollapsedLangAsInSettings] Element found and ready (attempt 1): By.xpath: //ytd-topbar-menu-button-renderer[@class='style-scope ytd-masthead style-default']
2026-01-31 17:56:43.198 [TestNG-test-Yt Master Tests-2] INFO  [verifyingSideMenuCollapsedLangAsInSettings] getLangAttribute() - locating <html> and reading lang property
2026-01-31 17:56:43.214 [TestNG-test-Yt Master Tests-2] INFO  [verifyingSideMenuCollapsedLangAsInSettings] Language attribute read: da-DK
2026-01-31 17:56:45.215 [TestNG-test-Yt Master Tests-2] INFO  [verifyingSideMenuCollapsedLangAsInSettings] Fetching the side menu in collapsed view
2026-01-31 17:56:45.215 [TestNG-test-Yt Master Tests-2] INFO  [verifyingSideMenuCollapsedLangAsInSettings] [verifyingSideMenuCollapsedLangAsInSettings] Finding elements list: By.xpath: //ytd-mini-guide-renderer[@class='style-scope ytd-app']//ytd-mini-guide-entry-renderer
2026-01-31 17:56:45.270 [TestNG-test-Yt Master Tests-2] INFO  [verifyingSideMenuCollapsedLangAsInSettings] [verifyingSideMenuCollapsedLangAsInSettings] Found 4 ready elements (attempt 1): By.xpath: //ytd-mini-guide-renderer[@class='style-scope ytd-app']//ytd-mini-guide-entry-renderer
2026-01-31 17:56:45.337 [TestNG-test-Yt Master Tests-2] INFO  [verifyingSideMenuCollapsedLangAsInSettings] Clicking settings ellipses button...
2026-01-31 17:56:45.339 [TestNG-test-Yt Master Tests-2] INFO  [verifyingSideMenuCollapsedLangAsInSettings] [verifyingSideMenuCollapsedLangAsInSettings] Trying to find element: By.xpath: //ytd-topbar-menu-button-renderer[@class='style-scope ytd-masthead style-default']
2026-01-31 17:56:45.358 [TestNG-test-Yt Master Tests-2] INFO  [verifyingSideMenuCollapsedLangAsInSettings] [verifyingSideMenuCollapsedLangAsInSettings] Element found and ready (attempt 1): By.xpath: //ytd-topbar-menu-button-renderer[@class='style-scope ytd-masthead style-default']
2026-01-31 17:56:47.420 [TestNG-test-Yt Master Tests-2] INFO  [verifyingSideMenuCollapsedLangAsInSettings] Clicking language dropdown...
2026-01-31 17:56:47.420 [TestNG-test-Yt Master Tests-2] INFO  [verifyingSideMenuCollapsedLangAsInSettings] [verifyingSideMenuCollapsedLangAsInSettings] Trying to find element: By.xpath: (//div[@id='content-icon'])[2]
2026-01-31 17:56:47.443 [TestNG-test-Yt Master Tests-2] INFO  [verifyingSideMenuCollapsedLangAsInSettings] [verifyingSideMenuCollapsedLangAsInSettings] Element found and ready (attempt 1): By.xpath: (//div[@id='content-icon'])[2]
2026-01-31 17:56:50.951 [TestNG-test-Yt Master Tests-2] INFO  [verifyingSideMenuCollapsedLangAsInSettings] Looking for language element with name: Deutsch
2026-01-31 17:56:50.951 [TestNG-test-Yt Master Tests-2] INFO  [verifyingSideMenuCollapsedLangAsInSettings] [verifyingSideMenuCollapsedLangAsInSettings] Trying to find element: By.xpath: //yt-multi-page-menu-section-renderer[@class='style-scope ytd-multi-page-menu-renderer']//yt-formatted-string[@id='label' and text()='Deutsch']
2026-01-31 17:56:50.976 [TestNG-test-Yt Master Tests-2] INFO  [verifyingSideMenuCollapsedLangAsInSettings] [verifyingSideMenuCollapsedLangAsInSettings] Element found and ready (attempt 1): By.xpath: //yt-multi-page-menu-section-renderer[@class='style-scope ytd-multi-page-menu-renderer']//yt-formatted-string[@id='label' and text()='Deutsch']
2026-01-31 17:56:51.988 [TestNG-test-Yt Master Tests-2] INFO  [verifyingSideMenuCollapsedLangAsInSettings] Clicking settings ellipses button...
2026-01-31 17:56:51.988 [TestNG-test-Yt Master Tests-2] INFO  [verifyingSideMenuCollapsedLangAsInSettings] [verifyingSideMenuCollapsedLangAsInSettings] Trying to find element: By.xpath: //ytd-topbar-menu-button-renderer[@class='style-scope ytd-masthead style-default']
2026-01-31 17:56:52.350 [TestNG-test-Yt Master Tests-2] INFO  [verifyingSideMenuCollapsedLangAsInSettings] [verifyingSideMenuCollapsedLangAsInSettings] Element found and ready (attempt 1): By.xpath: //ytd-topbar-menu-button-renderer[@class='style-scope ytd-masthead style-default']
2026-01-31 17:56:52.584 [TestNG-test-Yt Master Tests-2] INFO  [verifyingSideMenuCollapsedLangAsInSettings] Looking for language element with name: Deutsch
2026-01-31 17:56:52.584 [TestNG-test-Yt Master Tests-2] INFO  [verifyingSideMenuCollapsedLangAsInSettings] [verifyingSideMenuCollapsedLangAsInSettings] Waiting until element is visible in viewport
2026-01-31 17:57:02.855 [TestNG-test-Yt Master Tests-2] INFO  [verifyingSideMenuCollapsedLangAsInSettings] [verifyingSideMenuCollapsedLangAsInSettings] Capturing screenshot: Filter Applied is Deutsch__2026-01-31_175702.png
2026-01-31 17:57:02.934 [TestNG-test-Yt Master Tests-2] INFO  [verifyingSideMenuCollapsedLangAsInSettings] [verifyingSideMenuCollapsedLangAsInSettings] Screenshot saved at: test-output/screenshots/Run_2026-01-31_17-46-59/verifyingSideMenuCollapsedLangAsInSettings/Filter Applied is Deutsch__2026-01-31_175702.png
2026-01-31 17:57:02.934 [TestNG-test-Yt Master Tests-2] INFO  [verifyingSideMenuCollapsedLangAsInSettings] Clicking settings ellipses button...
2026-01-31 17:57:02.934 [TestNG-test-Yt Master Tests-2] INFO  [verifyingSideMenuCollapsedLangAsInSettings] [verifyingSideMenuCollapsedLangAsInSettings] Trying to find element: By.xpath: //ytd-topbar-menu-button-renderer[@class='style-scope ytd-masthead style-default']
2026-01-31 17:57:02.954 [TestNG-test-Yt Master Tests-2] INFO  [verifyingSideMenuCollapsedLangAsInSettings] [verifyingSideMenuCollapsedLangAsInSettings] Element found and ready (attempt 1): By.xpath: //ytd-topbar-menu-button-renderer[@class='style-scope ytd-masthead style-default']
2026-01-31 17:57:03.006 [TestNG-test-Yt Master Tests-2] INFO  [verifyingSideMenuCollapsedLangAsInSettings] getLangAttribute() - locating <html> and reading lang property
2026-01-31 17:57:03.020 [TestNG-test-Yt Master Tests-2] INFO  [verifyingSideMenuCollapsedLangAsInSettings] Language attribute read: de-DE
2026-01-31 17:57:05.020 [TestNG-test-Yt Master Tests-2] INFO  [verifyingSideMenuCollapsedLangAsInSettings] Fetching the side menu in collapsed view
2026-01-31 17:57:05.020 [TestNG-test-Yt Master Tests-2] INFO  [verifyingSideMenuCollapsedLangAsInSettings] [verifyingSideMenuCollapsedLangAsInSettings] Finding elements list: By.xpath: //ytd-mini-guide-renderer[@class='style-scope ytd-app']//ytd-mini-guide-entry-renderer
2026-01-31 17:57:05.078 [TestNG-test-Yt Master Tests-2] INFO  [verifyingSideMenuCollapsedLangAsInSettings] [verifyingSideMenuCollapsedLangAsInSettings] Found 4 ready elements (attempt 1): By.xpath: //ytd-mini-guide-renderer[@class='style-scope ytd-app']//ytd-mini-guide-entry-renderer
2026-01-31 17:57:05.146 [TestNG-test-Yt Master Tests-2] INFO  [verifyingSideMenuCollapsedLangAsInSettings] Clicking settings ellipses button...
2026-01-31 17:57:05.146 [TestNG-test-Yt Master Tests-2] INFO  [verifyingSideMenuCollapsedLangAsInSettings] [verifyingSideMenuCollapsedLangAsInSettings] Trying to find element: By.xpath: //ytd-topbar-menu-button-renderer[@class='style-scope ytd-masthead style-default']
2026-01-31 17:57:05.165 [TestNG-test-Yt Master Tests-2] INFO  [verifyingSideMenuCollapsedLangAsInSettings] [verifyingSideMenuCollapsedLangAsInSettings] Element found and ready (attempt 1): By.xpath: //ytd-topbar-menu-button-renderer[@class='style-scope ytd-masthead style-default']
2026-01-31 17:57:07.228 [TestNG-test-Yt Master Tests-2] INFO  [verifyingSideMenuCollapsedLangAsInSettings] Clicking language dropdown...
2026-01-31 17:57:07.228 [TestNG-test-Yt Master Tests-2] INFO  [verifyingSideMenuCollapsedLangAsInSettings] [verifyingSideMenuCollapsedLangAsInSettings] Trying to find element: By.xpath: (//div[@id='content-icon'])[2]
2026-01-31 17:57:07.250 [TestNG-test-Yt Master Tests-2] INFO  [verifyingSideMenuCollapsedLangAsInSettings] [verifyingSideMenuCollapsedLangAsInSettings] Element found and ready (attempt 1): By.xpath: (//div[@id='content-icon'])[2]
2026-01-31 17:57:10.700 [TestNG-test-Yt Master Tests-2] INFO  [verifyingSideMenuCollapsedLangAsInSettings] Looking for language element with name: Eesti
2026-01-31 17:57:10.700 [TestNG-test-Yt Master Tests-2] INFO  [verifyingSideMenuCollapsedLangAsInSettings] [verifyingSideMenuCollapsedLangAsInSettings] Trying to find element: By.xpath: //yt-multi-page-menu-section-renderer[@class='style-scope ytd-multi-page-menu-renderer']//yt-formatted-string[@id='label' and text()='Eesti']
2026-01-31 17:57:10.732 [TestNG-test-Yt Master Tests-2] INFO  [verifyingSideMenuCollapsedLangAsInSettings] [verifyingSideMenuCollapsedLangAsInSettings] Element found and ready (attempt 1): By.xpath: //yt-multi-page-menu-section-renderer[@class='style-scope ytd-multi-page-menu-renderer']//yt-formatted-string[@id='label' and text()='Eesti']
2026-01-31 17:57:11.944 [TestNG-test-Yt Master Tests-2] INFO  [verifyingSideMenuCollapsedLangAsInSettings] Clicking settings ellipses button...
2026-01-31 17:57:11.945 [TestNG-test-Yt Master Tests-2] INFO  [verifyingSideMenuCollapsedLangAsInSettings] [verifyingSideMenuCollapsedLangAsInSettings] Trying to find element: By.xpath: //ytd-topbar-menu-button-renderer[@class='style-scope ytd-masthead style-default']
2026-01-31 17:57:12.285 [TestNG-test-Yt Master Tests-2] INFO  [verifyingSideMenuCollapsedLangAsInSettings] [verifyingSideMenuCollapsedLangAsInSettings] Element found and ready (attempt 1): By.xpath: //ytd-topbar-menu-button-renderer[@class='style-scope ytd-masthead style-default']
2026-01-31 17:57:12.490 [TestNG-test-Yt Master Tests-2] INFO  [verifyingSideMenuCollapsedLangAsInSettings] Looking for language element with name: Eesti
2026-01-31 17:57:12.490 [TestNG-test-Yt Master Tests-2] INFO  [verifyingSideMenuCollapsedLangAsInSettings] [verifyingSideMenuCollapsedLangAsInSettings] Waiting until element is visible in viewport
2026-01-31 17:57:22.675 [TestNG-test-Yt Master Tests-2] INFO  [verifyingSideMenuCollapsedLangAsInSettings] [verifyingSideMenuCollapsedLangAsInSettings] Capturing screenshot: Filter Applied is Eesti__2026-01-31_175722.png
2026-01-31 17:57:22.757 [TestNG-test-Yt Master Tests-2] INFO  [verifyingSideMenuCollapsedLangAsInSettings] [verifyingSideMenuCollapsedLangAsInSettings] Screenshot saved at: test-output/screenshots/Run_2026-01-31_17-46-59/verifyingSideMenuCollapsedLangAsInSettings/Filter Applied is Eesti__2026-01-31_175722.png
2026-01-31 17:57:22.757 [TestNG-test-Yt Master Tests-2] INFO  [verifyingSideMenuCollapsedLangAsInSettings] Clicking settings ellipses button...
2026-01-31 17:57:22.757 [TestNG-test-Yt Master Tests-2] INFO  [verifyingSideMenuCollapsedLangAsInSettings] [verifyingSideMenuCollapsedLangAsInSettings] Trying to find element: By.xpath: //ytd-topbar-menu-button-renderer[@class='style-scope ytd-masthead style-default']
2026-01-31 17:57:22.779 [TestNG-test-Yt Master Tests-2] INFO  [verifyingSideMenuCollapsedLangAsInSettings] [verifyingSideMenuCollapsedLangAsInSettings] Element found and ready (attempt 1): By.xpath: //ytd-topbar-menu-button-renderer[@class='style-scope ytd-masthead style-default']
2026-01-31 17:57:22.832 [TestNG-test-Yt Master Tests-2] INFO  [verifyingSideMenuCollapsedLangAsInSettings] getLangAttribute() - locating <html> and reading lang property
2026-01-31 17:57:22.847 [TestNG-test-Yt Master Tests-2] INFO  [verifyingSideMenuCollapsedLangAsInSettings] Language attribute read: et-EE
2026-01-31 17:57:24.850 [TestNG-test-Yt Master Tests-2] INFO  [verifyingSideMenuCollapsedLangAsInSettings] Fetching the side menu in collapsed view
2026-01-31 17:57:24.850 [TestNG-test-Yt Master Tests-2] INFO  [verifyingSideMenuCollapsedLangAsInSettings] [verifyingSideMenuCollapsedLangAsInSettings] Finding elements list: By.xpath: //ytd-mini-guide-renderer[@class='style-scope ytd-app']//ytd-mini-guide-entry-renderer
2026-01-31 17:57:24.906 [TestNG-test-Yt Master Tests-2] INFO  [verifyingSideMenuCollapsedLangAsInSettings] [verifyingSideMenuCollapsedLangAsInSettings] Found 4 ready elements (attempt 1): By.xpath: //ytd-mini-guide-renderer[@class='style-scope ytd-app']//ytd-mini-guide-entry-renderer
2026-01-31 17:57:24.975 [TestNG-test-Yt Master Tests-2] INFO  [verifyingSideMenuCollapsedLangAsInSettings] Clicking settings ellipses button...
2026-01-31 17:57:24.975 [TestNG-test-Yt Master Tests-2] INFO  [verifyingSideMenuCollapsedLangAsInSettings] [verifyingSideMenuCollapsedLangAsInSettings] Trying to find element: By.xpath: //ytd-topbar-menu-button-renderer[@class='style-scope ytd-masthead style-default']
2026-01-31 17:57:24.994 [TestNG-test-Yt Master Tests-2] INFO  [verifyingSideMenuCollapsedLangAsInSettings] [verifyingSideMenuCollapsedLangAsInSettings] Element found and ready (attempt 1): By.xpath: //ytd-topbar-menu-button-renderer[@class='style-scope ytd-masthead style-default']
2026-01-31 17:57:27.061 [TestNG-test-Yt Master Tests-2] INFO  [verifyingSideMenuCollapsedLangAsInSettings] Clicking language dropdown...
2026-01-31 17:57:27.061 [TestNG-test-Yt Master Tests-2] INFO  [verifyingSideMenuCollapsedLangAsInSettings] [verifyingSideMenuCollapsedLangAsInSettings] Trying to find element: By.xpath: (//div[@id='content-icon'])[2]
2026-01-31 17:57:27.083 [TestNG-test-Yt Master Tests-2] INFO  [verifyingSideMenuCollapsedLangAsInSettings] [verifyingSideMenuCollapsedLangAsInSettings] Element found and ready (attempt 1): By.xpath: (//div[@id='content-icon'])[2]
2026-01-31 17:57:30.577 [TestNG-test-Yt Master Tests-2] INFO  [verifyingSideMenuCollapsedLangAsInSettings] Looking for language element with name: English (India)
2026-01-31 17:57:30.577 [TestNG-test-Yt Master Tests-2] INFO  [verifyingSideMenuCollapsedLangAsInSettings] [verifyingSideMenuCollapsedLangAsInSettings] Trying to find element: By.xpath: //yt-multi-page-menu-section-renderer[@class='style-scope ytd-multi-page-menu-renderer']//yt-formatted-string[@id='label' and text()='English (India)']
2026-01-31 17:57:30.607 [TestNG-test-Yt Master Tests-2] INFO  [verifyingSideMenuCollapsedLangAsInSettings] [verifyingSideMenuCollapsedLangAsInSettings] Element found and ready (attempt 1): By.xpath: //yt-multi-page-menu-section-renderer[@class='style-scope ytd-multi-page-menu-renderer']//yt-formatted-string[@id='label' and text()='English (India)']
2026-01-31 17:57:31.698 [TestNG-test-Yt Master Tests-2] INFO  [verifyingSideMenuCollapsedLangAsInSettings] Clicking settings ellipses button...
2026-01-31 17:57:31.698 [TestNG-test-Yt Master Tests-2] INFO  [verifyingSideMenuCollapsedLangAsInSettings] [verifyingSideMenuCollapsedLangAsInSettings] Trying to find element: By.xpath: //ytd-topbar-menu-button-renderer[@class='style-scope ytd-masthead style-default']
2026-01-31 17:57:32.070 [TestNG-test-Yt Master Tests-2] INFO  [verifyingSideMenuCollapsedLangAsInSettings] [verifyingSideMenuCollapsedLangAsInSettings] Element found and ready (attempt 1): By.xpath: //ytd-topbar-menu-button-renderer[@class='style-scope ytd-masthead style-default']
2026-01-31 17:57:32.344 [TestNG-test-Yt Master Tests-2] INFO  [verifyingSideMenuCollapsedLangAsInSettings] Looking for language element with name: English (India)
2026-01-31 17:57:32.344 [TestNG-test-Yt Master Tests-2] INFO  [verifyingSideMenuCollapsedLangAsInSettings] [verifyingSideMenuCollapsedLangAsInSettings] Waiting until element is visible in viewport
2026-01-31 17:57:42.637 [TestNG-test-Yt Master Tests-2] INFO  [verifyingSideMenuCollapsedLangAsInSettings] [verifyingSideMenuCollapsedLangAsInSettings] Capturing screenshot: Filter Applied is English (India)__2026-01-31_175742.png
2026-01-31 17:57:42.735 [TestNG-test-Yt Master Tests-2] INFO  [verifyingSideMenuCollapsedLangAsInSettings] [verifyingSideMenuCollapsedLangAsInSettings] Screenshot saved at: test-output/screenshots/Run_2026-01-31_17-46-59/verifyingSideMenuCollapsedLangAsInSettings/Filter Applied is English (India)__2026-01-31_175742.png
2026-01-31 17:57:42.735 [TestNG-test-Yt Master Tests-2] INFO  [verifyingSideMenuCollapsedLangAsInSettings] Clicking settings ellipses button...
2026-01-31 17:57:42.735 [TestNG-test-Yt Master Tests-2] INFO  [verifyingSideMenuCollapsedLangAsInSettings] [verifyingSideMenuCollapsedLangAsInSettings] Trying to find element: By.xpath: //ytd-topbar-menu-button-renderer[@class='style-scope ytd-masthead style-default']
2026-01-31 17:57:42.756 [TestNG-test-Yt Master Tests-2] INFO  [verifyingSideMenuCollapsedLangAsInSettings] [verifyingSideMenuCollapsedLangAsInSettings] Element found and ready (attempt 1): By.xpath: //ytd-topbar-menu-button-renderer[@class='style-scope ytd-masthead style-default']
2026-01-31 17:57:42.812 [TestNG-test-Yt Master Tests-2] INFO  [verifyingSideMenuCollapsedLangAsInSettings] getLangAttribute() - locating <html> and reading lang property
2026-01-31 17:57:42.828 [TestNG-test-Yt Master Tests-2] INFO  [verifyingSideMenuCollapsedLangAsInSettings] Language attribute read: en-IN
2026-01-31 17:57:44.829 [TestNG-test-Yt Master Tests-2] INFO  [verifyingSideMenuCollapsedLangAsInSettings] Fetching the side menu in collapsed view
2026-01-31 17:57:44.829 [TestNG-test-Yt Master Tests-2] INFO  [verifyingSideMenuCollapsedLangAsInSettings] [verifyingSideMenuCollapsedLangAsInSettings] Finding elements list: By.xpath: //ytd-mini-guide-renderer[@class='style-scope ytd-app']//ytd-mini-guide-entry-renderer
2026-01-31 17:57:44.889 [TestNG-test-Yt Master Tests-2] INFO  [verifyingSideMenuCollapsedLangAsInSettings] [verifyingSideMenuCollapsedLangAsInSettings] Found 4 ready elements (attempt 1): By.xpath: //ytd-mini-guide-renderer[@class='style-scope ytd-app']//ytd-mini-guide-entry-renderer
2026-01-31 17:57:44.960 [TestNG-test-Yt Master Tests-2] INFO  [verifyingSideMenuCollapsedLangAsInSettings] Clicking settings ellipses button...
2026-01-31 17:57:44.960 [TestNG-test-Yt Master Tests-2] INFO  [verifyingSideMenuCollapsedLangAsInSettings] [verifyingSideMenuCollapsedLangAsInSettings] Trying to find element: By.xpath: //ytd-topbar-menu-button-renderer[@class='style-scope ytd-masthead style-default']
2026-01-31 17:57:44.980 [TestNG-test-Yt Master Tests-2] INFO  [verifyingSideMenuCollapsedLangAsInSettings] [verifyingSideMenuCollapsedLangAsInSettings] Element found and ready (attempt 1): By.xpath: //ytd-topbar-menu-button-renderer[@class='style-scope ytd-masthead style-default']
2026-01-31 17:57:47.055 [TestNG-test-Yt Master Tests-2] INFO  [verifyingSideMenuCollapsedLangAsInSettings] Clicking language dropdown...
2026-01-31 17:57:47.056 [TestNG-test-Yt Master Tests-2] INFO  [verifyingSideMenuCollapsedLangAsInSettings] [verifyingSideMenuCollapsedLangAsInSettings] Trying to find element: By.xpath: (//div[@id='content-icon'])[2]
2026-01-31 17:57:47.171 [TestNG-test-Yt Master Tests-2] INFO  [verifyingSideMenuCollapsedLangAsInSettings] [verifyingSideMenuCollapsedLangAsInSettings] Element found and ready (attempt 1): By.xpath: (//div[@id='content-icon'])[2]
2026-01-31 17:57:49.796 [TestNG-test-Yt Master Tests-2] INFO  [verifyingSideMenuCollapsedLangAsInSettings] [verifyingSideMenuCollapsedLangAsInSettings] Not retrying test 'verifyingSideMenuCollapsedLangAsInSettings'. Retry count: 0, Cause: The following asserts failed:
	Mismatch in the Expected and actual Data expected [Tuis Kortvideo's Intekeninge Myne] but found [Tuis Kortvideo's Intekeninge Myne ],
	Mismatch in the Expected and actual Data expected [Ev Shorts Abunəliklər Siz] but found [Ev Shorts Abunəliklər Siz ],
	Mismatch in the Expected and actual Data expected [Beranda Shorts Subscription Anda] but found [Beranda Shorts Subscription Anda ],
	Mismatch in the Expected and actual Data expected [Početna stranica Shorts Pretplate Vi] but found [Početna stranica Shorts Pretplate Vi ],
	Mismatch in the Expected and actual Data expected [Inici YouTube Shorts Subscripcions Tu] but found [Inici YouTube Shorts Subscripcions Tu ],
	Mismatch in the Expected and actual Data expected [Start Shorts Abonnementer Dig] but found [Start Shorts Abonnementer Dig ],
	Mismatch in the Expected and actual Data expected [Startseite Shorts Abos Mein YouTube] but found [Startseite Shorts Abos Mein YouTube ],
	Mismatch in the Expected and actual Data expected [Avaleht Shorts Tellimused Teie] but found [Avaleht Shorts Tellimused Teie ],
	Mismatch in the Expected and actual Data expected [Home Shorts Subscriptions You] but found [Home Shorts Subscriptions You ]
2026-01-31 17:57:49.802 [TestNG-test-Yt Master Tests-2] ERROR [verifyingSideMenuCollapsedLangAsInSettings] Test FAILED: verifyingSideMenuCollapsedLangAsInSettings - java.lang.AssertionError: The following asserts failed:
	Mismatch in the Expected and actual Data expected [Tuis Kortvideo's Intekeninge Myne] but found [Tuis Kortvideo's Intekeninge Myne ],
	Mismatch in the Expected and actual Data expected [Ev Shorts Abunəliklər Siz] but found [Ev Shorts Abunəliklər Siz ],
	Mismatch in the Expected and actual Data expected [Beranda Shorts Subscription Anda] but found [Beranda Shorts Subscription Anda ],
	Mismatch in the Expected and actual Data expected [Početna stranica Shorts Pretplate Vi] but found [Početna stranica Shorts Pretplate Vi ],
	Mismatch in the Expected and actual Data expected [Inici YouTube Shorts Subscripcions Tu] but found [Inici YouTube Shorts Subscripcions Tu ],
	Mismatch in the Expected and actual Data expected [Start Shorts Abonnementer Dig] but found [Start Shorts Abonnementer Dig ],
	Mismatch in the Expected and actual Data expected [Startseite Shorts Abos Mein YouTube] but found [Startseite Shorts Abos Mein YouTube ],
	Mismatch in the Expected and actual Data expected [Avaleht Shorts Tellimused Teie] but found [Avaleht Shorts Tellimused Teie ],
	Mismatch in the Expected and actual Data expected [Home Shorts Subscriptions You] but found [Home Shorts Subscriptions You ]
2026-01-31 17:57:49.802 [TestNG-test-Yt Master Tests-2] INFO  [verifyingSideMenuCollapsedLangAsInSettings] Closing WebDriver for thread: 35
2026-01-31 17:57:50.307 [TestNG-test-Yt Master Tests-2] INFO  [verifyingSideMenuCollapsedLangAsInSettings] WebDriver instance removed from ThreadLocal for thread: 35
2026-01-31 17:57:50.308 [TestNG-test-Yt Master Tests-2] INFO  [verifyingSideMenuCollapsedLangAsInSettings] Driver closed for test: verifyingSideMenuCollapsedLangAsInSettings
