2026-02-03 17:13:07.797 [TestNG-test-Yt Master Tests-1] INFO  [verifyingSideMenuLanguageAsInSettings] ===== STARTING TEST: verifyingSideMenuLanguageAsInSettings  | Thread: 34 =====
2026-02-03 17:13:07.804 [TestNG-test-Yt Master Tests-1] INFO  [verifyingSideMenuLanguageAsInSettings] No existing WebDriver found for current thread. Initializing a new ChromeDriver...
2026-02-03 17:13:07.821 [TestNG-test-Yt Master Tests-1] INFO  [verifyingSideMenuLanguageAsInSettings] WebDriverManager: chromedriver setup OK
2026-02-03 17:13:10.252 [TestNG-test-Yt Master Tests-1] INFO  [verifyingSideMenuLanguageAsInSettings] ChromeDriver initialized successfully for thread: 34
2026-02-03 17:13:10.252 [TestNG-test-Yt Master Tests-1] INFO  [verifyingSideMenuLanguageAsInSettings] Driver initialized successfully for test: verifyingSideMenuLanguageAsInSettings
2026-02-03 17:13:10.254 [TestNG-test-Yt Master Tests-1] INFO  [verifyingSideMenuLanguageAsInSettings] SafeActions initialized with driver ChromeDriver: chrome on windows (2ce8cce6ba19843c5b4b9f0e7c0386a3)
2026-02-03 17:13:10.254 [TestNG-test-Yt Master Tests-1] INFO  [verifyingSideMenuLanguageAsInSettings] Initialized YtLandingPage with driver: ChromeDriver: chrome on windows (2ce8cce6ba19843c5b4b9f0e7c0386a3)
2026-02-03 17:13:10.254 [TestNG-test-Yt Master Tests-1] INFO  [verifyingSideMenuLanguageAsInSettings] SafeActions initialized with driver ChromeDriver: chrome on windows (2ce8cce6ba19843c5b4b9f0e7c0386a3)
2026-02-03 17:13:14.657 [TestNG-test-Yt Master Tests-1] INFO  [verifyingSideMenuLanguageAsInSettings] Opened YouTube landing page.
2026-02-03 17:13:14.658 [TestNG-test-Yt Master Tests-1] INFO  [verifyingSideMenuLanguageAsInSettings] Clicking settings ellipses button...
2026-02-03 17:13:14.658 [TestNG-test-Yt Master Tests-1] INFO  [verifyingSideMenuLanguageAsInSettings] [verifyingSideMenuLanguageAsInSettings] Trying to find element: By.xpath: //ytd-topbar-menu-button-renderer[@class='style-scope ytd-masthead style-default']
2026-02-03 17:13:14.933 [TestNG-test-Yt Master Tests-1] INFO  [verifyingSideMenuLanguageAsInSettings] [verifyingSideMenuLanguageAsInSettings] Element found and ready (attempt 1): By.xpath: //ytd-topbar-menu-button-renderer[@class='style-scope ytd-masthead style-default']
2026-02-03 17:13:17.545 [TestNG-test-Yt Master Tests-1] INFO  [verifyingSideMenuLanguageAsInSettings] Clicking language dropdown...
2026-02-03 17:13:17.545 [TestNG-test-Yt Master Tests-1] INFO  [verifyingSideMenuLanguageAsInSettings] [verifyingSideMenuLanguageAsInSettings] Trying to find element: By.xpath: (//div[@id='content-icon'])[2]
2026-02-03 17:13:17.575 [TestNG-test-Yt Master Tests-1] INFO  [verifyingSideMenuLanguageAsInSettings] [verifyingSideMenuLanguageAsInSettings] Element found and ready (attempt 1): By.xpath: (//div[@id='content-icon'])[2]
2026-02-03 17:13:20.198 [TestNG-test-Yt Master Tests-1] INFO  [verifyingSideMenuLanguageAsInSettings] [verifyingSideMenuLanguageAsInSettings] Execution is Not CRON Job Hence refering to normal keys from UtilData
2026-02-03 17:13:20.199 [TestNG-test-Yt Master Tests-1] INFO  [verifyingSideMenuLanguageAsInSettings] [verifyingSideMenuLanguageAsInSettings] Capturing screenshot: Filter Applied is Afrikaans__2026-02-03_171320.png
2026-02-03 17:13:20.406 [TestNG-test-Yt Master Tests-1] INFO  [verifyingSideMenuLanguageAsInSettings] [verifyingSideMenuLanguageAsInSettings] Screenshot saved at: test-output/screenshots/Run_2026-02-03_16-56-21/verifyingSideMenuLanguageAsInSettings/Filter Applied is Afrikaans__2026-02-03_171320.png
2026-02-03 17:13:21.421 [TestNG-test-Yt Master Tests-1] INFO  [verifyingSideMenuLanguageAsInSettings] Looking for language element with name: Afrikaans
2026-02-03 17:13:21.422 [TestNG-test-Yt Master Tests-1] INFO  [verifyingSideMenuLanguageAsInSettings] [verifyingSideMenuLanguageAsInSettings] Trying to find element: By.xpath: //yt-multi-page-menu-section-renderer[@class='style-scope ytd-multi-page-menu-renderer']//yt-formatted-string[@id='label' and text()='Afrikaans']
2026-02-03 17:13:21.599 [TestNG-test-Yt Master Tests-1] INFO  [verifyingSideMenuLanguageAsInSettings] [verifyingSideMenuLanguageAsInSettings] Element found and ready (attempt 1): By.xpath: //yt-multi-page-menu-section-renderer[@class='style-scope ytd-multi-page-menu-renderer']//yt-formatted-string[@id='label' and text()='Afrikaans']
2026-02-03 17:13:24.588 [TestNG-test-Yt Master Tests-1] INFO  [verifyingSideMenuLanguageAsInSettings] Clicking settings ellipses button...
2026-02-03 17:13:24.588 [TestNG-test-Yt Master Tests-1] INFO  [verifyingSideMenuLanguageAsInSettings] [verifyingSideMenuLanguageAsInSettings] Trying to find element: By.xpath: //ytd-topbar-menu-button-renderer[@class='style-scope ytd-masthead style-default']
2026-02-03 17:13:25.083 [TestNG-test-Yt Master Tests-1] INFO  [verifyingSideMenuLanguageAsInSettings] [verifyingSideMenuLanguageAsInSettings] Element found and ready (attempt 1): By.xpath: //ytd-topbar-menu-button-renderer[@class='style-scope ytd-masthead style-default']
2026-02-03 17:13:25.682 [TestNG-test-Yt Master Tests-1] INFO  [verifyingSideMenuLanguageAsInSettings] Looking for language element with name: Afrikaans
2026-02-03 17:13:25.682 [TestNG-test-Yt Master Tests-1] INFO  [verifyingSideMenuLanguageAsInSettings] [verifyingSideMenuLanguageAsInSettings] Waiting until element is visible in viewport
2026-02-03 17:13:35.971 [TestNG-test-Yt Master Tests-1] INFO  [verifyingSideMenuLanguageAsInSettings] [verifyingSideMenuLanguageAsInSettings] Capturing screenshot: Filter Applied is Afrikaans__2026-02-03_171335.png
2026-02-03 17:13:36.131 [TestNG-test-Yt Master Tests-1] INFO  [verifyingSideMenuLanguageAsInSettings] [verifyingSideMenuLanguageAsInSettings] Screenshot saved at: test-output/screenshots/Run_2026-02-03_16-56-21/verifyingSideMenuLanguageAsInSettings/Filter Applied is Afrikaans__2026-02-03_171335.png
2026-02-03 17:13:36.131 [TestNG-test-Yt Master Tests-1] INFO  [verifyingSideMenuLanguageAsInSettings] Clicking settings ellipses button...
2026-02-03 17:13:36.131 [TestNG-test-Yt Master Tests-1] INFO  [verifyingSideMenuLanguageAsInSettings] [verifyingSideMenuLanguageAsInSettings] Trying to find element: By.xpath: //ytd-topbar-menu-button-renderer[@class='style-scope ytd-masthead style-default']
2026-02-03 17:13:36.164 [TestNG-test-Yt Master Tests-1] INFO  [verifyingSideMenuLanguageAsInSettings] [verifyingSideMenuLanguageAsInSettings] Element found and ready (attempt 1): By.xpath: //ytd-topbar-menu-button-renderer[@class='style-scope ytd-masthead style-default']
2026-02-03 17:13:38.231 [TestNG-test-Yt Master Tests-1] INFO  [verifyingSideMenuLanguageAsInSettings] Fetching the side menu in expanded view
2026-02-03 17:13:38.231 [TestNG-test-Yt Master Tests-1] INFO  [verifyingSideMenuLanguageAsInSettings] [verifyingSideMenuLanguageAsInSettings] Finding elements list: By.xpath: //ytd-guide-entry-renderer[@class='style-scope ytd-guide-section-renderer']
2026-02-03 17:13:38.518 [TestNG-test-Yt Master Tests-1] INFO  [verifyingSideMenuLanguageAsInSettings] [verifyingSideMenuLanguageAsInSettings] Found 16 ready elements (attempt 1): By.xpath: //ytd-guide-entry-renderer[@class='style-scope ytd-guide-section-renderer']
2026-02-03 17:13:39.056 [TestNG-test-Yt Master Tests-1] INFO  [verifyingSideMenuLanguageAsInSettings] Clicking settings ellipses button...
2026-02-03 17:13:39.056 [TestNG-test-Yt Master Tests-1] INFO  [verifyingSideMenuLanguageAsInSettings] [verifyingSideMenuLanguageAsInSettings] Trying to find element: By.xpath: //ytd-topbar-menu-button-renderer[@class='style-scope ytd-masthead style-default']
2026-02-03 17:13:39.078 [TestNG-test-Yt Master Tests-1] INFO  [verifyingSideMenuLanguageAsInSettings] [verifyingSideMenuLanguageAsInSettings] Element found and ready (attempt 1): By.xpath: //ytd-topbar-menu-button-renderer[@class='style-scope ytd-masthead style-default']
2026-02-03 17:13:41.148 [TestNG-test-Yt Master Tests-1] INFO  [verifyingSideMenuLanguageAsInSettings] Clicking language dropdown...
2026-02-03 17:13:41.148 [TestNG-test-Yt Master Tests-1] INFO  [verifyingSideMenuLanguageAsInSettings] [verifyingSideMenuLanguageAsInSettings] Trying to find element: By.xpath: (//div[@id='content-icon'])[2]
2026-02-03 17:13:41.171 [TestNG-test-Yt Master Tests-1] INFO  [verifyingSideMenuLanguageAsInSettings] [verifyingSideMenuLanguageAsInSettings] Element found and ready (attempt 1): By.xpath: (//div[@id='content-icon'])[2]
2026-02-03 17:13:43.500 [TestNG-test-Yt Master Tests-1] INFO  [verifyingSideMenuLanguageAsInSettings] [verifyingSideMenuLanguageAsInSettings] Capturing screenshot: Filter Applied is Azərbaycan__2026-02-03_171343.png
2026-02-03 17:13:43.682 [TestNG-test-Yt Master Tests-1] INFO  [verifyingSideMenuLanguageAsInSettings] [verifyingSideMenuLanguageAsInSettings] Screenshot saved at: test-output/screenshots/Run_2026-02-03_16-56-21/verifyingSideMenuLanguageAsInSettings/Filter Applied is Azərbaycan__2026-02-03_171343.png
2026-02-03 17:13:44.683 [TestNG-test-Yt Master Tests-1] INFO  [verifyingSideMenuLanguageAsInSettings] Looking for language element with name: Azərbaycan
2026-02-03 17:13:44.683 [TestNG-test-Yt Master Tests-1] INFO  [verifyingSideMenuLanguageAsInSettings] [verifyingSideMenuLanguageAsInSettings] Trying to find element: By.xpath: //yt-multi-page-menu-section-renderer[@class='style-scope ytd-multi-page-menu-renderer']//yt-formatted-string[@id='label' and text()='Azərbaycan']
2026-02-03 17:13:44.719 [TestNG-test-Yt Master Tests-1] INFO  [verifyingSideMenuLanguageAsInSettings] [verifyingSideMenuLanguageAsInSettings] Element found and ready (attempt 1): By.xpath: //yt-multi-page-menu-section-renderer[@class='style-scope ytd-multi-page-menu-renderer']//yt-formatted-string[@id='label' and text()='Azərbaycan']
2026-02-03 17:13:47.264 [TestNG-test-Yt Master Tests-1] INFO  [verifyingSideMenuLanguageAsInSettings] Clicking settings ellipses button...
2026-02-03 17:13:47.264 [TestNG-test-Yt Master Tests-1] INFO  [verifyingSideMenuLanguageAsInSettings] [verifyingSideMenuLanguageAsInSettings] Trying to find element: By.xpath: //ytd-topbar-menu-button-renderer[@class='style-scope ytd-masthead style-default']
2026-02-03 17:13:47.551 [TestNG-test-Yt Master Tests-1] INFO  [verifyingSideMenuLanguageAsInSettings] [verifyingSideMenuLanguageAsInSettings] Element found and ready (attempt 1): By.xpath: //ytd-topbar-menu-button-renderer[@class='style-scope ytd-masthead style-default']
2026-02-03 17:13:47.899 [TestNG-test-Yt Master Tests-1] INFO  [verifyingSideMenuLanguageAsInSettings] Looking for language element with name: Azərbaycan
2026-02-03 17:13:47.899 [TestNG-test-Yt Master Tests-1] INFO  [verifyingSideMenuLanguageAsInSettings] [verifyingSideMenuLanguageAsInSettings] Waiting until element is visible in viewport
2026-02-03 17:13:58.267 [TestNG-test-Yt Master Tests-1] INFO  [verifyingSideMenuLanguageAsInSettings] [verifyingSideMenuLanguageAsInSettings] Capturing screenshot: Filter Applied is Azərbaycan__2026-02-03_171358.png
2026-02-03 17:13:58.410 [TestNG-test-Yt Master Tests-1] INFO  [verifyingSideMenuLanguageAsInSettings] [verifyingSideMenuLanguageAsInSettings] Screenshot saved at: test-output/screenshots/Run_2026-02-03_16-56-21/verifyingSideMenuLanguageAsInSettings/Filter Applied is Azərbaycan__2026-02-03_171358.png
2026-02-03 17:13:58.410 [TestNG-test-Yt Master Tests-1] INFO  [verifyingSideMenuLanguageAsInSettings] Clicking settings ellipses button...
2026-02-03 17:13:58.410 [TestNG-test-Yt Master Tests-1] INFO  [verifyingSideMenuLanguageAsInSettings] [verifyingSideMenuLanguageAsInSettings] Trying to find element: By.xpath: //ytd-topbar-menu-button-renderer[@class='style-scope ytd-masthead style-default']
2026-02-03 17:13:58.432 [TestNG-test-Yt Master Tests-1] INFO  [verifyingSideMenuLanguageAsInSettings] [verifyingSideMenuLanguageAsInSettings] Element found and ready (attempt 1): By.xpath: //ytd-topbar-menu-button-renderer[@class='style-scope ytd-masthead style-default']
2026-02-03 17:14:00.489 [TestNG-test-Yt Master Tests-1] INFO  [verifyingSideMenuLanguageAsInSettings] Fetching the side menu in expanded view
2026-02-03 17:14:00.489 [TestNG-test-Yt Master Tests-1] INFO  [verifyingSideMenuLanguageAsInSettings] [verifyingSideMenuLanguageAsInSettings] Finding elements list: By.xpath: //ytd-guide-entry-renderer[@class='style-scope ytd-guide-section-renderer']
2026-02-03 17:14:00.722 [TestNG-test-Yt Master Tests-1] INFO  [verifyingSideMenuLanguageAsInSettings] [verifyingSideMenuLanguageAsInSettings] Found 16 ready elements (attempt 1): By.xpath: //ytd-guide-entry-renderer[@class='style-scope ytd-guide-section-renderer']
2026-02-03 17:14:01.110 [TestNG-test-Yt Master Tests-1] INFO  [verifyingSideMenuLanguageAsInSettings] Clicking settings ellipses button...
2026-02-03 17:14:01.110 [TestNG-test-Yt Master Tests-1] INFO  [verifyingSideMenuLanguageAsInSettings] [verifyingSideMenuLanguageAsInSettings] Trying to find element: By.xpath: //ytd-topbar-menu-button-renderer[@class='style-scope ytd-masthead style-default']
2026-02-03 17:14:01.130 [TestNG-test-Yt Master Tests-1] INFO  [verifyingSideMenuLanguageAsInSettings] [verifyingSideMenuLanguageAsInSettings] Element found and ready (attempt 1): By.xpath: //ytd-topbar-menu-button-renderer[@class='style-scope ytd-masthead style-default']
2026-02-03 17:14:03.196 [TestNG-test-Yt Master Tests-1] INFO  [verifyingSideMenuLanguageAsInSettings] Clicking language dropdown...
2026-02-03 17:14:03.196 [TestNG-test-Yt Master Tests-1] INFO  [verifyingSideMenuLanguageAsInSettings] [verifyingSideMenuLanguageAsInSettings] Trying to find element: By.xpath: (//div[@id='content-icon'])[2]
2026-02-03 17:14:03.216 [TestNG-test-Yt Master Tests-1] INFO  [verifyingSideMenuLanguageAsInSettings] [verifyingSideMenuLanguageAsInSettings] Element found and ready (attempt 1): By.xpath: (//div[@id='content-icon'])[2]
2026-02-03 17:14:05.612 [TestNG-test-Yt Master Tests-1] INFO  [verifyingSideMenuLanguageAsInSettings] [verifyingSideMenuLanguageAsInSettings] Capturing screenshot: Filter Applied is Bahasa Indonesia__2026-02-03_171405.png
2026-02-03 17:14:05.836 [TestNG-test-Yt Master Tests-1] INFO  [verifyingSideMenuLanguageAsInSettings] [verifyingSideMenuLanguageAsInSettings] Screenshot saved at: test-output/screenshots/Run_2026-02-03_16-56-21/verifyingSideMenuLanguageAsInSettings/Filter Applied is Bahasa Indonesia__2026-02-03_171405.png
2026-02-03 17:14:06.837 [TestNG-test-Yt Master Tests-1] INFO  [verifyingSideMenuLanguageAsInSettings] Looking for language element with name: Bahasa Indonesia
2026-02-03 17:14:06.837 [TestNG-test-Yt Master Tests-1] INFO  [verifyingSideMenuLanguageAsInSettings] [verifyingSideMenuLanguageAsInSettings] Trying to find element: By.xpath: //yt-multi-page-menu-section-renderer[@class='style-scope ytd-multi-page-menu-renderer']//yt-formatted-string[@id='label' and text()='Bahasa Indonesia']
2026-02-03 17:14:06.881 [TestNG-test-Yt Master Tests-1] INFO  [verifyingSideMenuLanguageAsInSettings] [verifyingSideMenuLanguageAsInSettings] Element found and ready (attempt 1): By.xpath: //yt-multi-page-menu-section-renderer[@class='style-scope ytd-multi-page-menu-renderer']//yt-formatted-string[@id='label' and text()='Bahasa Indonesia']
2026-02-03 17:14:09.140 [TestNG-test-Yt Master Tests-1] INFO  [verifyingSideMenuLanguageAsInSettings] Clicking settings ellipses button...
2026-02-03 17:14:09.140 [TestNG-test-Yt Master Tests-1] INFO  [verifyingSideMenuLanguageAsInSettings] [verifyingSideMenuLanguageAsInSettings] Trying to find element: By.xpath: //ytd-topbar-menu-button-renderer[@class='style-scope ytd-masthead style-default']
2026-02-03 17:14:09.706 [TestNG-test-Yt Master Tests-1] INFO  [verifyingSideMenuLanguageAsInSettings] [verifyingSideMenuLanguageAsInSettings] Element found and ready (attempt 1): By.xpath: //ytd-topbar-menu-button-renderer[@class='style-scope ytd-masthead style-default']
2026-02-03 17:14:09.818 [TestNG-test-Yt Master Tests-1] INFO  [verifyingSideMenuLanguageAsInSettings] Looking for language element with name: Bahasa Indonesia
2026-02-03 17:14:09.820 [TestNG-test-Yt Master Tests-1] INFO  [verifyingSideMenuLanguageAsInSettings] [verifyingSideMenuLanguageAsInSettings] Waiting until element is visible in viewport
2026-02-03 17:14:20.172 [TestNG-test-Yt Master Tests-1] INFO  [verifyingSideMenuLanguageAsInSettings] [verifyingSideMenuLanguageAsInSettings] Capturing screenshot: Filter Applied is Bahasa Indonesia__2026-02-03_171420.png
2026-02-03 17:14:20.293 [TestNG-test-Yt Master Tests-1] INFO  [verifyingSideMenuLanguageAsInSettings] [verifyingSideMenuLanguageAsInSettings] Screenshot saved at: test-output/screenshots/Run_2026-02-03_16-56-21/verifyingSideMenuLanguageAsInSettings/Filter Applied is Bahasa Indonesia__2026-02-03_171420.png
2026-02-03 17:14:20.293 [TestNG-test-Yt Master Tests-1] INFO  [verifyingSideMenuLanguageAsInSettings] Clicking settings ellipses button...
2026-02-03 17:14:20.293 [TestNG-test-Yt Master Tests-1] INFO  [verifyingSideMenuLanguageAsInSettings] [verifyingSideMenuLanguageAsInSettings] Trying to find element: By.xpath: //ytd-topbar-menu-button-renderer[@class='style-scope ytd-masthead style-default']
2026-02-03 17:14:20.314 [TestNG-test-Yt Master Tests-1] INFO  [verifyingSideMenuLanguageAsInSettings] [verifyingSideMenuLanguageAsInSettings] Element found and ready (attempt 1): By.xpath: //ytd-topbar-menu-button-renderer[@class='style-scope ytd-masthead style-default']
2026-02-03 17:14:22.416 [TestNG-test-Yt Master Tests-1] INFO  [verifyingSideMenuLanguageAsInSettings] Fetching the side menu in expanded view
2026-02-03 17:14:22.416 [TestNG-test-Yt Master Tests-1] INFO  [verifyingSideMenuLanguageAsInSettings] [verifyingSideMenuLanguageAsInSettings] Finding elements list: By.xpath: //ytd-guide-entry-renderer[@class='style-scope ytd-guide-section-renderer']
2026-02-03 17:14:22.626 [TestNG-test-Yt Master Tests-1] INFO  [verifyingSideMenuLanguageAsInSettings] [verifyingSideMenuLanguageAsInSettings] Found 16 ready elements (attempt 1): By.xpath: //ytd-guide-entry-renderer[@class='style-scope ytd-guide-section-renderer']
2026-02-03 17:14:23.034 [TestNG-test-Yt Master Tests-1] INFO  [verifyingSideMenuLanguageAsInSettings] Clicking settings ellipses button...
2026-02-03 17:14:23.034 [TestNG-test-Yt Master Tests-1] INFO  [verifyingSideMenuLanguageAsInSettings] [verifyingSideMenuLanguageAsInSettings] Trying to find element: By.xpath: //ytd-topbar-menu-button-renderer[@class='style-scope ytd-masthead style-default']
2026-02-03 17:14:23.055 [TestNG-test-Yt Master Tests-1] INFO  [verifyingSideMenuLanguageAsInSettings] [verifyingSideMenuLanguageAsInSettings] Element found and ready (attempt 1): By.xpath: //ytd-topbar-menu-button-renderer[@class='style-scope ytd-masthead style-default']
2026-02-03 17:14:25.120 [TestNG-test-Yt Master Tests-1] INFO  [verifyingSideMenuLanguageAsInSettings] Clicking language dropdown...
2026-02-03 17:14:25.120 [TestNG-test-Yt Master Tests-1] INFO  [verifyingSideMenuLanguageAsInSettings] [verifyingSideMenuLanguageAsInSettings] Trying to find element: By.xpath: (//div[@id='content-icon'])[2]
2026-02-03 17:14:25.143 [TestNG-test-Yt Master Tests-1] INFO  [verifyingSideMenuLanguageAsInSettings] [verifyingSideMenuLanguageAsInSettings] Element found and ready (attempt 1): By.xpath: (//div[@id='content-icon'])[2]
2026-02-03 17:14:27.521 [TestNG-test-Yt Master Tests-1] INFO  [verifyingSideMenuLanguageAsInSettings] [verifyingSideMenuLanguageAsInSettings] Capturing screenshot: Filter Applied is Bosanski__2026-02-03_171427.png
2026-02-03 17:14:27.696 [TestNG-test-Yt Master Tests-1] INFO  [verifyingSideMenuLanguageAsInSettings] [verifyingSideMenuLanguageAsInSettings] Screenshot saved at: test-output/screenshots/Run_2026-02-03_16-56-21/verifyingSideMenuLanguageAsInSettings/Filter Applied is Bosanski__2026-02-03_171427.png
2026-02-03 17:14:28.698 [TestNG-test-Yt Master Tests-1] INFO  [verifyingSideMenuLanguageAsInSettings] Looking for language element with name: Bosanski
2026-02-03 17:14:28.698 [TestNG-test-Yt Master Tests-1] INFO  [verifyingSideMenuLanguageAsInSettings] [verifyingSideMenuLanguageAsInSettings] Trying to find element: By.xpath: //yt-multi-page-menu-section-renderer[@class='style-scope ytd-multi-page-menu-renderer']//yt-formatted-string[@id='label' and text()='Bosanski']
2026-02-03 17:14:28.735 [TestNG-test-Yt Master Tests-1] INFO  [verifyingSideMenuLanguageAsInSettings] [verifyingSideMenuLanguageAsInSettings] Element found and ready (attempt 1): By.xpath: //yt-multi-page-menu-section-renderer[@class='style-scope ytd-multi-page-menu-renderer']//yt-formatted-string[@id='label' and text()='Bosanski']
2026-02-03 17:14:30.511 [TestNG-test-Yt Master Tests-1] INFO  [verifyingSideMenuLanguageAsInSettings] Clicking settings ellipses button...
2026-02-03 17:14:30.511 [TestNG-test-Yt Master Tests-1] INFO  [verifyingSideMenuLanguageAsInSettings] [verifyingSideMenuLanguageAsInSettings] Trying to find element: By.xpath: //ytd-topbar-menu-button-renderer[@class='style-scope ytd-masthead style-default']
2026-02-03 17:14:30.892 [TestNG-test-Yt Master Tests-1] INFO  [verifyingSideMenuLanguageAsInSettings] [verifyingSideMenuLanguageAsInSettings] Element found and ready (attempt 1): By.xpath: //ytd-topbar-menu-button-renderer[@class='style-scope ytd-masthead style-default']
2026-02-03 17:14:31.090 [TestNG-test-Yt Master Tests-1] INFO  [verifyingSideMenuLanguageAsInSettings] Looking for language element with name: Bosanski
2026-02-03 17:14:31.090 [TestNG-test-Yt Master Tests-1] INFO  [verifyingSideMenuLanguageAsInSettings] [verifyingSideMenuLanguageAsInSettings] Waiting until element is visible in viewport
2026-02-03 17:14:41.275 [TestNG-test-Yt Master Tests-1] INFO  [verifyingSideMenuLanguageAsInSettings] [verifyingSideMenuLanguageAsInSettings] Capturing screenshot: Filter Applied is Bosanski__2026-02-03_171441.png
2026-02-03 17:14:41.435 [TestNG-test-Yt Master Tests-1] INFO  [verifyingSideMenuLanguageAsInSettings] [verifyingSideMenuLanguageAsInSettings] Screenshot saved at: test-output/screenshots/Run_2026-02-03_16-56-21/verifyingSideMenuLanguageAsInSettings/Filter Applied is Bosanski__2026-02-03_171441.png
2026-02-03 17:14:41.435 [TestNG-test-Yt Master Tests-1] INFO  [verifyingSideMenuLanguageAsInSettings] Clicking settings ellipses button...
2026-02-03 17:14:41.435 [TestNG-test-Yt Master Tests-1] INFO  [verifyingSideMenuLanguageAsInSettings] [verifyingSideMenuLanguageAsInSettings] Trying to find element: By.xpath: //ytd-topbar-menu-button-renderer[@class='style-scope ytd-masthead style-default']
2026-02-03 17:14:41.464 [TestNG-test-Yt Master Tests-1] INFO  [verifyingSideMenuLanguageAsInSettings] [verifyingSideMenuLanguageAsInSettings] Element found and ready (attempt 1): By.xpath: //ytd-topbar-menu-button-renderer[@class='style-scope ytd-masthead style-default']
2026-02-03 17:14:43.771 [TestNG-test-Yt Master Tests-1] INFO  [verifyingSideMenuLanguageAsInSettings] Fetching the side menu in expanded view
2026-02-03 17:14:43.772 [TestNG-test-Yt Master Tests-1] INFO  [verifyingSideMenuLanguageAsInSettings] [verifyingSideMenuLanguageAsInSettings] Finding elements list: By.xpath: //ytd-guide-entry-renderer[@class='style-scope ytd-guide-section-renderer']
2026-02-03 17:14:48.529 [TestNG-test-Yt Master Tests-1] INFO  [verifyingSideMenuLanguageAsInSettings] [verifyingSideMenuLanguageAsInSettings] Found 16 ready elements (attempt 1): By.xpath: //ytd-guide-entry-renderer[@class='style-scope ytd-guide-section-renderer']
2026-02-03 17:14:49.092 [TestNG-test-Yt Master Tests-1] INFO  [verifyingSideMenuLanguageAsInSettings] Clicking settings ellipses button...
2026-02-03 17:14:49.092 [TestNG-test-Yt Master Tests-1] INFO  [verifyingSideMenuLanguageAsInSettings] [verifyingSideMenuLanguageAsInSettings] Trying to find element: By.xpath: //ytd-topbar-menu-button-renderer[@class='style-scope ytd-masthead style-default']
2026-02-03 17:14:49.121 [TestNG-test-Yt Master Tests-1] INFO  [verifyingSideMenuLanguageAsInSettings] [verifyingSideMenuLanguageAsInSettings] Element found and ready (attempt 1): By.xpath: //ytd-topbar-menu-button-renderer[@class='style-scope ytd-masthead style-default']
2026-02-03 17:14:51.840 [TestNG-test-Yt Master Tests-1] INFO  [verifyingSideMenuLanguageAsInSettings] Clicking language dropdown...
2026-02-03 17:14:51.841 [TestNG-test-Yt Master Tests-1] INFO  [verifyingSideMenuLanguageAsInSettings] [verifyingSideMenuLanguageAsInSettings] Trying to find element: By.xpath: (//div[@id='content-icon'])[2]
2026-02-03 17:14:55.594 [TestNG-test-Yt Master Tests-1] INFO  [verifyingSideMenuLanguageAsInSettings] [verifyingSideMenuLanguageAsInSettings] Element found and ready (attempt 1): By.xpath: (//div[@id='content-icon'])[2]
2026-02-03 17:14:58.545 [TestNG-test-Yt Master Tests-1] INFO  [verifyingSideMenuLanguageAsInSettings] [verifyingSideMenuLanguageAsInSettings] Capturing screenshot: Filter Applied is Català__2026-02-03_171458.png
2026-02-03 17:14:58.706 [TestNG-test-Yt Master Tests-1] INFO  [verifyingSideMenuLanguageAsInSettings] [verifyingSideMenuLanguageAsInSettings] Screenshot saved at: test-output/screenshots/Run_2026-02-03_16-56-21/verifyingSideMenuLanguageAsInSettings/Filter Applied is Català__2026-02-03_171458.png
2026-02-03 17:14:59.707 [TestNG-test-Yt Master Tests-1] INFO  [verifyingSideMenuLanguageAsInSettings] Looking for language element with name: Català
2026-02-03 17:14:59.707 [TestNG-test-Yt Master Tests-1] INFO  [verifyingSideMenuLanguageAsInSettings] [verifyingSideMenuLanguageAsInSettings] Trying to find element: By.xpath: //yt-multi-page-menu-section-renderer[@class='style-scope ytd-multi-page-menu-renderer']//yt-formatted-string[@id='label' and text()='Català']
2026-02-03 17:14:59.736 [TestNG-test-Yt Master Tests-1] INFO  [verifyingSideMenuLanguageAsInSettings] [verifyingSideMenuLanguageAsInSettings] Element found and ready (attempt 1): By.xpath: //yt-multi-page-menu-section-renderer[@class='style-scope ytd-multi-page-menu-renderer']//yt-formatted-string[@id='label' and text()='Català']
2026-02-03 17:15:01.447 [TestNG-test-Yt Master Tests-1] INFO  [verifyingSideMenuLanguageAsInSettings] Clicking settings ellipses button...
2026-02-03 17:15:01.447 [TestNG-test-Yt Master Tests-1] INFO  [verifyingSideMenuLanguageAsInSettings] [verifyingSideMenuLanguageAsInSettings] Trying to find element: By.xpath: //ytd-topbar-menu-button-renderer[@class='style-scope ytd-masthead style-default']
2026-02-03 17:15:01.956 [TestNG-test-Yt Master Tests-1] INFO  [verifyingSideMenuLanguageAsInSettings] [verifyingSideMenuLanguageAsInSettings] Element found and ready (attempt 1): By.xpath: //ytd-topbar-menu-button-renderer[@class='style-scope ytd-masthead style-default']
2026-02-03 17:15:02.244 [TestNG-test-Yt Master Tests-1] INFO  [verifyingSideMenuLanguageAsInSettings] Looking for language element with name: Català
2026-02-03 17:15:02.244 [TestNG-test-Yt Master Tests-1] INFO  [verifyingSideMenuLanguageAsInSettings] [verifyingSideMenuLanguageAsInSettings] Waiting until element is visible in viewport
2026-02-03 17:15:12.556 [TestNG-test-Yt Master Tests-1] INFO  [verifyingSideMenuLanguageAsInSettings] [verifyingSideMenuLanguageAsInSettings] Capturing screenshot: Filter Applied is Català__2026-02-03_171512.png
2026-02-03 17:15:12.687 [TestNG-test-Yt Master Tests-1] INFO  [verifyingSideMenuLanguageAsInSettings] [verifyingSideMenuLanguageAsInSettings] Screenshot saved at: test-output/screenshots/Run_2026-02-03_16-56-21/verifyingSideMenuLanguageAsInSettings/Filter Applied is Català__2026-02-03_171512.png
2026-02-03 17:15:12.687 [TestNG-test-Yt Master Tests-1] INFO  [verifyingSideMenuLanguageAsInSettings] Clicking settings ellipses button...
2026-02-03 17:15:12.688 [TestNG-test-Yt Master Tests-1] INFO  [verifyingSideMenuLanguageAsInSettings] [verifyingSideMenuLanguageAsInSettings] Trying to find element: By.xpath: //ytd-topbar-menu-button-renderer[@class='style-scope ytd-masthead style-default']
2026-02-03 17:15:12.709 [TestNG-test-Yt Master Tests-1] INFO  [verifyingSideMenuLanguageAsInSettings] [verifyingSideMenuLanguageAsInSettings] Element found and ready (attempt 1): By.xpath: //ytd-topbar-menu-button-renderer[@class='style-scope ytd-masthead style-default']
2026-02-03 17:15:14.765 [TestNG-test-Yt Master Tests-1] INFO  [verifyingSideMenuLanguageAsInSettings] Fetching the side menu in expanded view
2026-02-03 17:15:14.765 [TestNG-test-Yt Master Tests-1] INFO  [verifyingSideMenuLanguageAsInSettings] [verifyingSideMenuLanguageAsInSettings] Finding elements list: By.xpath: //ytd-guide-entry-renderer[@class='style-scope ytd-guide-section-renderer']
2026-02-03 17:15:15.016 [TestNG-test-Yt Master Tests-1] INFO  [verifyingSideMenuLanguageAsInSettings] [verifyingSideMenuLanguageAsInSettings] Found 16 ready elements (attempt 1): By.xpath: //ytd-guide-entry-renderer[@class='style-scope ytd-guide-section-renderer']
2026-02-03 17:15:15.476 [TestNG-test-Yt Master Tests-1] INFO  [verifyingSideMenuLanguageAsInSettings] Clicking settings ellipses button...
2026-02-03 17:15:15.476 [TestNG-test-Yt Master Tests-1] INFO  [verifyingSideMenuLanguageAsInSettings] [verifyingSideMenuLanguageAsInSettings] Trying to find element: By.xpath: //ytd-topbar-menu-button-renderer[@class='style-scope ytd-masthead style-default']
2026-02-03 17:15:15.563 [TestNG-test-Yt Master Tests-1] INFO  [verifyingSideMenuLanguageAsInSettings] [verifyingSideMenuLanguageAsInSettings] Element found and ready (attempt 1): By.xpath: //ytd-topbar-menu-button-renderer[@class='style-scope ytd-masthead style-default']
2026-02-03 17:15:17.683 [TestNG-test-Yt Master Tests-1] INFO  [verifyingSideMenuLanguageAsInSettings] Clicking language dropdown...
2026-02-03 17:15:17.683 [TestNG-test-Yt Master Tests-1] INFO  [verifyingSideMenuLanguageAsInSettings] [verifyingSideMenuLanguageAsInSettings] Trying to find element: By.xpath: (//div[@id='content-icon'])[2]
2026-02-03 17:15:17.718 [TestNG-test-Yt Master Tests-1] INFO  [verifyingSideMenuLanguageAsInSettings] [verifyingSideMenuLanguageAsInSettings] Element found and ready (attempt 1): By.xpath: (//div[@id='content-icon'])[2]
2026-02-03 17:15:20.208 [TestNG-test-Yt Master Tests-1] INFO  [verifyingSideMenuLanguageAsInSettings] [verifyingSideMenuLanguageAsInSettings] Capturing screenshot: Filter Applied is Dansk__2026-02-03_171520.png
2026-02-03 17:15:20.363 [TestNG-test-Yt Master Tests-1] INFO  [verifyingSideMenuLanguageAsInSettings] [verifyingSideMenuLanguageAsInSettings] Screenshot saved at: test-output/screenshots/Run_2026-02-03_16-56-21/verifyingSideMenuLanguageAsInSettings/Filter Applied is Dansk__2026-02-03_171520.png
2026-02-03 17:15:21.365 [TestNG-test-Yt Master Tests-1] INFO  [verifyingSideMenuLanguageAsInSettings] Looking for language element with name: Dansk
2026-02-03 17:15:21.365 [TestNG-test-Yt Master Tests-1] INFO  [verifyingSideMenuLanguageAsInSettings] [verifyingSideMenuLanguageAsInSettings] Trying to find element: By.xpath: //yt-multi-page-menu-section-renderer[@class='style-scope ytd-multi-page-menu-renderer']//yt-formatted-string[@id='label' and text()='Dansk']
2026-02-03 17:15:21.391 [TestNG-test-Yt Master Tests-1] INFO  [verifyingSideMenuLanguageAsInSettings] [verifyingSideMenuLanguageAsInSettings] Element found and ready (attempt 1): By.xpath: //yt-multi-page-menu-section-renderer[@class='style-scope ytd-multi-page-menu-renderer']//yt-formatted-string[@id='label' and text()='Dansk']
2026-02-03 17:15:22.962 [TestNG-test-Yt Master Tests-1] INFO  [verifyingSideMenuLanguageAsInSettings] Clicking settings ellipses button...
2026-02-03 17:15:22.962 [TestNG-test-Yt Master Tests-1] INFO  [verifyingSideMenuLanguageAsInSettings] [verifyingSideMenuLanguageAsInSettings] Trying to find element: By.xpath: //ytd-topbar-menu-button-renderer[@class='style-scope ytd-masthead style-default']
2026-02-03 17:15:23.355 [TestNG-test-Yt Master Tests-1] INFO  [verifyingSideMenuLanguageAsInSettings] [verifyingSideMenuLanguageAsInSettings] Element found and ready (attempt 1): By.xpath: //ytd-topbar-menu-button-renderer[@class='style-scope ytd-masthead style-default']
2026-02-03 17:15:23.582 [TestNG-test-Yt Master Tests-1] INFO  [verifyingSideMenuLanguageAsInSettings] Looking for language element with name: Dansk
2026-02-03 17:15:23.582 [TestNG-test-Yt Master Tests-1] INFO  [verifyingSideMenuLanguageAsInSettings] [verifyingSideMenuLanguageAsInSettings] Waiting until element is visible in viewport
2026-02-03 17:15:33.849 [TestNG-test-Yt Master Tests-1] INFO  [verifyingSideMenuLanguageAsInSettings] [verifyingSideMenuLanguageAsInSettings] Capturing screenshot: Filter Applied is Dansk__2026-02-03_171533.png
2026-02-03 17:15:33.974 [TestNG-test-Yt Master Tests-1] INFO  [verifyingSideMenuLanguageAsInSettings] [verifyingSideMenuLanguageAsInSettings] Screenshot saved at: test-output/screenshots/Run_2026-02-03_16-56-21/verifyingSideMenuLanguageAsInSettings/Filter Applied is Dansk__2026-02-03_171533.png
2026-02-03 17:15:33.974 [TestNG-test-Yt Master Tests-1] INFO  [verifyingSideMenuLanguageAsInSettings] Clicking settings ellipses button...
2026-02-03 17:15:33.974 [TestNG-test-Yt Master Tests-1] INFO  [verifyingSideMenuLanguageAsInSettings] [verifyingSideMenuLanguageAsInSettings] Trying to find element: By.xpath: //ytd-topbar-menu-button-renderer[@class='style-scope ytd-masthead style-default']
2026-02-03 17:15:33.995 [TestNG-test-Yt Master Tests-1] INFO  [verifyingSideMenuLanguageAsInSettings] [verifyingSideMenuLanguageAsInSettings] Element found and ready (attempt 1): By.xpath: //ytd-topbar-menu-button-renderer[@class='style-scope ytd-masthead style-default']
2026-02-03 17:15:36.053 [TestNG-test-Yt Master Tests-1] INFO  [verifyingSideMenuLanguageAsInSettings] Fetching the side menu in expanded view
2026-02-03 17:15:36.053 [TestNG-test-Yt Master Tests-1] INFO  [verifyingSideMenuLanguageAsInSettings] [verifyingSideMenuLanguageAsInSettings] Finding elements list: By.xpath: //ytd-guide-entry-renderer[@class='style-scope ytd-guide-section-renderer']
2026-02-03 17:15:36.265 [TestNG-test-Yt Master Tests-1] INFO  [verifyingSideMenuLanguageAsInSettings] [verifyingSideMenuLanguageAsInSettings] Found 16 ready elements (attempt 1): By.xpath: //ytd-guide-entry-renderer[@class='style-scope ytd-guide-section-renderer']
2026-02-03 17:15:36.784 [TestNG-test-Yt Master Tests-1] INFO  [verifyingSideMenuLanguageAsInSettings] Clicking settings ellipses button...
2026-02-03 17:15:36.784 [TestNG-test-Yt Master Tests-1] INFO  [verifyingSideMenuLanguageAsInSettings] [verifyingSideMenuLanguageAsInSettings] Trying to find element: By.xpath: //ytd-topbar-menu-button-renderer[@class='style-scope ytd-masthead style-default']
2026-02-03 17:15:36.855 [TestNG-test-Yt Master Tests-1] INFO  [verifyingSideMenuLanguageAsInSettings] [verifyingSideMenuLanguageAsInSettings] Element found and ready (attempt 1): By.xpath: //ytd-topbar-menu-button-renderer[@class='style-scope ytd-masthead style-default']
2026-02-03 17:15:38.964 [TestNG-test-Yt Master Tests-1] INFO  [verifyingSideMenuLanguageAsInSettings] Clicking language dropdown...
2026-02-03 17:15:38.964 [TestNG-test-Yt Master Tests-1] INFO  [verifyingSideMenuLanguageAsInSettings] [verifyingSideMenuLanguageAsInSettings] Trying to find element: By.xpath: (//div[@id='content-icon'])[2]
2026-02-03 17:15:39.001 [TestNG-test-Yt Master Tests-1] INFO  [verifyingSideMenuLanguageAsInSettings] [verifyingSideMenuLanguageAsInSettings] Element found and ready (attempt 1): By.xpath: (//div[@id='content-icon'])[2]
2026-02-03 17:15:41.573 [TestNG-test-Yt Master Tests-1] INFO  [verifyingSideMenuLanguageAsInSettings] [verifyingSideMenuLanguageAsInSettings] Capturing screenshot: Filter Applied is Deutsch__2026-02-03_171541.png
2026-02-03 17:15:41.731 [TestNG-test-Yt Master Tests-1] INFO  [verifyingSideMenuLanguageAsInSettings] [verifyingSideMenuLanguageAsInSettings] Screenshot saved at: test-output/screenshots/Run_2026-02-03_16-56-21/verifyingSideMenuLanguageAsInSettings/Filter Applied is Deutsch__2026-02-03_171541.png
2026-02-03 17:15:42.733 [TestNG-test-Yt Master Tests-1] INFO  [verifyingSideMenuLanguageAsInSettings] Looking for language element with name: Deutsch
2026-02-03 17:15:42.733 [TestNG-test-Yt Master Tests-1] INFO  [verifyingSideMenuLanguageAsInSettings] [verifyingSideMenuLanguageAsInSettings] Trying to find element: By.xpath: //yt-multi-page-menu-section-renderer[@class='style-scope ytd-multi-page-menu-renderer']//yt-formatted-string[@id='label' and text()='Deutsch']
2026-02-03 17:15:42.758 [TestNG-test-Yt Master Tests-1] INFO  [verifyingSideMenuLanguageAsInSettings] [verifyingSideMenuLanguageAsInSettings] Element found and ready (attempt 1): By.xpath: //yt-multi-page-menu-section-renderer[@class='style-scope ytd-multi-page-menu-renderer']//yt-formatted-string[@id='label' and text()='Deutsch']
2026-02-03 17:15:44.527 [TestNG-test-Yt Master Tests-1] INFO  [verifyingSideMenuLanguageAsInSettings] Clicking settings ellipses button...
2026-02-03 17:15:44.527 [TestNG-test-Yt Master Tests-1] INFO  [verifyingSideMenuLanguageAsInSettings] [verifyingSideMenuLanguageAsInSettings] Trying to find element: By.xpath: //ytd-topbar-menu-button-renderer[@class='style-scope ytd-masthead style-default']
2026-02-03 17:15:44.793 [TestNG-test-Yt Master Tests-1] INFO  [verifyingSideMenuLanguageAsInSettings] [verifyingSideMenuLanguageAsInSettings] Element found and ready (attempt 1): By.xpath: //ytd-topbar-menu-button-renderer[@class='style-scope ytd-masthead style-default']
2026-02-03 17:15:45.178 [TestNG-test-Yt Master Tests-1] INFO  [verifyingSideMenuLanguageAsInSettings] Looking for language element with name: Deutsch
2026-02-03 17:15:45.178 [TestNG-test-Yt Master Tests-1] INFO  [verifyingSideMenuLanguageAsInSettings] [verifyingSideMenuLanguageAsInSettings] Waiting until element is visible in viewport
2026-02-03 17:15:55.433 [TestNG-test-Yt Master Tests-1] INFO  [verifyingSideMenuLanguageAsInSettings] [verifyingSideMenuLanguageAsInSettings] Capturing screenshot: Filter Applied is Deutsch__2026-02-03_171555.png
2026-02-03 17:15:55.554 [TestNG-test-Yt Master Tests-1] INFO  [verifyingSideMenuLanguageAsInSettings] [verifyingSideMenuLanguageAsInSettings] Screenshot saved at: test-output/screenshots/Run_2026-02-03_16-56-21/verifyingSideMenuLanguageAsInSettings/Filter Applied is Deutsch__2026-02-03_171555.png
2026-02-03 17:15:55.554 [TestNG-test-Yt Master Tests-1] INFO  [verifyingSideMenuLanguageAsInSettings] Clicking settings ellipses button...
2026-02-03 17:15:55.554 [TestNG-test-Yt Master Tests-1] INFO  [verifyingSideMenuLanguageAsInSettings] [verifyingSideMenuLanguageAsInSettings] Trying to find element: By.xpath: //ytd-topbar-menu-button-renderer[@class='style-scope ytd-masthead style-default']
2026-02-03 17:15:55.576 [TestNG-test-Yt Master Tests-1] INFO  [verifyingSideMenuLanguageAsInSettings] [verifyingSideMenuLanguageAsInSettings] Element found and ready (attempt 1): By.xpath: //ytd-topbar-menu-button-renderer[@class='style-scope ytd-masthead style-default']
2026-02-03 17:15:57.632 [TestNG-test-Yt Master Tests-1] INFO  [verifyingSideMenuLanguageAsInSettings] Fetching the side menu in expanded view
2026-02-03 17:15:57.632 [TestNG-test-Yt Master Tests-1] INFO  [verifyingSideMenuLanguageAsInSettings] [verifyingSideMenuLanguageAsInSettings] Finding elements list: By.xpath: //ytd-guide-entry-renderer[@class='style-scope ytd-guide-section-renderer']
2026-02-03 17:15:57.988 [TestNG-test-Yt Master Tests-1] INFO  [verifyingSideMenuLanguageAsInSettings] [verifyingSideMenuLanguageAsInSettings] Found 16 ready elements (attempt 1): By.xpath: //ytd-guide-entry-renderer[@class='style-scope ytd-guide-section-renderer']
2026-02-03 17:15:58.567 [TestNG-test-Yt Master Tests-1] INFO  [verifyingSideMenuLanguageAsInSettings] Clicking settings ellipses button...
2026-02-03 17:15:58.567 [TestNG-test-Yt Master Tests-1] INFO  [verifyingSideMenuLanguageAsInSettings] [verifyingSideMenuLanguageAsInSettings] Trying to find element: By.xpath: //ytd-topbar-menu-button-renderer[@class='style-scope ytd-masthead style-default']
2026-02-03 17:15:58.593 [TestNG-test-Yt Master Tests-1] INFO  [verifyingSideMenuLanguageAsInSettings] [verifyingSideMenuLanguageAsInSettings] Element found and ready (attempt 1): By.xpath: //ytd-topbar-menu-button-renderer[@class='style-scope ytd-masthead style-default']
2026-02-03 17:16:00.670 [TestNG-test-Yt Master Tests-1] INFO  [verifyingSideMenuLanguageAsInSettings] Clicking language dropdown...
2026-02-03 17:16:00.670 [TestNG-test-Yt Master Tests-1] INFO  [verifyingSideMenuLanguageAsInSettings] [verifyingSideMenuLanguageAsInSettings] Trying to find element: By.xpath: (//div[@id='content-icon'])[2]
2026-02-03 17:16:00.694 [TestNG-test-Yt Master Tests-1] INFO  [verifyingSideMenuLanguageAsInSettings] [verifyingSideMenuLanguageAsInSettings] Element found and ready (attempt 1): By.xpath: (//div[@id='content-icon'])[2]
2026-02-03 17:16:03.070 [TestNG-test-Yt Master Tests-1] INFO  [verifyingSideMenuLanguageAsInSettings] [verifyingSideMenuLanguageAsInSettings] Capturing screenshot: Filter Applied is Eesti__2026-02-03_171603.png
2026-02-03 17:16:03.224 [TestNG-test-Yt Master Tests-1] INFO  [verifyingSideMenuLanguageAsInSettings] [verifyingSideMenuLanguageAsInSettings] Screenshot saved at: test-output/screenshots/Run_2026-02-03_16-56-21/verifyingSideMenuLanguageAsInSettings/Filter Applied is Eesti__2026-02-03_171603.png
2026-02-03 17:16:04.225 [TestNG-test-Yt Master Tests-1] INFO  [verifyingSideMenuLanguageAsInSettings] Looking for language element with name: Eesti
2026-02-03 17:16:04.225 [TestNG-test-Yt Master Tests-1] INFO  [verifyingSideMenuLanguageAsInSettings] [verifyingSideMenuLanguageAsInSettings] Trying to find element: By.xpath: //yt-multi-page-menu-section-renderer[@class='style-scope ytd-multi-page-menu-renderer']//yt-formatted-string[@id='label' and text()='Eesti']
2026-02-03 17:16:04.253 [TestNG-test-Yt Master Tests-1] INFO  [verifyingSideMenuLanguageAsInSettings] [verifyingSideMenuLanguageAsInSettings] Element found and ready (attempt 1): By.xpath: //yt-multi-page-menu-section-renderer[@class='style-scope ytd-multi-page-menu-renderer']//yt-formatted-string[@id='label' and text()='Eesti']
2026-02-03 17:16:06.268 [TestNG-test-Yt Master Tests-1] INFO  [verifyingSideMenuLanguageAsInSettings] Clicking settings ellipses button...
2026-02-03 17:16:06.269 [TestNG-test-Yt Master Tests-1] INFO  [verifyingSideMenuLanguageAsInSettings] [verifyingSideMenuLanguageAsInSettings] Trying to find element: By.xpath: //ytd-topbar-menu-button-renderer[@class='style-scope ytd-masthead style-default']
2026-02-03 17:16:06.520 [TestNG-test-Yt Master Tests-1] INFO  [verifyingSideMenuLanguageAsInSettings] [verifyingSideMenuLanguageAsInSettings] Element found and ready (attempt 1): By.xpath: //ytd-topbar-menu-button-renderer[@class='style-scope ytd-masthead style-default']
2026-02-03 17:16:06.739 [TestNG-test-Yt Master Tests-1] INFO  [verifyingSideMenuLanguageAsInSettings] Looking for language element with name: Eesti
2026-02-03 17:16:06.739 [TestNG-test-Yt Master Tests-1] INFO  [verifyingSideMenuLanguageAsInSettings] [verifyingSideMenuLanguageAsInSettings] Waiting until element is visible in viewport
2026-02-03 17:16:16.960 [TestNG-test-Yt Master Tests-1] INFO  [verifyingSideMenuLanguageAsInSettings] [verifyingSideMenuLanguageAsInSettings] Capturing screenshot: Filter Applied is Eesti__2026-02-03_171616.png
2026-02-03 17:16:17.082 [TestNG-test-Yt Master Tests-1] INFO  [verifyingSideMenuLanguageAsInSettings] [verifyingSideMenuLanguageAsInSettings] Screenshot saved at: test-output/screenshots/Run_2026-02-03_16-56-21/verifyingSideMenuLanguageAsInSettings/Filter Applied is Eesti__2026-02-03_171616.png
2026-02-03 17:16:17.082 [TestNG-test-Yt Master Tests-1] INFO  [verifyingSideMenuLanguageAsInSettings] Clicking settings ellipses button...
2026-02-03 17:16:17.082 [TestNG-test-Yt Master Tests-1] INFO  [verifyingSideMenuLanguageAsInSettings] [verifyingSideMenuLanguageAsInSettings] Trying to find element: By.xpath: //ytd-topbar-menu-button-renderer[@class='style-scope ytd-masthead style-default']
2026-02-03 17:16:17.104 [TestNG-test-Yt Master Tests-1] INFO  [verifyingSideMenuLanguageAsInSettings] [verifyingSideMenuLanguageAsInSettings] Element found and ready (attempt 1): By.xpath: //ytd-topbar-menu-button-renderer[@class='style-scope ytd-masthead style-default']
2026-02-03 17:16:19.160 [TestNG-test-Yt Master Tests-1] INFO  [verifyingSideMenuLanguageAsInSettings] Fetching the side menu in expanded view
2026-02-03 17:16:19.160 [TestNG-test-Yt Master Tests-1] INFO  [verifyingSideMenuLanguageAsInSettings] [verifyingSideMenuLanguageAsInSettings] Finding elements list: By.xpath: //ytd-guide-entry-renderer[@class='style-scope ytd-guide-section-renderer']
2026-02-03 17:16:19.479 [TestNG-test-Yt Master Tests-1] INFO  [verifyingSideMenuLanguageAsInSettings] [verifyingSideMenuLanguageAsInSettings] Found 16 ready elements (attempt 1): By.xpath: //ytd-guide-entry-renderer[@class='style-scope ytd-guide-section-renderer']
2026-02-03 17:16:19.896 [TestNG-test-Yt Master Tests-1] INFO  [verifyingSideMenuLanguageAsInSettings] Clicking settings ellipses button...
2026-02-03 17:16:19.897 [TestNG-test-Yt Master Tests-1] INFO  [verifyingSideMenuLanguageAsInSettings] [verifyingSideMenuLanguageAsInSettings] Trying to find element: By.xpath: //ytd-topbar-menu-button-renderer[@class='style-scope ytd-masthead style-default']
2026-02-03 17:16:19.919 [TestNG-test-Yt Master Tests-1] INFO  [verifyingSideMenuLanguageAsInSettings] [verifyingSideMenuLanguageAsInSettings] Element found and ready (attempt 1): By.xpath: //ytd-topbar-menu-button-renderer[@class='style-scope ytd-masthead style-default']
2026-02-03 17:16:21.978 [TestNG-test-Yt Master Tests-1] INFO  [verifyingSideMenuLanguageAsInSettings] Clicking language dropdown...
2026-02-03 17:16:21.978 [TestNG-test-Yt Master Tests-1] INFO  [verifyingSideMenuLanguageAsInSettings] [verifyingSideMenuLanguageAsInSettings] Trying to find element: By.xpath: (//div[@id='content-icon'])[2]
2026-02-03 17:16:22.001 [TestNG-test-Yt Master Tests-1] INFO  [verifyingSideMenuLanguageAsInSettings] [verifyingSideMenuLanguageAsInSettings] Element found and ready (attempt 1): By.xpath: (//div[@id='content-icon'])[2]
2026-02-03 17:16:24.384 [TestNG-test-Yt Master Tests-1] INFO  [verifyingSideMenuLanguageAsInSettings] [verifyingSideMenuLanguageAsInSettings] Capturing screenshot: Filter Applied is English (India)__2026-02-03_171624.png
2026-02-03 17:16:24.549 [TestNG-test-Yt Master Tests-1] INFO  [verifyingSideMenuLanguageAsInSettings] [verifyingSideMenuLanguageAsInSettings] Screenshot saved at: test-output/screenshots/Run_2026-02-03_16-56-21/verifyingSideMenuLanguageAsInSettings/Filter Applied is English (India)__2026-02-03_171624.png
2026-02-03 17:16:25.551 [TestNG-test-Yt Master Tests-1] INFO  [verifyingSideMenuLanguageAsInSettings] Looking for language element with name: English (India)
2026-02-03 17:16:25.551 [TestNG-test-Yt Master Tests-1] INFO  [verifyingSideMenuLanguageAsInSettings] [verifyingSideMenuLanguageAsInSettings] Trying to find element: By.xpath: //yt-multi-page-menu-section-renderer[@class='style-scope ytd-multi-page-menu-renderer']//yt-formatted-string[@id='label' and text()='English (India)']
2026-02-03 17:16:25.577 [TestNG-test-Yt Master Tests-1] INFO  [verifyingSideMenuLanguageAsInSettings] [verifyingSideMenuLanguageAsInSettings] Element found and ready (attempt 1): By.xpath: //yt-multi-page-menu-section-renderer[@class='style-scope ytd-multi-page-menu-renderer']//yt-formatted-string[@id='label' and text()='English (India)']
2026-02-03 17:16:27.287 [TestNG-test-Yt Master Tests-1] INFO  [verifyingSideMenuLanguageAsInSettings] Clicking settings ellipses button...
2026-02-03 17:16:27.287 [TestNG-test-Yt Master Tests-1] INFO  [verifyingSideMenuLanguageAsInSettings] [verifyingSideMenuLanguageAsInSettings] Trying to find element: By.xpath: //ytd-topbar-menu-button-renderer[@class='style-scope ytd-masthead style-default']
2026-02-03 17:16:27.660 [TestNG-test-Yt Master Tests-1] INFO  [verifyingSideMenuLanguageAsInSettings] [verifyingSideMenuLanguageAsInSettings] Element found and ready (attempt 1): By.xpath: //ytd-topbar-menu-button-renderer[@class='style-scope ytd-masthead style-default']
2026-02-03 17:16:27.839 [TestNG-test-Yt Master Tests-1] INFO  [verifyingSideMenuLanguageAsInSettings] Looking for language element with name: English (India)
2026-02-03 17:16:27.839 [TestNG-test-Yt Master Tests-1] INFO  [verifyingSideMenuLanguageAsInSettings] [verifyingSideMenuLanguageAsInSettings] Waiting until element is visible in viewport
2026-02-03 17:16:38.060 [TestNG-test-Yt Master Tests-1] INFO  [verifyingSideMenuLanguageAsInSettings] [verifyingSideMenuLanguageAsInSettings] Capturing screenshot: Filter Applied is English (India)__2026-02-03_171638.png
2026-02-03 17:16:38.193 [TestNG-test-Yt Master Tests-1] INFO  [verifyingSideMenuLanguageAsInSettings] [verifyingSideMenuLanguageAsInSettings] Screenshot saved at: test-output/screenshots/Run_2026-02-03_16-56-21/verifyingSideMenuLanguageAsInSettings/Filter Applied is English (India)__2026-02-03_171638.png
2026-02-03 17:16:38.193 [TestNG-test-Yt Master Tests-1] INFO  [verifyingSideMenuLanguageAsInSettings] Clicking settings ellipses button...
2026-02-03 17:16:38.193 [TestNG-test-Yt Master Tests-1] INFO  [verifyingSideMenuLanguageAsInSettings] [verifyingSideMenuLanguageAsInSettings] Trying to find element: By.xpath: //ytd-topbar-menu-button-renderer[@class='style-scope ytd-masthead style-default']
2026-02-03 17:16:38.214 [TestNG-test-Yt Master Tests-1] INFO  [verifyingSideMenuLanguageAsInSettings] [verifyingSideMenuLanguageAsInSettings] Element found and ready (attempt 1): By.xpath: //ytd-topbar-menu-button-renderer[@class='style-scope ytd-masthead style-default']
2026-02-03 17:16:40.273 [TestNG-test-Yt Master Tests-1] INFO  [verifyingSideMenuLanguageAsInSettings] Fetching the side menu in expanded view
2026-02-03 17:16:40.273 [TestNG-test-Yt Master Tests-1] INFO  [verifyingSideMenuLanguageAsInSettings] [verifyingSideMenuLanguageAsInSettings] Finding elements list: By.xpath: //ytd-guide-entry-renderer[@class='style-scope ytd-guide-section-renderer']
2026-02-03 17:16:40.467 [TestNG-test-Yt Master Tests-1] INFO  [verifyingSideMenuLanguageAsInSettings] [verifyingSideMenuLanguageAsInSettings] Found 16 ready elements (attempt 1): By.xpath: //ytd-guide-entry-renderer[@class='style-scope ytd-guide-section-renderer']
2026-02-03 17:16:40.867 [TestNG-test-Yt Master Tests-1] INFO  [verifyingSideMenuLanguageAsInSettings] Clicking settings ellipses button...
2026-02-03 17:16:40.867 [TestNG-test-Yt Master Tests-1] INFO  [verifyingSideMenuLanguageAsInSettings] [verifyingSideMenuLanguageAsInSettings] Trying to find element: By.xpath: //ytd-topbar-menu-button-renderer[@class='style-scope ytd-masthead style-default']
2026-02-03 17:16:40.885 [TestNG-test-Yt Master Tests-1] INFO  [verifyingSideMenuLanguageAsInSettings] [verifyingSideMenuLanguageAsInSettings] Element found and ready (attempt 1): By.xpath: //ytd-topbar-menu-button-renderer[@class='style-scope ytd-masthead style-default']
2026-02-03 17:16:42.946 [TestNG-test-Yt Master Tests-1] INFO  [verifyingSideMenuLanguageAsInSettings] Clicking language dropdown...
2026-02-03 17:16:42.946 [TestNG-test-Yt Master Tests-1] INFO  [verifyingSideMenuLanguageAsInSettings] [verifyingSideMenuLanguageAsInSettings] Trying to find element: By.xpath: (//div[@id='content-icon'])[2]
2026-02-03 17:16:42.966 [TestNG-test-Yt Master Tests-1] INFO  [verifyingSideMenuLanguageAsInSettings] [verifyingSideMenuLanguageAsInSettings] Element found and ready (attempt 1): By.xpath: (//div[@id='content-icon'])[2]
2026-02-03 17:16:45.384 [TestNG-test-Yt Master Tests-1] INFO  [verifyingSideMenuLanguageAsInSettings] [verifyingSideMenuLanguageAsInSettings] Not retrying test 'verifyingSideMenuLanguageAsInSettings'. Retry count: 0, Cause: The following asserts failed:
	Mismatch in the Actual and Expected data expected [Tuis Kortvideo's Intekeninge Myne Geskiedenis Musiek Flieks Regstreeks YouTube Premium YouTube Music YouTube Kids Instellings Aangeegeskiedenis Hulp Stuur terugvoer] but found [Tuis Kortvideo's Intekeninge Myne Geskiedenis Musiek Flieks en TV Regstreeks YouTube Premium YouTube TV YouTube Music YouTube Kids Instellings Aangeegeskiedenis Hulp Stuur terugvoer],
	Mismatch in the Actual and Expected data expected [Ev Shorts Abunəliklər Siz Tarixçə Musiqi Filmlər Canlı YouTube Premium YouTube Music YouTube Kids Ayarlar Xəbər tarixçəsi Yardım Rəy göndərin] but found [Ev Shorts Abunəliklər Siz Tarixçə Musiqi Film və TV Canlı YouTube Premium YouTube TV YouTube Music YouTube Kids Ayarlar Xəbər tarixçəsi Yardım Rəy göndərin],
	Mismatch in the Actual and Expected data expected [Beranda Shorts Subscription Anda Histori Musik Film Live YouTube Premium YouTube Music YouTube Kids Setelan Histori laporan Bantuan Kirim masukan] but found [Beranda Shorts Subscription Anda Histori Musik Film & TV Live YouTube Premium YouTube TV YouTube Music YouTube Kids Setelan Histori laporan Bantuan Kirim masukan],
	Mismatch in the Actual and Expected data expected [Početna stranica Shorts Pretplate Vi Hi‪storija Muzika Filmovi Uživo YouTube Premium YouTube Music YouTube Kids Postavke Historija prijava Pomoć Pošaljite povratne informacije] but found [Početna stranica Shorts Pretplate Vi Hi‪storija Muzika Filmovi i TV Uživo YouTube Premium YouTube TV YouTube Music YouTube Kids Postavke Historija prijava Pomoć Pošaljite povratne informacije],
	Mismatch in the Actual and Expected data expected [Inici YouTube Shorts Subscripcions Tu Historial Música Pel·lícules En directe YouTube Premium YouTube Music YouTube Kids Configuració Historial d'informes Ajuda Envia suggeriments] but found [Inici YouTube Shorts Subscripcions Tu Historial Música Pel·lícules i televisió En directe YouTube Premium YouTube TV YouTube Music YouTube Kids Configuració Historial d'informes Ajuda Envia suggeriments],
	Mismatch in the Actual and Expected data expected [Start Shorts Abonnementer Dig Historik Musik Film Live YouTube Premium YouTube Music YouTube Kids Indstillinger Rapporteringshistorik Hjælp Send feedback] but found [Start Shorts Abonnementer Dig Historik Musik Film og tv Live YouTube Premium YouTube TV YouTube Music YouTube Kids Indstillinger Rapporteringshistorik Hjælp Send feedback],
	Mismatch in the Actual and Expected data expected [Startseite Shorts Abos Mein YouTube Verlauf Musik Filme Live YouTube Premium YouTube Music YouTube Kids Einstellungen Meldeverlauf Hilfe Feedback senden] but found [Startseite Shorts Abos Mein YouTube Verlauf Musik Filme & Shows Live YouTube Premium YouTube TV YouTube Music YouTube Kids Einstellungen Meldeverlauf Hilfe Feedback senden],
	Mismatch in the Actual and Expected data expected [Avaleht Shorts Tellimused Teie Ajalugu Muusika Filmid Otse YouTube Premium YouTube Music YouTube Kids Seaded Teavituste ajalugu Abi Tagasiside saatmine] but found [Avaleht Shorts Tellimused Teie Ajalugu Muusika Filmid ja telesarjad Otse YouTube Premium YouTube TV YouTube Music YouTube Kids Seaded Teavituste ajalugu Abi Tagasiside saatmine],
	Mismatch in the Actual and Expected data expected [Home Shorts Subscriptions You History Shopping Music Films YouTube Premium YouTube Music YouTube Kids Settings Report history Help Send feedback] but found [Home Shorts Subscriptions You History Shopping Music Movies & TV YouTube Premium YouTube TV YouTube Music YouTube Kids Settings Report history Help Send feedback]
2026-02-03 17:16:45.390 [TestNG-test-Yt Master Tests-1] ERROR [verifyingSideMenuLanguageAsInSettings] Test FAILED: verifyingSideMenuLanguageAsInSettings - java.lang.AssertionError: The following asserts failed:
	Mismatch in the Actual and Expected data expected [Tuis Kortvideo's Intekeninge Myne Geskiedenis Musiek Flieks Regstreeks YouTube Premium YouTube Music YouTube Kids Instellings Aangeegeskiedenis Hulp Stuur terugvoer] but found [Tuis Kortvideo's Intekeninge Myne Geskiedenis Musiek Flieks en TV Regstreeks YouTube Premium YouTube TV YouTube Music YouTube Kids Instellings Aangeegeskiedenis Hulp Stuur terugvoer],
	Mismatch in the Actual and Expected data expected [Ev Shorts Abunəliklər Siz Tarixçə Musiqi Filmlər Canlı YouTube Premium YouTube Music YouTube Kids Ayarlar Xəbər tarixçəsi Yardım Rəy göndərin] but found [Ev Shorts Abunəliklər Siz Tarixçə Musiqi Film və TV Canlı YouTube Premium YouTube TV YouTube Music YouTube Kids Ayarlar Xəbər tarixçəsi Yardım Rəy göndərin],
	Mismatch in the Actual and Expected data expected [Beranda Shorts Subscription Anda Histori Musik Film Live YouTube Premium YouTube Music YouTube Kids Setelan Histori laporan Bantuan Kirim masukan] but found [Beranda Shorts Subscription Anda Histori Musik Film & TV Live YouTube Premium YouTube TV YouTube Music YouTube Kids Setelan Histori laporan Bantuan Kirim masukan],
	Mismatch in the Actual and Expected data expected [Početna stranica Shorts Pretplate Vi Hi‪storija Muzika Filmovi Uživo YouTube Premium YouTube Music YouTube Kids Postavke Historija prijava Pomoć Pošaljite povratne informacije] but found [Početna stranica Shorts Pretplate Vi Hi‪storija Muzika Filmovi i TV Uživo YouTube Premium YouTube TV YouTube Music YouTube Kids Postavke Historija prijava Pomoć Pošaljite povratne informacije],
	Mismatch in the Actual and Expected data expected [Inici YouTube Shorts Subscripcions Tu Historial Música Pel·lícules En directe YouTube Premium YouTube Music YouTube Kids Configuració Historial d'informes Ajuda Envia suggeriments] but found [Inici YouTube Shorts Subscripcions Tu Historial Música Pel·lícules i televisió En directe YouTube Premium YouTube TV YouTube Music YouTube Kids Configuració Historial d'informes Ajuda Envia suggeriments],
	Mismatch in the Actual and Expected data expected [Start Shorts Abonnementer Dig Historik Musik Film Live YouTube Premium YouTube Music YouTube Kids Indstillinger Rapporteringshistorik Hjælp Send feedback] but found [Start Shorts Abonnementer Dig Historik Musik Film og tv Live YouTube Premium YouTube TV YouTube Music YouTube Kids Indstillinger Rapporteringshistorik Hjælp Send feedback],
	Mismatch in the Actual and Expected data expected [Startseite Shorts Abos Mein YouTube Verlauf Musik Filme Live YouTube Premium YouTube Music YouTube Kids Einstellungen Meldeverlauf Hilfe Feedback senden] but found [Startseite Shorts Abos Mein YouTube Verlauf Musik Filme & Shows Live YouTube Premium YouTube TV YouTube Music YouTube Kids Einstellungen Meldeverlauf Hilfe Feedback senden],
	Mismatch in the Actual and Expected data expected [Avaleht Shorts Tellimused Teie Ajalugu Muusika Filmid Otse YouTube Premium YouTube Music YouTube Kids Seaded Teavituste ajalugu Abi Tagasiside saatmine] but found [Avaleht Shorts Tellimused Teie Ajalugu Muusika Filmid ja telesarjad Otse YouTube Premium YouTube TV YouTube Music YouTube Kids Seaded Teavituste ajalugu Abi Tagasiside saatmine],
	Mismatch in the Actual and Expected data expected [Home Shorts Subscriptions You History Shopping Music Films YouTube Premium YouTube Music YouTube Kids Settings Report history Help Send feedback] but found [Home Shorts Subscriptions You History Shopping Music Movies & TV YouTube Premium YouTube TV YouTube Music YouTube Kids Settings Report history Help Send feedback]
2026-02-03 17:16:45.396 [TestNG-test-Yt Master Tests-1] INFO  [verifyingSideMenuLanguageAsInSettings] Closing WebDriver for thread: 34
2026-02-03 17:16:46.120 [TestNG-test-Yt Master Tests-1] INFO  [verifyingSideMenuLanguageAsInSettings] WebDriver instance removed from ThreadLocal for thread: 34
2026-02-03 17:16:46.120 [TestNG-test-Yt Master Tests-1] INFO  [verifyingSideMenuLanguageAsInSettings] Driver closed for test: verifyingSideMenuLanguageAsInSettings
