2026-02-08 18:22:39.291 [TestNG-test-Yt Master Tests-2] INFO  [verifyingSettingOptionsLang] ===== STARTING TEST: verifyingSettingOptionsLang  | Thread: 35 =====
2026-02-08 18:22:39.295 [TestNG-test-Yt Master Tests-2] INFO  [verifyingSettingOptionsLang] No existing WebDriver found for current thread. Initializing a new ChromeDriver...
2026-02-08 18:22:39.308 [TestNG-test-Yt Master Tests-2] INFO  [verifyingSettingOptionsLang] WebDriverManager: chromedriver setup OK
2026-02-08 18:22:40.421 [TestNG-test-Yt Master Tests-2] INFO  [verifyingSettingOptionsLang] ChromeDriver initialized successfully for thread: 35
2026-02-08 18:22:40.421 [TestNG-test-Yt Master Tests-2] INFO  [verifyingSettingOptionsLang] Driver initialized successfully for test: verifyingSettingOptionsLang
2026-02-08 18:22:40.422 [TestNG-test-Yt Master Tests-2] INFO  [verifyingSettingOptionsLang] SafeActions initialized with driver ChromeDriver: chrome on windows (2cae0ffe5d3fcae9d1860a628daa874d)
2026-02-08 18:22:40.422 [TestNG-test-Yt Master Tests-2] INFO  [verifyingSettingOptionsLang] Initialized YtLandingPage with driver: ChromeDriver: chrome on windows (2cae0ffe5d3fcae9d1860a628daa874d)
2026-02-08 18:22:40.422 [TestNG-test-Yt Master Tests-2] INFO  [verifyingSettingOptionsLang] SafeActions initialized with driver ChromeDriver: chrome on windows (2cae0ffe5d3fcae9d1860a628daa874d)
2026-02-08 18:22:42.872 [TestNG-test-Yt Master Tests-2] INFO  [verifyingSettingOptionsLang] Opened YouTube landing page.
2026-02-08 18:22:42.873 [TestNG-test-Yt Master Tests-2] INFO  [verifyingSettingOptionsLang] Clicking settings ellipses button...
2026-02-08 18:22:42.875 [TestNG-test-Yt Master Tests-2] INFO  [verifyingSettingOptionsLang] [verifyingSettingOptionsLang] Trying to find element: By.xpath: //ytd-topbar-menu-button-renderer[@class='style-scope ytd-masthead style-default']
2026-02-08 18:22:42.964 [TestNG-test-Yt Master Tests-2] INFO  [verifyingSettingOptionsLang] [verifyingSettingOptionsLang] Element found and ready (attempt 1): By.xpath: //ytd-topbar-menu-button-renderer[@class='style-scope ytd-masthead style-default']
2026-02-08 18:22:44.089 [TestNG-test-Yt Master Tests-2] INFO  [verifyingSettingOptionsLang] Clicking language dropdown...
2026-02-08 18:22:44.090 [TestNG-test-Yt Master Tests-2] INFO  [verifyingSettingOptionsLang] [verifyingSettingOptionsLang] Trying to find element: By.xpath: (//div[@id='content-icon'])[2]
2026-02-08 18:22:44.126 [TestNG-test-Yt Master Tests-2] INFO  [verifyingSettingOptionsLang] [verifyingSettingOptionsLang] Element found and ready (attempt 1): By.xpath: (//div[@id='content-icon'])[2]
2026-02-08 18:22:45.568 [TestNG-test-Yt Master Tests-2] INFO  [verifyingSettingOptionsLang] [verifyingSettingOptionsLang] Execution is Not CRON Job Hence refering to normal keys from UtilData
2026-02-08 18:22:46.569 [TestNG-test-Yt Master Tests-2] INFO  [verifyingSettingOptionsLang] Looking for language element with name: Afrikaans
2026-02-08 18:22:46.569 [TestNG-test-Yt Master Tests-2] INFO  [verifyingSettingOptionsLang] [verifyingSettingOptionsLang] Trying to find element: By.xpath: //yt-multi-page-menu-section-renderer[@class='style-scope ytd-multi-page-menu-renderer']//yt-formatted-string[@id='label' and text()='Afrikaans']
2026-02-08 18:22:46.595 [TestNG-test-Yt Master Tests-2] INFO  [verifyingSettingOptionsLang] [verifyingSettingOptionsLang] Element found and ready (attempt 1): By.xpath: //yt-multi-page-menu-section-renderer[@class='style-scope ytd-multi-page-menu-renderer']//yt-formatted-string[@id='label' and text()='Afrikaans']
2026-02-08 18:22:48.646 [TestNG-test-Yt Master Tests-2] INFO  [verifyingSettingOptionsLang] Clicking settings ellipses button...
2026-02-08 18:22:48.647 [TestNG-test-Yt Master Tests-2] INFO  [verifyingSettingOptionsLang] [verifyingSettingOptionsLang] Trying to find element: By.xpath: //ytd-topbar-menu-button-renderer[@class='style-scope ytd-masthead style-default']
2026-02-08 18:22:48.899 [TestNG-test-Yt Master Tests-2] INFO  [verifyingSettingOptionsLang] [verifyingSettingOptionsLang] Element found and ready (attempt 1): By.xpath: //ytd-topbar-menu-button-renderer[@class='style-scope ytd-masthead style-default']
2026-02-08 18:22:49.158 [TestNG-test-Yt Master Tests-2] INFO  [verifyingSettingOptionsLang] Looking for language element with name: Afrikaans
2026-02-08 18:22:49.158 [TestNG-test-Yt Master Tests-2] INFO  [verifyingSettingOptionsLang] [verifyingSettingOptionsLang] Waiting until element is visible in viewport
2026-02-08 18:22:59.525 [TestNG-test-Yt Master Tests-2] INFO  [verifyingSettingOptionsLang] [verifyingSettingOptionsLang] Capturing screenshot: Filter Applied is Afrikaans__2026-02-08_182259.png
2026-02-08 18:22:59.739 [TestNG-test-Yt Master Tests-2] INFO  [verifyingSettingOptionsLang] [verifyingSettingOptionsLang] Screenshot saved at: test-output/screenshots/Run_2026-02-08_18-17-45/verifyingSettingOptionsLang/Filter Applied is Afrikaans__2026-02-08_182259.png
2026-02-08 18:22:59.739 [TestNG-test-Yt Master Tests-2] INFO  [verifyingSettingOptionsLang] Clicking settings ellipses button...
2026-02-08 18:22:59.739 [TestNG-test-Yt Master Tests-2] INFO  [verifyingSettingOptionsLang] [verifyingSettingOptionsLang] Trying to find element: By.xpath: //ytd-topbar-menu-button-renderer[@class='style-scope ytd-masthead style-default']
2026-02-08 18:22:59.810 [TestNG-test-Yt Master Tests-2] INFO  [verifyingSettingOptionsLang] [verifyingSettingOptionsLang] Element found and ready (attempt 1): By.xpath: //ytd-topbar-menu-button-renderer[@class='style-scope ytd-masthead style-default']
2026-02-08 18:23:01.924 [TestNG-test-Yt Master Tests-2] INFO  [verifyingSettingOptionsLang] Clicking settings ellipses button...
2026-02-08 18:23:01.924 [TestNG-test-Yt Master Tests-2] INFO  [verifyingSettingOptionsLang] [verifyingSettingOptionsLang] Trying to find element: By.xpath: //ytd-topbar-menu-button-renderer[@class='style-scope ytd-masthead style-default']
2026-02-08 18:23:01.956 [TestNG-test-Yt Master Tests-2] INFO  [verifyingSettingOptionsLang] [verifyingSettingOptionsLang] Element found and ready (attempt 1): By.xpath: //ytd-topbar-menu-button-renderer[@class='style-scope ytd-masthead style-default']
2026-02-08 18:23:03.037 [TestNG-test-Yt Master Tests-2] INFO  [verifyingSettingOptionsLang] Getting the setting ellipses options
2026-02-08 18:23:03.037 [TestNG-test-Yt Master Tests-2] INFO  [verifyingSettingOptionsLang] [verifyingSettingOptionsLang] Trying to find element: By.xpath: //ytd-multi-page-menu-renderer
2026-02-08 18:23:03.061 [TestNG-test-Yt Master Tests-2] INFO  [verifyingSettingOptionsLang] [verifyingSettingOptionsLang] Element found and ready (attempt 1): By.xpath: //ytd-multi-page-menu-renderer
2026-02-08 18:23:03.113 [TestNG-test-Yt Master Tests-2] INFO  [verifyingSettingOptionsLang] Clicking settings ellipses button...
2026-02-08 18:23:03.113 [TestNG-test-Yt Master Tests-2] INFO  [verifyingSettingOptionsLang] [verifyingSettingOptionsLang] Trying to find element: By.xpath: //ytd-topbar-menu-button-renderer[@class='style-scope ytd-masthead style-default']
2026-02-08 18:23:03.134 [TestNG-test-Yt Master Tests-2] INFO  [verifyingSettingOptionsLang] [verifyingSettingOptionsLang] Element found and ready (attempt 1): By.xpath: //ytd-topbar-menu-button-renderer[@class='style-scope ytd-masthead style-default']
2026-02-08 18:23:03.208 [TestNG-test-Yt Master Tests-2] INFO  [verifyingSettingOptionsLang] 
========== LANGUAGE DETECTION ==========
Detected Language : AFRIKAANS
Input Text        : Jou data in YouTube
Voorkoms: Lig
Vertoontaal:
Afrikaans
Beperkmodus: Af
Ligging:
Verenigde State
Kortpadsleutels
Instellings
Hulp
Stuur terugvoer
========================================
2026-02-08 18:23:03.209 [TestNG-test-Yt Master Tests-2] INFO  [verifyingSettingOptionsLang] getLangAttribute() - locating <html> and reading lang property
2026-02-08 18:23:03.228 [TestNG-test-Yt Master Tests-2] INFO  [verifyingSettingOptionsLang] Language attribute read: af-ZA
2026-02-08 18:23:03.229 [TestNG-test-Yt Master Tests-2] INFO  [verifyingSettingOptionsLang] Clicking settings ellipses button...
2026-02-08 18:23:03.229 [TestNG-test-Yt Master Tests-2] INFO  [verifyingSettingOptionsLang] [verifyingSettingOptionsLang] Trying to find element: By.xpath: //ytd-topbar-menu-button-renderer[@class='style-scope ytd-masthead style-default']
2026-02-08 18:23:03.251 [TestNG-test-Yt Master Tests-2] INFO  [verifyingSettingOptionsLang] [verifyingSettingOptionsLang] Element found and ready (attempt 1): By.xpath: //ytd-topbar-menu-button-renderer[@class='style-scope ytd-masthead style-default']
2026-02-08 18:23:05.321 [TestNG-test-Yt Master Tests-2] INFO  [verifyingSettingOptionsLang] Clicking language dropdown...
2026-02-08 18:23:05.321 [TestNG-test-Yt Master Tests-2] INFO  [verifyingSettingOptionsLang] [verifyingSettingOptionsLang] Trying to find element: By.xpath: (//div[@id='content-icon'])[2]
2026-02-08 18:23:05.343 [TestNG-test-Yt Master Tests-2] INFO  [verifyingSettingOptionsLang] [verifyingSettingOptionsLang] Element found and ready (attempt 1): By.xpath: (//div[@id='content-icon'])[2]
2026-02-08 18:23:08.702 [TestNG-test-Yt Master Tests-2] INFO  [verifyingSettingOptionsLang] Looking for language element with name: Azərbaycan
2026-02-08 18:23:08.702 [TestNG-test-Yt Master Tests-2] INFO  [verifyingSettingOptionsLang] [verifyingSettingOptionsLang] Trying to find element: By.xpath: //yt-multi-page-menu-section-renderer[@class='style-scope ytd-multi-page-menu-renderer']//yt-formatted-string[@id='label' and text()='Azərbaycan']
2026-02-08 18:23:08.730 [TestNG-test-Yt Master Tests-2] INFO  [verifyingSettingOptionsLang] [verifyingSettingOptionsLang] Element found and ready (attempt 1): By.xpath: //yt-multi-page-menu-section-renderer[@class='style-scope ytd-multi-page-menu-renderer']//yt-formatted-string[@id='label' and text()='Azərbaycan']
2026-02-08 18:23:10.283 [TestNG-test-Yt Master Tests-2] INFO  [verifyingSettingOptionsLang] Clicking settings ellipses button...
2026-02-08 18:23:10.284 [TestNG-test-Yt Master Tests-2] INFO  [verifyingSettingOptionsLang] [verifyingSettingOptionsLang] Trying to find element: By.xpath: //ytd-topbar-menu-button-renderer[@class='style-scope ytd-masthead style-default']
2026-02-08 18:23:10.869 [TestNG-test-Yt Master Tests-2] INFO  [verifyingSettingOptionsLang] [verifyingSettingOptionsLang] Element found and ready (attempt 1): By.xpath: //ytd-topbar-menu-button-renderer[@class='style-scope ytd-masthead style-default']
2026-02-08 18:23:10.964 [TestNG-test-Yt Master Tests-2] INFO  [verifyingSettingOptionsLang] Looking for language element with name: Azərbaycan
2026-02-08 18:23:10.964 [TestNG-test-Yt Master Tests-2] INFO  [verifyingSettingOptionsLang] [verifyingSettingOptionsLang] Waiting until element is visible in viewport
2026-02-08 18:23:21.406 [TestNG-test-Yt Master Tests-2] INFO  [verifyingSettingOptionsLang] [verifyingSettingOptionsLang] Capturing screenshot: Filter Applied is Azərbaycan__2026-02-08_182321.png
2026-02-08 18:23:21.558 [TestNG-test-Yt Master Tests-2] INFO  [verifyingSettingOptionsLang] [verifyingSettingOptionsLang] Screenshot saved at: test-output/screenshots/Run_2026-02-08_18-17-45/verifyingSettingOptionsLang/Filter Applied is Azərbaycan__2026-02-08_182321.png
2026-02-08 18:23:21.559 [TestNG-test-Yt Master Tests-2] INFO  [verifyingSettingOptionsLang] Clicking settings ellipses button...
2026-02-08 18:23:21.559 [TestNG-test-Yt Master Tests-2] INFO  [verifyingSettingOptionsLang] [verifyingSettingOptionsLang] Trying to find element: By.xpath: //ytd-topbar-menu-button-renderer[@class='style-scope ytd-masthead style-default']
2026-02-08 18:23:21.586 [TestNG-test-Yt Master Tests-2] INFO  [verifyingSettingOptionsLang] [verifyingSettingOptionsLang] Element found and ready (attempt 1): By.xpath: //ytd-topbar-menu-button-renderer[@class='style-scope ytd-masthead style-default']
2026-02-08 18:23:23.649 [TestNG-test-Yt Master Tests-2] INFO  [verifyingSettingOptionsLang] Clicking settings ellipses button...
2026-02-08 18:23:23.649 [TestNG-test-Yt Master Tests-2] INFO  [verifyingSettingOptionsLang] [verifyingSettingOptionsLang] Trying to find element: By.xpath: //ytd-topbar-menu-button-renderer[@class='style-scope ytd-masthead style-default']
2026-02-08 18:23:23.679 [TestNG-test-Yt Master Tests-2] INFO  [verifyingSettingOptionsLang] [verifyingSettingOptionsLang] Element found and ready (attempt 1): By.xpath: //ytd-topbar-menu-button-renderer[@class='style-scope ytd-masthead style-default']
2026-02-08 18:23:24.899 [TestNG-test-Yt Master Tests-2] INFO  [verifyingSettingOptionsLang] Getting the setting ellipses options
2026-02-08 18:23:24.899 [TestNG-test-Yt Master Tests-2] INFO  [verifyingSettingOptionsLang] [verifyingSettingOptionsLang] Trying to find element: By.xpath: //ytd-multi-page-menu-renderer
2026-02-08 18:23:24.926 [TestNG-test-Yt Master Tests-2] INFO  [verifyingSettingOptionsLang] [verifyingSettingOptionsLang] Element found and ready (attempt 1): By.xpath: //ytd-multi-page-menu-renderer
2026-02-08 18:23:25.073 [TestNG-test-Yt Master Tests-2] INFO  [verifyingSettingOptionsLang] Clicking settings ellipses button...
2026-02-08 18:23:25.073 [TestNG-test-Yt Master Tests-2] INFO  [verifyingSettingOptionsLang] [verifyingSettingOptionsLang] Trying to find element: By.xpath: //ytd-topbar-menu-button-renderer[@class='style-scope ytd-masthead style-default']
2026-02-08 18:23:25.233 [TestNG-test-Yt Master Tests-2] INFO  [verifyingSettingOptionsLang] [verifyingSettingOptionsLang] Element found and ready (attempt 1): By.xpath: //ytd-topbar-menu-button-renderer[@class='style-scope ytd-masthead style-default']
2026-02-08 18:23:25.361 [TestNG-test-Yt Master Tests-2] INFO  [verifyingSettingOptionsLang] 
========== LANGUAGE DETECTION ==========
Detected Language : AZERBAIJANI
Input Text        : YouTube Datanız
Görünüş: Açıq
Displey dili:
azərbaycan
Limitli Rejim: Deaktiv
Məkan:
Amerika Birləşmiş Ştatları
Klaviatura qısayolları
Ayarlar
Yardım
Rəy göndərin
========================================
2026-02-08 18:23:25.362 [TestNG-test-Yt Master Tests-2] INFO  [verifyingSettingOptionsLang] getLangAttribute() - locating <html> and reading lang property
2026-02-08 18:23:25.537 [TestNG-test-Yt Master Tests-2] INFO  [verifyingSettingOptionsLang] Language attribute read: az-Latn-AZ
2026-02-08 18:23:25.537 [TestNG-test-Yt Master Tests-2] INFO  [verifyingSettingOptionsLang] Clicking settings ellipses button...
2026-02-08 18:23:25.537 [TestNG-test-Yt Master Tests-2] INFO  [verifyingSettingOptionsLang] [verifyingSettingOptionsLang] Trying to find element: By.xpath: //ytd-topbar-menu-button-renderer[@class='style-scope ytd-masthead style-default']
2026-02-08 18:23:25.570 [TestNG-test-Yt Master Tests-2] INFO  [verifyingSettingOptionsLang] [verifyingSettingOptionsLang] Element found and ready (attempt 1): By.xpath: //ytd-topbar-menu-button-renderer[@class='style-scope ytd-masthead style-default']
2026-02-08 18:23:27.804 [TestNG-test-Yt Master Tests-2] INFO  [verifyingSettingOptionsLang] Clicking language dropdown...
2026-02-08 18:23:27.804 [TestNG-test-Yt Master Tests-2] INFO  [verifyingSettingOptionsLang] [verifyingSettingOptionsLang] Trying to find element: By.xpath: (//div[@id='content-icon'])[2]
2026-02-08 18:23:27.826 [TestNG-test-Yt Master Tests-2] INFO  [verifyingSettingOptionsLang] [verifyingSettingOptionsLang] Element found and ready (attempt 1): By.xpath: (//div[@id='content-icon'])[2]
2026-02-08 18:23:31.343 [TestNG-test-Yt Master Tests-2] INFO  [verifyingSettingOptionsLang] Looking for language element with name: Bahasa Indonesia
2026-02-08 18:23:31.343 [TestNG-test-Yt Master Tests-2] INFO  [verifyingSettingOptionsLang] [verifyingSettingOptionsLang] Trying to find element: By.xpath: //yt-multi-page-menu-section-renderer[@class='style-scope ytd-multi-page-menu-renderer']//yt-formatted-string[@id='label' and text()='Bahasa Indonesia']
2026-02-08 18:23:31.369 [TestNG-test-Yt Master Tests-2] INFO  [verifyingSettingOptionsLang] [verifyingSettingOptionsLang] Element found and ready (attempt 1): By.xpath: //yt-multi-page-menu-section-renderer[@class='style-scope ytd-multi-page-menu-renderer']//yt-formatted-string[@id='label' and text()='Bahasa Indonesia']
2026-02-08 18:23:32.879 [TestNG-test-Yt Master Tests-2] INFO  [verifyingSettingOptionsLang] Clicking settings ellipses button...
2026-02-08 18:23:32.879 [TestNG-test-Yt Master Tests-2] INFO  [verifyingSettingOptionsLang] [verifyingSettingOptionsLang] Trying to find element: By.xpath: //ytd-topbar-menu-button-renderer[@class='style-scope ytd-masthead style-default']
2026-02-08 18:23:33.493 [TestNG-test-Yt Master Tests-2] INFO  [verifyingSettingOptionsLang] [verifyingSettingOptionsLang] Element found and ready (attempt 1): By.xpath: //ytd-topbar-menu-button-renderer[@class='style-scope ytd-masthead style-default']
2026-02-08 18:23:33.709 [TestNG-test-Yt Master Tests-2] INFO  [verifyingSettingOptionsLang] Looking for language element with name: Bahasa Indonesia
2026-02-08 18:23:33.709 [TestNG-test-Yt Master Tests-2] INFO  [verifyingSettingOptionsLang] [verifyingSettingOptionsLang] Waiting until element is visible in viewport
2026-02-08 18:23:44.088 [TestNG-test-Yt Master Tests-2] INFO  [verifyingSettingOptionsLang] [verifyingSettingOptionsLang] Capturing screenshot: Filter Applied is Bahasa Indonesia__2026-02-08_182344.png
2026-02-08 18:23:44.210 [TestNG-test-Yt Master Tests-2] INFO  [verifyingSettingOptionsLang] [verifyingSettingOptionsLang] Screenshot saved at: test-output/screenshots/Run_2026-02-08_18-17-45/verifyingSettingOptionsLang/Filter Applied is Bahasa Indonesia__2026-02-08_182344.png
2026-02-08 18:23:44.210 [TestNG-test-Yt Master Tests-2] INFO  [verifyingSettingOptionsLang] Clicking settings ellipses button...
2026-02-08 18:23:44.210 [TestNG-test-Yt Master Tests-2] INFO  [verifyingSettingOptionsLang] [verifyingSettingOptionsLang] Trying to find element: By.xpath: //ytd-topbar-menu-button-renderer[@class='style-scope ytd-masthead style-default']
2026-02-08 18:23:44.238 [TestNG-test-Yt Master Tests-2] INFO  [verifyingSettingOptionsLang] [verifyingSettingOptionsLang] Element found and ready (attempt 1): By.xpath: //ytd-topbar-menu-button-renderer[@class='style-scope ytd-masthead style-default']
2026-02-08 18:23:46.297 [TestNG-test-Yt Master Tests-2] INFO  [verifyingSettingOptionsLang] Clicking settings ellipses button...
2026-02-08 18:23:46.298 [TestNG-test-Yt Master Tests-2] INFO  [verifyingSettingOptionsLang] [verifyingSettingOptionsLang] Trying to find element: By.xpath: //ytd-topbar-menu-button-renderer[@class='style-scope ytd-masthead style-default']
2026-02-08 18:23:46.322 [TestNG-test-Yt Master Tests-2] INFO  [verifyingSettingOptionsLang] [verifyingSettingOptionsLang] Element found and ready (attempt 1): By.xpath: //ytd-topbar-menu-button-renderer[@class='style-scope ytd-masthead style-default']
2026-02-08 18:23:47.384 [TestNG-test-Yt Master Tests-2] INFO  [verifyingSettingOptionsLang] Getting the setting ellipses options
2026-02-08 18:23:47.384 [TestNG-test-Yt Master Tests-2] INFO  [verifyingSettingOptionsLang] [verifyingSettingOptionsLang] Trying to find element: By.xpath: //ytd-multi-page-menu-renderer
2026-02-08 18:23:47.414 [TestNG-test-Yt Master Tests-2] INFO  [verifyingSettingOptionsLang] [verifyingSettingOptionsLang] Element found and ready (attempt 1): By.xpath: //ytd-multi-page-menu-renderer
2026-02-08 18:23:47.473 [TestNG-test-Yt Master Tests-2] INFO  [verifyingSettingOptionsLang] Clicking settings ellipses button...
2026-02-08 18:23:47.473 [TestNG-test-Yt Master Tests-2] INFO  [verifyingSettingOptionsLang] [verifyingSettingOptionsLang] Trying to find element: By.xpath: //ytd-topbar-menu-button-renderer[@class='style-scope ytd-masthead style-default']
2026-02-08 18:23:47.501 [TestNG-test-Yt Master Tests-2] INFO  [verifyingSettingOptionsLang] [verifyingSettingOptionsLang] Element found and ready (attempt 1): By.xpath: //ytd-topbar-menu-button-renderer[@class='style-scope ytd-masthead style-default']
2026-02-08 18:23:47.575 [TestNG-test-Yt Master Tests-2] INFO  [verifyingSettingOptionsLang] 
========== LANGUAGE DETECTION ==========
Detected Language : INDONESIAN
Input Text        : Data Anda di YouTube
Tampilan: Terang
Bahasa tampilan:
Indonesia
Mode Terbatas: Nonaktif
Lokasi:
Amerika Serikat
Pintasan keyboard
Setelan
Bantuan
Kirim masukan
========================================
2026-02-08 18:23:47.579 [TestNG-test-Yt Master Tests-2] INFO  [verifyingSettingOptionsLang] getLangAttribute() - locating <html> and reading lang property
2026-02-08 18:23:47.600 [TestNG-test-Yt Master Tests-2] INFO  [verifyingSettingOptionsLang] Language attribute read: id-ID
2026-02-08 18:23:47.601 [TestNG-test-Yt Master Tests-2] INFO  [verifyingSettingOptionsLang] Clicking settings ellipses button...
2026-02-08 18:23:47.601 [TestNG-test-Yt Master Tests-2] INFO  [verifyingSettingOptionsLang] [verifyingSettingOptionsLang] Trying to find element: By.xpath: //ytd-topbar-menu-button-renderer[@class='style-scope ytd-masthead style-default']
2026-02-08 18:23:47.652 [TestNG-test-Yt Master Tests-2] INFO  [verifyingSettingOptionsLang] [verifyingSettingOptionsLang] Element found and ready (attempt 1): By.xpath: //ytd-topbar-menu-button-renderer[@class='style-scope ytd-masthead style-default']
2026-02-08 18:23:49.740 [TestNG-test-Yt Master Tests-2] INFO  [verifyingSettingOptionsLang] Clicking language dropdown...
2026-02-08 18:23:49.740 [TestNG-test-Yt Master Tests-2] INFO  [verifyingSettingOptionsLang] [verifyingSettingOptionsLang] Trying to find element: By.xpath: (//div[@id='content-icon'])[2]
2026-02-08 18:23:49.769 [TestNG-test-Yt Master Tests-2] INFO  [verifyingSettingOptionsLang] [verifyingSettingOptionsLang] Element found and ready (attempt 1): By.xpath: (//div[@id='content-icon'])[2]
2026-02-08 18:23:53.259 [TestNG-test-Yt Master Tests-2] INFO  [verifyingSettingOptionsLang] Looking for language element with name: Bosanski
2026-02-08 18:23:53.259 [TestNG-test-Yt Master Tests-2] INFO  [verifyingSettingOptionsLang] [verifyingSettingOptionsLang] Trying to find element: By.xpath: //yt-multi-page-menu-section-renderer[@class='style-scope ytd-multi-page-menu-renderer']//yt-formatted-string[@id='label' and text()='Bosanski']
2026-02-08 18:23:53.287 [TestNG-test-Yt Master Tests-2] INFO  [verifyingSettingOptionsLang] [verifyingSettingOptionsLang] Element found and ready (attempt 1): By.xpath: //yt-multi-page-menu-section-renderer[@class='style-scope ytd-multi-page-menu-renderer']//yt-formatted-string[@id='label' and text()='Bosanski']
2026-02-08 18:23:54.850 [TestNG-test-Yt Master Tests-2] INFO  [verifyingSettingOptionsLang] Clicking settings ellipses button...
2026-02-08 18:23:54.850 [TestNG-test-Yt Master Tests-2] INFO  [verifyingSettingOptionsLang] [verifyingSettingOptionsLang] Trying to find element: By.xpath: //ytd-topbar-menu-button-renderer[@class='style-scope ytd-masthead style-default']
2026-02-08 18:23:55.244 [TestNG-test-Yt Master Tests-2] INFO  [verifyingSettingOptionsLang] [verifyingSettingOptionsLang] Element found and ready (attempt 1): By.xpath: //ytd-topbar-menu-button-renderer[@class='style-scope ytd-masthead style-default']
2026-02-08 18:23:55.505 [TestNG-test-Yt Master Tests-2] INFO  [verifyingSettingOptionsLang] Looking for language element with name: Bosanski
2026-02-08 18:23:55.505 [TestNG-test-Yt Master Tests-2] INFO  [verifyingSettingOptionsLang] [verifyingSettingOptionsLang] Waiting until element is visible in viewport
2026-02-08 18:24:05.886 [TestNG-test-Yt Master Tests-2] INFO  [verifyingSettingOptionsLang] [verifyingSettingOptionsLang] Capturing screenshot: Filter Applied is Bosanski__2026-02-08_182405.png
2026-02-08 18:24:06.089 [TestNG-test-Yt Master Tests-2] INFO  [verifyingSettingOptionsLang] [verifyingSettingOptionsLang] Screenshot saved at: test-output/screenshots/Run_2026-02-08_18-17-45/verifyingSettingOptionsLang/Filter Applied is Bosanski__2026-02-08_182405.png
2026-02-08 18:24:06.089 [TestNG-test-Yt Master Tests-2] INFO  [verifyingSettingOptionsLang] Clicking settings ellipses button...
2026-02-08 18:24:06.089 [TestNG-test-Yt Master Tests-2] INFO  [verifyingSettingOptionsLang] [verifyingSettingOptionsLang] Trying to find element: By.xpath: //ytd-topbar-menu-button-renderer[@class='style-scope ytd-masthead style-default']
2026-02-08 18:24:06.115 [TestNG-test-Yt Master Tests-2] INFO  [verifyingSettingOptionsLang] [verifyingSettingOptionsLang] Element found and ready (attempt 1): By.xpath: //ytd-topbar-menu-button-renderer[@class='style-scope ytd-masthead style-default']
2026-02-08 18:24:08.176 [TestNG-test-Yt Master Tests-2] INFO  [verifyingSettingOptionsLang] Clicking settings ellipses button...
2026-02-08 18:24:08.176 [TestNG-test-Yt Master Tests-2] INFO  [verifyingSettingOptionsLang] [verifyingSettingOptionsLang] Trying to find element: By.xpath: //ytd-topbar-menu-button-renderer[@class='style-scope ytd-masthead style-default']
2026-02-08 18:24:08.197 [TestNG-test-Yt Master Tests-2] INFO  [verifyingSettingOptionsLang] [verifyingSettingOptionsLang] Element found and ready (attempt 1): By.xpath: //ytd-topbar-menu-button-renderer[@class='style-scope ytd-masthead style-default']
2026-02-08 18:24:09.262 [TestNG-test-Yt Master Tests-2] INFO  [verifyingSettingOptionsLang] Getting the setting ellipses options
2026-02-08 18:24:09.262 [TestNG-test-Yt Master Tests-2] INFO  [verifyingSettingOptionsLang] [verifyingSettingOptionsLang] Trying to find element: By.xpath: //ytd-multi-page-menu-renderer
2026-02-08 18:24:09.288 [TestNG-test-Yt Master Tests-2] INFO  [verifyingSettingOptionsLang] [verifyingSettingOptionsLang] Element found and ready (attempt 1): By.xpath: //ytd-multi-page-menu-renderer
2026-02-08 18:24:09.410 [TestNG-test-Yt Master Tests-2] INFO  [verifyingSettingOptionsLang] Clicking settings ellipses button...
2026-02-08 18:24:09.410 [TestNG-test-Yt Master Tests-2] INFO  [verifyingSettingOptionsLang] [verifyingSettingOptionsLang] Trying to find element: By.xpath: //ytd-topbar-menu-button-renderer[@class='style-scope ytd-masthead style-default']
2026-02-08 18:24:09.438 [TestNG-test-Yt Master Tests-2] INFO  [verifyingSettingOptionsLang] [verifyingSettingOptionsLang] Element found and ready (attempt 1): By.xpath: //ytd-topbar-menu-button-renderer[@class='style-scope ytd-masthead style-default']
2026-02-08 18:24:09.552 [TestNG-test-Yt Master Tests-2] INFO  [verifyingSettingOptionsLang] 
========== LANGUAGE DETECTION ==========
Detected Language : BOSNIAN
Input Text        : Vaši podaci na YouTubeu
Izgled: svijetla tema
Jezik prikaza:
bosanski
Ograničeni način rada: isključeno
Lokacija:
Sjedinjene Američke Države
Prečice na tastaturi
Postavke
Pomoć
Pošaljite povratne informacije
========================================
2026-02-08 18:24:09.556 [TestNG-test-Yt Master Tests-2] INFO  [verifyingSettingOptionsLang] getLangAttribute() - locating <html> and reading lang property
2026-02-08 18:24:09.595 [TestNG-test-Yt Master Tests-2] INFO  [verifyingSettingOptionsLang] Language attribute read: bs-Latn-BA
2026-02-08 18:24:09.596 [TestNG-test-Yt Master Tests-2] INFO  [verifyingSettingOptionsLang] Clicking settings ellipses button...
2026-02-08 18:24:09.596 [TestNG-test-Yt Master Tests-2] INFO  [verifyingSettingOptionsLang] [verifyingSettingOptionsLang] Trying to find element: By.xpath: //ytd-topbar-menu-button-renderer[@class='style-scope ytd-masthead style-default']
2026-02-08 18:24:09.657 [TestNG-test-Yt Master Tests-2] INFO  [verifyingSettingOptionsLang] [verifyingSettingOptionsLang] Element found and ready (attempt 1): By.xpath: //ytd-topbar-menu-button-renderer[@class='style-scope ytd-masthead style-default']
2026-02-08 18:24:11.735 [TestNG-test-Yt Master Tests-2] INFO  [verifyingSettingOptionsLang] Clicking language dropdown...
2026-02-08 18:24:11.735 [TestNG-test-Yt Master Tests-2] INFO  [verifyingSettingOptionsLang] [verifyingSettingOptionsLang] Trying to find element: By.xpath: (//div[@id='content-icon'])[2]
2026-02-08 18:24:11.774 [TestNG-test-Yt Master Tests-2] INFO  [verifyingSettingOptionsLang] [verifyingSettingOptionsLang] Element found and ready (attempt 1): By.xpath: (//div[@id='content-icon'])[2]
2026-02-08 18:24:15.546 [TestNG-test-Yt Master Tests-2] INFO  [verifyingSettingOptionsLang] Looking for language element with name: Català
2026-02-08 18:24:15.546 [TestNG-test-Yt Master Tests-2] INFO  [verifyingSettingOptionsLang] [verifyingSettingOptionsLang] Trying to find element: By.xpath: //yt-multi-page-menu-section-renderer[@class='style-scope ytd-multi-page-menu-renderer']//yt-formatted-string[@id='label' and text()='Català']
2026-02-08 18:24:15.573 [TestNG-test-Yt Master Tests-2] INFO  [verifyingSettingOptionsLang] [verifyingSettingOptionsLang] Element found and ready (attempt 1): By.xpath: //yt-multi-page-menu-section-renderer[@class='style-scope ytd-multi-page-menu-renderer']//yt-formatted-string[@id='label' and text()='Català']
2026-02-08 18:24:17.227 [TestNG-test-Yt Master Tests-2] INFO  [verifyingSettingOptionsLang] Clicking settings ellipses button...
2026-02-08 18:24:17.228 [TestNG-test-Yt Master Tests-2] INFO  [verifyingSettingOptionsLang] [verifyingSettingOptionsLang] Trying to find element: By.xpath: //ytd-topbar-menu-button-renderer[@class='style-scope ytd-masthead style-default']
2026-02-08 18:24:17.714 [TestNG-test-Yt Master Tests-2] INFO  [verifyingSettingOptionsLang] [verifyingSettingOptionsLang] Element found and ready (attempt 1): By.xpath: //ytd-topbar-menu-button-renderer[@class='style-scope ytd-masthead style-default']
2026-02-08 18:24:17.811 [TestNG-test-Yt Master Tests-2] INFO  [verifyingSettingOptionsLang] Looking for language element with name: Català
2026-02-08 18:24:17.811 [TestNG-test-Yt Master Tests-2] INFO  [verifyingSettingOptionsLang] [verifyingSettingOptionsLang] Waiting until element is visible in viewport
2026-02-08 18:24:28.263 [TestNG-test-Yt Master Tests-2] INFO  [verifyingSettingOptionsLang] [verifyingSettingOptionsLang] Capturing screenshot: Filter Applied is Català__2026-02-08_182428.png
2026-02-08 18:24:28.387 [TestNG-test-Yt Master Tests-2] INFO  [verifyingSettingOptionsLang] [verifyingSettingOptionsLang] Screenshot saved at: test-output/screenshots/Run_2026-02-08_18-17-45/verifyingSettingOptionsLang/Filter Applied is Català__2026-02-08_182428.png
2026-02-08 18:24:28.387 [TestNG-test-Yt Master Tests-2] INFO  [verifyingSettingOptionsLang] Clicking settings ellipses button...
2026-02-08 18:24:28.387 [TestNG-test-Yt Master Tests-2] INFO  [verifyingSettingOptionsLang] [verifyingSettingOptionsLang] Trying to find element: By.xpath: //ytd-topbar-menu-button-renderer[@class='style-scope ytd-masthead style-default']
2026-02-08 18:24:28.409 [TestNG-test-Yt Master Tests-2] INFO  [verifyingSettingOptionsLang] [verifyingSettingOptionsLang] Element found and ready (attempt 1): By.xpath: //ytd-topbar-menu-button-renderer[@class='style-scope ytd-masthead style-default']
2026-02-08 18:24:30.465 [TestNG-test-Yt Master Tests-2] INFO  [verifyingSettingOptionsLang] Clicking settings ellipses button...
2026-02-08 18:24:30.465 [TestNG-test-Yt Master Tests-2] INFO  [verifyingSettingOptionsLang] [verifyingSettingOptionsLang] Trying to find element: By.xpath: //ytd-topbar-menu-button-renderer[@class='style-scope ytd-masthead style-default']
2026-02-08 18:24:30.486 [TestNG-test-Yt Master Tests-2] INFO  [verifyingSettingOptionsLang] [verifyingSettingOptionsLang] Element found and ready (attempt 1): By.xpath: //ytd-topbar-menu-button-renderer[@class='style-scope ytd-masthead style-default']
2026-02-08 18:24:31.552 [TestNG-test-Yt Master Tests-2] INFO  [verifyingSettingOptionsLang] Getting the setting ellipses options
2026-02-08 18:24:31.552 [TestNG-test-Yt Master Tests-2] INFO  [verifyingSettingOptionsLang] [verifyingSettingOptionsLang] Trying to find element: By.xpath: //ytd-multi-page-menu-renderer
2026-02-08 18:24:31.576 [TestNG-test-Yt Master Tests-2] INFO  [verifyingSettingOptionsLang] [verifyingSettingOptionsLang] Element found and ready (attempt 1): By.xpath: //ytd-multi-page-menu-renderer
2026-02-08 18:24:31.616 [TestNG-test-Yt Master Tests-2] INFO  [verifyingSettingOptionsLang] Clicking settings ellipses button...
2026-02-08 18:24:31.616 [TestNG-test-Yt Master Tests-2] INFO  [verifyingSettingOptionsLang] [verifyingSettingOptionsLang] Trying to find element: By.xpath: //ytd-topbar-menu-button-renderer[@class='style-scope ytd-masthead style-default']
2026-02-08 18:24:31.637 [TestNG-test-Yt Master Tests-2] INFO  [verifyingSettingOptionsLang] [verifyingSettingOptionsLang] Element found and ready (attempt 1): By.xpath: //ytd-topbar-menu-button-renderer[@class='style-scope ytd-masthead style-default']
2026-02-08 18:24:31.694 [TestNG-test-Yt Master Tests-2] INFO  [verifyingSettingOptionsLang] 
========== LANGUAGE DETECTION ==========
Detected Language : CATALAN
Input Text        : Les teves dades a YouTube
Aparença: clar
Idioma de visualització:
català
Mode restringit: desactivat
Ubicació:
Estats Units
Tecles de drecera
Configuració
Ajuda
Envia suggeriments
========================================
2026-02-08 18:24:31.694 [TestNG-test-Yt Master Tests-2] INFO  [verifyingSettingOptionsLang] getLangAttribute() - locating <html> and reading lang property
2026-02-08 18:24:31.710 [TestNG-test-Yt Master Tests-2] INFO  [verifyingSettingOptionsLang] Language attribute read: ca-ES
2026-02-08 18:24:31.710 [TestNG-test-Yt Master Tests-2] INFO  [verifyingSettingOptionsLang] Clicking settings ellipses button...
2026-02-08 18:24:31.711 [TestNG-test-Yt Master Tests-2] INFO  [verifyingSettingOptionsLang] [verifyingSettingOptionsLang] Trying to find element: By.xpath: //ytd-topbar-menu-button-renderer[@class='style-scope ytd-masthead style-default']
2026-02-08 18:24:31.734 [TestNG-test-Yt Master Tests-2] INFO  [verifyingSettingOptionsLang] [verifyingSettingOptionsLang] Element found and ready (attempt 1): By.xpath: //ytd-topbar-menu-button-renderer[@class='style-scope ytd-masthead style-default']
2026-02-08 18:24:33.793 [TestNG-test-Yt Master Tests-2] INFO  [verifyingSettingOptionsLang] Clicking language dropdown...
2026-02-08 18:24:33.793 [TestNG-test-Yt Master Tests-2] INFO  [verifyingSettingOptionsLang] [verifyingSettingOptionsLang] Trying to find element: By.xpath: (//div[@id='content-icon'])[2]
2026-02-08 18:24:33.818 [TestNG-test-Yt Master Tests-2] INFO  [verifyingSettingOptionsLang] [verifyingSettingOptionsLang] Element found and ready (attempt 1): By.xpath: (//div[@id='content-icon'])[2]
2026-02-08 18:24:37.403 [TestNG-test-Yt Master Tests-2] INFO  [verifyingSettingOptionsLang] Looking for language element with name: Dansk
2026-02-08 18:24:37.403 [TestNG-test-Yt Master Tests-2] INFO  [verifyingSettingOptionsLang] [verifyingSettingOptionsLang] Trying to find element: By.xpath: //yt-multi-page-menu-section-renderer[@class='style-scope ytd-multi-page-menu-renderer']//yt-formatted-string[@id='label' and text()='Dansk']
2026-02-08 18:24:37.436 [TestNG-test-Yt Master Tests-2] INFO  [verifyingSettingOptionsLang] [verifyingSettingOptionsLang] Element found and ready (attempt 1): By.xpath: //yt-multi-page-menu-section-renderer[@class='style-scope ytd-multi-page-menu-renderer']//yt-formatted-string[@id='label' and text()='Dansk']
2026-02-08 18:24:39.118 [TestNG-test-Yt Master Tests-2] INFO  [verifyingSettingOptionsLang] Clicking settings ellipses button...
2026-02-08 18:24:39.118 [TestNG-test-Yt Master Tests-2] INFO  [verifyingSettingOptionsLang] [verifyingSettingOptionsLang] Trying to find element: By.xpath: //ytd-topbar-menu-button-renderer[@class='style-scope ytd-masthead style-default']
2026-02-08 18:24:39.582 [TestNG-test-Yt Master Tests-2] INFO  [verifyingSettingOptionsLang] [verifyingSettingOptionsLang] Element found and ready (attempt 1): By.xpath: //ytd-topbar-menu-button-renderer[@class='style-scope ytd-masthead style-default']
2026-02-08 18:24:39.735 [TestNG-test-Yt Master Tests-2] INFO  [verifyingSettingOptionsLang] Looking for language element with name: Dansk
2026-02-08 18:24:39.735 [TestNG-test-Yt Master Tests-2] INFO  [verifyingSettingOptionsLang] [verifyingSettingOptionsLang] Waiting until element is visible in viewport
2026-02-08 18:24:49.873 [TestNG-test-Yt Master Tests-2] INFO  [verifyingSettingOptionsLang] [verifyingSettingOptionsLang] Capturing screenshot: Filter Applied is Dansk__2026-02-08_182449.png
2026-02-08 18:24:50.019 [TestNG-test-Yt Master Tests-2] INFO  [verifyingSettingOptionsLang] [verifyingSettingOptionsLang] Screenshot saved at: test-output/screenshots/Run_2026-02-08_18-17-45/verifyingSettingOptionsLang/Filter Applied is Dansk__2026-02-08_182449.png
2026-02-08 18:24:50.019 [TestNG-test-Yt Master Tests-2] INFO  [verifyingSettingOptionsLang] Clicking settings ellipses button...
2026-02-08 18:24:50.019 [TestNG-test-Yt Master Tests-2] INFO  [verifyingSettingOptionsLang] [verifyingSettingOptionsLang] Trying to find element: By.xpath: //ytd-topbar-menu-button-renderer[@class='style-scope ytd-masthead style-default']
2026-02-08 18:24:50.045 [TestNG-test-Yt Master Tests-2] INFO  [verifyingSettingOptionsLang] [verifyingSettingOptionsLang] Element found and ready (attempt 1): By.xpath: //ytd-topbar-menu-button-renderer[@class='style-scope ytd-masthead style-default']
2026-02-08 18:24:52.262 [TestNG-test-Yt Master Tests-2] INFO  [verifyingSettingOptionsLang] Clicking settings ellipses button...
2026-02-08 18:24:52.262 [TestNG-test-Yt Master Tests-2] INFO  [verifyingSettingOptionsLang] [verifyingSettingOptionsLang] Trying to find element: By.xpath: //ytd-topbar-menu-button-renderer[@class='style-scope ytd-masthead style-default']
2026-02-08 18:24:52.283 [TestNG-test-Yt Master Tests-2] INFO  [verifyingSettingOptionsLang] [verifyingSettingOptionsLang] Element found and ready (attempt 1): By.xpath: //ytd-topbar-menu-button-renderer[@class='style-scope ytd-masthead style-default']
2026-02-08 18:24:53.349 [TestNG-test-Yt Master Tests-2] INFO  [verifyingSettingOptionsLang] Getting the setting ellipses options
2026-02-08 18:24:53.349 [TestNG-test-Yt Master Tests-2] INFO  [verifyingSettingOptionsLang] [verifyingSettingOptionsLang] Trying to find element: By.xpath: //ytd-multi-page-menu-renderer
2026-02-08 18:24:53.378 [TestNG-test-Yt Master Tests-2] INFO  [verifyingSettingOptionsLang] [verifyingSettingOptionsLang] Element found and ready (attempt 1): By.xpath: //ytd-multi-page-menu-renderer
2026-02-08 18:24:53.514 [TestNG-test-Yt Master Tests-2] INFO  [verifyingSettingOptionsLang] Clicking settings ellipses button...
2026-02-08 18:24:53.515 [TestNG-test-Yt Master Tests-2] INFO  [verifyingSettingOptionsLang] [verifyingSettingOptionsLang] Trying to find element: By.xpath: //ytd-topbar-menu-button-renderer[@class='style-scope ytd-masthead style-default']
2026-02-08 18:24:53.538 [TestNG-test-Yt Master Tests-2] INFO  [verifyingSettingOptionsLang] [verifyingSettingOptionsLang] Element found and ready (attempt 1): By.xpath: //ytd-topbar-menu-button-renderer[@class='style-scope ytd-masthead style-default']
2026-02-08 18:24:53.609 [TestNG-test-Yt Master Tests-2] INFO  [verifyingSettingOptionsLang] 
========== LANGUAGE DETECTION ==========
Detected Language : DANISH
Input Text        : Dine data på YouTube
Udseende: Lyst
Visningssprog:
dansk
Begrænset tilstand: Fra
Lokation:
USA
Tastaturgenveje
Indstillinger
Hjælp
Send feedback
========================================
2026-02-08 18:24:53.610 [TestNG-test-Yt Master Tests-2] INFO  [verifyingSettingOptionsLang] getLangAttribute() - locating <html> and reading lang property
2026-02-08 18:24:53.689 [TestNG-test-Yt Master Tests-2] INFO  [verifyingSettingOptionsLang] Language attribute read: da-DK
2026-02-08 18:24:53.689 [TestNG-test-Yt Master Tests-2] INFO  [verifyingSettingOptionsLang] Clicking settings ellipses button...
2026-02-08 18:24:53.689 [TestNG-test-Yt Master Tests-2] INFO  [verifyingSettingOptionsLang] [verifyingSettingOptionsLang] Trying to find element: By.xpath: //ytd-topbar-menu-button-renderer[@class='style-scope ytd-masthead style-default']
2026-02-08 18:24:53.724 [TestNG-test-Yt Master Tests-2] INFO  [verifyingSettingOptionsLang] [verifyingSettingOptionsLang] Element found and ready (attempt 1): By.xpath: //ytd-topbar-menu-button-renderer[@class='style-scope ytd-masthead style-default']
2026-02-08 18:24:55.790 [TestNG-test-Yt Master Tests-2] INFO  [verifyingSettingOptionsLang] Clicking language dropdown...
2026-02-08 18:24:55.790 [TestNG-test-Yt Master Tests-2] INFO  [verifyingSettingOptionsLang] [verifyingSettingOptionsLang] Trying to find element: By.xpath: (//div[@id='content-icon'])[2]
2026-02-08 18:24:55.817 [TestNG-test-Yt Master Tests-2] INFO  [verifyingSettingOptionsLang] [verifyingSettingOptionsLang] Element found and ready (attempt 1): By.xpath: (//div[@id='content-icon'])[2]
2026-02-08 18:24:59.273 [TestNG-test-Yt Master Tests-2] INFO  [verifyingSettingOptionsLang] Looking for language element with name: Deutsch
2026-02-08 18:24:59.274 [TestNG-test-Yt Master Tests-2] INFO  [verifyingSettingOptionsLang] [verifyingSettingOptionsLang] Trying to find element: By.xpath: //yt-multi-page-menu-section-renderer[@class='style-scope ytd-multi-page-menu-renderer']//yt-formatted-string[@id='label' and text()='Deutsch']
2026-02-08 18:24:59.314 [TestNG-test-Yt Master Tests-2] INFO  [verifyingSettingOptionsLang] [verifyingSettingOptionsLang] Element found and ready (attempt 1): By.xpath: //yt-multi-page-menu-section-renderer[@class='style-scope ytd-multi-page-menu-renderer']//yt-formatted-string[@id='label' and text()='Deutsch']
2026-02-08 18:25:02.465 [TestNG-test-Yt Master Tests-2] INFO  [verifyingSettingOptionsLang] Clicking settings ellipses button...
2026-02-08 18:25:02.465 [TestNG-test-Yt Master Tests-2] INFO  [verifyingSettingOptionsLang] [verifyingSettingOptionsLang] Trying to find element: By.xpath: //ytd-topbar-menu-button-renderer[@class='style-scope ytd-masthead style-default']
2026-02-08 18:25:02.501 [TestNG-test-Yt Master Tests-2] INFO  [verifyingSettingOptionsLang] [verifyingSettingOptionsLang] Element found and ready (attempt 1): By.xpath: //ytd-topbar-menu-button-renderer[@class='style-scope ytd-masthead style-default']
2026-02-08 18:25:02.597 [TestNG-test-Yt Master Tests-2] INFO  [verifyingSettingOptionsLang] Looking for language element with name: Deutsch
2026-02-08 18:25:02.598 [TestNG-test-Yt Master Tests-2] INFO  [verifyingSettingOptionsLang] [verifyingSettingOptionsLang] Waiting until element is visible in viewport
2026-02-08 18:25:12.849 [TestNG-test-Yt Master Tests-2] INFO  [verifyingSettingOptionsLang] [verifyingSettingOptionsLang] Capturing screenshot: Filter Applied is Deutsch__2026-02-08_182512.png
2026-02-08 18:25:12.971 [TestNG-test-Yt Master Tests-2] INFO  [verifyingSettingOptionsLang] [verifyingSettingOptionsLang] Screenshot saved at: test-output/screenshots/Run_2026-02-08_18-17-45/verifyingSettingOptionsLang/Filter Applied is Deutsch__2026-02-08_182512.png
2026-02-08 18:25:12.971 [TestNG-test-Yt Master Tests-2] INFO  [verifyingSettingOptionsLang] Clicking settings ellipses button...
2026-02-08 18:25:12.971 [TestNG-test-Yt Master Tests-2] INFO  [verifyingSettingOptionsLang] [verifyingSettingOptionsLang] Trying to find element: By.xpath: //ytd-topbar-menu-button-renderer[@class='style-scope ytd-masthead style-default']
2026-02-08 18:25:12.993 [TestNG-test-Yt Master Tests-2] INFO  [verifyingSettingOptionsLang] [verifyingSettingOptionsLang] Element found and ready (attempt 1): By.xpath: //ytd-topbar-menu-button-renderer[@class='style-scope ytd-masthead style-default']
2026-02-08 18:25:15.050 [TestNG-test-Yt Master Tests-2] INFO  [verifyingSettingOptionsLang] Clicking settings ellipses button...
2026-02-08 18:25:15.050 [TestNG-test-Yt Master Tests-2] INFO  [verifyingSettingOptionsLang] [verifyingSettingOptionsLang] Trying to find element: By.xpath: //ytd-topbar-menu-button-renderer[@class='style-scope ytd-masthead style-default']
2026-02-08 18:25:15.071 [TestNG-test-Yt Master Tests-2] INFO  [verifyingSettingOptionsLang] [verifyingSettingOptionsLang] Element found and ready (attempt 1): By.xpath: //ytd-topbar-menu-button-renderer[@class='style-scope ytd-masthead style-default']
2026-02-08 18:25:16.138 [TestNG-test-Yt Master Tests-2] INFO  [verifyingSettingOptionsLang] Getting the setting ellipses options
2026-02-08 18:25:16.138 [TestNG-test-Yt Master Tests-2] INFO  [verifyingSettingOptionsLang] [verifyingSettingOptionsLang] Trying to find element: By.xpath: //ytd-multi-page-menu-renderer
2026-02-08 18:25:16.163 [TestNG-test-Yt Master Tests-2] INFO  [verifyingSettingOptionsLang] [verifyingSettingOptionsLang] Element found and ready (attempt 1): By.xpath: //ytd-multi-page-menu-renderer
2026-02-08 18:25:16.212 [TestNG-test-Yt Master Tests-2] INFO  [verifyingSettingOptionsLang] Clicking settings ellipses button...
2026-02-08 18:25:16.212 [TestNG-test-Yt Master Tests-2] INFO  [verifyingSettingOptionsLang] [verifyingSettingOptionsLang] Trying to find element: By.xpath: //ytd-topbar-menu-button-renderer[@class='style-scope ytd-masthead style-default']
2026-02-08 18:25:16.232 [TestNG-test-Yt Master Tests-2] INFO  [verifyingSettingOptionsLang] [verifyingSettingOptionsLang] Element found and ready (attempt 1): By.xpath: //ytd-topbar-menu-button-renderer[@class='style-scope ytd-masthead style-default']
2026-02-08 18:25:16.330 [TestNG-test-Yt Master Tests-2] INFO  [verifyingSettingOptionsLang] 
========== LANGUAGE DETECTION ==========
Detected Language : GERMAN
Input Text        : Meine Daten auf YouTube
Darstellung: Hell
Anzeigesprache:
Deutsch
Eingeschränkter Modus: Deaktiviert
Ort:
USA
Tastenkombinationen
Einstellungen
Hilfe
Feedback senden
========================================
2026-02-08 18:25:16.330 [TestNG-test-Yt Master Tests-2] INFO  [verifyingSettingOptionsLang] getLangAttribute() - locating <html> and reading lang property
2026-02-08 18:25:16.351 [TestNG-test-Yt Master Tests-2] INFO  [verifyingSettingOptionsLang] Language attribute read: de-DE
2026-02-08 18:25:16.351 [TestNG-test-Yt Master Tests-2] INFO  [verifyingSettingOptionsLang] Clicking settings ellipses button...
2026-02-08 18:25:16.351 [TestNG-test-Yt Master Tests-2] INFO  [verifyingSettingOptionsLang] [verifyingSettingOptionsLang] Trying to find element: By.xpath: //ytd-topbar-menu-button-renderer[@class='style-scope ytd-masthead style-default']
2026-02-08 18:25:16.376 [TestNG-test-Yt Master Tests-2] INFO  [verifyingSettingOptionsLang] [verifyingSettingOptionsLang] Element found and ready (attempt 1): By.xpath: //ytd-topbar-menu-button-renderer[@class='style-scope ytd-masthead style-default']
2026-02-08 18:25:18.436 [TestNG-test-Yt Master Tests-2] INFO  [verifyingSettingOptionsLang] Clicking language dropdown...
2026-02-08 18:25:18.436 [TestNG-test-Yt Master Tests-2] INFO  [verifyingSettingOptionsLang] [verifyingSettingOptionsLang] Trying to find element: By.xpath: (//div[@id='content-icon'])[2]
2026-02-08 18:25:18.462 [TestNG-test-Yt Master Tests-2] INFO  [verifyingSettingOptionsLang] [verifyingSettingOptionsLang] Element found and ready (attempt 1): By.xpath: (//div[@id='content-icon'])[2]
2026-02-08 18:25:21.977 [TestNG-test-Yt Master Tests-2] INFO  [verifyingSettingOptionsLang] Looking for language element with name: Eesti
2026-02-08 18:25:21.978 [TestNG-test-Yt Master Tests-2] INFO  [verifyingSettingOptionsLang] [verifyingSettingOptionsLang] Trying to find element: By.xpath: //yt-multi-page-menu-section-renderer[@class='style-scope ytd-multi-page-menu-renderer']//yt-formatted-string[@id='label' and text()='Eesti']
2026-02-08 18:25:22.053 [TestNG-test-Yt Master Tests-2] INFO  [verifyingSettingOptionsLang] [verifyingSettingOptionsLang] Element found and ready (attempt 1): By.xpath: //yt-multi-page-menu-section-renderer[@class='style-scope ytd-multi-page-menu-renderer']//yt-formatted-string[@id='label' and text()='Eesti']
2026-02-08 18:25:25.333 [TestNG-test-Yt Master Tests-2] INFO  [verifyingSettingOptionsLang] Clicking settings ellipses button...
2026-02-08 18:25:25.333 [TestNG-test-Yt Master Tests-2] INFO  [verifyingSettingOptionsLang] [verifyingSettingOptionsLang] Trying to find element: By.xpath: //ytd-topbar-menu-button-renderer[@class='style-scope ytd-masthead style-default']
2026-02-08 18:25:25.414 [TestNG-test-Yt Master Tests-2] INFO  [verifyingSettingOptionsLang] [verifyingSettingOptionsLang] Element found and ready (attempt 1): By.xpath: //ytd-topbar-menu-button-renderer[@class='style-scope ytd-masthead style-default']
2026-02-08 18:25:25.573 [TestNG-test-Yt Master Tests-2] INFO  [verifyingSettingOptionsLang] Looking for language element with name: Eesti
2026-02-08 18:25:25.573 [TestNG-test-Yt Master Tests-2] INFO  [verifyingSettingOptionsLang] [verifyingSettingOptionsLang] Waiting until element is visible in viewport
2026-02-08 18:25:35.941 [TestNG-test-Yt Master Tests-2] INFO  [verifyingSettingOptionsLang] [verifyingSettingOptionsLang] Capturing screenshot: Filter Applied is Eesti__2026-02-08_182535.png
2026-02-08 18:25:36.059 [TestNG-test-Yt Master Tests-2] INFO  [verifyingSettingOptionsLang] [verifyingSettingOptionsLang] Screenshot saved at: test-output/screenshots/Run_2026-02-08_18-17-45/verifyingSettingOptionsLang/Filter Applied is Eesti__2026-02-08_182535.png
2026-02-08 18:25:36.059 [TestNG-test-Yt Master Tests-2] INFO  [verifyingSettingOptionsLang] Clicking settings ellipses button...
2026-02-08 18:25:36.059 [TestNG-test-Yt Master Tests-2] INFO  [verifyingSettingOptionsLang] [verifyingSettingOptionsLang] Trying to find element: By.xpath: //ytd-topbar-menu-button-renderer[@class='style-scope ytd-masthead style-default']
2026-02-08 18:25:36.080 [TestNG-test-Yt Master Tests-2] INFO  [verifyingSettingOptionsLang] [verifyingSettingOptionsLang] Element found and ready (attempt 1): By.xpath: //ytd-topbar-menu-button-renderer[@class='style-scope ytd-masthead style-default']
2026-02-08 18:25:38.136 [TestNG-test-Yt Master Tests-2] INFO  [verifyingSettingOptionsLang] Clicking settings ellipses button...
2026-02-08 18:25:38.136 [TestNG-test-Yt Master Tests-2] INFO  [verifyingSettingOptionsLang] [verifyingSettingOptionsLang] Trying to find element: By.xpath: //ytd-topbar-menu-button-renderer[@class='style-scope ytd-masthead style-default']
2026-02-08 18:25:38.157 [TestNG-test-Yt Master Tests-2] INFO  [verifyingSettingOptionsLang] [verifyingSettingOptionsLang] Element found and ready (attempt 1): By.xpath: //ytd-topbar-menu-button-renderer[@class='style-scope ytd-masthead style-default']
2026-02-08 18:25:39.224 [TestNG-test-Yt Master Tests-2] INFO  [verifyingSettingOptionsLang] Getting the setting ellipses options
2026-02-08 18:25:39.224 [TestNG-test-Yt Master Tests-2] INFO  [verifyingSettingOptionsLang] [verifyingSettingOptionsLang] Trying to find element: By.xpath: //ytd-multi-page-menu-renderer
2026-02-08 18:25:39.266 [TestNG-test-Yt Master Tests-2] INFO  [verifyingSettingOptionsLang] [verifyingSettingOptionsLang] Element found and ready (attempt 1): By.xpath: //ytd-multi-page-menu-renderer
2026-02-08 18:25:39.378 [TestNG-test-Yt Master Tests-2] INFO  [verifyingSettingOptionsLang] Clicking settings ellipses button...
2026-02-08 18:25:39.378 [TestNG-test-Yt Master Tests-2] INFO  [verifyingSettingOptionsLang] [verifyingSettingOptionsLang] Trying to find element: By.xpath: //ytd-topbar-menu-button-renderer[@class='style-scope ytd-masthead style-default']
2026-02-08 18:25:39.408 [TestNG-test-Yt Master Tests-2] INFO  [verifyingSettingOptionsLang] [verifyingSettingOptionsLang] Element found and ready (attempt 1): By.xpath: //ytd-topbar-menu-button-renderer[@class='style-scope ytd-masthead style-default']
2026-02-08 18:25:39.475 [TestNG-test-Yt Master Tests-2] INFO  [verifyingSettingOptionsLang] 
========== LANGUAGE DETECTION ==========
Detected Language : ESTONIAN
Input Text        : Teie andmed YouTube'is
Välimus: hele
Kuvamiskeel:
eesti
Piiratud režiim: väljas
Asukoht:
Ameerika Ühendriigid
Klaviatuuri otseteed
Seaded
Abi
Tagasiside saatmine
========================================
2026-02-08 18:25:39.475 [TestNG-test-Yt Master Tests-2] INFO  [verifyingSettingOptionsLang] getLangAttribute() - locating <html> and reading lang property
2026-02-08 18:25:39.562 [TestNG-test-Yt Master Tests-2] INFO  [verifyingSettingOptionsLang] Language attribute read: et-EE
2026-02-08 18:25:39.562 [TestNG-test-Yt Master Tests-2] INFO  [verifyingSettingOptionsLang] Clicking settings ellipses button...
2026-02-08 18:25:39.562 [TestNG-test-Yt Master Tests-2] INFO  [verifyingSettingOptionsLang] [verifyingSettingOptionsLang] Trying to find element: By.xpath: //ytd-topbar-menu-button-renderer[@class='style-scope ytd-masthead style-default']
2026-02-08 18:25:39.653 [TestNG-test-Yt Master Tests-2] INFO  [verifyingSettingOptionsLang] [verifyingSettingOptionsLang] Element found and ready (attempt 1): By.xpath: //ytd-topbar-menu-button-renderer[@class='style-scope ytd-masthead style-default']
2026-02-08 18:25:41.764 [TestNG-test-Yt Master Tests-2] INFO  [verifyingSettingOptionsLang] Clicking language dropdown...
2026-02-08 18:25:41.764 [TestNG-test-Yt Master Tests-2] INFO  [verifyingSettingOptionsLang] [verifyingSettingOptionsLang] Trying to find element: By.xpath: (//div[@id='content-icon'])[2]
2026-02-08 18:25:41.785 [TestNG-test-Yt Master Tests-2] INFO  [verifyingSettingOptionsLang] [verifyingSettingOptionsLang] Element found and ready (attempt 1): By.xpath: (//div[@id='content-icon'])[2]
2026-02-08 18:25:45.354 [TestNG-test-Yt Master Tests-2] INFO  [verifyingSettingOptionsLang] Looking for language element with name: English (India)
2026-02-08 18:25:45.354 [TestNG-test-Yt Master Tests-2] INFO  [verifyingSettingOptionsLang] [verifyingSettingOptionsLang] Trying to find element: By.xpath: //yt-multi-page-menu-section-renderer[@class='style-scope ytd-multi-page-menu-renderer']//yt-formatted-string[@id='label' and text()='English (India)']
2026-02-08 18:25:45.381 [TestNG-test-Yt Master Tests-2] INFO  [verifyingSettingOptionsLang] [verifyingSettingOptionsLang] Element found and ready (attempt 1): By.xpath: //yt-multi-page-menu-section-renderer[@class='style-scope ytd-multi-page-menu-renderer']//yt-formatted-string[@id='label' and text()='English (India)']
2026-02-08 18:25:48.744 [TestNG-test-Yt Master Tests-2] INFO  [verifyingSettingOptionsLang] Clicking settings ellipses button...
2026-02-08 18:25:48.744 [TestNG-test-Yt Master Tests-2] INFO  [verifyingSettingOptionsLang] [verifyingSettingOptionsLang] Trying to find element: By.xpath: //ytd-topbar-menu-button-renderer[@class='style-scope ytd-masthead style-default']
2026-02-08 18:25:48.805 [TestNG-test-Yt Master Tests-2] INFO  [verifyingSettingOptionsLang] [verifyingSettingOptionsLang] Element found and ready (attempt 1): By.xpath: //ytd-topbar-menu-button-renderer[@class='style-scope ytd-masthead style-default']
2026-02-08 18:25:48.942 [TestNG-test-Yt Master Tests-2] INFO  [verifyingSettingOptionsLang] Looking for language element with name: English (India)
2026-02-08 18:25:48.942 [TestNG-test-Yt Master Tests-2] INFO  [verifyingSettingOptionsLang] [verifyingSettingOptionsLang] Waiting until element is visible in viewport
2026-02-08 18:25:59.017 [TestNG-test-Yt Master Tests-2] INFO  [verifyingSettingOptionsLang] [verifyingSettingOptionsLang] Capturing screenshot: Filter Applied is English (India)__2026-02-08_182559.png
2026-02-08 18:25:59.140 [TestNG-test-Yt Master Tests-2] INFO  [verifyingSettingOptionsLang] [verifyingSettingOptionsLang] Screenshot saved at: test-output/screenshots/Run_2026-02-08_18-17-45/verifyingSettingOptionsLang/Filter Applied is English (India)__2026-02-08_182559.png
2026-02-08 18:25:59.140 [TestNG-test-Yt Master Tests-2] INFO  [verifyingSettingOptionsLang] Clicking settings ellipses button...
2026-02-08 18:25:59.140 [TestNG-test-Yt Master Tests-2] INFO  [verifyingSettingOptionsLang] [verifyingSettingOptionsLang] Trying to find element: By.xpath: //ytd-topbar-menu-button-renderer[@class='style-scope ytd-masthead style-default']
2026-02-08 18:25:59.161 [TestNG-test-Yt Master Tests-2] INFO  [verifyingSettingOptionsLang] [verifyingSettingOptionsLang] Element found and ready (attempt 1): By.xpath: //ytd-topbar-menu-button-renderer[@class='style-scope ytd-masthead style-default']
2026-02-08 18:26:01.211 [TestNG-test-Yt Master Tests-2] INFO  [verifyingSettingOptionsLang] Clicking settings ellipses button...
2026-02-08 18:26:01.211 [TestNG-test-Yt Master Tests-2] INFO  [verifyingSettingOptionsLang] [verifyingSettingOptionsLang] Trying to find element: By.xpath: //ytd-topbar-menu-button-renderer[@class='style-scope ytd-masthead style-default']
2026-02-08 18:26:01.230 [TestNG-test-Yt Master Tests-2] INFO  [verifyingSettingOptionsLang] [verifyingSettingOptionsLang] Element found and ready (attempt 1): By.xpath: //ytd-topbar-menu-button-renderer[@class='style-scope ytd-masthead style-default']
2026-02-08 18:26:02.288 [TestNG-test-Yt Master Tests-2] INFO  [verifyingSettingOptionsLang] Getting the setting ellipses options
2026-02-08 18:26:02.289 [TestNG-test-Yt Master Tests-2] INFO  [verifyingSettingOptionsLang] [verifyingSettingOptionsLang] Trying to find element: By.xpath: //ytd-multi-page-menu-renderer
2026-02-08 18:26:02.312 [TestNG-test-Yt Master Tests-2] INFO  [verifyingSettingOptionsLang] [verifyingSettingOptionsLang] Element found and ready (attempt 1): By.xpath: //ytd-multi-page-menu-renderer
2026-02-08 18:26:02.393 [TestNG-test-Yt Master Tests-2] INFO  [verifyingSettingOptionsLang] Clicking settings ellipses button...
2026-02-08 18:26:02.394 [TestNG-test-Yt Master Tests-2] INFO  [verifyingSettingOptionsLang] [verifyingSettingOptionsLang] Trying to find element: By.xpath: //ytd-topbar-menu-button-renderer[@class='style-scope ytd-masthead style-default']
2026-02-08 18:26:02.414 [TestNG-test-Yt Master Tests-2] INFO  [verifyingSettingOptionsLang] [verifyingSettingOptionsLang] Element found and ready (attempt 1): By.xpath: //ytd-topbar-menu-button-renderer[@class='style-scope ytd-masthead style-default']
2026-02-08 18:26:02.467 [TestNG-test-Yt Master Tests-2] INFO  [verifyingSettingOptionsLang] 
========== LANGUAGE DETECTION ==========
Detected Language : ENGLISH
Input Text        : Your data in YouTube
Appearance: Light
Display language:
English (India)
Restricted Mode: Off
Location:
United States
Keyboard shortcuts
Settings
Help
Send feedback
========================================
2026-02-08 18:26:02.468 [TestNG-test-Yt Master Tests-2] INFO  [verifyingSettingOptionsLang] getLangAttribute() - locating <html> and reading lang property
2026-02-08 18:26:02.483 [TestNG-test-Yt Master Tests-2] INFO  [verifyingSettingOptionsLang] Language attribute read: en-IN
2026-02-08 18:26:02.483 [TestNG-test-Yt Master Tests-2] INFO  [verifyingSettingOptionsLang] Clicking settings ellipses button...
2026-02-08 18:26:02.483 [TestNG-test-Yt Master Tests-2] INFO  [verifyingSettingOptionsLang] [verifyingSettingOptionsLang] Trying to find element: By.xpath: //ytd-topbar-menu-button-renderer[@class='style-scope ytd-masthead style-default']
2026-02-08 18:26:02.513 [TestNG-test-Yt Master Tests-2] INFO  [verifyingSettingOptionsLang] [verifyingSettingOptionsLang] Element found and ready (attempt 1): By.xpath: //ytd-topbar-menu-button-renderer[@class='style-scope ytd-masthead style-default']
2026-02-08 18:26:04.573 [TestNG-test-Yt Master Tests-2] INFO  [verifyingSettingOptionsLang] Clicking language dropdown...
2026-02-08 18:26:04.573 [TestNG-test-Yt Master Tests-2] INFO  [verifyingSettingOptionsLang] [verifyingSettingOptionsLang] Trying to find element: By.xpath: (//div[@id='content-icon'])[2]
2026-02-08 18:26:04.595 [TestNG-test-Yt Master Tests-2] INFO  [verifyingSettingOptionsLang] [verifyingSettingOptionsLang] Element found and ready (attempt 1): By.xpath: (//div[@id='content-icon'])[2]
2026-02-08 18:26:07.176 [TestNG-test-Yt Master Tests-2] INFO  [verifyingSettingOptionsLang] [verifyingSettingOptionsLang] Not retrying test 'verifyingSettingOptionsLang'. Retry count: 0, Cause: The following asserts failed:
	Language detection mismatch for language=Bosanski expected [CROATIAN] but found [BOSNIAN]
2026-02-08 18:26:07.181 [TestNG-test-Yt Master Tests-2] ERROR [verifyingSettingOptionsLang] Test FAILED: verifyingSettingOptionsLang - java.lang.AssertionError: The following asserts failed:
	Language detection mismatch for language=Bosanski expected [CROATIAN] but found [BOSNIAN]
2026-02-08 18:26:07.181 [TestNG-test-Yt Master Tests-2] INFO  [verifyingSettingOptionsLang] Closing WebDriver for thread: 35
2026-02-08 18:26:07.540 [TestNG-test-Yt Master Tests-2] INFO  [verifyingSettingOptionsLang] WebDriver instance removed from ThreadLocal for thread: 35
2026-02-08 18:26:07.540 [TestNG-test-Yt Master Tests-2] INFO  [verifyingSettingOptionsLang] Driver closed for test: verifyingSettingOptionsLang
