2026-02-02 18:02:02.996 [TestNG-test-Yt Master Tests-1] INFO  [verifyingSideMenuLanguageAsInSettingsLingua] ===== STARTING TEST: verifyingSideMenuLanguageAsInSettingsLingua  | Thread: 31 =====
2026-02-02 18:02:03.016 [TestNG-test-Yt Master Tests-1] INFO  [verifyingSideMenuLanguageAsInSettingsLingua] No existing WebDriver found for current thread. Initializing a new ChromeDriver...
2026-02-02 18:02:03.017 [TestNG-test-Yt Master Tests-1] INFO  [verifyingSideMenuLanguageAsInSettingsLingua] Loaded config from classpath: masterdata.properties
2026-02-02 18:02:04.553 [TestNG-test-Yt Master Tests-1] INFO  [verifyingSideMenuLanguageAsInSettingsLingua] WebDriverManager: chromedriver setup OK
2026-02-02 18:02:10.341 [TestNG-test-Yt Master Tests-1] INFO  [verifyingSideMenuLanguageAsInSettingsLingua] ChromeDriver initialized successfully for thread: 31
2026-02-02 18:02:10.341 [TestNG-test-Yt Master Tests-1] INFO  [verifyingSideMenuLanguageAsInSettingsLingua] Driver initialized successfully for test: verifyingSideMenuLanguageAsInSettingsLingua
2026-02-02 18:02:10.512 [TestNG-test-Yt Master Tests-1] INFO  [verifyingSideMenuLanguageAsInSettingsLingua] SafeActions initialized with driver ChromeDriver: chrome on windows (8ded2b51b64f67be0fe20a427c811bb2)
2026-02-02 18:02:10.513 [TestNG-test-Yt Master Tests-1] INFO  [verifyingSideMenuLanguageAsInSettingsLingua] Initialized YtLandingPage with driver: ChromeDriver: chrome on windows (8ded2b51b64f67be0fe20a427c811bb2)
2026-02-02 18:02:10.514 [TestNG-test-Yt Master Tests-1] INFO  [verifyingSideMenuLanguageAsInSettingsLingua] SafeActions initialized with driver ChromeDriver: chrome on windows (8ded2b51b64f67be0fe20a427c811bb2)
2026-02-02 18:02:13.839 [TestNG-test-Yt Master Tests-1] INFO  [verifyingSideMenuLanguageAsInSettingsLingua] Opened YouTube landing page.
2026-02-02 18:02:13.839 [TestNG-test-Yt Master Tests-1] INFO  [verifyingSideMenuLanguageAsInSettingsLingua] Clicking settings ellipses button...
2026-02-02 18:02:13.840 [TestNG-test-Yt Master Tests-1] INFO  [verifyingSideMenuLanguageAsInSettingsLingua] [verifyingSideMenuLanguageAsInSettingsLingua] Trying to find element: By.xpath: //ytd-topbar-menu-button-renderer[@class='style-scope ytd-masthead style-default']
2026-02-02 18:02:14.188 [TestNG-test-Yt Master Tests-1] INFO  [verifyingSideMenuLanguageAsInSettingsLingua] [verifyingSideMenuLanguageAsInSettingsLingua] Element found and ready (attempt 1): By.xpath: //ytd-topbar-menu-button-renderer[@class='style-scope ytd-masthead style-default']
2026-02-02 18:02:16.362 [TestNG-test-Yt Master Tests-1] INFO  [verifyingSideMenuLanguageAsInSettingsLingua] Clicking language dropdown...
2026-02-02 18:02:16.362 [TestNG-test-Yt Master Tests-1] INFO  [verifyingSideMenuLanguageAsInSettingsLingua] [verifyingSideMenuLanguageAsInSettingsLingua] Trying to find element: By.xpath: (//div[@id='content-icon'])[2]
2026-02-02 18:02:16.392 [TestNG-test-Yt Master Tests-1] INFO  [verifyingSideMenuLanguageAsInSettingsLingua] [verifyingSideMenuLanguageAsInSettingsLingua] Element found and ready (attempt 1): By.xpath: (//div[@id='content-icon'])[2]
2026-02-02 18:02:19.822 [TestNG-test-Yt Master Tests-1] INFO  [verifyingSideMenuLanguageAsInSettingsLingua] [verifyingSideMenuLanguageAsInSettingsLingua] Execution is Not CRON Job Hence refering to normal keys from UtilData
2026-02-02 18:02:20.828 [TestNG-test-Yt Master Tests-1] INFO  [verifyingSideMenuLanguageAsInSettingsLingua] Looking for language element with name: Afrikaans
2026-02-02 18:02:20.828 [TestNG-test-Yt Master Tests-1] INFO  [verifyingSideMenuLanguageAsInSettingsLingua] [verifyingSideMenuLanguageAsInSettingsLingua] Trying to find element: By.xpath: //yt-multi-page-menu-section-renderer[@class='style-scope ytd-multi-page-menu-renderer']//yt-formatted-string[@id='label' and text()='Afrikaans']
2026-02-02 18:02:20.868 [TestNG-test-Yt Master Tests-1] INFO  [verifyingSideMenuLanguageAsInSettingsLingua] [verifyingSideMenuLanguageAsInSettingsLingua] Element found and ready (attempt 1): By.xpath: //yt-multi-page-menu-section-renderer[@class='style-scope ytd-multi-page-menu-renderer']//yt-formatted-string[@id='label' and text()='Afrikaans']
2026-02-02 18:02:22.825 [TestNG-test-Yt Master Tests-1] INFO  [verifyingSideMenuLanguageAsInSettingsLingua] Clicking settings ellipses button...
2026-02-02 18:02:22.825 [TestNG-test-Yt Master Tests-1] INFO  [verifyingSideMenuLanguageAsInSettingsLingua] [verifyingSideMenuLanguageAsInSettingsLingua] Trying to find element: By.xpath: //ytd-topbar-menu-button-renderer[@class='style-scope ytd-masthead style-default']
2026-02-02 18:02:23.325 [TestNG-test-Yt Master Tests-1] INFO  [verifyingSideMenuLanguageAsInSettingsLingua] [verifyingSideMenuLanguageAsInSettingsLingua] Element found and ready (attempt 1): By.xpath: //ytd-topbar-menu-button-renderer[@class='style-scope ytd-masthead style-default']
2026-02-02 18:02:23.473 [TestNG-test-Yt Master Tests-1] INFO  [verifyingSideMenuLanguageAsInSettingsLingua] Looking for language element with name: Afrikaans
2026-02-02 18:02:23.473 [TestNG-test-Yt Master Tests-1] INFO  [verifyingSideMenuLanguageAsInSettingsLingua] [verifyingSideMenuLanguageAsInSettingsLingua] Waiting until element is visible in viewport
2026-02-02 18:02:33.797 [TestNG-test-Yt Master Tests-1] INFO  [verifyingSideMenuLanguageAsInSettingsLingua] [verifyingSideMenuLanguageAsInSettingsLingua] Capturing screenshot: Filter Applied is Afrikaans__2026-02-02_180233.png
2026-02-02 18:02:33.942 [TestNG-test-Yt Master Tests-1] INFO  [verifyingSideMenuLanguageAsInSettingsLingua] [verifyingSideMenuLanguageAsInSettingsLingua] Screenshot saved at: test-output/screenshots/Run_2026-02-02_18-01-38/verifyingSideMenuLanguageAsInSettingsLingua/Filter Applied is Afrikaans__2026-02-02_180233.png
2026-02-02 18:02:33.942 [TestNG-test-Yt Master Tests-1] INFO  [verifyingSideMenuLanguageAsInSettingsLingua] Clicking settings ellipses button...
2026-02-02 18:02:33.943 [TestNG-test-Yt Master Tests-1] INFO  [verifyingSideMenuLanguageAsInSettingsLingua] [verifyingSideMenuLanguageAsInSettingsLingua] Trying to find element: By.xpath: //ytd-topbar-menu-button-renderer[@class='style-scope ytd-masthead style-default']
2026-02-02 18:02:33.967 [TestNG-test-Yt Master Tests-1] INFO  [verifyingSideMenuLanguageAsInSettingsLingua] [verifyingSideMenuLanguageAsInSettingsLingua] Element found and ready (attempt 1): By.xpath: //ytd-topbar-menu-button-renderer[@class='style-scope ytd-masthead style-default']
2026-02-02 18:02:36.017 [TestNG-test-Yt Master Tests-1] INFO  [verifyingSideMenuLanguageAsInSettingsLingua] Fetching the side menu in expanded view
2026-02-02 18:02:36.017 [TestNG-test-Yt Master Tests-1] INFO  [verifyingSideMenuLanguageAsInSettingsLingua] [verifyingSideMenuLanguageAsInSettingsLingua] Finding elements list: By.xpath: //ytd-guide-entry-renderer[@class='style-scope ytd-guide-section-renderer']
2026-02-02 18:02:36.248 [TestNG-test-Yt Master Tests-1] INFO  [verifyingSideMenuLanguageAsInSettingsLingua] [verifyingSideMenuLanguageAsInSettingsLingua] Found 16 ready elements (attempt 1): By.xpath: //ytd-guide-entry-renderer[@class='style-scope ytd-guide-section-renderer']
2026-02-02 18:02:36.695 [TestNG-test-Yt Master Tests-1] INFO  [verifyingSideMenuLanguageAsInSettingsLingua] Clean Text in detection: ==Tuis Kortvideo's Intekeninge Myne Geskiedenis Musiek Flieks en TV Regstreeks YouTube Premium YouTube TV YouTube Music YouTube Kids Instellings Aangeegeskiedenis Hulp Stuur terugvoer      181
2026-02-02 18:02:37.143 [TestNG-test-Yt Master Tests-1] INFO  [verifyingSideMenuLanguageAsInSettingsLingua] getLangAttribute() - locating <html> and reading lang property
2026-02-02 18:02:37.163 [TestNG-test-Yt Master Tests-1] INFO  [verifyingSideMenuLanguageAsInSettingsLingua] Language attribute read: af-ZA
2026-02-02 18:02:37.164 [TestNG-test-Yt Master Tests-1] INFO  [verifyingSideMenuLanguageAsInSettingsLingua] [verifyingSideMenuLanguageAsInSettingsLingua] ApplicableLanguage==  Afrikaans     Detected Language ==  AFRIKAANS  Expected Language == AFRIKAANS
2026-02-02 18:02:37.167 [TestNG-test-Yt Master Tests-1] INFO  [verifyingSideMenuLanguageAsInSettingsLingua] Clicking settings ellipses button...
2026-02-02 18:02:37.167 [TestNG-test-Yt Master Tests-1] INFO  [verifyingSideMenuLanguageAsInSettingsLingua] [verifyingSideMenuLanguageAsInSettingsLingua] Trying to find element: By.xpath: //ytd-topbar-menu-button-renderer[@class='style-scope ytd-masthead style-default']
2026-02-02 18:02:37.192 [TestNG-test-Yt Master Tests-1] INFO  [verifyingSideMenuLanguageAsInSettingsLingua] [verifyingSideMenuLanguageAsInSettingsLingua] Element found and ready (attempt 1): By.xpath: //ytd-topbar-menu-button-renderer[@class='style-scope ytd-masthead style-default']
2026-02-02 18:02:39.249 [TestNG-test-Yt Master Tests-1] INFO  [verifyingSideMenuLanguageAsInSettingsLingua] Clicking language dropdown...
2026-02-02 18:02:39.249 [TestNG-test-Yt Master Tests-1] INFO  [verifyingSideMenuLanguageAsInSettingsLingua] [verifyingSideMenuLanguageAsInSettingsLingua] Trying to find element: By.xpath: (//div[@id='content-icon'])[2]
2026-02-02 18:02:39.273 [TestNG-test-Yt Master Tests-1] INFO  [verifyingSideMenuLanguageAsInSettingsLingua] [verifyingSideMenuLanguageAsInSettingsLingua] Element found and ready (attempt 1): By.xpath: (//div[@id='content-icon'])[2]
2026-02-02 18:02:42.592 [TestNG-test-Yt Master Tests-1] INFO  [verifyingSideMenuLanguageAsInSettingsLingua] Looking for language element with name: Azərbaycan
2026-02-02 18:02:42.593 [TestNG-test-Yt Master Tests-1] INFO  [verifyingSideMenuLanguageAsInSettingsLingua] [verifyingSideMenuLanguageAsInSettingsLingua] Trying to find element: By.xpath: //yt-multi-page-menu-section-renderer[@class='style-scope ytd-multi-page-menu-renderer']//yt-formatted-string[@id='label' and text()='Azərbaycan']
2026-02-02 18:02:42.624 [TestNG-test-Yt Master Tests-1] INFO  [verifyingSideMenuLanguageAsInSettingsLingua] [verifyingSideMenuLanguageAsInSettingsLingua] Element found and ready (attempt 1): By.xpath: //yt-multi-page-menu-section-renderer[@class='style-scope ytd-multi-page-menu-renderer']//yt-formatted-string[@id='label' and text()='Azərbaycan']
2026-02-02 18:02:43.904 [TestNG-test-Yt Master Tests-1] INFO  [verifyingSideMenuLanguageAsInSettingsLingua] Clicking settings ellipses button...
2026-02-02 18:02:43.905 [TestNG-test-Yt Master Tests-1] INFO  [verifyingSideMenuLanguageAsInSettingsLingua] [verifyingSideMenuLanguageAsInSettingsLingua] Trying to find element: By.xpath: //ytd-topbar-menu-button-renderer[@class='style-scope ytd-masthead style-default']
2026-02-02 18:02:44.191 [TestNG-test-Yt Master Tests-1] INFO  [verifyingSideMenuLanguageAsInSettingsLingua] [verifyingSideMenuLanguageAsInSettingsLingua] Element found and ready (attempt 1): By.xpath: //ytd-topbar-menu-button-renderer[@class='style-scope ytd-masthead style-default']
2026-02-02 18:02:44.442 [TestNG-test-Yt Master Tests-1] INFO  [verifyingSideMenuLanguageAsInSettingsLingua] Looking for language element with name: Azərbaycan
2026-02-02 18:02:44.442 [TestNG-test-Yt Master Tests-1] INFO  [verifyingSideMenuLanguageAsInSettingsLingua] [verifyingSideMenuLanguageAsInSettingsLingua] Waiting until element is visible in viewport
2026-02-02 18:02:54.676 [TestNG-test-Yt Master Tests-1] INFO  [verifyingSideMenuLanguageAsInSettingsLingua] [verifyingSideMenuLanguageAsInSettingsLingua] Capturing screenshot: Filter Applied is Azərbaycan__2026-02-02_180254.png
2026-02-02 18:02:54.797 [TestNG-test-Yt Master Tests-1] INFO  [verifyingSideMenuLanguageAsInSettingsLingua] [verifyingSideMenuLanguageAsInSettingsLingua] Screenshot saved at: test-output/screenshots/Run_2026-02-02_18-01-38/verifyingSideMenuLanguageAsInSettingsLingua/Filter Applied is Azərbaycan__2026-02-02_180254.png
2026-02-02 18:02:54.798 [TestNG-test-Yt Master Tests-1] INFO  [verifyingSideMenuLanguageAsInSettingsLingua] Clicking settings ellipses button...
2026-02-02 18:02:54.798 [TestNG-test-Yt Master Tests-1] INFO  [verifyingSideMenuLanguageAsInSettingsLingua] [verifyingSideMenuLanguageAsInSettingsLingua] Trying to find element: By.xpath: //ytd-topbar-menu-button-renderer[@class='style-scope ytd-masthead style-default']
2026-02-02 18:02:54.819 [TestNG-test-Yt Master Tests-1] INFO  [verifyingSideMenuLanguageAsInSettingsLingua] [verifyingSideMenuLanguageAsInSettingsLingua] Element found and ready (attempt 1): By.xpath: //ytd-topbar-menu-button-renderer[@class='style-scope ytd-masthead style-default']
2026-02-02 18:02:56.870 [TestNG-test-Yt Master Tests-1] INFO  [verifyingSideMenuLanguageAsInSettingsLingua] Fetching the side menu in expanded view
2026-02-02 18:02:56.870 [TestNG-test-Yt Master Tests-1] INFO  [verifyingSideMenuLanguageAsInSettingsLingua] [verifyingSideMenuLanguageAsInSettingsLingua] Finding elements list: By.xpath: //ytd-guide-entry-renderer[@class='style-scope ytd-guide-section-renderer']
2026-02-02 18:02:57.102 [TestNG-test-Yt Master Tests-1] INFO  [verifyingSideMenuLanguageAsInSettingsLingua] [verifyingSideMenuLanguageAsInSettingsLingua] Found 16 ready elements (attempt 1): By.xpath: //ytd-guide-entry-renderer[@class='style-scope ytd-guide-section-renderer']
2026-02-02 18:02:57.467 [TestNG-test-Yt Master Tests-1] INFO  [verifyingSideMenuLanguageAsInSettingsLingua] Clean Text in detection: ==Ev Shorts Abunəliklər Siz Tarixçə Musiqi Film və TV Canlı YouTube Premium YouTube TV YouTube Music YouTube Kids Ayarlar Xəbər tarixçəsi Yardım Rəy göndərin      155
2026-02-02 18:02:57.501 [TestNG-test-Yt Master Tests-1] INFO  [verifyingSideMenuLanguageAsInSettingsLingua] getLangAttribute() - locating <html> and reading lang property
2026-02-02 18:02:57.516 [TestNG-test-Yt Master Tests-1] INFO  [verifyingSideMenuLanguageAsInSettingsLingua] Language attribute read: az-Latn-AZ
2026-02-02 18:02:57.517 [TestNG-test-Yt Master Tests-1] INFO  [verifyingSideMenuLanguageAsInSettingsLingua] [verifyingSideMenuLanguageAsInSettingsLingua] ApplicableLanguage==  Azərbaycan     Detected Language ==  AZERBAIJANI  Expected Language == AZERBAIJANI
2026-02-02 18:02:57.517 [TestNG-test-Yt Master Tests-1] INFO  [verifyingSideMenuLanguageAsInSettingsLingua] Clicking settings ellipses button...
2026-02-02 18:02:57.517 [TestNG-test-Yt Master Tests-1] INFO  [verifyingSideMenuLanguageAsInSettingsLingua] [verifyingSideMenuLanguageAsInSettingsLingua] Trying to find element: By.xpath: //ytd-topbar-menu-button-renderer[@class='style-scope ytd-masthead style-default']
2026-02-02 18:02:57.538 [TestNG-test-Yt Master Tests-1] INFO  [verifyingSideMenuLanguageAsInSettingsLingua] [verifyingSideMenuLanguageAsInSettingsLingua] Element found and ready (attempt 1): By.xpath: //ytd-topbar-menu-button-renderer[@class='style-scope ytd-masthead style-default']
2026-02-02 18:02:59.596 [TestNG-test-Yt Master Tests-1] INFO  [verifyingSideMenuLanguageAsInSettingsLingua] Clicking language dropdown...
2026-02-02 18:02:59.596 [TestNG-test-Yt Master Tests-1] INFO  [verifyingSideMenuLanguageAsInSettingsLingua] [verifyingSideMenuLanguageAsInSettingsLingua] Trying to find element: By.xpath: (//div[@id='content-icon'])[2]
2026-02-02 18:02:59.618 [TestNG-test-Yt Master Tests-1] INFO  [verifyingSideMenuLanguageAsInSettingsLingua] [verifyingSideMenuLanguageAsInSettingsLingua] Element found and ready (attempt 1): By.xpath: (//div[@id='content-icon'])[2]
2026-02-02 18:03:02.986 [TestNG-test-Yt Master Tests-1] INFO  [verifyingSideMenuLanguageAsInSettingsLingua] Looking for language element with name: Bahasa Indonesia
2026-02-02 18:03:02.986 [TestNG-test-Yt Master Tests-1] INFO  [verifyingSideMenuLanguageAsInSettingsLingua] [verifyingSideMenuLanguageAsInSettingsLingua] Trying to find element: By.xpath: //yt-multi-page-menu-section-renderer[@class='style-scope ytd-multi-page-menu-renderer']//yt-formatted-string[@id='label' and text()='Bahasa Indonesia']
2026-02-02 18:03:03.011 [TestNG-test-Yt Master Tests-1] INFO  [verifyingSideMenuLanguageAsInSettingsLingua] [verifyingSideMenuLanguageAsInSettingsLingua] Element found and ready (attempt 1): By.xpath: //yt-multi-page-menu-section-renderer[@class='style-scope ytd-multi-page-menu-renderer']//yt-formatted-string[@id='label' and text()='Bahasa Indonesia']
2026-02-02 18:03:04.372 [TestNG-test-Yt Master Tests-1] INFO  [verifyingSideMenuLanguageAsInSettingsLingua] Clicking settings ellipses button...
2026-02-02 18:03:04.373 [TestNG-test-Yt Master Tests-1] INFO  [verifyingSideMenuLanguageAsInSettingsLingua] [verifyingSideMenuLanguageAsInSettingsLingua] Trying to find element: By.xpath: //ytd-topbar-menu-button-renderer[@class='style-scope ytd-masthead style-default']
2026-02-02 18:03:04.692 [TestNG-test-Yt Master Tests-1] INFO  [verifyingSideMenuLanguageAsInSettingsLingua] [verifyingSideMenuLanguageAsInSettingsLingua] Element found and ready (attempt 1): By.xpath: //ytd-topbar-menu-button-renderer[@class='style-scope ytd-masthead style-default']
2026-02-02 18:03:04.870 [TestNG-test-Yt Master Tests-1] INFO  [verifyingSideMenuLanguageAsInSettingsLingua] Looking for language element with name: Bahasa Indonesia
2026-02-02 18:03:04.871 [TestNG-test-Yt Master Tests-1] INFO  [verifyingSideMenuLanguageAsInSettingsLingua] [verifyingSideMenuLanguageAsInSettingsLingua] Waiting until element is visible in viewport
2026-02-02 18:03:15.148 [TestNG-test-Yt Master Tests-1] INFO  [verifyingSideMenuLanguageAsInSettingsLingua] [verifyingSideMenuLanguageAsInSettingsLingua] Capturing screenshot: Filter Applied is Bahasa Indonesia__2026-02-02_180315.png
2026-02-02 18:03:15.265 [TestNG-test-Yt Master Tests-1] INFO  [verifyingSideMenuLanguageAsInSettingsLingua] [verifyingSideMenuLanguageAsInSettingsLingua] Screenshot saved at: test-output/screenshots/Run_2026-02-02_18-01-38/verifyingSideMenuLanguageAsInSettingsLingua/Filter Applied is Bahasa Indonesia__2026-02-02_180315.png
2026-02-02 18:03:15.265 [TestNG-test-Yt Master Tests-1] INFO  [verifyingSideMenuLanguageAsInSettingsLingua] Clicking settings ellipses button...
2026-02-02 18:03:15.265 [TestNG-test-Yt Master Tests-1] INFO  [verifyingSideMenuLanguageAsInSettingsLingua] [verifyingSideMenuLanguageAsInSettingsLingua] Trying to find element: By.xpath: //ytd-topbar-menu-button-renderer[@class='style-scope ytd-masthead style-default']
2026-02-02 18:03:15.285 [TestNG-test-Yt Master Tests-1] INFO  [verifyingSideMenuLanguageAsInSettingsLingua] [verifyingSideMenuLanguageAsInSettingsLingua] Element found and ready (attempt 1): By.xpath: //ytd-topbar-menu-button-renderer[@class='style-scope ytd-masthead style-default']
2026-02-02 18:03:17.335 [TestNG-test-Yt Master Tests-1] INFO  [verifyingSideMenuLanguageAsInSettingsLingua] Fetching the side menu in expanded view
2026-02-02 18:03:17.335 [TestNG-test-Yt Master Tests-1] INFO  [verifyingSideMenuLanguageAsInSettingsLingua] [verifyingSideMenuLanguageAsInSettingsLingua] Finding elements list: By.xpath: //ytd-guide-entry-renderer[@class='style-scope ytd-guide-section-renderer']
2026-02-02 18:03:17.544 [TestNG-test-Yt Master Tests-1] INFO  [verifyingSideMenuLanguageAsInSettingsLingua] [verifyingSideMenuLanguageAsInSettingsLingua] Found 16 ready elements (attempt 1): By.xpath: //ytd-guide-entry-renderer[@class='style-scope ytd-guide-section-renderer']
2026-02-02 18:03:17.889 [TestNG-test-Yt Master Tests-1] INFO  [verifyingSideMenuLanguageAsInSettingsLingua] Clean Text in detection: ==Beranda Shorts Subscription Anda Histori Musik Film & TV Live YouTube Premium YouTube TV YouTube Music YouTube Kids Setelan Histori laporan Bantuan Kirim masukan      161
2026-02-02 18:03:17.895 [TestNG-test-Yt Master Tests-1] INFO  [verifyingSideMenuLanguageAsInSettingsLingua] getLangAttribute() - locating <html> and reading lang property
2026-02-02 18:03:17.908 [TestNG-test-Yt Master Tests-1] INFO  [verifyingSideMenuLanguageAsInSettingsLingua] Language attribute read: id-ID
2026-02-02 18:03:17.908 [TestNG-test-Yt Master Tests-1] INFO  [verifyingSideMenuLanguageAsInSettingsLingua] [verifyingSideMenuLanguageAsInSettingsLingua] ApplicableLanguage==  Bahasa Indonesia     Detected Language ==  INDONESIAN  Expected Language == INDONESIAN
2026-02-02 18:03:17.908 [TestNG-test-Yt Master Tests-1] INFO  [verifyingSideMenuLanguageAsInSettingsLingua] Clicking settings ellipses button...
2026-02-02 18:03:17.908 [TestNG-test-Yt Master Tests-1] INFO  [verifyingSideMenuLanguageAsInSettingsLingua] [verifyingSideMenuLanguageAsInSettingsLingua] Trying to find element: By.xpath: //ytd-topbar-menu-button-renderer[@class='style-scope ytd-masthead style-default']
2026-02-02 18:03:17.928 [TestNG-test-Yt Master Tests-1] INFO  [verifyingSideMenuLanguageAsInSettingsLingua] [verifyingSideMenuLanguageAsInSettingsLingua] Element found and ready (attempt 1): By.xpath: //ytd-topbar-menu-button-renderer[@class='style-scope ytd-masthead style-default']
2026-02-02 18:03:19.983 [TestNG-test-Yt Master Tests-1] INFO  [verifyingSideMenuLanguageAsInSettingsLingua] Clicking language dropdown...
2026-02-02 18:03:19.983 [TestNG-test-Yt Master Tests-1] INFO  [verifyingSideMenuLanguageAsInSettingsLingua] [verifyingSideMenuLanguageAsInSettingsLingua] Trying to find element: By.xpath: (//div[@id='content-icon'])[2]
2026-02-02 18:03:20.005 [TestNG-test-Yt Master Tests-1] INFO  [verifyingSideMenuLanguageAsInSettingsLingua] [verifyingSideMenuLanguageAsInSettingsLingua] Element found and ready (attempt 1): By.xpath: (//div[@id='content-icon'])[2]
2026-02-02 18:03:23.369 [TestNG-test-Yt Master Tests-1] INFO  [verifyingSideMenuLanguageAsInSettingsLingua] Looking for language element with name: Bosanski
2026-02-02 18:03:23.369 [TestNG-test-Yt Master Tests-1] INFO  [verifyingSideMenuLanguageAsInSettingsLingua] [verifyingSideMenuLanguageAsInSettingsLingua] Trying to find element: By.xpath: //yt-multi-page-menu-section-renderer[@class='style-scope ytd-multi-page-menu-renderer']//yt-formatted-string[@id='label' and text()='Bosanski']
2026-02-02 18:03:23.395 [TestNG-test-Yt Master Tests-1] INFO  [verifyingSideMenuLanguageAsInSettingsLingua] [verifyingSideMenuLanguageAsInSettingsLingua] Element found and ready (attempt 1): By.xpath: //yt-multi-page-menu-section-renderer[@class='style-scope ytd-multi-page-menu-renderer']//yt-formatted-string[@id='label' and text()='Bosanski']
2026-02-02 18:03:24.712 [TestNG-test-Yt Master Tests-1] INFO  [verifyingSideMenuLanguageAsInSettingsLingua] Clicking settings ellipses button...
2026-02-02 18:03:24.713 [TestNG-test-Yt Master Tests-1] INFO  [verifyingSideMenuLanguageAsInSettingsLingua] [verifyingSideMenuLanguageAsInSettingsLingua] Trying to find element: By.xpath: //ytd-topbar-menu-button-renderer[@class='style-scope ytd-masthead style-default']
2026-02-02 18:03:24.984 [TestNG-test-Yt Master Tests-1] INFO  [verifyingSideMenuLanguageAsInSettingsLingua] [verifyingSideMenuLanguageAsInSettingsLingua] Element found and ready (attempt 1): By.xpath: //ytd-topbar-menu-button-renderer[@class='style-scope ytd-masthead style-default']
2026-02-02 18:03:25.242 [TestNG-test-Yt Master Tests-1] INFO  [verifyingSideMenuLanguageAsInSettingsLingua] Looking for language element with name: Bosanski
2026-02-02 18:03:25.243 [TestNG-test-Yt Master Tests-1] INFO  [verifyingSideMenuLanguageAsInSettingsLingua] [verifyingSideMenuLanguageAsInSettingsLingua] Waiting until element is visible in viewport
2026-02-02 18:03:35.441 [TestNG-test-Yt Master Tests-1] INFO  [verifyingSideMenuLanguageAsInSettingsLingua] [verifyingSideMenuLanguageAsInSettingsLingua] Capturing screenshot: Filter Applied is Bosanski__2026-02-02_180335.png
2026-02-02 18:03:35.563 [TestNG-test-Yt Master Tests-1] INFO  [verifyingSideMenuLanguageAsInSettingsLingua] [verifyingSideMenuLanguageAsInSettingsLingua] Screenshot saved at: test-output/screenshots/Run_2026-02-02_18-01-38/verifyingSideMenuLanguageAsInSettingsLingua/Filter Applied is Bosanski__2026-02-02_180335.png
2026-02-02 18:03:35.563 [TestNG-test-Yt Master Tests-1] INFO  [verifyingSideMenuLanguageAsInSettingsLingua] Clicking settings ellipses button...
2026-02-02 18:03:35.563 [TestNG-test-Yt Master Tests-1] INFO  [verifyingSideMenuLanguageAsInSettingsLingua] [verifyingSideMenuLanguageAsInSettingsLingua] Trying to find element: By.xpath: //ytd-topbar-menu-button-renderer[@class='style-scope ytd-masthead style-default']
2026-02-02 18:03:35.595 [TestNG-test-Yt Master Tests-1] INFO  [verifyingSideMenuLanguageAsInSettingsLingua] [verifyingSideMenuLanguageAsInSettingsLingua] Element found and ready (attempt 1): By.xpath: //ytd-topbar-menu-button-renderer[@class='style-scope ytd-masthead style-default']
2026-02-02 18:03:37.645 [TestNG-test-Yt Master Tests-1] INFO  [verifyingSideMenuLanguageAsInSettingsLingua] Fetching the side menu in expanded view
2026-02-02 18:03:37.645 [TestNG-test-Yt Master Tests-1] INFO  [verifyingSideMenuLanguageAsInSettingsLingua] [verifyingSideMenuLanguageAsInSettingsLingua] Finding elements list: By.xpath: //ytd-guide-entry-renderer[@class='style-scope ytd-guide-section-renderer']
2026-02-02 18:03:37.853 [TestNG-test-Yt Master Tests-1] INFO  [verifyingSideMenuLanguageAsInSettingsLingua] [verifyingSideMenuLanguageAsInSettingsLingua] Found 16 ready elements (attempt 1): By.xpath: //ytd-guide-entry-renderer[@class='style-scope ytd-guide-section-renderer']
2026-02-02 18:03:38.167 [TestNG-test-Yt Master Tests-1] INFO  [verifyingSideMenuLanguageAsInSettingsLingua] Clean Text in detection: ==Početna stranica Shorts Pretplate Vi Hi‪storija Muzika Filmovi i TV Uživo YouTube Premium YouTube TV YouTube Music YouTube Kids Postavke Historija prijava Pomoć Pošaljite povratne informacije      191
2026-02-02 18:03:38.174 [TestNG-test-Yt Master Tests-1] INFO  [verifyingSideMenuLanguageAsInSettingsLingua] getLangAttribute() - locating <html> and reading lang property
2026-02-02 18:03:38.186 [TestNG-test-Yt Master Tests-1] INFO  [verifyingSideMenuLanguageAsInSettingsLingua] Language attribute read: bs-Latn-BA
2026-02-02 18:03:38.186 [TestNG-test-Yt Master Tests-1] INFO  [verifyingSideMenuLanguageAsInSettingsLingua] [verifyingSideMenuLanguageAsInSettingsLingua] ApplicableLanguage==  Bosanski     Detected Language ==  BOSNIAN  Expected Language == CROATIAN
2026-02-02 18:03:38.189 [TestNG-test-Yt Master Tests-1] INFO  [verifyingSideMenuLanguageAsInSettingsLingua] Clicking settings ellipses button...
2026-02-02 18:03:38.189 [TestNG-test-Yt Master Tests-1] INFO  [verifyingSideMenuLanguageAsInSettingsLingua] [verifyingSideMenuLanguageAsInSettingsLingua] Trying to find element: By.xpath: //ytd-topbar-menu-button-renderer[@class='style-scope ytd-masthead style-default']
2026-02-02 18:03:38.208 [TestNG-test-Yt Master Tests-1] INFO  [verifyingSideMenuLanguageAsInSettingsLingua] [verifyingSideMenuLanguageAsInSettingsLingua] Element found and ready (attempt 1): By.xpath: //ytd-topbar-menu-button-renderer[@class='style-scope ytd-masthead style-default']
2026-02-02 18:03:40.264 [TestNG-test-Yt Master Tests-1] INFO  [verifyingSideMenuLanguageAsInSettingsLingua] Clicking language dropdown...
2026-02-02 18:03:40.264 [TestNG-test-Yt Master Tests-1] INFO  [verifyingSideMenuLanguageAsInSettingsLingua] [verifyingSideMenuLanguageAsInSettingsLingua] Trying to find element: By.xpath: (//div[@id='content-icon'])[2]
2026-02-02 18:03:40.285 [TestNG-test-Yt Master Tests-1] INFO  [verifyingSideMenuLanguageAsInSettingsLingua] [verifyingSideMenuLanguageAsInSettingsLingua] Element found and ready (attempt 1): By.xpath: (//div[@id='content-icon'])[2]
2026-02-02 18:03:43.595 [TestNG-test-Yt Master Tests-1] INFO  [verifyingSideMenuLanguageAsInSettingsLingua] Looking for language element with name: Català
2026-02-02 18:03:43.595 [TestNG-test-Yt Master Tests-1] INFO  [verifyingSideMenuLanguageAsInSettingsLingua] [verifyingSideMenuLanguageAsInSettingsLingua] Trying to find element: By.xpath: //yt-multi-page-menu-section-renderer[@class='style-scope ytd-multi-page-menu-renderer']//yt-formatted-string[@id='label' and text()='Català']
2026-02-02 18:03:43.622 [TestNG-test-Yt Master Tests-1] INFO  [verifyingSideMenuLanguageAsInSettingsLingua] [verifyingSideMenuLanguageAsInSettingsLingua] Element found and ready (attempt 1): By.xpath: //yt-multi-page-menu-section-renderer[@class='style-scope ytd-multi-page-menu-renderer']//yt-formatted-string[@id='label' and text()='Català']
2026-02-02 18:03:44.937 [TestNG-test-Yt Master Tests-1] INFO  [verifyingSideMenuLanguageAsInSettingsLingua] Clicking settings ellipses button...
2026-02-02 18:03:44.937 [TestNG-test-Yt Master Tests-1] INFO  [verifyingSideMenuLanguageAsInSettingsLingua] [verifyingSideMenuLanguageAsInSettingsLingua] Trying to find element: By.xpath: //ytd-topbar-menu-button-renderer[@class='style-scope ytd-masthead style-default']
2026-02-02 18:03:45.338 [TestNG-test-Yt Master Tests-1] INFO  [verifyingSideMenuLanguageAsInSettingsLingua] [verifyingSideMenuLanguageAsInSettingsLingua] Element found and ready (attempt 1): By.xpath: //ytd-topbar-menu-button-renderer[@class='style-scope ytd-masthead style-default']
2026-02-02 18:03:45.447 [TestNG-test-Yt Master Tests-1] INFO  [verifyingSideMenuLanguageAsInSettingsLingua] Looking for language element with name: Català
2026-02-02 18:03:45.448 [TestNG-test-Yt Master Tests-1] INFO  [verifyingSideMenuLanguageAsInSettingsLingua] [verifyingSideMenuLanguageAsInSettingsLingua] Waiting until element is visible in viewport
2026-02-02 18:03:55.715 [TestNG-test-Yt Master Tests-1] INFO  [verifyingSideMenuLanguageAsInSettingsLingua] [verifyingSideMenuLanguageAsInSettingsLingua] Capturing screenshot: Filter Applied is Català__2026-02-02_180355.png
2026-02-02 18:03:55.844 [TestNG-test-Yt Master Tests-1] INFO  [verifyingSideMenuLanguageAsInSettingsLingua] [verifyingSideMenuLanguageAsInSettingsLingua] Screenshot saved at: test-output/screenshots/Run_2026-02-02_18-01-38/verifyingSideMenuLanguageAsInSettingsLingua/Filter Applied is Català__2026-02-02_180355.png
2026-02-02 18:03:55.844 [TestNG-test-Yt Master Tests-1] INFO  [verifyingSideMenuLanguageAsInSettingsLingua] Clicking settings ellipses button...
2026-02-02 18:03:55.844 [TestNG-test-Yt Master Tests-1] INFO  [verifyingSideMenuLanguageAsInSettingsLingua] [verifyingSideMenuLanguageAsInSettingsLingua] Trying to find element: By.xpath: //ytd-topbar-menu-button-renderer[@class='style-scope ytd-masthead style-default']
2026-02-02 18:03:55.866 [TestNG-test-Yt Master Tests-1] INFO  [verifyingSideMenuLanguageAsInSettingsLingua] [verifyingSideMenuLanguageAsInSettingsLingua] Element found and ready (attempt 1): By.xpath: //ytd-topbar-menu-button-renderer[@class='style-scope ytd-masthead style-default']
2026-02-02 18:03:57.917 [TestNG-test-Yt Master Tests-1] INFO  [verifyingSideMenuLanguageAsInSettingsLingua] Fetching the side menu in expanded view
2026-02-02 18:03:57.917 [TestNG-test-Yt Master Tests-1] INFO  [verifyingSideMenuLanguageAsInSettingsLingua] [verifyingSideMenuLanguageAsInSettingsLingua] Finding elements list: By.xpath: //ytd-guide-entry-renderer[@class='style-scope ytd-guide-section-renderer']
2026-02-02 18:03:58.132 [TestNG-test-Yt Master Tests-1] INFO  [verifyingSideMenuLanguageAsInSettingsLingua] [verifyingSideMenuLanguageAsInSettingsLingua] Found 16 ready elements (attempt 1): By.xpath: //ytd-guide-entry-renderer[@class='style-scope ytd-guide-section-renderer']
2026-02-02 18:03:58.453 [TestNG-test-Yt Master Tests-1] INFO  [verifyingSideMenuLanguageAsInSettingsLingua] Clean Text in detection: ==Inici YouTube Shorts Subscripcions Tu Historial Música Pel·lícules i televisió En directe YouTube Premium YouTube TV YouTube Music YouTube Kids Configuració Historial d'informes Ajuda Envia suggeriments      202
2026-02-02 18:03:58.460 [TestNG-test-Yt Master Tests-1] INFO  [verifyingSideMenuLanguageAsInSettingsLingua] getLangAttribute() - locating <html> and reading lang property
2026-02-02 18:03:58.475 [TestNG-test-Yt Master Tests-1] INFO  [verifyingSideMenuLanguageAsInSettingsLingua] Language attribute read: ca-ES
2026-02-02 18:03:58.475 [TestNG-test-Yt Master Tests-1] INFO  [verifyingSideMenuLanguageAsInSettingsLingua] [verifyingSideMenuLanguageAsInSettingsLingua] ApplicableLanguage==  Català     Detected Language ==  CATALAN  Expected Language == CATALAN
2026-02-02 18:03:58.475 [TestNG-test-Yt Master Tests-1] INFO  [verifyingSideMenuLanguageAsInSettingsLingua] Clicking settings ellipses button...
2026-02-02 18:03:58.476 [TestNG-test-Yt Master Tests-1] INFO  [verifyingSideMenuLanguageAsInSettingsLingua] [verifyingSideMenuLanguageAsInSettingsLingua] Trying to find element: By.xpath: //ytd-topbar-menu-button-renderer[@class='style-scope ytd-masthead style-default']
2026-02-02 18:03:58.495 [TestNG-test-Yt Master Tests-1] INFO  [verifyingSideMenuLanguageAsInSettingsLingua] [verifyingSideMenuLanguageAsInSettingsLingua] Element found and ready (attempt 1): By.xpath: //ytd-topbar-menu-button-renderer[@class='style-scope ytd-masthead style-default']
2026-02-02 18:04:00.551 [TestNG-test-Yt Master Tests-1] INFO  [verifyingSideMenuLanguageAsInSettingsLingua] Clicking language dropdown...
2026-02-02 18:04:00.551 [TestNG-test-Yt Master Tests-1] INFO  [verifyingSideMenuLanguageAsInSettingsLingua] [verifyingSideMenuLanguageAsInSettingsLingua] Trying to find element: By.xpath: (//div[@id='content-icon'])[2]
2026-02-02 18:04:00.573 [TestNG-test-Yt Master Tests-1] INFO  [verifyingSideMenuLanguageAsInSettingsLingua] [verifyingSideMenuLanguageAsInSettingsLingua] Element found and ready (attempt 1): By.xpath: (//div[@id='content-icon'])[2]
2026-02-02 18:04:03.861 [TestNG-test-Yt Master Tests-1] INFO  [verifyingSideMenuLanguageAsInSettingsLingua] Looking for language element with name: Dansk
2026-02-02 18:04:03.861 [TestNG-test-Yt Master Tests-1] INFO  [verifyingSideMenuLanguageAsInSettingsLingua] [verifyingSideMenuLanguageAsInSettingsLingua] Trying to find element: By.xpath: //yt-multi-page-menu-section-renderer[@class='style-scope ytd-multi-page-menu-renderer']//yt-formatted-string[@id='label' and text()='Dansk']
2026-02-02 18:04:03.886 [TestNG-test-Yt Master Tests-1] INFO  [verifyingSideMenuLanguageAsInSettingsLingua] [verifyingSideMenuLanguageAsInSettingsLingua] Element found and ready (attempt 1): By.xpath: //yt-multi-page-menu-section-renderer[@class='style-scope ytd-multi-page-menu-renderer']//yt-formatted-string[@id='label' and text()='Dansk']
2026-02-02 18:04:05.148 [TestNG-test-Yt Master Tests-1] INFO  [verifyingSideMenuLanguageAsInSettingsLingua] Clicking settings ellipses button...
2026-02-02 18:04:05.148 [TestNG-test-Yt Master Tests-1] INFO  [verifyingSideMenuLanguageAsInSettingsLingua] [verifyingSideMenuLanguageAsInSettingsLingua] Trying to find element: By.xpath: //ytd-topbar-menu-button-renderer[@class='style-scope ytd-masthead style-default']
2026-02-02 18:04:05.782 [TestNG-test-Yt Master Tests-1] INFO  [verifyingSideMenuLanguageAsInSettingsLingua] [verifyingSideMenuLanguageAsInSettingsLingua] Element found and ready (attempt 1): By.xpath: //ytd-topbar-menu-button-renderer[@class='style-scope ytd-masthead style-default']
2026-02-02 18:04:05.867 [TestNG-test-Yt Master Tests-1] INFO  [verifyingSideMenuLanguageAsInSettingsLingua] Looking for language element with name: Dansk
2026-02-02 18:04:05.868 [TestNG-test-Yt Master Tests-1] INFO  [verifyingSideMenuLanguageAsInSettingsLingua] [verifyingSideMenuLanguageAsInSettingsLingua] Waiting until element is visible in viewport
2026-02-02 18:04:16.103 [TestNG-test-Yt Master Tests-1] INFO  [verifyingSideMenuLanguageAsInSettingsLingua] [verifyingSideMenuLanguageAsInSettingsLingua] Capturing screenshot: Filter Applied is Dansk__2026-02-02_180416.png
2026-02-02 18:04:16.221 [TestNG-test-Yt Master Tests-1] INFO  [verifyingSideMenuLanguageAsInSettingsLingua] [verifyingSideMenuLanguageAsInSettingsLingua] Screenshot saved at: test-output/screenshots/Run_2026-02-02_18-01-38/verifyingSideMenuLanguageAsInSettingsLingua/Filter Applied is Dansk__2026-02-02_180416.png
2026-02-02 18:04:16.221 [TestNG-test-Yt Master Tests-1] INFO  [verifyingSideMenuLanguageAsInSettingsLingua] Clicking settings ellipses button...
2026-02-02 18:04:16.221 [TestNG-test-Yt Master Tests-1] INFO  [verifyingSideMenuLanguageAsInSettingsLingua] [verifyingSideMenuLanguageAsInSettingsLingua] Trying to find element: By.xpath: //ytd-topbar-menu-button-renderer[@class='style-scope ytd-masthead style-default']
2026-02-02 18:04:16.255 [TestNG-test-Yt Master Tests-1] INFO  [verifyingSideMenuLanguageAsInSettingsLingua] [verifyingSideMenuLanguageAsInSettingsLingua] Element found and ready (attempt 1): By.xpath: //ytd-topbar-menu-button-renderer[@class='style-scope ytd-masthead style-default']
2026-02-02 18:04:18.307 [TestNG-test-Yt Master Tests-1] INFO  [verifyingSideMenuLanguageAsInSettingsLingua] Fetching the side menu in expanded view
2026-02-02 18:04:18.307 [TestNG-test-Yt Master Tests-1] INFO  [verifyingSideMenuLanguageAsInSettingsLingua] [verifyingSideMenuLanguageAsInSettingsLingua] Finding elements list: By.xpath: //ytd-guide-entry-renderer[@class='style-scope ytd-guide-section-renderer']
2026-02-02 18:04:18.505 [TestNG-test-Yt Master Tests-1] INFO  [verifyingSideMenuLanguageAsInSettingsLingua] [verifyingSideMenuLanguageAsInSettingsLingua] Found 16 ready elements (attempt 1): By.xpath: //ytd-guide-entry-renderer[@class='style-scope ytd-guide-section-renderer']
2026-02-02 18:04:18.814 [TestNG-test-Yt Master Tests-1] INFO  [verifyingSideMenuLanguageAsInSettingsLingua] Clean Text in detection: ==Start Shorts Abonnementer Dig Historik Musik Film og tv Live YouTube Premium YouTube TV YouTube Music YouTube Kids Indstillinger Rapporteringshistorik Hjælp Send feedback      170
2026-02-02 18:04:18.818 [TestNG-test-Yt Master Tests-1] INFO  [verifyingSideMenuLanguageAsInSettingsLingua] getLangAttribute() - locating <html> and reading lang property
2026-02-02 18:04:18.829 [TestNG-test-Yt Master Tests-1] INFO  [verifyingSideMenuLanguageAsInSettingsLingua] Language attribute read: da-DK
2026-02-02 18:04:18.829 [TestNG-test-Yt Master Tests-1] INFO  [verifyingSideMenuLanguageAsInSettingsLingua] [verifyingSideMenuLanguageAsInSettingsLingua] ApplicableLanguage==  Dansk     Detected Language ==  DANISH  Expected Language == DANISH
2026-02-02 18:04:18.829 [TestNG-test-Yt Master Tests-1] INFO  [verifyingSideMenuLanguageAsInSettingsLingua] Clicking settings ellipses button...
2026-02-02 18:04:18.829 [TestNG-test-Yt Master Tests-1] INFO  [verifyingSideMenuLanguageAsInSettingsLingua] [verifyingSideMenuLanguageAsInSettingsLingua] Trying to find element: By.xpath: //ytd-topbar-menu-button-renderer[@class='style-scope ytd-masthead style-default']
2026-02-02 18:04:18.848 [TestNG-test-Yt Master Tests-1] INFO  [verifyingSideMenuLanguageAsInSettingsLingua] [verifyingSideMenuLanguageAsInSettingsLingua] Element found and ready (attempt 1): By.xpath: //ytd-topbar-menu-button-renderer[@class='style-scope ytd-masthead style-default']
2026-02-02 18:04:20.906 [TestNG-test-Yt Master Tests-1] INFO  [verifyingSideMenuLanguageAsInSettingsLingua] Clicking language dropdown...
2026-02-02 18:04:20.906 [TestNG-test-Yt Master Tests-1] INFO  [verifyingSideMenuLanguageAsInSettingsLingua] [verifyingSideMenuLanguageAsInSettingsLingua] Trying to find element: By.xpath: (//div[@id='content-icon'])[2]
2026-02-02 18:04:20.927 [TestNG-test-Yt Master Tests-1] INFO  [verifyingSideMenuLanguageAsInSettingsLingua] [verifyingSideMenuLanguageAsInSettingsLingua] Element found and ready (attempt 1): By.xpath: (//div[@id='content-icon'])[2]
2026-02-02 18:04:24.245 [TestNG-test-Yt Master Tests-1] INFO  [verifyingSideMenuLanguageAsInSettingsLingua] Looking for language element with name: Deutsch
2026-02-02 18:04:24.245 [TestNG-test-Yt Master Tests-1] INFO  [verifyingSideMenuLanguageAsInSettingsLingua] [verifyingSideMenuLanguageAsInSettingsLingua] Trying to find element: By.xpath: //yt-multi-page-menu-section-renderer[@class='style-scope ytd-multi-page-menu-renderer']//yt-formatted-string[@id='label' and text()='Deutsch']
2026-02-02 18:04:24.269 [TestNG-test-Yt Master Tests-1] INFO  [verifyingSideMenuLanguageAsInSettingsLingua] [verifyingSideMenuLanguageAsInSettingsLingua] Element found and ready (attempt 1): By.xpath: //yt-multi-page-menu-section-renderer[@class='style-scope ytd-multi-page-menu-renderer']//yt-formatted-string[@id='label' and text()='Deutsch']
2026-02-02 18:04:25.521 [TestNG-test-Yt Master Tests-1] INFO  [verifyingSideMenuLanguageAsInSettingsLingua] Clicking settings ellipses button...
2026-02-02 18:04:25.522 [TestNG-test-Yt Master Tests-1] INFO  [verifyingSideMenuLanguageAsInSettingsLingua] [verifyingSideMenuLanguageAsInSettingsLingua] Trying to find element: By.xpath: //ytd-topbar-menu-button-renderer[@class='style-scope ytd-masthead style-default']
2026-02-02 18:04:26.176 [TestNG-test-Yt Master Tests-1] INFO  [verifyingSideMenuLanguageAsInSettingsLingua] [verifyingSideMenuLanguageAsInSettingsLingua] Element found and ready (attempt 1): By.xpath: //ytd-topbar-menu-button-renderer[@class='style-scope ytd-masthead style-default']
2026-02-02 18:04:26.359 [TestNG-test-Yt Master Tests-1] INFO  [verifyingSideMenuLanguageAsInSettingsLingua] Looking for language element with name: Deutsch
2026-02-02 18:04:26.359 [TestNG-test-Yt Master Tests-1] INFO  [verifyingSideMenuLanguageAsInSettingsLingua] [verifyingSideMenuLanguageAsInSettingsLingua] Waiting until element is visible in viewport
2026-02-02 18:04:36.608 [TestNG-test-Yt Master Tests-1] INFO  [verifyingSideMenuLanguageAsInSettingsLingua] [verifyingSideMenuLanguageAsInSettingsLingua] Capturing screenshot: Filter Applied is Deutsch__2026-02-02_180436.png
2026-02-02 18:04:36.728 [TestNG-test-Yt Master Tests-1] INFO  [verifyingSideMenuLanguageAsInSettingsLingua] [verifyingSideMenuLanguageAsInSettingsLingua] Screenshot saved at: test-output/screenshots/Run_2026-02-02_18-01-38/verifyingSideMenuLanguageAsInSettingsLingua/Filter Applied is Deutsch__2026-02-02_180436.png
2026-02-02 18:04:36.729 [TestNG-test-Yt Master Tests-1] INFO  [verifyingSideMenuLanguageAsInSettingsLingua] Clicking settings ellipses button...
2026-02-02 18:04:36.729 [TestNG-test-Yt Master Tests-1] INFO  [verifyingSideMenuLanguageAsInSettingsLingua] [verifyingSideMenuLanguageAsInSettingsLingua] Trying to find element: By.xpath: //ytd-topbar-menu-button-renderer[@class='style-scope ytd-masthead style-default']
2026-02-02 18:04:36.750 [TestNG-test-Yt Master Tests-1] INFO  [verifyingSideMenuLanguageAsInSettingsLingua] [verifyingSideMenuLanguageAsInSettingsLingua] Element found and ready (attempt 1): By.xpath: //ytd-topbar-menu-button-renderer[@class='style-scope ytd-masthead style-default']
2026-02-02 18:04:38.802 [TestNG-test-Yt Master Tests-1] INFO  [verifyingSideMenuLanguageAsInSettingsLingua] Fetching the side menu in expanded view
2026-02-02 18:04:38.802 [TestNG-test-Yt Master Tests-1] INFO  [verifyingSideMenuLanguageAsInSettingsLingua] [verifyingSideMenuLanguageAsInSettingsLingua] Finding elements list: By.xpath: //ytd-guide-entry-renderer[@class='style-scope ytd-guide-section-renderer']
2026-02-02 18:04:38.997 [TestNG-test-Yt Master Tests-1] INFO  [verifyingSideMenuLanguageAsInSettingsLingua] [verifyingSideMenuLanguageAsInSettingsLingua] Found 16 ready elements (attempt 1): By.xpath: //ytd-guide-entry-renderer[@class='style-scope ytd-guide-section-renderer']
2026-02-02 18:04:39.346 [TestNG-test-Yt Master Tests-1] INFO  [verifyingSideMenuLanguageAsInSettingsLingua] Clean Text in detection: ==Startseite Shorts Abos Mein YouTube Verlauf Musik Filme & Shows Live YouTube Premium YouTube TV YouTube Music YouTube Kids Einstellungen Meldeverlauf Hilfe Feedback senden      171
2026-02-02 18:04:39.349 [TestNG-test-Yt Master Tests-1] INFO  [verifyingSideMenuLanguageAsInSettingsLingua] getLangAttribute() - locating <html> and reading lang property
2026-02-02 18:04:39.361 [TestNG-test-Yt Master Tests-1] INFO  [verifyingSideMenuLanguageAsInSettingsLingua] Language attribute read: de-DE
2026-02-02 18:04:39.361 [TestNG-test-Yt Master Tests-1] INFO  [verifyingSideMenuLanguageAsInSettingsLingua] [verifyingSideMenuLanguageAsInSettingsLingua] ApplicableLanguage==  Deutsch     Detected Language ==  GERMAN  Expected Language == GERMAN
2026-02-02 18:04:39.361 [TestNG-test-Yt Master Tests-1] INFO  [verifyingSideMenuLanguageAsInSettingsLingua] Clicking settings ellipses button...
2026-02-02 18:04:39.361 [TestNG-test-Yt Master Tests-1] INFO  [verifyingSideMenuLanguageAsInSettingsLingua] [verifyingSideMenuLanguageAsInSettingsLingua] Trying to find element: By.xpath: //ytd-topbar-menu-button-renderer[@class='style-scope ytd-masthead style-default']
2026-02-02 18:04:39.380 [TestNG-test-Yt Master Tests-1] INFO  [verifyingSideMenuLanguageAsInSettingsLingua] [verifyingSideMenuLanguageAsInSettingsLingua] Element found and ready (attempt 1): By.xpath: //ytd-topbar-menu-button-renderer[@class='style-scope ytd-masthead style-default']
2026-02-02 18:04:41.434 [TestNG-test-Yt Master Tests-1] INFO  [verifyingSideMenuLanguageAsInSettingsLingua] Clicking language dropdown...
2026-02-02 18:04:41.434 [TestNG-test-Yt Master Tests-1] INFO  [verifyingSideMenuLanguageAsInSettingsLingua] [verifyingSideMenuLanguageAsInSettingsLingua] Trying to find element: By.xpath: (//div[@id='content-icon'])[2]
2026-02-02 18:04:41.467 [TestNG-test-Yt Master Tests-1] INFO  [verifyingSideMenuLanguageAsInSettingsLingua] [verifyingSideMenuLanguageAsInSettingsLingua] Element found and ready (attempt 1): By.xpath: (//div[@id='content-icon'])[2]
2026-02-02 18:04:44.833 [TestNG-test-Yt Master Tests-1] INFO  [verifyingSideMenuLanguageAsInSettingsLingua] Looking for language element with name: Eesti
2026-02-02 18:04:44.833 [TestNG-test-Yt Master Tests-1] INFO  [verifyingSideMenuLanguageAsInSettingsLingua] [verifyingSideMenuLanguageAsInSettingsLingua] Trying to find element: By.xpath: //yt-multi-page-menu-section-renderer[@class='style-scope ytd-multi-page-menu-renderer']//yt-formatted-string[@id='label' and text()='Eesti']
2026-02-02 18:04:44.858 [TestNG-test-Yt Master Tests-1] INFO  [verifyingSideMenuLanguageAsInSettingsLingua] [verifyingSideMenuLanguageAsInSettingsLingua] Element found and ready (attempt 1): By.xpath: //yt-multi-page-menu-section-renderer[@class='style-scope ytd-multi-page-menu-renderer']//yt-formatted-string[@id='label' and text()='Eesti']
2026-02-02 18:04:46.132 [TestNG-test-Yt Master Tests-1] INFO  [verifyingSideMenuLanguageAsInSettingsLingua] Clicking settings ellipses button...
2026-02-02 18:04:46.132 [TestNG-test-Yt Master Tests-1] INFO  [verifyingSideMenuLanguageAsInSettingsLingua] [verifyingSideMenuLanguageAsInSettingsLingua] Trying to find element: By.xpath: //ytd-topbar-menu-button-renderer[@class='style-scope ytd-masthead style-default']
2026-02-02 18:04:46.570 [TestNG-test-Yt Master Tests-1] INFO  [verifyingSideMenuLanguageAsInSettingsLingua] [verifyingSideMenuLanguageAsInSettingsLingua] Element found and ready (attempt 1): By.xpath: //ytd-topbar-menu-button-renderer[@class='style-scope ytd-masthead style-default']
2026-02-02 18:04:46.761 [TestNG-test-Yt Master Tests-1] INFO  [verifyingSideMenuLanguageAsInSettingsLingua] Looking for language element with name: Eesti
2026-02-02 18:04:46.761 [TestNG-test-Yt Master Tests-1] INFO  [verifyingSideMenuLanguageAsInSettingsLingua] [verifyingSideMenuLanguageAsInSettingsLingua] Waiting until element is visible in viewport
2026-02-02 18:04:56.971 [TestNG-test-Yt Master Tests-1] INFO  [verifyingSideMenuLanguageAsInSettingsLingua] [verifyingSideMenuLanguageAsInSettingsLingua] Capturing screenshot: Filter Applied is Eesti__2026-02-02_180456.png
2026-02-02 18:04:57.130 [TestNG-test-Yt Master Tests-1] INFO  [verifyingSideMenuLanguageAsInSettingsLingua] [verifyingSideMenuLanguageAsInSettingsLingua] Screenshot saved at: test-output/screenshots/Run_2026-02-02_18-01-38/verifyingSideMenuLanguageAsInSettingsLingua/Filter Applied is Eesti__2026-02-02_180456.png
2026-02-02 18:04:57.130 [TestNG-test-Yt Master Tests-1] INFO  [verifyingSideMenuLanguageAsInSettingsLingua] Clicking settings ellipses button...
2026-02-02 18:04:57.130 [TestNG-test-Yt Master Tests-1] INFO  [verifyingSideMenuLanguageAsInSettingsLingua] [verifyingSideMenuLanguageAsInSettingsLingua] Trying to find element: By.xpath: //ytd-topbar-menu-button-renderer[@class='style-scope ytd-masthead style-default']
2026-02-02 18:04:57.157 [TestNG-test-Yt Master Tests-1] INFO  [verifyingSideMenuLanguageAsInSettingsLingua] [verifyingSideMenuLanguageAsInSettingsLingua] Element found and ready (attempt 1): By.xpath: //ytd-topbar-menu-button-renderer[@class='style-scope ytd-masthead style-default']
2026-02-02 18:04:59.227 [TestNG-test-Yt Master Tests-1] INFO  [verifyingSideMenuLanguageAsInSettingsLingua] Fetching the side menu in expanded view
2026-02-02 18:04:59.227 [TestNG-test-Yt Master Tests-1] INFO  [verifyingSideMenuLanguageAsInSettingsLingua] [verifyingSideMenuLanguageAsInSettingsLingua] Finding elements list: By.xpath: //ytd-guide-entry-renderer[@class='style-scope ytd-guide-section-renderer']
2026-02-02 18:04:59.443 [TestNG-test-Yt Master Tests-1] INFO  [verifyingSideMenuLanguageAsInSettingsLingua] [verifyingSideMenuLanguageAsInSettingsLingua] Found 16 ready elements (attempt 1): By.xpath: //ytd-guide-entry-renderer[@class='style-scope ytd-guide-section-renderer']
2026-02-02 18:04:59.863 [TestNG-test-Yt Master Tests-1] INFO  [verifyingSideMenuLanguageAsInSettingsLingua] Clean Text in detection: ==Avaleht Shorts Tellimused Teie Ajalugu Muusika Filmid ja telesarjad Otse YouTube Premium YouTube TV YouTube Music YouTube Kids Seaded Teavituste ajalugu Abi Tagasiside saatmine      176
2026-02-02 18:04:59.866 [TestNG-test-Yt Master Tests-1] INFO  [verifyingSideMenuLanguageAsInSettingsLingua] getLangAttribute() - locating <html> and reading lang property
2026-02-02 18:04:59.878 [TestNG-test-Yt Master Tests-1] INFO  [verifyingSideMenuLanguageAsInSettingsLingua] Language attribute read: et-EE
2026-02-02 18:04:59.878 [TestNG-test-Yt Master Tests-1] INFO  [verifyingSideMenuLanguageAsInSettingsLingua] [verifyingSideMenuLanguageAsInSettingsLingua] ApplicableLanguage==  Eesti     Detected Language ==  ESTONIAN  Expected Language == ESTONIAN
2026-02-02 18:04:59.878 [TestNG-test-Yt Master Tests-1] INFO  [verifyingSideMenuLanguageAsInSettingsLingua] Clicking settings ellipses button...
2026-02-02 18:04:59.878 [TestNG-test-Yt Master Tests-1] INFO  [verifyingSideMenuLanguageAsInSettingsLingua] [verifyingSideMenuLanguageAsInSettingsLingua] Trying to find element: By.xpath: //ytd-topbar-menu-button-renderer[@class='style-scope ytd-masthead style-default']
2026-02-02 18:04:59.897 [TestNG-test-Yt Master Tests-1] INFO  [verifyingSideMenuLanguageAsInSettingsLingua] [verifyingSideMenuLanguageAsInSettingsLingua] Element found and ready (attempt 1): By.xpath: //ytd-topbar-menu-button-renderer[@class='style-scope ytd-masthead style-default']
2026-02-02 18:05:01.952 [TestNG-test-Yt Master Tests-1] INFO  [verifyingSideMenuLanguageAsInSettingsLingua] Clicking language dropdown...
2026-02-02 18:05:01.952 [TestNG-test-Yt Master Tests-1] INFO  [verifyingSideMenuLanguageAsInSettingsLingua] [verifyingSideMenuLanguageAsInSettingsLingua] Trying to find element: By.xpath: (//div[@id='content-icon'])[2]
2026-02-02 18:05:01.974 [TestNG-test-Yt Master Tests-1] INFO  [verifyingSideMenuLanguageAsInSettingsLingua] [verifyingSideMenuLanguageAsInSettingsLingua] Element found and ready (attempt 1): By.xpath: (//div[@id='content-icon'])[2]
2026-02-02 18:05:05.302 [TestNG-test-Yt Master Tests-1] INFO  [verifyingSideMenuLanguageAsInSettingsLingua] Looking for language element with name: English (India)
2026-02-02 18:05:05.302 [TestNG-test-Yt Master Tests-1] INFO  [verifyingSideMenuLanguageAsInSettingsLingua] [verifyingSideMenuLanguageAsInSettingsLingua] Trying to find element: By.xpath: //yt-multi-page-menu-section-renderer[@class='style-scope ytd-multi-page-menu-renderer']//yt-formatted-string[@id='label' and text()='English (India)']
2026-02-02 18:05:05.334 [TestNG-test-Yt Master Tests-1] INFO  [verifyingSideMenuLanguageAsInSettingsLingua] [verifyingSideMenuLanguageAsInSettingsLingua] Element found and ready (attempt 1): By.xpath: //yt-multi-page-menu-section-renderer[@class='style-scope ytd-multi-page-menu-renderer']//yt-formatted-string[@id='label' and text()='English (India)']
2026-02-02 18:05:06.610 [TestNG-test-Yt Master Tests-1] INFO  [verifyingSideMenuLanguageAsInSettingsLingua] Clicking settings ellipses button...
2026-02-02 18:05:06.610 [TestNG-test-Yt Master Tests-1] INFO  [verifyingSideMenuLanguageAsInSettingsLingua] [verifyingSideMenuLanguageAsInSettingsLingua] Trying to find element: By.xpath: //ytd-topbar-menu-button-renderer[@class='style-scope ytd-masthead style-default']
2026-02-02 18:05:06.899 [TestNG-test-Yt Master Tests-1] INFO  [verifyingSideMenuLanguageAsInSettingsLingua] [verifyingSideMenuLanguageAsInSettingsLingua] Element found and ready (attempt 1): By.xpath: //ytd-topbar-menu-button-renderer[@class='style-scope ytd-masthead style-default']
2026-02-02 18:05:07.167 [TestNG-test-Yt Master Tests-1] INFO  [verifyingSideMenuLanguageAsInSettingsLingua] Looking for language element with name: English (India)
2026-02-02 18:05:07.167 [TestNG-test-Yt Master Tests-1] INFO  [verifyingSideMenuLanguageAsInSettingsLingua] [verifyingSideMenuLanguageAsInSettingsLingua] Waiting until element is visible in viewport
2026-02-02 18:05:17.426 [TestNG-test-Yt Master Tests-1] INFO  [verifyingSideMenuLanguageAsInSettingsLingua] [verifyingSideMenuLanguageAsInSettingsLingua] Capturing screenshot: Filter Applied is English (India)__2026-02-02_180517.png
2026-02-02 18:05:17.543 [TestNG-test-Yt Master Tests-1] INFO  [verifyingSideMenuLanguageAsInSettingsLingua] [verifyingSideMenuLanguageAsInSettingsLingua] Screenshot saved at: test-output/screenshots/Run_2026-02-02_18-01-38/verifyingSideMenuLanguageAsInSettingsLingua/Filter Applied is English (India)__2026-02-02_180517.png
2026-02-02 18:05:17.543 [TestNG-test-Yt Master Tests-1] INFO  [verifyingSideMenuLanguageAsInSettingsLingua] Clicking settings ellipses button...
2026-02-02 18:05:17.543 [TestNG-test-Yt Master Tests-1] INFO  [verifyingSideMenuLanguageAsInSettingsLingua] [verifyingSideMenuLanguageAsInSettingsLingua] Trying to find element: By.xpath: //ytd-topbar-menu-button-renderer[@class='style-scope ytd-masthead style-default']
2026-02-02 18:05:17.565 [TestNG-test-Yt Master Tests-1] INFO  [verifyingSideMenuLanguageAsInSettingsLingua] [verifyingSideMenuLanguageAsInSettingsLingua] Element found and ready (attempt 1): By.xpath: //ytd-topbar-menu-button-renderer[@class='style-scope ytd-masthead style-default']
2026-02-02 18:05:19.616 [TestNG-test-Yt Master Tests-1] INFO  [verifyingSideMenuLanguageAsInSettingsLingua] Fetching the side menu in expanded view
2026-02-02 18:05:19.616 [TestNG-test-Yt Master Tests-1] INFO  [verifyingSideMenuLanguageAsInSettingsLingua] [verifyingSideMenuLanguageAsInSettingsLingua] Finding elements list: By.xpath: //ytd-guide-entry-renderer[@class='style-scope ytd-guide-section-renderer']
2026-02-02 18:05:19.808 [TestNG-test-Yt Master Tests-1] INFO  [verifyingSideMenuLanguageAsInSettingsLingua] [verifyingSideMenuLanguageAsInSettingsLingua] Found 16 ready elements (attempt 1): By.xpath: //ytd-guide-entry-renderer[@class='style-scope ytd-guide-section-renderer']
2026-02-02 18:05:20.140 [TestNG-test-Yt Master Tests-1] INFO  [verifyingSideMenuLanguageAsInSettingsLingua] Clean Text in detection: ==Home Shorts Subscriptions You History Shopping Music Movies & TV YouTube Premium YouTube TV YouTube Music YouTube Kids Settings Report history Help Send feedback      161
2026-02-02 18:05:20.143 [TestNG-test-Yt Master Tests-1] INFO  [verifyingSideMenuLanguageAsInSettingsLingua] getLangAttribute() - locating <html> and reading lang property
2026-02-02 18:05:20.155 [TestNG-test-Yt Master Tests-1] INFO  [verifyingSideMenuLanguageAsInSettingsLingua] Language attribute read: en-IN
2026-02-02 18:05:20.155 [TestNG-test-Yt Master Tests-1] INFO  [verifyingSideMenuLanguageAsInSettingsLingua] [verifyingSideMenuLanguageAsInSettingsLingua] ApplicableLanguage==  English (India)     Detected Language ==  ENGLISH  Expected Language == ENGLISH
2026-02-02 18:05:20.155 [TestNG-test-Yt Master Tests-1] INFO  [verifyingSideMenuLanguageAsInSettingsLingua] Clicking settings ellipses button...
2026-02-02 18:05:20.155 [TestNG-test-Yt Master Tests-1] INFO  [verifyingSideMenuLanguageAsInSettingsLingua] [verifyingSideMenuLanguageAsInSettingsLingua] Trying to find element: By.xpath: //ytd-topbar-menu-button-renderer[@class='style-scope ytd-masthead style-default']
2026-02-02 18:05:20.173 [TestNG-test-Yt Master Tests-1] INFO  [verifyingSideMenuLanguageAsInSettingsLingua] [verifyingSideMenuLanguageAsInSettingsLingua] Element found and ready (attempt 1): By.xpath: //ytd-topbar-menu-button-renderer[@class='style-scope ytd-masthead style-default']
2026-02-02 18:05:22.227 [TestNG-test-Yt Master Tests-1] INFO  [verifyingSideMenuLanguageAsInSettingsLingua] Clicking language dropdown...
2026-02-02 18:05:22.227 [TestNG-test-Yt Master Tests-1] INFO  [verifyingSideMenuLanguageAsInSettingsLingua] [verifyingSideMenuLanguageAsInSettingsLingua] Trying to find element: By.xpath: (//div[@id='content-icon'])[2]
2026-02-02 18:05:22.248 [TestNG-test-Yt Master Tests-1] INFO  [verifyingSideMenuLanguageAsInSettingsLingua] [verifyingSideMenuLanguageAsInSettingsLingua] Element found and ready (attempt 1): By.xpath: (//div[@id='content-icon'])[2]
2026-02-02 18:05:24.603 [TestNG-test-Yt Master Tests-1] INFO  [verifyingSideMenuLanguageAsInSettingsLingua] [verifyingSideMenuLanguageAsInSettingsLingua] Not retrying test 'verifyingSideMenuLanguageAsInSettingsLingua'. Retry count: 0, Cause: The following asserts failed:
	Page title mismatch expected [CROATIAN] but found [BOSNIAN]
2026-02-02 18:05:24.624 [TestNG-test-Yt Master Tests-1] ERROR [verifyingSideMenuLanguageAsInSettingsLingua] Test FAILED: verifyingSideMenuLanguageAsInSettingsLingua - java.lang.AssertionError: The following asserts failed:
	Page title mismatch expected [CROATIAN] but found [BOSNIAN]
2026-02-02 18:05:24.624 [TestNG-test-Yt Master Tests-1] INFO  [verifyingSideMenuLanguageAsInSettingsLingua] Closing WebDriver for thread: 31
2026-02-02 18:05:24.880 [TestNG-test-Yt Master Tests-1] INFO  [verifyingSideMenuLanguageAsInSettingsLingua] WebDriver instance removed from ThreadLocal for thread: 31
2026-02-02 18:05:24.880 [TestNG-test-Yt Master Tests-1] INFO  [verifyingSideMenuLanguageAsInSettingsLingua] Driver closed for test: verifyingSideMenuLanguageAsInSettingsLingua
