2025-12-26 17:53:15.005 [TestNG-test-Smoke Tests-2] INFO  [verifyingGlobalFilterLandingPageLingua] ===== STARTING TEST: verifyingGlobalFilterLandingPageLingua  | Thread: 35 =====
2025-12-26 17:53:15.009 [TestNG-test-Smoke Tests-2] INFO  [verifyingGlobalFilterLandingPageLingua] No existing WebDriver found for current thread. Initializing a new ChromeDriver...
2025-12-26 17:53:15.173 [TestNG-test-Smoke Tests-2] INFO  [verifyingGlobalFilterLandingPageLingua] WebDriverManager: chromedriver setup OK
2025-12-26 17:53:16.205 [TestNG-test-Smoke Tests-2] INFO  [verifyingGlobalFilterLandingPageLingua] ChromeDriver initialized successfully for thread: 35
2025-12-26 17:53:16.205 [TestNG-test-Smoke Tests-2] INFO  [verifyingGlobalFilterLandingPageLingua] Driver initialized successfully for test: verifyingGlobalFilterLandingPageLingua
2025-12-26 17:53:16.206 [TestNG-test-Smoke Tests-2] INFO  [verifyingGlobalFilterLandingPageLingua] SafeActions initialized with driver ChromeDriver: chrome on windows (0a91104f69abc475d9373fab383960b4)
2025-12-26 17:53:16.206 [TestNG-test-Smoke Tests-2] INFO  [verifyingGlobalFilterLandingPageLingua] SafeActions initialized with driver ChromeDriver: chrome on windows (0a91104f69abc475d9373fab383960b4)
2025-12-26 17:53:16.207 [TestNG-test-Smoke Tests-2] INFO  [verifyingGlobalFilterLandingPageLingua] Initialized YtLandingPage with driver: ChromeDriver: chrome on windows (0a91104f69abc475d9373fab383960b4)
2025-12-26 17:53:18.833 [TestNG-test-Smoke Tests-2] INFO  [verifyingGlobalFilterLandingPageLingua] Opened YouTube landing page.
2025-12-26 17:53:18.833 [TestNG-test-Smoke Tests-2] INFO  [verifyingGlobalFilterLandingPageLingua] Giving input into the search bar with input as  = youtube
2025-12-26 17:53:18.833 [TestNG-test-Smoke Tests-2] INFO  [verifyingGlobalFilterLandingPageLingua] [verifyingGlobalFilterLandingPageLingua] Trying to click element: By.xpath: //input[@class='ytSearchboxComponentInput yt-searchbox-input title']
2025-12-26 17:53:19.240 [TestNG-test-Smoke Tests-2] INFO  [verifyingGlobalFilterLandingPageLingua] [verifyingGlobalFilterLandingPageLingua] Clicked successfully (attempt 1): By.xpath: //input[@class='ytSearchboxComponentInput yt-searchbox-input title']
2025-12-26 17:53:19.491 [TestNG-test-Smoke Tests-2] INFO  [verifyingGlobalFilterLandingPageLingua] [verifyingGlobalFilterLandingPageLingua] Trying to find element: By.xpath: //input[@class='ytSearchboxComponentInput yt-searchbox-input title']
2025-12-26 17:53:19.516 [TestNG-test-Smoke Tests-2] INFO  [verifyingGlobalFilterLandingPageLingua] [verifyingGlobalFilterLandingPageLingua] Element found and ready (attempt 1): By.xpath: //input[@class='ytSearchboxComponentInput yt-searchbox-input title']
2025-12-26 17:53:19.563 [TestNG-test-Smoke Tests-2] INFO  [verifyingGlobalFilterLandingPageLingua] clickEnter(By.xpath: //input[@class='ytSearchboxComponentInput yt-searchbox-input title'])
2025-12-26 17:53:19.564 [TestNG-test-Smoke Tests-2] INFO  [verifyingGlobalFilterLandingPageLingua] [verifyingGlobalFilterLandingPageLingua] Trying to find element: By.xpath: //input[@class='ytSearchboxComponentInput yt-searchbox-input title']
2025-12-26 17:53:19.587 [TestNG-test-Smoke Tests-2] INFO  [verifyingGlobalFilterLandingPageLingua] [verifyingGlobalFilterLandingPageLingua] Element found and ready (attempt 1): By.xpath: //input[@class='ytSearchboxComponentInput yt-searchbox-input title']
2025-12-26 17:53:19.650 [TestNG-test-Smoke Tests-2] INFO  [verifyingGlobalFilterLandingPageLingua] Sent ENTER to By.xpath: //input[@class='ytSearchboxComponentInput yt-searchbox-input title']
2025-12-26 17:53:19.651 [TestNG-test-Smoke Tests-2] INFO  [verifyingGlobalFilterLandingPageLingua] [verifyingGlobalFilterLandingPageLingua] Execution is Not CRON Job Hence refering to normal keys from UtilData
2025-12-26 17:53:19.651 [TestNG-test-Smoke Tests-2] INFO  [verifyingGlobalFilterLandingPageLingua] Clicking settings ellipses button...
2025-12-26 17:53:19.651 [TestNG-test-Smoke Tests-2] INFO  [verifyingGlobalFilterLandingPageLingua] [verifyingGlobalFilterLandingPageLingua] Trying to find element: By.xpath: //ytd-topbar-menu-button-renderer[@class='style-scope ytd-masthead style-default']
2025-12-26 17:53:19.686 [TestNG-test-Smoke Tests-2] INFO  [verifyingGlobalFilterLandingPageLingua] [verifyingGlobalFilterLandingPageLingua] Element found and ready (attempt 1): By.xpath: //ytd-topbar-menu-button-renderer[@class='style-scope ytd-masthead style-default']
2025-12-26 17:53:21.790 [TestNG-test-Smoke Tests-2] INFO  [verifyingGlobalFilterLandingPageLingua] Clicking language dropdown...
2025-12-26 17:53:21.791 [TestNG-test-Smoke Tests-2] INFO  [verifyingGlobalFilterLandingPageLingua] [verifyingGlobalFilterLandingPageLingua] Trying to find element: By.xpath: (//div[@id='content-icon'])[2]
2025-12-26 17:53:22.641 [TestNG-test-Smoke Tests-2] INFO  [verifyingGlobalFilterLandingPageLingua] [verifyingGlobalFilterLandingPageLingua] Element found and ready (attempt 1): By.xpath: (//div[@id='content-icon'])[2]
2025-12-26 17:53:26.069 [TestNG-test-Smoke Tests-2] INFO  [verifyingGlobalFilterLandingPageLingua] Looking for language element with name: Afrikaans
2025-12-26 17:53:26.069 [TestNG-test-Smoke Tests-2] INFO  [verifyingGlobalFilterLandingPageLingua] [verifyingGlobalFilterLandingPageLingua] Trying to find element: By.xpath: //yt-multi-page-menu-section-renderer[@class='style-scope ytd-multi-page-menu-renderer']//yt-formatted-string[@id='label' and text()='Afrikaans']
2025-12-26 17:53:26.138 [TestNG-test-Smoke Tests-2] INFO  [verifyingGlobalFilterLandingPageLingua] [verifyingGlobalFilterLandingPageLingua] Element found and ready (attempt 1): By.xpath: //yt-multi-page-menu-section-renderer[@class='style-scope ytd-multi-page-menu-renderer']//yt-formatted-string[@id='label' and text()='Afrikaans']
2025-12-26 17:53:32.357 [TestNG-test-Smoke Tests-2] INFO  [verifyingGlobalFilterLandingPageLingua] Clicking on global filter button in landing page..
2025-12-26 17:53:32.357 [TestNG-test-Smoke Tests-2] INFO  [verifyingGlobalFilterLandingPageLingua] [verifyingGlobalFilterLandingPageLingua] Trying to click element: By.xpath: //div[@id='filter-button']
2025-12-26 17:53:32.556 [TestNG-test-Smoke Tests-2] INFO  [verifyingGlobalFilterLandingPageLingua] [verifyingGlobalFilterLandingPageLingua] Clicked successfully (attempt 1): By.xpath: //div[@id='filter-button']
2025-12-26 17:53:32.807 [TestNG-test-Smoke Tests-2] INFO  [verifyingGlobalFilterLandingPageLingua] Fetching the data from the global filter in landing page
2025-12-26 17:53:32.807 [TestNG-test-Smoke Tests-2] INFO  [verifyingGlobalFilterLandingPageLingua] [verifyingGlobalFilterLandingPageLingua] Trying to find element: By.xpath: //ytd-search-filter-options-dialog-renderer[@class='style-scope ytd-popup-container']
2025-12-26 17:53:32.833 [TestNG-test-Smoke Tests-2] INFO  [verifyingGlobalFilterLandingPageLingua] [verifyingGlobalFilterLandingPageLingua] Element found and ready (attempt 1): By.xpath: //ytd-search-filter-options-dialog-renderer[@class='style-scope ytd-popup-container']
2025-12-26 17:53:32.865 [TestNG-test-Smoke Tests-2] INFO  [verifyingGlobalFilterLandingPageLingua] Closing the global filter pop-up in landing page..
2025-12-26 17:53:32.865 [TestNG-test-Smoke Tests-2] INFO  [verifyingGlobalFilterLandingPageLingua] [verifyingGlobalFilterLandingPageLingua] Trying to find element: By.xpath: //yt-icon[@icon='close']
2025-12-26 17:53:32.891 [TestNG-test-Smoke Tests-2] INFO  [verifyingGlobalFilterLandingPageLingua] [verifyingGlobalFilterLandingPageLingua] Element found and ready (attempt 1): By.xpath: //yt-icon[@icon='close']
2025-12-26 17:53:33.803 [TestNG-test-Smoke Tests-2] INFO  [verifyingGlobalFilterLandingPageLingua] 
========== LANGUAGE DETECTION ==========
Detected Language : AFRIKAANS
Input Text        : Soekfilters
OPLAAIDATUM
Afgelope uur
Vandag
Vandeesweek
Vandeesmaand
Hierdie jaar
TIPE
Video
Kanaal
Snitlys
Fliek
TYDSDUUR
Korter as 4 minute
4–20 minute
Langer as 20 minute
KENMERKE
Regstreeks
4K
HD
Onderskrifte
Creative Commons
360°
VR180
3D
HDR
Ligging
Gekoop
RANGSKIK VOLGENS
Relevansie
Oplaaidatum
Kyktelling
Gradering
========================================
2025-12-26 17:53:33.804 [TestNG-test-Smoke Tests-2] INFO  [verifyingGlobalFilterLandingPageLingua] getExpectedLangageViaApplicableLangInput(Afrikaans)
2025-12-26 17:53:33.805 [TestNG-test-Smoke Tests-2] INFO  [verifyingGlobalFilterLandingPageLingua] Expected language for 'Afrikaans' -> AFRIKAANS
2025-12-26 17:53:33.805 [TestNG-test-Smoke Tests-2] INFO  [verifyingGlobalFilterLandingPageLingua] getLangAttributeViaLanguageInput(Afrikaans)
2025-12-26 17:53:33.805 [TestNG-test-Smoke Tests-2] INFO  [verifyingGlobalFilterLandingPageLingua] Mapped Afrikaans -> af-ZA
2025-12-26 17:53:33.805 [TestNG-test-Smoke Tests-2] INFO  [verifyingGlobalFilterLandingPageLingua] getLangAttribute() - locating <html> and reading lang property
2025-12-26 17:53:33.827 [TestNG-test-Smoke Tests-2] INFO  [verifyingGlobalFilterLandingPageLingua] Language attribute read: af-ZA
2025-12-26 17:53:33.827 [TestNG-test-Smoke Tests-2] INFO  [verifyingGlobalFilterLandingPageLingua] Clicking settings ellipses button...
2025-12-26 17:53:33.827 [TestNG-test-Smoke Tests-2] INFO  [verifyingGlobalFilterLandingPageLingua] [verifyingGlobalFilterLandingPageLingua] Trying to find element: By.xpath: //ytd-topbar-menu-button-renderer[@class='style-scope ytd-masthead style-default']
2025-12-26 17:53:33.848 [TestNG-test-Smoke Tests-2] INFO  [verifyingGlobalFilterLandingPageLingua] [verifyingGlobalFilterLandingPageLingua] Element found and ready (attempt 1): By.xpath: //ytd-topbar-menu-button-renderer[@class='style-scope ytd-masthead style-default']
2025-12-26 17:53:35.936 [TestNG-test-Smoke Tests-2] INFO  [verifyingGlobalFilterLandingPageLingua] Clicking language dropdown...
2025-12-26 17:53:35.936 [TestNG-test-Smoke Tests-2] INFO  [verifyingGlobalFilterLandingPageLingua] [verifyingGlobalFilterLandingPageLingua] Trying to find element: By.xpath: (//div[@id='content-icon'])[2]
2025-12-26 17:53:35.959 [TestNG-test-Smoke Tests-2] INFO  [verifyingGlobalFilterLandingPageLingua] [verifyingGlobalFilterLandingPageLingua] Element found and ready (attempt 1): By.xpath: (//div[@id='content-icon'])[2]
2025-12-26 17:53:39.385 [TestNG-test-Smoke Tests-2] INFO  [verifyingGlobalFilterLandingPageLingua] Looking for language element with name: Azərbaycan
2025-12-26 17:53:39.385 [TestNG-test-Smoke Tests-2] INFO  [verifyingGlobalFilterLandingPageLingua] [verifyingGlobalFilterLandingPageLingua] Trying to find element: By.xpath: //yt-multi-page-menu-section-renderer[@class='style-scope ytd-multi-page-menu-renderer']//yt-formatted-string[@id='label' and text()='Azərbaycan']
2025-12-26 17:53:39.411 [TestNG-test-Smoke Tests-2] INFO  [verifyingGlobalFilterLandingPageLingua] [verifyingGlobalFilterLandingPageLingua] Element found and ready (attempt 1): By.xpath: //yt-multi-page-menu-section-renderer[@class='style-scope ytd-multi-page-menu-renderer']//yt-formatted-string[@id='label' and text()='Azərbaycan']
2025-12-26 17:53:43.848 [TestNG-test-Smoke Tests-2] INFO  [verifyingGlobalFilterLandingPageLingua] Clicking on global filter button in landing page..
2025-12-26 17:53:43.848 [TestNG-test-Smoke Tests-2] INFO  [verifyingGlobalFilterLandingPageLingua] [verifyingGlobalFilterLandingPageLingua] Trying to click element: By.xpath: //div[@id='filter-button']
2025-12-26 17:53:44.225 [TestNG-test-Smoke Tests-2] INFO  [verifyingGlobalFilterLandingPageLingua] [verifyingGlobalFilterLandingPageLingua] Clicked successfully (attempt 1): By.xpath: //div[@id='filter-button']
2025-12-26 17:53:44.476 [TestNG-test-Smoke Tests-2] INFO  [verifyingGlobalFilterLandingPageLingua] Fetching the data from the global filter in landing page
2025-12-26 17:53:44.476 [TestNG-test-Smoke Tests-2] INFO  [verifyingGlobalFilterLandingPageLingua] [verifyingGlobalFilterLandingPageLingua] Trying to find element: By.xpath: //ytd-search-filter-options-dialog-renderer[@class='style-scope ytd-popup-container']
2025-12-26 17:53:44.518 [TestNG-test-Smoke Tests-2] INFO  [verifyingGlobalFilterLandingPageLingua] [verifyingGlobalFilterLandingPageLingua] Element found and ready (attempt 1): By.xpath: //ytd-search-filter-options-dialog-renderer[@class='style-scope ytd-popup-container']
2025-12-26 17:53:44.581 [TestNG-test-Smoke Tests-2] INFO  [verifyingGlobalFilterLandingPageLingua] Closing the global filter pop-up in landing page..
2025-12-26 17:53:44.581 [TestNG-test-Smoke Tests-2] INFO  [verifyingGlobalFilterLandingPageLingua] [verifyingGlobalFilterLandingPageLingua] Trying to find element: By.xpath: //yt-icon[@icon='close']
2025-12-26 17:53:44.687 [TestNG-test-Smoke Tests-2] INFO  [verifyingGlobalFilterLandingPageLingua] [verifyingGlobalFilterLandingPageLingua] Element found and ready (attempt 1): By.xpath: //yt-icon[@icon='close']
2025-12-26 17:53:44.839 [TestNG-test-Smoke Tests-2] INFO  [verifyingGlobalFilterLandingPageLingua] 
========== LANGUAGE DETECTION ==========
Detected Language : AZERBAIJANI
Input Text        : Axtarış filtrləri
YÜKLƏMƏ TARIXI
Son saat
Bu gün
Bu həftə
Bu ay
Bu il
NÖV
Video
Kanal
Playlist
Kino
MÜDDƏT
4 dəqiqədən az
4-20 dəqiqə
20 dəqiqədən çox
FUNKSIYALAR
Canlı
4K
HD
Altyazılar/gizli altyazılar
Creative Commons lisenziyalı
360°
VR180
3D
HDR
Məkan
Satın alınmış
SIRALA
uyğunluq
Yükləmə tarixi
Baxış sayı
Reytinq
========================================
2025-12-26 17:53:44.839 [TestNG-test-Smoke Tests-2] INFO  [verifyingGlobalFilterLandingPageLingua] getExpectedLangageViaApplicableLangInput(Azərbaycan)
2025-12-26 17:53:44.839 [TestNG-test-Smoke Tests-2] INFO  [verifyingGlobalFilterLandingPageLingua] Expected language for 'Azərbaycan' -> AZERBAIJANI
2025-12-26 17:53:44.839 [TestNG-test-Smoke Tests-2] INFO  [verifyingGlobalFilterLandingPageLingua] getLangAttributeViaLanguageInput(Azərbaycan)
2025-12-26 17:53:44.839 [TestNG-test-Smoke Tests-2] INFO  [verifyingGlobalFilterLandingPageLingua] Mapped Azərbaycan -> az-Latn-AZ
2025-12-26 17:53:44.839 [TestNG-test-Smoke Tests-2] INFO  [verifyingGlobalFilterLandingPageLingua] getLangAttribute() - locating <html> and reading lang property
2025-12-26 17:53:44.868 [TestNG-test-Smoke Tests-2] INFO  [verifyingGlobalFilterLandingPageLingua] Language attribute read: az-Latn-AZ
2025-12-26 17:53:44.868 [TestNG-test-Smoke Tests-2] INFO  [verifyingGlobalFilterLandingPageLingua] Clicking settings ellipses button...
2025-12-26 17:53:44.868 [TestNG-test-Smoke Tests-2] INFO  [verifyingGlobalFilterLandingPageLingua] [verifyingGlobalFilterLandingPageLingua] Trying to find element: By.xpath: //ytd-topbar-menu-button-renderer[@class='style-scope ytd-masthead style-default']
2025-12-26 17:53:44.908 [TestNG-test-Smoke Tests-2] INFO  [verifyingGlobalFilterLandingPageLingua] [verifyingGlobalFilterLandingPageLingua] Element found and ready (attempt 1): By.xpath: //ytd-topbar-menu-button-renderer[@class='style-scope ytd-masthead style-default']
2025-12-26 17:53:47.019 [TestNG-test-Smoke Tests-2] INFO  [verifyingGlobalFilterLandingPageLingua] Clicking language dropdown...
2025-12-26 17:53:47.019 [TestNG-test-Smoke Tests-2] INFO  [verifyingGlobalFilterLandingPageLingua] [verifyingGlobalFilterLandingPageLingua] Trying to find element: By.xpath: (//div[@id='content-icon'])[2]
2025-12-26 17:53:47.043 [TestNG-test-Smoke Tests-2] INFO  [verifyingGlobalFilterLandingPageLingua] [verifyingGlobalFilterLandingPageLingua] Element found and ready (attempt 1): By.xpath: (//div[@id='content-icon'])[2]
2025-12-26 17:53:50.334 [TestNG-test-Smoke Tests-2] INFO  [verifyingGlobalFilterLandingPageLingua] Looking for language element with name: Bahasa Indonesia
2025-12-26 17:53:50.334 [TestNG-test-Smoke Tests-2] INFO  [verifyingGlobalFilterLandingPageLingua] [verifyingGlobalFilterLandingPageLingua] Trying to find element: By.xpath: //yt-multi-page-menu-section-renderer[@class='style-scope ytd-multi-page-menu-renderer']//yt-formatted-string[@id='label' and text()='Bahasa Indonesia']
2025-12-26 17:53:50.360 [TestNG-test-Smoke Tests-2] INFO  [verifyingGlobalFilterLandingPageLingua] [verifyingGlobalFilterLandingPageLingua] Element found and ready (attempt 1): By.xpath: //yt-multi-page-menu-section-renderer[@class='style-scope ytd-multi-page-menu-renderer']//yt-formatted-string[@id='label' and text()='Bahasa Indonesia']
2025-12-26 17:53:54.572 [TestNG-test-Smoke Tests-2] INFO  [verifyingGlobalFilterLandingPageLingua] Clicking on global filter button in landing page..
2025-12-26 17:53:54.572 [TestNG-test-Smoke Tests-2] INFO  [verifyingGlobalFilterLandingPageLingua] [verifyingGlobalFilterLandingPageLingua] Trying to click element: By.xpath: //div[@id='filter-button']
2025-12-26 17:53:55.026 [TestNG-test-Smoke Tests-2] INFO  [verifyingGlobalFilterLandingPageLingua] [verifyingGlobalFilterLandingPageLingua] Clicked successfully (attempt 1): By.xpath: //div[@id='filter-button']
2025-12-26 17:53:55.278 [TestNG-test-Smoke Tests-2] INFO  [verifyingGlobalFilterLandingPageLingua] Fetching the data from the global filter in landing page
2025-12-26 17:53:55.278 [TestNG-test-Smoke Tests-2] INFO  [verifyingGlobalFilterLandingPageLingua] [verifyingGlobalFilterLandingPageLingua] Trying to find element: By.xpath: //ytd-search-filter-options-dialog-renderer[@class='style-scope ytd-popup-container']
2025-12-26 17:53:55.306 [TestNG-test-Smoke Tests-2] INFO  [verifyingGlobalFilterLandingPageLingua] [verifyingGlobalFilterLandingPageLingua] Element found and ready (attempt 1): By.xpath: //ytd-search-filter-options-dialog-renderer[@class='style-scope ytd-popup-container']
2025-12-26 17:53:55.348 [TestNG-test-Smoke Tests-2] INFO  [verifyingGlobalFilterLandingPageLingua] Closing the global filter pop-up in landing page..
2025-12-26 17:53:55.349 [TestNG-test-Smoke Tests-2] INFO  [verifyingGlobalFilterLandingPageLingua] [verifyingGlobalFilterLandingPageLingua] Trying to find element: By.xpath: //yt-icon[@icon='close']
2025-12-26 17:53:55.376 [TestNG-test-Smoke Tests-2] INFO  [verifyingGlobalFilterLandingPageLingua] [verifyingGlobalFilterLandingPageLingua] Element found and ready (attempt 1): By.xpath: //yt-icon[@icon='close']
2025-12-26 17:53:55.551 [TestNG-test-Smoke Tests-2] INFO  [verifyingGlobalFilterLandingPageLingua] 
========== LANGUAGE DETECTION ==========
Detected Language : INDONESIAN
Input Text        : Filter penelusuran
TANGGAL UPLOAD
Sejam terakhir
Hari ini
Minggu ini
Bulan ini
Tahun ini
JENIS
Video
Channel
Playlist
Film
DURASI
Kurang dari 4 menit
4 - 20 menit
Lebih dari 20 menit
FITUR
Live
4K
HD
Subtitel/CC
Creative Commons
360°
VR180
3D
HDR
Lokasi
Dibeli
URUTKAN MENURUT
Relevansi
Tanggal upload
Jumlah tayangan
Rating
========================================
2025-12-26 17:53:55.553 [TestNG-test-Smoke Tests-2] INFO  [verifyingGlobalFilterLandingPageLingua] getExpectedLangageViaApplicableLangInput(Bahasa Indonesia)
2025-12-26 17:53:55.553 [TestNG-test-Smoke Tests-2] INFO  [verifyingGlobalFilterLandingPageLingua] Expected language for 'Bahasa Indonesia' -> INDONESIAN
2025-12-26 17:53:55.553 [TestNG-test-Smoke Tests-2] INFO  [verifyingGlobalFilterLandingPageLingua] getLangAttributeViaLanguageInput(Bahasa Indonesia)
2025-12-26 17:53:55.553 [TestNG-test-Smoke Tests-2] INFO  [verifyingGlobalFilterLandingPageLingua] Mapped Bahasa Indonesia -> id-ID
2025-12-26 17:53:55.553 [TestNG-test-Smoke Tests-2] INFO  [verifyingGlobalFilterLandingPageLingua] getLangAttribute() - locating <html> and reading lang property
2025-12-26 17:53:55.599 [TestNG-test-Smoke Tests-2] INFO  [verifyingGlobalFilterLandingPageLingua] Language attribute read: id-ID
2025-12-26 17:53:55.599 [TestNG-test-Smoke Tests-2] INFO  [verifyingGlobalFilterLandingPageLingua] Clicking settings ellipses button...
2025-12-26 17:53:55.604 [TestNG-test-Smoke Tests-2] INFO  [verifyingGlobalFilterLandingPageLingua] [verifyingGlobalFilterLandingPageLingua] Trying to find element: By.xpath: //ytd-topbar-menu-button-renderer[@class='style-scope ytd-masthead style-default']
2025-12-26 17:53:55.657 [TestNG-test-Smoke Tests-2] INFO  [verifyingGlobalFilterLandingPageLingua] [verifyingGlobalFilterLandingPageLingua] Element found and ready (attempt 1): By.xpath: //ytd-topbar-menu-button-renderer[@class='style-scope ytd-masthead style-default']
2025-12-26 17:53:57.820 [TestNG-test-Smoke Tests-2] INFO  [verifyingGlobalFilterLandingPageLingua] Clicking language dropdown...
2025-12-26 17:53:57.820 [TestNG-test-Smoke Tests-2] INFO  [verifyingGlobalFilterLandingPageLingua] [verifyingGlobalFilterLandingPageLingua] Trying to find element: By.xpath: (//div[@id='content-icon'])[2]
2025-12-26 17:53:57.854 [TestNG-test-Smoke Tests-2] INFO  [verifyingGlobalFilterLandingPageLingua] [verifyingGlobalFilterLandingPageLingua] Element found and ready (attempt 1): By.xpath: (//div[@id='content-icon'])[2]
2025-12-26 17:54:01.285 [TestNG-test-Smoke Tests-2] INFO  [verifyingGlobalFilterLandingPageLingua] Looking for language element with name: Bosanski
2025-12-26 17:54:01.285 [TestNG-test-Smoke Tests-2] INFO  [verifyingGlobalFilterLandingPageLingua] [verifyingGlobalFilterLandingPageLingua] Trying to find element: By.xpath: //yt-multi-page-menu-section-renderer[@class='style-scope ytd-multi-page-menu-renderer']//yt-formatted-string[@id='label' and text()='Bosanski']
2025-12-26 17:54:01.311 [TestNG-test-Smoke Tests-2] INFO  [verifyingGlobalFilterLandingPageLingua] [verifyingGlobalFilterLandingPageLingua] Element found and ready (attempt 1): By.xpath: //yt-multi-page-menu-section-renderer[@class='style-scope ytd-multi-page-menu-renderer']//yt-formatted-string[@id='label' and text()='Bosanski']
2025-12-26 17:54:05.537 [TestNG-test-Smoke Tests-2] INFO  [verifyingGlobalFilterLandingPageLingua] Clicking on global filter button in landing page..
2025-12-26 17:54:05.537 [TestNG-test-Smoke Tests-2] INFO  [verifyingGlobalFilterLandingPageLingua] [verifyingGlobalFilterLandingPageLingua] Trying to click element: By.xpath: //div[@id='filter-button']
2025-12-26 17:54:06.019 [TestNG-test-Smoke Tests-2] INFO  [verifyingGlobalFilterLandingPageLingua] [verifyingGlobalFilterLandingPageLingua] Clicked successfully (attempt 1): By.xpath: //div[@id='filter-button']
2025-12-26 17:54:06.269 [TestNG-test-Smoke Tests-2] INFO  [verifyingGlobalFilterLandingPageLingua] Fetching the data from the global filter in landing page
2025-12-26 17:54:06.269 [TestNG-test-Smoke Tests-2] INFO  [verifyingGlobalFilterLandingPageLingua] [verifyingGlobalFilterLandingPageLingua] Trying to find element: By.xpath: //ytd-search-filter-options-dialog-renderer[@class='style-scope ytd-popup-container']
2025-12-26 17:54:06.339 [TestNG-test-Smoke Tests-2] INFO  [verifyingGlobalFilterLandingPageLingua] [verifyingGlobalFilterLandingPageLingua] Element found and ready (attempt 1): By.xpath: //ytd-search-filter-options-dialog-renderer[@class='style-scope ytd-popup-container']
2025-12-26 17:54:06.368 [TestNG-test-Smoke Tests-2] INFO  [verifyingGlobalFilterLandingPageLingua] Closing the global filter pop-up in landing page..
2025-12-26 17:54:06.368 [TestNG-test-Smoke Tests-2] INFO  [verifyingGlobalFilterLandingPageLingua] [verifyingGlobalFilterLandingPageLingua] Trying to find element: By.xpath: //yt-icon[@icon='close']
2025-12-26 17:54:06.399 [TestNG-test-Smoke Tests-2] INFO  [verifyingGlobalFilterLandingPageLingua] [verifyingGlobalFilterLandingPageLingua] Element found and ready (attempt 1): By.xpath: //yt-icon[@icon='close']
2025-12-26 17:54:06.450 [TestNG-test-Smoke Tests-2] INFO  [verifyingGlobalFilterLandingPageLingua] 
========== LANGUAGE DETECTION ==========
Detected Language : BOSNIAN
Input Text        : Filteri pretraživanja
DATUM OTPREMANJA
Posljednji sat
Danas
Ova sedmica
Ovog mjeseca
Ove godine
VRSTA
Videozapis
Kanal
Plejlista
Film
TRAJANJE
Manje od 4 minute
4 - 20 minuta
Više od 20 minuta
FUNKCIJE
Uživo
4K
HD
Titlovi
Creative Commons
360°
VR180
3D
HDR
Lokacija
Kupljeno
POREDAJ PO:
Relevantnost
Datum otpremanja
Broj pregleda
Ocjena
========================================
2025-12-26 17:54:06.450 [TestNG-test-Smoke Tests-2] INFO  [verifyingGlobalFilterLandingPageLingua] getExpectedLangageViaApplicableLangInput(Bosanski)
2025-12-26 17:54:06.450 [TestNG-test-Smoke Tests-2] INFO  [verifyingGlobalFilterLandingPageLingua] Expected language for 'Bosanski' -> CROATIAN
2025-12-26 17:54:06.450 [TestNG-test-Smoke Tests-2] INFO  [verifyingGlobalFilterLandingPageLingua] getLangAttributeViaLanguageInput(Bosanski)
2025-12-26 17:54:06.450 [TestNG-test-Smoke Tests-2] INFO  [verifyingGlobalFilterLandingPageLingua] Mapped Bosanski -> bs-Latn-BA
2025-12-26 17:54:06.450 [TestNG-test-Smoke Tests-2] INFO  [verifyingGlobalFilterLandingPageLingua] getLangAttribute() - locating <html> and reading lang property
2025-12-26 17:54:06.475 [TestNG-test-Smoke Tests-2] INFO  [verifyingGlobalFilterLandingPageLingua] Language attribute read: bs-Latn-BA
2025-12-26 17:54:06.478 [TestNG-test-Smoke Tests-2] INFO  [verifyingGlobalFilterLandingPageLingua] Clicking settings ellipses button...
2025-12-26 17:54:06.478 [TestNG-test-Smoke Tests-2] INFO  [verifyingGlobalFilterLandingPageLingua] [verifyingGlobalFilterLandingPageLingua] Trying to find element: By.xpath: //ytd-topbar-menu-button-renderer[@class='style-scope ytd-masthead style-default']
2025-12-26 17:54:06.501 [TestNG-test-Smoke Tests-2] INFO  [verifyingGlobalFilterLandingPageLingua] [verifyingGlobalFilterLandingPageLingua] Element found and ready (attempt 1): By.xpath: //ytd-topbar-menu-button-renderer[@class='style-scope ytd-masthead style-default']
2025-12-26 17:54:08.579 [TestNG-test-Smoke Tests-2] INFO  [verifyingGlobalFilterLandingPageLingua] Clicking language dropdown...
2025-12-26 17:54:08.579 [TestNG-test-Smoke Tests-2] INFO  [verifyingGlobalFilterLandingPageLingua] [verifyingGlobalFilterLandingPageLingua] Trying to find element: By.xpath: (//div[@id='content-icon'])[2]
2025-12-26 17:54:08.602 [TestNG-test-Smoke Tests-2] INFO  [verifyingGlobalFilterLandingPageLingua] [verifyingGlobalFilterLandingPageLingua] Element found and ready (attempt 1): By.xpath: (//div[@id='content-icon'])[2]
2025-12-26 17:54:12.142 [TestNG-test-Smoke Tests-2] INFO  [verifyingGlobalFilterLandingPageLingua] Looking for language element with name: Català
2025-12-26 17:54:12.142 [TestNG-test-Smoke Tests-2] INFO  [verifyingGlobalFilterLandingPageLingua] [verifyingGlobalFilterLandingPageLingua] Trying to find element: By.xpath: //yt-multi-page-menu-section-renderer[@class='style-scope ytd-multi-page-menu-renderer']//yt-formatted-string[@id='label' and text()='Català']
2025-12-26 17:54:12.169 [TestNG-test-Smoke Tests-2] INFO  [verifyingGlobalFilterLandingPageLingua] [verifyingGlobalFilterLandingPageLingua] Element found and ready (attempt 1): By.xpath: //yt-multi-page-menu-section-renderer[@class='style-scope ytd-multi-page-menu-renderer']//yt-formatted-string[@id='label' and text()='Català']
2025-12-26 17:54:18.291 [TestNG-test-Smoke Tests-2] INFO  [verifyingGlobalFilterLandingPageLingua] Clicking on global filter button in landing page..
2025-12-26 17:54:18.291 [TestNG-test-Smoke Tests-2] INFO  [verifyingGlobalFilterLandingPageLingua] [verifyingGlobalFilterLandingPageLingua] Trying to click element: By.xpath: //div[@id='filter-button']
2025-12-26 17:54:18.594 [TestNG-test-Smoke Tests-2] INFO  [verifyingGlobalFilterLandingPageLingua] [verifyingGlobalFilterLandingPageLingua] Clicked successfully (attempt 1): By.xpath: //div[@id='filter-button']
2025-12-26 17:54:18.845 [TestNG-test-Smoke Tests-2] INFO  [verifyingGlobalFilterLandingPageLingua] Fetching the data from the global filter in landing page
2025-12-26 17:54:18.845 [TestNG-test-Smoke Tests-2] INFO  [verifyingGlobalFilterLandingPageLingua] [verifyingGlobalFilterLandingPageLingua] Trying to find element: By.xpath: //ytd-search-filter-options-dialog-renderer[@class='style-scope ytd-popup-container']
2025-12-26 17:54:18.878 [TestNG-test-Smoke Tests-2] INFO  [verifyingGlobalFilterLandingPageLingua] [verifyingGlobalFilterLandingPageLingua] Element found and ready (attempt 1): By.xpath: //ytd-search-filter-options-dialog-renderer[@class='style-scope ytd-popup-container']
2025-12-26 17:54:18.921 [TestNG-test-Smoke Tests-2] INFO  [verifyingGlobalFilterLandingPageLingua] Closing the global filter pop-up in landing page..
2025-12-26 17:54:18.922 [TestNG-test-Smoke Tests-2] INFO  [verifyingGlobalFilterLandingPageLingua] [verifyingGlobalFilterLandingPageLingua] Trying to find element: By.xpath: //yt-icon[@icon='close']
2025-12-26 17:54:18.959 [TestNG-test-Smoke Tests-2] INFO  [verifyingGlobalFilterLandingPageLingua] [verifyingGlobalFilterLandingPageLingua] Element found and ready (attempt 1): By.xpath: //yt-icon[@icon='close']
2025-12-26 17:54:19.042 [TestNG-test-Smoke Tests-2] INFO  [verifyingGlobalFilterLandingPageLingua] 
========== LANGUAGE DETECTION ==========
Detected Language : CATALAN
Input Text        : Filtres de cerca
DATA DE PUJADA
Darrera hora
Avui
Aquesta setmana
Aquest mes
Aquest any
TIPUS
Vídeo
Canal
Llista de reproducció
Pel·lícula
DURADA
Menys de 4 minuts
4-20 minuts
Més de 20 minuts
FUNCIONS
En directe
4K
HD
Subtítols
Creative Commons
360°
VR180
3D
HDR
Ubicació
Comprat
ORDENA PER
Rellevància
Data de pujada
Visualitzacions
Puntuació
========================================
2025-12-26 17:54:19.042 [TestNG-test-Smoke Tests-2] INFO  [verifyingGlobalFilterLandingPageLingua] getExpectedLangageViaApplicableLangInput(Català)
2025-12-26 17:54:19.042 [TestNG-test-Smoke Tests-2] INFO  [verifyingGlobalFilterLandingPageLingua] Expected language for 'Català' -> CATALAN
2025-12-26 17:54:19.042 [TestNG-test-Smoke Tests-2] INFO  [verifyingGlobalFilterLandingPageLingua] getLangAttributeViaLanguageInput(Català)
2025-12-26 17:54:19.042 [TestNG-test-Smoke Tests-2] INFO  [verifyingGlobalFilterLandingPageLingua] Mapped Català -> ca-ES
2025-12-26 17:54:19.042 [TestNG-test-Smoke Tests-2] INFO  [verifyingGlobalFilterLandingPageLingua] getLangAttribute() - locating <html> and reading lang property
2025-12-26 17:54:19.066 [TestNG-test-Smoke Tests-2] INFO  [verifyingGlobalFilterLandingPageLingua] Language attribute read: ca-ES
2025-12-26 17:54:19.066 [TestNG-test-Smoke Tests-2] INFO  [verifyingGlobalFilterLandingPageLingua] Clicking settings ellipses button...
2025-12-26 17:54:19.066 [TestNG-test-Smoke Tests-2] INFO  [verifyingGlobalFilterLandingPageLingua] [verifyingGlobalFilterLandingPageLingua] Trying to find element: By.xpath: //ytd-topbar-menu-button-renderer[@class='style-scope ytd-masthead style-default']
2025-12-26 17:54:19.093 [TestNG-test-Smoke Tests-2] INFO  [verifyingGlobalFilterLandingPageLingua] [verifyingGlobalFilterLandingPageLingua] Element found and ready (attempt 1): By.xpath: //ytd-topbar-menu-button-renderer[@class='style-scope ytd-masthead style-default']
2025-12-26 17:54:21.203 [TestNG-test-Smoke Tests-2] INFO  [verifyingGlobalFilterLandingPageLingua] Clicking language dropdown...
2025-12-26 17:54:21.203 [TestNG-test-Smoke Tests-2] INFO  [verifyingGlobalFilterLandingPageLingua] [verifyingGlobalFilterLandingPageLingua] Trying to find element: By.xpath: (//div[@id='content-icon'])[2]
2025-12-26 17:54:21.227 [TestNG-test-Smoke Tests-2] INFO  [verifyingGlobalFilterLandingPageLingua] [verifyingGlobalFilterLandingPageLingua] Element found and ready (attempt 1): By.xpath: (//div[@id='content-icon'])[2]
2025-12-26 17:54:24.619 [TestNG-test-Smoke Tests-2] INFO  [verifyingGlobalFilterLandingPageLingua] Looking for language element with name: Dansk
2025-12-26 17:54:24.619 [TestNG-test-Smoke Tests-2] INFO  [verifyingGlobalFilterLandingPageLingua] [verifyingGlobalFilterLandingPageLingua] Trying to find element: By.xpath: //yt-multi-page-menu-section-renderer[@class='style-scope ytd-multi-page-menu-renderer']//yt-formatted-string[@id='label' and text()='Dansk']
2025-12-26 17:54:24.646 [TestNG-test-Smoke Tests-2] INFO  [verifyingGlobalFilterLandingPageLingua] [verifyingGlobalFilterLandingPageLingua] Element found and ready (attempt 1): By.xpath: //yt-multi-page-menu-section-renderer[@class='style-scope ytd-multi-page-menu-renderer']//yt-formatted-string[@id='label' and text()='Dansk']
2025-12-26 17:54:29.572 [TestNG-test-Smoke Tests-2] INFO  [verifyingGlobalFilterLandingPageLingua] Clicking on global filter button in landing page..
2025-12-26 17:54:29.572 [TestNG-test-Smoke Tests-2] INFO  [verifyingGlobalFilterLandingPageLingua] [verifyingGlobalFilterLandingPageLingua] Trying to click element: By.xpath: //div[@id='filter-button']
2025-12-26 17:54:29.977 [TestNG-test-Smoke Tests-2] INFO  [verifyingGlobalFilterLandingPageLingua] [verifyingGlobalFilterLandingPageLingua] Clicked successfully (attempt 1): By.xpath: //div[@id='filter-button']
2025-12-26 17:54:30.229 [TestNG-test-Smoke Tests-2] INFO  [verifyingGlobalFilterLandingPageLingua] Fetching the data from the global filter in landing page
2025-12-26 17:54:30.229 [TestNG-test-Smoke Tests-2] INFO  [verifyingGlobalFilterLandingPageLingua] [verifyingGlobalFilterLandingPageLingua] Trying to find element: By.xpath: //ytd-search-filter-options-dialog-renderer[@class='style-scope ytd-popup-container']
2025-12-26 17:54:30.252 [TestNG-test-Smoke Tests-2] INFO  [verifyingGlobalFilterLandingPageLingua] [verifyingGlobalFilterLandingPageLingua] Element found and ready (attempt 1): By.xpath: //ytd-search-filter-options-dialog-renderer[@class='style-scope ytd-popup-container']
2025-12-26 17:54:30.278 [TestNG-test-Smoke Tests-2] INFO  [verifyingGlobalFilterLandingPageLingua] Closing the global filter pop-up in landing page..
2025-12-26 17:54:30.278 [TestNG-test-Smoke Tests-2] INFO  [verifyingGlobalFilterLandingPageLingua] [verifyingGlobalFilterLandingPageLingua] Trying to find element: By.xpath: //yt-icon[@icon='close']
2025-12-26 17:54:30.301 [TestNG-test-Smoke Tests-2] INFO  [verifyingGlobalFilterLandingPageLingua] [verifyingGlobalFilterLandingPageLingua] Element found and ready (attempt 1): By.xpath: //yt-icon[@icon='close']
2025-12-26 17:54:30.353 [TestNG-test-Smoke Tests-2] INFO  [verifyingGlobalFilterLandingPageLingua] 
========== LANGUAGE DETECTION ==========
Detected Language : DANISH
Input Text        : Søgefiltre
DATO FOR UPLOAD
Seneste time
I dag
Denne uge
Denne måned
I år
TYPE
Video
Kanal
Playliste
Film
VARIGHED
Under 4 minutter
4-20 minutter
Over 20 minutter
EGENSKABER
Live
4K
HD
Undertekster
Creative Commons
360°
VR180
3D
HDR
Lokation
Købt
SORTER EFTER
Relevans
Dato for upload
Antal visninger
Bedømmelse
========================================
2025-12-26 17:54:30.354 [TestNG-test-Smoke Tests-2] INFO  [verifyingGlobalFilterLandingPageLingua] getExpectedLangageViaApplicableLangInput(Dansk)
2025-12-26 17:54:30.354 [TestNG-test-Smoke Tests-2] INFO  [verifyingGlobalFilterLandingPageLingua] Expected language for 'Dansk' -> DANISH
2025-12-26 17:54:30.354 [TestNG-test-Smoke Tests-2] INFO  [verifyingGlobalFilterLandingPageLingua] getLangAttributeViaLanguageInput(Dansk)
2025-12-26 17:54:30.354 [TestNG-test-Smoke Tests-2] INFO  [verifyingGlobalFilterLandingPageLingua] Mapped Dansk -> da-DK
2025-12-26 17:54:30.354 [TestNG-test-Smoke Tests-2] INFO  [verifyingGlobalFilterLandingPageLingua] getLangAttribute() - locating <html> and reading lang property
2025-12-26 17:54:30.380 [TestNG-test-Smoke Tests-2] INFO  [verifyingGlobalFilterLandingPageLingua] Language attribute read: da-DK
2025-12-26 17:54:30.380 [TestNG-test-Smoke Tests-2] INFO  [verifyingGlobalFilterLandingPageLingua] Clicking settings ellipses button...
2025-12-26 17:54:30.380 [TestNG-test-Smoke Tests-2] INFO  [verifyingGlobalFilterLandingPageLingua] [verifyingGlobalFilterLandingPageLingua] Trying to find element: By.xpath: //ytd-topbar-menu-button-renderer[@class='style-scope ytd-masthead style-default']
2025-12-26 17:54:30.404 [TestNG-test-Smoke Tests-2] INFO  [verifyingGlobalFilterLandingPageLingua] [verifyingGlobalFilterLandingPageLingua] Element found and ready (attempt 1): By.xpath: //ytd-topbar-menu-button-renderer[@class='style-scope ytd-masthead style-default']
2025-12-26 17:54:32.490 [TestNG-test-Smoke Tests-2] INFO  [verifyingGlobalFilterLandingPageLingua] Clicking language dropdown...
2025-12-26 17:54:32.490 [TestNG-test-Smoke Tests-2] INFO  [verifyingGlobalFilterLandingPageLingua] [verifyingGlobalFilterLandingPageLingua] Trying to find element: By.xpath: (//div[@id='content-icon'])[2]
2025-12-26 17:54:32.513 [TestNG-test-Smoke Tests-2] INFO  [verifyingGlobalFilterLandingPageLingua] [verifyingGlobalFilterLandingPageLingua] Element found and ready (attempt 1): By.xpath: (//div[@id='content-icon'])[2]
2025-12-26 17:54:35.806 [TestNG-test-Smoke Tests-2] INFO  [verifyingGlobalFilterLandingPageLingua] Looking for language element with name: Deutsch
2025-12-26 17:54:35.806 [TestNG-test-Smoke Tests-2] INFO  [verifyingGlobalFilterLandingPageLingua] [verifyingGlobalFilterLandingPageLingua] Trying to find element: By.xpath: //yt-multi-page-menu-section-renderer[@class='style-scope ytd-multi-page-menu-renderer']//yt-formatted-string[@id='label' and text()='Deutsch']
2025-12-26 17:54:35.863 [TestNG-test-Smoke Tests-2] INFO  [verifyingGlobalFilterLandingPageLingua] [verifyingGlobalFilterLandingPageLingua] Element found and ready (attempt 1): By.xpath: //yt-multi-page-menu-section-renderer[@class='style-scope ytd-multi-page-menu-renderer']//yt-formatted-string[@id='label' and text()='Deutsch']
2025-12-26 17:54:41.886 [TestNG-test-Smoke Tests-2] INFO  [verifyingGlobalFilterLandingPageLingua] Clicking on global filter button in landing page..
2025-12-26 17:54:41.886 [TestNG-test-Smoke Tests-2] INFO  [verifyingGlobalFilterLandingPageLingua] [verifyingGlobalFilterLandingPageLingua] Trying to click element: By.xpath: //div[@id='filter-button']
2025-12-26 17:54:42.102 [TestNG-test-Smoke Tests-2] INFO  [verifyingGlobalFilterLandingPageLingua] [verifyingGlobalFilterLandingPageLingua] Clicked successfully (attempt 1): By.xpath: //div[@id='filter-button']
2025-12-26 17:54:42.353 [TestNG-test-Smoke Tests-2] INFO  [verifyingGlobalFilterLandingPageLingua] Fetching the data from the global filter in landing page
2025-12-26 17:54:42.353 [TestNG-test-Smoke Tests-2] INFO  [verifyingGlobalFilterLandingPageLingua] [verifyingGlobalFilterLandingPageLingua] Trying to find element: By.xpath: //ytd-search-filter-options-dialog-renderer[@class='style-scope ytd-popup-container']
2025-12-26 17:54:42.384 [TestNG-test-Smoke Tests-2] INFO  [verifyingGlobalFilterLandingPageLingua] [verifyingGlobalFilterLandingPageLingua] Element found and ready (attempt 1): By.xpath: //ytd-search-filter-options-dialog-renderer[@class='style-scope ytd-popup-container']
2025-12-26 17:54:42.416 [TestNG-test-Smoke Tests-2] INFO  [verifyingGlobalFilterLandingPageLingua] Closing the global filter pop-up in landing page..
2025-12-26 17:54:42.416 [TestNG-test-Smoke Tests-2] INFO  [verifyingGlobalFilterLandingPageLingua] [verifyingGlobalFilterLandingPageLingua] Trying to find element: By.xpath: //yt-icon[@icon='close']
2025-12-26 17:54:42.444 [TestNG-test-Smoke Tests-2] INFO  [verifyingGlobalFilterLandingPageLingua] [verifyingGlobalFilterLandingPageLingua] Element found and ready (attempt 1): By.xpath: //yt-icon[@icon='close']
2025-12-26 17:54:42.578 [TestNG-test-Smoke Tests-2] INFO  [verifyingGlobalFilterLandingPageLingua] 
========== LANGUAGE DETECTION ==========
Detected Language : GERMAN
Input Text        : Suchfilter
HOCHLADEDATUM
Letzte Stunde
Heute
Diese Woche
Dieser Monat
Dieses Jahr
TYP
Video
Kanal
Playlist
Film
DAUER
Kürzer als 4 Minuten
4–20 Minuten
Länger als 20 Minuten
EIGENSCHAFTEN
Live
4K
HD
Untertitel/CC
Creative Commons
360°
VR180
3D
HDR
Standort
Gekauft
SORTIEREN NACH
Relevanz
Upload-Datum
Anzahl der Aufrufe
Bewertung
========================================
2025-12-26 17:54:42.578 [TestNG-test-Smoke Tests-2] INFO  [verifyingGlobalFilterLandingPageLingua] getExpectedLangageViaApplicableLangInput(Deutsch)
2025-12-26 17:54:42.578 [TestNG-test-Smoke Tests-2] INFO  [verifyingGlobalFilterLandingPageLingua] Expected language for 'Deutsch' -> GERMAN
2025-12-26 17:54:42.578 [TestNG-test-Smoke Tests-2] INFO  [verifyingGlobalFilterLandingPageLingua] getLangAttributeViaLanguageInput(Deutsch)
2025-12-26 17:54:42.578 [TestNG-test-Smoke Tests-2] INFO  [verifyingGlobalFilterLandingPageLingua] Mapped Deutsch -> de-DE
2025-12-26 17:54:42.578 [TestNG-test-Smoke Tests-2] INFO  [verifyingGlobalFilterLandingPageLingua] getLangAttribute() - locating <html> and reading lang property
2025-12-26 17:54:42.593 [TestNG-test-Smoke Tests-2] INFO  [verifyingGlobalFilterLandingPageLingua] Language attribute read: de-DE
2025-12-26 17:54:42.594 [TestNG-test-Smoke Tests-2] INFO  [verifyingGlobalFilterLandingPageLingua] Clicking settings ellipses button...
2025-12-26 17:54:42.594 [TestNG-test-Smoke Tests-2] INFO  [verifyingGlobalFilterLandingPageLingua] [verifyingGlobalFilterLandingPageLingua] Trying to find element: By.xpath: //ytd-topbar-menu-button-renderer[@class='style-scope ytd-masthead style-default']
2025-12-26 17:54:42.616 [TestNG-test-Smoke Tests-2] INFO  [verifyingGlobalFilterLandingPageLingua] [verifyingGlobalFilterLandingPageLingua] Element found and ready (attempt 1): By.xpath: //ytd-topbar-menu-button-renderer[@class='style-scope ytd-masthead style-default']
2025-12-26 17:54:44.710 [TestNG-test-Smoke Tests-2] INFO  [verifyingGlobalFilterLandingPageLingua] Clicking language dropdown...
2025-12-26 17:54:44.710 [TestNG-test-Smoke Tests-2] INFO  [verifyingGlobalFilterLandingPageLingua] [verifyingGlobalFilterLandingPageLingua] Trying to find element: By.xpath: (//div[@id='content-icon'])[2]
2025-12-26 17:54:44.740 [TestNG-test-Smoke Tests-2] INFO  [verifyingGlobalFilterLandingPageLingua] [verifyingGlobalFilterLandingPageLingua] Element found and ready (attempt 1): By.xpath: (//div[@id='content-icon'])[2]
2025-12-26 17:54:48.234 [TestNG-test-Smoke Tests-2] INFO  [verifyingGlobalFilterLandingPageLingua] Looking for language element with name: Eesti
2025-12-26 17:54:48.234 [TestNG-test-Smoke Tests-2] INFO  [verifyingGlobalFilterLandingPageLingua] [verifyingGlobalFilterLandingPageLingua] Trying to find element: By.xpath: //yt-multi-page-menu-section-renderer[@class='style-scope ytd-multi-page-menu-renderer']//yt-formatted-string[@id='label' and text()='Eesti']
2025-12-26 17:54:48.266 [TestNG-test-Smoke Tests-2] INFO  [verifyingGlobalFilterLandingPageLingua] [verifyingGlobalFilterLandingPageLingua] Element found and ready (attempt 1): By.xpath: //yt-multi-page-menu-section-renderer[@class='style-scope ytd-multi-page-menu-renderer']//yt-formatted-string[@id='label' and text()='Eesti']
2025-12-26 17:54:52.757 [TestNG-test-Smoke Tests-2] INFO  [verifyingGlobalFilterLandingPageLingua] Clicking on global filter button in landing page..
2025-12-26 17:54:52.757 [TestNG-test-Smoke Tests-2] INFO  [verifyingGlobalFilterLandingPageLingua] [verifyingGlobalFilterLandingPageLingua] Trying to click element: By.xpath: //div[@id='filter-button']
2025-12-26 17:54:52.948 [TestNG-test-Smoke Tests-2] INFO  [verifyingGlobalFilterLandingPageLingua] [verifyingGlobalFilterLandingPageLingua] Clicked successfully (attempt 1): By.xpath: //div[@id='filter-button']
2025-12-26 17:54:53.199 [TestNG-test-Smoke Tests-2] INFO  [verifyingGlobalFilterLandingPageLingua] Fetching the data from the global filter in landing page
2025-12-26 17:54:53.199 [TestNG-test-Smoke Tests-2] INFO  [verifyingGlobalFilterLandingPageLingua] [verifyingGlobalFilterLandingPageLingua] Trying to find element: By.xpath: //ytd-search-filter-options-dialog-renderer[@class='style-scope ytd-popup-container']
2025-12-26 17:54:53.222 [TestNG-test-Smoke Tests-2] INFO  [verifyingGlobalFilterLandingPageLingua] [verifyingGlobalFilterLandingPageLingua] Element found and ready (attempt 1): By.xpath: //ytd-search-filter-options-dialog-renderer[@class='style-scope ytd-popup-container']
2025-12-26 17:54:53.248 [TestNG-test-Smoke Tests-2] INFO  [verifyingGlobalFilterLandingPageLingua] Closing the global filter pop-up in landing page..
2025-12-26 17:54:53.249 [TestNG-test-Smoke Tests-2] INFO  [verifyingGlobalFilterLandingPageLingua] [verifyingGlobalFilterLandingPageLingua] Trying to find element: By.xpath: //yt-icon[@icon='close']
2025-12-26 17:54:53.274 [TestNG-test-Smoke Tests-2] INFO  [verifyingGlobalFilterLandingPageLingua] [verifyingGlobalFilterLandingPageLingua] Element found and ready (attempt 1): By.xpath: //yt-icon[@icon='close']
2025-12-26 17:54:53.335 [TestNG-test-Smoke Tests-2] INFO  [verifyingGlobalFilterLandingPageLingua] 
========== LANGUAGE DETECTION ==========
Detected Language : ESTONIAN
Input Text        : Otsingufiltrid
ÜLESLAADIMISE KUUPÄEV
Viimane tund
Täna
See nädal
See kuu
See aasta
TÜÜP
Video
Kanal
Esitusloend
Film
KESTUS
Alla 4 minuti
4–20 minutit
Üle 20 minuti
FUNKTSIOONID
Reaalajas
4K
HD
Subtiitrid
Creative Commons
360°
VR180
3D
HDR
Asukoht
Ostetud
SORDI LÄHTUDES
Asjakohasus
Üleslaadimiskuupäev
Vaatamiste arv
Hinnang
========================================
2025-12-26 17:54:53.335 [TestNG-test-Smoke Tests-2] INFO  [verifyingGlobalFilterLandingPageLingua] getExpectedLangageViaApplicableLangInput(Eesti)
2025-12-26 17:54:53.335 [TestNG-test-Smoke Tests-2] INFO  [verifyingGlobalFilterLandingPageLingua] Expected language for 'Eesti' -> ESTONIAN
2025-12-26 17:54:53.335 [TestNG-test-Smoke Tests-2] INFO  [verifyingGlobalFilterLandingPageLingua] getLangAttributeViaLanguageInput(Eesti)
2025-12-26 17:54:53.335 [TestNG-test-Smoke Tests-2] INFO  [verifyingGlobalFilterLandingPageLingua] Mapped Eesti -> et-EE
2025-12-26 17:54:53.335 [TestNG-test-Smoke Tests-2] INFO  [verifyingGlobalFilterLandingPageLingua] getLangAttribute() - locating <html> and reading lang property
2025-12-26 17:54:53.359 [TestNG-test-Smoke Tests-2] INFO  [verifyingGlobalFilterLandingPageLingua] Language attribute read: et-EE
2025-12-26 17:54:53.359 [TestNG-test-Smoke Tests-2] INFO  [verifyingGlobalFilterLandingPageLingua] Clicking settings ellipses button...
2025-12-26 17:54:53.359 [TestNG-test-Smoke Tests-2] INFO  [verifyingGlobalFilterLandingPageLingua] [verifyingGlobalFilterLandingPageLingua] Trying to find element: By.xpath: //ytd-topbar-menu-button-renderer[@class='style-scope ytd-masthead style-default']
2025-12-26 17:54:53.385 [TestNG-test-Smoke Tests-2] INFO  [verifyingGlobalFilterLandingPageLingua] [verifyingGlobalFilterLandingPageLingua] Element found and ready (attempt 1): By.xpath: //ytd-topbar-menu-button-renderer[@class='style-scope ytd-masthead style-default']
2025-12-26 17:54:55.464 [TestNG-test-Smoke Tests-2] INFO  [verifyingGlobalFilterLandingPageLingua] Clicking language dropdown...
2025-12-26 17:54:55.464 [TestNG-test-Smoke Tests-2] INFO  [verifyingGlobalFilterLandingPageLingua] [verifyingGlobalFilterLandingPageLingua] Trying to find element: By.xpath: (//div[@id='content-icon'])[2]
2025-12-26 17:54:55.495 [TestNG-test-Smoke Tests-2] INFO  [verifyingGlobalFilterLandingPageLingua] [verifyingGlobalFilterLandingPageLingua] Element found and ready (attempt 1): By.xpath: (//div[@id='content-icon'])[2]
2025-12-26 17:54:58.951 [TestNG-test-Smoke Tests-2] INFO  [verifyingGlobalFilterLandingPageLingua] Looking for language element with name: English (India)
2025-12-26 17:54:58.951 [TestNG-test-Smoke Tests-2] INFO  [verifyingGlobalFilterLandingPageLingua] [verifyingGlobalFilterLandingPageLingua] Trying to find element: By.xpath: //yt-multi-page-menu-section-renderer[@class='style-scope ytd-multi-page-menu-renderer']//yt-formatted-string[@id='label' and text()='English (India)']
2025-12-26 17:54:58.978 [TestNG-test-Smoke Tests-2] INFO  [verifyingGlobalFilterLandingPageLingua] [verifyingGlobalFilterLandingPageLingua] Element found and ready (attempt 1): By.xpath: //yt-multi-page-menu-section-renderer[@class='style-scope ytd-multi-page-menu-renderer']//yt-formatted-string[@id='label' and text()='English (India)']
2025-12-26 17:55:03.405 [TestNG-test-Smoke Tests-2] INFO  [verifyingGlobalFilterLandingPageLingua] Clicking on global filter button in landing page..
2025-12-26 17:55:03.405 [TestNG-test-Smoke Tests-2] INFO  [verifyingGlobalFilterLandingPageLingua] [verifyingGlobalFilterLandingPageLingua] Trying to click element: By.xpath: //div[@id='filter-button']
2025-12-26 17:55:03.596 [TestNG-test-Smoke Tests-2] INFO  [verifyingGlobalFilterLandingPageLingua] [verifyingGlobalFilterLandingPageLingua] Clicked successfully (attempt 1): By.xpath: //div[@id='filter-button']
2025-12-26 17:55:03.847 [TestNG-test-Smoke Tests-2] INFO  [verifyingGlobalFilterLandingPageLingua] Fetching the data from the global filter in landing page
2025-12-26 17:55:03.847 [TestNG-test-Smoke Tests-2] INFO  [verifyingGlobalFilterLandingPageLingua] [verifyingGlobalFilterLandingPageLingua] Trying to find element: By.xpath: //ytd-search-filter-options-dialog-renderer[@class='style-scope ytd-popup-container']
2025-12-26 17:55:03.871 [TestNG-test-Smoke Tests-2] INFO  [verifyingGlobalFilterLandingPageLingua] [verifyingGlobalFilterLandingPageLingua] Element found and ready (attempt 1): By.xpath: //ytd-search-filter-options-dialog-renderer[@class='style-scope ytd-popup-container']
2025-12-26 17:55:03.897 [TestNG-test-Smoke Tests-2] INFO  [verifyingGlobalFilterLandingPageLingua] Closing the global filter pop-up in landing page..
2025-12-26 17:55:03.897 [TestNG-test-Smoke Tests-2] INFO  [verifyingGlobalFilterLandingPageLingua] [verifyingGlobalFilterLandingPageLingua] Trying to find element: By.xpath: //yt-icon[@icon='close']
2025-12-26 17:55:03.920 [TestNG-test-Smoke Tests-2] INFO  [verifyingGlobalFilterLandingPageLingua] [verifyingGlobalFilterLandingPageLingua] Element found and ready (attempt 1): By.xpath: //yt-icon[@icon='close']
2025-12-26 17:55:03.973 [TestNG-test-Smoke Tests-2] INFO  [verifyingGlobalFilterLandingPageLingua] 
========== LANGUAGE DETECTION ==========
Detected Language : ENGLISH
Input Text        : Search filters
UPLOAD DATE
Last hour
Today
This week
This month
This year
TYPE
Video
Channel
Playlist
Film
DURATION
Under 4 minutes
4–20 minutes
Over 20 minutes
FEATURES
Live
4K
HD
Subtitles/CC
Creative Commons
360°
VR180
3D
HDR
Location
Purchased
SORT BY
Relevance
Upload date
View count
Rating
========================================
2025-12-26 17:55:03.973 [TestNG-test-Smoke Tests-2] INFO  [verifyingGlobalFilterLandingPageLingua] getExpectedLangageViaApplicableLangInput(English (India))
2025-12-26 17:55:03.973 [TestNG-test-Smoke Tests-2] INFO  [verifyingGlobalFilterLandingPageLingua] Expected language for 'English (India)' -> ENGLISH
2025-12-26 17:55:03.973 [TestNG-test-Smoke Tests-2] INFO  [verifyingGlobalFilterLandingPageLingua] getLangAttributeViaLanguageInput(English (India))
2025-12-26 17:55:03.973 [TestNG-test-Smoke Tests-2] INFO  [verifyingGlobalFilterLandingPageLingua] Mapped English (India) -> en-IN
2025-12-26 17:55:03.973 [TestNG-test-Smoke Tests-2] INFO  [verifyingGlobalFilterLandingPageLingua] getLangAttribute() - locating <html> and reading lang property
2025-12-26 17:55:04.001 [TestNG-test-Smoke Tests-2] INFO  [verifyingGlobalFilterLandingPageLingua] Language attribute read: en-IN
2025-12-26 17:55:04.002 [TestNG-test-Smoke Tests-2] INFO  [verifyingGlobalFilterLandingPageLingua] [verifyingGlobalFilterLandingPageLingua] Not retrying test 'verifyingGlobalFilterLandingPageLingua'. Retry count: 0, Cause: The following asserts failed:
	Language detection mismatch expected [CROATIAN] but found [BOSNIAN]
2025-12-26 17:55:04.008 [TestNG-test-Smoke Tests-2] ERROR [verifyingGlobalFilterLandingPageLingua] Test FAILED: verifyingGlobalFilterLandingPageLingua - java.lang.AssertionError: The following asserts failed:
	Language detection mismatch expected [CROATIAN] but found [BOSNIAN]
2025-12-26 17:55:04.008 [TestNG-test-Smoke Tests-2] INFO  [verifyingGlobalFilterLandingPageLingua] Closing WebDriver for thread: 35
2025-12-26 17:55:04.585 [TestNG-test-Smoke Tests-2] INFO  [verifyingGlobalFilterLandingPageLingua] WebDriver instance removed from ThreadLocal for thread: 35
2025-12-26 17:55:04.585 [TestNG-test-Smoke Tests-2] INFO  [verifyingGlobalFilterLandingPageLingua] Driver closed for test: verifyingGlobalFilterLandingPageLingua
