2026-02-01 12:25:09.220 [TestNG-test-Yt Master Tests-2] INFO  [verifyingSettingOptionsLang] ===== STARTING TEST: verifyingSettingOptionsLang  | Thread: 35 =====
2026-02-01 12:25:09.226 [TestNG-test-Yt Master Tests-2] INFO  [verifyingSettingOptionsLang] No existing WebDriver found for current thread. Initializing a new ChromeDriver...
2026-02-01 12:25:09.242 [TestNG-test-Yt Master Tests-2] INFO  [verifyingSettingOptionsLang] WebDriverManager: chromedriver setup OK
2026-02-01 12:25:10.758 [TestNG-test-Yt Master Tests-2] INFO  [verifyingSettingOptionsLang] ChromeDriver initialized successfully for thread: 35
2026-02-01 12:25:10.758 [TestNG-test-Yt Master Tests-2] INFO  [verifyingSettingOptionsLang] Driver initialized successfully for test: verifyingSettingOptionsLang
2026-02-01 12:25:10.759 [TestNG-test-Yt Master Tests-2] INFO  [verifyingSettingOptionsLang] SafeActions initialized with driver ChromeDriver: chrome on windows (8b614d762e6f3173120b01933459599e)
2026-02-01 12:25:10.759 [TestNG-test-Yt Master Tests-2] INFO  [verifyingSettingOptionsLang] Initialized YtLandingPage with driver: ChromeDriver: chrome on windows (8b614d762e6f3173120b01933459599e)
2026-02-01 12:25:10.760 [TestNG-test-Yt Master Tests-2] INFO  [verifyingSettingOptionsLang] SafeActions initialized with driver ChromeDriver: chrome on windows (8b614d762e6f3173120b01933459599e)
2026-02-01 12:25:12.576 [TestNG-test-Yt Master Tests-2] INFO  [verifyingSettingOptionsLang] Opened YouTube landing page.
2026-02-01 12:25:12.579 [TestNG-test-Yt Master Tests-2] INFO  [verifyingSettingOptionsLang] Clicking settings ellipses button...
2026-02-01 12:25:12.579 [TestNG-test-Yt Master Tests-2] INFO  [verifyingSettingOptionsLang] [verifyingSettingOptionsLang] Trying to find element: By.xpath: //ytd-topbar-menu-button-renderer[@class='style-scope ytd-masthead style-default']
2026-02-01 12:25:12.937 [TestNG-test-Yt Master Tests-2] INFO  [verifyingSettingOptionsLang] [verifyingSettingOptionsLang] Element found and ready (attempt 1): By.xpath: //ytd-topbar-menu-button-renderer[@class='style-scope ytd-masthead style-default']
2026-02-01 12:25:14.071 [TestNG-test-Yt Master Tests-2] INFO  [verifyingSettingOptionsLang] Clicking language dropdown...
2026-02-01 12:25:14.072 [TestNG-test-Yt Master Tests-2] INFO  [verifyingSettingOptionsLang] [verifyingSettingOptionsLang] Trying to find element: By.xpath: (//div[@id='content-icon'])[2]
2026-02-01 12:25:14.110 [TestNG-test-Yt Master Tests-2] INFO  [verifyingSettingOptionsLang] [verifyingSettingOptionsLang] Element found and ready (attempt 1): By.xpath: (//div[@id='content-icon'])[2]
2026-02-01 12:25:15.625 [TestNG-test-Yt Master Tests-2] INFO  [verifyingSettingOptionsLang] [verifyingSettingOptionsLang] Execution is Not CRON Job Hence refering to normal keys from UtilData
2026-02-01 12:25:16.629 [TestNG-test-Yt Master Tests-2] INFO  [verifyingSettingOptionsLang] Looking for language element with name: Afrikaans
2026-02-01 12:25:16.630 [TestNG-test-Yt Master Tests-2] INFO  [verifyingSettingOptionsLang] [verifyingSettingOptionsLang] Trying to find element: By.xpath: //yt-multi-page-menu-section-renderer[@class='style-scope ytd-multi-page-menu-renderer']//yt-formatted-string[@id='label' and text()='Afrikaans']
2026-02-01 12:25:16.713 [TestNG-test-Yt Master Tests-2] INFO  [verifyingSettingOptionsLang] [verifyingSettingOptionsLang] Element found and ready (attempt 1): By.xpath: //yt-multi-page-menu-section-renderer[@class='style-scope ytd-multi-page-menu-renderer']//yt-formatted-string[@id='label' and text()='Afrikaans']
2026-02-01 12:25:19.012 [TestNG-test-Yt Master Tests-2] INFO  [verifyingSettingOptionsLang] Clicking settings ellipses button...
2026-02-01 12:25:19.013 [TestNG-test-Yt Master Tests-2] INFO  [verifyingSettingOptionsLang] [verifyingSettingOptionsLang] Trying to find element: By.xpath: //ytd-topbar-menu-button-renderer[@class='style-scope ytd-masthead style-default']
2026-02-01 12:25:19.341 [TestNG-test-Yt Master Tests-2] INFO  [verifyingSettingOptionsLang] [verifyingSettingOptionsLang] Element found and ready (attempt 1): By.xpath: //ytd-topbar-menu-button-renderer[@class='style-scope ytd-masthead style-default']
2026-02-01 12:25:19.597 [TestNG-test-Yt Master Tests-2] INFO  [verifyingSettingOptionsLang] Looking for language element with name: Afrikaans
2026-02-01 12:25:19.598 [TestNG-test-Yt Master Tests-2] INFO  [verifyingSettingOptionsLang] [verifyingSettingOptionsLang] Waiting until element is visible in viewport
2026-02-01 12:25:29.913 [TestNG-test-Yt Master Tests-2] INFO  [verifyingSettingOptionsLang] [verifyingSettingOptionsLang] Capturing screenshot: Filter Applied is Afrikaans__2026-02-01_122529.png
2026-02-01 12:25:29.996 [TestNG-test-Yt Master Tests-2] INFO  [verifyingSettingOptionsLang] [verifyingSettingOptionsLang] Screenshot saved at: test-output/screenshots/Run_2026-02-01_12-20-54/verifyingSettingOptionsLang/Filter Applied is Afrikaans__2026-02-01_122529.png
2026-02-01 12:25:29.996 [TestNG-test-Yt Master Tests-2] INFO  [verifyingSettingOptionsLang] Clicking settings ellipses button...
2026-02-01 12:25:29.996 [TestNG-test-Yt Master Tests-2] INFO  [verifyingSettingOptionsLang] [verifyingSettingOptionsLang] Trying to find element: By.xpath: //ytd-topbar-menu-button-renderer[@class='style-scope ytd-masthead style-default']
2026-02-01 12:25:30.017 [TestNG-test-Yt Master Tests-2] INFO  [verifyingSettingOptionsLang] [verifyingSettingOptionsLang] Element found and ready (attempt 1): By.xpath: //ytd-topbar-menu-button-renderer[@class='style-scope ytd-masthead style-default']
2026-02-01 12:25:32.072 [TestNG-test-Yt Master Tests-2] INFO  [verifyingSettingOptionsLang] Clicking settings ellipses button...
2026-02-01 12:25:32.072 [TestNG-test-Yt Master Tests-2] INFO  [verifyingSettingOptionsLang] [verifyingSettingOptionsLang] Trying to find element: By.xpath: //ytd-topbar-menu-button-renderer[@class='style-scope ytd-masthead style-default']
2026-02-01 12:25:32.094 [TestNG-test-Yt Master Tests-2] INFO  [verifyingSettingOptionsLang] [verifyingSettingOptionsLang] Element found and ready (attempt 1): By.xpath: //ytd-topbar-menu-button-renderer[@class='style-scope ytd-masthead style-default']
2026-02-01 12:25:33.158 [TestNG-test-Yt Master Tests-2] INFO  [verifyingSettingOptionsLang] Getting the setting ellipses options
2026-02-01 12:25:33.159 [TestNG-test-Yt Master Tests-2] INFO  [verifyingSettingOptionsLang] [verifyingSettingOptionsLang] Trying to find element: By.xpath: //ytd-multi-page-menu-renderer
2026-02-01 12:25:33.213 [TestNG-test-Yt Master Tests-2] INFO  [verifyingSettingOptionsLang] [verifyingSettingOptionsLang] Element found and ready (attempt 1): By.xpath: //ytd-multi-page-menu-renderer
2026-02-01 12:25:33.333 [TestNG-test-Yt Master Tests-2] INFO  [verifyingSettingOptionsLang] Clicking settings ellipses button...
2026-02-01 12:25:33.333 [TestNG-test-Yt Master Tests-2] INFO  [verifyingSettingOptionsLang] [verifyingSettingOptionsLang] Trying to find element: By.xpath: //ytd-topbar-menu-button-renderer[@class='style-scope ytd-masthead style-default']
2026-02-01 12:25:33.356 [TestNG-test-Yt Master Tests-2] INFO  [verifyingSettingOptionsLang] [verifyingSettingOptionsLang] Element found and ready (attempt 1): By.xpath: //ytd-topbar-menu-button-renderer[@class='style-scope ytd-masthead style-default']
2026-02-01 12:25:33.520 [TestNG-test-Yt Master Tests-2] INFO  [verifyingSettingOptionsLang] 
========== LANGUAGE DETECTION ==========
Detected Language : AFRIKAANS
Input Text        : Jou data in YouTube
Voorkoms: Toesteltema
Vertoontaal:
Afrikaans
Beperkmodus: Af
Ligging:
Verenigde State
Kortpadsleutels
Instellings
Hulp
Stuur terugvoer
========================================
2026-02-01 12:25:33.523 [TestNG-test-Yt Master Tests-2] INFO  [verifyingSettingOptionsLang] getLangAttribute() - locating <html> and reading lang property
2026-02-01 12:25:33.554 [TestNG-test-Yt Master Tests-2] INFO  [verifyingSettingOptionsLang] Language attribute read: af-ZA
2026-02-01 12:25:33.555 [TestNG-test-Yt Master Tests-2] INFO  [verifyingSettingOptionsLang] Clicking settings ellipses button...
2026-02-01 12:25:33.555 [TestNG-test-Yt Master Tests-2] INFO  [verifyingSettingOptionsLang] [verifyingSettingOptionsLang] Trying to find element: By.xpath: //ytd-topbar-menu-button-renderer[@class='style-scope ytd-masthead style-default']
2026-02-01 12:25:33.588 [TestNG-test-Yt Master Tests-2] INFO  [verifyingSettingOptionsLang] [verifyingSettingOptionsLang] Element found and ready (attempt 1): By.xpath: //ytd-topbar-menu-button-renderer[@class='style-scope ytd-masthead style-default']
2026-02-01 12:25:35.679 [TestNG-test-Yt Master Tests-2] INFO  [verifyingSettingOptionsLang] Clicking language dropdown...
2026-02-01 12:25:35.679 [TestNG-test-Yt Master Tests-2] INFO  [verifyingSettingOptionsLang] [verifyingSettingOptionsLang] Trying to find element: By.xpath: (//div[@id='content-icon'])[2]
2026-02-01 12:25:35.698 [TestNG-test-Yt Master Tests-2] INFO  [verifyingSettingOptionsLang] [verifyingSettingOptionsLang] Element found and ready (attempt 1): By.xpath: (//div[@id='content-icon'])[2]
2026-02-01 12:25:39.151 [TestNG-test-Yt Master Tests-2] INFO  [verifyingSettingOptionsLang] Looking for language element with name: Azərbaycan
2026-02-01 12:25:39.151 [TestNG-test-Yt Master Tests-2] INFO  [verifyingSettingOptionsLang] [verifyingSettingOptionsLang] Trying to find element: By.xpath: //yt-multi-page-menu-section-renderer[@class='style-scope ytd-multi-page-menu-renderer']//yt-formatted-string[@id='label' and text()='Azərbaycan']
2026-02-01 12:25:39.176 [TestNG-test-Yt Master Tests-2] INFO  [verifyingSettingOptionsLang] [verifyingSettingOptionsLang] Element found and ready (attempt 1): By.xpath: //yt-multi-page-menu-section-renderer[@class='style-scope ytd-multi-page-menu-renderer']//yt-formatted-string[@id='label' and text()='Azərbaycan']
2026-02-01 12:25:40.875 [TestNG-test-Yt Master Tests-2] INFO  [verifyingSettingOptionsLang] Clicking settings ellipses button...
2026-02-01 12:25:40.909 [TestNG-test-Yt Master Tests-2] INFO  [verifyingSettingOptionsLang] [verifyingSettingOptionsLang] Trying to find element: By.xpath: //ytd-topbar-menu-button-renderer[@class='style-scope ytd-masthead style-default']
2026-02-01 12:25:41.019 [TestNG-test-Yt Master Tests-2] INFO  [verifyingSettingOptionsLang] [verifyingSettingOptionsLang] Element found and ready (attempt 1): By.xpath: //ytd-topbar-menu-button-renderer[@class='style-scope ytd-masthead style-default']
2026-02-01 12:25:41.743 [TestNG-test-Yt Master Tests-2] INFO  [verifyingSettingOptionsLang] Looking for language element with name: Azərbaycan
2026-02-01 12:25:41.743 [TestNG-test-Yt Master Tests-2] INFO  [verifyingSettingOptionsLang] [verifyingSettingOptionsLang] Waiting until element is visible in viewport
2026-02-01 12:25:52.009 [TestNG-test-Yt Master Tests-2] INFO  [verifyingSettingOptionsLang] [verifyingSettingOptionsLang] Capturing screenshot: Filter Applied is Azərbaycan__2026-02-01_122552.png
2026-02-01 12:25:52.101 [TestNG-test-Yt Master Tests-2] INFO  [verifyingSettingOptionsLang] [verifyingSettingOptionsLang] Screenshot saved at: test-output/screenshots/Run_2026-02-01_12-20-54/verifyingSettingOptionsLang/Filter Applied is Azərbaycan__2026-02-01_122552.png
2026-02-01 12:25:52.102 [TestNG-test-Yt Master Tests-2] INFO  [verifyingSettingOptionsLang] Clicking settings ellipses button...
2026-02-01 12:25:52.102 [TestNG-test-Yt Master Tests-2] INFO  [verifyingSettingOptionsLang] [verifyingSettingOptionsLang] Trying to find element: By.xpath: //ytd-topbar-menu-button-renderer[@class='style-scope ytd-masthead style-default']
2026-02-01 12:25:52.121 [TestNG-test-Yt Master Tests-2] INFO  [verifyingSettingOptionsLang] [verifyingSettingOptionsLang] Element found and ready (attempt 1): By.xpath: //ytd-topbar-menu-button-renderer[@class='style-scope ytd-masthead style-default']
2026-02-01 12:25:54.168 [TestNG-test-Yt Master Tests-2] INFO  [verifyingSettingOptionsLang] Clicking settings ellipses button...
2026-02-01 12:25:54.168 [TestNG-test-Yt Master Tests-2] INFO  [verifyingSettingOptionsLang] [verifyingSettingOptionsLang] Trying to find element: By.xpath: //ytd-topbar-menu-button-renderer[@class='style-scope ytd-masthead style-default']
2026-02-01 12:25:54.189 [TestNG-test-Yt Master Tests-2] INFO  [verifyingSettingOptionsLang] [verifyingSettingOptionsLang] Element found and ready (attempt 1): By.xpath: //ytd-topbar-menu-button-renderer[@class='style-scope ytd-masthead style-default']
2026-02-01 12:25:55.251 [TestNG-test-Yt Master Tests-2] INFO  [verifyingSettingOptionsLang] Getting the setting ellipses options
2026-02-01 12:25:55.251 [TestNG-test-Yt Master Tests-2] INFO  [verifyingSettingOptionsLang] [verifyingSettingOptionsLang] Trying to find element: By.xpath: //ytd-multi-page-menu-renderer
2026-02-01 12:25:55.274 [TestNG-test-Yt Master Tests-2] INFO  [verifyingSettingOptionsLang] [verifyingSettingOptionsLang] Element found and ready (attempt 1): By.xpath: //ytd-multi-page-menu-renderer
2026-02-01 12:25:55.317 [TestNG-test-Yt Master Tests-2] INFO  [verifyingSettingOptionsLang] Clicking settings ellipses button...
2026-02-01 12:25:55.317 [TestNG-test-Yt Master Tests-2] INFO  [verifyingSettingOptionsLang] [verifyingSettingOptionsLang] Trying to find element: By.xpath: //ytd-topbar-menu-button-renderer[@class='style-scope ytd-masthead style-default']
2026-02-01 12:25:55.335 [TestNG-test-Yt Master Tests-2] INFO  [verifyingSettingOptionsLang] [verifyingSettingOptionsLang] Element found and ready (attempt 1): By.xpath: //ytd-topbar-menu-button-renderer[@class='style-scope ytd-masthead style-default']
2026-02-01 12:25:55.391 [TestNG-test-Yt Master Tests-2] INFO  [verifyingSettingOptionsLang] 
========== LANGUAGE DETECTION ==========
Detected Language : AZERBAIJANI
Input Text        : YouTube Datanız
Görünüş: Cihaz teması
Displey dili:
azərbaycan
Limitli Rejim: Deaktiv
Məkan:
Amerika Birləşmiş Ştatları
Klaviatura qısayolları
Ayarlar
Yardım
Rəy göndərin
========================================
2026-02-01 12:25:55.392 [TestNG-test-Yt Master Tests-2] INFO  [verifyingSettingOptionsLang] getLangAttribute() - locating <html> and reading lang property
2026-02-01 12:25:55.405 [TestNG-test-Yt Master Tests-2] INFO  [verifyingSettingOptionsLang] Language attribute read: az-Latn-AZ
2026-02-01 12:25:55.405 [TestNG-test-Yt Master Tests-2] INFO  [verifyingSettingOptionsLang] Clicking settings ellipses button...
2026-02-01 12:25:55.405 [TestNG-test-Yt Master Tests-2] INFO  [verifyingSettingOptionsLang] [verifyingSettingOptionsLang] Trying to find element: By.xpath: //ytd-topbar-menu-button-renderer[@class='style-scope ytd-masthead style-default']
2026-02-01 12:25:55.424 [TestNG-test-Yt Master Tests-2] INFO  [verifyingSettingOptionsLang] [verifyingSettingOptionsLang] Element found and ready (attempt 1): By.xpath: //ytd-topbar-menu-button-renderer[@class='style-scope ytd-masthead style-default']
2026-02-01 12:25:57.474 [TestNG-test-Yt Master Tests-2] INFO  [verifyingSettingOptionsLang] Clicking language dropdown...
2026-02-01 12:25:57.474 [TestNG-test-Yt Master Tests-2] INFO  [verifyingSettingOptionsLang] [verifyingSettingOptionsLang] Trying to find element: By.xpath: (//div[@id='content-icon'])[2]
2026-02-01 12:25:57.495 [TestNG-test-Yt Master Tests-2] INFO  [verifyingSettingOptionsLang] [verifyingSettingOptionsLang] Element found and ready (attempt 1): By.xpath: (//div[@id='content-icon'])[2]
2026-02-01 12:26:00.907 [TestNG-test-Yt Master Tests-2] INFO  [verifyingSettingOptionsLang] Looking for language element with name: Bahasa Indonesia
2026-02-01 12:26:00.907 [TestNG-test-Yt Master Tests-2] INFO  [verifyingSettingOptionsLang] [verifyingSettingOptionsLang] Trying to find element: By.xpath: //yt-multi-page-menu-section-renderer[@class='style-scope ytd-multi-page-menu-renderer']//yt-formatted-string[@id='label' and text()='Bahasa Indonesia']
2026-02-01 12:26:00.930 [TestNG-test-Yt Master Tests-2] INFO  [verifyingSettingOptionsLang] [verifyingSettingOptionsLang] Element found and ready (attempt 1): By.xpath: //yt-multi-page-menu-section-renderer[@class='style-scope ytd-multi-page-menu-renderer']//yt-formatted-string[@id='label' and text()='Bahasa Indonesia']
2026-02-01 12:26:02.008 [TestNG-test-Yt Master Tests-2] INFO  [verifyingSettingOptionsLang] Clicking settings ellipses button...
2026-02-01 12:26:02.009 [TestNG-test-Yt Master Tests-2] INFO  [verifyingSettingOptionsLang] [verifyingSettingOptionsLang] Trying to find element: By.xpath: //ytd-topbar-menu-button-renderer[@class='style-scope ytd-masthead style-default']
2026-02-01 12:26:02.407 [TestNG-test-Yt Master Tests-2] INFO  [verifyingSettingOptionsLang] [verifyingSettingOptionsLang] Element found and ready (attempt 1): By.xpath: //ytd-topbar-menu-button-renderer[@class='style-scope ytd-masthead style-default']
2026-02-01 12:26:02.706 [TestNG-test-Yt Master Tests-2] INFO  [verifyingSettingOptionsLang] Looking for language element with name: Bahasa Indonesia
2026-02-01 12:26:02.706 [TestNG-test-Yt Master Tests-2] INFO  [verifyingSettingOptionsLang] [verifyingSettingOptionsLang] Waiting until element is visible in viewport
2026-02-01 12:26:12.951 [TestNG-test-Yt Master Tests-2] INFO  [verifyingSettingOptionsLang] [verifyingSettingOptionsLang] Capturing screenshot: Filter Applied is Bahasa Indonesia__2026-02-01_122612.png
2026-02-01 12:26:13.037 [TestNG-test-Yt Master Tests-2] INFO  [verifyingSettingOptionsLang] [verifyingSettingOptionsLang] Screenshot saved at: test-output/screenshots/Run_2026-02-01_12-20-54/verifyingSettingOptionsLang/Filter Applied is Bahasa Indonesia__2026-02-01_122612.png
2026-02-01 12:26:13.037 [TestNG-test-Yt Master Tests-2] INFO  [verifyingSettingOptionsLang] Clicking settings ellipses button...
2026-02-01 12:26:13.037 [TestNG-test-Yt Master Tests-2] INFO  [verifyingSettingOptionsLang] [verifyingSettingOptionsLang] Trying to find element: By.xpath: //ytd-topbar-menu-button-renderer[@class='style-scope ytd-masthead style-default']
2026-02-01 12:26:13.056 [TestNG-test-Yt Master Tests-2] INFO  [verifyingSettingOptionsLang] [verifyingSettingOptionsLang] Element found and ready (attempt 1): By.xpath: //ytd-topbar-menu-button-renderer[@class='style-scope ytd-masthead style-default']
2026-02-01 12:26:15.103 [TestNG-test-Yt Master Tests-2] INFO  [verifyingSettingOptionsLang] Clicking settings ellipses button...
2026-02-01 12:26:15.103 [TestNG-test-Yt Master Tests-2] INFO  [verifyingSettingOptionsLang] [verifyingSettingOptionsLang] Trying to find element: By.xpath: //ytd-topbar-menu-button-renderer[@class='style-scope ytd-masthead style-default']
2026-02-01 12:26:15.122 [TestNG-test-Yt Master Tests-2] INFO  [verifyingSettingOptionsLang] [verifyingSettingOptionsLang] Element found and ready (attempt 1): By.xpath: //ytd-topbar-menu-button-renderer[@class='style-scope ytd-masthead style-default']
2026-02-01 12:26:16.178 [TestNG-test-Yt Master Tests-2] INFO  [verifyingSettingOptionsLang] Getting the setting ellipses options
2026-02-01 12:26:16.178 [TestNG-test-Yt Master Tests-2] INFO  [verifyingSettingOptionsLang] [verifyingSettingOptionsLang] Trying to find element: By.xpath: //ytd-multi-page-menu-renderer
2026-02-01 12:26:16.199 [TestNG-test-Yt Master Tests-2] INFO  [verifyingSettingOptionsLang] [verifyingSettingOptionsLang] Element found and ready (attempt 1): By.xpath: //ytd-multi-page-menu-renderer
2026-02-01 12:26:16.242 [TestNG-test-Yt Master Tests-2] INFO  [verifyingSettingOptionsLang] Clicking settings ellipses button...
2026-02-01 12:26:16.242 [TestNG-test-Yt Master Tests-2] INFO  [verifyingSettingOptionsLang] [verifyingSettingOptionsLang] Trying to find element: By.xpath: //ytd-topbar-menu-button-renderer[@class='style-scope ytd-masthead style-default']
2026-02-01 12:26:16.262 [TestNG-test-Yt Master Tests-2] INFO  [verifyingSettingOptionsLang] [verifyingSettingOptionsLang] Element found and ready (attempt 1): By.xpath: //ytd-topbar-menu-button-renderer[@class='style-scope ytd-masthead style-default']
2026-02-01 12:26:16.324 [TestNG-test-Yt Master Tests-2] INFO  [verifyingSettingOptionsLang] 
========== LANGUAGE DETECTION ==========
Detected Language : INDONESIAN
Input Text        : Data Anda di YouTube
Tampilan: Tema perangkat
Bahasa tampilan:
Indonesia
Mode Terbatas: Nonaktif
Lokasi:
Amerika Serikat
Pintasan keyboard
Setelan
Bantuan
Kirim masukan
========================================
2026-02-01 12:26:16.325 [TestNG-test-Yt Master Tests-2] INFO  [verifyingSettingOptionsLang] getLangAttribute() - locating <html> and reading lang property
2026-02-01 12:26:16.342 [TestNG-test-Yt Master Tests-2] INFO  [verifyingSettingOptionsLang] Language attribute read: id-ID
2026-02-01 12:26:16.342 [TestNG-test-Yt Master Tests-2] INFO  [verifyingSettingOptionsLang] Clicking settings ellipses button...
2026-02-01 12:26:16.342 [TestNG-test-Yt Master Tests-2] INFO  [verifyingSettingOptionsLang] [verifyingSettingOptionsLang] Trying to find element: By.xpath: //ytd-topbar-menu-button-renderer[@class='style-scope ytd-masthead style-default']
2026-02-01 12:26:16.374 [TestNG-test-Yt Master Tests-2] INFO  [verifyingSettingOptionsLang] [verifyingSettingOptionsLang] Element found and ready (attempt 1): By.xpath: //ytd-topbar-menu-button-renderer[@class='style-scope ytd-masthead style-default']
2026-02-01 12:26:18.462 [TestNG-test-Yt Master Tests-2] INFO  [verifyingSettingOptionsLang] Clicking language dropdown...
2026-02-01 12:26:18.462 [TestNG-test-Yt Master Tests-2] INFO  [verifyingSettingOptionsLang] [verifyingSettingOptionsLang] Trying to find element: By.xpath: (//div[@id='content-icon'])[2]
2026-02-01 12:26:18.489 [TestNG-test-Yt Master Tests-2] INFO  [verifyingSettingOptionsLang] [verifyingSettingOptionsLang] Element found and ready (attempt 1): By.xpath: (//div[@id='content-icon'])[2]
2026-02-01 12:26:21.919 [TestNG-test-Yt Master Tests-2] INFO  [verifyingSettingOptionsLang] Looking for language element with name: Bosanski
2026-02-01 12:26:21.919 [TestNG-test-Yt Master Tests-2] INFO  [verifyingSettingOptionsLang] [verifyingSettingOptionsLang] Trying to find element: By.xpath: //yt-multi-page-menu-section-renderer[@class='style-scope ytd-multi-page-menu-renderer']//yt-formatted-string[@id='label' and text()='Bosanski']
2026-02-01 12:26:21.943 [TestNG-test-Yt Master Tests-2] INFO  [verifyingSettingOptionsLang] [verifyingSettingOptionsLang] Element found and ready (attempt 1): By.xpath: //yt-multi-page-menu-section-renderer[@class='style-scope ytd-multi-page-menu-renderer']//yt-formatted-string[@id='label' and text()='Bosanski']
2026-02-01 12:26:23.057 [TestNG-test-Yt Master Tests-2] INFO  [verifyingSettingOptionsLang] Clicking settings ellipses button...
2026-02-01 12:26:23.057 [TestNG-test-Yt Master Tests-2] INFO  [verifyingSettingOptionsLang] [verifyingSettingOptionsLang] Trying to find element: By.xpath: //ytd-topbar-menu-button-renderer[@class='style-scope ytd-masthead style-default']
2026-02-01 12:26:23.396 [TestNG-test-Yt Master Tests-2] INFO  [verifyingSettingOptionsLang] [verifyingSettingOptionsLang] Element found and ready (attempt 1): By.xpath: //ytd-topbar-menu-button-renderer[@class='style-scope ytd-masthead style-default']
2026-02-01 12:26:23.552 [TestNG-test-Yt Master Tests-2] INFO  [verifyingSettingOptionsLang] Looking for language element with name: Bosanski
2026-02-01 12:26:23.552 [TestNG-test-Yt Master Tests-2] INFO  [verifyingSettingOptionsLang] [verifyingSettingOptionsLang] Waiting until element is visible in viewport
2026-02-01 12:26:33.812 [TestNG-test-Yt Master Tests-2] INFO  [verifyingSettingOptionsLang] [verifyingSettingOptionsLang] Capturing screenshot: Filter Applied is Bosanski__2026-02-01_122633.png
2026-02-01 12:26:33.905 [TestNG-test-Yt Master Tests-2] INFO  [verifyingSettingOptionsLang] [verifyingSettingOptionsLang] Screenshot saved at: test-output/screenshots/Run_2026-02-01_12-20-54/verifyingSettingOptionsLang/Filter Applied is Bosanski__2026-02-01_122633.png
2026-02-01 12:26:33.905 [TestNG-test-Yt Master Tests-2] INFO  [verifyingSettingOptionsLang] Clicking settings ellipses button...
2026-02-01 12:26:33.905 [TestNG-test-Yt Master Tests-2] INFO  [verifyingSettingOptionsLang] [verifyingSettingOptionsLang] Trying to find element: By.xpath: //ytd-topbar-menu-button-renderer[@class='style-scope ytd-masthead style-default']
2026-02-01 12:26:33.926 [TestNG-test-Yt Master Tests-2] INFO  [verifyingSettingOptionsLang] [verifyingSettingOptionsLang] Element found and ready (attempt 1): By.xpath: //ytd-topbar-menu-button-renderer[@class='style-scope ytd-masthead style-default']
2026-02-01 12:26:35.973 [TestNG-test-Yt Master Tests-2] INFO  [verifyingSettingOptionsLang] Clicking settings ellipses button...
2026-02-01 12:26:35.973 [TestNG-test-Yt Master Tests-2] INFO  [verifyingSettingOptionsLang] [verifyingSettingOptionsLang] Trying to find element: By.xpath: //ytd-topbar-menu-button-renderer[@class='style-scope ytd-masthead style-default']
2026-02-01 12:26:35.992 [TestNG-test-Yt Master Tests-2] INFO  [verifyingSettingOptionsLang] [verifyingSettingOptionsLang] Element found and ready (attempt 1): By.xpath: //ytd-topbar-menu-button-renderer[@class='style-scope ytd-masthead style-default']
2026-02-01 12:26:37.045 [TestNG-test-Yt Master Tests-2] INFO  [verifyingSettingOptionsLang] Getting the setting ellipses options
2026-02-01 12:26:37.045 [TestNG-test-Yt Master Tests-2] INFO  [verifyingSettingOptionsLang] [verifyingSettingOptionsLang] Trying to find element: By.xpath: //ytd-multi-page-menu-renderer
2026-02-01 12:26:37.065 [TestNG-test-Yt Master Tests-2] INFO  [verifyingSettingOptionsLang] [verifyingSettingOptionsLang] Element found and ready (attempt 1): By.xpath: //ytd-multi-page-menu-renderer
2026-02-01 12:26:37.103 [TestNG-test-Yt Master Tests-2] INFO  [verifyingSettingOptionsLang] Clicking settings ellipses button...
2026-02-01 12:26:37.103 [TestNG-test-Yt Master Tests-2] INFO  [verifyingSettingOptionsLang] [verifyingSettingOptionsLang] Trying to find element: By.xpath: //ytd-topbar-menu-button-renderer[@class='style-scope ytd-masthead style-default']
2026-02-01 12:26:37.121 [TestNG-test-Yt Master Tests-2] INFO  [verifyingSettingOptionsLang] [verifyingSettingOptionsLang] Element found and ready (attempt 1): By.xpath: //ytd-topbar-menu-button-renderer[@class='style-scope ytd-masthead style-default']
2026-02-01 12:26:37.173 [TestNG-test-Yt Master Tests-2] INFO  [verifyingSettingOptionsLang] 
========== LANGUAGE DETECTION ==========
Detected Language : BOSNIAN
Input Text        : Vaši podaci na YouTubeu
Izgled: tema uređaja
Jezik prikaza:
bosanski
Ograničeni način rada: isključeno
Lokacija:
Sjedinjene Američke Države
Prečice na tastaturi
Postavke
Pomoć
Pošaljite povratne informacije
========================================
2026-02-01 12:26:37.174 [TestNG-test-Yt Master Tests-2] INFO  [verifyingSettingOptionsLang] getLangAttribute() - locating <html> and reading lang property
2026-02-01 12:26:37.189 [TestNG-test-Yt Master Tests-2] INFO  [verifyingSettingOptionsLang] Language attribute read: bs-Latn-BA
2026-02-01 12:26:37.190 [TestNG-test-Yt Master Tests-2] INFO  [verifyingSettingOptionsLang] Clicking settings ellipses button...
2026-02-01 12:26:37.190 [TestNG-test-Yt Master Tests-2] INFO  [verifyingSettingOptionsLang] [verifyingSettingOptionsLang] Trying to find element: By.xpath: //ytd-topbar-menu-button-renderer[@class='style-scope ytd-masthead style-default']
2026-02-01 12:26:37.214 [TestNG-test-Yt Master Tests-2] INFO  [verifyingSettingOptionsLang] [verifyingSettingOptionsLang] Element found and ready (attempt 1): By.xpath: //ytd-topbar-menu-button-renderer[@class='style-scope ytd-masthead style-default']
2026-02-01 12:26:39.269 [TestNG-test-Yt Master Tests-2] INFO  [verifyingSettingOptionsLang] Clicking language dropdown...
2026-02-01 12:26:39.269 [TestNG-test-Yt Master Tests-2] INFO  [verifyingSettingOptionsLang] [verifyingSettingOptionsLang] Trying to find element: By.xpath: (//div[@id='content-icon'])[2]
2026-02-01 12:26:39.288 [TestNG-test-Yt Master Tests-2] INFO  [verifyingSettingOptionsLang] [verifyingSettingOptionsLang] Element found and ready (attempt 1): By.xpath: (//div[@id='content-icon'])[2]
2026-02-01 12:26:42.654 [TestNG-test-Yt Master Tests-2] INFO  [verifyingSettingOptionsLang] Looking for language element with name: Català
2026-02-01 12:26:42.654 [TestNG-test-Yt Master Tests-2] INFO  [verifyingSettingOptionsLang] [verifyingSettingOptionsLang] Trying to find element: By.xpath: //yt-multi-page-menu-section-renderer[@class='style-scope ytd-multi-page-menu-renderer']//yt-formatted-string[@id='label' and text()='Català']
2026-02-01 12:26:42.679 [TestNG-test-Yt Master Tests-2] INFO  [verifyingSettingOptionsLang] [verifyingSettingOptionsLang] Element found and ready (attempt 1): By.xpath: //yt-multi-page-menu-section-renderer[@class='style-scope ytd-multi-page-menu-renderer']//yt-formatted-string[@id='label' and text()='Català']
2026-02-01 12:26:43.991 [TestNG-test-Yt Master Tests-2] INFO  [verifyingSettingOptionsLang] Clicking settings ellipses button...
2026-02-01 12:26:43.991 [TestNG-test-Yt Master Tests-2] INFO  [verifyingSettingOptionsLang] [verifyingSettingOptionsLang] Trying to find element: By.xpath: //ytd-topbar-menu-button-renderer[@class='style-scope ytd-masthead style-default']
2026-02-01 12:26:44.330 [TestNG-test-Yt Master Tests-2] INFO  [verifyingSettingOptionsLang] [verifyingSettingOptionsLang] Element found and ready (attempt 1): By.xpath: //ytd-topbar-menu-button-renderer[@class='style-scope ytd-masthead style-default']
2026-02-01 12:26:44.515 [TestNG-test-Yt Master Tests-2] INFO  [verifyingSettingOptionsLang] Looking for language element with name: Català
2026-02-01 12:26:44.515 [TestNG-test-Yt Master Tests-2] INFO  [verifyingSettingOptionsLang] [verifyingSettingOptionsLang] Waiting until element is visible in viewport
2026-02-01 12:26:54.737 [TestNG-test-Yt Master Tests-2] INFO  [verifyingSettingOptionsLang] [verifyingSettingOptionsLang] Capturing screenshot: Filter Applied is Català__2026-02-01_122654.png
2026-02-01 12:26:54.821 [TestNG-test-Yt Master Tests-2] INFO  [verifyingSettingOptionsLang] [verifyingSettingOptionsLang] Screenshot saved at: test-output/screenshots/Run_2026-02-01_12-20-54/verifyingSettingOptionsLang/Filter Applied is Català__2026-02-01_122654.png
2026-02-01 12:26:54.821 [TestNG-test-Yt Master Tests-2] INFO  [verifyingSettingOptionsLang] Clicking settings ellipses button...
2026-02-01 12:26:54.821 [TestNG-test-Yt Master Tests-2] INFO  [verifyingSettingOptionsLang] [verifyingSettingOptionsLang] Trying to find element: By.xpath: //ytd-topbar-menu-button-renderer[@class='style-scope ytd-masthead style-default']
2026-02-01 12:26:54.840 [TestNG-test-Yt Master Tests-2] INFO  [verifyingSettingOptionsLang] [verifyingSettingOptionsLang] Element found and ready (attempt 1): By.xpath: //ytd-topbar-menu-button-renderer[@class='style-scope ytd-masthead style-default']
2026-02-01 12:26:56.892 [TestNG-test-Yt Master Tests-2] INFO  [verifyingSettingOptionsLang] Clicking settings ellipses button...
2026-02-01 12:26:56.892 [TestNG-test-Yt Master Tests-2] INFO  [verifyingSettingOptionsLang] [verifyingSettingOptionsLang] Trying to find element: By.xpath: //ytd-topbar-menu-button-renderer[@class='style-scope ytd-masthead style-default']
2026-02-01 12:26:56.911 [TestNG-test-Yt Master Tests-2] INFO  [verifyingSettingOptionsLang] [verifyingSettingOptionsLang] Element found and ready (attempt 1): By.xpath: //ytd-topbar-menu-button-renderer[@class='style-scope ytd-masthead style-default']
2026-02-01 12:26:57.965 [TestNG-test-Yt Master Tests-2] INFO  [verifyingSettingOptionsLang] Getting the setting ellipses options
2026-02-01 12:26:57.965 [TestNG-test-Yt Master Tests-2] INFO  [verifyingSettingOptionsLang] [verifyingSettingOptionsLang] Trying to find element: By.xpath: //ytd-multi-page-menu-renderer
2026-02-01 12:26:57.984 [TestNG-test-Yt Master Tests-2] INFO  [verifyingSettingOptionsLang] [verifyingSettingOptionsLang] Element found and ready (attempt 1): By.xpath: //ytd-multi-page-menu-renderer
2026-02-01 12:26:58.056 [TestNG-test-Yt Master Tests-2] INFO  [verifyingSettingOptionsLang] Clicking settings ellipses button...
2026-02-01 12:26:58.056 [TestNG-test-Yt Master Tests-2] INFO  [verifyingSettingOptionsLang] [verifyingSettingOptionsLang] Trying to find element: By.xpath: //ytd-topbar-menu-button-renderer[@class='style-scope ytd-masthead style-default']
2026-02-01 12:26:58.089 [TestNG-test-Yt Master Tests-2] INFO  [verifyingSettingOptionsLang] [verifyingSettingOptionsLang] Element found and ready (attempt 1): By.xpath: //ytd-topbar-menu-button-renderer[@class='style-scope ytd-masthead style-default']
2026-02-01 12:26:58.142 [TestNG-test-Yt Master Tests-2] INFO  [verifyingSettingOptionsLang] 
========== LANGUAGE DETECTION ==========
Detected Language : CATALAN
Input Text        : Les teves dades a YouTube
Aparença: tema del dispositiu
Idioma de visualització:
català
Mode restringit: desactivat
Ubicació:
Estats Units
Tecles de drecera
Configuració
Ajuda
Envia suggeriments
========================================
2026-02-01 12:26:58.142 [TestNG-test-Yt Master Tests-2] INFO  [verifyingSettingOptionsLang] getLangAttribute() - locating <html> and reading lang property
2026-02-01 12:26:58.156 [TestNG-test-Yt Master Tests-2] INFO  [verifyingSettingOptionsLang] Language attribute read: ca-ES
2026-02-01 12:26:58.156 [TestNG-test-Yt Master Tests-2] INFO  [verifyingSettingOptionsLang] Clicking settings ellipses button...
2026-02-01 12:26:58.156 [TestNG-test-Yt Master Tests-2] INFO  [verifyingSettingOptionsLang] [verifyingSettingOptionsLang] Trying to find element: By.xpath: //ytd-topbar-menu-button-renderer[@class='style-scope ytd-masthead style-default']
2026-02-01 12:26:58.175 [TestNG-test-Yt Master Tests-2] INFO  [verifyingSettingOptionsLang] [verifyingSettingOptionsLang] Element found and ready (attempt 1): By.xpath: //ytd-topbar-menu-button-renderer[@class='style-scope ytd-masthead style-default']
2026-02-01 12:27:00.225 [TestNG-test-Yt Master Tests-2] INFO  [verifyingSettingOptionsLang] Clicking language dropdown...
2026-02-01 12:27:00.225 [TestNG-test-Yt Master Tests-2] INFO  [verifyingSettingOptionsLang] [verifyingSettingOptionsLang] Trying to find element: By.xpath: (//div[@id='content-icon'])[2]
2026-02-01 12:27:00.244 [TestNG-test-Yt Master Tests-2] INFO  [verifyingSettingOptionsLang] [verifyingSettingOptionsLang] Element found and ready (attempt 1): By.xpath: (//div[@id='content-icon'])[2]
2026-02-01 12:27:03.557 [TestNG-test-Yt Master Tests-2] INFO  [verifyingSettingOptionsLang] Looking for language element with name: Dansk
2026-02-01 12:27:03.557 [TestNG-test-Yt Master Tests-2] INFO  [verifyingSettingOptionsLang] [verifyingSettingOptionsLang] Trying to find element: By.xpath: //yt-multi-page-menu-section-renderer[@class='style-scope ytd-multi-page-menu-renderer']//yt-formatted-string[@id='label' and text()='Dansk']
2026-02-01 12:27:03.684 [TestNG-test-Yt Master Tests-2] INFO  [verifyingSettingOptionsLang] [verifyingSettingOptionsLang] Element found and ready (attempt 1): By.xpath: //yt-multi-page-menu-section-renderer[@class='style-scope ytd-multi-page-menu-renderer']//yt-formatted-string[@id='label' and text()='Dansk']
2026-02-01 12:27:04.955 [TestNG-test-Yt Master Tests-2] INFO  [verifyingSettingOptionsLang] Clicking settings ellipses button...
2026-02-01 12:27:04.955 [TestNG-test-Yt Master Tests-2] INFO  [verifyingSettingOptionsLang] [verifyingSettingOptionsLang] Trying to find element: By.xpath: //ytd-topbar-menu-button-renderer[@class='style-scope ytd-masthead style-default']
2026-02-01 12:27:05.287 [TestNG-test-Yt Master Tests-2] INFO  [verifyingSettingOptionsLang] [verifyingSettingOptionsLang] Element found and ready (attempt 1): By.xpath: //ytd-topbar-menu-button-renderer[@class='style-scope ytd-masthead style-default']
2026-02-01 12:27:05.537 [TestNG-test-Yt Master Tests-2] INFO  [verifyingSettingOptionsLang] Looking for language element with name: Dansk
2026-02-01 12:27:05.537 [TestNG-test-Yt Master Tests-2] INFO  [verifyingSettingOptionsLang] [verifyingSettingOptionsLang] Waiting until element is visible in viewport
2026-02-01 12:27:15.866 [TestNG-test-Yt Master Tests-2] INFO  [verifyingSettingOptionsLang] [verifyingSettingOptionsLang] Capturing screenshot: Filter Applied is Dansk__2026-02-01_122715.png
2026-02-01 12:27:15.999 [TestNG-test-Yt Master Tests-2] INFO  [verifyingSettingOptionsLang] [verifyingSettingOptionsLang] Screenshot saved at: test-output/screenshots/Run_2026-02-01_12-20-54/verifyingSettingOptionsLang/Filter Applied is Dansk__2026-02-01_122715.png
2026-02-01 12:27:15.999 [TestNG-test-Yt Master Tests-2] INFO  [verifyingSettingOptionsLang] Clicking settings ellipses button...
2026-02-01 12:27:15.999 [TestNG-test-Yt Master Tests-2] INFO  [verifyingSettingOptionsLang] [verifyingSettingOptionsLang] Trying to find element: By.xpath: //ytd-topbar-menu-button-renderer[@class='style-scope ytd-masthead style-default']
2026-02-01 12:27:16.026 [TestNG-test-Yt Master Tests-2] INFO  [verifyingSettingOptionsLang] [verifyingSettingOptionsLang] Element found and ready (attempt 1): By.xpath: //ytd-topbar-menu-button-renderer[@class='style-scope ytd-masthead style-default']
2026-02-01 12:27:18.101 [TestNG-test-Yt Master Tests-2] INFO  [verifyingSettingOptionsLang] Clicking settings ellipses button...
2026-02-01 12:27:18.101 [TestNG-test-Yt Master Tests-2] INFO  [verifyingSettingOptionsLang] [verifyingSettingOptionsLang] Trying to find element: By.xpath: //ytd-topbar-menu-button-renderer[@class='style-scope ytd-masthead style-default']
2026-02-01 12:27:18.121 [TestNG-test-Yt Master Tests-2] INFO  [verifyingSettingOptionsLang] [verifyingSettingOptionsLang] Element found and ready (attempt 1): By.xpath: //ytd-topbar-menu-button-renderer[@class='style-scope ytd-masthead style-default']
2026-02-01 12:27:19.177 [TestNG-test-Yt Master Tests-2] INFO  [verifyingSettingOptionsLang] Getting the setting ellipses options
2026-02-01 12:27:19.177 [TestNG-test-Yt Master Tests-2] INFO  [verifyingSettingOptionsLang] [verifyingSettingOptionsLang] Trying to find element: By.xpath: //ytd-multi-page-menu-renderer
2026-02-01 12:27:19.200 [TestNG-test-Yt Master Tests-2] INFO  [verifyingSettingOptionsLang] [verifyingSettingOptionsLang] Element found and ready (attempt 1): By.xpath: //ytd-multi-page-menu-renderer
2026-02-01 12:27:19.249 [TestNG-test-Yt Master Tests-2] INFO  [verifyingSettingOptionsLang] Clicking settings ellipses button...
2026-02-01 12:27:19.250 [TestNG-test-Yt Master Tests-2] INFO  [verifyingSettingOptionsLang] [verifyingSettingOptionsLang] Trying to find element: By.xpath: //ytd-topbar-menu-button-renderer[@class='style-scope ytd-masthead style-default']
2026-02-01 12:27:19.268 [TestNG-test-Yt Master Tests-2] INFO  [verifyingSettingOptionsLang] [verifyingSettingOptionsLang] Element found and ready (attempt 1): By.xpath: //ytd-topbar-menu-button-renderer[@class='style-scope ytd-masthead style-default']
2026-02-01 12:27:19.320 [TestNG-test-Yt Master Tests-2] INFO  [verifyingSettingOptionsLang] 
========== LANGUAGE DETECTION ==========
Detected Language : DANISH
Input Text        : Dine data på YouTube
Udseende: Enhedens tema
Visningssprog:
dansk
Begrænset tilstand: Fra
Lokation:
USA
Tastaturgenveje
Indstillinger
Hjælp
Send feedback
========================================
2026-02-01 12:27:19.320 [TestNG-test-Yt Master Tests-2] INFO  [verifyingSettingOptionsLang] getLangAttribute() - locating <html> and reading lang property
2026-02-01 12:27:19.336 [TestNG-test-Yt Master Tests-2] INFO  [verifyingSettingOptionsLang] Language attribute read: da-DK
2026-02-01 12:27:19.336 [TestNG-test-Yt Master Tests-2] INFO  [verifyingSettingOptionsLang] Clicking settings ellipses button...
2026-02-01 12:27:19.336 [TestNG-test-Yt Master Tests-2] INFO  [verifyingSettingOptionsLang] [verifyingSettingOptionsLang] Trying to find element: By.xpath: //ytd-topbar-menu-button-renderer[@class='style-scope ytd-masthead style-default']
2026-02-01 12:27:19.360 [TestNG-test-Yt Master Tests-2] INFO  [verifyingSettingOptionsLang] [verifyingSettingOptionsLang] Element found and ready (attempt 1): By.xpath: //ytd-topbar-menu-button-renderer[@class='style-scope ytd-masthead style-default']
2026-02-01 12:27:21.413 [TestNG-test-Yt Master Tests-2] INFO  [verifyingSettingOptionsLang] Clicking language dropdown...
2026-02-01 12:27:21.413 [TestNG-test-Yt Master Tests-2] INFO  [verifyingSettingOptionsLang] [verifyingSettingOptionsLang] Trying to find element: By.xpath: (//div[@id='content-icon'])[2]
2026-02-01 12:27:21.433 [TestNG-test-Yt Master Tests-2] INFO  [verifyingSettingOptionsLang] [verifyingSettingOptionsLang] Element found and ready (attempt 1): By.xpath: (//div[@id='content-icon'])[2]
2026-02-01 12:27:24.841 [TestNG-test-Yt Master Tests-2] INFO  [verifyingSettingOptionsLang] Looking for language element with name: Deutsch
2026-02-01 12:27:24.841 [TestNG-test-Yt Master Tests-2] INFO  [verifyingSettingOptionsLang] [verifyingSettingOptionsLang] Trying to find element: By.xpath: //yt-multi-page-menu-section-renderer[@class='style-scope ytd-multi-page-menu-renderer']//yt-formatted-string[@id='label' and text()='Deutsch']
2026-02-01 12:27:24.864 [TestNG-test-Yt Master Tests-2] INFO  [verifyingSettingOptionsLang] [verifyingSettingOptionsLang] Element found and ready (attempt 1): By.xpath: //yt-multi-page-menu-section-renderer[@class='style-scope ytd-multi-page-menu-renderer']//yt-formatted-string[@id='label' and text()='Deutsch']
2026-02-01 12:27:25.930 [TestNG-test-Yt Master Tests-2] INFO  [verifyingSettingOptionsLang] Clicking settings ellipses button...
2026-02-01 12:27:25.930 [TestNG-test-Yt Master Tests-2] INFO  [verifyingSettingOptionsLang] [verifyingSettingOptionsLang] Trying to find element: By.xpath: //ytd-topbar-menu-button-renderer[@class='style-scope ytd-masthead style-default']
2026-02-01 12:27:26.215 [TestNG-test-Yt Master Tests-2] INFO  [verifyingSettingOptionsLang] [verifyingSettingOptionsLang] Element found and ready (attempt 1): By.xpath: //ytd-topbar-menu-button-renderer[@class='style-scope ytd-masthead style-default']
2026-02-01 12:27:26.407 [TestNG-test-Yt Master Tests-2] INFO  [verifyingSettingOptionsLang] Looking for language element with name: Deutsch
2026-02-01 12:27:26.407 [TestNG-test-Yt Master Tests-2] INFO  [verifyingSettingOptionsLang] [verifyingSettingOptionsLang] Waiting until element is visible in viewport
2026-02-01 12:27:36.622 [TestNG-test-Yt Master Tests-2] INFO  [verifyingSettingOptionsLang] [verifyingSettingOptionsLang] Capturing screenshot: Filter Applied is Deutsch__2026-02-01_122736.png
2026-02-01 12:27:36.711 [TestNG-test-Yt Master Tests-2] INFO  [verifyingSettingOptionsLang] [verifyingSettingOptionsLang] Screenshot saved at: test-output/screenshots/Run_2026-02-01_12-20-54/verifyingSettingOptionsLang/Filter Applied is Deutsch__2026-02-01_122736.png
2026-02-01 12:27:36.711 [TestNG-test-Yt Master Tests-2] INFO  [verifyingSettingOptionsLang] Clicking settings ellipses button...
2026-02-01 12:27:36.711 [TestNG-test-Yt Master Tests-2] INFO  [verifyingSettingOptionsLang] [verifyingSettingOptionsLang] Trying to find element: By.xpath: //ytd-topbar-menu-button-renderer[@class='style-scope ytd-masthead style-default']
2026-02-01 12:27:36.729 [TestNG-test-Yt Master Tests-2] INFO  [verifyingSettingOptionsLang] [verifyingSettingOptionsLang] Element found and ready (attempt 1): By.xpath: //ytd-topbar-menu-button-renderer[@class='style-scope ytd-masthead style-default']
2026-02-01 12:27:38.776 [TestNG-test-Yt Master Tests-2] INFO  [verifyingSettingOptionsLang] Clicking settings ellipses button...
2026-02-01 12:27:38.776 [TestNG-test-Yt Master Tests-2] INFO  [verifyingSettingOptionsLang] [verifyingSettingOptionsLang] Trying to find element: By.xpath: //ytd-topbar-menu-button-renderer[@class='style-scope ytd-masthead style-default']
2026-02-01 12:27:38.795 [TestNG-test-Yt Master Tests-2] INFO  [verifyingSettingOptionsLang] [verifyingSettingOptionsLang] Element found and ready (attempt 1): By.xpath: //ytd-topbar-menu-button-renderer[@class='style-scope ytd-masthead style-default']
2026-02-01 12:27:39.851 [TestNG-test-Yt Master Tests-2] INFO  [verifyingSettingOptionsLang] Getting the setting ellipses options
2026-02-01 12:27:39.851 [TestNG-test-Yt Master Tests-2] INFO  [verifyingSettingOptionsLang] [verifyingSettingOptionsLang] Trying to find element: By.xpath: //ytd-multi-page-menu-renderer
2026-02-01 12:27:39.869 [TestNG-test-Yt Master Tests-2] INFO  [verifyingSettingOptionsLang] [verifyingSettingOptionsLang] Element found and ready (attempt 1): By.xpath: //ytd-multi-page-menu-renderer
2026-02-01 12:27:39.907 [TestNG-test-Yt Master Tests-2] INFO  [verifyingSettingOptionsLang] Clicking settings ellipses button...
2026-02-01 12:27:39.907 [TestNG-test-Yt Master Tests-2] INFO  [verifyingSettingOptionsLang] [verifyingSettingOptionsLang] Trying to find element: By.xpath: //ytd-topbar-menu-button-renderer[@class='style-scope ytd-masthead style-default']
2026-02-01 12:27:39.924 [TestNG-test-Yt Master Tests-2] INFO  [verifyingSettingOptionsLang] [verifyingSettingOptionsLang] Element found and ready (attempt 1): By.xpath: //ytd-topbar-menu-button-renderer[@class='style-scope ytd-masthead style-default']
2026-02-01 12:27:39.974 [TestNG-test-Yt Master Tests-2] INFO  [verifyingSettingOptionsLang] 
========== LANGUAGE DETECTION ==========
Detected Language : GERMAN
Input Text        : Meine Daten auf YouTube
Darstellung: Gerätedesign
Anzeigesprache:
Deutsch
Eingeschränkter Modus: Deaktiviert
Ort:
USA
Tastenkombinationen
Einstellungen
Hilfe
Feedback senden
========================================
2026-02-01 12:27:39.974 [TestNG-test-Yt Master Tests-2] INFO  [verifyingSettingOptionsLang] getLangAttribute() - locating <html> and reading lang property
2026-02-01 12:27:39.989 [TestNG-test-Yt Master Tests-2] INFO  [verifyingSettingOptionsLang] Language attribute read: de-DE
2026-02-01 12:27:39.989 [TestNG-test-Yt Master Tests-2] INFO  [verifyingSettingOptionsLang] Clicking settings ellipses button...
2026-02-01 12:27:39.989 [TestNG-test-Yt Master Tests-2] INFO  [verifyingSettingOptionsLang] [verifyingSettingOptionsLang] Trying to find element: By.xpath: //ytd-topbar-menu-button-renderer[@class='style-scope ytd-masthead style-default']
2026-02-01 12:27:40.013 [TestNG-test-Yt Master Tests-2] INFO  [verifyingSettingOptionsLang] [verifyingSettingOptionsLang] Element found and ready (attempt 1): By.xpath: //ytd-topbar-menu-button-renderer[@class='style-scope ytd-masthead style-default']
2026-02-01 12:27:42.126 [TestNG-test-Yt Master Tests-2] INFO  [verifyingSettingOptionsLang] Clicking language dropdown...
2026-02-01 12:27:42.126 [TestNG-test-Yt Master Tests-2] INFO  [verifyingSettingOptionsLang] [verifyingSettingOptionsLang] Trying to find element: By.xpath: (//div[@id='content-icon'])[2]
2026-02-01 12:27:42.146 [TestNG-test-Yt Master Tests-2] INFO  [verifyingSettingOptionsLang] [verifyingSettingOptionsLang] Element found and ready (attempt 1): By.xpath: (//div[@id='content-icon'])[2]
2026-02-01 12:27:45.485 [TestNG-test-Yt Master Tests-2] INFO  [verifyingSettingOptionsLang] Looking for language element with name: Eesti
2026-02-01 12:27:45.485 [TestNG-test-Yt Master Tests-2] INFO  [verifyingSettingOptionsLang] [verifyingSettingOptionsLang] Trying to find element: By.xpath: //yt-multi-page-menu-section-renderer[@class='style-scope ytd-multi-page-menu-renderer']//yt-formatted-string[@id='label' and text()='Eesti']
2026-02-01 12:27:45.509 [TestNG-test-Yt Master Tests-2] INFO  [verifyingSettingOptionsLang] [verifyingSettingOptionsLang] Element found and ready (attempt 1): By.xpath: //yt-multi-page-menu-section-renderer[@class='style-scope ytd-multi-page-menu-renderer']//yt-formatted-string[@id='label' and text()='Eesti']
2026-02-01 12:27:46.622 [TestNG-test-Yt Master Tests-2] INFO  [verifyingSettingOptionsLang] Clicking settings ellipses button...
2026-02-01 12:27:46.622 [TestNG-test-Yt Master Tests-2] INFO  [verifyingSettingOptionsLang] [verifyingSettingOptionsLang] Trying to find element: By.xpath: //ytd-topbar-menu-button-renderer[@class='style-scope ytd-masthead style-default']
2026-02-01 12:27:47.332 [TestNG-test-Yt Master Tests-2] INFO  [verifyingSettingOptionsLang] [verifyingSettingOptionsLang] Element found and ready (attempt 1): By.xpath: //ytd-topbar-menu-button-renderer[@class='style-scope ytd-masthead style-default']
2026-02-01 12:27:47.405 [TestNG-test-Yt Master Tests-2] INFO  [verifyingSettingOptionsLang] Looking for language element with name: Eesti
2026-02-01 12:27:47.405 [TestNG-test-Yt Master Tests-2] INFO  [verifyingSettingOptionsLang] [verifyingSettingOptionsLang] Waiting until element is visible in viewport
2026-02-01 12:27:57.614 [TestNG-test-Yt Master Tests-2] INFO  [verifyingSettingOptionsLang] [verifyingSettingOptionsLang] Capturing screenshot: Filter Applied is Eesti__2026-02-01_122757.png
2026-02-01 12:27:57.723 [TestNG-test-Yt Master Tests-2] INFO  [verifyingSettingOptionsLang] [verifyingSettingOptionsLang] Screenshot saved at: test-output/screenshots/Run_2026-02-01_12-20-54/verifyingSettingOptionsLang/Filter Applied is Eesti__2026-02-01_122757.png
2026-02-01 12:27:57.723 [TestNG-test-Yt Master Tests-2] INFO  [verifyingSettingOptionsLang] Clicking settings ellipses button...
2026-02-01 12:27:57.723 [TestNG-test-Yt Master Tests-2] INFO  [verifyingSettingOptionsLang] [verifyingSettingOptionsLang] Trying to find element: By.xpath: //ytd-topbar-menu-button-renderer[@class='style-scope ytd-masthead style-default']
2026-02-01 12:27:57.749 [TestNG-test-Yt Master Tests-2] INFO  [verifyingSettingOptionsLang] [verifyingSettingOptionsLang] Element found and ready (attempt 1): By.xpath: //ytd-topbar-menu-button-renderer[@class='style-scope ytd-masthead style-default']
2026-02-01 12:27:59.835 [TestNG-test-Yt Master Tests-2] INFO  [verifyingSettingOptionsLang] Clicking settings ellipses button...
2026-02-01 12:27:59.835 [TestNG-test-Yt Master Tests-2] INFO  [verifyingSettingOptionsLang] [verifyingSettingOptionsLang] Trying to find element: By.xpath: //ytd-topbar-menu-button-renderer[@class='style-scope ytd-masthead style-default']
2026-02-01 12:27:59.856 [TestNG-test-Yt Master Tests-2] INFO  [verifyingSettingOptionsLang] [verifyingSettingOptionsLang] Element found and ready (attempt 1): By.xpath: //ytd-topbar-menu-button-renderer[@class='style-scope ytd-masthead style-default']
2026-02-01 12:28:00.920 [TestNG-test-Yt Master Tests-2] INFO  [verifyingSettingOptionsLang] Getting the setting ellipses options
2026-02-01 12:28:00.920 [TestNG-test-Yt Master Tests-2] INFO  [verifyingSettingOptionsLang] [verifyingSettingOptionsLang] Trying to find element: By.xpath: //ytd-multi-page-menu-renderer
2026-02-01 12:28:00.941 [TestNG-test-Yt Master Tests-2] INFO  [verifyingSettingOptionsLang] [verifyingSettingOptionsLang] Element found and ready (attempt 1): By.xpath: //ytd-multi-page-menu-renderer
2026-02-01 12:28:00.987 [TestNG-test-Yt Master Tests-2] INFO  [verifyingSettingOptionsLang] Clicking settings ellipses button...
2026-02-01 12:28:00.987 [TestNG-test-Yt Master Tests-2] INFO  [verifyingSettingOptionsLang] [verifyingSettingOptionsLang] Trying to find element: By.xpath: //ytd-topbar-menu-button-renderer[@class='style-scope ytd-masthead style-default']
2026-02-01 12:28:01.009 [TestNG-test-Yt Master Tests-2] INFO  [verifyingSettingOptionsLang] [verifyingSettingOptionsLang] Element found and ready (attempt 1): By.xpath: //ytd-topbar-menu-button-renderer[@class='style-scope ytd-masthead style-default']
2026-02-01 12:28:01.066 [TestNG-test-Yt Master Tests-2] INFO  [verifyingSettingOptionsLang] 
========== LANGUAGE DETECTION ==========
Detected Language : ESTONIAN
Input Text        : Teie andmed YouTube'is
Välimus: seadme teema
Kuvamiskeel:
eesti
Piiratud režiim: väljas
Asukoht:
Ameerika Ühendriigid
Klaviatuuri otseteed
Seaded
Abi
Tagasiside saatmine
========================================
2026-02-01 12:28:01.067 [TestNG-test-Yt Master Tests-2] INFO  [verifyingSettingOptionsLang] getLangAttribute() - locating <html> and reading lang property
2026-02-01 12:28:01.083 [TestNG-test-Yt Master Tests-2] INFO  [verifyingSettingOptionsLang] Language attribute read: et-EE
2026-02-01 12:28:01.083 [TestNG-test-Yt Master Tests-2] INFO  [verifyingSettingOptionsLang] Clicking settings ellipses button...
2026-02-01 12:28:01.083 [TestNG-test-Yt Master Tests-2] INFO  [verifyingSettingOptionsLang] [verifyingSettingOptionsLang] Trying to find element: By.xpath: //ytd-topbar-menu-button-renderer[@class='style-scope ytd-masthead style-default']
2026-02-01 12:28:01.111 [TestNG-test-Yt Master Tests-2] INFO  [verifyingSettingOptionsLang] [verifyingSettingOptionsLang] Element found and ready (attempt 1): By.xpath: //ytd-topbar-menu-button-renderer[@class='style-scope ytd-masthead style-default']
2026-02-01 12:28:03.171 [TestNG-test-Yt Master Tests-2] INFO  [verifyingSettingOptionsLang] Clicking language dropdown...
2026-02-01 12:28:03.171 [TestNG-test-Yt Master Tests-2] INFO  [verifyingSettingOptionsLang] [verifyingSettingOptionsLang] Trying to find element: By.xpath: (//div[@id='content-icon'])[2]
2026-02-01 12:28:03.191 [TestNG-test-Yt Master Tests-2] INFO  [verifyingSettingOptionsLang] [verifyingSettingOptionsLang] Element found and ready (attempt 1): By.xpath: (//div[@id='content-icon'])[2]
2026-02-01 12:28:06.518 [TestNG-test-Yt Master Tests-2] INFO  [verifyingSettingOptionsLang] Looking for language element with name: English (India)
2026-02-01 12:28:06.518 [TestNG-test-Yt Master Tests-2] INFO  [verifyingSettingOptionsLang] [verifyingSettingOptionsLang] Trying to find element: By.xpath: //yt-multi-page-menu-section-renderer[@class='style-scope ytd-multi-page-menu-renderer']//yt-formatted-string[@id='label' and text()='English (India)']
2026-02-01 12:28:06.542 [TestNG-test-Yt Master Tests-2] INFO  [verifyingSettingOptionsLang] [verifyingSettingOptionsLang] Element found and ready (attempt 1): By.xpath: //yt-multi-page-menu-section-renderer[@class='style-scope ytd-multi-page-menu-renderer']//yt-formatted-string[@id='label' and text()='English (India)']
2026-02-01 12:28:07.720 [TestNG-test-Yt Master Tests-2] INFO  [verifyingSettingOptionsLang] Clicking settings ellipses button...
2026-02-01 12:28:07.720 [TestNG-test-Yt Master Tests-2] INFO  [verifyingSettingOptionsLang] [verifyingSettingOptionsLang] Trying to find element: By.xpath: //ytd-topbar-menu-button-renderer[@class='style-scope ytd-masthead style-default']
2026-02-01 12:28:07.871 [TestNG-test-Yt Master Tests-2] INFO  [verifyingSettingOptionsLang] [verifyingSettingOptionsLang] Element found and ready (attempt 1): By.xpath: //ytd-topbar-menu-button-renderer[@class='style-scope ytd-masthead style-default']
2026-02-01 12:28:08.178 [TestNG-test-Yt Master Tests-2] INFO  [verifyingSettingOptionsLang] Looking for language element with name: English (India)
2026-02-01 12:28:08.178 [TestNG-test-Yt Master Tests-2] INFO  [verifyingSettingOptionsLang] [verifyingSettingOptionsLang] Waiting until element is visible in viewport
2026-02-01 12:28:18.462 [TestNG-test-Yt Master Tests-2] INFO  [verifyingSettingOptionsLang] [verifyingSettingOptionsLang] Capturing screenshot: Filter Applied is English (India)__2026-02-01_122818.png
2026-02-01 12:28:18.606 [TestNG-test-Yt Master Tests-2] INFO  [verifyingSettingOptionsLang] [verifyingSettingOptionsLang] Screenshot saved at: test-output/screenshots/Run_2026-02-01_12-20-54/verifyingSettingOptionsLang/Filter Applied is English (India)__2026-02-01_122818.png
2026-02-01 12:28:18.607 [TestNG-test-Yt Master Tests-2] INFO  [verifyingSettingOptionsLang] Clicking settings ellipses button...
2026-02-01 12:28:18.607 [TestNG-test-Yt Master Tests-2] INFO  [verifyingSettingOptionsLang] [verifyingSettingOptionsLang] Trying to find element: By.xpath: //ytd-topbar-menu-button-renderer[@class='style-scope ytd-masthead style-default']
2026-02-01 12:28:18.715 [TestNG-test-Yt Master Tests-2] INFO  [verifyingSettingOptionsLang] [verifyingSettingOptionsLang] Element found and ready (attempt 1): By.xpath: //ytd-topbar-menu-button-renderer[@class='style-scope ytd-masthead style-default']
2026-02-01 12:28:20.816 [TestNG-test-Yt Master Tests-2] INFO  [verifyingSettingOptionsLang] Clicking settings ellipses button...
2026-02-01 12:28:20.816 [TestNG-test-Yt Master Tests-2] INFO  [verifyingSettingOptionsLang] [verifyingSettingOptionsLang] Trying to find element: By.xpath: //ytd-topbar-menu-button-renderer[@class='style-scope ytd-masthead style-default']
2026-02-01 12:28:20.839 [TestNG-test-Yt Master Tests-2] INFO  [verifyingSettingOptionsLang] [verifyingSettingOptionsLang] Element found and ready (attempt 1): By.xpath: //ytd-topbar-menu-button-renderer[@class='style-scope ytd-masthead style-default']
2026-02-01 12:28:21.906 [TestNG-test-Yt Master Tests-2] INFO  [verifyingSettingOptionsLang] Getting the setting ellipses options
2026-02-01 12:28:21.906 [TestNG-test-Yt Master Tests-2] INFO  [verifyingSettingOptionsLang] [verifyingSettingOptionsLang] Trying to find element: By.xpath: //ytd-multi-page-menu-renderer
2026-02-01 12:28:21.930 [TestNG-test-Yt Master Tests-2] INFO  [verifyingSettingOptionsLang] [verifyingSettingOptionsLang] Element found and ready (attempt 1): By.xpath: //ytd-multi-page-menu-renderer
2026-02-01 12:28:21.978 [TestNG-test-Yt Master Tests-2] INFO  [verifyingSettingOptionsLang] Clicking settings ellipses button...
2026-02-01 12:28:21.978 [TestNG-test-Yt Master Tests-2] INFO  [verifyingSettingOptionsLang] [verifyingSettingOptionsLang] Trying to find element: By.xpath: //ytd-topbar-menu-button-renderer[@class='style-scope ytd-masthead style-default']
2026-02-01 12:28:22.008 [TestNG-test-Yt Master Tests-2] INFO  [verifyingSettingOptionsLang] [verifyingSettingOptionsLang] Element found and ready (attempt 1): By.xpath: //ytd-topbar-menu-button-renderer[@class='style-scope ytd-masthead style-default']
2026-02-01 12:28:22.073 [TestNG-test-Yt Master Tests-2] INFO  [verifyingSettingOptionsLang] 
========== LANGUAGE DETECTION ==========
Detected Language : ENGLISH
Input Text        : Your data in YouTube
Appearance: Device theme
Display language:
English (India)
Restricted Mode: Off
Location:
United States
Keyboard shortcuts
Settings
Help
Send feedback
========================================
2026-02-01 12:28:22.076 [TestNG-test-Yt Master Tests-2] INFO  [verifyingSettingOptionsLang] getLangAttribute() - locating <html> and reading lang property
2026-02-01 12:28:22.098 [TestNG-test-Yt Master Tests-2] INFO  [verifyingSettingOptionsLang] Language attribute read: en-IN
2026-02-01 12:28:22.098 [TestNG-test-Yt Master Tests-2] INFO  [verifyingSettingOptionsLang] Clicking settings ellipses button...
2026-02-01 12:28:22.098 [TestNG-test-Yt Master Tests-2] INFO  [verifyingSettingOptionsLang] [verifyingSettingOptionsLang] Trying to find element: By.xpath: //ytd-topbar-menu-button-renderer[@class='style-scope ytd-masthead style-default']
2026-02-01 12:28:22.241 [TestNG-test-Yt Master Tests-2] INFO  [verifyingSettingOptionsLang] [verifyingSettingOptionsLang] Element found and ready (attempt 1): By.xpath: //ytd-topbar-menu-button-renderer[@class='style-scope ytd-masthead style-default']
2026-02-01 12:28:24.316 [TestNG-test-Yt Master Tests-2] INFO  [verifyingSettingOptionsLang] Clicking language dropdown...
2026-02-01 12:28:24.316 [TestNG-test-Yt Master Tests-2] INFO  [verifyingSettingOptionsLang] [verifyingSettingOptionsLang] Trying to find element: By.xpath: (//div[@id='content-icon'])[2]
2026-02-01 12:28:24.336 [TestNG-test-Yt Master Tests-2] INFO  [verifyingSettingOptionsLang] [verifyingSettingOptionsLang] Element found and ready (attempt 1): By.xpath: (//div[@id='content-icon'])[2]
2026-02-01 12:28:26.701 [TestNG-test-Yt Master Tests-2] INFO  [verifyingSettingOptionsLang] [verifyingSettingOptionsLang] Not retrying test 'verifyingSettingOptionsLang'. Retry count: 0, Cause: The following asserts failed:
	Language detection mismatch expected [CROATIAN] but found [BOSNIAN]
2026-02-01 12:28:26.706 [TestNG-test-Yt Master Tests-2] ERROR [verifyingSettingOptionsLang] Test FAILED: verifyingSettingOptionsLang - java.lang.AssertionError: The following asserts failed:
	Language detection mismatch expected [CROATIAN] but found [BOSNIAN]
2026-02-01 12:28:26.706 [TestNG-test-Yt Master Tests-2] INFO  [verifyingSettingOptionsLang] Closing WebDriver for thread: 35
2026-02-01 12:28:27.184 [TestNG-test-Yt Master Tests-2] INFO  [verifyingSettingOptionsLang] WebDriver instance removed from ThreadLocal for thread: 35
2026-02-01 12:28:27.184 [TestNG-test-Yt Master Tests-2] INFO  [verifyingSettingOptionsLang] Driver closed for test: verifyingSettingOptionsLang
