2026-02-21 07:32:50.930 [TestNG-test-Yt Master Tests-1] INFO  [verifyingGlobalFilterLandingPageLingua] ===== STARTING TEST: verifyingGlobalFilterLandingPageLingua  | Thread: 31 =====
2026-02-21 07:32:50.957 [TestNG-test-Yt Master Tests-1] INFO  [verifyingGlobalFilterLandingPageLingua] No existing WebDriver found for current thread. Initializing a new ChromeDriver...
2026-02-21 07:32:50.959 [TestNG-test-Yt Master Tests-1] INFO  [verifyingGlobalFilterLandingPageLingua] Loaded config from classpath: masterdata.properties
2026-02-21 07:32:52.564 [TestNG-test-Yt Master Tests-1] INFO  [verifyingGlobalFilterLandingPageLingua] WebDriverManager: chromedriver setup OK
2026-02-21 07:32:57.299 [TestNG-test-Yt Master Tests-1] INFO  [verifyingGlobalFilterLandingPageLingua] ChromeDriver initialized successfully for thread: 31
2026-02-21 07:32:57.300 [TestNG-test-Yt Master Tests-1] INFO  [verifyingGlobalFilterLandingPageLingua] Driver initialized successfully for test: verifyingGlobalFilterLandingPageLingua
2026-02-21 07:32:57.481 [TestNG-test-Yt Master Tests-1] INFO  [verifyingGlobalFilterLandingPageLingua] SafeActions initialized with driver ChromeDriver: chrome on windows (bdbaeb49a9a8036ee7d9ce1ed970ebe2)
2026-02-21 07:32:57.483 [TestNG-test-Yt Master Tests-1] INFO  [verifyingGlobalFilterLandingPageLingua] SafeActions initialized with driver ChromeDriver: chrome on windows (bdbaeb49a9a8036ee7d9ce1ed970ebe2)
2026-02-21 07:32:57.483 [TestNG-test-Yt Master Tests-1] INFO  [verifyingGlobalFilterLandingPageLingua] Initialized YtLandingPage with driver: ChromeDriver: chrome on windows (bdbaeb49a9a8036ee7d9ce1ed970ebe2)
2026-02-21 07:33:00.189 [TestNG-test-Yt Master Tests-1] INFO  [verifyingGlobalFilterLandingPageLingua] Opened YouTube landing page.
2026-02-21 07:33:00.190 [TestNG-test-Yt Master Tests-1] INFO  [verifyingGlobalFilterLandingPageLingua] Giving input into the search bar with input as  = youtube
2026-02-21 07:33:00.191 [TestNG-test-Yt Master Tests-1] INFO  [verifyingGlobalFilterLandingPageLingua] [verifyingGlobalFilterLandingPageLingua] Trying to click element: By.xpath: //input[@class='ytSearchboxComponentInput yt-searchbox-input title']
2026-02-21 07:33:01.031 [TestNG-test-Yt Master Tests-1] INFO  [verifyingGlobalFilterLandingPageLingua] [verifyingGlobalFilterLandingPageLingua] Clicked successfully (attempt 1): By.xpath: //input[@class='ytSearchboxComponentInput yt-searchbox-input title']
2026-02-21 07:33:01.031 [TestNG-test-Yt Master Tests-1] INFO  [verifyingGlobalFilterLandingPageLingua] [verifyingGlobalFilterLandingPageLingua] Trying to find element: By.xpath: //input[@class='ytSearchboxComponentInput yt-searchbox-input title']
2026-02-21 07:33:01.091 [TestNG-test-Yt Master Tests-1] INFO  [verifyingGlobalFilterLandingPageLingua] [verifyingGlobalFilterLandingPageLingua] Element found and ready (attempt 1): By.xpath: //input[@class='ytSearchboxComponentInput yt-searchbox-input title']
2026-02-21 07:33:01.142 [TestNG-test-Yt Master Tests-1] INFO  [verifyingGlobalFilterLandingPageLingua] clickEnter(By.xpath: //input[@class='ytSearchboxComponentInput yt-searchbox-input title'])
2026-02-21 07:33:01.142 [TestNG-test-Yt Master Tests-1] INFO  [verifyingGlobalFilterLandingPageLingua] [verifyingGlobalFilterLandingPageLingua] Trying to find element: By.xpath: //input[@class='ytSearchboxComponentInput yt-searchbox-input title']
2026-02-21 07:33:01.174 [TestNG-test-Yt Master Tests-1] INFO  [verifyingGlobalFilterLandingPageLingua] [verifyingGlobalFilterLandingPageLingua] Element found and ready (attempt 1): By.xpath: //input[@class='ytSearchboxComponentInput yt-searchbox-input title']
2026-02-21 07:33:01.248 [TestNG-test-Yt Master Tests-1] INFO  [verifyingGlobalFilterLandingPageLingua] Sent ENTER to By.xpath: //input[@class='ytSearchboxComponentInput yt-searchbox-input title']
2026-02-21 07:33:01.249 [TestNG-test-Yt Master Tests-1] INFO  [verifyingGlobalFilterLandingPageLingua] [verifyingGlobalFilterLandingPageLingua] Execution is Not CRON Job Hence refering to normal keys from UtilData
2026-02-21 07:33:01.249 [TestNG-test-Yt Master Tests-1] INFO  [verifyingGlobalFilterLandingPageLingua] Clicking settings ellipses button...
2026-02-21 07:33:01.250 [TestNG-test-Yt Master Tests-1] INFO  [verifyingGlobalFilterLandingPageLingua] [verifyingGlobalFilterLandingPageLingua] Trying to find element: By.xpath: //ytd-topbar-menu-button-renderer[@class='style-scope ytd-masthead style-default']
2026-02-21 07:33:01.288 [TestNG-test-Yt Master Tests-1] INFO  [verifyingGlobalFilterLandingPageLingua] [verifyingGlobalFilterLandingPageLingua] Element found and ready (attempt 1): By.xpath: //ytd-topbar-menu-button-renderer[@class='style-scope ytd-masthead style-default']
2026-02-21 07:33:01.394 [TestNG-test-Yt Master Tests-1] INFO  [verifyingGlobalFilterLandingPageLingua] Clicking language dropdown...
2026-02-21 07:33:01.394 [TestNG-test-Yt Master Tests-1] INFO  [verifyingGlobalFilterLandingPageLingua] [verifyingGlobalFilterLandingPageLingua] Trying to find element: By.xpath: (//div[@id='content-icon'])[2]
2026-02-21 07:33:01.970 [TestNG-test-Yt Master Tests-1] INFO  [verifyingGlobalFilterLandingPageLingua] [verifyingGlobalFilterLandingPageLingua] Element found and ready (attempt 1): By.xpath: (//div[@id='content-icon'])[2]
2026-02-21 07:33:02.757 [TestNG-test-Yt Master Tests-1] INFO  [verifyingGlobalFilterLandingPageLingua] Looking for language element with name: Afrikaans
2026-02-21 07:33:02.758 [TestNG-test-Yt Master Tests-1] INFO  [verifyingGlobalFilterLandingPageLingua] [verifyingGlobalFilterLandingPageLingua] Trying to find element: By.xpath: //yt-multi-page-menu-section-renderer[@class='style-scope ytd-multi-page-menu-renderer']//yt-formatted-string[@id='label' and text()='Afrikaans']
2026-02-21 07:33:03.636 [TestNG-test-Yt Master Tests-1] INFO  [verifyingGlobalFilterLandingPageLingua] [verifyingGlobalFilterLandingPageLingua] Element found and ready (attempt 1): By.xpath: //yt-multi-page-menu-section-renderer[@class='style-scope ytd-multi-page-menu-renderer']//yt-formatted-string[@id='label' and text()='Afrikaans']
2026-02-21 07:33:07.015 [TestNG-test-Yt Master Tests-1] INFO  [verifyingGlobalFilterLandingPageLingua] Clicking settings ellipses button...
2026-02-21 07:33:07.015 [TestNG-test-Yt Master Tests-1] INFO  [verifyingGlobalFilterLandingPageLingua] [verifyingGlobalFilterLandingPageLingua] Trying to find element: By.xpath: //ytd-topbar-menu-button-renderer[@class='style-scope ytd-masthead style-default']
2026-02-21 07:33:08.178 [TestNG-test-Yt Master Tests-1] INFO  [verifyingGlobalFilterLandingPageLingua] [verifyingGlobalFilterLandingPageLingua] Element found and ready (attempt 1): By.xpath: //ytd-topbar-menu-button-renderer[@class='style-scope ytd-masthead style-default']
2026-02-21 07:33:09.150 [TestNG-test-Yt Master Tests-1] INFO  [verifyingGlobalFilterLandingPageLingua] Looking for language element with name: Afrikaans
2026-02-21 07:33:09.151 [TestNG-test-Yt Master Tests-1] INFO  [verifyingGlobalFilterLandingPageLingua] [verifyingGlobalFilterLandingPageLingua] Waiting until element is visible in viewport
2026-02-21 07:33:19.590 [TestNG-test-Yt Master Tests-1] INFO  [verifyingGlobalFilterLandingPageLingua] [verifyingGlobalFilterLandingPageLingua] Capturing screenshot: Filter Applied is Afrikaans__2026-02-21_073319.jpg
2026-02-21 07:33:20.082 [TestNG-test-Yt Master Tests-1] INFO  [verifyingGlobalFilterLandingPageLingua] [verifyingGlobalFilterLandingPageLingua] Screenshot saved at: test-output/screenshots/Run_2026-02-21_07-32-29/verifyingGlobalFilterLandingPageLingua/Filter Applied is Afrikaans__2026-02-21_073319.jpg
2026-02-21 07:33:20.082 [TestNG-test-Yt Master Tests-1] INFO  [verifyingGlobalFilterLandingPageLingua] Clicking settings ellipses button...
2026-02-21 07:33:20.083 [TestNG-test-Yt Master Tests-1] INFO  [verifyingGlobalFilterLandingPageLingua] [verifyingGlobalFilterLandingPageLingua] Trying to find element: By.xpath: //ytd-topbar-menu-button-renderer[@class='style-scope ytd-masthead style-default']
2026-02-21 07:33:20.111 [TestNG-test-Yt Master Tests-1] INFO  [verifyingGlobalFilterLandingPageLingua] [verifyingGlobalFilterLandingPageLingua] Element found and ready (attempt 1): By.xpath: //ytd-topbar-menu-button-renderer[@class='style-scope ytd-masthead style-default']
2026-02-21 07:33:20.176 [TestNG-test-Yt Master Tests-1] INFO  [verifyingGlobalFilterLandingPageLingua] Clicking on global filter button in landing page..
2026-02-21 07:33:20.176 [TestNG-test-Yt Master Tests-1] INFO  [verifyingGlobalFilterLandingPageLingua] [verifyingGlobalFilterLandingPageLingua] Trying to click element: By.xpath: //div[@id='filter-button']
2026-02-21 07:33:20.400 [TestNG-test-Yt Master Tests-1] INFO  [verifyingGlobalFilterLandingPageLingua] [verifyingGlobalFilterLandingPageLingua] Clicked successfully (attempt 1): By.xpath: //div[@id='filter-button']
2026-02-21 07:33:20.400 [TestNG-test-Yt Master Tests-1] INFO  [verifyingGlobalFilterLandingPageLingua] [verifyingGlobalFilterLandingPageLingua] Waiting until element is visible in viewport
2026-02-21 07:33:20.444 [TestNG-test-Yt Master Tests-1] INFO  [verifyingGlobalFilterLandingPageLingua] [verifyingGlobalFilterLandingPageLingua] Capturing screenshot: Filter Applied is Afrikaans__2026-02-21_073320.jpg
2026-02-21 07:33:20.804 [TestNG-test-Yt Master Tests-1] INFO  [verifyingGlobalFilterLandingPageLingua] [verifyingGlobalFilterLandingPageLingua] Screenshot saved at: test-output/screenshots/Run_2026-02-21_07-32-29/verifyingGlobalFilterLandingPageLingua/Filter Applied is Afrikaans__2026-02-21_073320.jpg
2026-02-21 07:33:20.804 [TestNG-test-Yt Master Tests-1] INFO  [verifyingGlobalFilterLandingPageLingua] Fetching the data from the global filter in landing page
2026-02-21 07:33:20.804 [TestNG-test-Yt Master Tests-1] INFO  [verifyingGlobalFilterLandingPageLingua] [verifyingGlobalFilterLandingPageLingua] Trying to find element: By.xpath: //ytd-search-filter-options-dialog-renderer[@class='style-scope ytd-popup-container']
2026-02-21 07:33:20.843 [TestNG-test-Yt Master Tests-1] INFO  [verifyingGlobalFilterLandingPageLingua] [verifyingGlobalFilterLandingPageLingua] Element found and ready (attempt 1): By.xpath: //ytd-search-filter-options-dialog-renderer[@class='style-scope ytd-popup-container']
2026-02-21 07:33:20.874 [TestNG-test-Yt Master Tests-1] INFO  [verifyingGlobalFilterLandingPageLingua] Closing the global filter pop-up in landing page..
2026-02-21 07:33:20.875 [TestNG-test-Yt Master Tests-1] INFO  [verifyingGlobalFilterLandingPageLingua] [verifyingGlobalFilterLandingPageLingua] Trying to find element: By.xpath: //yt-icon[@icon='close']
2026-02-21 07:33:20.904 [TestNG-test-Yt Master Tests-1] INFO  [verifyingGlobalFilterLandingPageLingua] [verifyingGlobalFilterLandingPageLingua] Element found and ready (attempt 1): By.xpath: //yt-icon[@icon='close']
2026-02-21 07:33:21.575 [TestNG-test-Yt Master Tests-1] INFO  [verifyingGlobalFilterLandingPageLingua] 
========== LANGUAGE DETECTION ==========
Detected Language : AFRIKAANS
Input Text        : Soekfilters
TIPE
Video’s
Kortvideo’s
Kanale
Snitlyste
Flieks
TYDSDUUR
Korter as 3 minute
3-20 minute
Langer as 20 minute
OPLAAIDATUM
Vandag
Vandeesweek
Vandeesmaand
Hierdie jaar
KENMERKE
Regstreeks
4K
HD
Onderskrifte
Creative Commons
360°
VR180
3D
HDR
Ligging
Gekoop
PRIORITISEER
Relevansie
Gewildheid
========================================
2026-02-21 07:33:21.578 [TestNG-test-Yt Master Tests-1] INFO  [verifyingGlobalFilterLandingPageLingua] getLangAttribute() - locating <html> and reading lang property
2026-02-21 07:33:21.605 [TestNG-test-Yt Master Tests-1] INFO  [verifyingGlobalFilterLandingPageLingua] Language attribute read: af-ZA
2026-02-21 07:33:21.613 [TestNG-test-Yt Master Tests-1] INFO  [verifyingGlobalFilterLandingPageLingua] Clicking settings ellipses button...
2026-02-21 07:33:21.614 [TestNG-test-Yt Master Tests-1] INFO  [verifyingGlobalFilterLandingPageLingua] [verifyingGlobalFilterLandingPageLingua] Trying to find element: By.xpath: //ytd-topbar-menu-button-renderer[@class='style-scope ytd-masthead style-default']
2026-02-21 07:33:21.651 [TestNG-test-Yt Master Tests-1] INFO  [verifyingGlobalFilterLandingPageLingua] [verifyingGlobalFilterLandingPageLingua] Element found and ready (attempt 1): By.xpath: //ytd-topbar-menu-button-renderer[@class='style-scope ytd-masthead style-default']
2026-02-21 07:33:21.733 [TestNG-test-Yt Master Tests-1] INFO  [verifyingGlobalFilterLandingPageLingua] Clicking language dropdown...
2026-02-21 07:33:21.733 [TestNG-test-Yt Master Tests-1] INFO  [verifyingGlobalFilterLandingPageLingua] [verifyingGlobalFilterLandingPageLingua] Trying to find element: By.xpath: (//div[@id='content-icon'])[2]
2026-02-21 07:33:22.282 [TestNG-test-Yt Master Tests-1] INFO  [verifyingGlobalFilterLandingPageLingua] [verifyingGlobalFilterLandingPageLingua] Element found and ready (attempt 1): By.xpath: (//div[@id='content-icon'])[2]
2026-02-21 07:33:22.624 [TestNG-test-Yt Master Tests-1] INFO  [verifyingGlobalFilterLandingPageLingua] Looking for language element with name: Azərbaycan
2026-02-21 07:33:22.625 [TestNG-test-Yt Master Tests-1] INFO  [verifyingGlobalFilterLandingPageLingua] [verifyingGlobalFilterLandingPageLingua] Trying to find element: By.xpath: //yt-multi-page-menu-section-renderer[@class='style-scope ytd-multi-page-menu-renderer']//yt-formatted-string[@id='label' and text()='Azərbaycan']
2026-02-21 07:33:22.716 [TestNG-test-Yt Master Tests-1] INFO  [verifyingGlobalFilterLandingPageLingua] [verifyingGlobalFilterLandingPageLingua] Element found and ready (attempt 1): By.xpath: //yt-multi-page-menu-section-renderer[@class='style-scope ytd-multi-page-menu-renderer']//yt-formatted-string[@id='label' and text()='Azərbaycan']
2026-02-21 07:33:25.046 [TestNG-test-Yt Master Tests-1] INFO  [verifyingGlobalFilterLandingPageLingua] Clicking settings ellipses button...
2026-02-21 07:33:25.047 [TestNG-test-Yt Master Tests-1] INFO  [verifyingGlobalFilterLandingPageLingua] [verifyingGlobalFilterLandingPageLingua] Trying to find element: By.xpath: //ytd-topbar-menu-button-renderer[@class='style-scope ytd-masthead style-default']
2026-02-21 07:33:26.586 [TestNG-test-Yt Master Tests-1] INFO  [verifyingGlobalFilterLandingPageLingua] [verifyingGlobalFilterLandingPageLingua] Element found and ready (attempt 1): By.xpath: //ytd-topbar-menu-button-renderer[@class='style-scope ytd-masthead style-default']
2026-02-21 07:33:27.117 [TestNG-test-Yt Master Tests-1] INFO  [verifyingGlobalFilterLandingPageLingua] Looking for language element with name: Azərbaycan
2026-02-21 07:33:27.118 [TestNG-test-Yt Master Tests-1] INFO  [verifyingGlobalFilterLandingPageLingua] [verifyingGlobalFilterLandingPageLingua] Waiting until element is visible in viewport
2026-02-21 07:33:37.428 [TestNG-test-Yt Master Tests-1] INFO  [verifyingGlobalFilterLandingPageLingua] [verifyingGlobalFilterLandingPageLingua] Capturing screenshot: Filter Applied is Azərbaycan__2026-02-21_073337.jpg
2026-02-21 07:33:37.730 [TestNG-test-Yt Master Tests-1] INFO  [verifyingGlobalFilterLandingPageLingua] [verifyingGlobalFilterLandingPageLingua] Screenshot saved at: test-output/screenshots/Run_2026-02-21_07-32-29/verifyingGlobalFilterLandingPageLingua/Filter Applied is Azərbaycan__2026-02-21_073337.jpg
2026-02-21 07:33:37.731 [TestNG-test-Yt Master Tests-1] INFO  [verifyingGlobalFilterLandingPageLingua] Clicking settings ellipses button...
2026-02-21 07:33:37.731 [TestNG-test-Yt Master Tests-1] INFO  [verifyingGlobalFilterLandingPageLingua] [verifyingGlobalFilterLandingPageLingua] Trying to find element: By.xpath: //ytd-topbar-menu-button-renderer[@class='style-scope ytd-masthead style-default']
2026-02-21 07:33:37.757 [TestNG-test-Yt Master Tests-1] INFO  [verifyingGlobalFilterLandingPageLingua] [verifyingGlobalFilterLandingPageLingua] Element found and ready (attempt 1): By.xpath: //ytd-topbar-menu-button-renderer[@class='style-scope ytd-masthead style-default']
2026-02-21 07:33:37.817 [TestNG-test-Yt Master Tests-1] INFO  [verifyingGlobalFilterLandingPageLingua] Clicking on global filter button in landing page..
2026-02-21 07:33:37.817 [TestNG-test-Yt Master Tests-1] INFO  [verifyingGlobalFilterLandingPageLingua] [verifyingGlobalFilterLandingPageLingua] Trying to click element: By.xpath: //div[@id='filter-button']
2026-02-21 07:33:38.030 [TestNG-test-Yt Master Tests-1] INFO  [verifyingGlobalFilterLandingPageLingua] [verifyingGlobalFilterLandingPageLingua] Clicked successfully (attempt 1): By.xpath: //div[@id='filter-button']
2026-02-21 07:33:38.030 [TestNG-test-Yt Master Tests-1] INFO  [verifyingGlobalFilterLandingPageLingua] [verifyingGlobalFilterLandingPageLingua] Waiting until element is visible in viewport
2026-02-21 07:33:38.069 [TestNG-test-Yt Master Tests-1] INFO  [verifyingGlobalFilterLandingPageLingua] [verifyingGlobalFilterLandingPageLingua] Capturing screenshot: Filter Applied is Azərbaycan__2026-02-21_073338.jpg
2026-02-21 07:33:38.549 [TestNG-test-Yt Master Tests-1] INFO  [verifyingGlobalFilterLandingPageLingua] [verifyingGlobalFilterLandingPageLingua] Screenshot saved at: test-output/screenshots/Run_2026-02-21_07-32-29/verifyingGlobalFilterLandingPageLingua/Filter Applied is Azərbaycan__2026-02-21_073338.jpg
2026-02-21 07:33:38.550 [TestNG-test-Yt Master Tests-1] INFO  [verifyingGlobalFilterLandingPageLingua] Fetching the data from the global filter in landing page
2026-02-21 07:33:38.550 [TestNG-test-Yt Master Tests-1] INFO  [verifyingGlobalFilterLandingPageLingua] [verifyingGlobalFilterLandingPageLingua] Trying to find element: By.xpath: //ytd-search-filter-options-dialog-renderer[@class='style-scope ytd-popup-container']
2026-02-21 07:33:38.577 [TestNG-test-Yt Master Tests-1] INFO  [verifyingGlobalFilterLandingPageLingua] [verifyingGlobalFilterLandingPageLingua] Element found and ready (attempt 1): By.xpath: //ytd-search-filter-options-dialog-renderer[@class='style-scope ytd-popup-container']
2026-02-21 07:33:38.604 [TestNG-test-Yt Master Tests-1] INFO  [verifyingGlobalFilterLandingPageLingua] Closing the global filter pop-up in landing page..
2026-02-21 07:33:38.605 [TestNG-test-Yt Master Tests-1] INFO  [verifyingGlobalFilterLandingPageLingua] [verifyingGlobalFilterLandingPageLingua] Trying to find element: By.xpath: //yt-icon[@icon='close']
2026-02-21 07:33:38.631 [TestNG-test-Yt Master Tests-1] INFO  [verifyingGlobalFilterLandingPageLingua] [verifyingGlobalFilterLandingPageLingua] Element found and ready (attempt 1): By.xpath: //yt-icon[@icon='close']
2026-02-21 07:33:38.743 [TestNG-test-Yt Master Tests-1] INFO  [verifyingGlobalFilterLandingPageLingua] 
========== LANGUAGE DETECTION ==========
Detected Language : AZERBAIJANI
Input Text        : Axtarış filtrləri
NÖV
Videolar
Shorts
Kanallar
Mahnı siyahıları
Filmlər
MÜDDƏT
3 dəqiqədən az
3 - 20 dəqiqə
20 dəqiqədən çox
YÜKLƏMƏ TARIXI
Bu gün
Bu həftə
Bu ay
Bu il
FUNKSIYALAR
Canlı
4K
HD
Altyazılar/gizli altyazılar
Creative Commons lisenziyalı
360°
VR180
3D
HDR
Məkan
Satın alınmış
PRIORITETLƏŞDIRIN
uyğunluq
Populyarlıq
========================================
2026-02-21 07:33:38.747 [TestNG-test-Yt Master Tests-1] INFO  [verifyingGlobalFilterLandingPageLingua] getLangAttribute() - locating <html> and reading lang property
2026-02-21 07:33:38.781 [TestNG-test-Yt Master Tests-1] INFO  [verifyingGlobalFilterLandingPageLingua] Language attribute read: az-Latn-AZ
2026-02-21 07:33:38.782 [TestNG-test-Yt Master Tests-1] INFO  [verifyingGlobalFilterLandingPageLingua] Clicking settings ellipses button...
2026-02-21 07:33:38.782 [TestNG-test-Yt Master Tests-1] INFO  [verifyingGlobalFilterLandingPageLingua] [verifyingGlobalFilterLandingPageLingua] Trying to find element: By.xpath: //ytd-topbar-menu-button-renderer[@class='style-scope ytd-masthead style-default']
2026-02-21 07:33:38.815 [TestNG-test-Yt Master Tests-1] INFO  [verifyingGlobalFilterLandingPageLingua] [verifyingGlobalFilterLandingPageLingua] Element found and ready (attempt 1): By.xpath: //ytd-topbar-menu-button-renderer[@class='style-scope ytd-masthead style-default']
2026-02-21 07:33:38.910 [TestNG-test-Yt Master Tests-1] INFO  [verifyingGlobalFilterLandingPageLingua] Clicking language dropdown...
2026-02-21 07:33:38.911 [TestNG-test-Yt Master Tests-1] INFO  [verifyingGlobalFilterLandingPageLingua] [verifyingGlobalFilterLandingPageLingua] Trying to find element: By.xpath: (//div[@id='content-icon'])[2]
2026-02-21 07:33:39.457 [TestNG-test-Yt Master Tests-1] INFO  [verifyingGlobalFilterLandingPageLingua] [verifyingGlobalFilterLandingPageLingua] Element found and ready (attempt 1): By.xpath: (//div[@id='content-icon'])[2]
2026-02-21 07:33:39.844 [TestNG-test-Yt Master Tests-1] INFO  [verifyingGlobalFilterLandingPageLingua] Looking for language element with name: Bahasa Indonesia
2026-02-21 07:33:39.844 [TestNG-test-Yt Master Tests-1] INFO  [verifyingGlobalFilterLandingPageLingua] [verifyingGlobalFilterLandingPageLingua] Trying to find element: By.xpath: //yt-multi-page-menu-section-renderer[@class='style-scope ytd-multi-page-menu-renderer']//yt-formatted-string[@id='label' and text()='Bahasa Indonesia']
2026-02-21 07:33:39.947 [TestNG-test-Yt Master Tests-1] INFO  [verifyingGlobalFilterLandingPageLingua] [verifyingGlobalFilterLandingPageLingua] Element found and ready (attempt 1): By.xpath: //yt-multi-page-menu-section-renderer[@class='style-scope ytd-multi-page-menu-renderer']//yt-formatted-string[@id='label' and text()='Bahasa Indonesia']
2026-02-21 07:33:42.052 [TestNG-test-Yt Master Tests-1] INFO  [verifyingGlobalFilterLandingPageLingua] Clicking settings ellipses button...
2026-02-21 07:33:42.052 [TestNG-test-Yt Master Tests-1] INFO  [verifyingGlobalFilterLandingPageLingua] [verifyingGlobalFilterLandingPageLingua] Trying to find element: By.xpath: //ytd-topbar-menu-button-renderer[@class='style-scope ytd-masthead style-default']
2026-02-21 07:33:43.787 [TestNG-test-Yt Master Tests-1] INFO  [verifyingGlobalFilterLandingPageLingua] [verifyingGlobalFilterLandingPageLingua] Element found and ready (attempt 1): By.xpath: //ytd-topbar-menu-button-renderer[@class='style-scope ytd-masthead style-default']
2026-02-21 07:33:44.103 [TestNG-test-Yt Master Tests-1] INFO  [verifyingGlobalFilterLandingPageLingua] Looking for language element with name: Bahasa Indonesia
2026-02-21 07:33:44.104 [TestNG-test-Yt Master Tests-1] INFO  [verifyingGlobalFilterLandingPageLingua] [verifyingGlobalFilterLandingPageLingua] Waiting until element is visible in viewport
2026-02-21 07:33:54.397 [TestNG-test-Yt Master Tests-1] INFO  [verifyingGlobalFilterLandingPageLingua] [verifyingGlobalFilterLandingPageLingua] Capturing screenshot: Filter Applied is Bahasa Indonesia__2026-02-21_073354.jpg
2026-02-21 07:33:54.701 [TestNG-test-Yt Master Tests-1] INFO  [verifyingGlobalFilterLandingPageLingua] [verifyingGlobalFilterLandingPageLingua] Screenshot saved at: test-output/screenshots/Run_2026-02-21_07-32-29/verifyingGlobalFilterLandingPageLingua/Filter Applied is Bahasa Indonesia__2026-02-21_073354.jpg
2026-02-21 07:33:54.701 [TestNG-test-Yt Master Tests-1] INFO  [verifyingGlobalFilterLandingPageLingua] Clicking settings ellipses button...
2026-02-21 07:33:54.701 [TestNG-test-Yt Master Tests-1] INFO  [verifyingGlobalFilterLandingPageLingua] [verifyingGlobalFilterLandingPageLingua] Trying to find element: By.xpath: //ytd-topbar-menu-button-renderer[@class='style-scope ytd-masthead style-default']
2026-02-21 07:33:54.727 [TestNG-test-Yt Master Tests-1] INFO  [verifyingGlobalFilterLandingPageLingua] [verifyingGlobalFilterLandingPageLingua] Element found and ready (attempt 1): By.xpath: //ytd-topbar-menu-button-renderer[@class='style-scope ytd-masthead style-default']
2026-02-21 07:33:54.787 [TestNG-test-Yt Master Tests-1] INFO  [verifyingGlobalFilterLandingPageLingua] Clicking on global filter button in landing page..
2026-02-21 07:33:54.787 [TestNG-test-Yt Master Tests-1] INFO  [verifyingGlobalFilterLandingPageLingua] [verifyingGlobalFilterLandingPageLingua] Trying to click element: By.xpath: //div[@id='filter-button']
2026-02-21 07:33:55.012 [TestNG-test-Yt Master Tests-1] INFO  [verifyingGlobalFilterLandingPageLingua] [verifyingGlobalFilterLandingPageLingua] Clicked successfully (attempt 1): By.xpath: //div[@id='filter-button']
2026-02-21 07:33:55.020 [TestNG-test-Yt Master Tests-1] INFO  [verifyingGlobalFilterLandingPageLingua] [verifyingGlobalFilterLandingPageLingua] Waiting until element is visible in viewport
2026-02-21 07:33:55.206 [TestNG-test-Yt Master Tests-1] INFO  [verifyingGlobalFilterLandingPageLingua] [verifyingGlobalFilterLandingPageLingua] Capturing screenshot: Filter Applied is Bahasa Indonesia__2026-02-21_073355.jpg
2026-02-21 07:33:55.568 [TestNG-test-Yt Master Tests-1] INFO  [verifyingGlobalFilterLandingPageLingua] [verifyingGlobalFilterLandingPageLingua] Screenshot saved at: test-output/screenshots/Run_2026-02-21_07-32-29/verifyingGlobalFilterLandingPageLingua/Filter Applied is Bahasa Indonesia__2026-02-21_073355.jpg
2026-02-21 07:33:55.569 [TestNG-test-Yt Master Tests-1] INFO  [verifyingGlobalFilterLandingPageLingua] Fetching the data from the global filter in landing page
2026-02-21 07:33:55.569 [TestNG-test-Yt Master Tests-1] INFO  [verifyingGlobalFilterLandingPageLingua] [verifyingGlobalFilterLandingPageLingua] Trying to find element: By.xpath: //ytd-search-filter-options-dialog-renderer[@class='style-scope ytd-popup-container']
2026-02-21 07:33:55.598 [TestNG-test-Yt Master Tests-1] INFO  [verifyingGlobalFilterLandingPageLingua] [verifyingGlobalFilterLandingPageLingua] Element found and ready (attempt 1): By.xpath: //ytd-search-filter-options-dialog-renderer[@class='style-scope ytd-popup-container']
2026-02-21 07:33:55.625 [TestNG-test-Yt Master Tests-1] INFO  [verifyingGlobalFilterLandingPageLingua] Closing the global filter pop-up in landing page..
2026-02-21 07:33:55.625 [TestNG-test-Yt Master Tests-1] INFO  [verifyingGlobalFilterLandingPageLingua] [verifyingGlobalFilterLandingPageLingua] Trying to find element: By.xpath: //yt-icon[@icon='close']
2026-02-21 07:33:55.654 [TestNG-test-Yt Master Tests-1] INFO  [verifyingGlobalFilterLandingPageLingua] [verifyingGlobalFilterLandingPageLingua] Element found and ready (attempt 1): By.xpath: //yt-icon[@icon='close']
2026-02-21 07:33:55.726 [TestNG-test-Yt Master Tests-1] INFO  [verifyingGlobalFilterLandingPageLingua] 
========== LANGUAGE DETECTION ==========
Detected Language : INDONESIAN
Input Text        : Filter penelusuran
JENIS
Video
Shorts
Channel
Playlist
Film
DURASI
Kurang dari 3 menit
3—20 menit
Lebih dari 20 menit
TANGGAL UPLOAD
Hari ini
Minggu ini
Bulan ini
Tahun ini
FITUR
Live
4K
HD
Subtitel/CC
Creative Commons
360°
VR180
3D
HDR
Lokasi
Dibeli
PRIORITASKAN
Relevansi
Popularitas
========================================
2026-02-21 07:33:55.728 [TestNG-test-Yt Master Tests-1] INFO  [verifyingGlobalFilterLandingPageLingua] getLangAttribute() - locating <html> and reading lang property
2026-02-21 07:33:55.748 [TestNG-test-Yt Master Tests-1] INFO  [verifyingGlobalFilterLandingPageLingua] Language attribute read: id-ID
2026-02-21 07:33:55.749 [TestNG-test-Yt Master Tests-1] INFO  [verifyingGlobalFilterLandingPageLingua] Clicking settings ellipses button...
2026-02-21 07:33:55.749 [TestNG-test-Yt Master Tests-1] INFO  [verifyingGlobalFilterLandingPageLingua] [verifyingGlobalFilterLandingPageLingua] Trying to find element: By.xpath: //ytd-topbar-menu-button-renderer[@class='style-scope ytd-masthead style-default']
2026-02-21 07:33:55.779 [TestNG-test-Yt Master Tests-1] INFO  [verifyingGlobalFilterLandingPageLingua] [verifyingGlobalFilterLandingPageLingua] Element found and ready (attempt 1): By.xpath: //ytd-topbar-menu-button-renderer[@class='style-scope ytd-masthead style-default']
2026-02-21 07:33:55.859 [TestNG-test-Yt Master Tests-1] INFO  [verifyingGlobalFilterLandingPageLingua] Clicking language dropdown...
2026-02-21 07:33:55.859 [TestNG-test-Yt Master Tests-1] INFO  [verifyingGlobalFilterLandingPageLingua] [verifyingGlobalFilterLandingPageLingua] Trying to find element: By.xpath: (//div[@id='content-icon'])[2]
2026-02-21 07:33:55.886 [TestNG-test-Yt Master Tests-1] WARN  [verifyingGlobalFilterLandingPageLingua] [verifyingGlobalFilterLandingPageLingua] Element found but not ready (attempt 1): By.xpath: (//div[@id='content-icon'])[2]
2026-02-21 07:33:55.977 [TestNG-test-Yt Master Tests-1] INFO  [verifyingGlobalFilterLandingPageLingua] [verifyingGlobalFilterLandingPageLingua] Element found and ready (attempt 2): By.xpath: (//div[@id='content-icon'])[2]
2026-02-21 07:33:56.298 [TestNG-test-Yt Master Tests-1] INFO  [verifyingGlobalFilterLandingPageLingua] Looking for language element with name: Bosanski
2026-02-21 07:33:56.299 [TestNG-test-Yt Master Tests-1] INFO  [verifyingGlobalFilterLandingPageLingua] [verifyingGlobalFilterLandingPageLingua] Trying to find element: By.xpath: //yt-multi-page-menu-section-renderer[@class='style-scope ytd-multi-page-menu-renderer']//yt-formatted-string[@id='label' and text()='Bosanski']
2026-02-21 07:33:56.438 [TestNG-test-Yt Master Tests-1] INFO  [verifyingGlobalFilterLandingPageLingua] [verifyingGlobalFilterLandingPageLingua] Element found and ready (attempt 1): By.xpath: //yt-multi-page-menu-section-renderer[@class='style-scope ytd-multi-page-menu-renderer']//yt-formatted-string[@id='label' and text()='Bosanski']
2026-02-21 07:33:58.695 [TestNG-test-Yt Master Tests-1] INFO  [verifyingGlobalFilterLandingPageLingua] Clicking settings ellipses button...
2026-02-21 07:33:58.696 [TestNG-test-Yt Master Tests-1] INFO  [verifyingGlobalFilterLandingPageLingua] [verifyingGlobalFilterLandingPageLingua] Trying to find element: By.xpath: //ytd-topbar-menu-button-renderer[@class='style-scope ytd-masthead style-default']
2026-02-21 07:34:00.268 [TestNG-test-Yt Master Tests-1] INFO  [verifyingGlobalFilterLandingPageLingua] [verifyingGlobalFilterLandingPageLingua] Element found and ready (attempt 1): By.xpath: //ytd-topbar-menu-button-renderer[@class='style-scope ytd-masthead style-default']
2026-02-21 07:34:00.612 [TestNG-test-Yt Master Tests-1] INFO  [verifyingGlobalFilterLandingPageLingua] Looking for language element with name: Bosanski
2026-02-21 07:34:00.612 [TestNG-test-Yt Master Tests-1] INFO  [verifyingGlobalFilterLandingPageLingua] [verifyingGlobalFilterLandingPageLingua] Waiting until element is visible in viewport
2026-02-21 07:34:10.957 [TestNG-test-Yt Master Tests-1] INFO  [verifyingGlobalFilterLandingPageLingua] [verifyingGlobalFilterLandingPageLingua] Capturing screenshot: Filter Applied is Bosanski__2026-02-21_073410.jpg
2026-02-21 07:34:11.257 [TestNG-test-Yt Master Tests-1] INFO  [verifyingGlobalFilterLandingPageLingua] [verifyingGlobalFilterLandingPageLingua] Screenshot saved at: test-output/screenshots/Run_2026-02-21_07-32-29/verifyingGlobalFilterLandingPageLingua/Filter Applied is Bosanski__2026-02-21_073410.jpg
2026-02-21 07:34:11.258 [TestNG-test-Yt Master Tests-1] INFO  [verifyingGlobalFilterLandingPageLingua] Clicking settings ellipses button...
2026-02-21 07:34:11.259 [TestNG-test-Yt Master Tests-1] INFO  [verifyingGlobalFilterLandingPageLingua] [verifyingGlobalFilterLandingPageLingua] Trying to find element: By.xpath: //ytd-topbar-menu-button-renderer[@class='style-scope ytd-masthead style-default']
2026-02-21 07:34:11.290 [TestNG-test-Yt Master Tests-1] INFO  [verifyingGlobalFilterLandingPageLingua] [verifyingGlobalFilterLandingPageLingua] Element found and ready (attempt 1): By.xpath: //ytd-topbar-menu-button-renderer[@class='style-scope ytd-masthead style-default']
2026-02-21 07:34:11.348 [TestNG-test-Yt Master Tests-1] INFO  [verifyingGlobalFilterLandingPageLingua] Clicking on global filter button in landing page..
2026-02-21 07:34:11.348 [TestNG-test-Yt Master Tests-1] INFO  [verifyingGlobalFilterLandingPageLingua] [verifyingGlobalFilterLandingPageLingua] Trying to click element: By.xpath: //div[@id='filter-button']
2026-02-21 07:34:11.675 [TestNG-test-Yt Master Tests-1] INFO  [verifyingGlobalFilterLandingPageLingua] [verifyingGlobalFilterLandingPageLingua] Clicked successfully (attempt 1): By.xpath: //div[@id='filter-button']
2026-02-21 07:34:11.675 [TestNG-test-Yt Master Tests-1] INFO  [verifyingGlobalFilterLandingPageLingua] [verifyingGlobalFilterLandingPageLingua] Waiting until element is visible in viewport
2026-02-21 07:34:11.772 [TestNG-test-Yt Master Tests-1] INFO  [verifyingGlobalFilterLandingPageLingua] [verifyingGlobalFilterLandingPageLingua] Capturing screenshot: Filter Applied is Bosanski__2026-02-21_073411.jpg
2026-02-21 07:34:12.099 [TestNG-test-Yt Master Tests-1] INFO  [verifyingGlobalFilterLandingPageLingua] [verifyingGlobalFilterLandingPageLingua] Screenshot saved at: test-output/screenshots/Run_2026-02-21_07-32-29/verifyingGlobalFilterLandingPageLingua/Filter Applied is Bosanski__2026-02-21_073411.jpg
2026-02-21 07:34:12.099 [TestNG-test-Yt Master Tests-1] INFO  [verifyingGlobalFilterLandingPageLingua] Fetching the data from the global filter in landing page
2026-02-21 07:34:12.099 [TestNG-test-Yt Master Tests-1] INFO  [verifyingGlobalFilterLandingPageLingua] [verifyingGlobalFilterLandingPageLingua] Trying to find element: By.xpath: //ytd-search-filter-options-dialog-renderer[@class='style-scope ytd-popup-container']
2026-02-21 07:34:12.124 [TestNG-test-Yt Master Tests-1] INFO  [verifyingGlobalFilterLandingPageLingua] [verifyingGlobalFilterLandingPageLingua] Element found and ready (attempt 1): By.xpath: //ytd-search-filter-options-dialog-renderer[@class='style-scope ytd-popup-container']
2026-02-21 07:34:12.151 [TestNG-test-Yt Master Tests-1] INFO  [verifyingGlobalFilterLandingPageLingua] Closing the global filter pop-up in landing page..
2026-02-21 07:34:12.151 [TestNG-test-Yt Master Tests-1] INFO  [verifyingGlobalFilterLandingPageLingua] [verifyingGlobalFilterLandingPageLingua] Trying to find element: By.xpath: //yt-icon[@icon='close']
2026-02-21 07:34:12.173 [TestNG-test-Yt Master Tests-1] INFO  [verifyingGlobalFilterLandingPageLingua] [verifyingGlobalFilterLandingPageLingua] Element found and ready (attempt 1): By.xpath: //yt-icon[@icon='close']
2026-02-21 07:34:12.241 [TestNG-test-Yt Master Tests-1] INFO  [verifyingGlobalFilterLandingPageLingua] 
========== LANGUAGE DETECTION ==========
Detected Language : BOSNIAN
Input Text        : Filteri pretraživanja
VRSTA
Videozapisi
Shortsi
Kanali
Plejliste
Filmovi
TRAJANJE
Manje od 3 minute
3–20 minuta
Više od 20 minuta
DATUM OTPREMANJA
Danas
Ova sedmica
Ovog mjeseca
Ove godine
FUNKCIJE
Uživo
4K
HD
Titlovi
Creative Commons
360°
VR180
3D
HDR
Lokacija
Kupljeno
DAVANJE PRIORITETA
Relevantnost
Popularnost
========================================
2026-02-21 07:34:12.242 [TestNG-test-Yt Master Tests-1] INFO  [verifyingGlobalFilterLandingPageLingua] getLangAttribute() - locating <html> and reading lang property
2026-02-21 07:34:12.261 [TestNG-test-Yt Master Tests-1] INFO  [verifyingGlobalFilterLandingPageLingua] Language attribute read: bs-Latn-BA
2026-02-21 07:34:12.264 [TestNG-test-Yt Master Tests-1] INFO  [verifyingGlobalFilterLandingPageLingua] Clicking settings ellipses button...
2026-02-21 07:34:12.264 [TestNG-test-Yt Master Tests-1] INFO  [verifyingGlobalFilterLandingPageLingua] [verifyingGlobalFilterLandingPageLingua] Trying to find element: By.xpath: //ytd-topbar-menu-button-renderer[@class='style-scope ytd-masthead style-default']
2026-02-21 07:34:12.292 [TestNG-test-Yt Master Tests-1] INFO  [verifyingGlobalFilterLandingPageLingua] [verifyingGlobalFilterLandingPageLingua] Element found and ready (attempt 1): By.xpath: //ytd-topbar-menu-button-renderer[@class='style-scope ytd-masthead style-default']
2026-02-21 07:34:12.373 [TestNG-test-Yt Master Tests-1] INFO  [verifyingGlobalFilterLandingPageLingua] Clicking language dropdown...
2026-02-21 07:34:12.374 [TestNG-test-Yt Master Tests-1] INFO  [verifyingGlobalFilterLandingPageLingua] [verifyingGlobalFilterLandingPageLingua] Trying to find element: By.xpath: (//div[@id='content-icon'])[2]
2026-02-21 07:34:12.398 [TestNG-test-Yt Master Tests-1] WARN  [verifyingGlobalFilterLandingPageLingua] [verifyingGlobalFilterLandingPageLingua] Element found but not ready (attempt 1): By.xpath: (//div[@id='content-icon'])[2]
2026-02-21 07:34:12.481 [TestNG-test-Yt Master Tests-1] WARN  [verifyingGlobalFilterLandingPageLingua] [verifyingGlobalFilterLandingPageLingua] Element found but not ready (attempt 2): By.xpath: (//div[@id='content-icon'])[2]
2026-02-21 07:34:12.481 [TestNG-test-Yt Master Tests-1] WARN  [verifyingGlobalFilterLandingPageLingua] [verifyingGlobalFilterLandingPageLingua] Attempt 2 failed — refreshing the page to recover...
2026-02-21 07:34:12.487 [TestNG-test-Yt Master Tests-1] INFO  [verifyingGlobalFilterLandingPageLingua] [verifyingGlobalFilterLandingPageLingua] Current URL before refresh: https://www.youtube.com/results?search_query=youtube
2026-02-21 07:34:14.833 [TestNG-test-Yt Master Tests-1] INFO  [verifyingGlobalFilterLandingPageLingua] [verifyingGlobalFilterLandingPageLingua] Page refreshed successfully.
2026-02-21 07:34:15.480 [TestNG-test-Yt Master Tests-1] INFO  [verifyingGlobalFilterLandingPageLingua] [verifyingGlobalFilterLandingPageLingua] Page fully loaded after refresh.
2026-02-21 07:34:25.673 [TestNG-test-Yt Master Tests-1] WARN  [verifyingGlobalFilterLandingPageLingua] [verifyingGlobalFilterLandingPageLingua] Timeout finding element (attempt 3): By.xpath: (//div[@id='content-icon'])[2]
2026-02-21 07:34:25.673 [TestNG-test-Yt Master Tests-1] WARN  [verifyingGlobalFilterLandingPageLingua] [verifyingGlobalFilterLandingPageLingua] Attempt 3 failed — refreshing the page to recover...
2026-02-21 07:34:25.677 [TestNG-test-Yt Master Tests-1] INFO  [verifyingGlobalFilterLandingPageLingua] [verifyingGlobalFilterLandingPageLingua] Current URL before refresh: https://www.youtube.com/results?search_query=youtube
2026-02-21 07:34:25.781 [TestNG-test-Yt Master Tests-1] INFO  [verifyingGlobalFilterLandingPageLingua] [verifyingGlobalFilterLandingPageLingua] Page refreshed successfully.
2026-02-21 07:34:27.932 [TestNG-test-Yt Master Tests-1] INFO  [verifyingGlobalFilterLandingPageLingua] [verifyingGlobalFilterLandingPageLingua] Page fully loaded after refresh.
2026-02-21 07:34:27.932 [TestNG-test-Yt Master Tests-1] ERROR [verifyingGlobalFilterLandingPageLingua] [verifyingGlobalFilterLandingPageLingua] Element not found after 3 attempts: By.xpath: (//div[@id='content-icon'])[2]
2026-02-21 07:34:27.938 [TestNG-test-Yt Master Tests-1] WARN  [verifyingGlobalFilterLandingPageLingua] [verifyingGlobalFilterLandingPageLingua] Retrying test 'verifyingGlobalFilterLandingPageLingua' (attempt 1) due to: Cannot invoke "org.openqa.selenium.WebElement.click()" because the return value of "main.java.yt_multi_lang_ui_validator.safeActions.SafeActions.safeFindElement(org.openqa.selenium.By)" is null
2026-02-21 07:34:27.978 [TestNG-test-Yt Master Tests-1] WARN  [verifyingGlobalFilterLandingPageLingua] Test SKIPPED: verifyingGlobalFilterLandingPageLingua
2026-02-21 07:34:27.979 [TestNG-test-Yt Master Tests-1] INFO  [verifyingGlobalFilterLandingPageLingua] Closing WebDriver for thread: 31
2026-02-21 07:34:28.518 [TestNG-test-Yt Master Tests-1] INFO  [verifyingGlobalFilterLandingPageLingua] WebDriver instance removed from ThreadLocal for thread: 31
2026-02-21 07:34:28.518 [TestNG-test-Yt Master Tests-1] INFO  [verifyingGlobalFilterLandingPageLingua] Driver closed for test: verifyingGlobalFilterLandingPageLingua
2026-02-21 07:34:28.525 [TestNG-test-Yt Master Tests-1] INFO  [verifyingGlobalFilterLandingPageLingua] ===== STARTING TEST: verifyingGlobalFilterLandingPageLingua  | Thread: 31 =====
2026-02-21 07:34:28.525 [TestNG-test-Yt Master Tests-1] INFO  [verifyingGlobalFilterLandingPageLingua] No existing WebDriver found for current thread. Initializing a new ChromeDriver...
2026-02-21 07:34:28.716 [TestNG-test-Yt Master Tests-1] INFO  [verifyingGlobalFilterLandingPageLingua] WebDriverManager: chromedriver setup OK
2026-02-21 07:34:31.024 [TestNG-test-Yt Master Tests-1] INFO  [verifyingGlobalFilterLandingPageLingua] ChromeDriver initialized successfully for thread: 31
2026-02-21 07:34:31.024 [TestNG-test-Yt Master Tests-1] INFO  [verifyingGlobalFilterLandingPageLingua] Driver initialized successfully for test: verifyingGlobalFilterLandingPageLingua
2026-02-21 07:34:31.025 [TestNG-test-Yt Master Tests-1] INFO  [verifyingGlobalFilterLandingPageLingua] SafeActions initialized with driver ChromeDriver: chrome on windows (9c7fd4845fcc0a7786da1372cfb38623)
2026-02-21 07:34:31.026 [TestNG-test-Yt Master Tests-1] INFO  [verifyingGlobalFilterLandingPageLingua] SafeActions initialized with driver ChromeDriver: chrome on windows (9c7fd4845fcc0a7786da1372cfb38623)
2026-02-21 07:34:31.026 [TestNG-test-Yt Master Tests-1] INFO  [verifyingGlobalFilterLandingPageLingua] Initialized YtLandingPage with driver: ChromeDriver: chrome on windows (9c7fd4845fcc0a7786da1372cfb38623)
2026-02-21 07:34:38.486 [TestNG-test-Yt Master Tests-1] INFO  [verifyingGlobalFilterLandingPageLingua] Opened YouTube landing page.
2026-02-21 07:34:38.486 [TestNG-test-Yt Master Tests-1] INFO  [verifyingGlobalFilterLandingPageLingua] Giving input into the search bar with input as  = youtube
2026-02-21 07:34:38.487 [TestNG-test-Yt Master Tests-1] INFO  [verifyingGlobalFilterLandingPageLingua] [verifyingGlobalFilterLandingPageLingua] Trying to click element: By.xpath: //input[@class='ytSearchboxComponentInput yt-searchbox-input title']
2026-02-21 07:34:39.170 [TestNG-test-Yt Master Tests-1] INFO  [verifyingGlobalFilterLandingPageLingua] [verifyingGlobalFilterLandingPageLingua] Clicked successfully (attempt 1): By.xpath: //input[@class='ytSearchboxComponentInput yt-searchbox-input title']
2026-02-21 07:34:39.184 [TestNG-test-Yt Master Tests-1] INFO  [verifyingGlobalFilterLandingPageLingua] [verifyingGlobalFilterLandingPageLingua] Trying to find element: By.xpath: //input[@class='ytSearchboxComponentInput yt-searchbox-input title']
2026-02-21 07:34:39.235 [TestNG-test-Yt Master Tests-1] INFO  [verifyingGlobalFilterLandingPageLingua] [verifyingGlobalFilterLandingPageLingua] Element found and ready (attempt 1): By.xpath: //input[@class='ytSearchboxComponentInput yt-searchbox-input title']
2026-02-21 07:34:39.298 [TestNG-test-Yt Master Tests-1] INFO  [verifyingGlobalFilterLandingPageLingua] clickEnter(By.xpath: //input[@class='ytSearchboxComponentInput yt-searchbox-input title'])
2026-02-21 07:34:39.299 [TestNG-test-Yt Master Tests-1] INFO  [verifyingGlobalFilterLandingPageLingua] [verifyingGlobalFilterLandingPageLingua] Trying to find element: By.xpath: //input[@class='ytSearchboxComponentInput yt-searchbox-input title']
2026-02-21 07:34:39.327 [TestNG-test-Yt Master Tests-1] INFO  [verifyingGlobalFilterLandingPageLingua] [verifyingGlobalFilterLandingPageLingua] Element found and ready (attempt 1): By.xpath: //input[@class='ytSearchboxComponentInput yt-searchbox-input title']
2026-02-21 07:34:39.396 [TestNG-test-Yt Master Tests-1] INFO  [verifyingGlobalFilterLandingPageLingua] Sent ENTER to By.xpath: //input[@class='ytSearchboxComponentInput yt-searchbox-input title']
2026-02-21 07:34:39.396 [TestNG-test-Yt Master Tests-1] INFO  [verifyingGlobalFilterLandingPageLingua] [verifyingGlobalFilterLandingPageLingua] Execution is Not CRON Job Hence refering to normal keys from UtilData
2026-02-21 07:34:39.396 [TestNG-test-Yt Master Tests-1] INFO  [verifyingGlobalFilterLandingPageLingua] Clicking settings ellipses button...
2026-02-21 07:34:39.396 [TestNG-test-Yt Master Tests-1] INFO  [verifyingGlobalFilterLandingPageLingua] [verifyingGlobalFilterLandingPageLingua] Trying to find element: By.xpath: //ytd-topbar-menu-button-renderer[@class='style-scope ytd-masthead style-default']
2026-02-21 07:34:39.446 [TestNG-test-Yt Master Tests-1] INFO  [verifyingGlobalFilterLandingPageLingua] [verifyingGlobalFilterLandingPageLingua] Element found and ready (attempt 1): By.xpath: //ytd-topbar-menu-button-renderer[@class='style-scope ytd-masthead style-default']
2026-02-21 07:34:39.548 [TestNG-test-Yt Master Tests-1] INFO  [verifyingGlobalFilterLandingPageLingua] Clicking language dropdown...
2026-02-21 07:34:39.549 [TestNG-test-Yt Master Tests-1] INFO  [verifyingGlobalFilterLandingPageLingua] [verifyingGlobalFilterLandingPageLingua] Trying to find element: By.xpath: (//div[@id='content-icon'])[2]
2026-02-21 07:34:40.101 [TestNG-test-Yt Master Tests-1] INFO  [verifyingGlobalFilterLandingPageLingua] [verifyingGlobalFilterLandingPageLingua] Element found and ready (attempt 1): By.xpath: (//div[@id='content-icon'])[2]
2026-02-21 07:34:40.487 [TestNG-test-Yt Master Tests-1] INFO  [verifyingGlobalFilterLandingPageLingua] Looking for language element with name: Afrikaans
2026-02-21 07:34:40.488 [TestNG-test-Yt Master Tests-1] INFO  [verifyingGlobalFilterLandingPageLingua] [verifyingGlobalFilterLandingPageLingua] Trying to find element: By.xpath: //yt-multi-page-menu-section-renderer[@class='style-scope ytd-multi-page-menu-renderer']//yt-formatted-string[@id='label' and text()='Afrikaans']
2026-02-21 07:34:41.450 [TestNG-test-Yt Master Tests-1] INFO  [verifyingGlobalFilterLandingPageLingua] [verifyingGlobalFilterLandingPageLingua] Element found and ready (attempt 1): By.xpath: //yt-multi-page-menu-section-renderer[@class='style-scope ytd-multi-page-menu-renderer']//yt-formatted-string[@id='label' and text()='Afrikaans']
2026-02-21 07:34:44.559 [TestNG-test-Yt Master Tests-1] INFO  [verifyingGlobalFilterLandingPageLingua] Clicking settings ellipses button...
2026-02-21 07:34:44.559 [TestNG-test-Yt Master Tests-1] INFO  [verifyingGlobalFilterLandingPageLingua] [verifyingGlobalFilterLandingPageLingua] Trying to find element: By.xpath: //ytd-topbar-menu-button-renderer[@class='style-scope ytd-masthead style-default']
2026-02-21 07:34:46.038 [TestNG-test-Yt Master Tests-1] INFO  [verifyingGlobalFilterLandingPageLingua] [verifyingGlobalFilterLandingPageLingua] Element found and ready (attempt 1): By.xpath: //ytd-topbar-menu-button-renderer[@class='style-scope ytd-masthead style-default']
2026-02-21 07:34:46.707 [TestNG-test-Yt Master Tests-1] INFO  [verifyingGlobalFilterLandingPageLingua] Looking for language element with name: Afrikaans
2026-02-21 07:34:46.707 [TestNG-test-Yt Master Tests-1] INFO  [verifyingGlobalFilterLandingPageLingua] [verifyingGlobalFilterLandingPageLingua] Waiting until element is visible in viewport
2026-02-21 07:34:57.005 [TestNG-test-Yt Master Tests-1] INFO  [verifyingGlobalFilterLandingPageLingua] [verifyingGlobalFilterLandingPageLingua] Capturing screenshot: Filter Applied is Afrikaans__2026-02-21_073457.jpg
2026-02-21 07:34:57.333 [TestNG-test-Yt Master Tests-1] INFO  [verifyingGlobalFilterLandingPageLingua] [verifyingGlobalFilterLandingPageLingua] Screenshot saved at: test-output/screenshots/Run_2026-02-21_07-32-29/verifyingGlobalFilterLandingPageLingua/Filter Applied is Afrikaans__2026-02-21_073457.jpg
2026-02-21 07:34:57.333 [TestNG-test-Yt Master Tests-1] INFO  [verifyingGlobalFilterLandingPageLingua] Clicking settings ellipses button...
2026-02-21 07:34:57.333 [TestNG-test-Yt Master Tests-1] INFO  [verifyingGlobalFilterLandingPageLingua] [verifyingGlobalFilterLandingPageLingua] Trying to find element: By.xpath: //ytd-topbar-menu-button-renderer[@class='style-scope ytd-masthead style-default']
2026-02-21 07:34:57.356 [TestNG-test-Yt Master Tests-1] INFO  [verifyingGlobalFilterLandingPageLingua] [verifyingGlobalFilterLandingPageLingua] Element found and ready (attempt 1): By.xpath: //ytd-topbar-menu-button-renderer[@class='style-scope ytd-masthead style-default']
2026-02-21 07:34:57.414 [TestNG-test-Yt Master Tests-1] INFO  [verifyingGlobalFilterLandingPageLingua] Clicking on global filter button in landing page..
2026-02-21 07:34:57.414 [TestNG-test-Yt Master Tests-1] INFO  [verifyingGlobalFilterLandingPageLingua] [verifyingGlobalFilterLandingPageLingua] Trying to click element: By.xpath: //div[@id='filter-button']
2026-02-21 07:34:57.639 [TestNG-test-Yt Master Tests-1] INFO  [verifyingGlobalFilterLandingPageLingua] [verifyingGlobalFilterLandingPageLingua] Clicked successfully (attempt 1): By.xpath: //div[@id='filter-button']
2026-02-21 07:34:57.639 [TestNG-test-Yt Master Tests-1] INFO  [verifyingGlobalFilterLandingPageLingua] [verifyingGlobalFilterLandingPageLingua] Waiting until element is visible in viewport
2026-02-21 07:34:57.677 [TestNG-test-Yt Master Tests-1] INFO  [verifyingGlobalFilterLandingPageLingua] [verifyingGlobalFilterLandingPageLingua] Capturing screenshot: Filter Applied is Afrikaans__2026-02-21_073457.jpg
2026-02-21 07:34:58.040 [TestNG-test-Yt Master Tests-1] INFO  [verifyingGlobalFilterLandingPageLingua] [verifyingGlobalFilterLandingPageLingua] Screenshot saved at: test-output/screenshots/Run_2026-02-21_07-32-29/verifyingGlobalFilterLandingPageLingua/Filter Applied is Afrikaans__2026-02-21_073457.jpg
2026-02-21 07:34:58.040 [TestNG-test-Yt Master Tests-1] INFO  [verifyingGlobalFilterLandingPageLingua] Fetching the data from the global filter in landing page
2026-02-21 07:34:58.040 [TestNG-test-Yt Master Tests-1] INFO  [verifyingGlobalFilterLandingPageLingua] [verifyingGlobalFilterLandingPageLingua] Trying to find element: By.xpath: //ytd-search-filter-options-dialog-renderer[@class='style-scope ytd-popup-container']
2026-02-21 07:34:58.075 [TestNG-test-Yt Master Tests-1] INFO  [verifyingGlobalFilterLandingPageLingua] [verifyingGlobalFilterLandingPageLingua] Element found and ready (attempt 1): By.xpath: //ytd-search-filter-options-dialog-renderer[@class='style-scope ytd-popup-container']
2026-02-21 07:34:58.106 [TestNG-test-Yt Master Tests-1] INFO  [verifyingGlobalFilterLandingPageLingua] Closing the global filter pop-up in landing page..
2026-02-21 07:34:58.107 [TestNG-test-Yt Master Tests-1] INFO  [verifyingGlobalFilterLandingPageLingua] [verifyingGlobalFilterLandingPageLingua] Trying to find element: By.xpath: //yt-icon[@icon='close']
2026-02-21 07:34:58.143 [TestNG-test-Yt Master Tests-1] INFO  [verifyingGlobalFilterLandingPageLingua] [verifyingGlobalFilterLandingPageLingua] Element found and ready (attempt 1): By.xpath: //yt-icon[@icon='close']
2026-02-21 07:34:58.207 [TestNG-test-Yt Master Tests-1] INFO  [verifyingGlobalFilterLandingPageLingua] 
========== LANGUAGE DETECTION ==========
Detected Language : AFRIKAANS
Input Text        : Soekfilters
TIPE
Video’s
Kortvideo’s
Kanale
Snitlyste
Flieks
TYDSDUUR
Korter as 3 minute
3-20 minute
Langer as 20 minute
OPLAAIDATUM
Vandag
Vandeesweek
Vandeesmaand
Hierdie jaar
KENMERKE
Regstreeks
4K
HD
Onderskrifte
Creative Commons
360°
VR180
3D
HDR
Ligging
Gekoop
PRIORITISEER
Relevansie
Gewildheid
========================================
2026-02-21 07:34:58.208 [TestNG-test-Yt Master Tests-1] INFO  [verifyingGlobalFilterLandingPageLingua] getLangAttribute() - locating <html> and reading lang property
2026-02-21 07:34:58.235 [TestNG-test-Yt Master Tests-1] INFO  [verifyingGlobalFilterLandingPageLingua] Language attribute read: af-ZA
2026-02-21 07:34:58.236 [TestNG-test-Yt Master Tests-1] INFO  [verifyingGlobalFilterLandingPageLingua] Clicking settings ellipses button...
2026-02-21 07:34:58.236 [TestNG-test-Yt Master Tests-1] INFO  [verifyingGlobalFilterLandingPageLingua] [verifyingGlobalFilterLandingPageLingua] Trying to find element: By.xpath: //ytd-topbar-menu-button-renderer[@class='style-scope ytd-masthead style-default']
2026-02-21 07:34:58.265 [TestNG-test-Yt Master Tests-1] INFO  [verifyingGlobalFilterLandingPageLingua] [verifyingGlobalFilterLandingPageLingua] Element found and ready (attempt 1): By.xpath: //ytd-topbar-menu-button-renderer[@class='style-scope ytd-masthead style-default']
2026-02-21 07:34:58.325 [TestNG-test-Yt Master Tests-1] INFO  [verifyingGlobalFilterLandingPageLingua] Clicking language dropdown...
2026-02-21 07:34:58.325 [TestNG-test-Yt Master Tests-1] INFO  [verifyingGlobalFilterLandingPageLingua] [verifyingGlobalFilterLandingPageLingua] Trying to find element: By.xpath: (//div[@id='content-icon'])[2]
2026-02-21 07:34:58.367 [TestNG-test-Yt Master Tests-1] WARN  [verifyingGlobalFilterLandingPageLingua] [verifyingGlobalFilterLandingPageLingua] Element found but not ready (attempt 1): By.xpath: (//div[@id='content-icon'])[2]
2026-02-21 07:34:58.580 [TestNG-test-Yt Master Tests-1] WARN  [verifyingGlobalFilterLandingPageLingua] [verifyingGlobalFilterLandingPageLingua] Element found but not ready (attempt 2): By.xpath: (//div[@id='content-icon'])[2]
2026-02-21 07:34:58.580 [TestNG-test-Yt Master Tests-1] WARN  [verifyingGlobalFilterLandingPageLingua] [verifyingGlobalFilterLandingPageLingua] Attempt 2 failed — refreshing the page to recover...
2026-02-21 07:34:58.596 [TestNG-test-Yt Master Tests-1] INFO  [verifyingGlobalFilterLandingPageLingua] [verifyingGlobalFilterLandingPageLingua] Current URL before refresh: https://www.youtube.com/results?search_query=youtube
2026-02-21 07:35:00.816 [TestNG-test-Yt Master Tests-1] INFO  [verifyingGlobalFilterLandingPageLingua] [verifyingGlobalFilterLandingPageLingua] Page refreshed successfully.
2026-02-21 07:35:01.231 [TestNG-test-Yt Master Tests-1] INFO  [verifyingGlobalFilterLandingPageLingua] [verifyingGlobalFilterLandingPageLingua] Page fully loaded after refresh.
2026-02-21 07:35:11.569 [TestNG-test-Yt Master Tests-1] WARN  [verifyingGlobalFilterLandingPageLingua] [verifyingGlobalFilterLandingPageLingua] Timeout finding element (attempt 3): By.xpath: (//div[@id='content-icon'])[2]
2026-02-21 07:35:11.569 [TestNG-test-Yt Master Tests-1] WARN  [verifyingGlobalFilterLandingPageLingua] [verifyingGlobalFilterLandingPageLingua] Attempt 3 failed — refreshing the page to recover...
2026-02-21 07:35:11.574 [TestNG-test-Yt Master Tests-1] INFO  [verifyingGlobalFilterLandingPageLingua] [verifyingGlobalFilterLandingPageLingua] Current URL before refresh: https://www.youtube.com/results?search_query=youtube
2026-02-21 07:35:11.680 [TestNG-test-Yt Master Tests-1] INFO  [verifyingGlobalFilterLandingPageLingua] [verifyingGlobalFilterLandingPageLingua] Page refreshed successfully.
2026-02-21 07:35:13.712 [TestNG-test-Yt Master Tests-1] INFO  [verifyingGlobalFilterLandingPageLingua] [verifyingGlobalFilterLandingPageLingua] Page fully loaded after refresh.
2026-02-21 07:35:13.712 [TestNG-test-Yt Master Tests-1] ERROR [verifyingGlobalFilterLandingPageLingua] [verifyingGlobalFilterLandingPageLingua] Element not found after 3 attempts: By.xpath: (//div[@id='content-icon'])[2]
2026-02-21 07:35:13.713 [TestNG-test-Yt Master Tests-1] INFO  [verifyingGlobalFilterLandingPageLingua] [verifyingGlobalFilterLandingPageLingua] Not retrying test 'verifyingGlobalFilterLandingPageLingua'. Retry count: 1, Cause: Cannot invoke "org.openqa.selenium.WebElement.click()" because the return value of "main.java.yt_multi_lang_ui_validator.safeActions.SafeActions.safeFindElement(org.openqa.selenium.By)" is null
2026-02-21 07:35:13.728 [TestNG-test-Yt Master Tests-1] ERROR [verifyingGlobalFilterLandingPageLingua] Test FAILED: verifyingGlobalFilterLandingPageLingua - java.lang.NullPointerException: Cannot invoke "org.openqa.selenium.WebElement.click()" because the return value of "main.java.yt_multi_lang_ui_validator.safeActions.SafeActions.safeFindElement(org.openqa.selenium.By)" is null
2026-02-21 07:35:13.729 [TestNG-test-Yt Master Tests-1] INFO  [verifyingGlobalFilterLandingPageLingua] Closing WebDriver for thread: 31
2026-02-21 07:35:14.013 [TestNG-test-Yt Master Tests-1] INFO  [verifyingGlobalFilterLandingPageLingua] WebDriver instance removed from ThreadLocal for thread: 31
2026-02-21 07:35:14.013 [TestNG-test-Yt Master Tests-1] INFO  [verifyingGlobalFilterLandingPageLingua] Driver closed for test: verifyingGlobalFilterLandingPageLingua
