2025-12-31 17:54:47.643 [TestNG-test-Smoke Tests-2] INFO  [verifyingGlobalFilterLandingPage] ===== STARTING TEST: verifyingGlobalFilterLandingPage  | Thread: 35 =====
2025-12-31 17:54:47.666 [TestNG-test-Smoke Tests-2] INFO  [verifyingGlobalFilterLandingPage] No existing WebDriver found for current thread. Initializing a new ChromeDriver...
2025-12-31 17:54:47.668 [TestNG-test-Smoke Tests-2] INFO  [verifyingGlobalFilterLandingPage] Loaded config from classpath: masterdata.properties
2025-12-31 17:54:49.858 [TestNG-test-Smoke Tests-2] INFO  [verifyingGlobalFilterLandingPage] WebDriverManager: chromedriver setup OK
2025-12-31 17:54:55.463 [TestNG-test-Smoke Tests-2] INFO  [verifyingGlobalFilterLandingPage] ChromeDriver initialized successfully for thread: 35
2025-12-31 17:54:55.464 [TestNG-test-Smoke Tests-2] INFO  [verifyingGlobalFilterLandingPage] Driver initialized successfully for test: verifyingGlobalFilterLandingPage
2025-12-31 17:54:55.645 [TestNG-test-Smoke Tests-2] INFO  [verifyingGlobalFilterLandingPage] SafeActions initialized with driver ChromeDriver: chrome on windows (4fcb52a52f32b55dd5baedc89ad689e3)
2025-12-31 17:54:55.645 [TestNG-test-Smoke Tests-2] INFO  [verifyingGlobalFilterLandingPage] SafeActions initialized with driver ChromeDriver: chrome on windows (4fcb52a52f32b55dd5baedc89ad689e3)
2025-12-31 17:54:55.646 [TestNG-test-Smoke Tests-2] INFO  [verifyingGlobalFilterLandingPage] Initialized YtLandingPage with driver: ChromeDriver: chrome on windows (4fcb52a52f32b55dd5baedc89ad689e3)
2025-12-31 17:55:01.560 [TestNG-test-Smoke Tests-2] INFO  [verifyingGlobalFilterLandingPage] Opened YouTube landing page.
2025-12-31 17:55:01.561 [TestNG-test-Smoke Tests-2] INFO  [verifyingGlobalFilterLandingPage] Giving input into the search bar with input as  = youtube
2025-12-31 17:55:01.561 [TestNG-test-Smoke Tests-2] INFO  [verifyingGlobalFilterLandingPage] [verifyingGlobalFilterLandingPage] Trying to click element: By.xpath: //input[@class='ytSearchboxComponentInput yt-searchbox-input title']
2025-12-31 17:55:01.847 [TestNG-test-Smoke Tests-2] INFO  [verifyingGlobalFilterLandingPage] [verifyingGlobalFilterLandingPage] Clicked successfully (attempt 1): By.xpath: //input[@class='ytSearchboxComponentInput yt-searchbox-input title']
2025-12-31 17:55:02.102 [TestNG-test-Smoke Tests-2] INFO  [verifyingGlobalFilterLandingPage] [verifyingGlobalFilterLandingPage] Trying to find element: By.xpath: //input[@class='ytSearchboxComponentInput yt-searchbox-input title']
2025-12-31 17:55:02.138 [TestNG-test-Smoke Tests-2] INFO  [verifyingGlobalFilterLandingPage] [verifyingGlobalFilterLandingPage] Element found and ready (attempt 1): By.xpath: //input[@class='ytSearchboxComponentInput yt-searchbox-input title']
2025-12-31 17:55:02.215 [TestNG-test-Smoke Tests-2] INFO  [verifyingGlobalFilterLandingPage] clickEnter(By.xpath: //input[@class='ytSearchboxComponentInput yt-searchbox-input title'])
2025-12-31 17:55:02.216 [TestNG-test-Smoke Tests-2] INFO  [verifyingGlobalFilterLandingPage] [verifyingGlobalFilterLandingPage] Trying to find element: By.xpath: //input[@class='ytSearchboxComponentInput yt-searchbox-input title']
2025-12-31 17:55:02.259 [TestNG-test-Smoke Tests-2] INFO  [verifyingGlobalFilterLandingPage] [verifyingGlobalFilterLandingPage] Element found and ready (attempt 1): By.xpath: //input[@class='ytSearchboxComponentInput yt-searchbox-input title']
2025-12-31 17:55:02.482 [TestNG-test-Smoke Tests-2] INFO  [verifyingGlobalFilterLandingPage] Sent ENTER to By.xpath: //input[@class='ytSearchboxComponentInput yt-searchbox-input title']
2025-12-31 17:55:02.482 [TestNG-test-Smoke Tests-2] INFO  [verifyingGlobalFilterLandingPage] [verifyingGlobalFilterLandingPage] Execution is scheduled type /CRON Job on CI Hence refering to CI keys from UtilData
2025-12-31 17:55:02.482 [TestNG-test-Smoke Tests-2] INFO  [verifyingGlobalFilterLandingPage] Clicking settings ellipses button...
2025-12-31 17:55:02.483 [TestNG-test-Smoke Tests-2] INFO  [verifyingGlobalFilterLandingPage] [verifyingGlobalFilterLandingPage] Trying to find element: By.xpath: //ytd-topbar-menu-button-renderer[@class='style-scope ytd-masthead style-default']
2025-12-31 17:55:02.567 [TestNG-test-Smoke Tests-2] INFO  [verifyingGlobalFilterLandingPage] [verifyingGlobalFilterLandingPage] Element found and ready (attempt 1): By.xpath: //ytd-topbar-menu-button-renderer[@class='style-scope ytd-masthead style-default']
2025-12-31 17:55:04.778 [TestNG-test-Smoke Tests-2] INFO  [verifyingGlobalFilterLandingPage] Clicking language dropdown...
2025-12-31 17:55:04.779 [TestNG-test-Smoke Tests-2] INFO  [verifyingGlobalFilterLandingPage] [verifyingGlobalFilterLandingPage] Trying to find element: By.xpath: (//div[@id='content-icon'])[2]
2025-12-31 17:55:05.605 [TestNG-test-Smoke Tests-2] INFO  [verifyingGlobalFilterLandingPage] [verifyingGlobalFilterLandingPage] Element found and ready (attempt 1): By.xpath: (//div[@id='content-icon'])[2]
2025-12-31 17:55:09.570 [TestNG-test-Smoke Tests-2] INFO  [verifyingGlobalFilterLandingPage] Looking for language element with name: Afrikaans
2025-12-31 17:55:09.570 [TestNG-test-Smoke Tests-2] INFO  [verifyingGlobalFilterLandingPage] [verifyingGlobalFilterLandingPage] Trying to find element: By.xpath: //yt-multi-page-menu-section-renderer[@class='style-scope ytd-multi-page-menu-renderer']//yt-formatted-string[@id='label' and text()='Afrikaans']
2025-12-31 17:55:09.605 [TestNG-test-Smoke Tests-2] INFO  [verifyingGlobalFilterLandingPage] [verifyingGlobalFilterLandingPage] Element found and ready (attempt 1): By.xpath: //yt-multi-page-menu-section-renderer[@class='style-scope ytd-multi-page-menu-renderer']//yt-formatted-string[@id='label' and text()='Afrikaans']
2025-12-31 17:55:14.209 [TestNG-test-Smoke Tests-2] INFO  [verifyingGlobalFilterLandingPage] Clicking on global filter button in landing page..
2025-12-31 17:55:14.214 [TestNG-test-Smoke Tests-2] INFO  [verifyingGlobalFilterLandingPage] [verifyingGlobalFilterLandingPage] Trying to click element: By.xpath: //div[@id='filter-button']
2025-12-31 17:55:14.903 [TestNG-test-Smoke Tests-2] INFO  [verifyingGlobalFilterLandingPage] [verifyingGlobalFilterLandingPage] Clicked successfully (attempt 1): By.xpath: //div[@id='filter-button']
2025-12-31 17:55:15.155 [TestNG-test-Smoke Tests-2] INFO  [verifyingGlobalFilterLandingPage] Fetching the data from the global filter in landing page
2025-12-31 17:55:15.155 [TestNG-test-Smoke Tests-2] INFO  [verifyingGlobalFilterLandingPage] [verifyingGlobalFilterLandingPage] Trying to find element: By.xpath: //ytd-search-filter-options-dialog-renderer[@class='style-scope ytd-popup-container']
2025-12-31 17:55:15.192 [TestNG-test-Smoke Tests-2] INFO  [verifyingGlobalFilterLandingPage] [verifyingGlobalFilterLandingPage] Element found and ready (attempt 1): By.xpath: //ytd-search-filter-options-dialog-renderer[@class='style-scope ytd-popup-container']
2025-12-31 17:55:15.236 [TestNG-test-Smoke Tests-2] INFO  [verifyingGlobalFilterLandingPage] Closing the global filter pop-up in landing page..
2025-12-31 17:55:15.237 [TestNG-test-Smoke Tests-2] INFO  [verifyingGlobalFilterLandingPage] [verifyingGlobalFilterLandingPage] Trying to find element: By.xpath: //yt-icon[@icon='close']
2025-12-31 17:55:15.270 [TestNG-test-Smoke Tests-2] INFO  [verifyingGlobalFilterLandingPage] [verifyingGlobalFilterLandingPage] Element found and ready (attempt 1): By.xpath: //yt-icon[@icon='close']
2025-12-31 17:55:15.417 [TestNG-test-Smoke Tests-2] INFO  [verifyingGlobalFilterLandingPage] Clicking settings ellipses button...
2025-12-31 17:55:15.417 [TestNG-test-Smoke Tests-2] INFO  [verifyingGlobalFilterLandingPage] [verifyingGlobalFilterLandingPage] Trying to find element: By.xpath: //ytd-topbar-menu-button-renderer[@class='style-scope ytd-masthead style-default']
2025-12-31 17:55:15.447 [TestNG-test-Smoke Tests-2] INFO  [verifyingGlobalFilterLandingPage] [verifyingGlobalFilterLandingPage] Element found and ready (attempt 1): By.xpath: //ytd-topbar-menu-button-renderer[@class='style-scope ytd-masthead style-default']
2025-12-31 17:55:17.566 [TestNG-test-Smoke Tests-2] INFO  [verifyingGlobalFilterLandingPage] Clicking language dropdown...
2025-12-31 17:55:17.566 [TestNG-test-Smoke Tests-2] INFO  [verifyingGlobalFilterLandingPage] [verifyingGlobalFilterLandingPage] Trying to find element: By.xpath: (//div[@id='content-icon'])[2]
2025-12-31 17:55:17.597 [TestNG-test-Smoke Tests-2] INFO  [verifyingGlobalFilterLandingPage] [verifyingGlobalFilterLandingPage] Element found and ready (attempt 1): By.xpath: (//div[@id='content-icon'])[2]
2025-12-31 17:55:21.069 [TestNG-test-Smoke Tests-2] INFO  [verifyingGlobalFilterLandingPage] Looking for language element with name: Azərbaycan
2025-12-31 17:55:21.069 [TestNG-test-Smoke Tests-2] INFO  [verifyingGlobalFilterLandingPage] [verifyingGlobalFilterLandingPage] Trying to find element: By.xpath: //yt-multi-page-menu-section-renderer[@class='style-scope ytd-multi-page-menu-renderer']//yt-formatted-string[@id='label' and text()='Azərbaycan']
2025-12-31 17:55:21.102 [TestNG-test-Smoke Tests-2] INFO  [verifyingGlobalFilterLandingPage] [verifyingGlobalFilterLandingPage] Element found and ready (attempt 1): By.xpath: //yt-multi-page-menu-section-renderer[@class='style-scope ytd-multi-page-menu-renderer']//yt-formatted-string[@id='label' and text()='Azərbaycan']
2025-12-31 17:55:25.169 [TestNG-test-Smoke Tests-2] INFO  [verifyingGlobalFilterLandingPage] Clicking on global filter button in landing page..
2025-12-31 17:55:25.169 [TestNG-test-Smoke Tests-2] INFO  [verifyingGlobalFilterLandingPage] [verifyingGlobalFilterLandingPage] Trying to click element: By.xpath: //div[@id='filter-button']
2025-12-31 17:55:25.444 [TestNG-test-Smoke Tests-2] INFO  [verifyingGlobalFilterLandingPage] [verifyingGlobalFilterLandingPage] Clicked successfully (attempt 1): By.xpath: //div[@id='filter-button']
2025-12-31 17:55:25.695 [TestNG-test-Smoke Tests-2] INFO  [verifyingGlobalFilterLandingPage] Fetching the data from the global filter in landing page
2025-12-31 17:55:25.695 [TestNG-test-Smoke Tests-2] INFO  [verifyingGlobalFilterLandingPage] [verifyingGlobalFilterLandingPage] Trying to find element: By.xpath: //ytd-search-filter-options-dialog-renderer[@class='style-scope ytd-popup-container']
2025-12-31 17:55:25.725 [TestNG-test-Smoke Tests-2] INFO  [verifyingGlobalFilterLandingPage] [verifyingGlobalFilterLandingPage] Element found and ready (attempt 1): By.xpath: //ytd-search-filter-options-dialog-renderer[@class='style-scope ytd-popup-container']
2025-12-31 17:55:25.775 [TestNG-test-Smoke Tests-2] INFO  [verifyingGlobalFilterLandingPage] Closing the global filter pop-up in landing page..
2025-12-31 17:55:25.775 [TestNG-test-Smoke Tests-2] INFO  [verifyingGlobalFilterLandingPage] [verifyingGlobalFilterLandingPage] Trying to find element: By.xpath: //yt-icon[@icon='close']
2025-12-31 17:55:25.815 [TestNG-test-Smoke Tests-2] INFO  [verifyingGlobalFilterLandingPage] [verifyingGlobalFilterLandingPage] Element found and ready (attempt 1): By.xpath: //yt-icon[@icon='close']
2025-12-31 17:55:25.930 [TestNG-test-Smoke Tests-2] INFO  [verifyingGlobalFilterLandingPage] Clicking settings ellipses button...
2025-12-31 17:55:25.930 [TestNG-test-Smoke Tests-2] INFO  [verifyingGlobalFilterLandingPage] [verifyingGlobalFilterLandingPage] Trying to find element: By.xpath: //ytd-topbar-menu-button-renderer[@class='style-scope ytd-masthead style-default']
2025-12-31 17:55:25.962 [TestNG-test-Smoke Tests-2] INFO  [verifyingGlobalFilterLandingPage] [verifyingGlobalFilterLandingPage] Element found and ready (attempt 1): By.xpath: //ytd-topbar-menu-button-renderer[@class='style-scope ytd-masthead style-default']
2025-12-31 17:55:28.173 [TestNG-test-Smoke Tests-2] INFO  [verifyingGlobalFilterLandingPage] Clicking language dropdown...
2025-12-31 17:55:28.173 [TestNG-test-Smoke Tests-2] INFO  [verifyingGlobalFilterLandingPage] [verifyingGlobalFilterLandingPage] Trying to find element: By.xpath: (//div[@id='content-icon'])[2]
2025-12-31 17:55:28.199 [TestNG-test-Smoke Tests-2] INFO  [verifyingGlobalFilterLandingPage] [verifyingGlobalFilterLandingPage] Element found and ready (attempt 1): By.xpath: (//div[@id='content-icon'])[2]
2025-12-31 17:55:31.546 [TestNG-test-Smoke Tests-2] INFO  [verifyingGlobalFilterLandingPage] Looking for language element with name: Bahasa Indonesia
2025-12-31 17:55:31.546 [TestNG-test-Smoke Tests-2] INFO  [verifyingGlobalFilterLandingPage] [verifyingGlobalFilterLandingPage] Trying to find element: By.xpath: //yt-multi-page-menu-section-renderer[@class='style-scope ytd-multi-page-menu-renderer']//yt-formatted-string[@id='label' and text()='Bahasa Indonesia']
2025-12-31 17:55:31.577 [TestNG-test-Smoke Tests-2] INFO  [verifyingGlobalFilterLandingPage] [verifyingGlobalFilterLandingPage] Element found and ready (attempt 1): By.xpath: //yt-multi-page-menu-section-renderer[@class='style-scope ytd-multi-page-menu-renderer']//yt-formatted-string[@id='label' and text()='Bahasa Indonesia']
2025-12-31 17:55:35.796 [TestNG-test-Smoke Tests-2] INFO  [verifyingGlobalFilterLandingPage] Clicking on global filter button in landing page..
2025-12-31 17:55:35.797 [TestNG-test-Smoke Tests-2] INFO  [verifyingGlobalFilterLandingPage] [verifyingGlobalFilterLandingPage] Trying to click element: By.xpath: //div[@id='filter-button']
2025-12-31 17:55:36.121 [TestNG-test-Smoke Tests-2] INFO  [verifyingGlobalFilterLandingPage] [verifyingGlobalFilterLandingPage] Clicked successfully (attempt 1): By.xpath: //div[@id='filter-button']
2025-12-31 17:55:36.373 [TestNG-test-Smoke Tests-2] INFO  [verifyingGlobalFilterLandingPage] Fetching the data from the global filter in landing page
2025-12-31 17:55:36.373 [TestNG-test-Smoke Tests-2] INFO  [verifyingGlobalFilterLandingPage] [verifyingGlobalFilterLandingPage] Trying to find element: By.xpath: //ytd-search-filter-options-dialog-renderer[@class='style-scope ytd-popup-container']
2025-12-31 17:55:36.438 [TestNG-test-Smoke Tests-2] INFO  [verifyingGlobalFilterLandingPage] [verifyingGlobalFilterLandingPage] Element found and ready (attempt 1): By.xpath: //ytd-search-filter-options-dialog-renderer[@class='style-scope ytd-popup-container']
2025-12-31 17:55:36.489 [TestNG-test-Smoke Tests-2] INFO  [verifyingGlobalFilterLandingPage] Closing the global filter pop-up in landing page..
2025-12-31 17:55:36.489 [TestNG-test-Smoke Tests-2] INFO  [verifyingGlobalFilterLandingPage] [verifyingGlobalFilterLandingPage] Trying to find element: By.xpath: //yt-icon[@icon='close']
2025-12-31 17:55:36.529 [TestNG-test-Smoke Tests-2] INFO  [verifyingGlobalFilterLandingPage] [verifyingGlobalFilterLandingPage] Element found and ready (attempt 1): By.xpath: //yt-icon[@icon='close']
2025-12-31 17:55:36.584 [TestNG-test-Smoke Tests-2] INFO  [verifyingGlobalFilterLandingPage] Clicking settings ellipses button...
2025-12-31 17:55:36.584 [TestNG-test-Smoke Tests-2] INFO  [verifyingGlobalFilterLandingPage] [verifyingGlobalFilterLandingPage] Trying to find element: By.xpath: //ytd-topbar-menu-button-renderer[@class='style-scope ytd-masthead style-default']
2025-12-31 17:55:36.627 [TestNG-test-Smoke Tests-2] INFO  [verifyingGlobalFilterLandingPage] [verifyingGlobalFilterLandingPage] Element found and ready (attempt 1): By.xpath: //ytd-topbar-menu-button-renderer[@class='style-scope ytd-masthead style-default']
2025-12-31 17:55:38.731 [TestNG-test-Smoke Tests-2] INFO  [verifyingGlobalFilterLandingPage] Clicking language dropdown...
2025-12-31 17:55:38.731 [TestNG-test-Smoke Tests-2] INFO  [verifyingGlobalFilterLandingPage] [verifyingGlobalFilterLandingPage] Trying to find element: By.xpath: (//div[@id='content-icon'])[2]
2025-12-31 17:55:38.755 [TestNG-test-Smoke Tests-2] INFO  [verifyingGlobalFilterLandingPage] [verifyingGlobalFilterLandingPage] Element found and ready (attempt 1): By.xpath: (//div[@id='content-icon'])[2]
2025-12-31 17:55:42.095 [TestNG-test-Smoke Tests-2] INFO  [verifyingGlobalFilterLandingPage] Looking for language element with name: Bosanski
2025-12-31 17:55:42.095 [TestNG-test-Smoke Tests-2] INFO  [verifyingGlobalFilterLandingPage] [verifyingGlobalFilterLandingPage] Trying to find element: By.xpath: //yt-multi-page-menu-section-renderer[@class='style-scope ytd-multi-page-menu-renderer']//yt-formatted-string[@id='label' and text()='Bosanski']
2025-12-31 17:55:42.137 [TestNG-test-Smoke Tests-2] INFO  [verifyingGlobalFilterLandingPage] [verifyingGlobalFilterLandingPage] Element found and ready (attempt 1): By.xpath: //yt-multi-page-menu-section-renderer[@class='style-scope ytd-multi-page-menu-renderer']//yt-formatted-string[@id='label' and text()='Bosanski']
2025-12-31 17:55:45.841 [TestNG-test-Smoke Tests-2] INFO  [verifyingGlobalFilterLandingPage] Clicking on global filter button in landing page..
2025-12-31 17:55:45.841 [TestNG-test-Smoke Tests-2] INFO  [verifyingGlobalFilterLandingPage] [verifyingGlobalFilterLandingPage] Trying to click element: By.xpath: //div[@id='filter-button']
2025-12-31 17:55:46.550 [TestNG-test-Smoke Tests-2] INFO  [verifyingGlobalFilterLandingPage] [verifyingGlobalFilterLandingPage] Clicked successfully (attempt 1): By.xpath: //div[@id='filter-button']
2025-12-31 17:55:46.800 [TestNG-test-Smoke Tests-2] INFO  [verifyingGlobalFilterLandingPage] Fetching the data from the global filter in landing page
2025-12-31 17:55:46.800 [TestNG-test-Smoke Tests-2] INFO  [verifyingGlobalFilterLandingPage] [verifyingGlobalFilterLandingPage] Trying to find element: By.xpath: //ytd-search-filter-options-dialog-renderer[@class='style-scope ytd-popup-container']
2025-12-31 17:55:46.831 [TestNG-test-Smoke Tests-2] INFO  [verifyingGlobalFilterLandingPage] [verifyingGlobalFilterLandingPage] Element found and ready (attempt 1): By.xpath: //ytd-search-filter-options-dialog-renderer[@class='style-scope ytd-popup-container']
2025-12-31 17:55:46.875 [TestNG-test-Smoke Tests-2] INFO  [verifyingGlobalFilterLandingPage] Closing the global filter pop-up in landing page..
2025-12-31 17:55:46.875 [TestNG-test-Smoke Tests-2] INFO  [verifyingGlobalFilterLandingPage] [verifyingGlobalFilterLandingPage] Trying to find element: By.xpath: //yt-icon[@icon='close']
2025-12-31 17:55:46.916 [TestNG-test-Smoke Tests-2] INFO  [verifyingGlobalFilterLandingPage] [verifyingGlobalFilterLandingPage] Element found and ready (attempt 1): By.xpath: //yt-icon[@icon='close']
2025-12-31 17:55:47.017 [TestNG-test-Smoke Tests-2] INFO  [verifyingGlobalFilterLandingPage] Clicking settings ellipses button...
2025-12-31 17:55:47.017 [TestNG-test-Smoke Tests-2] INFO  [verifyingGlobalFilterLandingPage] [verifyingGlobalFilterLandingPage] Trying to find element: By.xpath: //ytd-topbar-menu-button-renderer[@class='style-scope ytd-masthead style-default']
2025-12-31 17:55:47.052 [TestNG-test-Smoke Tests-2] INFO  [verifyingGlobalFilterLandingPage] [verifyingGlobalFilterLandingPage] Element found and ready (attempt 1): By.xpath: //ytd-topbar-menu-button-renderer[@class='style-scope ytd-masthead style-default']
2025-12-31 17:55:49.161 [TestNG-test-Smoke Tests-2] INFO  [verifyingGlobalFilterLandingPage] Clicking language dropdown...
2025-12-31 17:55:49.161 [TestNG-test-Smoke Tests-2] INFO  [verifyingGlobalFilterLandingPage] [verifyingGlobalFilterLandingPage] Trying to find element: By.xpath: (//div[@id='content-icon'])[2]
2025-12-31 17:55:49.194 [TestNG-test-Smoke Tests-2] INFO  [verifyingGlobalFilterLandingPage] [verifyingGlobalFilterLandingPage] Element found and ready (attempt 1): By.xpath: (//div[@id='content-icon'])[2]
2025-12-31 17:55:52.754 [TestNG-test-Smoke Tests-2] INFO  [verifyingGlobalFilterLandingPage] Looking for language element with name: Català
2025-12-31 17:55:52.754 [TestNG-test-Smoke Tests-2] INFO  [verifyingGlobalFilterLandingPage] [verifyingGlobalFilterLandingPage] Trying to find element: By.xpath: //yt-multi-page-menu-section-renderer[@class='style-scope ytd-multi-page-menu-renderer']//yt-formatted-string[@id='label' and text()='Català']
2025-12-31 17:55:52.787 [TestNG-test-Smoke Tests-2] INFO  [verifyingGlobalFilterLandingPage] [verifyingGlobalFilterLandingPage] Element found and ready (attempt 1): By.xpath: //yt-multi-page-menu-section-renderer[@class='style-scope ytd-multi-page-menu-renderer']//yt-formatted-string[@id='label' and text()='Català']
2025-12-31 17:55:58.721 [TestNG-test-Smoke Tests-2] INFO  [verifyingGlobalFilterLandingPage] Clicking on global filter button in landing page..
2025-12-31 17:55:58.721 [TestNG-test-Smoke Tests-2] INFO  [verifyingGlobalFilterLandingPage] [verifyingGlobalFilterLandingPage] Trying to click element: By.xpath: //div[@id='filter-button']
2025-12-31 17:55:59.017 [TestNG-test-Smoke Tests-2] INFO  [verifyingGlobalFilterLandingPage] [verifyingGlobalFilterLandingPage] Clicked successfully (attempt 1): By.xpath: //div[@id='filter-button']
2025-12-31 17:55:59.269 [TestNG-test-Smoke Tests-2] INFO  [verifyingGlobalFilterLandingPage] Fetching the data from the global filter in landing page
2025-12-31 17:55:59.270 [TestNG-test-Smoke Tests-2] INFO  [verifyingGlobalFilterLandingPage] [verifyingGlobalFilterLandingPage] Trying to find element: By.xpath: //ytd-search-filter-options-dialog-renderer[@class='style-scope ytd-popup-container']
2025-12-31 17:55:59.453 [TestNG-test-Smoke Tests-2] INFO  [verifyingGlobalFilterLandingPage] [verifyingGlobalFilterLandingPage] Element found and ready (attempt 1): By.xpath: //ytd-search-filter-options-dialog-renderer[@class='style-scope ytd-popup-container']
2025-12-31 17:55:59.531 [TestNG-test-Smoke Tests-2] INFO  [verifyingGlobalFilterLandingPage] Closing the global filter pop-up in landing page..
2025-12-31 17:55:59.532 [TestNG-test-Smoke Tests-2] INFO  [verifyingGlobalFilterLandingPage] [verifyingGlobalFilterLandingPage] Trying to find element: By.xpath: //yt-icon[@icon='close']
2025-12-31 17:55:59.598 [TestNG-test-Smoke Tests-2] INFO  [verifyingGlobalFilterLandingPage] [verifyingGlobalFilterLandingPage] Element found and ready (attempt 1): By.xpath: //yt-icon[@icon='close']
2025-12-31 17:55:59.718 [TestNG-test-Smoke Tests-2] INFO  [verifyingGlobalFilterLandingPage] Clicking settings ellipses button...
2025-12-31 17:55:59.718 [TestNG-test-Smoke Tests-2] INFO  [verifyingGlobalFilterLandingPage] [verifyingGlobalFilterLandingPage] Trying to find element: By.xpath: //ytd-topbar-menu-button-renderer[@class='style-scope ytd-masthead style-default']
2025-12-31 17:55:59.761 [TestNG-test-Smoke Tests-2] INFO  [verifyingGlobalFilterLandingPage] [verifyingGlobalFilterLandingPage] Element found and ready (attempt 1): By.xpath: //ytd-topbar-menu-button-renderer[@class='style-scope ytd-masthead style-default']
2025-12-31 17:56:01.940 [TestNG-test-Smoke Tests-2] INFO  [verifyingGlobalFilterLandingPage] Clicking language dropdown...
2025-12-31 17:56:01.942 [TestNG-test-Smoke Tests-2] INFO  [verifyingGlobalFilterLandingPage] [verifyingGlobalFilterLandingPage] Trying to find element: By.xpath: (//div[@id='content-icon'])[2]
2025-12-31 17:56:01.973 [TestNG-test-Smoke Tests-2] INFO  [verifyingGlobalFilterLandingPage] [verifyingGlobalFilterLandingPage] Element found and ready (attempt 1): By.xpath: (//div[@id='content-icon'])[2]
2025-12-31 17:56:05.319 [TestNG-test-Smoke Tests-2] INFO  [verifyingGlobalFilterLandingPage] Looking for language element with name: Dansk
2025-12-31 17:56:05.320 [TestNG-test-Smoke Tests-2] INFO  [verifyingGlobalFilterLandingPage] [verifyingGlobalFilterLandingPage] Trying to find element: By.xpath: //yt-multi-page-menu-section-renderer[@class='style-scope ytd-multi-page-menu-renderer']//yt-formatted-string[@id='label' and text()='Dansk']
2025-12-31 17:56:05.358 [TestNG-test-Smoke Tests-2] INFO  [verifyingGlobalFilterLandingPage] [verifyingGlobalFilterLandingPage] Element found and ready (attempt 1): By.xpath: //yt-multi-page-menu-section-renderer[@class='style-scope ytd-multi-page-menu-renderer']//yt-formatted-string[@id='label' and text()='Dansk']
2025-12-31 17:59:05.372 [TestNG-test-Smoke Tests-2] WARN  [verifyingGlobalFilterLandingPage] [verifyingGlobalFilterLandingPage] Retrying test 'verifyingGlobalFilterLandingPage' (attempt 1) due to: java.util.concurrent.TimeoutException
Build info: version: '4.27.0', revision: 'd6e718d134'
System info: os.name: 'Windows Server 2025', os.arch: 'amd64', os.version: '10.0', java.version: '24.0.2'
Driver info: org.openqa.selenium.chrome.ChromeDriver
Command: [4fcb52a52f32b55dd5baedc89ad689e3, clickElement {id=f.F8CFC90555CF85858A4051B4DFF43321.d.819B1D78C712654B2838FAC931282182.e.238}]
Capabilities {acceptInsecureCerts: false, browserName: chrome, browserVersion: 143.0.7499.110, chrome: {chromedriverVersion: 143.0.7499.169 (164b20aab62..., userDataDir: C:\Windows\SystemTemp\scope...}, fedcm:accounts: true, goog:chromeOptions: {debuggerAddress: localhost:50248}, goog:processID: 7480, networkConnectionEnabled: false, pageLoadStrategy: normal, platformName: windows, proxy: Proxy(), se:cdp: ws://localhost:50248/devtoo..., se:cdpVersion: 143.0.7499.110, setWindowRect: true, strictFileInteractability: false, timeouts: {implicit: 0, pageLoad: 300000, script: 30000}, unhandledPromptBehavior: dismiss and notify, webauthn:extension:credBlob: true, webauthn:extension:largeBlob: true, webauthn:extension:minPinLength: true, webauthn:extension:prf: true, webauthn:virtualAuthenticators: true}
Element: [[ChromeDriver: chrome on windows (4fcb52a52f32b55dd5baedc89ad689e3)] -> xpath: //yt-multi-page-menu-section-renderer[@class='style-scope ytd-multi-page-menu-renderer']//yt-formatted-string[@id='label' and text()='Dansk']]
Session ID: 4fcb52a52f32b55dd5baedc89ad689e3
2025-12-31 17:59:05.378 [TestNG-test-Smoke Tests-2] WARN  [verifyingGlobalFilterLandingPage] Test SKIPPED: verifyingGlobalFilterLandingPage
2025-12-31 17:59:05.378 [TestNG-test-Smoke Tests-2] INFO  [verifyingGlobalFilterLandingPage] Closing WebDriver for thread: 35
2025-12-31 17:59:36.410 [TestNG-test-Smoke Tests-2] INFO  [verifyingGlobalFilterLandingPage] WebDriver instance removed from ThreadLocal for thread: 35
2025-12-31 17:59:36.410 [TestNG-test-Smoke Tests-2] INFO  [verifyingGlobalFilterLandingPage] Driver closed for test: verifyingGlobalFilterLandingPage
2025-12-31 17:59:38.422 [TestNG-test-Smoke Tests-2] INFO  [verifyingGlobalFilterLandingPage] ===== STARTING TEST: verifyingGlobalFilterLandingPage  | Thread: 35 =====
2025-12-31 17:59:38.422 [TestNG-test-Smoke Tests-2] INFO  [verifyingGlobalFilterLandingPage] No existing WebDriver found for current thread. Initializing a new ChromeDriver...
2025-12-31 17:59:38.439 [TestNG-test-Smoke Tests-2] INFO  [verifyingGlobalFilterLandingPage] WebDriverManager: chromedriver setup OK
2025-12-31 17:59:42.226 [TestNG-test-Smoke Tests-2] INFO  [verifyingGlobalFilterLandingPage] ChromeDriver initialized successfully for thread: 35
2025-12-31 17:59:42.226 [TestNG-test-Smoke Tests-2] INFO  [verifyingGlobalFilterLandingPage] Driver initialized successfully for test: verifyingGlobalFilterLandingPage
2025-12-31 17:59:42.227 [TestNG-test-Smoke Tests-2] INFO  [verifyingGlobalFilterLandingPage] SafeActions initialized with driver ChromeDriver: chrome on windows (4ec7c32da76993d0aaee3c8c6fe4766f)
2025-12-31 17:59:42.227 [TestNG-test-Smoke Tests-2] INFO  [verifyingGlobalFilterLandingPage] SafeActions initialized with driver ChromeDriver: chrome on windows (4ec7c32da76993d0aaee3c8c6fe4766f)
2025-12-31 17:59:42.227 [TestNG-test-Smoke Tests-2] INFO  [verifyingGlobalFilterLandingPage] Initialized YtLandingPage with driver: ChromeDriver: chrome on windows (4ec7c32da76993d0aaee3c8c6fe4766f)
2025-12-31 17:59:46.767 [TestNG-test-Smoke Tests-2] INFO  [verifyingGlobalFilterLandingPage] Opened YouTube landing page.
2025-12-31 17:59:46.767 [TestNG-test-Smoke Tests-2] INFO  [verifyingGlobalFilterLandingPage] Giving input into the search bar with input as  = youtube
2025-12-31 17:59:46.767 [TestNG-test-Smoke Tests-2] INFO  [verifyingGlobalFilterLandingPage] [verifyingGlobalFilterLandingPage] Trying to click element: By.xpath: //input[@class='ytSearchboxComponentInput yt-searchbox-input title']
2025-12-31 17:59:47.242 [TestNG-test-Smoke Tests-2] INFO  [verifyingGlobalFilterLandingPage] [verifyingGlobalFilterLandingPage] Clicked successfully (attempt 1): By.xpath: //input[@class='ytSearchboxComponentInput yt-searchbox-input title']
2025-12-31 17:59:47.503 [TestNG-test-Smoke Tests-2] INFO  [verifyingGlobalFilterLandingPage] [verifyingGlobalFilterLandingPage] Trying to find element: By.xpath: //input[@class='ytSearchboxComponentInput yt-searchbox-input title']
2025-12-31 17:59:47.535 [TestNG-test-Smoke Tests-2] INFO  [verifyingGlobalFilterLandingPage] [verifyingGlobalFilterLandingPage] Element found and ready (attempt 1): By.xpath: //input[@class='ytSearchboxComponentInput yt-searchbox-input title']
2025-12-31 17:59:47.608 [TestNG-test-Smoke Tests-2] INFO  [verifyingGlobalFilterLandingPage] clickEnter(By.xpath: //input[@class='ytSearchboxComponentInput yt-searchbox-input title'])
2025-12-31 17:59:47.611 [TestNG-test-Smoke Tests-2] INFO  [verifyingGlobalFilterLandingPage] [verifyingGlobalFilterLandingPage] Trying to find element: By.xpath: //input[@class='ytSearchboxComponentInput yt-searchbox-input title']
2025-12-31 17:59:47.658 [TestNG-test-Smoke Tests-2] INFO  [verifyingGlobalFilterLandingPage] [verifyingGlobalFilterLandingPage] Element found and ready (attempt 1): By.xpath: //input[@class='ytSearchboxComponentInput yt-searchbox-input title']
2025-12-31 17:59:47.755 [TestNG-test-Smoke Tests-2] INFO  [verifyingGlobalFilterLandingPage] Sent ENTER to By.xpath: //input[@class='ytSearchboxComponentInput yt-searchbox-input title']
2025-12-31 17:59:47.755 [TestNG-test-Smoke Tests-2] INFO  [verifyingGlobalFilterLandingPage] [verifyingGlobalFilterLandingPage] Execution is scheduled type /CRON Job on CI Hence refering to CI keys from UtilData
2025-12-31 17:59:47.755 [TestNG-test-Smoke Tests-2] INFO  [verifyingGlobalFilterLandingPage] Clicking settings ellipses button...
2025-12-31 17:59:47.755 [TestNG-test-Smoke Tests-2] INFO  [verifyingGlobalFilterLandingPage] [verifyingGlobalFilterLandingPage] Trying to find element: By.xpath: //ytd-topbar-menu-button-renderer[@class='style-scope ytd-masthead style-default']
2025-12-31 17:59:47.809 [TestNG-test-Smoke Tests-2] INFO  [verifyingGlobalFilterLandingPage] [verifyingGlobalFilterLandingPage] Element found and ready (attempt 1): By.xpath: //ytd-topbar-menu-button-renderer[@class='style-scope ytd-masthead style-default']
2025-12-31 17:59:53.148 [TestNG-test-Smoke Tests-2] INFO  [verifyingGlobalFilterLandingPage] Clicking language dropdown...
2025-12-31 17:59:53.148 [TestNG-test-Smoke Tests-2] INFO  [verifyingGlobalFilterLandingPage] [verifyingGlobalFilterLandingPage] Trying to find element: By.xpath: (//div[@id='content-icon'])[2]
2025-12-31 17:59:53.179 [TestNG-test-Smoke Tests-2] INFO  [verifyingGlobalFilterLandingPage] [verifyingGlobalFilterLandingPage] Element found and ready (attempt 1): By.xpath: (//div[@id='content-icon'])[2]
2025-12-31 17:59:56.641 [TestNG-test-Smoke Tests-2] INFO  [verifyingGlobalFilterLandingPage] Looking for language element with name: Afrikaans
2025-12-31 17:59:56.641 [TestNG-test-Smoke Tests-2] INFO  [verifyingGlobalFilterLandingPage] [verifyingGlobalFilterLandingPage] Trying to find element: By.xpath: //yt-multi-page-menu-section-renderer[@class='style-scope ytd-multi-page-menu-renderer']//yt-formatted-string[@id='label' and text()='Afrikaans']
2025-12-31 17:59:56.677 [TestNG-test-Smoke Tests-2] INFO  [verifyingGlobalFilterLandingPage] [verifyingGlobalFilterLandingPage] Element found and ready (attempt 1): By.xpath: //yt-multi-page-menu-section-renderer[@class='style-scope ytd-multi-page-menu-renderer']//yt-formatted-string[@id='label' and text()='Afrikaans']
2025-12-31 18:00:02.586 [TestNG-test-Smoke Tests-2] INFO  [verifyingGlobalFilterLandingPage] Clicking on global filter button in landing page..
2025-12-31 18:00:02.586 [TestNG-test-Smoke Tests-2] INFO  [verifyingGlobalFilterLandingPage] [verifyingGlobalFilterLandingPage] Trying to click element: By.xpath: //div[@id='filter-button']
2025-12-31 18:00:03.172 [TestNG-test-Smoke Tests-2] INFO  [verifyingGlobalFilterLandingPage] [verifyingGlobalFilterLandingPage] Clicked successfully (attempt 1): By.xpath: //div[@id='filter-button']
2025-12-31 18:00:03.444 [TestNG-test-Smoke Tests-2] INFO  [verifyingGlobalFilterLandingPage] Fetching the data from the global filter in landing page
2025-12-31 18:00:03.444 [TestNG-test-Smoke Tests-2] INFO  [verifyingGlobalFilterLandingPage] [verifyingGlobalFilterLandingPage] Trying to find element: By.xpath: //ytd-search-filter-options-dialog-renderer[@class='style-scope ytd-popup-container']
2025-12-31 18:00:03.517 [TestNG-test-Smoke Tests-2] INFO  [verifyingGlobalFilterLandingPage] [verifyingGlobalFilterLandingPage] Element found and ready (attempt 1): By.xpath: //ytd-search-filter-options-dialog-renderer[@class='style-scope ytd-popup-container']
2025-12-31 18:00:03.562 [TestNG-test-Smoke Tests-2] INFO  [verifyingGlobalFilterLandingPage] Closing the global filter pop-up in landing page..
2025-12-31 18:00:03.563 [TestNG-test-Smoke Tests-2] INFO  [verifyingGlobalFilterLandingPage] [verifyingGlobalFilterLandingPage] Trying to find element: By.xpath: //yt-icon[@icon='close']
2025-12-31 18:00:03.613 [TestNG-test-Smoke Tests-2] INFO  [verifyingGlobalFilterLandingPage] [verifyingGlobalFilterLandingPage] Element found and ready (attempt 1): By.xpath: //yt-icon[@icon='close']
2025-12-31 18:00:03.768 [TestNG-test-Smoke Tests-2] INFO  [verifyingGlobalFilterLandingPage] Clicking settings ellipses button...
2025-12-31 18:00:03.768 [TestNG-test-Smoke Tests-2] INFO  [verifyingGlobalFilterLandingPage] [verifyingGlobalFilterLandingPage] Trying to find element: By.xpath: //ytd-topbar-menu-button-renderer[@class='style-scope ytd-masthead style-default']
2025-12-31 18:00:04.025 [TestNG-test-Smoke Tests-2] INFO  [verifyingGlobalFilterLandingPage] [verifyingGlobalFilterLandingPage] Element found and ready (attempt 1): By.xpath: //ytd-topbar-menu-button-renderer[@class='style-scope ytd-masthead style-default']
2025-12-31 18:00:06.226 [TestNG-test-Smoke Tests-2] INFO  [verifyingGlobalFilterLandingPage] Clicking language dropdown...
2025-12-31 18:00:06.226 [TestNG-test-Smoke Tests-2] INFO  [verifyingGlobalFilterLandingPage] [verifyingGlobalFilterLandingPage] Trying to find element: By.xpath: (//div[@id='content-icon'])[2]
2025-12-31 18:00:06.253 [TestNG-test-Smoke Tests-2] INFO  [verifyingGlobalFilterLandingPage] [verifyingGlobalFilterLandingPage] Element found and ready (attempt 1): By.xpath: (//div[@id='content-icon'])[2]
2025-12-31 18:00:09.763 [TestNG-test-Smoke Tests-2] INFO  [verifyingGlobalFilterLandingPage] Looking for language element with name: Azərbaycan
2025-12-31 18:00:09.764 [TestNG-test-Smoke Tests-2] INFO  [verifyingGlobalFilterLandingPage] [verifyingGlobalFilterLandingPage] Trying to find element: By.xpath: //yt-multi-page-menu-section-renderer[@class='style-scope ytd-multi-page-menu-renderer']//yt-formatted-string[@id='label' and text()='Azərbaycan']
2025-12-31 18:00:09.801 [TestNG-test-Smoke Tests-2] INFO  [verifyingGlobalFilterLandingPage] [verifyingGlobalFilterLandingPage] Element found and ready (attempt 1): By.xpath: //yt-multi-page-menu-section-renderer[@class='style-scope ytd-multi-page-menu-renderer']//yt-formatted-string[@id='label' and text()='Azərbaycan']
2025-12-31 18:00:14.062 [TestNG-test-Smoke Tests-2] INFO  [verifyingGlobalFilterLandingPage] Clicking on global filter button in landing page..
2025-12-31 18:00:14.062 [TestNG-test-Smoke Tests-2] INFO  [verifyingGlobalFilterLandingPage] [verifyingGlobalFilterLandingPage] Trying to click element: By.xpath: //div[@id='filter-button']
2025-12-31 18:00:15.283 [TestNG-test-Smoke Tests-2] INFO  [verifyingGlobalFilterLandingPage] [verifyingGlobalFilterLandingPage] Clicked successfully (attempt 1): By.xpath: //div[@id='filter-button']
2025-12-31 18:00:15.534 [TestNG-test-Smoke Tests-2] INFO  [verifyingGlobalFilterLandingPage] Fetching the data from the global filter in landing page
2025-12-31 18:00:15.534 [TestNG-test-Smoke Tests-2] INFO  [verifyingGlobalFilterLandingPage] [verifyingGlobalFilterLandingPage] Trying to find element: By.xpath: //ytd-search-filter-options-dialog-renderer[@class='style-scope ytd-popup-container']
2025-12-31 18:00:15.568 [TestNG-test-Smoke Tests-2] INFO  [verifyingGlobalFilterLandingPage] [verifyingGlobalFilterLandingPage] Element found and ready (attempt 1): By.xpath: //ytd-search-filter-options-dialog-renderer[@class='style-scope ytd-popup-container']
2025-12-31 18:00:15.597 [TestNG-test-Smoke Tests-2] INFO  [verifyingGlobalFilterLandingPage] Closing the global filter pop-up in landing page..
2025-12-31 18:00:15.597 [TestNG-test-Smoke Tests-2] INFO  [verifyingGlobalFilterLandingPage] [verifyingGlobalFilterLandingPage] Trying to find element: By.xpath: //yt-icon[@icon='close']
2025-12-31 18:00:15.622 [TestNG-test-Smoke Tests-2] INFO  [verifyingGlobalFilterLandingPage] [verifyingGlobalFilterLandingPage] Element found and ready (attempt 1): By.xpath: //yt-icon[@icon='close']
2025-12-31 18:00:15.976 [TestNG-test-Smoke Tests-2] INFO  [verifyingGlobalFilterLandingPage] Clicking settings ellipses button...
2025-12-31 18:00:15.976 [TestNG-test-Smoke Tests-2] INFO  [verifyingGlobalFilterLandingPage] [verifyingGlobalFilterLandingPage] Trying to find element: By.xpath: //ytd-topbar-menu-button-renderer[@class='style-scope ytd-masthead style-default']
2025-12-31 18:00:16.051 [TestNG-test-Smoke Tests-2] INFO  [verifyingGlobalFilterLandingPage] [verifyingGlobalFilterLandingPage] Element found and ready (attempt 1): By.xpath: //ytd-topbar-menu-button-renderer[@class='style-scope ytd-masthead style-default']
2025-12-31 18:00:19.146 [TestNG-test-Smoke Tests-2] INFO  [verifyingGlobalFilterLandingPage] Clicking language dropdown...
2025-12-31 18:00:19.146 [TestNG-test-Smoke Tests-2] INFO  [verifyingGlobalFilterLandingPage] [verifyingGlobalFilterLandingPage] Trying to find element: By.xpath: (//div[@id='content-icon'])[2]
2025-12-31 18:00:19.173 [TestNG-test-Smoke Tests-2] INFO  [verifyingGlobalFilterLandingPage] [verifyingGlobalFilterLandingPage] Element found and ready (attempt 1): By.xpath: (//div[@id='content-icon'])[2]
2025-12-31 18:00:22.610 [TestNG-test-Smoke Tests-2] INFO  [verifyingGlobalFilterLandingPage] Looking for language element with name: Bahasa Indonesia
2025-12-31 18:00:22.610 [TestNG-test-Smoke Tests-2] INFO  [verifyingGlobalFilterLandingPage] [verifyingGlobalFilterLandingPage] Trying to find element: By.xpath: //yt-multi-page-menu-section-renderer[@class='style-scope ytd-multi-page-menu-renderer']//yt-formatted-string[@id='label' and text()='Bahasa Indonesia']
2025-12-31 18:00:22.644 [TestNG-test-Smoke Tests-2] INFO  [verifyingGlobalFilterLandingPage] [verifyingGlobalFilterLandingPage] Element found and ready (attempt 1): By.xpath: //yt-multi-page-menu-section-renderer[@class='style-scope ytd-multi-page-menu-renderer']//yt-formatted-string[@id='label' and text()='Bahasa Indonesia']
2025-12-31 18:00:27.221 [TestNG-test-Smoke Tests-2] INFO  [verifyingGlobalFilterLandingPage] Clicking on global filter button in landing page..
2025-12-31 18:00:27.221 [TestNG-test-Smoke Tests-2] INFO  [verifyingGlobalFilterLandingPage] [verifyingGlobalFilterLandingPage] Trying to click element: By.xpath: //div[@id='filter-button']
2025-12-31 18:00:27.942 [TestNG-test-Smoke Tests-2] INFO  [verifyingGlobalFilterLandingPage] [verifyingGlobalFilterLandingPage] Clicked successfully (attempt 1): By.xpath: //div[@id='filter-button']
2025-12-31 18:00:28.193 [TestNG-test-Smoke Tests-2] INFO  [verifyingGlobalFilterLandingPage] Fetching the data from the global filter in landing page
2025-12-31 18:00:28.193 [TestNG-test-Smoke Tests-2] INFO  [verifyingGlobalFilterLandingPage] [verifyingGlobalFilterLandingPage] Trying to find element: By.xpath: //ytd-search-filter-options-dialog-renderer[@class='style-scope ytd-popup-container']
2025-12-31 18:00:28.220 [TestNG-test-Smoke Tests-2] INFO  [verifyingGlobalFilterLandingPage] [verifyingGlobalFilterLandingPage] Element found and ready (attempt 1): By.xpath: //ytd-search-filter-options-dialog-renderer[@class='style-scope ytd-popup-container']
2025-12-31 18:00:28.260 [TestNG-test-Smoke Tests-2] INFO  [verifyingGlobalFilterLandingPage] Closing the global filter pop-up in landing page..
2025-12-31 18:00:28.260 [TestNG-test-Smoke Tests-2] INFO  [verifyingGlobalFilterLandingPage] [verifyingGlobalFilterLandingPage] Trying to find element: By.xpath: //yt-icon[@icon='close']
2025-12-31 18:00:28.296 [TestNG-test-Smoke Tests-2] INFO  [verifyingGlobalFilterLandingPage] [verifyingGlobalFilterLandingPage] Element found and ready (attempt 1): By.xpath: //yt-icon[@icon='close']
2025-12-31 18:00:28.372 [TestNG-test-Smoke Tests-2] INFO  [verifyingGlobalFilterLandingPage] Clicking settings ellipses button...
2025-12-31 18:00:28.372 [TestNG-test-Smoke Tests-2] INFO  [verifyingGlobalFilterLandingPage] [verifyingGlobalFilterLandingPage] Trying to find element: By.xpath: //ytd-topbar-menu-button-renderer[@class='style-scope ytd-masthead style-default']
2025-12-31 18:00:28.402 [TestNG-test-Smoke Tests-2] INFO  [verifyingGlobalFilterLandingPage] [verifyingGlobalFilterLandingPage] Element found and ready (attempt 1): By.xpath: //ytd-topbar-menu-button-renderer[@class='style-scope ytd-masthead style-default']
2025-12-31 18:00:30.503 [TestNG-test-Smoke Tests-2] INFO  [verifyingGlobalFilterLandingPage] Clicking language dropdown...
2025-12-31 18:00:30.503 [TestNG-test-Smoke Tests-2] INFO  [verifyingGlobalFilterLandingPage] [verifyingGlobalFilterLandingPage] Trying to find element: By.xpath: (//div[@id='content-icon'])[2]
2025-12-31 18:00:30.601 [TestNG-test-Smoke Tests-2] INFO  [verifyingGlobalFilterLandingPage] [verifyingGlobalFilterLandingPage] Element found and ready (attempt 1): By.xpath: (//div[@id='content-icon'])[2]
2025-12-31 18:00:34.281 [TestNG-test-Smoke Tests-2] INFO  [verifyingGlobalFilterLandingPage] Looking for language element with name: Bosanski
2025-12-31 18:00:34.281 [TestNG-test-Smoke Tests-2] INFO  [verifyingGlobalFilterLandingPage] [verifyingGlobalFilterLandingPage] Trying to find element: By.xpath: //yt-multi-page-menu-section-renderer[@class='style-scope ytd-multi-page-menu-renderer']//yt-formatted-string[@id='label' and text()='Bosanski']
2025-12-31 18:00:34.323 [TestNG-test-Smoke Tests-2] INFO  [verifyingGlobalFilterLandingPage] [verifyingGlobalFilterLandingPage] Element found and ready (attempt 1): By.xpath: //yt-multi-page-menu-section-renderer[@class='style-scope ytd-multi-page-menu-renderer']//yt-formatted-string[@id='label' and text()='Bosanski']
2025-12-31 18:00:38.812 [TestNG-test-Smoke Tests-2] INFO  [verifyingGlobalFilterLandingPage] Clicking on global filter button in landing page..
2025-12-31 18:00:38.812 [TestNG-test-Smoke Tests-2] INFO  [verifyingGlobalFilterLandingPage] [verifyingGlobalFilterLandingPage] Trying to click element: By.xpath: //div[@id='filter-button']
2025-12-31 18:00:39.840 [TestNG-test-Smoke Tests-2] INFO  [verifyingGlobalFilterLandingPage] [verifyingGlobalFilterLandingPage] Clicked successfully (attempt 1): By.xpath: //div[@id='filter-button']
2025-12-31 18:00:40.091 [TestNG-test-Smoke Tests-2] INFO  [verifyingGlobalFilterLandingPage] Fetching the data from the global filter in landing page
2025-12-31 18:00:40.092 [TestNG-test-Smoke Tests-2] INFO  [verifyingGlobalFilterLandingPage] [verifyingGlobalFilterLandingPage] Trying to find element: By.xpath: //ytd-search-filter-options-dialog-renderer[@class='style-scope ytd-popup-container']
2025-12-31 18:00:40.134 [TestNG-test-Smoke Tests-2] INFO  [verifyingGlobalFilterLandingPage] [verifyingGlobalFilterLandingPage] Element found and ready (attempt 1): By.xpath: //ytd-search-filter-options-dialog-renderer[@class='style-scope ytd-popup-container']
2025-12-31 18:00:40.212 [TestNG-test-Smoke Tests-2] INFO  [verifyingGlobalFilterLandingPage] Closing the global filter pop-up in landing page..
2025-12-31 18:00:40.212 [TestNG-test-Smoke Tests-2] INFO  [verifyingGlobalFilterLandingPage] [verifyingGlobalFilterLandingPage] Trying to find element: By.xpath: //yt-icon[@icon='close']
2025-12-31 18:00:40.244 [TestNG-test-Smoke Tests-2] INFO  [verifyingGlobalFilterLandingPage] [verifyingGlobalFilterLandingPage] Element found and ready (attempt 1): By.xpath: //yt-icon[@icon='close']
2025-12-31 18:00:40.329 [TestNG-test-Smoke Tests-2] INFO  [verifyingGlobalFilterLandingPage] Clicking settings ellipses button...
2025-12-31 18:00:40.329 [TestNG-test-Smoke Tests-2] INFO  [verifyingGlobalFilterLandingPage] [verifyingGlobalFilterLandingPage] Trying to find element: By.xpath: //ytd-topbar-menu-button-renderer[@class='style-scope ytd-masthead style-default']
2025-12-31 18:00:40.373 [TestNG-test-Smoke Tests-2] INFO  [verifyingGlobalFilterLandingPage] [verifyingGlobalFilterLandingPage] Element found and ready (attempt 1): By.xpath: //ytd-topbar-menu-button-renderer[@class='style-scope ytd-masthead style-default']
2025-12-31 18:00:42.499 [TestNG-test-Smoke Tests-2] INFO  [verifyingGlobalFilterLandingPage] Clicking language dropdown...
2025-12-31 18:00:42.499 [TestNG-test-Smoke Tests-2] INFO  [verifyingGlobalFilterLandingPage] [verifyingGlobalFilterLandingPage] Trying to find element: By.xpath: (//div[@id='content-icon'])[2]
2025-12-31 18:00:42.528 [TestNG-test-Smoke Tests-2] INFO  [verifyingGlobalFilterLandingPage] [verifyingGlobalFilterLandingPage] Element found and ready (attempt 1): By.xpath: (//div[@id='content-icon'])[2]
2025-12-31 18:00:46.252 [TestNG-test-Smoke Tests-2] INFO  [verifyingGlobalFilterLandingPage] Looking for language element with name: Català
2025-12-31 18:00:46.252 [TestNG-test-Smoke Tests-2] INFO  [verifyingGlobalFilterLandingPage] [verifyingGlobalFilterLandingPage] Trying to find element: By.xpath: //yt-multi-page-menu-section-renderer[@class='style-scope ytd-multi-page-menu-renderer']//yt-formatted-string[@id='label' and text()='Català']
2025-12-31 18:00:46.288 [TestNG-test-Smoke Tests-2] INFO  [verifyingGlobalFilterLandingPage] [verifyingGlobalFilterLandingPage] Element found and ready (attempt 1): By.xpath: //yt-multi-page-menu-section-renderer[@class='style-scope ytd-multi-page-menu-renderer']//yt-formatted-string[@id='label' and text()='Català']
2025-12-31 18:00:50.913 [TestNG-test-Smoke Tests-2] INFO  [verifyingGlobalFilterLandingPage] Clicking on global filter button in landing page..
2025-12-31 18:00:50.916 [TestNG-test-Smoke Tests-2] INFO  [verifyingGlobalFilterLandingPage] [verifyingGlobalFilterLandingPage] Trying to click element: By.xpath: //div[@id='filter-button']
2025-12-31 18:00:51.540 [TestNG-test-Smoke Tests-2] INFO  [verifyingGlobalFilterLandingPage] [verifyingGlobalFilterLandingPage] Clicked successfully (attempt 1): By.xpath: //div[@id='filter-button']
2025-12-31 18:00:51.792 [TestNG-test-Smoke Tests-2] INFO  [verifyingGlobalFilterLandingPage] Fetching the data from the global filter in landing page
2025-12-31 18:00:51.792 [TestNG-test-Smoke Tests-2] INFO  [verifyingGlobalFilterLandingPage] [verifyingGlobalFilterLandingPage] Trying to find element: By.xpath: //ytd-search-filter-options-dialog-renderer[@class='style-scope ytd-popup-container']
2025-12-31 18:00:51.825 [TestNG-test-Smoke Tests-2] INFO  [verifyingGlobalFilterLandingPage] [verifyingGlobalFilterLandingPage] Element found and ready (attempt 1): By.xpath: //ytd-search-filter-options-dialog-renderer[@class='style-scope ytd-popup-container']
2025-12-31 18:00:51.883 [TestNG-test-Smoke Tests-2] INFO  [verifyingGlobalFilterLandingPage] Closing the global filter pop-up in landing page..
2025-12-31 18:00:51.883 [TestNG-test-Smoke Tests-2] INFO  [verifyingGlobalFilterLandingPage] [verifyingGlobalFilterLandingPage] Trying to find element: By.xpath: //yt-icon[@icon='close']
2025-12-31 18:00:51.920 [TestNG-test-Smoke Tests-2] INFO  [verifyingGlobalFilterLandingPage] [verifyingGlobalFilterLandingPage] Element found and ready (attempt 1): By.xpath: //yt-icon[@icon='close']
2025-12-31 18:00:51.992 [TestNG-test-Smoke Tests-2] INFO  [verifyingGlobalFilterLandingPage] Clicking settings ellipses button...
2025-12-31 18:00:51.992 [TestNG-test-Smoke Tests-2] INFO  [verifyingGlobalFilterLandingPage] [verifyingGlobalFilterLandingPage] Trying to find element: By.xpath: //ytd-topbar-menu-button-renderer[@class='style-scope ytd-masthead style-default']
2025-12-31 18:00:52.043 [TestNG-test-Smoke Tests-2] INFO  [verifyingGlobalFilterLandingPage] [verifyingGlobalFilterLandingPage] Element found and ready (attempt 1): By.xpath: //ytd-topbar-menu-button-renderer[@class='style-scope ytd-masthead style-default']
2025-12-31 18:00:54.172 [TestNG-test-Smoke Tests-2] INFO  [verifyingGlobalFilterLandingPage] Clicking language dropdown...
2025-12-31 18:00:54.172 [TestNG-test-Smoke Tests-2] INFO  [verifyingGlobalFilterLandingPage] [verifyingGlobalFilterLandingPage] Trying to find element: By.xpath: (//div[@id='content-icon'])[2]
2025-12-31 18:00:54.199 [TestNG-test-Smoke Tests-2] INFO  [verifyingGlobalFilterLandingPage] [verifyingGlobalFilterLandingPage] Element found and ready (attempt 1): By.xpath: (//div[@id='content-icon'])[2]
2025-12-31 18:00:57.920 [TestNG-test-Smoke Tests-2] INFO  [verifyingGlobalFilterLandingPage] Looking for language element with name: Dansk
2025-12-31 18:00:57.921 [TestNG-test-Smoke Tests-2] INFO  [verifyingGlobalFilterLandingPage] [verifyingGlobalFilterLandingPage] Trying to find element: By.xpath: //yt-multi-page-menu-section-renderer[@class='style-scope ytd-multi-page-menu-renderer']//yt-formatted-string[@id='label' and text()='Dansk']
2025-12-31 18:00:57.958 [TestNG-test-Smoke Tests-2] INFO  [verifyingGlobalFilterLandingPage] [verifyingGlobalFilterLandingPage] Element found and ready (attempt 1): By.xpath: //yt-multi-page-menu-section-renderer[@class='style-scope ytd-multi-page-menu-renderer']//yt-formatted-string[@id='label' and text()='Dansk']
2025-12-31 18:01:02.640 [TestNG-test-Smoke Tests-2] INFO  [verifyingGlobalFilterLandingPage] Clicking on global filter button in landing page..
2025-12-31 18:01:02.640 [TestNG-test-Smoke Tests-2] INFO  [verifyingGlobalFilterLandingPage] [verifyingGlobalFilterLandingPage] Trying to click element: By.xpath: //div[@id='filter-button']
2025-12-31 18:01:02.891 [TestNG-test-Smoke Tests-2] INFO  [verifyingGlobalFilterLandingPage] [verifyingGlobalFilterLandingPage] Clicked successfully (attempt 1): By.xpath: //div[@id='filter-button']
2025-12-31 18:01:03.142 [TestNG-test-Smoke Tests-2] INFO  [verifyingGlobalFilterLandingPage] Fetching the data from the global filter in landing page
2025-12-31 18:01:03.142 [TestNG-test-Smoke Tests-2] INFO  [verifyingGlobalFilterLandingPage] [verifyingGlobalFilterLandingPage] Trying to find element: By.xpath: //ytd-search-filter-options-dialog-renderer[@class='style-scope ytd-popup-container']
2025-12-31 18:01:03.176 [TestNG-test-Smoke Tests-2] INFO  [verifyingGlobalFilterLandingPage] [verifyingGlobalFilterLandingPage] Element found and ready (attempt 1): By.xpath: //ytd-search-filter-options-dialog-renderer[@class='style-scope ytd-popup-container']
2025-12-31 18:01:03.216 [TestNG-test-Smoke Tests-2] INFO  [verifyingGlobalFilterLandingPage] Closing the global filter pop-up in landing page..
2025-12-31 18:01:03.216 [TestNG-test-Smoke Tests-2] INFO  [verifyingGlobalFilterLandingPage] [verifyingGlobalFilterLandingPage] Trying to find element: By.xpath: //yt-icon[@icon='close']
2025-12-31 18:01:03.265 [TestNG-test-Smoke Tests-2] INFO  [verifyingGlobalFilterLandingPage] [verifyingGlobalFilterLandingPage] Element found and ready (attempt 1): By.xpath: //yt-icon[@icon='close']
2025-12-31 18:01:03.353 [TestNG-test-Smoke Tests-2] INFO  [verifyingGlobalFilterLandingPage] Clicking settings ellipses button...
2025-12-31 18:01:03.353 [TestNG-test-Smoke Tests-2] INFO  [verifyingGlobalFilterLandingPage] [verifyingGlobalFilterLandingPage] Trying to find element: By.xpath: //ytd-topbar-menu-button-renderer[@class='style-scope ytd-masthead style-default']
2025-12-31 18:01:03.383 [TestNG-test-Smoke Tests-2] INFO  [verifyingGlobalFilterLandingPage] [verifyingGlobalFilterLandingPage] Element found and ready (attempt 1): By.xpath: //ytd-topbar-menu-button-renderer[@class='style-scope ytd-masthead style-default']
2025-12-31 18:01:05.539 [TestNG-test-Smoke Tests-2] INFO  [verifyingGlobalFilterLandingPage] Clicking language dropdown...
2025-12-31 18:01:05.539 [TestNG-test-Smoke Tests-2] INFO  [verifyingGlobalFilterLandingPage] [verifyingGlobalFilterLandingPage] Trying to find element: By.xpath: (//div[@id='content-icon'])[2]
2025-12-31 18:01:05.568 [TestNG-test-Smoke Tests-2] INFO  [verifyingGlobalFilterLandingPage] [verifyingGlobalFilterLandingPage] Element found and ready (attempt 1): By.xpath: (//div[@id='content-icon'])[2]
2025-12-31 18:01:08.973 [TestNG-test-Smoke Tests-2] INFO  [verifyingGlobalFilterLandingPage] Looking for language element with name: Deutsch
2025-12-31 18:01:08.973 [TestNG-test-Smoke Tests-2] INFO  [verifyingGlobalFilterLandingPage] [verifyingGlobalFilterLandingPage] Trying to find element: By.xpath: //yt-multi-page-menu-section-renderer[@class='style-scope ytd-multi-page-menu-renderer']//yt-formatted-string[@id='label' and text()='Deutsch']
2025-12-31 18:01:09.002 [TestNG-test-Smoke Tests-2] INFO  [verifyingGlobalFilterLandingPage] [verifyingGlobalFilterLandingPage] Element found and ready (attempt 1): By.xpath: //yt-multi-page-menu-section-renderer[@class='style-scope ytd-multi-page-menu-renderer']//yt-formatted-string[@id='label' and text()='Deutsch']
2025-12-31 18:01:13.855 [TestNG-test-Smoke Tests-2] INFO  [verifyingGlobalFilterLandingPage] Clicking on global filter button in landing page..
2025-12-31 18:01:13.855 [TestNG-test-Smoke Tests-2] INFO  [verifyingGlobalFilterLandingPage] [verifyingGlobalFilterLandingPage] Trying to click element: By.xpath: //div[@id='filter-button']
2025-12-31 18:01:14.278 [TestNG-test-Smoke Tests-2] INFO  [verifyingGlobalFilterLandingPage] [verifyingGlobalFilterLandingPage] Clicked successfully (attempt 1): By.xpath: //div[@id='filter-button']
2025-12-31 18:01:14.530 [TestNG-test-Smoke Tests-2] INFO  [verifyingGlobalFilterLandingPage] Fetching the data from the global filter in landing page
2025-12-31 18:01:14.530 [TestNG-test-Smoke Tests-2] INFO  [verifyingGlobalFilterLandingPage] [verifyingGlobalFilterLandingPage] Trying to find element: By.xpath: //ytd-search-filter-options-dialog-renderer[@class='style-scope ytd-popup-container']
2025-12-31 18:01:14.563 [TestNG-test-Smoke Tests-2] INFO  [verifyingGlobalFilterLandingPage] [verifyingGlobalFilterLandingPage] Element found and ready (attempt 1): By.xpath: //ytd-search-filter-options-dialog-renderer[@class='style-scope ytd-popup-container']
2025-12-31 18:01:14.603 [TestNG-test-Smoke Tests-2] INFO  [verifyingGlobalFilterLandingPage] Closing the global filter pop-up in landing page..
2025-12-31 18:01:14.603 [TestNG-test-Smoke Tests-2] INFO  [verifyingGlobalFilterLandingPage] [verifyingGlobalFilterLandingPage] Trying to find element: By.xpath: //yt-icon[@icon='close']
2025-12-31 18:01:14.632 [TestNG-test-Smoke Tests-2] INFO  [verifyingGlobalFilterLandingPage] [verifyingGlobalFilterLandingPage] Element found and ready (attempt 1): By.xpath: //yt-icon[@icon='close']
2025-12-31 18:01:14.719 [TestNG-test-Smoke Tests-2] INFO  [verifyingGlobalFilterLandingPage] Clicking settings ellipses button...
2025-12-31 18:01:14.719 [TestNG-test-Smoke Tests-2] INFO  [verifyingGlobalFilterLandingPage] [verifyingGlobalFilterLandingPage] Trying to find element: By.xpath: //ytd-topbar-menu-button-renderer[@class='style-scope ytd-masthead style-default']
2025-12-31 18:01:14.764 [TestNG-test-Smoke Tests-2] INFO  [verifyingGlobalFilterLandingPage] [verifyingGlobalFilterLandingPage] Element found and ready (attempt 1): By.xpath: //ytd-topbar-menu-button-renderer[@class='style-scope ytd-masthead style-default']
2025-12-31 18:01:16.893 [TestNG-test-Smoke Tests-2] INFO  [verifyingGlobalFilterLandingPage] Clicking language dropdown...
2025-12-31 18:01:16.893 [TestNG-test-Smoke Tests-2] INFO  [verifyingGlobalFilterLandingPage] [verifyingGlobalFilterLandingPage] Trying to find element: By.xpath: (//div[@id='content-icon'])[2]
2025-12-31 18:01:16.918 [TestNG-test-Smoke Tests-2] INFO  [verifyingGlobalFilterLandingPage] [verifyingGlobalFilterLandingPage] Element found and ready (attempt 1): By.xpath: (//div[@id='content-icon'])[2]
2025-12-31 18:01:20.453 [TestNG-test-Smoke Tests-2] INFO  [verifyingGlobalFilterLandingPage] Looking for language element with name: Eesti
2025-12-31 18:01:20.453 [TestNG-test-Smoke Tests-2] INFO  [verifyingGlobalFilterLandingPage] [verifyingGlobalFilterLandingPage] Trying to find element: By.xpath: //yt-multi-page-menu-section-renderer[@class='style-scope ytd-multi-page-menu-renderer']//yt-formatted-string[@id='label' and text()='Eesti']
2025-12-31 18:01:20.482 [TestNG-test-Smoke Tests-2] INFO  [verifyingGlobalFilterLandingPage] [verifyingGlobalFilterLandingPage] Element found and ready (attempt 1): By.xpath: //yt-multi-page-menu-section-renderer[@class='style-scope ytd-multi-page-menu-renderer']//yt-formatted-string[@id='label' and text()='Eesti']
2025-12-31 18:01:26.498 [TestNG-test-Smoke Tests-2] INFO  [verifyingGlobalFilterLandingPage] Clicking on global filter button in landing page..
2025-12-31 18:01:26.498 [TestNG-test-Smoke Tests-2] INFO  [verifyingGlobalFilterLandingPage] [verifyingGlobalFilterLandingPage] Trying to click element: By.xpath: //div[@id='filter-button']
2025-12-31 18:01:26.793 [TestNG-test-Smoke Tests-2] INFO  [verifyingGlobalFilterLandingPage] [verifyingGlobalFilterLandingPage] Clicked successfully (attempt 1): By.xpath: //div[@id='filter-button']
2025-12-31 18:01:27.047 [TestNG-test-Smoke Tests-2] INFO  [verifyingGlobalFilterLandingPage] Fetching the data from the global filter in landing page
2025-12-31 18:01:27.047 [TestNG-test-Smoke Tests-2] INFO  [verifyingGlobalFilterLandingPage] [verifyingGlobalFilterLandingPage] Trying to find element: By.xpath: //ytd-search-filter-options-dialog-renderer[@class='style-scope ytd-popup-container']
2025-12-31 18:01:27.198 [TestNG-test-Smoke Tests-2] INFO  [verifyingGlobalFilterLandingPage] [verifyingGlobalFilterLandingPage] Element found and ready (attempt 1): By.xpath: //ytd-search-filter-options-dialog-renderer[@class='style-scope ytd-popup-container']
2025-12-31 18:01:27.251 [TestNG-test-Smoke Tests-2] INFO  [verifyingGlobalFilterLandingPage] Closing the global filter pop-up in landing page..
2025-12-31 18:01:27.251 [TestNG-test-Smoke Tests-2] INFO  [verifyingGlobalFilterLandingPage] [verifyingGlobalFilterLandingPage] Trying to find element: By.xpath: //yt-icon[@icon='close']
2025-12-31 18:01:27.289 [TestNG-test-Smoke Tests-2] INFO  [verifyingGlobalFilterLandingPage] [verifyingGlobalFilterLandingPage] Element found and ready (attempt 1): By.xpath: //yt-icon[@icon='close']
2025-12-31 18:01:27.400 [TestNG-test-Smoke Tests-2] INFO  [verifyingGlobalFilterLandingPage] Clicking settings ellipses button...
2025-12-31 18:01:27.400 [TestNG-test-Smoke Tests-2] INFO  [verifyingGlobalFilterLandingPage] [verifyingGlobalFilterLandingPage] Trying to find element: By.xpath: //ytd-topbar-menu-button-renderer[@class='style-scope ytd-masthead style-default']
2025-12-31 18:01:27.587 [TestNG-test-Smoke Tests-2] INFO  [verifyingGlobalFilterLandingPage] [verifyingGlobalFilterLandingPage] Element found and ready (attempt 1): By.xpath: //ytd-topbar-menu-button-renderer[@class='style-scope ytd-masthead style-default']
2025-12-31 18:01:29.730 [TestNG-test-Smoke Tests-2] INFO  [verifyingGlobalFilterLandingPage] Clicking language dropdown...
2025-12-31 18:01:29.730 [TestNG-test-Smoke Tests-2] INFO  [verifyingGlobalFilterLandingPage] [verifyingGlobalFilterLandingPage] Trying to find element: By.xpath: (//div[@id='content-icon'])[2]
2025-12-31 18:01:29.758 [TestNG-test-Smoke Tests-2] INFO  [verifyingGlobalFilterLandingPage] [verifyingGlobalFilterLandingPage] Element found and ready (attempt 1): By.xpath: (//div[@id='content-icon'])[2]
2025-12-31 18:01:33.500 [TestNG-test-Smoke Tests-2] INFO  [verifyingGlobalFilterLandingPage] Looking for language element with name: English (India)
2025-12-31 18:01:33.500 [TestNG-test-Smoke Tests-2] INFO  [verifyingGlobalFilterLandingPage] [verifyingGlobalFilterLandingPage] Trying to find element: By.xpath: //yt-multi-page-menu-section-renderer[@class='style-scope ytd-multi-page-menu-renderer']//yt-formatted-string[@id='label' and text()='English (India)']
2025-12-31 18:01:33.531 [TestNG-test-Smoke Tests-2] INFO  [verifyingGlobalFilterLandingPage] [verifyingGlobalFilterLandingPage] Element found and ready (attempt 1): By.xpath: //yt-multi-page-menu-section-renderer[@class='style-scope ytd-multi-page-menu-renderer']//yt-formatted-string[@id='label' and text()='English (India)']
2025-12-31 18:04:33.534 [TestNG-test-Smoke Tests-2] INFO  [verifyingGlobalFilterLandingPage] [verifyingGlobalFilterLandingPage] Not retrying test 'verifyingGlobalFilterLandingPage'. Retry count: 1, Cause: java.net.http.HttpTimeoutException: request timed out
Build info: version: '4.27.0', revision: 'd6e718d134'
System info: os.name: 'Windows Server 2025', os.arch: 'amd64', os.version: '10.0', java.version: '24.0.2'
Driver info: org.openqa.selenium.chrome.ChromeDriver
Command: [4ec7c32da76993d0aaee3c8c6fe4766f, clickElement {id=f.8C30BF7EDD91F9E48EA98CA4FF14BA19.d.BBE86BC8B673540D0111C9AD0AD0F9B8.e.419}]
Capabilities {acceptInsecureCerts: false, browserName: chrome, browserVersion: 143.0.7499.110, chrome: {chromedriverVersion: 143.0.7499.169 (164b20aab62..., userDataDir: C:\Windows\SystemTemp\scope...}, fedcm:accounts: true, goog:chromeOptions: {debuggerAddress: localhost:58941}, goog:processID: 5516, networkConnectionEnabled: false, pageLoadStrategy: normal, platformName: windows, proxy: Proxy(), se:cdp: ws://localhost:58941/devtoo..., se:cdpVersion: 143.0.7499.110, setWindowRect: true, strictFileInteractability: false, timeouts: {implicit: 0, pageLoad: 300000, script: 30000}, unhandledPromptBehavior: dismiss and notify, webauthn:extension:credBlob: true, webauthn:extension:largeBlob: true, webauthn:extension:minPinLength: true, webauthn:extension:prf: true, webauthn:virtualAuthenticators: true}
Element: [[ChromeDriver: chrome on windows (4ec7c32da76993d0aaee3c8c6fe4766f)] -> xpath: //yt-multi-page-menu-section-renderer[@class='style-scope ytd-multi-page-menu-renderer']//yt-formatted-string[@id='label' and text()='English (India)']]
Session ID: 4ec7c32da76993d0aaee3c8c6fe4766f
2025-12-31 18:04:33.542 [TestNG-test-Smoke Tests-2] ERROR [verifyingGlobalFilterLandingPage] Test FAILED: verifyingGlobalFilterLandingPage - org.openqa.selenium.TimeoutException: java.net.http.HttpTimeoutException: request timed out
Build info: version: '4.27.0', revision: 'd6e718d134'
System info: os.name: 'Windows Server 2025', os.arch: 'amd64', os.version: '10.0', java.version: '24.0.2'
Driver info: org.openqa.selenium.chrome.ChromeDriver
Command: [4ec7c32da76993d0aaee3c8c6fe4766f, clickElement {id=f.8C30BF7EDD91F9E48EA98CA4FF14BA19.d.BBE86BC8B673540D0111C9AD0AD0F9B8.e.419}]
Capabilities {acceptInsecureCerts: false, browserName: chrome, browserVersion: 143.0.7499.110, chrome: {chromedriverVersion: 143.0.7499.169 (164b20aab62..., userDataDir: C:\Windows\SystemTemp\scope...}, fedcm:accounts: true, goog:chromeOptions: {debuggerAddress: localhost:58941}, goog:processID: 5516, networkConnectionEnabled: false, pageLoadStrategy: normal, platformName: windows, proxy: Proxy(), se:cdp: ws://localhost:58941/devtoo..., se:cdpVersion: 143.0.7499.110, setWindowRect: true, strictFileInteractability: false, timeouts: {implicit: 0, pageLoad: 300000, script: 30000}, unhandledPromptBehavior: dismiss and notify, webauthn:extension:credBlob: true, webauthn:extension:largeBlob: true, webauthn:extension:minPinLength: true, webauthn:extension:prf: true, webauthn:virtualAuthenticators: true}
Element: [[ChromeDriver: chrome on windows (4ec7c32da76993d0aaee3c8c6fe4766f)] -> xpath: //yt-multi-page-menu-section-renderer[@class='style-scope ytd-multi-page-menu-renderer']//yt-formatted-string[@id='label' and text()='English (India)']]
Session ID: 4ec7c32da76993d0aaee3c8c6fe4766f
2025-12-31 18:04:33.542 [TestNG-test-Smoke Tests-2] INFO  [verifyingGlobalFilterLandingPage] Closing WebDriver for thread: 35
2025-12-31 18:05:04.559 [TestNG-test-Smoke Tests-2] INFO  [verifyingGlobalFilterLandingPage] WebDriver instance removed from ThreadLocal for thread: 35
2025-12-31 18:05:04.559 [TestNG-test-Smoke Tests-2] INFO  [verifyingGlobalFilterLandingPage] Driver closed for test: verifyingGlobalFilterLandingPage
