2026-02-10 18:12:33.184 [TestNG-test-Yt Master Tests-2] INFO  [verifyingSettingOptionsLang] ===== STARTING TEST: verifyingSettingOptionsLang  | Thread: 35 =====
2026-02-10 18:12:33.188 [TestNG-test-Yt Master Tests-2] INFO  [verifyingSettingOptionsLang] No existing WebDriver found for current thread. Initializing a new ChromeDriver...
2026-02-10 18:12:33.199 [TestNG-test-Yt Master Tests-2] INFO  [verifyingSettingOptionsLang] WebDriverManager: chromedriver setup OK
2026-02-10 18:12:34.122 [TestNG-test-Yt Master Tests-2] INFO  [verifyingSettingOptionsLang] ChromeDriver initialized successfully for thread: 35
2026-02-10 18:12:34.123 [TestNG-test-Yt Master Tests-2] INFO  [verifyingSettingOptionsLang] Driver initialized successfully for test: verifyingSettingOptionsLang
2026-02-10 18:12:34.124 [TestNG-test-Yt Master Tests-2] INFO  [verifyingSettingOptionsLang] SafeActions initialized with driver ChromeDriver: chrome on windows (a466bb13292fa989a195eca27dd1cdff)
2026-02-10 18:12:34.124 [TestNG-test-Yt Master Tests-2] INFO  [verifyingSettingOptionsLang] Initialized YtLandingPage with driver: ChromeDriver: chrome on windows (a466bb13292fa989a195eca27dd1cdff)
2026-02-10 18:12:34.124 [TestNG-test-Yt Master Tests-2] INFO  [verifyingSettingOptionsLang] SafeActions initialized with driver ChromeDriver: chrome on windows (a466bb13292fa989a195eca27dd1cdff)
2026-02-10 18:12:36.131 [TestNG-test-Yt Master Tests-2] INFO  [verifyingSettingOptionsLang] Opened YouTube landing page.
2026-02-10 18:12:36.131 [TestNG-test-Yt Master Tests-2] INFO  [verifyingSettingOptionsLang] Clicking settings ellipses button...
2026-02-10 18:12:36.131 [TestNG-test-Yt Master Tests-2] INFO  [verifyingSettingOptionsLang] [verifyingSettingOptionsLang] Trying to find element: By.xpath: //ytd-topbar-menu-button-renderer[@class='style-scope ytd-masthead style-default']
2026-02-10 18:12:36.338 [TestNG-test-Yt Master Tests-2] INFO  [verifyingSettingOptionsLang] [verifyingSettingOptionsLang] Element found and ready (attempt 1): By.xpath: //ytd-topbar-menu-button-renderer[@class='style-scope ytd-masthead style-default']
2026-02-10 18:12:37.452 [TestNG-test-Yt Master Tests-2] INFO  [verifyingSettingOptionsLang] Clicking language dropdown...
2026-02-10 18:12:37.452 [TestNG-test-Yt Master Tests-2] INFO  [verifyingSettingOptionsLang] [verifyingSettingOptionsLang] Trying to find element: By.xpath: (//div[@id='content-icon'])[2]
2026-02-10 18:12:37.478 [TestNG-test-Yt Master Tests-2] INFO  [verifyingSettingOptionsLang] [verifyingSettingOptionsLang] Element found and ready (attempt 1): By.xpath: (//div[@id='content-icon'])[2]
2026-02-10 18:12:38.904 [TestNG-test-Yt Master Tests-2] INFO  [verifyingSettingOptionsLang] [verifyingSettingOptionsLang] Execution is Not CRON Job Hence refering to normal keys from UtilData
2026-02-10 18:12:39.906 [TestNG-test-Yt Master Tests-2] INFO  [verifyingSettingOptionsLang] Looking for language element with name: Afrikaans
2026-02-10 18:12:39.906 [TestNG-test-Yt Master Tests-2] INFO  [verifyingSettingOptionsLang] [verifyingSettingOptionsLang] Trying to find element: By.xpath: //yt-multi-page-menu-section-renderer[@class='style-scope ytd-multi-page-menu-renderer']//yt-formatted-string[@id='label' and text()='Afrikaans']
2026-02-10 18:12:39.932 [TestNG-test-Yt Master Tests-2] INFO  [verifyingSettingOptionsLang] [verifyingSettingOptionsLang] Element found and ready (attempt 1): By.xpath: //yt-multi-page-menu-section-renderer[@class='style-scope ytd-multi-page-menu-renderer']//yt-formatted-string[@id='label' and text()='Afrikaans']
2026-02-10 18:12:41.897 [TestNG-test-Yt Master Tests-2] INFO  [verifyingSettingOptionsLang] Clicking settings ellipses button...
2026-02-10 18:12:42.013 [TestNG-test-Yt Master Tests-2] INFO  [verifyingSettingOptionsLang] [verifyingSettingOptionsLang] Trying to find element: By.xpath: //ytd-topbar-menu-button-renderer[@class='style-scope ytd-masthead style-default']
2026-02-10 18:12:42.434 [TestNG-test-Yt Master Tests-2] INFO  [verifyingSettingOptionsLang] [verifyingSettingOptionsLang] Element found and ready (attempt 1): By.xpath: //ytd-topbar-menu-button-renderer[@class='style-scope ytd-masthead style-default']
2026-02-10 18:12:42.675 [TestNG-test-Yt Master Tests-2] INFO  [verifyingSettingOptionsLang] Looking for language element with name: Afrikaans
2026-02-10 18:12:42.675 [TestNG-test-Yt Master Tests-2] INFO  [verifyingSettingOptionsLang] [verifyingSettingOptionsLang] Waiting until element is visible in viewport
2026-02-10 18:12:52.782 [TestNG-test-Yt Master Tests-2] INFO  [verifyingSettingOptionsLang] [verifyingSettingOptionsLang] Capturing screenshot: Filter Applied is Afrikaans__2026-02-10_181252.png
2026-02-10 18:12:52.902 [TestNG-test-Yt Master Tests-2] INFO  [verifyingSettingOptionsLang] [verifyingSettingOptionsLang] Screenshot saved at: test-output/screenshots/Run_2026-02-10_18-07-44/verifyingSettingOptionsLang/Filter Applied is Afrikaans__2026-02-10_181252.png
2026-02-10 18:12:52.902 [TestNG-test-Yt Master Tests-2] INFO  [verifyingSettingOptionsLang] Clicking settings ellipses button...
2026-02-10 18:12:52.902 [TestNG-test-Yt Master Tests-2] INFO  [verifyingSettingOptionsLang] [verifyingSettingOptionsLang] Trying to find element: By.xpath: //ytd-topbar-menu-button-renderer[@class='style-scope ytd-masthead style-default']
2026-02-10 18:12:52.922 [TestNG-test-Yt Master Tests-2] INFO  [verifyingSettingOptionsLang] [verifyingSettingOptionsLang] Element found and ready (attempt 1): By.xpath: //ytd-topbar-menu-button-renderer[@class='style-scope ytd-masthead style-default']
2026-02-10 18:12:54.975 [TestNG-test-Yt Master Tests-2] INFO  [verifyingSettingOptionsLang] Clicking settings ellipses button...
2026-02-10 18:12:54.975 [TestNG-test-Yt Master Tests-2] INFO  [verifyingSettingOptionsLang] [verifyingSettingOptionsLang] Trying to find element: By.xpath: //ytd-topbar-menu-button-renderer[@class='style-scope ytd-masthead style-default']
2026-02-10 18:12:54.995 [TestNG-test-Yt Master Tests-2] INFO  [verifyingSettingOptionsLang] [verifyingSettingOptionsLang] Element found and ready (attempt 1): By.xpath: //ytd-topbar-menu-button-renderer[@class='style-scope ytd-masthead style-default']
2026-02-10 18:12:56.054 [TestNG-test-Yt Master Tests-2] INFO  [verifyingSettingOptionsLang] Getting the setting ellipses options
2026-02-10 18:12:56.054 [TestNG-test-Yt Master Tests-2] INFO  [verifyingSettingOptionsLang] [verifyingSettingOptionsLang] Trying to find element: By.xpath: //ytd-multi-page-menu-renderer
2026-02-10 18:12:56.076 [TestNG-test-Yt Master Tests-2] INFO  [verifyingSettingOptionsLang] [verifyingSettingOptionsLang] Element found and ready (attempt 1): By.xpath: //ytd-multi-page-menu-renderer
2026-02-10 18:12:56.123 [TestNG-test-Yt Master Tests-2] INFO  [verifyingSettingOptionsLang] Clicking settings ellipses button...
2026-02-10 18:12:56.123 [TestNG-test-Yt Master Tests-2] INFO  [verifyingSettingOptionsLang] [verifyingSettingOptionsLang] Trying to find element: By.xpath: //ytd-topbar-menu-button-renderer[@class='style-scope ytd-masthead style-default']
2026-02-10 18:12:56.141 [TestNG-test-Yt Master Tests-2] INFO  [verifyingSettingOptionsLang] [verifyingSettingOptionsLang] Element found and ready (attempt 1): By.xpath: //ytd-topbar-menu-button-renderer[@class='style-scope ytd-masthead style-default']
2026-02-10 18:12:56.305 [TestNG-test-Yt Master Tests-2] INFO  [verifyingSettingOptionsLang] 
========== LANGUAGE DETECTION ==========
Detected Language : AFRIKAANS
Input Text        : Jou data in YouTube
Voorkoms: Lig
Vertoontaal:
Afrikaans
Beperkmodus: Af
Ligging:
Verenigde State
Kortpadsleutels
Instellings
Hulp
Stuur terugvoer
========================================
2026-02-10 18:12:56.306 [TestNG-test-Yt Master Tests-2] INFO  [verifyingSettingOptionsLang] getLangAttribute() - locating <html> and reading lang property
2026-02-10 18:12:56.324 [TestNG-test-Yt Master Tests-2] INFO  [verifyingSettingOptionsLang] Language attribute read: af-ZA
2026-02-10 18:12:56.324 [TestNG-test-Yt Master Tests-2] INFO  [verifyingSettingOptionsLang] Clicking settings ellipses button...
2026-02-10 18:12:56.324 [TestNG-test-Yt Master Tests-2] INFO  [verifyingSettingOptionsLang] [verifyingSettingOptionsLang] Trying to find element: By.xpath: //ytd-topbar-menu-button-renderer[@class='style-scope ytd-masthead style-default']
2026-02-10 18:12:56.345 [TestNG-test-Yt Master Tests-2] INFO  [verifyingSettingOptionsLang] [verifyingSettingOptionsLang] Element found and ready (attempt 1): By.xpath: //ytd-topbar-menu-button-renderer[@class='style-scope ytd-masthead style-default']
2026-02-10 18:12:58.410 [TestNG-test-Yt Master Tests-2] INFO  [verifyingSettingOptionsLang] Clicking language dropdown...
2026-02-10 18:12:58.410 [TestNG-test-Yt Master Tests-2] INFO  [verifyingSettingOptionsLang] [verifyingSettingOptionsLang] Trying to find element: By.xpath: (//div[@id='content-icon'])[2]
2026-02-10 18:12:58.431 [TestNG-test-Yt Master Tests-2] INFO  [verifyingSettingOptionsLang] [verifyingSettingOptionsLang] Element found and ready (attempt 1): By.xpath: (//div[@id='content-icon'])[2]
2026-02-10 18:13:01.784 [TestNG-test-Yt Master Tests-2] INFO  [verifyingSettingOptionsLang] Looking for language element with name: Azərbaycan
2026-02-10 18:13:01.784 [TestNG-test-Yt Master Tests-2] INFO  [verifyingSettingOptionsLang] [verifyingSettingOptionsLang] Trying to find element: By.xpath: //yt-multi-page-menu-section-renderer[@class='style-scope ytd-multi-page-menu-renderer']//yt-formatted-string[@id='label' and text()='Azərbaycan']
2026-02-10 18:13:01.906 [TestNG-test-Yt Master Tests-2] INFO  [verifyingSettingOptionsLang] [verifyingSettingOptionsLang] Element found and ready (attempt 1): By.xpath: //yt-multi-page-menu-section-renderer[@class='style-scope ytd-multi-page-menu-renderer']//yt-formatted-string[@id='label' and text()='Azərbaycan']
2026-02-10 18:13:03.871 [TestNG-test-Yt Master Tests-2] INFO  [verifyingSettingOptionsLang] Clicking settings ellipses button...
2026-02-10 18:13:03.872 [TestNG-test-Yt Master Tests-2] INFO  [verifyingSettingOptionsLang] [verifyingSettingOptionsLang] Trying to find element: By.xpath: //ytd-topbar-menu-button-renderer[@class='style-scope ytd-masthead style-default']
2026-02-10 18:13:04.012 [TestNG-test-Yt Master Tests-2] INFO  [verifyingSettingOptionsLang] [verifyingSettingOptionsLang] Element found and ready (attempt 1): By.xpath: //ytd-topbar-menu-button-renderer[@class='style-scope ytd-masthead style-default']
2026-02-10 18:13:04.207 [TestNG-test-Yt Master Tests-2] INFO  [verifyingSettingOptionsLang] Looking for language element with name: Azərbaycan
2026-02-10 18:13:04.208 [TestNG-test-Yt Master Tests-2] INFO  [verifyingSettingOptionsLang] [verifyingSettingOptionsLang] Waiting until element is visible in viewport
2026-02-10 18:13:14.472 [TestNG-test-Yt Master Tests-2] INFO  [verifyingSettingOptionsLang] [verifyingSettingOptionsLang] Capturing screenshot: Filter Applied is Azərbaycan__2026-02-10_181314.png
2026-02-10 18:13:14.604 [TestNG-test-Yt Master Tests-2] INFO  [verifyingSettingOptionsLang] [verifyingSettingOptionsLang] Screenshot saved at: test-output/screenshots/Run_2026-02-10_18-07-44/verifyingSettingOptionsLang/Filter Applied is Azərbaycan__2026-02-10_181314.png
2026-02-10 18:13:14.604 [TestNG-test-Yt Master Tests-2] INFO  [verifyingSettingOptionsLang] Clicking settings ellipses button...
2026-02-10 18:13:14.604 [TestNG-test-Yt Master Tests-2] INFO  [verifyingSettingOptionsLang] [verifyingSettingOptionsLang] Trying to find element: By.xpath: //ytd-topbar-menu-button-renderer[@class='style-scope ytd-masthead style-default']
2026-02-10 18:13:14.630 [TestNG-test-Yt Master Tests-2] INFO  [verifyingSettingOptionsLang] [verifyingSettingOptionsLang] Element found and ready (attempt 1): By.xpath: //ytd-topbar-menu-button-renderer[@class='style-scope ytd-masthead style-default']
2026-02-10 18:13:16.685 [TestNG-test-Yt Master Tests-2] INFO  [verifyingSettingOptionsLang] Clicking settings ellipses button...
2026-02-10 18:13:16.685 [TestNG-test-Yt Master Tests-2] INFO  [verifyingSettingOptionsLang] [verifyingSettingOptionsLang] Trying to find element: By.xpath: //ytd-topbar-menu-button-renderer[@class='style-scope ytd-masthead style-default']
2026-02-10 18:13:16.703 [TestNG-test-Yt Master Tests-2] INFO  [verifyingSettingOptionsLang] [verifyingSettingOptionsLang] Element found and ready (attempt 1): By.xpath: //ytd-topbar-menu-button-renderer[@class='style-scope ytd-masthead style-default']
2026-02-10 18:13:17.758 [TestNG-test-Yt Master Tests-2] INFO  [verifyingSettingOptionsLang] Getting the setting ellipses options
2026-02-10 18:13:17.758 [TestNG-test-Yt Master Tests-2] INFO  [verifyingSettingOptionsLang] [verifyingSettingOptionsLang] Trying to find element: By.xpath: //ytd-multi-page-menu-renderer
2026-02-10 18:13:17.776 [TestNG-test-Yt Master Tests-2] INFO  [verifyingSettingOptionsLang] [verifyingSettingOptionsLang] Element found and ready (attempt 1): By.xpath: //ytd-multi-page-menu-renderer
2026-02-10 18:13:17.854 [TestNG-test-Yt Master Tests-2] INFO  [verifyingSettingOptionsLang] Clicking settings ellipses button...
2026-02-10 18:13:17.854 [TestNG-test-Yt Master Tests-2] INFO  [verifyingSettingOptionsLang] [verifyingSettingOptionsLang] Trying to find element: By.xpath: //ytd-topbar-menu-button-renderer[@class='style-scope ytd-masthead style-default']
2026-02-10 18:13:17.874 [TestNG-test-Yt Master Tests-2] INFO  [verifyingSettingOptionsLang] [verifyingSettingOptionsLang] Element found and ready (attempt 1): By.xpath: //ytd-topbar-menu-button-renderer[@class='style-scope ytd-masthead style-default']
2026-02-10 18:13:17.921 [TestNG-test-Yt Master Tests-2] INFO  [verifyingSettingOptionsLang] 
========== LANGUAGE DETECTION ==========
Detected Language : AZERBAIJANI
Input Text        : YouTube Datanız
Görünüş: Açıq
Displey dili:
azərbaycan
Limitli Rejim: Deaktiv
Məkan:
Amerika Birləşmiş Ştatları
Klaviatura qısayolları
Ayarlar
Yardım
Rəy göndərin
========================================
2026-02-10 18:13:17.922 [TestNG-test-Yt Master Tests-2] INFO  [verifyingSettingOptionsLang] getLangAttribute() - locating <html> and reading lang property
2026-02-10 18:13:17.934 [TestNG-test-Yt Master Tests-2] INFO  [verifyingSettingOptionsLang] Language attribute read: az-Latn-AZ
2026-02-10 18:13:17.934 [TestNG-test-Yt Master Tests-2] INFO  [verifyingSettingOptionsLang] Clicking settings ellipses button...
2026-02-10 18:13:17.934 [TestNG-test-Yt Master Tests-2] INFO  [verifyingSettingOptionsLang] [verifyingSettingOptionsLang] Trying to find element: By.xpath: //ytd-topbar-menu-button-renderer[@class='style-scope ytd-masthead style-default']
2026-02-10 18:13:17.957 [TestNG-test-Yt Master Tests-2] INFO  [verifyingSettingOptionsLang] [verifyingSettingOptionsLang] Element found and ready (attempt 1): By.xpath: //ytd-topbar-menu-button-renderer[@class='style-scope ytd-masthead style-default']
2026-02-10 18:13:20.010 [TestNG-test-Yt Master Tests-2] INFO  [verifyingSettingOptionsLang] Clicking language dropdown...
2026-02-10 18:13:20.010 [TestNG-test-Yt Master Tests-2] INFO  [verifyingSettingOptionsLang] [verifyingSettingOptionsLang] Trying to find element: By.xpath: (//div[@id='content-icon'])[2]
2026-02-10 18:13:20.029 [TestNG-test-Yt Master Tests-2] INFO  [verifyingSettingOptionsLang] [verifyingSettingOptionsLang] Element found and ready (attempt 1): By.xpath: (//div[@id='content-icon'])[2]
2026-02-10 18:13:23.410 [TestNG-test-Yt Master Tests-2] INFO  [verifyingSettingOptionsLang] Looking for language element with name: Bahasa Indonesia
2026-02-10 18:13:23.410 [TestNG-test-Yt Master Tests-2] INFO  [verifyingSettingOptionsLang] [verifyingSettingOptionsLang] Trying to find element: By.xpath: //yt-multi-page-menu-section-renderer[@class='style-scope ytd-multi-page-menu-renderer']//yt-formatted-string[@id='label' and text()='Bahasa Indonesia']
2026-02-10 18:13:23.433 [TestNG-test-Yt Master Tests-2] INFO  [verifyingSettingOptionsLang] [verifyingSettingOptionsLang] Element found and ready (attempt 1): By.xpath: //yt-multi-page-menu-section-renderer[@class='style-scope ytd-multi-page-menu-renderer']//yt-formatted-string[@id='label' and text()='Bahasa Indonesia']
2026-02-10 18:13:24.762 [TestNG-test-Yt Master Tests-2] INFO  [verifyingSettingOptionsLang] Clicking settings ellipses button...
2026-02-10 18:13:24.763 [TestNG-test-Yt Master Tests-2] INFO  [verifyingSettingOptionsLang] [verifyingSettingOptionsLang] Trying to find element: By.xpath: //ytd-topbar-menu-button-renderer[@class='style-scope ytd-masthead style-default']
2026-02-10 18:13:25.240 [TestNG-test-Yt Master Tests-2] INFO  [verifyingSettingOptionsLang] [verifyingSettingOptionsLang] Element found and ready (attempt 1): By.xpath: //ytd-topbar-menu-button-renderer[@class='style-scope ytd-masthead style-default']
2026-02-10 18:13:25.334 [TestNG-test-Yt Master Tests-2] INFO  [verifyingSettingOptionsLang] Looking for language element with name: Bahasa Indonesia
2026-02-10 18:13:25.335 [TestNG-test-Yt Master Tests-2] INFO  [verifyingSettingOptionsLang] [verifyingSettingOptionsLang] Waiting until element is visible in viewport
2026-02-10 18:13:35.535 [TestNG-test-Yt Master Tests-2] INFO  [verifyingSettingOptionsLang] [verifyingSettingOptionsLang] Capturing screenshot: Filter Applied is Bahasa Indonesia__2026-02-10_181335.png
2026-02-10 18:13:35.679 [TestNG-test-Yt Master Tests-2] INFO  [verifyingSettingOptionsLang] [verifyingSettingOptionsLang] Screenshot saved at: test-output/screenshots/Run_2026-02-10_18-07-44/verifyingSettingOptionsLang/Filter Applied is Bahasa Indonesia__2026-02-10_181335.png
2026-02-10 18:13:35.679 [TestNG-test-Yt Master Tests-2] INFO  [verifyingSettingOptionsLang] Clicking settings ellipses button...
2026-02-10 18:13:35.679 [TestNG-test-Yt Master Tests-2] INFO  [verifyingSettingOptionsLang] [verifyingSettingOptionsLang] Trying to find element: By.xpath: //ytd-topbar-menu-button-renderer[@class='style-scope ytd-masthead style-default']
2026-02-10 18:13:35.700 [TestNG-test-Yt Master Tests-2] INFO  [verifyingSettingOptionsLang] [verifyingSettingOptionsLang] Element found and ready (attempt 1): By.xpath: //ytd-topbar-menu-button-renderer[@class='style-scope ytd-masthead style-default']
2026-02-10 18:13:37.753 [TestNG-test-Yt Master Tests-2] INFO  [verifyingSettingOptionsLang] Clicking settings ellipses button...
2026-02-10 18:13:37.753 [TestNG-test-Yt Master Tests-2] INFO  [verifyingSettingOptionsLang] [verifyingSettingOptionsLang] Trying to find element: By.xpath: //ytd-topbar-menu-button-renderer[@class='style-scope ytd-masthead style-default']
2026-02-10 18:13:37.787 [TestNG-test-Yt Master Tests-2] INFO  [verifyingSettingOptionsLang] [verifyingSettingOptionsLang] Element found and ready (attempt 1): By.xpath: //ytd-topbar-menu-button-renderer[@class='style-scope ytd-masthead style-default']
2026-02-10 18:13:38.849 [TestNG-test-Yt Master Tests-2] INFO  [verifyingSettingOptionsLang] Getting the setting ellipses options
2026-02-10 18:13:38.849 [TestNG-test-Yt Master Tests-2] INFO  [verifyingSettingOptionsLang] [verifyingSettingOptionsLang] Trying to find element: By.xpath: //ytd-multi-page-menu-renderer
2026-02-10 18:13:38.870 [TestNG-test-Yt Master Tests-2] INFO  [verifyingSettingOptionsLang] [verifyingSettingOptionsLang] Element found and ready (attempt 1): By.xpath: //ytd-multi-page-menu-renderer
2026-02-10 18:13:38.910 [TestNG-test-Yt Master Tests-2] INFO  [verifyingSettingOptionsLang] Clicking settings ellipses button...
2026-02-10 18:13:38.910 [TestNG-test-Yt Master Tests-2] INFO  [verifyingSettingOptionsLang] [verifyingSettingOptionsLang] Trying to find element: By.xpath: //ytd-topbar-menu-button-renderer[@class='style-scope ytd-masthead style-default']
2026-02-10 18:13:38.930 [TestNG-test-Yt Master Tests-2] INFO  [verifyingSettingOptionsLang] [verifyingSettingOptionsLang] Element found and ready (attempt 1): By.xpath: //ytd-topbar-menu-button-renderer[@class='style-scope ytd-masthead style-default']
2026-02-10 18:13:39.004 [TestNG-test-Yt Master Tests-2] INFO  [verifyingSettingOptionsLang] 
========== LANGUAGE DETECTION ==========
Detected Language : INDONESIAN
Input Text        : Data Anda di YouTube
Tampilan: Terang
Bahasa tampilan:
Indonesia
Mode Terbatas: Nonaktif
Lokasi:
Amerika Serikat
Pintasan keyboard
Setelan
Bantuan
Kirim masukan
========================================
2026-02-10 18:13:39.005 [TestNG-test-Yt Master Tests-2] INFO  [verifyingSettingOptionsLang] getLangAttribute() - locating <html> and reading lang property
2026-02-10 18:13:39.051 [TestNG-test-Yt Master Tests-2] INFO  [verifyingSettingOptionsLang] Language attribute read: id-ID
2026-02-10 18:13:39.051 [TestNG-test-Yt Master Tests-2] INFO  [verifyingSettingOptionsLang] Clicking settings ellipses button...
2026-02-10 18:13:39.051 [TestNG-test-Yt Master Tests-2] INFO  [verifyingSettingOptionsLang] [verifyingSettingOptionsLang] Trying to find element: By.xpath: //ytd-topbar-menu-button-renderer[@class='style-scope ytd-masthead style-default']
2026-02-10 18:13:39.132 [TestNG-test-Yt Master Tests-2] INFO  [verifyingSettingOptionsLang] [verifyingSettingOptionsLang] Element found and ready (attempt 1): By.xpath: //ytd-topbar-menu-button-renderer[@class='style-scope ytd-masthead style-default']
2026-02-10 18:13:41.308 [TestNG-test-Yt Master Tests-2] INFO  [verifyingSettingOptionsLang] Clicking language dropdown...
2026-02-10 18:13:41.308 [TestNG-test-Yt Master Tests-2] INFO  [verifyingSettingOptionsLang] [verifyingSettingOptionsLang] Trying to find element: By.xpath: (//div[@id='content-icon'])[2]
2026-02-10 18:13:41.329 [TestNG-test-Yt Master Tests-2] INFO  [verifyingSettingOptionsLang] [verifyingSettingOptionsLang] Element found and ready (attempt 1): By.xpath: (//div[@id='content-icon'])[2]
2026-02-10 18:13:44.615 [TestNG-test-Yt Master Tests-2] INFO  [verifyingSettingOptionsLang] Looking for language element with name: Bosanski
2026-02-10 18:13:44.615 [TestNG-test-Yt Master Tests-2] INFO  [verifyingSettingOptionsLang] [verifyingSettingOptionsLang] Trying to find element: By.xpath: //yt-multi-page-menu-section-renderer[@class='style-scope ytd-multi-page-menu-renderer']//yt-formatted-string[@id='label' and text()='Bosanski']
2026-02-10 18:13:44.641 [TestNG-test-Yt Master Tests-2] INFO  [verifyingSettingOptionsLang] [verifyingSettingOptionsLang] Element found and ready (attempt 1): By.xpath: //yt-multi-page-menu-section-renderer[@class='style-scope ytd-multi-page-menu-renderer']//yt-formatted-string[@id='label' and text()='Bosanski']
2026-02-10 18:13:46.013 [TestNG-test-Yt Master Tests-2] INFO  [verifyingSettingOptionsLang] Clicking settings ellipses button...
2026-02-10 18:13:46.014 [TestNG-test-Yt Master Tests-2] INFO  [verifyingSettingOptionsLang] [verifyingSettingOptionsLang] Trying to find element: By.xpath: //ytd-topbar-menu-button-renderer[@class='style-scope ytd-masthead style-default']
2026-02-10 18:13:46.514 [TestNG-test-Yt Master Tests-2] INFO  [verifyingSettingOptionsLang] [verifyingSettingOptionsLang] Element found and ready (attempt 1): By.xpath: //ytd-topbar-menu-button-renderer[@class='style-scope ytd-masthead style-default']
2026-02-10 18:13:46.639 [TestNG-test-Yt Master Tests-2] INFO  [verifyingSettingOptionsLang] Looking for language element with name: Bosanski
2026-02-10 18:13:46.639 [TestNG-test-Yt Master Tests-2] INFO  [verifyingSettingOptionsLang] [verifyingSettingOptionsLang] Waiting until element is visible in viewport
2026-02-10 18:13:56.925 [TestNG-test-Yt Master Tests-2] INFO  [verifyingSettingOptionsLang] [verifyingSettingOptionsLang] Capturing screenshot: Filter Applied is Bosanski__2026-02-10_181356.png
2026-02-10 18:13:57.041 [TestNG-test-Yt Master Tests-2] INFO  [verifyingSettingOptionsLang] [verifyingSettingOptionsLang] Screenshot saved at: test-output/screenshots/Run_2026-02-10_18-07-44/verifyingSettingOptionsLang/Filter Applied is Bosanski__2026-02-10_181356.png
2026-02-10 18:13:57.041 [TestNG-test-Yt Master Tests-2] INFO  [verifyingSettingOptionsLang] Clicking settings ellipses button...
2026-02-10 18:13:57.041 [TestNG-test-Yt Master Tests-2] INFO  [verifyingSettingOptionsLang] [verifyingSettingOptionsLang] Trying to find element: By.xpath: //ytd-topbar-menu-button-renderer[@class='style-scope ytd-masthead style-default']
2026-02-10 18:13:57.061 [TestNG-test-Yt Master Tests-2] INFO  [verifyingSettingOptionsLang] [verifyingSettingOptionsLang] Element found and ready (attempt 1): By.xpath: //ytd-topbar-menu-button-renderer[@class='style-scope ytd-masthead style-default']
2026-02-10 18:13:59.109 [TestNG-test-Yt Master Tests-2] INFO  [verifyingSettingOptionsLang] Clicking settings ellipses button...
2026-02-10 18:13:59.109 [TestNG-test-Yt Master Tests-2] INFO  [verifyingSettingOptionsLang] [verifyingSettingOptionsLang] Trying to find element: By.xpath: //ytd-topbar-menu-button-renderer[@class='style-scope ytd-masthead style-default']
2026-02-10 18:13:59.150 [TestNG-test-Yt Master Tests-2] INFO  [verifyingSettingOptionsLang] [verifyingSettingOptionsLang] Element found and ready (attempt 1): By.xpath: //ytd-topbar-menu-button-renderer[@class='style-scope ytd-masthead style-default']
2026-02-10 18:14:00.278 [TestNG-test-Yt Master Tests-2] INFO  [verifyingSettingOptionsLang] Getting the setting ellipses options
2026-02-10 18:14:00.278 [TestNG-test-Yt Master Tests-2] INFO  [verifyingSettingOptionsLang] [verifyingSettingOptionsLang] Trying to find element: By.xpath: //ytd-multi-page-menu-renderer
2026-02-10 18:14:00.363 [TestNG-test-Yt Master Tests-2] INFO  [verifyingSettingOptionsLang] [verifyingSettingOptionsLang] Element found and ready (attempt 1): By.xpath: //ytd-multi-page-menu-renderer
2026-02-10 18:14:00.426 [TestNG-test-Yt Master Tests-2] INFO  [verifyingSettingOptionsLang] Clicking settings ellipses button...
2026-02-10 18:14:00.428 [TestNG-test-Yt Master Tests-2] INFO  [verifyingSettingOptionsLang] [verifyingSettingOptionsLang] Trying to find element: By.xpath: //ytd-topbar-menu-button-renderer[@class='style-scope ytd-masthead style-default']
2026-02-10 18:14:00.476 [TestNG-test-Yt Master Tests-2] INFO  [verifyingSettingOptionsLang] [verifyingSettingOptionsLang] Element found and ready (attempt 1): By.xpath: //ytd-topbar-menu-button-renderer[@class='style-scope ytd-masthead style-default']
2026-02-10 18:14:00.621 [TestNG-test-Yt Master Tests-2] INFO  [verifyingSettingOptionsLang] 
========== LANGUAGE DETECTION ==========
Detected Language : BOSNIAN
Input Text        : Vaši podaci na YouTubeu
Izgled: svijetla tema
Jezik prikaza:
bosanski
Ograničeni način rada: isključeno
Lokacija:
Sjedinjene Američke Države
Prečice na tastaturi
Postavke
Pomoć
Pošaljite povratne informacije
========================================
2026-02-10 18:14:00.622 [TestNG-test-Yt Master Tests-2] INFO  [verifyingSettingOptionsLang] getLangAttribute() - locating <html> and reading lang property
2026-02-10 18:14:00.665 [TestNG-test-Yt Master Tests-2] INFO  [verifyingSettingOptionsLang] Language attribute read: bs-Latn-BA
2026-02-10 18:14:00.666 [TestNG-test-Yt Master Tests-2] INFO  [verifyingSettingOptionsLang] Clicking settings ellipses button...
2026-02-10 18:14:00.666 [TestNG-test-Yt Master Tests-2] INFO  [verifyingSettingOptionsLang] [verifyingSettingOptionsLang] Trying to find element: By.xpath: //ytd-topbar-menu-button-renderer[@class='style-scope ytd-masthead style-default']
2026-02-10 18:14:00.722 [TestNG-test-Yt Master Tests-2] INFO  [verifyingSettingOptionsLang] [verifyingSettingOptionsLang] Element found and ready (attempt 1): By.xpath: //ytd-topbar-menu-button-renderer[@class='style-scope ytd-masthead style-default']
2026-02-10 18:14:02.798 [TestNG-test-Yt Master Tests-2] INFO  [verifyingSettingOptionsLang] Clicking language dropdown...
2026-02-10 18:14:02.798 [TestNG-test-Yt Master Tests-2] INFO  [verifyingSettingOptionsLang] [verifyingSettingOptionsLang] Trying to find element: By.xpath: (//div[@id='content-icon'])[2]
2026-02-10 18:14:02.825 [TestNG-test-Yt Master Tests-2] INFO  [verifyingSettingOptionsLang] [verifyingSettingOptionsLang] Element found and ready (attempt 1): By.xpath: (//div[@id='content-icon'])[2]
2026-02-10 18:14:06.535 [TestNG-test-Yt Master Tests-2] INFO  [verifyingSettingOptionsLang] Looking for language element with name: Català
2026-02-10 18:14:06.535 [TestNG-test-Yt Master Tests-2] INFO  [verifyingSettingOptionsLang] [verifyingSettingOptionsLang] Trying to find element: By.xpath: //yt-multi-page-menu-section-renderer[@class='style-scope ytd-multi-page-menu-renderer']//yt-formatted-string[@id='label' and text()='Català']
2026-02-10 18:14:06.562 [TestNG-test-Yt Master Tests-2] INFO  [verifyingSettingOptionsLang] [verifyingSettingOptionsLang] Element found and ready (attempt 1): By.xpath: //yt-multi-page-menu-section-renderer[@class='style-scope ytd-multi-page-menu-renderer']//yt-formatted-string[@id='label' and text()='Català']
2026-02-10 18:14:08.281 [TestNG-test-Yt Master Tests-2] INFO  [verifyingSettingOptionsLang] Clicking settings ellipses button...
2026-02-10 18:14:08.281 [TestNG-test-Yt Master Tests-2] INFO  [verifyingSettingOptionsLang] [verifyingSettingOptionsLang] Trying to find element: By.xpath: //ytd-topbar-menu-button-renderer[@class='style-scope ytd-masthead style-default']
2026-02-10 18:14:08.515 [TestNG-test-Yt Master Tests-2] INFO  [verifyingSettingOptionsLang] [verifyingSettingOptionsLang] Element found and ready (attempt 1): By.xpath: //ytd-topbar-menu-button-renderer[@class='style-scope ytd-masthead style-default']
2026-02-10 18:14:08.692 [TestNG-test-Yt Master Tests-2] INFO  [verifyingSettingOptionsLang] Looking for language element with name: Català
2026-02-10 18:14:08.692 [TestNG-test-Yt Master Tests-2] INFO  [verifyingSettingOptionsLang] [verifyingSettingOptionsLang] Waiting until element is visible in viewport
2026-02-10 18:14:18.915 [TestNG-test-Yt Master Tests-2] INFO  [verifyingSettingOptionsLang] [verifyingSettingOptionsLang] Capturing screenshot: Filter Applied is Català__2026-02-10_181418.png
2026-02-10 18:14:19.032 [TestNG-test-Yt Master Tests-2] INFO  [verifyingSettingOptionsLang] [verifyingSettingOptionsLang] Screenshot saved at: test-output/screenshots/Run_2026-02-10_18-07-44/verifyingSettingOptionsLang/Filter Applied is Català__2026-02-10_181418.png
2026-02-10 18:14:19.033 [TestNG-test-Yt Master Tests-2] INFO  [verifyingSettingOptionsLang] Clicking settings ellipses button...
2026-02-10 18:14:19.033 [TestNG-test-Yt Master Tests-2] INFO  [verifyingSettingOptionsLang] [verifyingSettingOptionsLang] Trying to find element: By.xpath: //ytd-topbar-menu-button-renderer[@class='style-scope ytd-masthead style-default']
2026-02-10 18:14:19.052 [TestNG-test-Yt Master Tests-2] INFO  [verifyingSettingOptionsLang] [verifyingSettingOptionsLang] Element found and ready (attempt 1): By.xpath: //ytd-topbar-menu-button-renderer[@class='style-scope ytd-masthead style-default']
2026-02-10 18:14:21.104 [TestNG-test-Yt Master Tests-2] INFO  [verifyingSettingOptionsLang] Clicking settings ellipses button...
2026-02-10 18:14:21.104 [TestNG-test-Yt Master Tests-2] INFO  [verifyingSettingOptionsLang] [verifyingSettingOptionsLang] Trying to find element: By.xpath: //ytd-topbar-menu-button-renderer[@class='style-scope ytd-masthead style-default']
2026-02-10 18:14:21.123 [TestNG-test-Yt Master Tests-2] INFO  [verifyingSettingOptionsLang] [verifyingSettingOptionsLang] Element found and ready (attempt 1): By.xpath: //ytd-topbar-menu-button-renderer[@class='style-scope ytd-masthead style-default']
2026-02-10 18:14:22.178 [TestNG-test-Yt Master Tests-2] INFO  [verifyingSettingOptionsLang] Getting the setting ellipses options
2026-02-10 18:14:22.178 [TestNG-test-Yt Master Tests-2] INFO  [verifyingSettingOptionsLang] [verifyingSettingOptionsLang] Trying to find element: By.xpath: //ytd-multi-page-menu-renderer
2026-02-10 18:14:22.198 [TestNG-test-Yt Master Tests-2] INFO  [verifyingSettingOptionsLang] [verifyingSettingOptionsLang] Element found and ready (attempt 1): By.xpath: //ytd-multi-page-menu-renderer
2026-02-10 18:14:22.234 [TestNG-test-Yt Master Tests-2] INFO  [verifyingSettingOptionsLang] Clicking settings ellipses button...
2026-02-10 18:14:22.234 [TestNG-test-Yt Master Tests-2] INFO  [verifyingSettingOptionsLang] [verifyingSettingOptionsLang] Trying to find element: By.xpath: //ytd-topbar-menu-button-renderer[@class='style-scope ytd-masthead style-default']
2026-02-10 18:14:22.251 [TestNG-test-Yt Master Tests-2] INFO  [verifyingSettingOptionsLang] [verifyingSettingOptionsLang] Element found and ready (attempt 1): By.xpath: //ytd-topbar-menu-button-renderer[@class='style-scope ytd-masthead style-default']
2026-02-10 18:14:22.346 [TestNG-test-Yt Master Tests-2] INFO  [verifyingSettingOptionsLang] 
========== LANGUAGE DETECTION ==========
Detected Language : CATALAN
Input Text        : Les teves dades a YouTube
Aparença: clar
Idioma de visualització:
català
Mode restringit: desactivat
Ubicació:
Estats Units
Tecles de drecera
Configuració
Ajuda
Envia suggeriments
========================================
2026-02-10 18:14:22.355 [TestNG-test-Yt Master Tests-2] INFO  [verifyingSettingOptionsLang] getLangAttribute() - locating <html> and reading lang property
2026-02-10 18:14:22.370 [TestNG-test-Yt Master Tests-2] INFO  [verifyingSettingOptionsLang] Language attribute read: ca-ES
2026-02-10 18:14:22.370 [TestNG-test-Yt Master Tests-2] INFO  [verifyingSettingOptionsLang] Clicking settings ellipses button...
2026-02-10 18:14:22.370 [TestNG-test-Yt Master Tests-2] INFO  [verifyingSettingOptionsLang] [verifyingSettingOptionsLang] Trying to find element: By.xpath: //ytd-topbar-menu-button-renderer[@class='style-scope ytd-masthead style-default']
2026-02-10 18:14:22.388 [TestNG-test-Yt Master Tests-2] INFO  [verifyingSettingOptionsLang] [verifyingSettingOptionsLang] Element found and ready (attempt 1): By.xpath: //ytd-topbar-menu-button-renderer[@class='style-scope ytd-masthead style-default']
2026-02-10 18:14:24.445 [TestNG-test-Yt Master Tests-2] INFO  [verifyingSettingOptionsLang] Clicking language dropdown...
2026-02-10 18:14:24.445 [TestNG-test-Yt Master Tests-2] INFO  [verifyingSettingOptionsLang] [verifyingSettingOptionsLang] Trying to find element: By.xpath: (//div[@id='content-icon'])[2]
2026-02-10 18:14:24.474 [TestNG-test-Yt Master Tests-2] INFO  [verifyingSettingOptionsLang] [verifyingSettingOptionsLang] Element found and ready (attempt 1): By.xpath: (//div[@id='content-icon'])[2]
2026-02-10 18:14:27.930 [TestNG-test-Yt Master Tests-2] INFO  [verifyingSettingOptionsLang] Looking for language element with name: Dansk
2026-02-10 18:14:27.930 [TestNG-test-Yt Master Tests-2] INFO  [verifyingSettingOptionsLang] [verifyingSettingOptionsLang] Trying to find element: By.xpath: //yt-multi-page-menu-section-renderer[@class='style-scope ytd-multi-page-menu-renderer']//yt-formatted-string[@id='label' and text()='Dansk']
2026-02-10 18:14:27.954 [TestNG-test-Yt Master Tests-2] INFO  [verifyingSettingOptionsLang] [verifyingSettingOptionsLang] Element found and ready (attempt 1): By.xpath: //yt-multi-page-menu-section-renderer[@class='style-scope ytd-multi-page-menu-renderer']//yt-formatted-string[@id='label' and text()='Dansk']
2026-02-10 18:14:29.658 [TestNG-test-Yt Master Tests-2] INFO  [verifyingSettingOptionsLang] Clicking settings ellipses button...
2026-02-10 18:14:29.658 [TestNG-test-Yt Master Tests-2] INFO  [verifyingSettingOptionsLang] [verifyingSettingOptionsLang] Trying to find element: By.xpath: //ytd-topbar-menu-button-renderer[@class='style-scope ytd-masthead style-default']
2026-02-10 18:14:29.710 [TestNG-test-Yt Master Tests-2] INFO  [verifyingSettingOptionsLang] [verifyingSettingOptionsLang] Element found and ready (attempt 1): By.xpath: //ytd-topbar-menu-button-renderer[@class='style-scope ytd-masthead style-default']
2026-02-10 18:14:30.009 [TestNG-test-Yt Master Tests-2] INFO  [verifyingSettingOptionsLang] Looking for language element with name: Dansk
2026-02-10 18:14:30.009 [TestNG-test-Yt Master Tests-2] INFO  [verifyingSettingOptionsLang] [verifyingSettingOptionsLang] Waiting until element is visible in viewport
2026-02-10 18:14:40.267 [TestNG-test-Yt Master Tests-2] INFO  [verifyingSettingOptionsLang] [verifyingSettingOptionsLang] Capturing screenshot: Filter Applied is Dansk__2026-02-10_181440.png
2026-02-10 18:14:40.406 [TestNG-test-Yt Master Tests-2] INFO  [verifyingSettingOptionsLang] [verifyingSettingOptionsLang] Screenshot saved at: test-output/screenshots/Run_2026-02-10_18-07-44/verifyingSettingOptionsLang/Filter Applied is Dansk__2026-02-10_181440.png
2026-02-10 18:14:40.406 [TestNG-test-Yt Master Tests-2] INFO  [verifyingSettingOptionsLang] Clicking settings ellipses button...
2026-02-10 18:14:40.406 [TestNG-test-Yt Master Tests-2] INFO  [verifyingSettingOptionsLang] [verifyingSettingOptionsLang] Trying to find element: By.xpath: //ytd-topbar-menu-button-renderer[@class='style-scope ytd-masthead style-default']
2026-02-10 18:14:40.429 [TestNG-test-Yt Master Tests-2] INFO  [verifyingSettingOptionsLang] [verifyingSettingOptionsLang] Element found and ready (attempt 1): By.xpath: //ytd-topbar-menu-button-renderer[@class='style-scope ytd-masthead style-default']
2026-02-10 18:14:42.485 [TestNG-test-Yt Master Tests-2] INFO  [verifyingSettingOptionsLang] Clicking settings ellipses button...
2026-02-10 18:14:42.485 [TestNG-test-Yt Master Tests-2] INFO  [verifyingSettingOptionsLang] [verifyingSettingOptionsLang] Trying to find element: By.xpath: //ytd-topbar-menu-button-renderer[@class='style-scope ytd-masthead style-default']
2026-02-10 18:14:42.505 [TestNG-test-Yt Master Tests-2] INFO  [verifyingSettingOptionsLang] [verifyingSettingOptionsLang] Element found and ready (attempt 1): By.xpath: //ytd-topbar-menu-button-renderer[@class='style-scope ytd-masthead style-default']
2026-02-10 18:14:43.560 [TestNG-test-Yt Master Tests-2] INFO  [verifyingSettingOptionsLang] Getting the setting ellipses options
2026-02-10 18:14:43.560 [TestNG-test-Yt Master Tests-2] INFO  [verifyingSettingOptionsLang] [verifyingSettingOptionsLang] Trying to find element: By.xpath: //ytd-multi-page-menu-renderer
2026-02-10 18:14:43.580 [TestNG-test-Yt Master Tests-2] INFO  [verifyingSettingOptionsLang] [verifyingSettingOptionsLang] Element found and ready (attempt 1): By.xpath: //ytd-multi-page-menu-renderer
2026-02-10 18:14:43.688 [TestNG-test-Yt Master Tests-2] INFO  [verifyingSettingOptionsLang] Clicking settings ellipses button...
2026-02-10 18:14:43.688 [TestNG-test-Yt Master Tests-2] INFO  [verifyingSettingOptionsLang] [verifyingSettingOptionsLang] Trying to find element: By.xpath: //ytd-topbar-menu-button-renderer[@class='style-scope ytd-masthead style-default']
2026-02-10 18:14:43.709 [TestNG-test-Yt Master Tests-2] INFO  [verifyingSettingOptionsLang] [verifyingSettingOptionsLang] Element found and ready (attempt 1): By.xpath: //ytd-topbar-menu-button-renderer[@class='style-scope ytd-masthead style-default']
2026-02-10 18:14:43.772 [TestNG-test-Yt Master Tests-2] INFO  [verifyingSettingOptionsLang] 
========== LANGUAGE DETECTION ==========
Detected Language : DANISH
Input Text        : Dine data på YouTube
Udseende: Lyst
Visningssprog:
dansk
Begrænset tilstand: Fra
Lokation:
USA
Tastaturgenveje
Indstillinger
Hjælp
Send feedback
========================================
2026-02-10 18:14:43.772 [TestNG-test-Yt Master Tests-2] INFO  [verifyingSettingOptionsLang] getLangAttribute() - locating <html> and reading lang property
2026-02-10 18:14:43.786 [TestNG-test-Yt Master Tests-2] INFO  [verifyingSettingOptionsLang] Language attribute read: da-DK
2026-02-10 18:14:43.786 [TestNG-test-Yt Master Tests-2] INFO  [verifyingSettingOptionsLang] Clicking settings ellipses button...
2026-02-10 18:14:43.786 [TestNG-test-Yt Master Tests-2] INFO  [verifyingSettingOptionsLang] [verifyingSettingOptionsLang] Trying to find element: By.xpath: //ytd-topbar-menu-button-renderer[@class='style-scope ytd-masthead style-default']
2026-02-10 18:14:43.808 [TestNG-test-Yt Master Tests-2] INFO  [verifyingSettingOptionsLang] [verifyingSettingOptionsLang] Element found and ready (attempt 1): By.xpath: //ytd-topbar-menu-button-renderer[@class='style-scope ytd-masthead style-default']
2026-02-10 18:14:45.859 [TestNG-test-Yt Master Tests-2] INFO  [verifyingSettingOptionsLang] Clicking language dropdown...
2026-02-10 18:14:45.859 [TestNG-test-Yt Master Tests-2] INFO  [verifyingSettingOptionsLang] [verifyingSettingOptionsLang] Trying to find element: By.xpath: (//div[@id='content-icon'])[2]
2026-02-10 18:14:45.879 [TestNG-test-Yt Master Tests-2] INFO  [verifyingSettingOptionsLang] [verifyingSettingOptionsLang] Element found and ready (attempt 1): By.xpath: (//div[@id='content-icon'])[2]
2026-02-10 18:14:49.270 [TestNG-test-Yt Master Tests-2] INFO  [verifyingSettingOptionsLang] Looking for language element with name: Deutsch
2026-02-10 18:14:49.270 [TestNG-test-Yt Master Tests-2] INFO  [verifyingSettingOptionsLang] [verifyingSettingOptionsLang] Trying to find element: By.xpath: //yt-multi-page-menu-section-renderer[@class='style-scope ytd-multi-page-menu-renderer']//yt-formatted-string[@id='label' and text()='Deutsch']
2026-02-10 18:14:49.297 [TestNG-test-Yt Master Tests-2] INFO  [verifyingSettingOptionsLang] [verifyingSettingOptionsLang] Element found and ready (attempt 1): By.xpath: //yt-multi-page-menu-section-renderer[@class='style-scope ytd-multi-page-menu-renderer']//yt-formatted-string[@id='label' and text()='Deutsch']
2026-02-10 18:14:51.472 [TestNG-test-Yt Master Tests-2] INFO  [verifyingSettingOptionsLang] Clicking settings ellipses button...
2026-02-10 18:14:51.472 [TestNG-test-Yt Master Tests-2] INFO  [verifyingSettingOptionsLang] [verifyingSettingOptionsLang] Trying to find element: By.xpath: //ytd-topbar-menu-button-renderer[@class='style-scope ytd-masthead style-default']
2026-02-10 18:14:51.679 [TestNG-test-Yt Master Tests-2] INFO  [verifyingSettingOptionsLang] [verifyingSettingOptionsLang] Element found and ready (attempt 1): By.xpath: //ytd-topbar-menu-button-renderer[@class='style-scope ytd-masthead style-default']
2026-02-10 18:14:51.762 [TestNG-test-Yt Master Tests-2] INFO  [verifyingSettingOptionsLang] Looking for language element with name: Deutsch
2026-02-10 18:14:51.762 [TestNG-test-Yt Master Tests-2] INFO  [verifyingSettingOptionsLang] [verifyingSettingOptionsLang] Waiting until element is visible in viewport
2026-02-10 18:15:02.015 [TestNG-test-Yt Master Tests-2] INFO  [verifyingSettingOptionsLang] [verifyingSettingOptionsLang] Capturing screenshot: Filter Applied is Deutsch__2026-02-10_181502.png
2026-02-10 18:15:02.138 [TestNG-test-Yt Master Tests-2] INFO  [verifyingSettingOptionsLang] [verifyingSettingOptionsLang] Screenshot saved at: test-output/screenshots/Run_2026-02-10_18-07-44/verifyingSettingOptionsLang/Filter Applied is Deutsch__2026-02-10_181502.png
2026-02-10 18:15:02.138 [TestNG-test-Yt Master Tests-2] INFO  [verifyingSettingOptionsLang] Clicking settings ellipses button...
2026-02-10 18:15:02.138 [TestNG-test-Yt Master Tests-2] INFO  [verifyingSettingOptionsLang] [verifyingSettingOptionsLang] Trying to find element: By.xpath: //ytd-topbar-menu-button-renderer[@class='style-scope ytd-masthead style-default']
2026-02-10 18:15:02.159 [TestNG-test-Yt Master Tests-2] INFO  [verifyingSettingOptionsLang] [verifyingSettingOptionsLang] Element found and ready (attempt 1): By.xpath: //ytd-topbar-menu-button-renderer[@class='style-scope ytd-masthead style-default']
2026-02-10 18:15:04.211 [TestNG-test-Yt Master Tests-2] INFO  [verifyingSettingOptionsLang] Clicking settings ellipses button...
2026-02-10 18:15:04.211 [TestNG-test-Yt Master Tests-2] INFO  [verifyingSettingOptionsLang] [verifyingSettingOptionsLang] Trying to find element: By.xpath: //ytd-topbar-menu-button-renderer[@class='style-scope ytd-masthead style-default']
2026-02-10 18:15:04.231 [TestNG-test-Yt Master Tests-2] INFO  [verifyingSettingOptionsLang] [verifyingSettingOptionsLang] Element found and ready (attempt 1): By.xpath: //ytd-topbar-menu-button-renderer[@class='style-scope ytd-masthead style-default']
2026-02-10 18:15:05.301 [TestNG-test-Yt Master Tests-2] INFO  [verifyingSettingOptionsLang] Getting the setting ellipses options
2026-02-10 18:15:05.301 [TestNG-test-Yt Master Tests-2] INFO  [verifyingSettingOptionsLang] [verifyingSettingOptionsLang] Trying to find element: By.xpath: //ytd-multi-page-menu-renderer
2026-02-10 18:15:05.324 [TestNG-test-Yt Master Tests-2] INFO  [verifyingSettingOptionsLang] [verifyingSettingOptionsLang] Element found and ready (attempt 1): By.xpath: //ytd-multi-page-menu-renderer
2026-02-10 18:15:05.375 [TestNG-test-Yt Master Tests-2] INFO  [verifyingSettingOptionsLang] Clicking settings ellipses button...
2026-02-10 18:15:05.375 [TestNG-test-Yt Master Tests-2] INFO  [verifyingSettingOptionsLang] [verifyingSettingOptionsLang] Trying to find element: By.xpath: //ytd-topbar-menu-button-renderer[@class='style-scope ytd-masthead style-default']
2026-02-10 18:15:05.399 [TestNG-test-Yt Master Tests-2] INFO  [verifyingSettingOptionsLang] [verifyingSettingOptionsLang] Element found and ready (attempt 1): By.xpath: //ytd-topbar-menu-button-renderer[@class='style-scope ytd-masthead style-default']
2026-02-10 18:15:05.456 [TestNG-test-Yt Master Tests-2] INFO  [verifyingSettingOptionsLang] 
========== LANGUAGE DETECTION ==========
Detected Language : GERMAN
Input Text        : Meine Daten auf YouTube
Darstellung: Hell
Anzeigesprache:
Deutsch
Eingeschränkter Modus: Deaktiviert
Ort:
USA
Tastenkombinationen
Einstellungen
Hilfe
Feedback senden
========================================
2026-02-10 18:15:05.457 [TestNG-test-Yt Master Tests-2] INFO  [verifyingSettingOptionsLang] getLangAttribute() - locating <html> and reading lang property
2026-02-10 18:15:05.473 [TestNG-test-Yt Master Tests-2] INFO  [verifyingSettingOptionsLang] Language attribute read: de-DE
2026-02-10 18:15:05.473 [TestNG-test-Yt Master Tests-2] INFO  [verifyingSettingOptionsLang] Clicking settings ellipses button...
2026-02-10 18:15:05.473 [TestNG-test-Yt Master Tests-2] INFO  [verifyingSettingOptionsLang] [verifyingSettingOptionsLang] Trying to find element: By.xpath: //ytd-topbar-menu-button-renderer[@class='style-scope ytd-masthead style-default']
2026-02-10 18:15:05.493 [TestNG-test-Yt Master Tests-2] INFO  [verifyingSettingOptionsLang] [verifyingSettingOptionsLang] Element found and ready (attempt 1): By.xpath: //ytd-topbar-menu-button-renderer[@class='style-scope ytd-masthead style-default']
2026-02-10 18:15:07.599 [TestNG-test-Yt Master Tests-2] INFO  [verifyingSettingOptionsLang] Clicking language dropdown...
2026-02-10 18:15:07.599 [TestNG-test-Yt Master Tests-2] INFO  [verifyingSettingOptionsLang] [verifyingSettingOptionsLang] Trying to find element: By.xpath: (//div[@id='content-icon'])[2]
2026-02-10 18:15:07.621 [TestNG-test-Yt Master Tests-2] INFO  [verifyingSettingOptionsLang] [verifyingSettingOptionsLang] Element found and ready (attempt 1): By.xpath: (//div[@id='content-icon'])[2]
2026-02-10 18:15:10.993 [TestNG-test-Yt Master Tests-2] INFO  [verifyingSettingOptionsLang] Looking for language element with name: Eesti
2026-02-10 18:15:10.993 [TestNG-test-Yt Master Tests-2] INFO  [verifyingSettingOptionsLang] [verifyingSettingOptionsLang] Trying to find element: By.xpath: //yt-multi-page-menu-section-renderer[@class='style-scope ytd-multi-page-menu-renderer']//yt-formatted-string[@id='label' and text()='Eesti']
2026-02-10 18:15:11.022 [TestNG-test-Yt Master Tests-2] INFO  [verifyingSettingOptionsLang] [verifyingSettingOptionsLang] Element found and ready (attempt 1): By.xpath: //yt-multi-page-menu-section-renderer[@class='style-scope ytd-multi-page-menu-renderer']//yt-formatted-string[@id='label' and text()='Eesti']
2026-02-10 18:15:12.896 [TestNG-test-Yt Master Tests-2] INFO  [verifyingSettingOptionsLang] Clicking settings ellipses button...
2026-02-10 18:15:12.897 [TestNG-test-Yt Master Tests-2] INFO  [verifyingSettingOptionsLang] [verifyingSettingOptionsLang] Trying to find element: By.xpath: //ytd-topbar-menu-button-renderer[@class='style-scope ytd-masthead style-default']
2026-02-10 18:15:13.408 [TestNG-test-Yt Master Tests-2] INFO  [verifyingSettingOptionsLang] [verifyingSettingOptionsLang] Element found and ready (attempt 1): By.xpath: //ytd-topbar-menu-button-renderer[@class='style-scope ytd-masthead style-default']
2026-02-10 18:15:13.683 [TestNG-test-Yt Master Tests-2] INFO  [verifyingSettingOptionsLang] Looking for language element with name: Eesti
2026-02-10 18:15:13.683 [TestNG-test-Yt Master Tests-2] INFO  [verifyingSettingOptionsLang] [verifyingSettingOptionsLang] Waiting until element is visible in viewport
2026-02-10 18:15:23.905 [TestNG-test-Yt Master Tests-2] INFO  [verifyingSettingOptionsLang] [verifyingSettingOptionsLang] Capturing screenshot: Filter Applied is Eesti__2026-02-10_181523.png
2026-02-10 18:15:24.027 [TestNG-test-Yt Master Tests-2] INFO  [verifyingSettingOptionsLang] [verifyingSettingOptionsLang] Screenshot saved at: test-output/screenshots/Run_2026-02-10_18-07-44/verifyingSettingOptionsLang/Filter Applied is Eesti__2026-02-10_181523.png
2026-02-10 18:15:24.027 [TestNG-test-Yt Master Tests-2] INFO  [verifyingSettingOptionsLang] Clicking settings ellipses button...
2026-02-10 18:15:24.027 [TestNG-test-Yt Master Tests-2] INFO  [verifyingSettingOptionsLang] [verifyingSettingOptionsLang] Trying to find element: By.xpath: //ytd-topbar-menu-button-renderer[@class='style-scope ytd-masthead style-default']
2026-02-10 18:15:24.049 [TestNG-test-Yt Master Tests-2] INFO  [verifyingSettingOptionsLang] [verifyingSettingOptionsLang] Element found and ready (attempt 1): By.xpath: //ytd-topbar-menu-button-renderer[@class='style-scope ytd-masthead style-default']
2026-02-10 18:15:26.102 [TestNG-test-Yt Master Tests-2] INFO  [verifyingSettingOptionsLang] Clicking settings ellipses button...
2026-02-10 18:15:26.102 [TestNG-test-Yt Master Tests-2] INFO  [verifyingSettingOptionsLang] [verifyingSettingOptionsLang] Trying to find element: By.xpath: //ytd-topbar-menu-button-renderer[@class='style-scope ytd-masthead style-default']
2026-02-10 18:15:26.123 [TestNG-test-Yt Master Tests-2] INFO  [verifyingSettingOptionsLang] [verifyingSettingOptionsLang] Element found and ready (attempt 1): By.xpath: //ytd-topbar-menu-button-renderer[@class='style-scope ytd-masthead style-default']
2026-02-10 18:15:27.193 [TestNG-test-Yt Master Tests-2] INFO  [verifyingSettingOptionsLang] Getting the setting ellipses options
2026-02-10 18:15:27.193 [TestNG-test-Yt Master Tests-2] INFO  [verifyingSettingOptionsLang] [verifyingSettingOptionsLang] Trying to find element: By.xpath: //ytd-multi-page-menu-renderer
2026-02-10 18:15:27.216 [TestNG-test-Yt Master Tests-2] INFO  [verifyingSettingOptionsLang] [verifyingSettingOptionsLang] Element found and ready (attempt 1): By.xpath: //ytd-multi-page-menu-renderer
2026-02-10 18:15:27.258 [TestNG-test-Yt Master Tests-2] INFO  [verifyingSettingOptionsLang] Clicking settings ellipses button...
2026-02-10 18:15:27.258 [TestNG-test-Yt Master Tests-2] INFO  [verifyingSettingOptionsLang] [verifyingSettingOptionsLang] Trying to find element: By.xpath: //ytd-topbar-menu-button-renderer[@class='style-scope ytd-masthead style-default']
2026-02-10 18:15:27.279 [TestNG-test-Yt Master Tests-2] INFO  [verifyingSettingOptionsLang] [verifyingSettingOptionsLang] Element found and ready (attempt 1): By.xpath: //ytd-topbar-menu-button-renderer[@class='style-scope ytd-masthead style-default']
2026-02-10 18:15:27.379 [TestNG-test-Yt Master Tests-2] INFO  [verifyingSettingOptionsLang] 
========== LANGUAGE DETECTION ==========
Detected Language : ESTONIAN
Input Text        : Teie andmed YouTube'is
Välimus: hele
Kuvamiskeel:
eesti
Piiratud režiim: väljas
Asukoht:
Ameerika Ühendriigid
Klaviatuuri otseteed
Seaded
Abi
Tagasiside saatmine
========================================
2026-02-10 18:15:27.380 [TestNG-test-Yt Master Tests-2] INFO  [verifyingSettingOptionsLang] getLangAttribute() - locating <html> and reading lang property
2026-02-10 18:15:27.396 [TestNG-test-Yt Master Tests-2] INFO  [verifyingSettingOptionsLang] Language attribute read: et-EE
2026-02-10 18:15:27.396 [TestNG-test-Yt Master Tests-2] INFO  [verifyingSettingOptionsLang] Clicking settings ellipses button...
2026-02-10 18:15:27.396 [TestNG-test-Yt Master Tests-2] INFO  [verifyingSettingOptionsLang] [verifyingSettingOptionsLang] Trying to find element: By.xpath: //ytd-topbar-menu-button-renderer[@class='style-scope ytd-masthead style-default']
2026-02-10 18:15:27.415 [TestNG-test-Yt Master Tests-2] INFO  [verifyingSettingOptionsLang] [verifyingSettingOptionsLang] Element found and ready (attempt 1): By.xpath: //ytd-topbar-menu-button-renderer[@class='style-scope ytd-masthead style-default']
2026-02-10 18:15:29.473 [TestNG-test-Yt Master Tests-2] INFO  [verifyingSettingOptionsLang] Clicking language dropdown...
2026-02-10 18:15:29.473 [TestNG-test-Yt Master Tests-2] INFO  [verifyingSettingOptionsLang] [verifyingSettingOptionsLang] Trying to find element: By.xpath: (//div[@id='content-icon'])[2]
2026-02-10 18:15:29.494 [TestNG-test-Yt Master Tests-2] INFO  [verifyingSettingOptionsLang] [verifyingSettingOptionsLang] Element found and ready (attempt 1): By.xpath: (//div[@id='content-icon'])[2]
2026-02-10 18:15:32.956 [TestNG-test-Yt Master Tests-2] INFO  [verifyingSettingOptionsLang] Looking for language element with name: English (India)
2026-02-10 18:15:32.956 [TestNG-test-Yt Master Tests-2] INFO  [verifyingSettingOptionsLang] [verifyingSettingOptionsLang] Trying to find element: By.xpath: //yt-multi-page-menu-section-renderer[@class='style-scope ytd-multi-page-menu-renderer']//yt-formatted-string[@id='label' and text()='English (India)']
2026-02-10 18:15:32.988 [TestNG-test-Yt Master Tests-2] INFO  [verifyingSettingOptionsLang] [verifyingSettingOptionsLang] Element found and ready (attempt 1): By.xpath: //yt-multi-page-menu-section-renderer[@class='style-scope ytd-multi-page-menu-renderer']//yt-formatted-string[@id='label' and text()='English (India)']
2026-02-10 18:15:34.392 [TestNG-test-Yt Master Tests-2] INFO  [verifyingSettingOptionsLang] Clicking settings ellipses button...
2026-02-10 18:15:34.392 [TestNG-test-Yt Master Tests-2] INFO  [verifyingSettingOptionsLang] [verifyingSettingOptionsLang] Trying to find element: By.xpath: //ytd-topbar-menu-button-renderer[@class='style-scope ytd-masthead style-default']
2026-02-10 18:15:35.187 [TestNG-test-Yt Master Tests-2] INFO  [verifyingSettingOptionsLang] [verifyingSettingOptionsLang] Element found and ready (attempt 1): By.xpath: //ytd-topbar-menu-button-renderer[@class='style-scope ytd-masthead style-default']
2026-02-10 18:15:35.342 [TestNG-test-Yt Master Tests-2] INFO  [verifyingSettingOptionsLang] Looking for language element with name: English (India)
2026-02-10 18:15:35.343 [TestNG-test-Yt Master Tests-2] INFO  [verifyingSettingOptionsLang] [verifyingSettingOptionsLang] Waiting until element is visible in viewport
2026-02-10 18:15:45.553 [TestNG-test-Yt Master Tests-2] INFO  [verifyingSettingOptionsLang] [verifyingSettingOptionsLang] Capturing screenshot: Filter Applied is English (India)__2026-02-10_181545.png
2026-02-10 18:15:45.672 [TestNG-test-Yt Master Tests-2] INFO  [verifyingSettingOptionsLang] [verifyingSettingOptionsLang] Screenshot saved at: test-output/screenshots/Run_2026-02-10_18-07-44/verifyingSettingOptionsLang/Filter Applied is English (India)__2026-02-10_181545.png
2026-02-10 18:15:45.673 [TestNG-test-Yt Master Tests-2] INFO  [verifyingSettingOptionsLang] Clicking settings ellipses button...
2026-02-10 18:15:45.673 [TestNG-test-Yt Master Tests-2] INFO  [verifyingSettingOptionsLang] [verifyingSettingOptionsLang] Trying to find element: By.xpath: //ytd-topbar-menu-button-renderer[@class='style-scope ytd-masthead style-default']
2026-02-10 18:15:45.696 [TestNG-test-Yt Master Tests-2] INFO  [verifyingSettingOptionsLang] [verifyingSettingOptionsLang] Element found and ready (attempt 1): By.xpath: //ytd-topbar-menu-button-renderer[@class='style-scope ytd-masthead style-default']
2026-02-10 18:15:47.748 [TestNG-test-Yt Master Tests-2] INFO  [verifyingSettingOptionsLang] Clicking settings ellipses button...
2026-02-10 18:15:47.748 [TestNG-test-Yt Master Tests-2] INFO  [verifyingSettingOptionsLang] [verifyingSettingOptionsLang] Trying to find element: By.xpath: //ytd-topbar-menu-button-renderer[@class='style-scope ytd-masthead style-default']
2026-02-10 18:15:47.766 [TestNG-test-Yt Master Tests-2] INFO  [verifyingSettingOptionsLang] [verifyingSettingOptionsLang] Element found and ready (attempt 1): By.xpath: //ytd-topbar-menu-button-renderer[@class='style-scope ytd-masthead style-default']
2026-02-10 18:15:48.821 [TestNG-test-Yt Master Tests-2] INFO  [verifyingSettingOptionsLang] Getting the setting ellipses options
2026-02-10 18:15:48.821 [TestNG-test-Yt Master Tests-2] INFO  [verifyingSettingOptionsLang] [verifyingSettingOptionsLang] Trying to find element: By.xpath: //ytd-multi-page-menu-renderer
2026-02-10 18:15:48.839 [TestNG-test-Yt Master Tests-2] INFO  [verifyingSettingOptionsLang] [verifyingSettingOptionsLang] Element found and ready (attempt 1): By.xpath: //ytd-multi-page-menu-renderer
2026-02-10 18:15:48.873 [TestNG-test-Yt Master Tests-2] INFO  [verifyingSettingOptionsLang] Clicking settings ellipses button...
2026-02-10 18:15:48.873 [TestNG-test-Yt Master Tests-2] INFO  [verifyingSettingOptionsLang] [verifyingSettingOptionsLang] Trying to find element: By.xpath: //ytd-topbar-menu-button-renderer[@class='style-scope ytd-masthead style-default']
2026-02-10 18:15:48.890 [TestNG-test-Yt Master Tests-2] INFO  [verifyingSettingOptionsLang] [verifyingSettingOptionsLang] Element found and ready (attempt 1): By.xpath: //ytd-topbar-menu-button-renderer[@class='style-scope ytd-masthead style-default']
2026-02-10 18:15:48.937 [TestNG-test-Yt Master Tests-2] INFO  [verifyingSettingOptionsLang] 
========== LANGUAGE DETECTION ==========
Detected Language : ENGLISH
Input Text        : Your data in YouTube
Appearance: Light
Display language:
English (India)
Restricted Mode: Off
Location:
United States
Keyboard shortcuts
Settings
Help
Send feedback
========================================
2026-02-10 18:15:48.937 [TestNG-test-Yt Master Tests-2] INFO  [verifyingSettingOptionsLang] getLangAttribute() - locating <html> and reading lang property
2026-02-10 18:15:48.949 [TestNG-test-Yt Master Tests-2] INFO  [verifyingSettingOptionsLang] Language attribute read: en-IN
2026-02-10 18:15:48.949 [TestNG-test-Yt Master Tests-2] INFO  [verifyingSettingOptionsLang] Clicking settings ellipses button...
2026-02-10 18:15:48.949 [TestNG-test-Yt Master Tests-2] INFO  [verifyingSettingOptionsLang] [verifyingSettingOptionsLang] Trying to find element: By.xpath: //ytd-topbar-menu-button-renderer[@class='style-scope ytd-masthead style-default']
2026-02-10 18:15:48.967 [TestNG-test-Yt Master Tests-2] INFO  [verifyingSettingOptionsLang] [verifyingSettingOptionsLang] Element found and ready (attempt 1): By.xpath: //ytd-topbar-menu-button-renderer[@class='style-scope ytd-masthead style-default']
2026-02-10 18:15:51.022 [TestNG-test-Yt Master Tests-2] INFO  [verifyingSettingOptionsLang] Clicking language dropdown...
2026-02-10 18:15:51.022 [TestNG-test-Yt Master Tests-2] INFO  [verifyingSettingOptionsLang] [verifyingSettingOptionsLang] Trying to find element: By.xpath: (//div[@id='content-icon'])[2]
2026-02-10 18:15:51.042 [TestNG-test-Yt Master Tests-2] INFO  [verifyingSettingOptionsLang] [verifyingSettingOptionsLang] Element found and ready (attempt 1): By.xpath: (//div[@id='content-icon'])[2]
2026-02-10 18:15:53.357 [TestNG-test-Yt Master Tests-2] INFO  [verifyingSettingOptionsLang] [verifyingSettingOptionsLang] Not retrying test 'verifyingSettingOptionsLang'. Retry count: 0, Cause: The following asserts failed:
	Language detection mismatch for language=Bosanski expected [CROATIAN] but found [BOSNIAN]
2026-02-10 18:15:53.443 [TestNG-test-Yt Master Tests-2] ERROR [verifyingSettingOptionsLang] Test FAILED: verifyingSettingOptionsLang - java.lang.AssertionError: The following asserts failed:
	Language detection mismatch for language=Bosanski expected [CROATIAN] but found [BOSNIAN]
2026-02-10 18:15:53.444 [TestNG-test-Yt Master Tests-2] INFO  [verifyingSettingOptionsLang] Closing WebDriver for thread: 35
2026-02-10 18:15:54.643 [TestNG-test-Yt Master Tests-2] INFO  [verifyingSettingOptionsLang] WebDriver instance removed from ThreadLocal for thread: 35
2026-02-10 18:15:54.643 [TestNG-test-Yt Master Tests-2] INFO  [verifyingSettingOptionsLang] Driver closed for test: verifyingSettingOptionsLang
