2026-01-10 16:39:43.440 [TestNG-test-Smoke Tests-1] INFO  [verifyingSettingOptionsLang] ===== STARTING TEST: verifyingSettingOptionsLang  | Thread: 34 =====
2026-01-10 16:39:43.443 [TestNG-test-Smoke Tests-1] INFO  [verifyingSettingOptionsLang] No existing WebDriver found for current thread. Initializing a new ChromeDriver...
2026-01-10 16:39:43.457 [TestNG-test-Smoke Tests-1] INFO  [verifyingSettingOptionsLang] WebDriverManager: chromedriver setup OK
2026-01-10 16:39:44.441 [TestNG-test-Smoke Tests-1] INFO  [verifyingSettingOptionsLang] ChromeDriver initialized successfully for thread: 34
2026-01-10 16:39:44.441 [TestNG-test-Smoke Tests-1] INFO  [verifyingSettingOptionsLang] Driver initialized successfully for test: verifyingSettingOptionsLang
2026-01-10 16:39:44.442 [TestNG-test-Smoke Tests-1] INFO  [verifyingSettingOptionsLang] SafeActions initialized with driver ChromeDriver: chrome on windows (382e5225281ad334f74beb5bfcc8428c)
2026-01-10 16:39:44.442 [TestNG-test-Smoke Tests-1] INFO  [verifyingSettingOptionsLang] Initialized YtLandingPage with driver: ChromeDriver: chrome on windows (382e5225281ad334f74beb5bfcc8428c)
2026-01-10 16:39:44.442 [TestNG-test-Smoke Tests-1] INFO  [verifyingSettingOptionsLang] SafeActions initialized with driver ChromeDriver: chrome on windows (382e5225281ad334f74beb5bfcc8428c)
2026-01-10 16:39:48.252 [TestNG-test-Smoke Tests-1] INFO  [verifyingSettingOptionsLang] Opened YouTube landing page.
2026-01-10 16:39:48.254 [TestNG-test-Smoke Tests-1] INFO  [verifyingSettingOptionsLang] Clicking settings ellipses button...
2026-01-10 16:39:48.267 [TestNG-test-Smoke Tests-1] INFO  [verifyingSettingOptionsLang] [verifyingSettingOptionsLang] Trying to find element: By.xpath: //ytd-topbar-menu-button-renderer[@class='style-scope ytd-masthead style-default']
2026-01-10 16:39:48.372 [TestNG-test-Smoke Tests-1] INFO  [verifyingSettingOptionsLang] [verifyingSettingOptionsLang] Element found and ready (attempt 1): By.xpath: //ytd-topbar-menu-button-renderer[@class='style-scope ytd-masthead style-default']
2026-01-10 16:39:49.511 [TestNG-test-Smoke Tests-1] INFO  [verifyingSettingOptionsLang] Clicking language dropdown...
2026-01-10 16:39:49.512 [TestNG-test-Smoke Tests-1] INFO  [verifyingSettingOptionsLang] [verifyingSettingOptionsLang] Trying to find element: By.xpath: (//div[@id='content-icon'])[2]
2026-01-10 16:39:49.546 [TestNG-test-Smoke Tests-1] INFO  [verifyingSettingOptionsLang] [verifyingSettingOptionsLang] Element found and ready (attempt 1): By.xpath: (//div[@id='content-icon'])[2]
2026-01-10 16:39:51.171 [TestNG-test-Smoke Tests-1] INFO  [verifyingSettingOptionsLang] [verifyingSettingOptionsLang] Execution is Not CRON Job Hence refering to normal keys from UtilData
2026-01-10 16:39:52.173 [TestNG-test-Smoke Tests-1] INFO  [verifyingSettingOptionsLang] Looking for language element with name: Afrikaans
2026-01-10 16:39:52.173 [TestNG-test-Smoke Tests-1] INFO  [verifyingSettingOptionsLang] [verifyingSettingOptionsLang] Trying to find element: By.xpath: //yt-multi-page-menu-section-renderer[@class='style-scope ytd-multi-page-menu-renderer']//yt-formatted-string[@id='label' and text()='Afrikaans']
2026-01-10 16:39:52.200 [TestNG-test-Smoke Tests-1] INFO  [verifyingSettingOptionsLang] [verifyingSettingOptionsLang] Element found and ready (attempt 1): By.xpath: //yt-multi-page-menu-section-renderer[@class='style-scope ytd-multi-page-menu-renderer']//yt-formatted-string[@id='label' and text()='Afrikaans']
2026-01-10 16:39:55.359 [TestNG-test-Smoke Tests-1] INFO  [verifyingSettingOptionsLang] Clicking settings ellipses button...
2026-01-10 16:39:55.359 [TestNG-test-Smoke Tests-1] INFO  [verifyingSettingOptionsLang] [verifyingSettingOptionsLang] Trying to find element: By.xpath: //ytd-topbar-menu-button-renderer[@class='style-scope ytd-masthead style-default']
2026-01-10 16:39:55.382 [TestNG-test-Smoke Tests-1] INFO  [verifyingSettingOptionsLang] [verifyingSettingOptionsLang] Element found and ready (attempt 1): By.xpath: //ytd-topbar-menu-button-renderer[@class='style-scope ytd-masthead style-default']
2026-01-10 16:39:56.468 [TestNG-test-Smoke Tests-1] INFO  [verifyingSettingOptionsLang] Getting the setting ellipses options
2026-01-10 16:39:56.468 [TestNG-test-Smoke Tests-1] INFO  [verifyingSettingOptionsLang] [verifyingSettingOptionsLang] Trying to find element: By.xpath: //ytd-multi-page-menu-renderer
2026-01-10 16:39:56.506 [TestNG-test-Smoke Tests-1] INFO  [verifyingSettingOptionsLang] [verifyingSettingOptionsLang] Element found and ready (attempt 1): By.xpath: //ytd-multi-page-menu-renderer
2026-01-10 16:39:56.580 [TestNG-test-Smoke Tests-1] INFO  [verifyingSettingOptionsLang] Clicking settings ellipses button...
2026-01-10 16:39:56.581 [TestNG-test-Smoke Tests-1] INFO  [verifyingSettingOptionsLang] [verifyingSettingOptionsLang] Trying to find element: By.xpath: //ytd-topbar-menu-button-renderer[@class='style-scope ytd-masthead style-default']
2026-01-10 16:39:56.601 [TestNG-test-Smoke Tests-1] INFO  [verifyingSettingOptionsLang] [verifyingSettingOptionsLang] Element found and ready (attempt 1): By.xpath: //ytd-topbar-menu-button-renderer[@class='style-scope ytd-masthead style-default']
2026-01-10 16:39:56.670 [TestNG-test-Smoke Tests-1] INFO  [verifyingSettingOptionsLang] 
========== LANGUAGE DETECTION ==========
Detected Language : AFRIKAANS
Input Text        : Jou data in YouTube
Voorkoms: Toesteltema
Vertoontaal:
Afrikaans
Beperkmodus: Af
Ligging:
Verenigde State
Kortpadsleutels
Instellings
Hulp
Stuur terugvoer
========================================
2026-01-10 16:39:56.670 [TestNG-test-Smoke Tests-1] INFO  [verifyingSettingOptionsLang] getExpectedLangageViaApplicableLangInput(Afrikaans)
2026-01-10 16:39:56.670 [TestNG-test-Smoke Tests-1] INFO  [verifyingSettingOptionsLang] Expected language for 'Afrikaans' -> AFRIKAANS
2026-01-10 16:39:56.670 [TestNG-test-Smoke Tests-1] INFO  [verifyingSettingOptionsLang] getLangAttributeViaLanguageInput(Afrikaans)
2026-01-10 16:39:56.670 [TestNG-test-Smoke Tests-1] INFO  [verifyingSettingOptionsLang] Mapped Afrikaans -> af-ZA
2026-01-10 16:39:56.670 [TestNG-test-Smoke Tests-1] INFO  [verifyingSettingOptionsLang] getLangAttribute() - locating <html> and reading lang property
2026-01-10 16:39:56.688 [TestNG-test-Smoke Tests-1] INFO  [verifyingSettingOptionsLang] Language attribute read: af-ZA
2026-01-10 16:39:56.688 [TestNG-test-Smoke Tests-1] INFO  [verifyingSettingOptionsLang] Clicking settings ellipses button...
2026-01-10 16:39:56.688 [TestNG-test-Smoke Tests-1] INFO  [verifyingSettingOptionsLang] [verifyingSettingOptionsLang] Trying to find element: By.xpath: //ytd-topbar-menu-button-renderer[@class='style-scope ytd-masthead style-default']
2026-01-10 16:39:56.708 [TestNG-test-Smoke Tests-1] INFO  [verifyingSettingOptionsLang] [verifyingSettingOptionsLang] Element found and ready (attempt 1): By.xpath: //ytd-topbar-menu-button-renderer[@class='style-scope ytd-masthead style-default']
2026-01-10 16:39:58.769 [TestNG-test-Smoke Tests-1] INFO  [verifyingSettingOptionsLang] Clicking language dropdown...
2026-01-10 16:39:58.769 [TestNG-test-Smoke Tests-1] INFO  [verifyingSettingOptionsLang] [verifyingSettingOptionsLang] Trying to find element: By.xpath: (//div[@id='content-icon'])[2]
2026-01-10 16:39:58.799 [TestNG-test-Smoke Tests-1] INFO  [verifyingSettingOptionsLang] [verifyingSettingOptionsLang] Element found and ready (attempt 1): By.xpath: (//div[@id='content-icon'])[2]
2026-01-10 16:40:02.389 [TestNG-test-Smoke Tests-1] INFO  [verifyingSettingOptionsLang] Looking for language element with name: Azərbaycan
2026-01-10 16:40:02.389 [TestNG-test-Smoke Tests-1] INFO  [verifyingSettingOptionsLang] [verifyingSettingOptionsLang] Trying to find element: By.xpath: //yt-multi-page-menu-section-renderer[@class='style-scope ytd-multi-page-menu-renderer']//yt-formatted-string[@id='label' and text()='Azərbaycan']
2026-01-10 16:40:02.417 [TestNG-test-Smoke Tests-1] INFO  [verifyingSettingOptionsLang] [verifyingSettingOptionsLang] Element found and ready (attempt 1): By.xpath: //yt-multi-page-menu-section-renderer[@class='style-scope ytd-multi-page-menu-renderer']//yt-formatted-string[@id='label' and text()='Azərbaycan']
2026-01-10 16:40:05.676 [TestNG-test-Smoke Tests-1] INFO  [verifyingSettingOptionsLang] Clicking settings ellipses button...
2026-01-10 16:40:05.676 [TestNG-test-Smoke Tests-1] INFO  [verifyingSettingOptionsLang] [verifyingSettingOptionsLang] Trying to find element: By.xpath: //ytd-topbar-menu-button-renderer[@class='style-scope ytd-masthead style-default']
2026-01-10 16:40:05.729 [TestNG-test-Smoke Tests-1] INFO  [verifyingSettingOptionsLang] [verifyingSettingOptionsLang] Element found and ready (attempt 1): By.xpath: //ytd-topbar-menu-button-renderer[@class='style-scope ytd-masthead style-default']
2026-01-10 16:40:06.810 [TestNG-test-Smoke Tests-1] INFO  [verifyingSettingOptionsLang] Getting the setting ellipses options
2026-01-10 16:40:06.810 [TestNG-test-Smoke Tests-1] INFO  [verifyingSettingOptionsLang] [verifyingSettingOptionsLang] Trying to find element: By.xpath: //ytd-multi-page-menu-renderer
2026-01-10 16:40:06.830 [TestNG-test-Smoke Tests-1] INFO  [verifyingSettingOptionsLang] [verifyingSettingOptionsLang] Element found and ready (attempt 1): By.xpath: //ytd-multi-page-menu-renderer
2026-01-10 16:40:06.867 [TestNG-test-Smoke Tests-1] INFO  [verifyingSettingOptionsLang] Clicking settings ellipses button...
2026-01-10 16:40:06.868 [TestNG-test-Smoke Tests-1] INFO  [verifyingSettingOptionsLang] [verifyingSettingOptionsLang] Trying to find element: By.xpath: //ytd-topbar-menu-button-renderer[@class='style-scope ytd-masthead style-default']
2026-01-10 16:40:06.886 [TestNG-test-Smoke Tests-1] INFO  [verifyingSettingOptionsLang] [verifyingSettingOptionsLang] Element found and ready (attempt 1): By.xpath: //ytd-topbar-menu-button-renderer[@class='style-scope ytd-masthead style-default']
2026-01-10 16:40:06.940 [TestNG-test-Smoke Tests-1] INFO  [verifyingSettingOptionsLang] 
========== LANGUAGE DETECTION ==========
Detected Language : AZERBAIJANI
Input Text        : YouTube Datanız
Görünüş: Cihaz teması
Displey dili:
azərbaycan
Limitli Rejim: Deaktiv
Məkan:
Amerika Birləşmiş Ştatları
Klaviatura qısayolları
Ayarlar
Yardım
Rəy göndərin
========================================
2026-01-10 16:40:06.941 [TestNG-test-Smoke Tests-1] INFO  [verifyingSettingOptionsLang] getExpectedLangageViaApplicableLangInput(Azərbaycan)
2026-01-10 16:40:06.941 [TestNG-test-Smoke Tests-1] INFO  [verifyingSettingOptionsLang] Expected language for 'Azərbaycan' -> AZERBAIJANI
2026-01-10 16:40:06.941 [TestNG-test-Smoke Tests-1] INFO  [verifyingSettingOptionsLang] getLangAttributeViaLanguageInput(Azərbaycan)
2026-01-10 16:40:06.941 [TestNG-test-Smoke Tests-1] INFO  [verifyingSettingOptionsLang] Mapped Azərbaycan -> az-Latn-AZ
2026-01-10 16:40:06.941 [TestNG-test-Smoke Tests-1] INFO  [verifyingSettingOptionsLang] getLangAttribute() - locating <html> and reading lang property
2026-01-10 16:40:06.955 [TestNG-test-Smoke Tests-1] INFO  [verifyingSettingOptionsLang] Language attribute read: az-Latn-AZ
2026-01-10 16:40:06.955 [TestNG-test-Smoke Tests-1] INFO  [verifyingSettingOptionsLang] Clicking settings ellipses button...
2026-01-10 16:40:06.955 [TestNG-test-Smoke Tests-1] INFO  [verifyingSettingOptionsLang] [verifyingSettingOptionsLang] Trying to find element: By.xpath: //ytd-topbar-menu-button-renderer[@class='style-scope ytd-masthead style-default']
2026-01-10 16:40:06.975 [TestNG-test-Smoke Tests-1] INFO  [verifyingSettingOptionsLang] [verifyingSettingOptionsLang] Element found and ready (attempt 1): By.xpath: //ytd-topbar-menu-button-renderer[@class='style-scope ytd-masthead style-default']
2026-01-10 16:40:09.035 [TestNG-test-Smoke Tests-1] INFO  [verifyingSettingOptionsLang] Clicking language dropdown...
2026-01-10 16:40:09.035 [TestNG-test-Smoke Tests-1] INFO  [verifyingSettingOptionsLang] [verifyingSettingOptionsLang] Trying to find element: By.xpath: (//div[@id='content-icon'])[2]
2026-01-10 16:40:09.058 [TestNG-test-Smoke Tests-1] INFO  [verifyingSettingOptionsLang] [verifyingSettingOptionsLang] Element found and ready (attempt 1): By.xpath: (//div[@id='content-icon'])[2]
2026-01-10 16:40:12.406 [TestNG-test-Smoke Tests-1] INFO  [verifyingSettingOptionsLang] Looking for language element with name: Bahasa Indonesia
2026-01-10 16:40:12.406 [TestNG-test-Smoke Tests-1] INFO  [verifyingSettingOptionsLang] [verifyingSettingOptionsLang] Trying to find element: By.xpath: //yt-multi-page-menu-section-renderer[@class='style-scope ytd-multi-page-menu-renderer']//yt-formatted-string[@id='label' and text()='Bahasa Indonesia']
2026-01-10 16:40:12.430 [TestNG-test-Smoke Tests-1] INFO  [verifyingSettingOptionsLang] [verifyingSettingOptionsLang] Element found and ready (attempt 1): By.xpath: //yt-multi-page-menu-section-renderer[@class='style-scope ytd-multi-page-menu-renderer']//yt-formatted-string[@id='label' and text()='Bahasa Indonesia']
2026-01-10 16:40:15.787 [TestNG-test-Smoke Tests-1] INFO  [verifyingSettingOptionsLang] Clicking settings ellipses button...
2026-01-10 16:40:15.787 [TestNG-test-Smoke Tests-1] INFO  [verifyingSettingOptionsLang] [verifyingSettingOptionsLang] Trying to find element: By.xpath: //ytd-topbar-menu-button-renderer[@class='style-scope ytd-masthead style-default']
2026-01-10 16:40:15.812 [TestNG-test-Smoke Tests-1] INFO  [verifyingSettingOptionsLang] [verifyingSettingOptionsLang] Element found and ready (attempt 1): By.xpath: //ytd-topbar-menu-button-renderer[@class='style-scope ytd-masthead style-default']
2026-01-10 16:40:16.979 [TestNG-test-Smoke Tests-1] INFO  [verifyingSettingOptionsLang] Getting the setting ellipses options
2026-01-10 16:40:16.979 [TestNG-test-Smoke Tests-1] INFO  [verifyingSettingOptionsLang] [verifyingSettingOptionsLang] Trying to find element: By.xpath: //ytd-multi-page-menu-renderer
2026-01-10 16:40:16.998 [TestNG-test-Smoke Tests-1] INFO  [verifyingSettingOptionsLang] [verifyingSettingOptionsLang] Element found and ready (attempt 1): By.xpath: //ytd-multi-page-menu-renderer
2026-01-10 16:40:17.033 [TestNG-test-Smoke Tests-1] INFO  [verifyingSettingOptionsLang] Clicking settings ellipses button...
2026-01-10 16:40:17.033 [TestNG-test-Smoke Tests-1] INFO  [verifyingSettingOptionsLang] [verifyingSettingOptionsLang] Trying to find element: By.xpath: //ytd-topbar-menu-button-renderer[@class='style-scope ytd-masthead style-default']
2026-01-10 16:40:17.050 [TestNG-test-Smoke Tests-1] INFO  [verifyingSettingOptionsLang] [verifyingSettingOptionsLang] Element found and ready (attempt 1): By.xpath: //ytd-topbar-menu-button-renderer[@class='style-scope ytd-masthead style-default']
2026-01-10 16:40:17.101 [TestNG-test-Smoke Tests-1] INFO  [verifyingSettingOptionsLang] 
========== LANGUAGE DETECTION ==========
Detected Language : INDONESIAN
Input Text        : Data Anda di YouTube
Tampilan: Tema perangkat
Bahasa tampilan:
Indonesia
Mode Terbatas: Nonaktif
Lokasi:
Amerika Serikat
Pintasan keyboard
Setelan
Bantuan
Kirim masukan
========================================
2026-01-10 16:40:17.101 [TestNG-test-Smoke Tests-1] INFO  [verifyingSettingOptionsLang] getExpectedLangageViaApplicableLangInput(Bahasa Indonesia)
2026-01-10 16:40:17.101 [TestNG-test-Smoke Tests-1] INFO  [verifyingSettingOptionsLang] Expected language for 'Bahasa Indonesia' -> INDONESIAN
2026-01-10 16:40:17.101 [TestNG-test-Smoke Tests-1] INFO  [verifyingSettingOptionsLang] getLangAttributeViaLanguageInput(Bahasa Indonesia)
2026-01-10 16:40:17.101 [TestNG-test-Smoke Tests-1] INFO  [verifyingSettingOptionsLang] Mapped Bahasa Indonesia -> id-ID
2026-01-10 16:40:17.101 [TestNG-test-Smoke Tests-1] INFO  [verifyingSettingOptionsLang] getLangAttribute() - locating <html> and reading lang property
2026-01-10 16:40:17.144 [TestNG-test-Smoke Tests-1] INFO  [verifyingSettingOptionsLang] Language attribute read: id-ID
2026-01-10 16:40:17.144 [TestNG-test-Smoke Tests-1] INFO  [verifyingSettingOptionsLang] Clicking settings ellipses button...
2026-01-10 16:40:17.144 [TestNG-test-Smoke Tests-1] INFO  [verifyingSettingOptionsLang] [verifyingSettingOptionsLang] Trying to find element: By.xpath: //ytd-topbar-menu-button-renderer[@class='style-scope ytd-masthead style-default']
2026-01-10 16:40:17.165 [TestNG-test-Smoke Tests-1] INFO  [verifyingSettingOptionsLang] [verifyingSettingOptionsLang] Element found and ready (attempt 1): By.xpath: //ytd-topbar-menu-button-renderer[@class='style-scope ytd-masthead style-default']
2026-01-10 16:40:19.221 [TestNG-test-Smoke Tests-1] INFO  [verifyingSettingOptionsLang] Clicking language dropdown...
2026-01-10 16:40:19.221 [TestNG-test-Smoke Tests-1] INFO  [verifyingSettingOptionsLang] [verifyingSettingOptionsLang] Trying to find element: By.xpath: (//div[@id='content-icon'])[2]
2026-01-10 16:40:19.259 [TestNG-test-Smoke Tests-1] INFO  [verifyingSettingOptionsLang] [verifyingSettingOptionsLang] Element found and ready (attempt 1): By.xpath: (//div[@id='content-icon'])[2]
2026-01-10 16:40:22.626 [TestNG-test-Smoke Tests-1] INFO  [verifyingSettingOptionsLang] Looking for language element with name: Bosanski
2026-01-10 16:40:22.626 [TestNG-test-Smoke Tests-1] INFO  [verifyingSettingOptionsLang] [verifyingSettingOptionsLang] Trying to find element: By.xpath: //yt-multi-page-menu-section-renderer[@class='style-scope ytd-multi-page-menu-renderer']//yt-formatted-string[@id='label' and text()='Bosanski']
2026-01-10 16:40:22.659 [TestNG-test-Smoke Tests-1] INFO  [verifyingSettingOptionsLang] [verifyingSettingOptionsLang] Element found and ready (attempt 1): By.xpath: //yt-multi-page-menu-section-renderer[@class='style-scope ytd-multi-page-menu-renderer']//yt-formatted-string[@id='label' and text()='Bosanski']
2026-01-10 16:40:26.240 [TestNG-test-Smoke Tests-1] INFO  [verifyingSettingOptionsLang] Clicking settings ellipses button...
2026-01-10 16:40:26.240 [TestNG-test-Smoke Tests-1] INFO  [verifyingSettingOptionsLang] [verifyingSettingOptionsLang] Trying to find element: By.xpath: //ytd-topbar-menu-button-renderer[@class='style-scope ytd-masthead style-default']
2026-01-10 16:40:26.277 [TestNG-test-Smoke Tests-1] INFO  [verifyingSettingOptionsLang] [verifyingSettingOptionsLang] Element found and ready (attempt 1): By.xpath: //ytd-topbar-menu-button-renderer[@class='style-scope ytd-masthead style-default']
2026-01-10 16:40:27.377 [TestNG-test-Smoke Tests-1] INFO  [verifyingSettingOptionsLang] Getting the setting ellipses options
2026-01-10 16:40:27.377 [TestNG-test-Smoke Tests-1] INFO  [verifyingSettingOptionsLang] [verifyingSettingOptionsLang] Trying to find element: By.xpath: //ytd-multi-page-menu-renderer
2026-01-10 16:40:27.396 [TestNG-test-Smoke Tests-1] INFO  [verifyingSettingOptionsLang] [verifyingSettingOptionsLang] Element found and ready (attempt 1): By.xpath: //ytd-multi-page-menu-renderer
2026-01-10 16:40:27.432 [TestNG-test-Smoke Tests-1] INFO  [verifyingSettingOptionsLang] Clicking settings ellipses button...
2026-01-10 16:40:27.432 [TestNG-test-Smoke Tests-1] INFO  [verifyingSettingOptionsLang] [verifyingSettingOptionsLang] Trying to find element: By.xpath: //ytd-topbar-menu-button-renderer[@class='style-scope ytd-masthead style-default']
2026-01-10 16:40:27.449 [TestNG-test-Smoke Tests-1] INFO  [verifyingSettingOptionsLang] [verifyingSettingOptionsLang] Element found and ready (attempt 1): By.xpath: //ytd-topbar-menu-button-renderer[@class='style-scope ytd-masthead style-default']
2026-01-10 16:40:27.500 [TestNG-test-Smoke Tests-1] INFO  [verifyingSettingOptionsLang] 
========== LANGUAGE DETECTION ==========
Detected Language : BOSNIAN
Input Text        : Vaši podaci na YouTubeu
Izgled: tema uređaja
Jezik prikaza:
bosanski
Ograničeni način rada: isključeno
Lokacija:
Sjedinjene Američke Države
Prečice na tastaturi
Postavke
Pomoć
Pošaljite povratne informacije
========================================
2026-01-10 16:40:27.501 [TestNG-test-Smoke Tests-1] INFO  [verifyingSettingOptionsLang] getExpectedLangageViaApplicableLangInput(Bosanski)
2026-01-10 16:40:27.501 [TestNG-test-Smoke Tests-1] INFO  [verifyingSettingOptionsLang] Expected language for 'Bosanski' -> CROATIAN
2026-01-10 16:40:27.501 [TestNG-test-Smoke Tests-1] INFO  [verifyingSettingOptionsLang] getLangAttributeViaLanguageInput(Bosanski)
2026-01-10 16:40:27.501 [TestNG-test-Smoke Tests-1] INFO  [verifyingSettingOptionsLang] Mapped Bosanski -> bs-Latn-BA
2026-01-10 16:40:27.501 [TestNG-test-Smoke Tests-1] INFO  [verifyingSettingOptionsLang] getLangAttribute() - locating <html> and reading lang property
2026-01-10 16:40:27.514 [TestNG-test-Smoke Tests-1] INFO  [verifyingSettingOptionsLang] Language attribute read: bs-Latn-BA
2026-01-10 16:40:27.514 [TestNG-test-Smoke Tests-1] INFO  [verifyingSettingOptionsLang] Clicking settings ellipses button...
2026-01-10 16:40:27.514 [TestNG-test-Smoke Tests-1] INFO  [verifyingSettingOptionsLang] [verifyingSettingOptionsLang] Trying to find element: By.xpath: //ytd-topbar-menu-button-renderer[@class='style-scope ytd-masthead style-default']
2026-01-10 16:40:27.536 [TestNG-test-Smoke Tests-1] INFO  [verifyingSettingOptionsLang] [verifyingSettingOptionsLang] Element found and ready (attempt 1): By.xpath: //ytd-topbar-menu-button-renderer[@class='style-scope ytd-masthead style-default']
2026-01-10 16:40:29.594 [TestNG-test-Smoke Tests-1] INFO  [verifyingSettingOptionsLang] Clicking language dropdown...
2026-01-10 16:40:29.594 [TestNG-test-Smoke Tests-1] INFO  [verifyingSettingOptionsLang] [verifyingSettingOptionsLang] Trying to find element: By.xpath: (//div[@id='content-icon'])[2]
2026-01-10 16:40:29.613 [TestNG-test-Smoke Tests-1] INFO  [verifyingSettingOptionsLang] [verifyingSettingOptionsLang] Element found and ready (attempt 1): By.xpath: (//div[@id='content-icon'])[2]
2026-01-10 16:40:32.903 [TestNG-test-Smoke Tests-1] INFO  [verifyingSettingOptionsLang] Looking for language element with name: Català
2026-01-10 16:40:32.903 [TestNG-test-Smoke Tests-1] INFO  [verifyingSettingOptionsLang] [verifyingSettingOptionsLang] Trying to find element: By.xpath: //yt-multi-page-menu-section-renderer[@class='style-scope ytd-multi-page-menu-renderer']//yt-formatted-string[@id='label' and text()='Català']
2026-01-10 16:40:32.933 [TestNG-test-Smoke Tests-1] INFO  [verifyingSettingOptionsLang] [verifyingSettingOptionsLang] Element found and ready (attempt 1): By.xpath: //yt-multi-page-menu-section-renderer[@class='style-scope ytd-multi-page-menu-renderer']//yt-formatted-string[@id='label' and text()='Català']
2026-01-10 16:40:37.088 [TestNG-test-Smoke Tests-1] INFO  [verifyingSettingOptionsLang] Clicking settings ellipses button...
2026-01-10 16:40:37.088 [TestNG-test-Smoke Tests-1] INFO  [verifyingSettingOptionsLang] [verifyingSettingOptionsLang] Trying to find element: By.xpath: //ytd-topbar-menu-button-renderer[@class='style-scope ytd-masthead style-default']
2026-01-10 16:40:37.177 [TestNG-test-Smoke Tests-1] INFO  [verifyingSettingOptionsLang] [verifyingSettingOptionsLang] Element found and ready (attempt 1): By.xpath: //ytd-topbar-menu-button-renderer[@class='style-scope ytd-masthead style-default']
2026-01-10 16:40:38.307 [TestNG-test-Smoke Tests-1] INFO  [verifyingSettingOptionsLang] Getting the setting ellipses options
2026-01-10 16:40:38.307 [TestNG-test-Smoke Tests-1] INFO  [verifyingSettingOptionsLang] [verifyingSettingOptionsLang] Trying to find element: By.xpath: //ytd-multi-page-menu-renderer
2026-01-10 16:40:38.332 [TestNG-test-Smoke Tests-1] INFO  [verifyingSettingOptionsLang] [verifyingSettingOptionsLang] Element found and ready (attempt 1): By.xpath: //ytd-multi-page-menu-renderer
2026-01-10 16:40:38.403 [TestNG-test-Smoke Tests-1] INFO  [verifyingSettingOptionsLang] Clicking settings ellipses button...
2026-01-10 16:40:38.403 [TestNG-test-Smoke Tests-1] INFO  [verifyingSettingOptionsLang] [verifyingSettingOptionsLang] Trying to find element: By.xpath: //ytd-topbar-menu-button-renderer[@class='style-scope ytd-masthead style-default']
2026-01-10 16:40:38.426 [TestNG-test-Smoke Tests-1] INFO  [verifyingSettingOptionsLang] [verifyingSettingOptionsLang] Element found and ready (attempt 1): By.xpath: //ytd-topbar-menu-button-renderer[@class='style-scope ytd-masthead style-default']
2026-01-10 16:40:38.549 [TestNG-test-Smoke Tests-1] INFO  [verifyingSettingOptionsLang] 
========== LANGUAGE DETECTION ==========
Detected Language : CATALAN
Input Text        : Les teves dades a YouTube
Aparença: tema del dispositiu
Idioma de visualització:
català
Mode restringit: desactivat
Ubicació:
Estats Units
Tecles de drecera
Configuració
Ajuda
Envia suggeriments
========================================
2026-01-10 16:40:38.550 [TestNG-test-Smoke Tests-1] INFO  [verifyingSettingOptionsLang] getExpectedLangageViaApplicableLangInput(Català)
2026-01-10 16:40:38.550 [TestNG-test-Smoke Tests-1] INFO  [verifyingSettingOptionsLang] Expected language for 'Català' -> CATALAN
2026-01-10 16:40:38.550 [TestNG-test-Smoke Tests-1] INFO  [verifyingSettingOptionsLang] getLangAttributeViaLanguageInput(Català)
2026-01-10 16:40:38.550 [TestNG-test-Smoke Tests-1] INFO  [verifyingSettingOptionsLang] Mapped Català -> ca-ES
2026-01-10 16:40:38.551 [TestNG-test-Smoke Tests-1] INFO  [verifyingSettingOptionsLang] getLangAttribute() - locating <html> and reading lang property
2026-01-10 16:40:38.692 [TestNG-test-Smoke Tests-1] INFO  [verifyingSettingOptionsLang] Language attribute read: ca-ES
2026-01-10 16:40:38.692 [TestNG-test-Smoke Tests-1] INFO  [verifyingSettingOptionsLang] Clicking settings ellipses button...
2026-01-10 16:40:38.692 [TestNG-test-Smoke Tests-1] INFO  [verifyingSettingOptionsLang] [verifyingSettingOptionsLang] Trying to find element: By.xpath: //ytd-topbar-menu-button-renderer[@class='style-scope ytd-masthead style-default']
2026-01-10 16:40:38.745 [TestNG-test-Smoke Tests-1] INFO  [verifyingSettingOptionsLang] [verifyingSettingOptionsLang] Element found and ready (attempt 1): By.xpath: //ytd-topbar-menu-button-renderer[@class='style-scope ytd-masthead style-default']
2026-01-10 16:40:40.831 [TestNG-test-Smoke Tests-1] INFO  [verifyingSettingOptionsLang] Clicking language dropdown...
2026-01-10 16:40:40.831 [TestNG-test-Smoke Tests-1] INFO  [verifyingSettingOptionsLang] [verifyingSettingOptionsLang] Trying to find element: By.xpath: (//div[@id='content-icon'])[2]
2026-01-10 16:40:40.849 [TestNG-test-Smoke Tests-1] INFO  [verifyingSettingOptionsLang] [verifyingSettingOptionsLang] Element found and ready (attempt 1): By.xpath: (//div[@id='content-icon'])[2]
2026-01-10 16:40:44.180 [TestNG-test-Smoke Tests-1] INFO  [verifyingSettingOptionsLang] Looking for language element with name: Dansk
2026-01-10 16:40:44.180 [TestNG-test-Smoke Tests-1] INFO  [verifyingSettingOptionsLang] [verifyingSettingOptionsLang] Trying to find element: By.xpath: //yt-multi-page-menu-section-renderer[@class='style-scope ytd-multi-page-menu-renderer']//yt-formatted-string[@id='label' and text()='Dansk']
2026-01-10 16:40:44.205 [TestNG-test-Smoke Tests-1] INFO  [verifyingSettingOptionsLang] [verifyingSettingOptionsLang] Element found and ready (attempt 1): By.xpath: //yt-multi-page-menu-section-renderer[@class='style-scope ytd-multi-page-menu-renderer']//yt-formatted-string[@id='label' and text()='Dansk']
2026-01-10 16:40:48.966 [TestNG-test-Smoke Tests-1] INFO  [verifyingSettingOptionsLang] Clicking settings ellipses button...
2026-01-10 16:40:48.966 [TestNG-test-Smoke Tests-1] INFO  [verifyingSettingOptionsLang] [verifyingSettingOptionsLang] Trying to find element: By.xpath: //ytd-topbar-menu-button-renderer[@class='style-scope ytd-masthead style-default']
2026-01-10 16:40:48.989 [TestNG-test-Smoke Tests-1] INFO  [verifyingSettingOptionsLang] [verifyingSettingOptionsLang] Element found and ready (attempt 1): By.xpath: //ytd-topbar-menu-button-renderer[@class='style-scope ytd-masthead style-default']
2026-01-10 16:40:50.083 [TestNG-test-Smoke Tests-1] INFO  [verifyingSettingOptionsLang] Getting the setting ellipses options
2026-01-10 16:40:50.083 [TestNG-test-Smoke Tests-1] INFO  [verifyingSettingOptionsLang] [verifyingSettingOptionsLang] Trying to find element: By.xpath: //ytd-multi-page-menu-renderer
2026-01-10 16:40:50.102 [TestNG-test-Smoke Tests-1] INFO  [verifyingSettingOptionsLang] [verifyingSettingOptionsLang] Element found and ready (attempt 1): By.xpath: //ytd-multi-page-menu-renderer
2026-01-10 16:40:50.142 [TestNG-test-Smoke Tests-1] INFO  [verifyingSettingOptionsLang] Clicking settings ellipses button...
2026-01-10 16:40:50.142 [TestNG-test-Smoke Tests-1] INFO  [verifyingSettingOptionsLang] [verifyingSettingOptionsLang] Trying to find element: By.xpath: //ytd-topbar-menu-button-renderer[@class='style-scope ytd-masthead style-default']
2026-01-10 16:40:50.160 [TestNG-test-Smoke Tests-1] INFO  [verifyingSettingOptionsLang] [verifyingSettingOptionsLang] Element found and ready (attempt 1): By.xpath: //ytd-topbar-menu-button-renderer[@class='style-scope ytd-masthead style-default']
2026-01-10 16:40:50.210 [TestNG-test-Smoke Tests-1] INFO  [verifyingSettingOptionsLang] 
========== LANGUAGE DETECTION ==========
Detected Language : DANISH
Input Text        : Dine data på YouTube
Udseende: Enhedens tema
Visningssprog:
dansk
Begrænset tilstand: Fra
Lokation:
USA
Tastaturgenveje
Indstillinger
Hjælp
Send feedback
========================================
2026-01-10 16:40:50.210 [TestNG-test-Smoke Tests-1] INFO  [verifyingSettingOptionsLang] getExpectedLangageViaApplicableLangInput(Dansk)
2026-01-10 16:40:50.210 [TestNG-test-Smoke Tests-1] INFO  [verifyingSettingOptionsLang] Expected language for 'Dansk' -> DANISH
2026-01-10 16:40:50.210 [TestNG-test-Smoke Tests-1] INFO  [verifyingSettingOptionsLang] getLangAttributeViaLanguageInput(Dansk)
2026-01-10 16:40:50.210 [TestNG-test-Smoke Tests-1] INFO  [verifyingSettingOptionsLang] Mapped Dansk -> da-DK
2026-01-10 16:40:50.210 [TestNG-test-Smoke Tests-1] INFO  [verifyingSettingOptionsLang] getLangAttribute() - locating <html> and reading lang property
2026-01-10 16:40:50.227 [TestNG-test-Smoke Tests-1] INFO  [verifyingSettingOptionsLang] Language attribute read: da-DK
2026-01-10 16:40:50.227 [TestNG-test-Smoke Tests-1] INFO  [verifyingSettingOptionsLang] Clicking settings ellipses button...
2026-01-10 16:40:50.227 [TestNG-test-Smoke Tests-1] INFO  [verifyingSettingOptionsLang] [verifyingSettingOptionsLang] Trying to find element: By.xpath: //ytd-topbar-menu-button-renderer[@class='style-scope ytd-masthead style-default']
2026-01-10 16:40:50.249 [TestNG-test-Smoke Tests-1] INFO  [verifyingSettingOptionsLang] [verifyingSettingOptionsLang] Element found and ready (attempt 1): By.xpath: //ytd-topbar-menu-button-renderer[@class='style-scope ytd-masthead style-default']
2026-01-10 16:40:52.299 [TestNG-test-Smoke Tests-1] INFO  [verifyingSettingOptionsLang] Clicking language dropdown...
2026-01-10 16:40:52.299 [TestNG-test-Smoke Tests-1] INFO  [verifyingSettingOptionsLang] [verifyingSettingOptionsLang] Trying to find element: By.xpath: (//div[@id='content-icon'])[2]
2026-01-10 16:40:52.321 [TestNG-test-Smoke Tests-1] INFO  [verifyingSettingOptionsLang] [verifyingSettingOptionsLang] Element found and ready (attempt 1): By.xpath: (//div[@id='content-icon'])[2]
2026-01-10 16:40:55.672 [TestNG-test-Smoke Tests-1] INFO  [verifyingSettingOptionsLang] Looking for language element with name: Deutsch
2026-01-10 16:40:55.672 [TestNG-test-Smoke Tests-1] INFO  [verifyingSettingOptionsLang] [verifyingSettingOptionsLang] Trying to find element: By.xpath: //yt-multi-page-menu-section-renderer[@class='style-scope ytd-multi-page-menu-renderer']//yt-formatted-string[@id='label' and text()='Deutsch']
2026-01-10 16:40:55.703 [TestNG-test-Smoke Tests-1] INFO  [verifyingSettingOptionsLang] [verifyingSettingOptionsLang] Element found and ready (attempt 1): By.xpath: //yt-multi-page-menu-section-renderer[@class='style-scope ytd-multi-page-menu-renderer']//yt-formatted-string[@id='label' and text()='Deutsch']
2026-01-10 16:40:59.452 [TestNG-test-Smoke Tests-1] INFO  [verifyingSettingOptionsLang] Clicking settings ellipses button...
2026-01-10 16:40:59.452 [TestNG-test-Smoke Tests-1] INFO  [verifyingSettingOptionsLang] [verifyingSettingOptionsLang] Trying to find element: By.xpath: //ytd-topbar-menu-button-renderer[@class='style-scope ytd-masthead style-default']
2026-01-10 16:40:59.526 [TestNG-test-Smoke Tests-1] INFO  [verifyingSettingOptionsLang] [verifyingSettingOptionsLang] Element found and ready (attempt 1): By.xpath: //ytd-topbar-menu-button-renderer[@class='style-scope ytd-masthead style-default']
2026-01-10 16:41:00.616 [TestNG-test-Smoke Tests-1] INFO  [verifyingSettingOptionsLang] Getting the setting ellipses options
2026-01-10 16:41:00.616 [TestNG-test-Smoke Tests-1] INFO  [verifyingSettingOptionsLang] [verifyingSettingOptionsLang] Trying to find element: By.xpath: //ytd-multi-page-menu-renderer
2026-01-10 16:41:00.664 [TestNG-test-Smoke Tests-1] INFO  [verifyingSettingOptionsLang] [verifyingSettingOptionsLang] Element found and ready (attempt 1): By.xpath: //ytd-multi-page-menu-renderer
2026-01-10 16:41:00.728 [TestNG-test-Smoke Tests-1] INFO  [verifyingSettingOptionsLang] Clicking settings ellipses button...
2026-01-10 16:41:00.728 [TestNG-test-Smoke Tests-1] INFO  [verifyingSettingOptionsLang] [verifyingSettingOptionsLang] Trying to find element: By.xpath: //ytd-topbar-menu-button-renderer[@class='style-scope ytd-masthead style-default']
2026-01-10 16:41:00.759 [TestNG-test-Smoke Tests-1] INFO  [verifyingSettingOptionsLang] [verifyingSettingOptionsLang] Element found and ready (attempt 1): By.xpath: //ytd-topbar-menu-button-renderer[@class='style-scope ytd-masthead style-default']
2026-01-10 16:41:00.926 [TestNG-test-Smoke Tests-1] INFO  [verifyingSettingOptionsLang] 
========== LANGUAGE DETECTION ==========
Detected Language : GERMAN
Input Text        : Meine Daten auf YouTube
Darstellung: Gerätedesign
Anzeigesprache:
Deutsch
Eingeschränkter Modus: Deaktiviert
Ort:
USA
Tastenkombinationen
Einstellungen
Hilfe
Feedback senden
========================================
2026-01-10 16:41:00.926 [TestNG-test-Smoke Tests-1] INFO  [verifyingSettingOptionsLang] getExpectedLangageViaApplicableLangInput(Deutsch)
2026-01-10 16:41:00.926 [TestNG-test-Smoke Tests-1] INFO  [verifyingSettingOptionsLang] Expected language for 'Deutsch' -> GERMAN
2026-01-10 16:41:00.926 [TestNG-test-Smoke Tests-1] INFO  [verifyingSettingOptionsLang] getLangAttributeViaLanguageInput(Deutsch)
2026-01-10 16:41:00.926 [TestNG-test-Smoke Tests-1] INFO  [verifyingSettingOptionsLang] Mapped Deutsch -> de-DE
2026-01-10 16:41:00.926 [TestNG-test-Smoke Tests-1] INFO  [verifyingSettingOptionsLang] getLangAttribute() - locating <html> and reading lang property
2026-01-10 16:41:00.986 [TestNG-test-Smoke Tests-1] INFO  [verifyingSettingOptionsLang] Language attribute read: de-DE
2026-01-10 16:41:00.986 [TestNG-test-Smoke Tests-1] INFO  [verifyingSettingOptionsLang] Clicking settings ellipses button...
2026-01-10 16:41:00.986 [TestNG-test-Smoke Tests-1] INFO  [verifyingSettingOptionsLang] [verifyingSettingOptionsLang] Trying to find element: By.xpath: //ytd-topbar-menu-button-renderer[@class='style-scope ytd-masthead style-default']
2026-01-10 16:41:01.022 [TestNG-test-Smoke Tests-1] INFO  [verifyingSettingOptionsLang] [verifyingSettingOptionsLang] Element found and ready (attempt 1): By.xpath: //ytd-topbar-menu-button-renderer[@class='style-scope ytd-masthead style-default']
2026-01-10 16:41:03.150 [TestNG-test-Smoke Tests-1] INFO  [verifyingSettingOptionsLang] Clicking language dropdown...
2026-01-10 16:41:03.150 [TestNG-test-Smoke Tests-1] INFO  [verifyingSettingOptionsLang] [verifyingSettingOptionsLang] Trying to find element: By.xpath: (//div[@id='content-icon'])[2]
2026-01-10 16:41:03.188 [TestNG-test-Smoke Tests-1] INFO  [verifyingSettingOptionsLang] [verifyingSettingOptionsLang] Element found and ready (attempt 1): By.xpath: (//div[@id='content-icon'])[2]
2026-01-10 16:41:06.571 [TestNG-test-Smoke Tests-1] INFO  [verifyingSettingOptionsLang] Looking for language element with name: Eesti
2026-01-10 16:41:06.571 [TestNG-test-Smoke Tests-1] INFO  [verifyingSettingOptionsLang] [verifyingSettingOptionsLang] Trying to find element: By.xpath: //yt-multi-page-menu-section-renderer[@class='style-scope ytd-multi-page-menu-renderer']//yt-formatted-string[@id='label' and text()='Eesti']
2026-01-10 16:41:06.598 [TestNG-test-Smoke Tests-1] INFO  [verifyingSettingOptionsLang] [verifyingSettingOptionsLang] Element found and ready (attempt 1): By.xpath: //yt-multi-page-menu-section-renderer[@class='style-scope ytd-multi-page-menu-renderer']//yt-formatted-string[@id='label' and text()='Eesti']
2026-01-10 16:41:10.128 [TestNG-test-Smoke Tests-1] INFO  [verifyingSettingOptionsLang] Clicking settings ellipses button...
2026-01-10 16:41:10.128 [TestNG-test-Smoke Tests-1] INFO  [verifyingSettingOptionsLang] [verifyingSettingOptionsLang] Trying to find element: By.xpath: //ytd-topbar-menu-button-renderer[@class='style-scope ytd-masthead style-default']
2026-01-10 16:41:10.355 [TestNG-test-Smoke Tests-1] INFO  [verifyingSettingOptionsLang] [verifyingSettingOptionsLang] Element found and ready (attempt 1): By.xpath: //ytd-topbar-menu-button-renderer[@class='style-scope ytd-masthead style-default']
2026-01-10 16:41:12.399 [TestNG-test-Smoke Tests-1] INFO  [verifyingSettingOptionsLang] Getting the setting ellipses options
2026-01-10 16:41:12.400 [TestNG-test-Smoke Tests-1] INFO  [verifyingSettingOptionsLang] [verifyingSettingOptionsLang] Trying to find element: By.xpath: //ytd-multi-page-menu-renderer
2026-01-10 16:41:12.457 [TestNG-test-Smoke Tests-1] INFO  [verifyingSettingOptionsLang] [verifyingSettingOptionsLang] Element found and ready (attempt 1): By.xpath: //ytd-multi-page-menu-renderer
2026-01-10 16:41:12.521 [TestNG-test-Smoke Tests-1] INFO  [verifyingSettingOptionsLang] Clicking settings ellipses button...
2026-01-10 16:41:12.521 [TestNG-test-Smoke Tests-1] INFO  [verifyingSettingOptionsLang] [verifyingSettingOptionsLang] Trying to find element: By.xpath: //ytd-topbar-menu-button-renderer[@class='style-scope ytd-masthead style-default']
2026-01-10 16:41:12.551 [TestNG-test-Smoke Tests-1] INFO  [verifyingSettingOptionsLang] [verifyingSettingOptionsLang] Element found and ready (attempt 1): By.xpath: //ytd-topbar-menu-button-renderer[@class='style-scope ytd-masthead style-default']
2026-01-10 16:41:12.710 [TestNG-test-Smoke Tests-1] INFO  [verifyingSettingOptionsLang] 
========== LANGUAGE DETECTION ==========
Detected Language : ESTONIAN
Input Text        : Teie andmed YouTube'is
Välimus: seadme teema
Kuvamiskeel:
eesti
Piiratud režiim: väljas
Asukoht:
Ameerika Ühendriigid
Klaviatuuri otseteed
Seaded
Abi
Tagasiside saatmine
========================================
2026-01-10 16:41:12.710 [TestNG-test-Smoke Tests-1] INFO  [verifyingSettingOptionsLang] getExpectedLangageViaApplicableLangInput(Eesti)
2026-01-10 16:41:12.710 [TestNG-test-Smoke Tests-1] INFO  [verifyingSettingOptionsLang] Expected language for 'Eesti' -> ESTONIAN
2026-01-10 16:41:12.710 [TestNG-test-Smoke Tests-1] INFO  [verifyingSettingOptionsLang] getLangAttributeViaLanguageInput(Eesti)
2026-01-10 16:41:12.710 [TestNG-test-Smoke Tests-1] INFO  [verifyingSettingOptionsLang] Mapped Eesti -> et-EE
2026-01-10 16:41:12.711 [TestNG-test-Smoke Tests-1] INFO  [verifyingSettingOptionsLang] getLangAttribute() - locating <html> and reading lang property
2026-01-10 16:41:12.766 [TestNG-test-Smoke Tests-1] INFO  [verifyingSettingOptionsLang] Language attribute read: et-EE
2026-01-10 16:41:12.766 [TestNG-test-Smoke Tests-1] INFO  [verifyingSettingOptionsLang] Clicking settings ellipses button...
2026-01-10 16:41:12.766 [TestNG-test-Smoke Tests-1] INFO  [verifyingSettingOptionsLang] [verifyingSettingOptionsLang] Trying to find element: By.xpath: //ytd-topbar-menu-button-renderer[@class='style-scope ytd-masthead style-default']
2026-01-10 16:41:12.834 [TestNG-test-Smoke Tests-1] INFO  [verifyingSettingOptionsLang] [verifyingSettingOptionsLang] Element found and ready (attempt 1): By.xpath: //ytd-topbar-menu-button-renderer[@class='style-scope ytd-masthead style-default']
2026-01-10 16:41:14.918 [TestNG-test-Smoke Tests-1] INFO  [verifyingSettingOptionsLang] Clicking language dropdown...
2026-01-10 16:41:14.918 [TestNG-test-Smoke Tests-1] INFO  [verifyingSettingOptionsLang] [verifyingSettingOptionsLang] Trying to find element: By.xpath: (//div[@id='content-icon'])[2]
2026-01-10 16:41:14.940 [TestNG-test-Smoke Tests-1] INFO  [verifyingSettingOptionsLang] [verifyingSettingOptionsLang] Element found and ready (attempt 1): By.xpath: (//div[@id='content-icon'])[2]
2026-01-10 16:41:18.665 [TestNG-test-Smoke Tests-1] INFO  [verifyingSettingOptionsLang] Looking for language element with name: English (India)
2026-01-10 16:41:18.665 [TestNG-test-Smoke Tests-1] INFO  [verifyingSettingOptionsLang] [verifyingSettingOptionsLang] Trying to find element: By.xpath: //yt-multi-page-menu-section-renderer[@class='style-scope ytd-multi-page-menu-renderer']//yt-formatted-string[@id='label' and text()='English (India)']
2026-01-10 16:41:18.701 [TestNG-test-Smoke Tests-1] INFO  [verifyingSettingOptionsLang] [verifyingSettingOptionsLang] Element found and ready (attempt 1): By.xpath: //yt-multi-page-menu-section-renderer[@class='style-scope ytd-multi-page-menu-renderer']//yt-formatted-string[@id='label' and text()='English (India)']
2026-01-10 16:41:22.560 [TestNG-test-Smoke Tests-1] INFO  [verifyingSettingOptionsLang] Clicking settings ellipses button...
2026-01-10 16:41:22.561 [TestNG-test-Smoke Tests-1] INFO  [verifyingSettingOptionsLang] [verifyingSettingOptionsLang] Trying to find element: By.xpath: //ytd-topbar-menu-button-renderer[@class='style-scope ytd-masthead style-default']
2026-01-10 16:41:22.618 [TestNG-test-Smoke Tests-1] INFO  [verifyingSettingOptionsLang] [verifyingSettingOptionsLang] Element found and ready (attempt 1): By.xpath: //ytd-topbar-menu-button-renderer[@class='style-scope ytd-masthead style-default']
2026-01-10 16:41:23.910 [TestNG-test-Smoke Tests-1] INFO  [verifyingSettingOptionsLang] Getting the setting ellipses options
2026-01-10 16:41:23.910 [TestNG-test-Smoke Tests-1] INFO  [verifyingSettingOptionsLang] [verifyingSettingOptionsLang] Trying to find element: By.xpath: //ytd-multi-page-menu-renderer
2026-01-10 16:41:24.005 [TestNG-test-Smoke Tests-1] INFO  [verifyingSettingOptionsLang] [verifyingSettingOptionsLang] Element found and ready (attempt 1): By.xpath: //ytd-multi-page-menu-renderer
2026-01-10 16:41:24.060 [TestNG-test-Smoke Tests-1] INFO  [verifyingSettingOptionsLang] Clicking settings ellipses button...
2026-01-10 16:41:24.060 [TestNG-test-Smoke Tests-1] INFO  [verifyingSettingOptionsLang] [verifyingSettingOptionsLang] Trying to find element: By.xpath: //ytd-topbar-menu-button-renderer[@class='style-scope ytd-masthead style-default']
2026-01-10 16:41:24.082 [TestNG-test-Smoke Tests-1] INFO  [verifyingSettingOptionsLang] [verifyingSettingOptionsLang] Element found and ready (attempt 1): By.xpath: //ytd-topbar-menu-button-renderer[@class='style-scope ytd-masthead style-default']
2026-01-10 16:41:24.144 [TestNG-test-Smoke Tests-1] INFO  [verifyingSettingOptionsLang] 
========== LANGUAGE DETECTION ==========
Detected Language : ENGLISH
Input Text        : Your data in YouTube
Appearance: Device theme
Display language:
English (India)
Restricted Mode: Off
Location:
United States
Keyboard shortcuts
Settings
Help
Send feedback
========================================
2026-01-10 16:41:24.144 [TestNG-test-Smoke Tests-1] INFO  [verifyingSettingOptionsLang] getExpectedLangageViaApplicableLangInput(English (India))
2026-01-10 16:41:24.144 [TestNG-test-Smoke Tests-1] INFO  [verifyingSettingOptionsLang] Expected language for 'English (India)' -> ENGLISH
2026-01-10 16:41:24.144 [TestNG-test-Smoke Tests-1] INFO  [verifyingSettingOptionsLang] getLangAttributeViaLanguageInput(English (India))
2026-01-10 16:41:24.144 [TestNG-test-Smoke Tests-1] INFO  [verifyingSettingOptionsLang] Mapped English (India) -> en-IN
2026-01-10 16:41:24.144 [TestNG-test-Smoke Tests-1] INFO  [verifyingSettingOptionsLang] getLangAttribute() - locating <html> and reading lang property
2026-01-10 16:41:24.179 [TestNG-test-Smoke Tests-1] INFO  [verifyingSettingOptionsLang] Language attribute read: en-IN
2026-01-10 16:41:24.181 [TestNG-test-Smoke Tests-1] INFO  [verifyingSettingOptionsLang] Clicking settings ellipses button...
2026-01-10 16:41:24.181 [TestNG-test-Smoke Tests-1] INFO  [verifyingSettingOptionsLang] [verifyingSettingOptionsLang] Trying to find element: By.xpath: //ytd-topbar-menu-button-renderer[@class='style-scope ytd-masthead style-default']
2026-01-10 16:41:24.223 [TestNG-test-Smoke Tests-1] INFO  [verifyingSettingOptionsLang] [verifyingSettingOptionsLang] Element found and ready (attempt 1): By.xpath: //ytd-topbar-menu-button-renderer[@class='style-scope ytd-masthead style-default']
2026-01-10 16:41:26.330 [TestNG-test-Smoke Tests-1] INFO  [verifyingSettingOptionsLang] Clicking language dropdown...
2026-01-10 16:41:26.330 [TestNG-test-Smoke Tests-1] INFO  [verifyingSettingOptionsLang] [verifyingSettingOptionsLang] Trying to find element: By.xpath: (//div[@id='content-icon'])[2]
2026-01-10 16:41:26.352 [TestNG-test-Smoke Tests-1] INFO  [verifyingSettingOptionsLang] [verifyingSettingOptionsLang] Element found and ready (attempt 1): By.xpath: (//div[@id='content-icon'])[2]
2026-01-10 16:41:28.763 [TestNG-test-Smoke Tests-1] INFO  [verifyingSettingOptionsLang] [verifyingSettingOptionsLang] Not retrying test 'verifyingSettingOptionsLang'. Retry count: 0, Cause: The following asserts failed:
	Language detection mismatch expected [CROATIAN] but found [BOSNIAN]
2026-01-10 16:41:28.775 [TestNG-test-Smoke Tests-1] ERROR [verifyingSettingOptionsLang] Test FAILED: verifyingSettingOptionsLang - java.lang.AssertionError: The following asserts failed:
	Language detection mismatch expected [CROATIAN] but found [BOSNIAN]
2026-01-10 16:41:28.775 [TestNG-test-Smoke Tests-1] INFO  [verifyingSettingOptionsLang] Closing WebDriver for thread: 34
2026-01-10 16:41:29.300 [TestNG-test-Smoke Tests-1] INFO  [verifyingSettingOptionsLang] WebDriver instance removed from ThreadLocal for thread: 34
2026-01-10 16:41:29.300 [TestNG-test-Smoke Tests-1] INFO  [verifyingSettingOptionsLang] Driver closed for test: verifyingSettingOptionsLang
