2026-01-10 16:37:34.158 [TestNG-test-Smoke Tests-2] INFO  [verifyingGlobalFilterLandingPage] ===== STARTING TEST: verifyingGlobalFilterLandingPage  | Thread: 35 =====
2026-01-10 16:37:34.185 [TestNG-test-Smoke Tests-2] INFO  [verifyingGlobalFilterLandingPage] No existing WebDriver found for current thread. Initializing a new ChromeDriver...
2026-01-10 16:37:36.292 [TestNG-test-Smoke Tests-2] INFO  [verifyingGlobalFilterLandingPage] WebDriverManager: chromedriver setup OK
2026-01-10 16:37:42.209 [TestNG-test-Smoke Tests-2] INFO  [verifyingGlobalFilterLandingPage] ChromeDriver initialized successfully for thread: 35
2026-01-10 16:37:42.209 [TestNG-test-Smoke Tests-2] INFO  [verifyingGlobalFilterLandingPage] Driver initialized successfully for test: verifyingGlobalFilterLandingPage
2026-01-10 16:37:42.407 [TestNG-test-Smoke Tests-2] INFO  [verifyingGlobalFilterLandingPage] SafeActions initialized with driver ChromeDriver: chrome on windows (765f258b207c2522c10ed52d6bc65cde)
2026-01-10 16:37:42.408 [TestNG-test-Smoke Tests-2] INFO  [verifyingGlobalFilterLandingPage] SafeActions initialized with driver ChromeDriver: chrome on windows (765f258b207c2522c10ed52d6bc65cde)
2026-01-10 16:37:42.408 [TestNG-test-Smoke Tests-2] INFO  [verifyingGlobalFilterLandingPage] Initialized YtLandingPage with driver: ChromeDriver: chrome on windows (765f258b207c2522c10ed52d6bc65cde)
2026-01-10 16:37:48.555 [TestNG-test-Smoke Tests-2] INFO  [verifyingGlobalFilterLandingPage] Opened YouTube landing page.
2026-01-10 16:37:48.556 [TestNG-test-Smoke Tests-2] INFO  [verifyingGlobalFilterLandingPage] Giving input into the search bar with input as  = youtube
2026-01-10 16:37:48.556 [TestNG-test-Smoke Tests-2] INFO  [verifyingGlobalFilterLandingPage] [verifyingGlobalFilterLandingPage] Trying to click element: By.xpath: //input[@class='ytSearchboxComponentInput yt-searchbox-input title']
2026-01-10 16:37:48.952 [TestNG-test-Smoke Tests-2] INFO  [verifyingGlobalFilterLandingPage] [verifyingGlobalFilterLandingPage] Clicked successfully (attempt 1): By.xpath: //input[@class='ytSearchboxComponentInput yt-searchbox-input title']
2026-01-10 16:37:49.205 [TestNG-test-Smoke Tests-2] INFO  [verifyingGlobalFilterLandingPage] [verifyingGlobalFilterLandingPage] Trying to find element: By.xpath: //input[@class='ytSearchboxComponentInput yt-searchbox-input title']
2026-01-10 16:37:49.244 [TestNG-test-Smoke Tests-2] INFO  [verifyingGlobalFilterLandingPage] [verifyingGlobalFilterLandingPage] Element found and ready (attempt 1): By.xpath: //input[@class='ytSearchboxComponentInput yt-searchbox-input title']
2026-01-10 16:37:49.350 [TestNG-test-Smoke Tests-2] INFO  [verifyingGlobalFilterLandingPage] clickEnter(By.xpath: //input[@class='ytSearchboxComponentInput yt-searchbox-input title'])
2026-01-10 16:37:49.350 [TestNG-test-Smoke Tests-2] INFO  [verifyingGlobalFilterLandingPage] [verifyingGlobalFilterLandingPage] Trying to find element: By.xpath: //input[@class='ytSearchboxComponentInput yt-searchbox-input title']
2026-01-10 16:37:49.513 [TestNG-test-Smoke Tests-2] INFO  [verifyingGlobalFilterLandingPage] [verifyingGlobalFilterLandingPage] Element found and ready (attempt 1): By.xpath: //input[@class='ytSearchboxComponentInput yt-searchbox-input title']
2026-01-10 16:37:49.605 [TestNG-test-Smoke Tests-2] INFO  [verifyingGlobalFilterLandingPage] Sent ENTER to By.xpath: //input[@class='ytSearchboxComponentInput yt-searchbox-input title']
2026-01-10 16:37:49.605 [TestNG-test-Smoke Tests-2] INFO  [verifyingGlobalFilterLandingPage] [verifyingGlobalFilterLandingPage] Execution is Not CRON Job Hence refering to normal keys from UtilData
2026-01-10 16:37:49.609 [TestNG-test-Smoke Tests-2] INFO  [verifyingGlobalFilterLandingPage] Clicking settings ellipses button...
2026-01-10 16:37:49.610 [TestNG-test-Smoke Tests-2] INFO  [verifyingGlobalFilterLandingPage] [verifyingGlobalFilterLandingPage] Trying to find element: By.xpath: //ytd-topbar-menu-button-renderer[@class='style-scope ytd-masthead style-default']
2026-01-10 16:37:49.737 [TestNG-test-Smoke Tests-2] INFO  [verifyingGlobalFilterLandingPage] [verifyingGlobalFilterLandingPage] Element found and ready (attempt 1): By.xpath: //ytd-topbar-menu-button-renderer[@class='style-scope ytd-masthead style-default']
2026-01-10 16:37:51.934 [TestNG-test-Smoke Tests-2] INFO  [verifyingGlobalFilterLandingPage] Clicking language dropdown...
2026-01-10 16:37:51.954 [TestNG-test-Smoke Tests-2] INFO  [verifyingGlobalFilterLandingPage] [verifyingGlobalFilterLandingPage] Trying to find element: By.xpath: (//div[@id='content-icon'])[2]
2026-01-10 16:37:53.565 [TestNG-test-Smoke Tests-2] INFO  [verifyingGlobalFilterLandingPage] [verifyingGlobalFilterLandingPage] Element found and ready (attempt 1): By.xpath: (//div[@id='content-icon'])[2]
2026-01-10 16:37:58.301 [TestNG-test-Smoke Tests-2] INFO  [verifyingGlobalFilterLandingPage] Looking for language element with name: Afrikaans
2026-01-10 16:37:58.301 [TestNG-test-Smoke Tests-2] INFO  [verifyingGlobalFilterLandingPage] [verifyingGlobalFilterLandingPage] Trying to find element: By.xpath: //yt-multi-page-menu-section-renderer[@class='style-scope ytd-multi-page-menu-renderer']//yt-formatted-string[@id='label' and text()='Afrikaans']
2026-01-10 16:37:58.339 [TestNG-test-Smoke Tests-2] INFO  [verifyingGlobalFilterLandingPage] [verifyingGlobalFilterLandingPage] Element found and ready (attempt 1): By.xpath: //yt-multi-page-menu-section-renderer[@class='style-scope ytd-multi-page-menu-renderer']//yt-formatted-string[@id='label' and text()='Afrikaans']
2026-01-10 16:38:02.665 [TestNG-test-Smoke Tests-2] INFO  [verifyingGlobalFilterLandingPage] Clicking on global filter button in landing page..
2026-01-10 16:38:02.666 [TestNG-test-Smoke Tests-2] INFO  [verifyingGlobalFilterLandingPage] [verifyingGlobalFilterLandingPage] Trying to click element: By.xpath: //div[@id='filter-button']
2026-01-10 16:38:03.421 [TestNG-test-Smoke Tests-2] INFO  [verifyingGlobalFilterLandingPage] [verifyingGlobalFilterLandingPage] Clicked successfully (attempt 1): By.xpath: //div[@id='filter-button']
2026-01-10 16:38:03.672 [TestNG-test-Smoke Tests-2] INFO  [verifyingGlobalFilterLandingPage] Fetching the data from the global filter in landing page
2026-01-10 16:38:03.673 [TestNG-test-Smoke Tests-2] INFO  [verifyingGlobalFilterLandingPage] [verifyingGlobalFilterLandingPage] Trying to find element: By.xpath: //ytd-search-filter-options-dialog-renderer[@class='style-scope ytd-popup-container']
2026-01-10 16:38:03.708 [TestNG-test-Smoke Tests-2] INFO  [verifyingGlobalFilterLandingPage] [verifyingGlobalFilterLandingPage] Element found and ready (attempt 1): By.xpath: //ytd-search-filter-options-dialog-renderer[@class='style-scope ytd-popup-container']
2026-01-10 16:38:03.762 [TestNG-test-Smoke Tests-2] INFO  [verifyingGlobalFilterLandingPage] Closing the global filter pop-up in landing page..
2026-01-10 16:38:03.763 [TestNG-test-Smoke Tests-2] INFO  [verifyingGlobalFilterLandingPage] [verifyingGlobalFilterLandingPage] Trying to find element: By.xpath: //yt-icon[@icon='close']
2026-01-10 16:38:03.812 [TestNG-test-Smoke Tests-2] INFO  [verifyingGlobalFilterLandingPage] [verifyingGlobalFilterLandingPage] Element found and ready (attempt 1): By.xpath: //yt-icon[@icon='close']
2026-01-10 16:38:03.893 [TestNG-test-Smoke Tests-2] INFO  [verifyingGlobalFilterLandingPage] Clicking settings ellipses button...
2026-01-10 16:38:03.893 [TestNG-test-Smoke Tests-2] INFO  [verifyingGlobalFilterLandingPage] [verifyingGlobalFilterLandingPage] Trying to find element: By.xpath: //ytd-topbar-menu-button-renderer[@class='style-scope ytd-masthead style-default']
2026-01-10 16:38:03.925 [TestNG-test-Smoke Tests-2] INFO  [verifyingGlobalFilterLandingPage] [verifyingGlobalFilterLandingPage] Element found and ready (attempt 1): By.xpath: //ytd-topbar-menu-button-renderer[@class='style-scope ytd-masthead style-default']
2026-01-10 16:38:06.049 [TestNG-test-Smoke Tests-2] INFO  [verifyingGlobalFilterLandingPage] Clicking language dropdown...
2026-01-10 16:38:06.050 [TestNG-test-Smoke Tests-2] INFO  [verifyingGlobalFilterLandingPage] [verifyingGlobalFilterLandingPage] Trying to find element: By.xpath: (//div[@id='content-icon'])[2]
2026-01-10 16:38:06.098 [TestNG-test-Smoke Tests-2] INFO  [verifyingGlobalFilterLandingPage] [verifyingGlobalFilterLandingPage] Element found and ready (attempt 1): By.xpath: (//div[@id='content-icon'])[2]
2026-01-10 16:38:09.628 [TestNG-test-Smoke Tests-2] INFO  [verifyingGlobalFilterLandingPage] Looking for language element with name: Azərbaycan
2026-01-10 16:38:09.628 [TestNG-test-Smoke Tests-2] INFO  [verifyingGlobalFilterLandingPage] [verifyingGlobalFilterLandingPage] Trying to find element: By.xpath: //yt-multi-page-menu-section-renderer[@class='style-scope ytd-multi-page-menu-renderer']//yt-formatted-string[@id='label' and text()='Azərbaycan']
2026-01-10 16:38:09.665 [TestNG-test-Smoke Tests-2] INFO  [verifyingGlobalFilterLandingPage] [verifyingGlobalFilterLandingPage] Element found and ready (attempt 1): By.xpath: //yt-multi-page-menu-section-renderer[@class='style-scope ytd-multi-page-menu-renderer']//yt-formatted-string[@id='label' and text()='Azərbaycan']
2026-01-10 16:38:13.826 [TestNG-test-Smoke Tests-2] INFO  [verifyingGlobalFilterLandingPage] Clicking on global filter button in landing page..
2026-01-10 16:38:13.826 [TestNG-test-Smoke Tests-2] INFO  [verifyingGlobalFilterLandingPage] [verifyingGlobalFilterLandingPage] Trying to click element: By.xpath: //div[@id='filter-button']
2026-01-10 16:38:14.639 [TestNG-test-Smoke Tests-2] INFO  [verifyingGlobalFilterLandingPage] [verifyingGlobalFilterLandingPage] Clicked successfully (attempt 1): By.xpath: //div[@id='filter-button']
2026-01-10 16:38:14.890 [TestNG-test-Smoke Tests-2] INFO  [verifyingGlobalFilterLandingPage] Fetching the data from the global filter in landing page
2026-01-10 16:38:14.891 [TestNG-test-Smoke Tests-2] INFO  [verifyingGlobalFilterLandingPage] [verifyingGlobalFilterLandingPage] Trying to find element: By.xpath: //ytd-search-filter-options-dialog-renderer[@class='style-scope ytd-popup-container']
2026-01-10 16:38:14.926 [TestNG-test-Smoke Tests-2] INFO  [verifyingGlobalFilterLandingPage] [verifyingGlobalFilterLandingPage] Element found and ready (attempt 1): By.xpath: //ytd-search-filter-options-dialog-renderer[@class='style-scope ytd-popup-container']
2026-01-10 16:38:14.964 [TestNG-test-Smoke Tests-2] INFO  [verifyingGlobalFilterLandingPage] Closing the global filter pop-up in landing page..
2026-01-10 16:38:14.965 [TestNG-test-Smoke Tests-2] INFO  [verifyingGlobalFilterLandingPage] [verifyingGlobalFilterLandingPage] Trying to find element: By.xpath: //yt-icon[@icon='close']
2026-01-10 16:38:15.011 [TestNG-test-Smoke Tests-2] INFO  [verifyingGlobalFilterLandingPage] [verifyingGlobalFilterLandingPage] Element found and ready (attempt 1): By.xpath: //yt-icon[@icon='close']
2026-01-10 16:38:15.117 [TestNG-test-Smoke Tests-2] INFO  [verifyingGlobalFilterLandingPage] Clicking settings ellipses button...
2026-01-10 16:38:15.118 [TestNG-test-Smoke Tests-2] INFO  [verifyingGlobalFilterLandingPage] [verifyingGlobalFilterLandingPage] Trying to find element: By.xpath: //ytd-topbar-menu-button-renderer[@class='style-scope ytd-masthead style-default']
2026-01-10 16:38:15.149 [TestNG-test-Smoke Tests-2] INFO  [verifyingGlobalFilterLandingPage] [verifyingGlobalFilterLandingPage] Element found and ready (attempt 1): By.xpath: //ytd-topbar-menu-button-renderer[@class='style-scope ytd-masthead style-default']
2026-01-10 16:38:17.258 [TestNG-test-Smoke Tests-2] INFO  [verifyingGlobalFilterLandingPage] Clicking language dropdown...
2026-01-10 16:38:17.258 [TestNG-test-Smoke Tests-2] INFO  [verifyingGlobalFilterLandingPage] [verifyingGlobalFilterLandingPage] Trying to find element: By.xpath: (//div[@id='content-icon'])[2]
2026-01-10 16:38:17.293 [TestNG-test-Smoke Tests-2] INFO  [verifyingGlobalFilterLandingPage] [verifyingGlobalFilterLandingPage] Element found and ready (attempt 1): By.xpath: (//div[@id='content-icon'])[2]
2026-01-10 16:38:20.752 [TestNG-test-Smoke Tests-2] INFO  [verifyingGlobalFilterLandingPage] Looking for language element with name: Bahasa Indonesia
2026-01-10 16:38:20.752 [TestNG-test-Smoke Tests-2] INFO  [verifyingGlobalFilterLandingPage] [verifyingGlobalFilterLandingPage] Trying to find element: By.xpath: //yt-multi-page-menu-section-renderer[@class='style-scope ytd-multi-page-menu-renderer']//yt-formatted-string[@id='label' and text()='Bahasa Indonesia']
2026-01-10 16:38:20.788 [TestNG-test-Smoke Tests-2] INFO  [verifyingGlobalFilterLandingPage] [verifyingGlobalFilterLandingPage] Element found and ready (attempt 1): By.xpath: //yt-multi-page-menu-section-renderer[@class='style-scope ytd-multi-page-menu-renderer']//yt-formatted-string[@id='label' and text()='Bahasa Indonesia']
2026-01-10 16:38:25.233 [TestNG-test-Smoke Tests-2] INFO  [verifyingGlobalFilterLandingPage] Clicking on global filter button in landing page..
2026-01-10 16:38:25.233 [TestNG-test-Smoke Tests-2] INFO  [verifyingGlobalFilterLandingPage] [verifyingGlobalFilterLandingPage] Trying to click element: By.xpath: //div[@id='filter-button']
2026-01-10 16:38:25.499 [TestNG-test-Smoke Tests-2] INFO  [verifyingGlobalFilterLandingPage] [verifyingGlobalFilterLandingPage] Clicked successfully (attempt 1): By.xpath: //div[@id='filter-button']
2026-01-10 16:38:25.751 [TestNG-test-Smoke Tests-2] INFO  [verifyingGlobalFilterLandingPage] Fetching the data from the global filter in landing page
2026-01-10 16:38:25.751 [TestNG-test-Smoke Tests-2] INFO  [verifyingGlobalFilterLandingPage] [verifyingGlobalFilterLandingPage] Trying to find element: By.xpath: //ytd-search-filter-options-dialog-renderer[@class='style-scope ytd-popup-container']
2026-01-10 16:38:25.803 [TestNG-test-Smoke Tests-2] INFO  [verifyingGlobalFilterLandingPage] [verifyingGlobalFilterLandingPage] Element found and ready (attempt 1): By.xpath: //ytd-search-filter-options-dialog-renderer[@class='style-scope ytd-popup-container']
2026-01-10 16:38:25.856 [TestNG-test-Smoke Tests-2] INFO  [verifyingGlobalFilterLandingPage] Closing the global filter pop-up in landing page..
2026-01-10 16:38:25.856 [TestNG-test-Smoke Tests-2] INFO  [verifyingGlobalFilterLandingPage] [verifyingGlobalFilterLandingPage] Trying to find element: By.xpath: //yt-icon[@icon='close']
2026-01-10 16:38:25.905 [TestNG-test-Smoke Tests-2] INFO  [verifyingGlobalFilterLandingPage] [verifyingGlobalFilterLandingPage] Element found and ready (attempt 1): By.xpath: //yt-icon[@icon='close']
2026-01-10 16:38:25.971 [TestNG-test-Smoke Tests-2] INFO  [verifyingGlobalFilterLandingPage] Clicking settings ellipses button...
2026-01-10 16:38:25.972 [TestNG-test-Smoke Tests-2] INFO  [verifyingGlobalFilterLandingPage] [verifyingGlobalFilterLandingPage] Trying to find element: By.xpath: //ytd-topbar-menu-button-renderer[@class='style-scope ytd-masthead style-default']
2026-01-10 16:38:26.022 [TestNG-test-Smoke Tests-2] INFO  [verifyingGlobalFilterLandingPage] [verifyingGlobalFilterLandingPage] Element found and ready (attempt 1): By.xpath: //ytd-topbar-menu-button-renderer[@class='style-scope ytd-masthead style-default']
2026-01-10 16:38:28.149 [TestNG-test-Smoke Tests-2] INFO  [verifyingGlobalFilterLandingPage] Clicking language dropdown...
2026-01-10 16:38:28.150 [TestNG-test-Smoke Tests-2] INFO  [verifyingGlobalFilterLandingPage] [verifyingGlobalFilterLandingPage] Trying to find element: By.xpath: (//div[@id='content-icon'])[2]
2026-01-10 16:38:28.186 [TestNG-test-Smoke Tests-2] INFO  [verifyingGlobalFilterLandingPage] [verifyingGlobalFilterLandingPage] Element found and ready (attempt 1): By.xpath: (//div[@id='content-icon'])[2]
2026-01-10 16:38:31.750 [TestNG-test-Smoke Tests-2] INFO  [verifyingGlobalFilterLandingPage] Looking for language element with name: Bosanski
2026-01-10 16:38:31.750 [TestNG-test-Smoke Tests-2] INFO  [verifyingGlobalFilterLandingPage] [verifyingGlobalFilterLandingPage] Trying to find element: By.xpath: //yt-multi-page-menu-section-renderer[@class='style-scope ytd-multi-page-menu-renderer']//yt-formatted-string[@id='label' and text()='Bosanski']
2026-01-10 16:38:31.778 [TestNG-test-Smoke Tests-2] INFO  [verifyingGlobalFilterLandingPage] [verifyingGlobalFilterLandingPage] Element found and ready (attempt 1): By.xpath: //yt-multi-page-menu-section-renderer[@class='style-scope ytd-multi-page-menu-renderer']//yt-formatted-string[@id='label' and text()='Bosanski']
2026-01-10 16:38:36.014 [TestNG-test-Smoke Tests-2] INFO  [verifyingGlobalFilterLandingPage] Clicking on global filter button in landing page..
2026-01-10 16:38:36.014 [TestNG-test-Smoke Tests-2] INFO  [verifyingGlobalFilterLandingPage] [verifyingGlobalFilterLandingPage] Trying to click element: By.xpath: //div[@id='filter-button']
2026-01-10 16:38:36.384 [TestNG-test-Smoke Tests-2] INFO  [verifyingGlobalFilterLandingPage] [verifyingGlobalFilterLandingPage] Clicked successfully (attempt 1): By.xpath: //div[@id='filter-button']
2026-01-10 16:38:36.636 [TestNG-test-Smoke Tests-2] INFO  [verifyingGlobalFilterLandingPage] Fetching the data from the global filter in landing page
2026-01-10 16:38:36.637 [TestNG-test-Smoke Tests-2] INFO  [verifyingGlobalFilterLandingPage] [verifyingGlobalFilterLandingPage] Trying to find element: By.xpath: //ytd-search-filter-options-dialog-renderer[@class='style-scope ytd-popup-container']
2026-01-10 16:38:36.672 [TestNG-test-Smoke Tests-2] INFO  [verifyingGlobalFilterLandingPage] [verifyingGlobalFilterLandingPage] Element found and ready (attempt 1): By.xpath: //ytd-search-filter-options-dialog-renderer[@class='style-scope ytd-popup-container']
2026-01-10 16:38:36.709 [TestNG-test-Smoke Tests-2] INFO  [verifyingGlobalFilterLandingPage] Closing the global filter pop-up in landing page..
2026-01-10 16:38:36.710 [TestNG-test-Smoke Tests-2] INFO  [verifyingGlobalFilterLandingPage] [verifyingGlobalFilterLandingPage] Trying to find element: By.xpath: //yt-icon[@icon='close']
2026-01-10 16:38:36.765 [TestNG-test-Smoke Tests-2] INFO  [verifyingGlobalFilterLandingPage] [verifyingGlobalFilterLandingPage] Element found and ready (attempt 1): By.xpath: //yt-icon[@icon='close']
2026-01-10 16:38:36.849 [TestNG-test-Smoke Tests-2] INFO  [verifyingGlobalFilterLandingPage] Clicking settings ellipses button...
2026-01-10 16:38:36.849 [TestNG-test-Smoke Tests-2] INFO  [verifyingGlobalFilterLandingPage] [verifyingGlobalFilterLandingPage] Trying to find element: By.xpath: //ytd-topbar-menu-button-renderer[@class='style-scope ytd-masthead style-default']
2026-01-10 16:38:36.887 [TestNG-test-Smoke Tests-2] INFO  [verifyingGlobalFilterLandingPage] [verifyingGlobalFilterLandingPage] Element found and ready (attempt 1): By.xpath: //ytd-topbar-menu-button-renderer[@class='style-scope ytd-masthead style-default']
2026-01-10 16:38:38.999 [TestNG-test-Smoke Tests-2] INFO  [verifyingGlobalFilterLandingPage] Clicking language dropdown...
2026-01-10 16:38:38.999 [TestNG-test-Smoke Tests-2] INFO  [verifyingGlobalFilterLandingPage] [verifyingGlobalFilterLandingPage] Trying to find element: By.xpath: (//div[@id='content-icon'])[2]
2026-01-10 16:38:39.034 [TestNG-test-Smoke Tests-2] INFO  [verifyingGlobalFilterLandingPage] [verifyingGlobalFilterLandingPage] Element found and ready (attempt 1): By.xpath: (//div[@id='content-icon'])[2]
2026-01-10 16:38:42.522 [TestNG-test-Smoke Tests-2] INFO  [verifyingGlobalFilterLandingPage] Looking for language element with name: Català
2026-01-10 16:38:42.522 [TestNG-test-Smoke Tests-2] INFO  [verifyingGlobalFilterLandingPage] [verifyingGlobalFilterLandingPage] Trying to find element: By.xpath: //yt-multi-page-menu-section-renderer[@class='style-scope ytd-multi-page-menu-renderer']//yt-formatted-string[@id='label' and text()='Català']
2026-01-10 16:38:42.551 [TestNG-test-Smoke Tests-2] INFO  [verifyingGlobalFilterLandingPage] [verifyingGlobalFilterLandingPage] Element found and ready (attempt 1): By.xpath: //yt-multi-page-menu-section-renderer[@class='style-scope ytd-multi-page-menu-renderer']//yt-formatted-string[@id='label' and text()='Català']
2026-01-10 16:38:46.807 [TestNG-test-Smoke Tests-2] INFO  [verifyingGlobalFilterLandingPage] Clicking on global filter button in landing page..
2026-01-10 16:38:46.810 [TestNG-test-Smoke Tests-2] INFO  [verifyingGlobalFilterLandingPage] [verifyingGlobalFilterLandingPage] Trying to click element: By.xpath: //div[@id='filter-button']
2026-01-10 16:38:47.114 [TestNG-test-Smoke Tests-2] INFO  [verifyingGlobalFilterLandingPage] [verifyingGlobalFilterLandingPage] Clicked successfully (attempt 1): By.xpath: //div[@id='filter-button']
2026-01-10 16:38:47.365 [TestNG-test-Smoke Tests-2] INFO  [verifyingGlobalFilterLandingPage] Fetching the data from the global filter in landing page
2026-01-10 16:38:47.365 [TestNG-test-Smoke Tests-2] INFO  [verifyingGlobalFilterLandingPage] [verifyingGlobalFilterLandingPage] Trying to find element: By.xpath: //ytd-search-filter-options-dialog-renderer[@class='style-scope ytd-popup-container']
2026-01-10 16:38:47.395 [TestNG-test-Smoke Tests-2] INFO  [verifyingGlobalFilterLandingPage] [verifyingGlobalFilterLandingPage] Element found and ready (attempt 1): By.xpath: //ytd-search-filter-options-dialog-renderer[@class='style-scope ytd-popup-container']
2026-01-10 16:38:47.441 [TestNG-test-Smoke Tests-2] INFO  [verifyingGlobalFilterLandingPage] Closing the global filter pop-up in landing page..
2026-01-10 16:38:47.441 [TestNG-test-Smoke Tests-2] INFO  [verifyingGlobalFilterLandingPage] [verifyingGlobalFilterLandingPage] Trying to find element: By.xpath: //yt-icon[@icon='close']
2026-01-10 16:38:47.467 [TestNG-test-Smoke Tests-2] INFO  [verifyingGlobalFilterLandingPage] [verifyingGlobalFilterLandingPage] Element found and ready (attempt 1): By.xpath: //yt-icon[@icon='close']
2026-01-10 16:38:47.555 [TestNG-test-Smoke Tests-2] INFO  [verifyingGlobalFilterLandingPage] Clicking settings ellipses button...
2026-01-10 16:38:47.556 [TestNG-test-Smoke Tests-2] INFO  [verifyingGlobalFilterLandingPage] [verifyingGlobalFilterLandingPage] Trying to find element: By.xpath: //ytd-topbar-menu-button-renderer[@class='style-scope ytd-masthead style-default']
2026-01-10 16:38:47.588 [TestNG-test-Smoke Tests-2] INFO  [verifyingGlobalFilterLandingPage] [verifyingGlobalFilterLandingPage] Element found and ready (attempt 1): By.xpath: //ytd-topbar-menu-button-renderer[@class='style-scope ytd-masthead style-default']
2026-01-10 16:38:49.696 [TestNG-test-Smoke Tests-2] INFO  [verifyingGlobalFilterLandingPage] Clicking language dropdown...
2026-01-10 16:38:49.696 [TestNG-test-Smoke Tests-2] INFO  [verifyingGlobalFilterLandingPage] [verifyingGlobalFilterLandingPage] Trying to find element: By.xpath: (//div[@id='content-icon'])[2]
2026-01-10 16:38:49.721 [TestNG-test-Smoke Tests-2] INFO  [verifyingGlobalFilterLandingPage] [verifyingGlobalFilterLandingPage] Element found and ready (attempt 1): By.xpath: (//div[@id='content-icon'])[2]
2026-01-10 16:38:53.040 [TestNG-test-Smoke Tests-2] INFO  [verifyingGlobalFilterLandingPage] Looking for language element with name: Dansk
2026-01-10 16:38:53.040 [TestNG-test-Smoke Tests-2] INFO  [verifyingGlobalFilterLandingPage] [verifyingGlobalFilterLandingPage] Trying to find element: By.xpath: //yt-multi-page-menu-section-renderer[@class='style-scope ytd-multi-page-menu-renderer']//yt-formatted-string[@id='label' and text()='Dansk']
2026-01-10 16:38:53.072 [TestNG-test-Smoke Tests-2] INFO  [verifyingGlobalFilterLandingPage] [verifyingGlobalFilterLandingPage] Element found and ready (attempt 1): By.xpath: //yt-multi-page-menu-section-renderer[@class='style-scope ytd-multi-page-menu-renderer']//yt-formatted-string[@id='label' and text()='Dansk']
2026-01-10 16:38:57.214 [TestNG-test-Smoke Tests-2] INFO  [verifyingGlobalFilterLandingPage] Clicking on global filter button in landing page..
2026-01-10 16:38:57.214 [TestNG-test-Smoke Tests-2] INFO  [verifyingGlobalFilterLandingPage] [verifyingGlobalFilterLandingPage] Trying to click element: By.xpath: //div[@id='filter-button']
2026-01-10 16:38:57.585 [TestNG-test-Smoke Tests-2] INFO  [verifyingGlobalFilterLandingPage] [verifyingGlobalFilterLandingPage] Clicked successfully (attempt 1): By.xpath: //div[@id='filter-button']
2026-01-10 16:38:57.836 [TestNG-test-Smoke Tests-2] INFO  [verifyingGlobalFilterLandingPage] Fetching the data from the global filter in landing page
2026-01-10 16:38:57.836 [TestNG-test-Smoke Tests-2] INFO  [verifyingGlobalFilterLandingPage] [verifyingGlobalFilterLandingPage] Trying to find element: By.xpath: //ytd-search-filter-options-dialog-renderer[@class='style-scope ytd-popup-container']
2026-01-10 16:38:57.865 [TestNG-test-Smoke Tests-2] INFO  [verifyingGlobalFilterLandingPage] [verifyingGlobalFilterLandingPage] Element found and ready (attempt 1): By.xpath: //ytd-search-filter-options-dialog-renderer[@class='style-scope ytd-popup-container']
2026-01-10 16:38:57.901 [TestNG-test-Smoke Tests-2] INFO  [verifyingGlobalFilterLandingPage] Closing the global filter pop-up in landing page..
2026-01-10 16:38:57.902 [TestNG-test-Smoke Tests-2] INFO  [verifyingGlobalFilterLandingPage] [verifyingGlobalFilterLandingPage] Trying to find element: By.xpath: //yt-icon[@icon='close']
2026-01-10 16:38:57.937 [TestNG-test-Smoke Tests-2] INFO  [verifyingGlobalFilterLandingPage] [verifyingGlobalFilterLandingPage] Element found and ready (attempt 1): By.xpath: //yt-icon[@icon='close']
2026-01-10 16:38:58.005 [TestNG-test-Smoke Tests-2] INFO  [verifyingGlobalFilterLandingPage] Clicking settings ellipses button...
2026-01-10 16:38:58.006 [TestNG-test-Smoke Tests-2] INFO  [verifyingGlobalFilterLandingPage] [verifyingGlobalFilterLandingPage] Trying to find element: By.xpath: //ytd-topbar-menu-button-renderer[@class='style-scope ytd-masthead style-default']
2026-01-10 16:38:58.046 [TestNG-test-Smoke Tests-2] INFO  [verifyingGlobalFilterLandingPage] [verifyingGlobalFilterLandingPage] Element found and ready (attempt 1): By.xpath: //ytd-topbar-menu-button-renderer[@class='style-scope ytd-masthead style-default']
2026-01-10 16:39:00.153 [TestNG-test-Smoke Tests-2] INFO  [verifyingGlobalFilterLandingPage] Clicking language dropdown...
2026-01-10 16:39:00.153 [TestNG-test-Smoke Tests-2] INFO  [verifyingGlobalFilterLandingPage] [verifyingGlobalFilterLandingPage] Trying to find element: By.xpath: (//div[@id='content-icon'])[2]
2026-01-10 16:39:00.179 [TestNG-test-Smoke Tests-2] INFO  [verifyingGlobalFilterLandingPage] [verifyingGlobalFilterLandingPage] Element found and ready (attempt 1): By.xpath: (//div[@id='content-icon'])[2]
2026-01-10 16:39:03.484 [TestNG-test-Smoke Tests-2] INFO  [verifyingGlobalFilterLandingPage] Looking for language element with name: Deutsch
2026-01-10 16:39:03.484 [TestNG-test-Smoke Tests-2] INFO  [verifyingGlobalFilterLandingPage] [verifyingGlobalFilterLandingPage] Trying to find element: By.xpath: //yt-multi-page-menu-section-renderer[@class='style-scope ytd-multi-page-menu-renderer']//yt-formatted-string[@id='label' and text()='Deutsch']
2026-01-10 16:39:03.515 [TestNG-test-Smoke Tests-2] INFO  [verifyingGlobalFilterLandingPage] [verifyingGlobalFilterLandingPage] Element found and ready (attempt 1): By.xpath: //yt-multi-page-menu-section-renderer[@class='style-scope ytd-multi-page-menu-renderer']//yt-formatted-string[@id='label' and text()='Deutsch']
2026-01-10 16:39:07.962 [TestNG-test-Smoke Tests-2] INFO  [verifyingGlobalFilterLandingPage] Clicking on global filter button in landing page..
2026-01-10 16:39:07.962 [TestNG-test-Smoke Tests-2] INFO  [verifyingGlobalFilterLandingPage] [verifyingGlobalFilterLandingPage] Trying to click element: By.xpath: //div[@id='filter-button']
2026-01-10 16:39:08.408 [TestNG-test-Smoke Tests-2] INFO  [verifyingGlobalFilterLandingPage] [verifyingGlobalFilterLandingPage] Clicked successfully (attempt 1): By.xpath: //div[@id='filter-button']
2026-01-10 16:39:08.661 [TestNG-test-Smoke Tests-2] INFO  [verifyingGlobalFilterLandingPage] Fetching the data from the global filter in landing page
2026-01-10 16:39:08.661 [TestNG-test-Smoke Tests-2] INFO  [verifyingGlobalFilterLandingPage] [verifyingGlobalFilterLandingPage] Trying to find element: By.xpath: //ytd-search-filter-options-dialog-renderer[@class='style-scope ytd-popup-container']
2026-01-10 16:39:08.694 [TestNG-test-Smoke Tests-2] INFO  [verifyingGlobalFilterLandingPage] [verifyingGlobalFilterLandingPage] Element found and ready (attempt 1): By.xpath: //ytd-search-filter-options-dialog-renderer[@class='style-scope ytd-popup-container']
2026-01-10 16:39:08.731 [TestNG-test-Smoke Tests-2] INFO  [verifyingGlobalFilterLandingPage] Closing the global filter pop-up in landing page..
2026-01-10 16:39:08.731 [TestNG-test-Smoke Tests-2] INFO  [verifyingGlobalFilterLandingPage] [verifyingGlobalFilterLandingPage] Trying to find element: By.xpath: //yt-icon[@icon='close']
2026-01-10 16:39:08.762 [TestNG-test-Smoke Tests-2] INFO  [verifyingGlobalFilterLandingPage] [verifyingGlobalFilterLandingPage] Element found and ready (attempt 1): By.xpath: //yt-icon[@icon='close']
2026-01-10 16:39:08.851 [TestNG-test-Smoke Tests-2] INFO  [verifyingGlobalFilterLandingPage] Clicking settings ellipses button...
2026-01-10 16:39:08.853 [TestNG-test-Smoke Tests-2] INFO  [verifyingGlobalFilterLandingPage] [verifyingGlobalFilterLandingPage] Trying to find element: By.xpath: //ytd-topbar-menu-button-renderer[@class='style-scope ytd-masthead style-default']
2026-01-10 16:39:08.890 [TestNG-test-Smoke Tests-2] INFO  [verifyingGlobalFilterLandingPage] [verifyingGlobalFilterLandingPage] Element found and ready (attempt 1): By.xpath: //ytd-topbar-menu-button-renderer[@class='style-scope ytd-masthead style-default']
2026-01-10 16:39:11.017 [TestNG-test-Smoke Tests-2] INFO  [verifyingGlobalFilterLandingPage] Clicking language dropdown...
2026-01-10 16:39:11.017 [TestNG-test-Smoke Tests-2] INFO  [verifyingGlobalFilterLandingPage] [verifyingGlobalFilterLandingPage] Trying to find element: By.xpath: (//div[@id='content-icon'])[2]
2026-01-10 16:39:11.042 [TestNG-test-Smoke Tests-2] INFO  [verifyingGlobalFilterLandingPage] [verifyingGlobalFilterLandingPage] Element found and ready (attempt 1): By.xpath: (//div[@id='content-icon'])[2]
2026-01-10 16:39:14.350 [TestNG-test-Smoke Tests-2] INFO  [verifyingGlobalFilterLandingPage] Looking for language element with name: Eesti
2026-01-10 16:39:14.350 [TestNG-test-Smoke Tests-2] INFO  [verifyingGlobalFilterLandingPage] [verifyingGlobalFilterLandingPage] Trying to find element: By.xpath: //yt-multi-page-menu-section-renderer[@class='style-scope ytd-multi-page-menu-renderer']//yt-formatted-string[@id='label' and text()='Eesti']
2026-01-10 16:39:14.394 [TestNG-test-Smoke Tests-2] INFO  [verifyingGlobalFilterLandingPage] [verifyingGlobalFilterLandingPage] Element found and ready (attempt 1): By.xpath: //yt-multi-page-menu-section-renderer[@class='style-scope ytd-multi-page-menu-renderer']//yt-formatted-string[@id='label' and text()='Eesti']
2026-01-10 16:39:18.393 [TestNG-test-Smoke Tests-2] INFO  [verifyingGlobalFilterLandingPage] Clicking on global filter button in landing page..
2026-01-10 16:39:18.393 [TestNG-test-Smoke Tests-2] INFO  [verifyingGlobalFilterLandingPage] [verifyingGlobalFilterLandingPage] Trying to click element: By.xpath: //div[@id='filter-button']
2026-01-10 16:39:18.805 [TestNG-test-Smoke Tests-2] INFO  [verifyingGlobalFilterLandingPage] [verifyingGlobalFilterLandingPage] Clicked successfully (attempt 1): By.xpath: //div[@id='filter-button']
2026-01-10 16:39:19.056 [TestNG-test-Smoke Tests-2] INFO  [verifyingGlobalFilterLandingPage] Fetching the data from the global filter in landing page
2026-01-10 16:39:19.056 [TestNG-test-Smoke Tests-2] INFO  [verifyingGlobalFilterLandingPage] [verifyingGlobalFilterLandingPage] Trying to find element: By.xpath: //ytd-search-filter-options-dialog-renderer[@class='style-scope ytd-popup-container']
2026-01-10 16:39:19.085 [TestNG-test-Smoke Tests-2] INFO  [verifyingGlobalFilterLandingPage] [verifyingGlobalFilterLandingPage] Element found and ready (attempt 1): By.xpath: //ytd-search-filter-options-dialog-renderer[@class='style-scope ytd-popup-container']
2026-01-10 16:39:19.126 [TestNG-test-Smoke Tests-2] INFO  [verifyingGlobalFilterLandingPage] Closing the global filter pop-up in landing page..
2026-01-10 16:39:19.126 [TestNG-test-Smoke Tests-2] INFO  [verifyingGlobalFilterLandingPage] [verifyingGlobalFilterLandingPage] Trying to find element: By.xpath: //yt-icon[@icon='close']
2026-01-10 16:39:19.152 [TestNG-test-Smoke Tests-2] INFO  [verifyingGlobalFilterLandingPage] [verifyingGlobalFilterLandingPage] Element found and ready (attempt 1): By.xpath: //yt-icon[@icon='close']
2026-01-10 16:39:19.239 [TestNG-test-Smoke Tests-2] INFO  [verifyingGlobalFilterLandingPage] Clicking settings ellipses button...
2026-01-10 16:39:19.239 [TestNG-test-Smoke Tests-2] INFO  [verifyingGlobalFilterLandingPage] [verifyingGlobalFilterLandingPage] Trying to find element: By.xpath: //ytd-topbar-menu-button-renderer[@class='style-scope ytd-masthead style-default']
2026-01-10 16:39:19.277 [TestNG-test-Smoke Tests-2] INFO  [verifyingGlobalFilterLandingPage] [verifyingGlobalFilterLandingPage] Element found and ready (attempt 1): By.xpath: //ytd-topbar-menu-button-renderer[@class='style-scope ytd-masthead style-default']
2026-01-10 16:39:21.383 [TestNG-test-Smoke Tests-2] INFO  [verifyingGlobalFilterLandingPage] Clicking language dropdown...
2026-01-10 16:39:21.383 [TestNG-test-Smoke Tests-2] INFO  [verifyingGlobalFilterLandingPage] [verifyingGlobalFilterLandingPage] Trying to find element: By.xpath: (//div[@id='content-icon'])[2]
2026-01-10 16:39:21.424 [TestNG-test-Smoke Tests-2] INFO  [verifyingGlobalFilterLandingPage] [verifyingGlobalFilterLandingPage] Element found and ready (attempt 1): By.xpath: (//div[@id='content-icon'])[2]
2026-01-10 16:39:24.808 [TestNG-test-Smoke Tests-2] INFO  [verifyingGlobalFilterLandingPage] Looking for language element with name: English (India)
2026-01-10 16:39:24.808 [TestNG-test-Smoke Tests-2] INFO  [verifyingGlobalFilterLandingPage] [verifyingGlobalFilterLandingPage] Trying to find element: By.xpath: //yt-multi-page-menu-section-renderer[@class='style-scope ytd-multi-page-menu-renderer']//yt-formatted-string[@id='label' and text()='English (India)']
2026-01-10 16:39:24.838 [TestNG-test-Smoke Tests-2] INFO  [verifyingGlobalFilterLandingPage] [verifyingGlobalFilterLandingPage] Element found and ready (attempt 1): By.xpath: //yt-multi-page-menu-section-renderer[@class='style-scope ytd-multi-page-menu-renderer']//yt-formatted-string[@id='label' and text()='English (India)']
2026-01-10 16:39:29.296 [TestNG-test-Smoke Tests-2] INFO  [verifyingGlobalFilterLandingPage] Clicking on global filter button in landing page..
2026-01-10 16:39:29.296 [TestNG-test-Smoke Tests-2] INFO  [verifyingGlobalFilterLandingPage] [verifyingGlobalFilterLandingPage] Trying to click element: By.xpath: //div[@id='filter-button']
2026-01-10 16:39:29.572 [TestNG-test-Smoke Tests-2] INFO  [verifyingGlobalFilterLandingPage] [verifyingGlobalFilterLandingPage] Clicked successfully (attempt 1): By.xpath: //div[@id='filter-button']
2026-01-10 16:39:29.842 [TestNG-test-Smoke Tests-2] INFO  [verifyingGlobalFilterLandingPage] Fetching the data from the global filter in landing page
2026-01-10 16:39:29.842 [TestNG-test-Smoke Tests-2] INFO  [verifyingGlobalFilterLandingPage] [verifyingGlobalFilterLandingPage] Trying to find element: By.xpath: //ytd-search-filter-options-dialog-renderer[@class='style-scope ytd-popup-container']
2026-01-10 16:39:29.886 [TestNG-test-Smoke Tests-2] INFO  [verifyingGlobalFilterLandingPage] [verifyingGlobalFilterLandingPage] Element found and ready (attempt 1): By.xpath: //ytd-search-filter-options-dialog-renderer[@class='style-scope ytd-popup-container']
2026-01-10 16:39:29.926 [TestNG-test-Smoke Tests-2] INFO  [verifyingGlobalFilterLandingPage] Closing the global filter pop-up in landing page..
2026-01-10 16:39:29.927 [TestNG-test-Smoke Tests-2] INFO  [verifyingGlobalFilterLandingPage] [verifyingGlobalFilterLandingPage] Trying to find element: By.xpath: //yt-icon[@icon='close']
2026-01-10 16:39:29.955 [TestNG-test-Smoke Tests-2] INFO  [verifyingGlobalFilterLandingPage] [verifyingGlobalFilterLandingPage] Element found and ready (attempt 1): By.xpath: //yt-icon[@icon='close']
2026-01-10 16:39:30.045 [TestNG-test-Smoke Tests-2] INFO  [verifyingGlobalFilterLandingPage] Clicking on global filter button in landing page..
2026-01-10 16:39:30.045 [TestNG-test-Smoke Tests-2] INFO  [verifyingGlobalFilterLandingPage] [verifyingGlobalFilterLandingPage] Trying to click element: By.xpath: //div[@id='filter-button']
2026-01-10 16:39:30.238 [TestNG-test-Smoke Tests-2] INFO  [verifyingGlobalFilterLandingPage] [verifyingGlobalFilterLandingPage] Clicked successfully (attempt 1): By.xpath: //div[@id='filter-button']
2026-01-10 16:39:30.489 [TestNG-test-Smoke Tests-2] INFO  [verifyingGlobalFilterLandingPage] Fetching the data from the global filter in landing page
2026-01-10 16:39:30.489 [TestNG-test-Smoke Tests-2] INFO  [verifyingGlobalFilterLandingPage] [verifyingGlobalFilterLandingPage] Trying to find element: By.xpath: //ytd-search-filter-options-dialog-renderer[@class='style-scope ytd-popup-container']
2026-01-10 16:39:30.516 [TestNG-test-Smoke Tests-2] INFO  [verifyingGlobalFilterLandingPage] [verifyingGlobalFilterLandingPage] Element found and ready (attempt 1): By.xpath: //ytd-search-filter-options-dialog-renderer[@class='style-scope ytd-popup-container']
2026-01-10 16:39:30.550 [TestNG-test-Smoke Tests-2] INFO  [verifyingGlobalFilterLandingPage] Closing the global filter pop-up in landing page..
2026-01-10 16:39:30.550 [TestNG-test-Smoke Tests-2] INFO  [verifyingGlobalFilterLandingPage] [verifyingGlobalFilterLandingPage] Trying to find element: By.xpath: //yt-icon[@icon='close']
2026-01-10 16:39:30.575 [TestNG-test-Smoke Tests-2] INFO  [verifyingGlobalFilterLandingPage] [verifyingGlobalFilterLandingPage] Element found and ready (attempt 1): By.xpath: //yt-icon[@icon='close']
2026-01-10 16:39:30.638 [TestNG-test-Smoke Tests-2] INFO  [verifyingGlobalFilterLandingPage] Test PASSED: verifyingGlobalFilterLandingPage
2026-01-10 16:39:30.638 [TestNG-test-Smoke Tests-2] INFO  [verifyingGlobalFilterLandingPage] Closing WebDriver for thread: 35
2026-01-10 16:39:31.125 [TestNG-test-Smoke Tests-2] INFO  [verifyingGlobalFilterLandingPage] WebDriver instance removed from ThreadLocal for thread: 35
2026-01-10 16:39:31.125 [TestNG-test-Smoke Tests-2] INFO  [verifyingGlobalFilterLandingPage] Driver closed for test: verifyingGlobalFilterLandingPage
