2025-12-25 16:31:26.114 [TestNG-test-Smoke Tests-2] INFO  [verifyingGlobalFilterLandingPageLingua] ===== STARTING TEST: verifyingGlobalFilterLandingPageLingua  | Thread: 35 =====
2025-12-25 16:31:26.117 [TestNG-test-Smoke Tests-2] INFO  [verifyingGlobalFilterLandingPageLingua] No existing WebDriver found for current thread. Initializing a new ChromeDriver...
2025-12-25 16:31:26.284 [TestNG-test-Smoke Tests-2] INFO  [verifyingGlobalFilterLandingPageLingua] WebDriverManager: chromedriver setup OK
2025-12-25 16:31:27.890 [TestNG-test-Smoke Tests-2] INFO  [verifyingGlobalFilterLandingPageLingua] ChromeDriver initialized successfully for thread: 35
2025-12-25 16:31:27.890 [TestNG-test-Smoke Tests-2] INFO  [verifyingGlobalFilterLandingPageLingua] Driver initialized successfully for test: verifyingGlobalFilterLandingPageLingua
2025-12-25 16:31:27.891 [TestNG-test-Smoke Tests-2] INFO  [verifyingGlobalFilterLandingPageLingua] SafeActions initialized with driver ChromeDriver: chrome on windows (3a1017be512979dc759a14987c547d3f)
2025-12-25 16:31:27.891 [TestNG-test-Smoke Tests-2] INFO  [verifyingGlobalFilterLandingPageLingua] SafeActions initialized with driver ChromeDriver: chrome on windows (3a1017be512979dc759a14987c547d3f)
2025-12-25 16:31:27.891 [TestNG-test-Smoke Tests-2] INFO  [verifyingGlobalFilterLandingPageLingua] Initialized YtLandingPage with driver: ChromeDriver: chrome on windows (3a1017be512979dc759a14987c547d3f)
2025-12-25 16:31:35.719 [TestNG-test-Smoke Tests-2] INFO  [verifyingGlobalFilterLandingPageLingua] Opened YouTube landing page.
2025-12-25 16:31:35.720 [TestNG-test-Smoke Tests-2] INFO  [verifyingGlobalFilterLandingPageLingua] Giving input into the search bar with input as  = youtube
2025-12-25 16:31:35.720 [TestNG-test-Smoke Tests-2] INFO  [verifyingGlobalFilterLandingPageLingua] [verifyingGlobalFilterLandingPageLingua] Trying to click element: By.xpath: //input[@class='ytSearchboxComponentInput yt-searchbox-input title']
2025-12-25 16:31:36.026 [TestNG-test-Smoke Tests-2] INFO  [verifyingGlobalFilterLandingPageLingua] [verifyingGlobalFilterLandingPageLingua] Clicked successfully (attempt 1): By.xpath: //input[@class='ytSearchboxComponentInput yt-searchbox-input title']
2025-12-25 16:31:36.276 [TestNG-test-Smoke Tests-2] INFO  [verifyingGlobalFilterLandingPageLingua] [verifyingGlobalFilterLandingPageLingua] Trying to find element: By.xpath: //input[@class='ytSearchboxComponentInput yt-searchbox-input title']
2025-12-25 16:31:36.306 [TestNG-test-Smoke Tests-2] INFO  [verifyingGlobalFilterLandingPageLingua] [verifyingGlobalFilterLandingPageLingua] Element found and ready (attempt 1): By.xpath: //input[@class='ytSearchboxComponentInput yt-searchbox-input title']
2025-12-25 16:31:36.383 [TestNG-test-Smoke Tests-2] INFO  [verifyingGlobalFilterLandingPageLingua] clickEnter(By.xpath: //input[@class='ytSearchboxComponentInput yt-searchbox-input title'])
2025-12-25 16:31:36.383 [TestNG-test-Smoke Tests-2] INFO  [verifyingGlobalFilterLandingPageLingua] [verifyingGlobalFilterLandingPageLingua] Trying to find element: By.xpath: //input[@class='ytSearchboxComponentInput yt-searchbox-input title']
2025-12-25 16:31:36.430 [TestNG-test-Smoke Tests-2] INFO  [verifyingGlobalFilterLandingPageLingua] [verifyingGlobalFilterLandingPageLingua] Element found and ready (attempt 1): By.xpath: //input[@class='ytSearchboxComponentInput yt-searchbox-input title']
2025-12-25 16:31:36.738 [TestNG-test-Smoke Tests-2] INFO  [verifyingGlobalFilterLandingPageLingua] Sent ENTER to By.xpath: //input[@class='ytSearchboxComponentInput yt-searchbox-input title']
2025-12-25 16:31:36.738 [TestNG-test-Smoke Tests-2] INFO  [verifyingGlobalFilterLandingPageLingua] [verifyingGlobalFilterLandingPageLingua] Execution is Not CRON Job Hence refering to normal keys from UtilData
2025-12-25 16:31:36.740 [TestNG-test-Smoke Tests-2] INFO  [verifyingGlobalFilterLandingPageLingua] Clicking settings ellipses button...
2025-12-25 16:31:36.740 [TestNG-test-Smoke Tests-2] INFO  [verifyingGlobalFilterLandingPageLingua] [verifyingGlobalFilterLandingPageLingua] Trying to find element: By.xpath: //ytd-topbar-menu-button-renderer[@class='style-scope ytd-masthead style-default']
2025-12-25 16:31:37.193 [TestNG-test-Smoke Tests-2] INFO  [verifyingGlobalFilterLandingPageLingua] [verifyingGlobalFilterLandingPageLingua] Element found and ready (attempt 1): By.xpath: //ytd-topbar-menu-button-renderer[@class='style-scope ytd-masthead style-default']
2025-12-25 16:31:39.626 [TestNG-test-Smoke Tests-2] INFO  [verifyingGlobalFilterLandingPageLingua] Clicking language dropdown...
2025-12-25 16:31:39.626 [TestNG-test-Smoke Tests-2] INFO  [verifyingGlobalFilterLandingPageLingua] [verifyingGlobalFilterLandingPageLingua] Trying to find element: By.xpath: (//div[@id='content-icon'])[2]
2025-12-25 16:31:39.655 [TestNG-test-Smoke Tests-2] INFO  [verifyingGlobalFilterLandingPageLingua] [verifyingGlobalFilterLandingPageLingua] Element found and ready (attempt 1): By.xpath: (//div[@id='content-icon'])[2]
2025-12-25 16:31:43.006 [TestNG-test-Smoke Tests-2] INFO  [verifyingGlobalFilterLandingPageLingua] Looking for language element with name: Afrikaans
2025-12-25 16:31:43.006 [TestNG-test-Smoke Tests-2] INFO  [verifyingGlobalFilterLandingPageLingua] [verifyingGlobalFilterLandingPageLingua] Trying to find element: By.xpath: //yt-multi-page-menu-section-renderer[@class='style-scope ytd-multi-page-menu-renderer']//yt-formatted-string[@id='label' and text()='Afrikaans']
2025-12-25 16:31:43.041 [TestNG-test-Smoke Tests-2] INFO  [verifyingGlobalFilterLandingPageLingua] [verifyingGlobalFilterLandingPageLingua] Element found and ready (attempt 1): By.xpath: //yt-multi-page-menu-section-renderer[@class='style-scope ytd-multi-page-menu-renderer']//yt-formatted-string[@id='label' and text()='Afrikaans']
2025-12-25 16:31:47.437 [TestNG-test-Smoke Tests-2] INFO  [verifyingGlobalFilterLandingPageLingua] Clicking on global filter button in landing page..
2025-12-25 16:31:47.437 [TestNG-test-Smoke Tests-2] INFO  [verifyingGlobalFilterLandingPageLingua] [verifyingGlobalFilterLandingPageLingua] Trying to click element: By.xpath: //div[@id='filter-button']
2025-12-25 16:31:47.770 [TestNG-test-Smoke Tests-2] INFO  [verifyingGlobalFilterLandingPageLingua] [verifyingGlobalFilterLandingPageLingua] Clicked successfully (attempt 1): By.xpath: //div[@id='filter-button']
2025-12-25 16:31:48.026 [TestNG-test-Smoke Tests-2] INFO  [verifyingGlobalFilterLandingPageLingua] Fetching the data from the global filter in landing page
2025-12-25 16:31:48.026 [TestNG-test-Smoke Tests-2] INFO  [verifyingGlobalFilterLandingPageLingua] [verifyingGlobalFilterLandingPageLingua] Trying to find element: By.xpath: //ytd-search-filter-options-dialog-renderer[@class='style-scope ytd-popup-container']
2025-12-25 16:31:48.065 [TestNG-test-Smoke Tests-2] INFO  [verifyingGlobalFilterLandingPageLingua] [verifyingGlobalFilterLandingPageLingua] Element found and ready (attempt 1): By.xpath: //ytd-search-filter-options-dialog-renderer[@class='style-scope ytd-popup-container']
2025-12-25 16:31:48.157 [TestNG-test-Smoke Tests-2] INFO  [verifyingGlobalFilterLandingPageLingua] Closing the global filter pop-up in landing page..
2025-12-25 16:31:48.157 [TestNG-test-Smoke Tests-2] INFO  [verifyingGlobalFilterLandingPageLingua] [verifyingGlobalFilterLandingPageLingua] Trying to find element: By.xpath: //yt-icon[@icon='close']
2025-12-25 16:31:48.247 [TestNG-test-Smoke Tests-2] INFO  [verifyingGlobalFilterLandingPageLingua] [verifyingGlobalFilterLandingPageLingua] Element found and ready (attempt 1): By.xpath: //yt-icon[@icon='close']
2025-12-25 16:31:49.215 [TestNG-test-Smoke Tests-2] INFO  [verifyingGlobalFilterLandingPageLingua] 
========== LANGUAGE DETECTION ==========
Detected Language : AFRIKAANS
Input Text        : Soekfilters
OPLAAIDATUM
Afgelope uur
Vandag
Vandeesweek
Vandeesmaand
Hierdie jaar
TIPE
Video
Kanaal
Snitlys
Fliek
TYDSDUUR
Korter as 4 minute
4–20 minute
Langer as 20 minute
KENMERKE
Regstreeks
4K
HD
Onderskrifte
Creative Commons
360°
VR180
3D
HDR
Ligging
Gekoop
RANGSKIK VOLGENS
Relevansie
Oplaaidatum
Kyktelling
Gradering
========================================
2025-12-25 16:31:49.216 [TestNG-test-Smoke Tests-2] INFO  [verifyingGlobalFilterLandingPageLingua] getExpectedLangageViaApplicableLangInput(Afrikaans)
2025-12-25 16:31:49.217 [TestNG-test-Smoke Tests-2] INFO  [verifyingGlobalFilterLandingPageLingua] Expected language for 'Afrikaans' -> AFRIKAANS
2025-12-25 16:31:49.217 [TestNG-test-Smoke Tests-2] INFO  [verifyingGlobalFilterLandingPageLingua] getLangAttributeViaLanguageInput(Afrikaans)
2025-12-25 16:31:49.217 [TestNG-test-Smoke Tests-2] INFO  [verifyingGlobalFilterLandingPageLingua] Mapped Afrikaans -> af-ZA
2025-12-25 16:31:49.217 [TestNG-test-Smoke Tests-2] INFO  [verifyingGlobalFilterLandingPageLingua] getLangAttribute() - locating <html> and reading lang property
2025-12-25 16:31:49.239 [TestNG-test-Smoke Tests-2] INFO  [verifyingGlobalFilterLandingPageLingua] Language attribute read: af-ZA
2025-12-25 16:31:49.239 [TestNG-test-Smoke Tests-2] INFO  [verifyingGlobalFilterLandingPageLingua] Clicking settings ellipses button...
2025-12-25 16:31:49.239 [TestNG-test-Smoke Tests-2] INFO  [verifyingGlobalFilterLandingPageLingua] [verifyingGlobalFilterLandingPageLingua] Trying to find element: By.xpath: //ytd-topbar-menu-button-renderer[@class='style-scope ytd-masthead style-default']
2025-12-25 16:31:49.261 [TestNG-test-Smoke Tests-2] INFO  [verifyingGlobalFilterLandingPageLingua] [verifyingGlobalFilterLandingPageLingua] Element found and ready (attempt 1): By.xpath: //ytd-topbar-menu-button-renderer[@class='style-scope ytd-masthead style-default']
2025-12-25 16:31:51.339 [TestNG-test-Smoke Tests-2] INFO  [verifyingGlobalFilterLandingPageLingua] Clicking language dropdown...
2025-12-25 16:31:51.340 [TestNG-test-Smoke Tests-2] INFO  [verifyingGlobalFilterLandingPageLingua] [verifyingGlobalFilterLandingPageLingua] Trying to find element: By.xpath: (//div[@id='content-icon'])[2]
2025-12-25 16:31:51.437 [TestNG-test-Smoke Tests-2] INFO  [verifyingGlobalFilterLandingPageLingua] [verifyingGlobalFilterLandingPageLingua] Element found and ready (attempt 1): By.xpath: (//div[@id='content-icon'])[2]
2025-12-25 16:31:54.989 [TestNG-test-Smoke Tests-2] INFO  [verifyingGlobalFilterLandingPageLingua] Looking for language element with name: Azərbaycan
2025-12-25 16:31:54.989 [TestNG-test-Smoke Tests-2] INFO  [verifyingGlobalFilterLandingPageLingua] [verifyingGlobalFilterLandingPageLingua] Trying to find element: By.xpath: //yt-multi-page-menu-section-renderer[@class='style-scope ytd-multi-page-menu-renderer']//yt-formatted-string[@id='label' and text()='Azərbaycan']
2025-12-25 16:31:55.037 [TestNG-test-Smoke Tests-2] INFO  [verifyingGlobalFilterLandingPageLingua] [verifyingGlobalFilterLandingPageLingua] Element found and ready (attempt 1): By.xpath: //yt-multi-page-menu-section-renderer[@class='style-scope ytd-multi-page-menu-renderer']//yt-formatted-string[@id='label' and text()='Azərbaycan']
2025-12-25 16:32:01.141 [TestNG-test-Smoke Tests-2] INFO  [verifyingGlobalFilterLandingPageLingua] Clicking on global filter button in landing page..
2025-12-25 16:32:01.141 [TestNG-test-Smoke Tests-2] INFO  [verifyingGlobalFilterLandingPageLingua] [verifyingGlobalFilterLandingPageLingua] Trying to click element: By.xpath: //div[@id='filter-button']
2025-12-25 16:32:01.446 [TestNG-test-Smoke Tests-2] INFO  [verifyingGlobalFilterLandingPageLingua] [verifyingGlobalFilterLandingPageLingua] Clicked successfully (attempt 1): By.xpath: //div[@id='filter-button']
2025-12-25 16:32:01.697 [TestNG-test-Smoke Tests-2] INFO  [verifyingGlobalFilterLandingPageLingua] Fetching the data from the global filter in landing page
2025-12-25 16:32:01.697 [TestNG-test-Smoke Tests-2] INFO  [verifyingGlobalFilterLandingPageLingua] [verifyingGlobalFilterLandingPageLingua] Trying to find element: By.xpath: //ytd-search-filter-options-dialog-renderer[@class='style-scope ytd-popup-container']
2025-12-25 16:32:01.734 [TestNG-test-Smoke Tests-2] INFO  [verifyingGlobalFilterLandingPageLingua] [verifyingGlobalFilterLandingPageLingua] Element found and ready (attempt 1): By.xpath: //ytd-search-filter-options-dialog-renderer[@class='style-scope ytd-popup-container']
2025-12-25 16:32:01.827 [TestNG-test-Smoke Tests-2] INFO  [verifyingGlobalFilterLandingPageLingua] Closing the global filter pop-up in landing page..
2025-12-25 16:32:01.828 [TestNG-test-Smoke Tests-2] INFO  [verifyingGlobalFilterLandingPageLingua] [verifyingGlobalFilterLandingPageLingua] Trying to find element: By.xpath: //yt-icon[@icon='close']
2025-12-25 16:32:01.878 [TestNG-test-Smoke Tests-2] INFO  [verifyingGlobalFilterLandingPageLingua] [verifyingGlobalFilterLandingPageLingua] Element found and ready (attempt 1): By.xpath: //yt-icon[@icon='close']
2025-12-25 16:32:02.047 [TestNG-test-Smoke Tests-2] INFO  [verifyingGlobalFilterLandingPageLingua] 
========== LANGUAGE DETECTION ==========
Detected Language : AZERBAIJANI
Input Text        : Axtarış filtrləri
YÜKLƏMƏ TARIXI
Son saat
Bu gün
Bu həftə
Bu ay
Bu il
NÖV
Video
Kanal
Playlist
Kino
MÜDDƏT
4 dəqiqədən az
4-20 dəqiqə
20 dəqiqədən çox
FUNKSIYALAR
Canlı
4K
HD
Altyazılar/gizli altyazılar
Creative Commons lisenziyalı
360°
VR180
3D
HDR
Məkan
Satın alınmış
SIRALA
uyğunluq
Yükləmə tarixi
Baxış sayı
Reytinq
========================================
2025-12-25 16:32:02.047 [TestNG-test-Smoke Tests-2] INFO  [verifyingGlobalFilterLandingPageLingua] getExpectedLangageViaApplicableLangInput(Azərbaycan)
2025-12-25 16:32:02.047 [TestNG-test-Smoke Tests-2] INFO  [verifyingGlobalFilterLandingPageLingua] Expected language for 'Azərbaycan' -> AZERBAIJANI
2025-12-25 16:32:02.047 [TestNG-test-Smoke Tests-2] INFO  [verifyingGlobalFilterLandingPageLingua] getLangAttributeViaLanguageInput(Azərbaycan)
2025-12-25 16:32:02.047 [TestNG-test-Smoke Tests-2] INFO  [verifyingGlobalFilterLandingPageLingua] Mapped Azərbaycan -> az-Latn-AZ
2025-12-25 16:32:02.047 [TestNG-test-Smoke Tests-2] INFO  [verifyingGlobalFilterLandingPageLingua] getLangAttribute() - locating <html> and reading lang property
2025-12-25 16:32:02.079 [TestNG-test-Smoke Tests-2] INFO  [verifyingGlobalFilterLandingPageLingua] Language attribute read: az-Latn-AZ
2025-12-25 16:32:02.079 [TestNG-test-Smoke Tests-2] INFO  [verifyingGlobalFilterLandingPageLingua] Clicking settings ellipses button...
2025-12-25 16:32:02.079 [TestNG-test-Smoke Tests-2] INFO  [verifyingGlobalFilterLandingPageLingua] [verifyingGlobalFilterLandingPageLingua] Trying to find element: By.xpath: //ytd-topbar-menu-button-renderer[@class='style-scope ytd-masthead style-default']
2025-12-25 16:32:02.116 [TestNG-test-Smoke Tests-2] INFO  [verifyingGlobalFilterLandingPageLingua] [verifyingGlobalFilterLandingPageLingua] Element found and ready (attempt 1): By.xpath: //ytd-topbar-menu-button-renderer[@class='style-scope ytd-masthead style-default']
2025-12-25 16:32:04.286 [TestNG-test-Smoke Tests-2] INFO  [verifyingGlobalFilterLandingPageLingua] Clicking language dropdown...
2025-12-25 16:32:04.286 [TestNG-test-Smoke Tests-2] INFO  [verifyingGlobalFilterLandingPageLingua] [verifyingGlobalFilterLandingPageLingua] Trying to find element: By.xpath: (//div[@id='content-icon'])[2]
2025-12-25 16:32:04.314 [TestNG-test-Smoke Tests-2] INFO  [verifyingGlobalFilterLandingPageLingua] [verifyingGlobalFilterLandingPageLingua] Element found and ready (attempt 1): By.xpath: (//div[@id='content-icon'])[2]
2025-12-25 16:32:07.776 [TestNG-test-Smoke Tests-2] INFO  [verifyingGlobalFilterLandingPageLingua] Looking for language element with name: Bahasa Indonesia
2025-12-25 16:32:07.776 [TestNG-test-Smoke Tests-2] INFO  [verifyingGlobalFilterLandingPageLingua] [verifyingGlobalFilterLandingPageLingua] Trying to find element: By.xpath: //yt-multi-page-menu-section-renderer[@class='style-scope ytd-multi-page-menu-renderer']//yt-formatted-string[@id='label' and text()='Bahasa Indonesia']
2025-12-25 16:32:07.806 [TestNG-test-Smoke Tests-2] INFO  [verifyingGlobalFilterLandingPageLingua] [verifyingGlobalFilterLandingPageLingua] Element found and ready (attempt 1): By.xpath: //yt-multi-page-menu-section-renderer[@class='style-scope ytd-multi-page-menu-renderer']//yt-formatted-string[@id='label' and text()='Bahasa Indonesia']
2025-12-25 16:32:12.472 [TestNG-test-Smoke Tests-2] INFO  [verifyingGlobalFilterLandingPageLingua] Clicking on global filter button in landing page..
2025-12-25 16:32:12.472 [TestNG-test-Smoke Tests-2] INFO  [verifyingGlobalFilterLandingPageLingua] [verifyingGlobalFilterLandingPageLingua] Trying to click element: By.xpath: //div[@id='filter-button']
2025-12-25 16:32:12.785 [TestNG-test-Smoke Tests-2] INFO  [verifyingGlobalFilterLandingPageLingua] [verifyingGlobalFilterLandingPageLingua] Clicked successfully (attempt 1): By.xpath: //div[@id='filter-button']
2025-12-25 16:32:13.037 [TestNG-test-Smoke Tests-2] INFO  [verifyingGlobalFilterLandingPageLingua] Fetching the data from the global filter in landing page
2025-12-25 16:32:13.037 [TestNG-test-Smoke Tests-2] INFO  [verifyingGlobalFilterLandingPageLingua] [verifyingGlobalFilterLandingPageLingua] Trying to find element: By.xpath: //ytd-search-filter-options-dialog-renderer[@class='style-scope ytd-popup-container']
2025-12-25 16:32:13.065 [TestNG-test-Smoke Tests-2] INFO  [verifyingGlobalFilterLandingPageLingua] [verifyingGlobalFilterLandingPageLingua] Element found and ready (attempt 1): By.xpath: //ytd-search-filter-options-dialog-renderer[@class='style-scope ytd-popup-container']
2025-12-25 16:32:13.105 [TestNG-test-Smoke Tests-2] INFO  [verifyingGlobalFilterLandingPageLingua] Closing the global filter pop-up in landing page..
2025-12-25 16:32:13.106 [TestNG-test-Smoke Tests-2] INFO  [verifyingGlobalFilterLandingPageLingua] [verifyingGlobalFilterLandingPageLingua] Trying to find element: By.xpath: //yt-icon[@icon='close']
2025-12-25 16:32:13.153 [TestNG-test-Smoke Tests-2] INFO  [verifyingGlobalFilterLandingPageLingua] [verifyingGlobalFilterLandingPageLingua] Element found and ready (attempt 1): By.xpath: //yt-icon[@icon='close']
2025-12-25 16:32:13.263 [TestNG-test-Smoke Tests-2] INFO  [verifyingGlobalFilterLandingPageLingua] 
========== LANGUAGE DETECTION ==========
Detected Language : INDONESIAN
Input Text        : Filter penelusuran
TANGGAL UPLOAD
Sejam terakhir
Hari ini
Minggu ini
Bulan ini
Tahun ini
JENIS
Video
Channel
Playlist
Film
DURASI
Kurang dari 4 menit
4 - 20 menit
Lebih dari 20 menit
FITUR
Live
4K
HD
Subtitel/CC
Creative Commons
360°
VR180
3D
HDR
Lokasi
Dibeli
URUTKAN MENURUT
Relevansi
Tanggal upload
Jumlah tayangan
Rating
========================================
2025-12-25 16:32:13.264 [TestNG-test-Smoke Tests-2] INFO  [verifyingGlobalFilterLandingPageLingua] getExpectedLangageViaApplicableLangInput(Bahasa Indonesia)
2025-12-25 16:32:13.264 [TestNG-test-Smoke Tests-2] INFO  [verifyingGlobalFilterLandingPageLingua] Expected language for 'Bahasa Indonesia' -> INDONESIAN
2025-12-25 16:32:13.264 [TestNG-test-Smoke Tests-2] INFO  [verifyingGlobalFilterLandingPageLingua] getLangAttributeViaLanguageInput(Bahasa Indonesia)
2025-12-25 16:32:13.264 [TestNG-test-Smoke Tests-2] INFO  [verifyingGlobalFilterLandingPageLingua] Mapped Bahasa Indonesia -> id-ID
2025-12-25 16:32:13.264 [TestNG-test-Smoke Tests-2] INFO  [verifyingGlobalFilterLandingPageLingua] getLangAttribute() - locating <html> and reading lang property
2025-12-25 16:32:13.286 [TestNG-test-Smoke Tests-2] INFO  [verifyingGlobalFilterLandingPageLingua] Language attribute read: id-ID
2025-12-25 16:32:13.287 [TestNG-test-Smoke Tests-2] INFO  [verifyingGlobalFilterLandingPageLingua] Clicking settings ellipses button...
2025-12-25 16:32:13.287 [TestNG-test-Smoke Tests-2] INFO  [verifyingGlobalFilterLandingPageLingua] [verifyingGlobalFilterLandingPageLingua] Trying to find element: By.xpath: //ytd-topbar-menu-button-renderer[@class='style-scope ytd-masthead style-default']
2025-12-25 16:32:13.324 [TestNG-test-Smoke Tests-2] INFO  [verifyingGlobalFilterLandingPageLingua] [verifyingGlobalFilterLandingPageLingua] Element found and ready (attempt 1): By.xpath: //ytd-topbar-menu-button-renderer[@class='style-scope ytd-masthead style-default']
2025-12-25 16:32:15.438 [TestNG-test-Smoke Tests-2] INFO  [verifyingGlobalFilterLandingPageLingua] Clicking language dropdown...
2025-12-25 16:32:15.438 [TestNG-test-Smoke Tests-2] INFO  [verifyingGlobalFilterLandingPageLingua] [verifyingGlobalFilterLandingPageLingua] Trying to find element: By.xpath: (//div[@id='content-icon'])[2]
2025-12-25 16:32:15.466 [TestNG-test-Smoke Tests-2] INFO  [verifyingGlobalFilterLandingPageLingua] [verifyingGlobalFilterLandingPageLingua] Element found and ready (attempt 1): By.xpath: (//div[@id='content-icon'])[2]
2025-12-25 16:32:18.766 [TestNG-test-Smoke Tests-2] INFO  [verifyingGlobalFilterLandingPageLingua] Looking for language element with name: Bosanski
2025-12-25 16:32:18.766 [TestNG-test-Smoke Tests-2] INFO  [verifyingGlobalFilterLandingPageLingua] [verifyingGlobalFilterLandingPageLingua] Trying to find element: By.xpath: //yt-multi-page-menu-section-renderer[@class='style-scope ytd-multi-page-menu-renderer']//yt-formatted-string[@id='label' and text()='Bosanski']
2025-12-25 16:32:18.988 [TestNG-test-Smoke Tests-2] INFO  [verifyingGlobalFilterLandingPageLingua] [verifyingGlobalFilterLandingPageLingua] Element found and ready (attempt 1): By.xpath: //yt-multi-page-menu-section-renderer[@class='style-scope ytd-multi-page-menu-renderer']//yt-formatted-string[@id='label' and text()='Bosanski']
2025-12-25 16:32:23.383 [TestNG-test-Smoke Tests-2] INFO  [verifyingGlobalFilterLandingPageLingua] Clicking on global filter button in landing page..
2025-12-25 16:32:23.383 [TestNG-test-Smoke Tests-2] INFO  [verifyingGlobalFilterLandingPageLingua] [verifyingGlobalFilterLandingPageLingua] Trying to click element: By.xpath: //div[@id='filter-button']
2025-12-25 16:32:23.822 [TestNG-test-Smoke Tests-2] INFO  [verifyingGlobalFilterLandingPageLingua] [verifyingGlobalFilterLandingPageLingua] Clicked successfully (attempt 1): By.xpath: //div[@id='filter-button']
2025-12-25 16:32:24.074 [TestNG-test-Smoke Tests-2] INFO  [verifyingGlobalFilterLandingPageLingua] Fetching the data from the global filter in landing page
2025-12-25 16:32:24.074 [TestNG-test-Smoke Tests-2] INFO  [verifyingGlobalFilterLandingPageLingua] [verifyingGlobalFilterLandingPageLingua] Trying to find element: By.xpath: //ytd-search-filter-options-dialog-renderer[@class='style-scope ytd-popup-container']
2025-12-25 16:32:24.100 [TestNG-test-Smoke Tests-2] INFO  [verifyingGlobalFilterLandingPageLingua] [verifyingGlobalFilterLandingPageLingua] Element found and ready (attempt 1): By.xpath: //ytd-search-filter-options-dialog-renderer[@class='style-scope ytd-popup-container']
2025-12-25 16:32:24.133 [TestNG-test-Smoke Tests-2] INFO  [verifyingGlobalFilterLandingPageLingua] Closing the global filter pop-up in landing page..
2025-12-25 16:32:24.133 [TestNG-test-Smoke Tests-2] INFO  [verifyingGlobalFilterLandingPageLingua] [verifyingGlobalFilterLandingPageLingua] Trying to find element: By.xpath: //yt-icon[@icon='close']
2025-12-25 16:32:24.172 [TestNG-test-Smoke Tests-2] INFO  [verifyingGlobalFilterLandingPageLingua] [verifyingGlobalFilterLandingPageLingua] Element found and ready (attempt 1): By.xpath: //yt-icon[@icon='close']
2025-12-25 16:32:24.253 [TestNG-test-Smoke Tests-2] INFO  [verifyingGlobalFilterLandingPageLingua] 
========== LANGUAGE DETECTION ==========
Detected Language : BOSNIAN
Input Text        : Filteri pretraživanja
DATUM OTPREMANJA
Posljednji sat
Danas
Ova sedmica
Ovog mjeseca
Ove godine
VRSTA
Videozapis
Kanal
Plejlista
Film
TRAJANJE
Manje od 4 minute
4 - 20 minuta
Više od 20 minuta
FUNKCIJE
Uživo
4K
HD
Titlovi
Creative Commons
360°
VR180
3D
HDR
Lokacija
Kupljeno
POREDAJ PO:
Relevantnost
Datum otpremanja
Broj pregleda
Ocjena
========================================
2025-12-25 16:32:24.253 [TestNG-test-Smoke Tests-2] INFO  [verifyingGlobalFilterLandingPageLingua] getExpectedLangageViaApplicableLangInput(Bosanski)
2025-12-25 16:32:24.253 [TestNG-test-Smoke Tests-2] INFO  [verifyingGlobalFilterLandingPageLingua] Expected language for 'Bosanski' -> CROATIAN
2025-12-25 16:32:24.253 [TestNG-test-Smoke Tests-2] INFO  [verifyingGlobalFilterLandingPageLingua] getLangAttributeViaLanguageInput(Bosanski)
2025-12-25 16:32:24.253 [TestNG-test-Smoke Tests-2] INFO  [verifyingGlobalFilterLandingPageLingua] Mapped Bosanski -> bs-Latn-BA
2025-12-25 16:32:24.253 [TestNG-test-Smoke Tests-2] INFO  [verifyingGlobalFilterLandingPageLingua] getLangAttribute() - locating <html> and reading lang property
2025-12-25 16:32:24.291 [TestNG-test-Smoke Tests-2] INFO  [verifyingGlobalFilterLandingPageLingua] Language attribute read: bs-Latn-BA
2025-12-25 16:32:24.292 [TestNG-test-Smoke Tests-2] INFO  [verifyingGlobalFilterLandingPageLingua] Clicking settings ellipses button...
2025-12-25 16:32:24.292 [TestNG-test-Smoke Tests-2] INFO  [verifyingGlobalFilterLandingPageLingua] [verifyingGlobalFilterLandingPageLingua] Trying to find element: By.xpath: //ytd-topbar-menu-button-renderer[@class='style-scope ytd-masthead style-default']
2025-12-25 16:32:24.316 [TestNG-test-Smoke Tests-2] INFO  [verifyingGlobalFilterLandingPageLingua] [verifyingGlobalFilterLandingPageLingua] Element found and ready (attempt 1): By.xpath: //ytd-topbar-menu-button-renderer[@class='style-scope ytd-masthead style-default']
2025-12-25 16:32:26.409 [TestNG-test-Smoke Tests-2] INFO  [verifyingGlobalFilterLandingPageLingua] Clicking language dropdown...
2025-12-25 16:32:26.409 [TestNG-test-Smoke Tests-2] INFO  [verifyingGlobalFilterLandingPageLingua] [verifyingGlobalFilterLandingPageLingua] Trying to find element: By.xpath: (//div[@id='content-icon'])[2]
2025-12-25 16:32:26.433 [TestNG-test-Smoke Tests-2] INFO  [verifyingGlobalFilterLandingPageLingua] [verifyingGlobalFilterLandingPageLingua] Element found and ready (attempt 1): By.xpath: (//div[@id='content-icon'])[2]
2025-12-25 16:32:29.737 [TestNG-test-Smoke Tests-2] INFO  [verifyingGlobalFilterLandingPageLingua] Looking for language element with name: Català
2025-12-25 16:32:29.737 [TestNG-test-Smoke Tests-2] INFO  [verifyingGlobalFilterLandingPageLingua] [verifyingGlobalFilterLandingPageLingua] Trying to find element: By.xpath: //yt-multi-page-menu-section-renderer[@class='style-scope ytd-multi-page-menu-renderer']//yt-formatted-string[@id='label' and text()='Català']
2025-12-25 16:32:29.769 [TestNG-test-Smoke Tests-2] INFO  [verifyingGlobalFilterLandingPageLingua] [verifyingGlobalFilterLandingPageLingua] Element found and ready (attempt 1): By.xpath: //yt-multi-page-menu-section-renderer[@class='style-scope ytd-multi-page-menu-renderer']//yt-formatted-string[@id='label' and text()='Català']
2025-12-25 16:32:34.297 [TestNG-test-Smoke Tests-2] INFO  [verifyingGlobalFilterLandingPageLingua] Clicking on global filter button in landing page..
2025-12-25 16:32:34.297 [TestNG-test-Smoke Tests-2] INFO  [verifyingGlobalFilterLandingPageLingua] [verifyingGlobalFilterLandingPageLingua] Trying to click element: By.xpath: //div[@id='filter-button']
2025-12-25 16:32:34.635 [TestNG-test-Smoke Tests-2] INFO  [verifyingGlobalFilterLandingPageLingua] [verifyingGlobalFilterLandingPageLingua] Clicked successfully (attempt 1): By.xpath: //div[@id='filter-button']
2025-12-25 16:32:34.886 [TestNG-test-Smoke Tests-2] INFO  [verifyingGlobalFilterLandingPageLingua] Fetching the data from the global filter in landing page
2025-12-25 16:32:34.886 [TestNG-test-Smoke Tests-2] INFO  [verifyingGlobalFilterLandingPageLingua] [verifyingGlobalFilterLandingPageLingua] Trying to find element: By.xpath: //ytd-search-filter-options-dialog-renderer[@class='style-scope ytd-popup-container']
2025-12-25 16:32:34.910 [TestNG-test-Smoke Tests-2] INFO  [verifyingGlobalFilterLandingPageLingua] [verifyingGlobalFilterLandingPageLingua] Element found and ready (attempt 1): By.xpath: //ytd-search-filter-options-dialog-renderer[@class='style-scope ytd-popup-container']
2025-12-25 16:32:34.937 [TestNG-test-Smoke Tests-2] INFO  [verifyingGlobalFilterLandingPageLingua] Closing the global filter pop-up in landing page..
2025-12-25 16:32:34.937 [TestNG-test-Smoke Tests-2] INFO  [verifyingGlobalFilterLandingPageLingua] [verifyingGlobalFilterLandingPageLingua] Trying to find element: By.xpath: //yt-icon[@icon='close']
2025-12-25 16:32:34.971 [TestNG-test-Smoke Tests-2] INFO  [verifyingGlobalFilterLandingPageLingua] [verifyingGlobalFilterLandingPageLingua] Element found and ready (attempt 1): By.xpath: //yt-icon[@icon='close']
2025-12-25 16:32:35.026 [TestNG-test-Smoke Tests-2] INFO  [verifyingGlobalFilterLandingPageLingua] 
========== LANGUAGE DETECTION ==========
Detected Language : CATALAN
Input Text        : Filtres de cerca
DATA DE PUJADA
Darrera hora
Avui
Aquesta setmana
Aquest mes
Aquest any
TIPUS
Vídeo
Canal
Llista de reproducció
Pel·lícula
DURADA
Menys de 4 minuts
4-20 minuts
Més de 20 minuts
FUNCIONS
En directe
4K
HD
Subtítols
Creative Commons
360°
VR180
3D
HDR
Ubicació
Comprat
ORDENA PER
Rellevància
Data de pujada
Visualitzacions
Puntuació
========================================
2025-12-25 16:32:35.026 [TestNG-test-Smoke Tests-2] INFO  [verifyingGlobalFilterLandingPageLingua] getExpectedLangageViaApplicableLangInput(Català)
2025-12-25 16:32:35.026 [TestNG-test-Smoke Tests-2] INFO  [verifyingGlobalFilterLandingPageLingua] Expected language for 'Català' -> CATALAN
2025-12-25 16:32:35.026 [TestNG-test-Smoke Tests-2] INFO  [verifyingGlobalFilterLandingPageLingua] getLangAttributeViaLanguageInput(Català)
2025-12-25 16:32:35.026 [TestNG-test-Smoke Tests-2] INFO  [verifyingGlobalFilterLandingPageLingua] Mapped Català -> ca-ES
2025-12-25 16:32:35.026 [TestNG-test-Smoke Tests-2] INFO  [verifyingGlobalFilterLandingPageLingua] getLangAttribute() - locating <html> and reading lang property
2025-12-25 16:32:35.057 [TestNG-test-Smoke Tests-2] INFO  [verifyingGlobalFilterLandingPageLingua] Language attribute read: ca-ES
2025-12-25 16:32:35.057 [TestNG-test-Smoke Tests-2] INFO  [verifyingGlobalFilterLandingPageLingua] Clicking settings ellipses button...
2025-12-25 16:32:35.057 [TestNG-test-Smoke Tests-2] INFO  [verifyingGlobalFilterLandingPageLingua] [verifyingGlobalFilterLandingPageLingua] Trying to find element: By.xpath: //ytd-topbar-menu-button-renderer[@class='style-scope ytd-masthead style-default']
2025-12-25 16:32:35.081 [TestNG-test-Smoke Tests-2] INFO  [verifyingGlobalFilterLandingPageLingua] [verifyingGlobalFilterLandingPageLingua] Element found and ready (attempt 1): By.xpath: //ytd-topbar-menu-button-renderer[@class='style-scope ytd-masthead style-default']
2025-12-25 16:32:37.161 [TestNG-test-Smoke Tests-2] INFO  [verifyingGlobalFilterLandingPageLingua] Clicking language dropdown...
2025-12-25 16:32:37.161 [TestNG-test-Smoke Tests-2] INFO  [verifyingGlobalFilterLandingPageLingua] [verifyingGlobalFilterLandingPageLingua] Trying to find element: By.xpath: (//div[@id='content-icon'])[2]
2025-12-25 16:32:37.184 [TestNG-test-Smoke Tests-2] INFO  [verifyingGlobalFilterLandingPageLingua] [verifyingGlobalFilterLandingPageLingua] Element found and ready (attempt 1): By.xpath: (//div[@id='content-icon'])[2]
2025-12-25 16:32:40.468 [TestNG-test-Smoke Tests-2] INFO  [verifyingGlobalFilterLandingPageLingua] Looking for language element with name: Dansk
2025-12-25 16:32:40.468 [TestNG-test-Smoke Tests-2] INFO  [verifyingGlobalFilterLandingPageLingua] [verifyingGlobalFilterLandingPageLingua] Trying to find element: By.xpath: //yt-multi-page-menu-section-renderer[@class='style-scope ytd-multi-page-menu-renderer']//yt-formatted-string[@id='label' and text()='Dansk']
2025-12-25 16:32:40.654 [TestNG-test-Smoke Tests-2] INFO  [verifyingGlobalFilterLandingPageLingua] [verifyingGlobalFilterLandingPageLingua] Element found and ready (attempt 1): By.xpath: //yt-multi-page-menu-section-renderer[@class='style-scope ytd-multi-page-menu-renderer']//yt-formatted-string[@id='label' and text()='Dansk']
2025-12-25 16:32:45.224 [TestNG-test-Smoke Tests-2] INFO  [verifyingGlobalFilterLandingPageLingua] Clicking on global filter button in landing page..
2025-12-25 16:32:45.224 [TestNG-test-Smoke Tests-2] INFO  [verifyingGlobalFilterLandingPageLingua] [verifyingGlobalFilterLandingPageLingua] Trying to click element: By.xpath: //div[@id='filter-button']
2025-12-25 16:32:45.411 [TestNG-test-Smoke Tests-2] INFO  [verifyingGlobalFilterLandingPageLingua] [verifyingGlobalFilterLandingPageLingua] Clicked successfully (attempt 1): By.xpath: //div[@id='filter-button']
2025-12-25 16:32:45.662 [TestNG-test-Smoke Tests-2] INFO  [verifyingGlobalFilterLandingPageLingua] Fetching the data from the global filter in landing page
2025-12-25 16:32:45.662 [TestNG-test-Smoke Tests-2] INFO  [verifyingGlobalFilterLandingPageLingua] [verifyingGlobalFilterLandingPageLingua] Trying to find element: By.xpath: //ytd-search-filter-options-dialog-renderer[@class='style-scope ytd-popup-container']
2025-12-25 16:32:45.712 [TestNG-test-Smoke Tests-2] INFO  [verifyingGlobalFilterLandingPageLingua] [verifyingGlobalFilterLandingPageLingua] Element found and ready (attempt 1): By.xpath: //ytd-search-filter-options-dialog-renderer[@class='style-scope ytd-popup-container']
2025-12-25 16:32:45.757 [TestNG-test-Smoke Tests-2] INFO  [verifyingGlobalFilterLandingPageLingua] Closing the global filter pop-up in landing page..
2025-12-25 16:32:45.760 [TestNG-test-Smoke Tests-2] INFO  [verifyingGlobalFilterLandingPageLingua] [verifyingGlobalFilterLandingPageLingua] Trying to find element: By.xpath: //yt-icon[@icon='close']
2025-12-25 16:32:45.799 [TestNG-test-Smoke Tests-2] INFO  [verifyingGlobalFilterLandingPageLingua] [verifyingGlobalFilterLandingPageLingua] Element found and ready (attempt 1): By.xpath: //yt-icon[@icon='close']
2025-12-25 16:32:45.871 [TestNG-test-Smoke Tests-2] INFO  [verifyingGlobalFilterLandingPageLingua] 
========== LANGUAGE DETECTION ==========
Detected Language : DANISH
Input Text        : Søgefiltre
DATO FOR UPLOAD
Seneste time
I dag
Denne uge
Denne måned
I år
TYPE
Video
Kanal
Playliste
Film
VARIGHED
Under 4 minutter
4-20 minutter
Over 20 minutter
EGENSKABER
Live
4K
HD
Undertekster
Creative Commons
360°
VR180
3D
HDR
Lokation
Købt
SORTER EFTER
Relevans
Dato for upload
Antal visninger
Bedømmelse
========================================
2025-12-25 16:32:45.871 [TestNG-test-Smoke Tests-2] INFO  [verifyingGlobalFilterLandingPageLingua] getExpectedLangageViaApplicableLangInput(Dansk)
2025-12-25 16:32:45.871 [TestNG-test-Smoke Tests-2] INFO  [verifyingGlobalFilterLandingPageLingua] Expected language for 'Dansk' -> DANISH
2025-12-25 16:32:45.871 [TestNG-test-Smoke Tests-2] INFO  [verifyingGlobalFilterLandingPageLingua] getLangAttributeViaLanguageInput(Dansk)
2025-12-25 16:32:45.871 [TestNG-test-Smoke Tests-2] INFO  [verifyingGlobalFilterLandingPageLingua] Mapped Dansk -> da-DK
2025-12-25 16:32:45.871 [TestNG-test-Smoke Tests-2] INFO  [verifyingGlobalFilterLandingPageLingua] getLangAttribute() - locating <html> and reading lang property
2025-12-25 16:32:45.960 [TestNG-test-Smoke Tests-2] INFO  [verifyingGlobalFilterLandingPageLingua] Language attribute read: da-DK
2025-12-25 16:32:45.960 [TestNG-test-Smoke Tests-2] INFO  [verifyingGlobalFilterLandingPageLingua] Clicking settings ellipses button...
2025-12-25 16:32:45.960 [TestNG-test-Smoke Tests-2] INFO  [verifyingGlobalFilterLandingPageLingua] [verifyingGlobalFilterLandingPageLingua] Trying to find element: By.xpath: //ytd-topbar-menu-button-renderer[@class='style-scope ytd-masthead style-default']
2025-12-25 16:32:46.018 [TestNG-test-Smoke Tests-2] INFO  [verifyingGlobalFilterLandingPageLingua] [verifyingGlobalFilterLandingPageLingua] Element found and ready (attempt 1): By.xpath: //ytd-topbar-menu-button-renderer[@class='style-scope ytd-masthead style-default']
2025-12-25 16:32:48.126 [TestNG-test-Smoke Tests-2] INFO  [verifyingGlobalFilterLandingPageLingua] Clicking language dropdown...
2025-12-25 16:32:48.126 [TestNG-test-Smoke Tests-2] INFO  [verifyingGlobalFilterLandingPageLingua] [verifyingGlobalFilterLandingPageLingua] Trying to find element: By.xpath: (//div[@id='content-icon'])[2]
2025-12-25 16:32:48.148 [TestNG-test-Smoke Tests-2] INFO  [verifyingGlobalFilterLandingPageLingua] [verifyingGlobalFilterLandingPageLingua] Element found and ready (attempt 1): By.xpath: (//div[@id='content-icon'])[2]
2025-12-25 16:32:51.514 [TestNG-test-Smoke Tests-2] INFO  [verifyingGlobalFilterLandingPageLingua] Looking for language element with name: Deutsch
2025-12-25 16:32:51.514 [TestNG-test-Smoke Tests-2] INFO  [verifyingGlobalFilterLandingPageLingua] [verifyingGlobalFilterLandingPageLingua] Trying to find element: By.xpath: //yt-multi-page-menu-section-renderer[@class='style-scope ytd-multi-page-menu-renderer']//yt-formatted-string[@id='label' and text()='Deutsch']
2025-12-25 16:32:51.544 [TestNG-test-Smoke Tests-2] INFO  [verifyingGlobalFilterLandingPageLingua] [verifyingGlobalFilterLandingPageLingua] Element found and ready (attempt 1): By.xpath: //yt-multi-page-menu-section-renderer[@class='style-scope ytd-multi-page-menu-renderer']//yt-formatted-string[@id='label' and text()='Deutsch']
2025-12-25 16:32:56.691 [TestNG-test-Smoke Tests-2] INFO  [verifyingGlobalFilterLandingPageLingua] Clicking on global filter button in landing page..
2025-12-25 16:32:56.691 [TestNG-test-Smoke Tests-2] INFO  [verifyingGlobalFilterLandingPageLingua] [verifyingGlobalFilterLandingPageLingua] Trying to click element: By.xpath: //div[@id='filter-button']
2025-12-25 16:32:57.462 [TestNG-test-Smoke Tests-2] INFO  [verifyingGlobalFilterLandingPageLingua] [verifyingGlobalFilterLandingPageLingua] Clicked successfully (attempt 1): By.xpath: //div[@id='filter-button']
2025-12-25 16:32:57.713 [TestNG-test-Smoke Tests-2] INFO  [verifyingGlobalFilterLandingPageLingua] Fetching the data from the global filter in landing page
2025-12-25 16:32:57.713 [TestNG-test-Smoke Tests-2] INFO  [verifyingGlobalFilterLandingPageLingua] [verifyingGlobalFilterLandingPageLingua] Trying to find element: By.xpath: //ytd-search-filter-options-dialog-renderer[@class='style-scope ytd-popup-container']
2025-12-25 16:32:57.737 [TestNG-test-Smoke Tests-2] INFO  [verifyingGlobalFilterLandingPageLingua] [verifyingGlobalFilterLandingPageLingua] Element found and ready (attempt 1): By.xpath: //ytd-search-filter-options-dialog-renderer[@class='style-scope ytd-popup-container']
2025-12-25 16:32:57.764 [TestNG-test-Smoke Tests-2] INFO  [verifyingGlobalFilterLandingPageLingua] Closing the global filter pop-up in landing page..
2025-12-25 16:32:57.764 [TestNG-test-Smoke Tests-2] INFO  [verifyingGlobalFilterLandingPageLingua] [verifyingGlobalFilterLandingPageLingua] Trying to find element: By.xpath: //yt-icon[@icon='close']
2025-12-25 16:32:57.786 [TestNG-test-Smoke Tests-2] INFO  [verifyingGlobalFilterLandingPageLingua] [verifyingGlobalFilterLandingPageLingua] Element found and ready (attempt 1): By.xpath: //yt-icon[@icon='close']
2025-12-25 16:32:57.859 [TestNG-test-Smoke Tests-2] INFO  [verifyingGlobalFilterLandingPageLingua] 
========== LANGUAGE DETECTION ==========
Detected Language : GERMAN
Input Text        : Suchfilter
HOCHLADEDATUM
Letzte Stunde
Heute
Diese Woche
Dieser Monat
Dieses Jahr
TYP
Video
Kanal
Playlist
Film
DAUER
Kürzer als 4 Minuten
4–20 Minuten
Länger als 20 Minuten
EIGENSCHAFTEN
Live
4K
HD
Untertitel/CC
Creative Commons
360°
VR180
3D
HDR
Standort
Gekauft
SORTIEREN NACH
Relevanz
Upload-Datum
Anzahl der Aufrufe
Bewertung
========================================
2025-12-25 16:32:57.859 [TestNG-test-Smoke Tests-2] INFO  [verifyingGlobalFilterLandingPageLingua] getExpectedLangageViaApplicableLangInput(Deutsch)
2025-12-25 16:32:57.859 [TestNG-test-Smoke Tests-2] INFO  [verifyingGlobalFilterLandingPageLingua] Expected language for 'Deutsch' -> GERMAN
2025-12-25 16:32:57.859 [TestNG-test-Smoke Tests-2] INFO  [verifyingGlobalFilterLandingPageLingua] getLangAttributeViaLanguageInput(Deutsch)
2025-12-25 16:32:57.859 [TestNG-test-Smoke Tests-2] INFO  [verifyingGlobalFilterLandingPageLingua] Mapped Deutsch -> de-DE
2025-12-25 16:32:57.859 [TestNG-test-Smoke Tests-2] INFO  [verifyingGlobalFilterLandingPageLingua] getLangAttribute() - locating <html> and reading lang property
2025-12-25 16:32:57.889 [TestNG-test-Smoke Tests-2] INFO  [verifyingGlobalFilterLandingPageLingua] Language attribute read: de-DE
2025-12-25 16:32:57.889 [TestNG-test-Smoke Tests-2] INFO  [verifyingGlobalFilterLandingPageLingua] Clicking settings ellipses button...
2025-12-25 16:32:57.889 [TestNG-test-Smoke Tests-2] INFO  [verifyingGlobalFilterLandingPageLingua] [verifyingGlobalFilterLandingPageLingua] Trying to find element: By.xpath: //ytd-topbar-menu-button-renderer[@class='style-scope ytd-masthead style-default']
2025-12-25 16:32:57.918 [TestNG-test-Smoke Tests-2] INFO  [verifyingGlobalFilterLandingPageLingua] [verifyingGlobalFilterLandingPageLingua] Element found and ready (attempt 1): By.xpath: //ytd-topbar-menu-button-renderer[@class='style-scope ytd-masthead style-default']
2025-12-25 16:33:00.008 [TestNG-test-Smoke Tests-2] INFO  [verifyingGlobalFilterLandingPageLingua] Clicking language dropdown...
2025-12-25 16:33:00.008 [TestNG-test-Smoke Tests-2] INFO  [verifyingGlobalFilterLandingPageLingua] [verifyingGlobalFilterLandingPageLingua] Trying to find element: By.xpath: (//div[@id='content-icon'])[2]
2025-12-25 16:33:00.039 [TestNG-test-Smoke Tests-2] INFO  [verifyingGlobalFilterLandingPageLingua] [verifyingGlobalFilterLandingPageLingua] Element found and ready (attempt 1): By.xpath: (//div[@id='content-icon'])[2]
2025-12-25 16:33:03.375 [TestNG-test-Smoke Tests-2] INFO  [verifyingGlobalFilterLandingPageLingua] Looking for language element with name: Eesti
2025-12-25 16:33:03.375 [TestNG-test-Smoke Tests-2] INFO  [verifyingGlobalFilterLandingPageLingua] [verifyingGlobalFilterLandingPageLingua] Trying to find element: By.xpath: //yt-multi-page-menu-section-renderer[@class='style-scope ytd-multi-page-menu-renderer']//yt-formatted-string[@id='label' and text()='Eesti']
2025-12-25 16:33:03.416 [TestNG-test-Smoke Tests-2] INFO  [verifyingGlobalFilterLandingPageLingua] [verifyingGlobalFilterLandingPageLingua] Element found and ready (attempt 1): By.xpath: //yt-multi-page-menu-section-renderer[@class='style-scope ytd-multi-page-menu-renderer']//yt-formatted-string[@id='label' and text()='Eesti']
2025-12-25 16:33:09.673 [TestNG-test-Smoke Tests-2] INFO  [verifyingGlobalFilterLandingPageLingua] Clicking on global filter button in landing page..
2025-12-25 16:33:09.673 [TestNG-test-Smoke Tests-2] INFO  [verifyingGlobalFilterLandingPageLingua] [verifyingGlobalFilterLandingPageLingua] Trying to click element: By.xpath: //div[@id='filter-button']
2025-12-25 16:33:09.887 [TestNG-test-Smoke Tests-2] INFO  [verifyingGlobalFilterLandingPageLingua] [verifyingGlobalFilterLandingPageLingua] Clicked successfully (attempt 1): By.xpath: //div[@id='filter-button']
2025-12-25 16:33:10.138 [TestNG-test-Smoke Tests-2] INFO  [verifyingGlobalFilterLandingPageLingua] Fetching the data from the global filter in landing page
2025-12-25 16:33:10.138 [TestNG-test-Smoke Tests-2] INFO  [verifyingGlobalFilterLandingPageLingua] [verifyingGlobalFilterLandingPageLingua] Trying to find element: By.xpath: //ytd-search-filter-options-dialog-renderer[@class='style-scope ytd-popup-container']
2025-12-25 16:33:10.203 [TestNG-test-Smoke Tests-2] INFO  [verifyingGlobalFilterLandingPageLingua] [verifyingGlobalFilterLandingPageLingua] Element found and ready (attempt 1): By.xpath: //ytd-search-filter-options-dialog-renderer[@class='style-scope ytd-popup-container']
2025-12-25 16:33:10.248 [TestNG-test-Smoke Tests-2] INFO  [verifyingGlobalFilterLandingPageLingua] Closing the global filter pop-up in landing page..
2025-12-25 16:33:10.248 [TestNG-test-Smoke Tests-2] INFO  [verifyingGlobalFilterLandingPageLingua] [verifyingGlobalFilterLandingPageLingua] Trying to find element: By.xpath: //yt-icon[@icon='close']
2025-12-25 16:33:10.293 [TestNG-test-Smoke Tests-2] INFO  [verifyingGlobalFilterLandingPageLingua] [verifyingGlobalFilterLandingPageLingua] Element found and ready (attempt 1): By.xpath: //yt-icon[@icon='close']
2025-12-25 16:33:10.388 [TestNG-test-Smoke Tests-2] INFO  [verifyingGlobalFilterLandingPageLingua] 
========== LANGUAGE DETECTION ==========
Detected Language : ESTONIAN
Input Text        : Otsingufiltrid
ÜLESLAADIMISE KUUPÄEV
Viimane tund
Täna
See nädal
See kuu
See aasta
TÜÜP
Video
Kanal
Esitusloend
Film
KESTUS
Alla 4 minuti
4–20 minutit
Üle 20 minuti
FUNKTSIOONID
Reaalajas
4K
HD
Subtiitrid
Creative Commons
360°
VR180
3D
HDR
Asukoht
Ostetud
SORDI LÄHTUDES
Asjakohasus
Üleslaadimiskuupäev
Vaatamiste arv
Hinnang
========================================
2025-12-25 16:33:10.388 [TestNG-test-Smoke Tests-2] INFO  [verifyingGlobalFilterLandingPageLingua] getExpectedLangageViaApplicableLangInput(Eesti)
2025-12-25 16:33:10.388 [TestNG-test-Smoke Tests-2] INFO  [verifyingGlobalFilterLandingPageLingua] Expected language for 'Eesti' -> ESTONIAN
2025-12-25 16:33:10.388 [TestNG-test-Smoke Tests-2] INFO  [verifyingGlobalFilterLandingPageLingua] getLangAttributeViaLanguageInput(Eesti)
2025-12-25 16:33:10.389 [TestNG-test-Smoke Tests-2] INFO  [verifyingGlobalFilterLandingPageLingua] Mapped Eesti -> et-EE
2025-12-25 16:33:10.389 [TestNG-test-Smoke Tests-2] INFO  [verifyingGlobalFilterLandingPageLingua] getLangAttribute() - locating <html> and reading lang property
2025-12-25 16:33:10.420 [TestNG-test-Smoke Tests-2] INFO  [verifyingGlobalFilterLandingPageLingua] Language attribute read: et-EE
2025-12-25 16:33:10.420 [TestNG-test-Smoke Tests-2] INFO  [verifyingGlobalFilterLandingPageLingua] Clicking settings ellipses button...
2025-12-25 16:33:10.420 [TestNG-test-Smoke Tests-2] INFO  [verifyingGlobalFilterLandingPageLingua] [verifyingGlobalFilterLandingPageLingua] Trying to find element: By.xpath: //ytd-topbar-menu-button-renderer[@class='style-scope ytd-masthead style-default']
2025-12-25 16:33:10.446 [TestNG-test-Smoke Tests-2] INFO  [verifyingGlobalFilterLandingPageLingua] [verifyingGlobalFilterLandingPageLingua] Element found and ready (attempt 1): By.xpath: //ytd-topbar-menu-button-renderer[@class='style-scope ytd-masthead style-default']
2025-12-25 16:33:12.565 [TestNG-test-Smoke Tests-2] INFO  [verifyingGlobalFilterLandingPageLingua] Clicking language dropdown...
2025-12-25 16:33:12.565 [TestNG-test-Smoke Tests-2] INFO  [verifyingGlobalFilterLandingPageLingua] [verifyingGlobalFilterLandingPageLingua] Trying to find element: By.xpath: (//div[@id='content-icon'])[2]
2025-12-25 16:33:12.596 [TestNG-test-Smoke Tests-2] INFO  [verifyingGlobalFilterLandingPageLingua] [verifyingGlobalFilterLandingPageLingua] Element found and ready (attempt 1): By.xpath: (//div[@id='content-icon'])[2]
2025-12-25 16:33:16.502 [TestNG-test-Smoke Tests-2] INFO  [verifyingGlobalFilterLandingPageLingua] Looking for language element with name: English (India)
2025-12-25 16:33:16.502 [TestNG-test-Smoke Tests-2] INFO  [verifyingGlobalFilterLandingPageLingua] [verifyingGlobalFilterLandingPageLingua] Trying to find element: By.xpath: //yt-multi-page-menu-section-renderer[@class='style-scope ytd-multi-page-menu-renderer']//yt-formatted-string[@id='label' and text()='English (India)']
2025-12-25 16:33:16.563 [TestNG-test-Smoke Tests-2] INFO  [verifyingGlobalFilterLandingPageLingua] [verifyingGlobalFilterLandingPageLingua] Element found and ready (attempt 1): By.xpath: //yt-multi-page-menu-section-renderer[@class='style-scope ytd-multi-page-menu-renderer']//yt-formatted-string[@id='label' and text()='English (India)']
2025-12-25 16:33:22.292 [TestNG-test-Smoke Tests-2] INFO  [verifyingGlobalFilterLandingPageLingua] Clicking on global filter button in landing page..
2025-12-25 16:33:22.292 [TestNG-test-Smoke Tests-2] INFO  [verifyingGlobalFilterLandingPageLingua] [verifyingGlobalFilterLandingPageLingua] Trying to click element: By.xpath: //div[@id='filter-button']
2025-12-25 16:33:22.535 [TestNG-test-Smoke Tests-2] INFO  [verifyingGlobalFilterLandingPageLingua] [verifyingGlobalFilterLandingPageLingua] Clicked successfully (attempt 1): By.xpath: //div[@id='filter-button']
2025-12-25 16:33:22.787 [TestNG-test-Smoke Tests-2] INFO  [verifyingGlobalFilterLandingPageLingua] Fetching the data from the global filter in landing page
2025-12-25 16:33:22.787 [TestNG-test-Smoke Tests-2] INFO  [verifyingGlobalFilterLandingPageLingua] [verifyingGlobalFilterLandingPageLingua] Trying to find element: By.xpath: //ytd-search-filter-options-dialog-renderer[@class='style-scope ytd-popup-container']
2025-12-25 16:33:22.811 [TestNG-test-Smoke Tests-2] INFO  [verifyingGlobalFilterLandingPageLingua] [verifyingGlobalFilterLandingPageLingua] Element found and ready (attempt 1): By.xpath: //ytd-search-filter-options-dialog-renderer[@class='style-scope ytd-popup-container']
2025-12-25 16:33:22.837 [TestNG-test-Smoke Tests-2] INFO  [verifyingGlobalFilterLandingPageLingua] Closing the global filter pop-up in landing page..
2025-12-25 16:33:22.838 [TestNG-test-Smoke Tests-2] INFO  [verifyingGlobalFilterLandingPageLingua] [verifyingGlobalFilterLandingPageLingua] Trying to find element: By.xpath: //yt-icon[@icon='close']
2025-12-25 16:33:22.861 [TestNG-test-Smoke Tests-2] INFO  [verifyingGlobalFilterLandingPageLingua] [verifyingGlobalFilterLandingPageLingua] Element found and ready (attempt 1): By.xpath: //yt-icon[@icon='close']
2025-12-25 16:33:22.933 [TestNG-test-Smoke Tests-2] INFO  [verifyingGlobalFilterLandingPageLingua] 
========== LANGUAGE DETECTION ==========
Detected Language : ENGLISH
Input Text        : Search filters
UPLOAD DATE
Last hour
Today
This week
This month
This year
TYPE
Video
Channel
Playlist
Film
DURATION
Under 4 minutes
4–20 minutes
Over 20 minutes
FEATURES
Live
4K
HD
Subtitles/CC
Creative Commons
360°
VR180
3D
HDR
Location
Purchased
SORT BY
Relevance
Upload date
View count
Rating
========================================
2025-12-25 16:33:22.933 [TestNG-test-Smoke Tests-2] INFO  [verifyingGlobalFilterLandingPageLingua] getExpectedLangageViaApplicableLangInput(English (India))
2025-12-25 16:33:22.933 [TestNG-test-Smoke Tests-2] INFO  [verifyingGlobalFilterLandingPageLingua] Expected language for 'English (India)' -> ENGLISH
2025-12-25 16:33:22.933 [TestNG-test-Smoke Tests-2] INFO  [verifyingGlobalFilterLandingPageLingua] getLangAttributeViaLanguageInput(English (India))
2025-12-25 16:33:22.933 [TestNG-test-Smoke Tests-2] INFO  [verifyingGlobalFilterLandingPageLingua] Mapped English (India) -> en-IN
2025-12-25 16:33:22.933 [TestNG-test-Smoke Tests-2] INFO  [verifyingGlobalFilterLandingPageLingua] getLangAttribute() - locating <html> and reading lang property
2025-12-25 16:33:22.958 [TestNG-test-Smoke Tests-2] INFO  [verifyingGlobalFilterLandingPageLingua] Language attribute read: en-IN
2025-12-25 16:33:22.958 [TestNG-test-Smoke Tests-2] INFO  [verifyingGlobalFilterLandingPageLingua] [verifyingGlobalFilterLandingPageLingua] Not retrying test 'verifyingGlobalFilterLandingPageLingua'. Retry count: 0, Cause: The following asserts failed:
	Language detection mismatch expected [CROATIAN] but found [BOSNIAN]
2025-12-25 16:33:22.960 [TestNG-test-Smoke Tests-2] ERROR [verifyingGlobalFilterLandingPageLingua] Test FAILED: verifyingGlobalFilterLandingPageLingua - java.lang.AssertionError: The following asserts failed:
	Language detection mismatch expected [CROATIAN] but found [BOSNIAN]
2025-12-25 16:33:22.960 [TestNG-test-Smoke Tests-2] INFO  [verifyingGlobalFilterLandingPageLingua] Closing WebDriver for thread: 35
2025-12-25 16:33:29.527 [TestNG-test-Smoke Tests-2] INFO  [verifyingGlobalFilterLandingPageLingua] WebDriver instance removed from ThreadLocal for thread: 35
2025-12-25 16:33:29.527 [TestNG-test-Smoke Tests-2] INFO  [verifyingGlobalFilterLandingPageLingua] Driver closed for test: verifyingGlobalFilterLandingPageLingua
