2025-12-22 10:59:11.711 [TestNG-test-Smoke Tests-1] INFO  [verifyingSideMenuCollapsedLangAsInSettings] ===== STARTING TEST: verifyingSideMenuCollapsedLangAsInSettings  | Thread: 34 =====
2025-12-22 10:59:11.715 [TestNG-test-Smoke Tests-1] INFO  [verifyingSideMenuCollapsedLangAsInSettings] No existing WebDriver found for current thread. Initializing a new ChromeDriver...
2025-12-22 10:59:11.723 [TestNG-test-Smoke Tests-1] INFO  [verifyingSideMenuCollapsedLangAsInSettings] WebDriverManager: chromedriver setup OK
2025-12-22 10:59:41.785 [TestNG-test-Smoke Tests-1] INFO  [verifyingSideMenuCollapsedLangAsInSettings] ChromeDriver initialized successfully for thread: 34
2025-12-22 10:59:41.786 [TestNG-test-Smoke Tests-1] INFO  [verifyingSideMenuCollapsedLangAsInSettings] Driver initialized successfully for test: verifyingSideMenuCollapsedLangAsInSettings
2025-12-22 10:59:41.787 [TestNG-test-Smoke Tests-1] INFO  [verifyingSideMenuCollapsedLangAsInSettings] SafeActions initialized with driver ChromeDriver: chrome on windows (f842efef1a123502b5aa6906513394ae)
2025-12-22 10:59:41.787 [TestNG-test-Smoke Tests-1] INFO  [verifyingSideMenuCollapsedLangAsInSettings] Initialized YtLandingPage with driver: ChromeDriver: chrome on windows (f842efef1a123502b5aa6906513394ae)
2025-12-22 10:59:41.787 [TestNG-test-Smoke Tests-1] INFO  [verifyingSideMenuCollapsedLangAsInSettings] SafeActions initialized with driver ChromeDriver: chrome on windows (f842efef1a123502b5aa6906513394ae)
2025-12-22 10:59:47.901 [TestNG-test-Smoke Tests-1] INFO  [verifyingSideMenuCollapsedLangAsInSettings] Opened YouTube landing page.
2025-12-22 10:59:47.908 [TestNG-test-Smoke Tests-1] INFO  [verifyingSideMenuCollapsedLangAsInSettings] Clicking settings ellipses button...
2025-12-22 10:59:47.908 [TestNG-test-Smoke Tests-1] INFO  [verifyingSideMenuCollapsedLangAsInSettings] [verifyingSideMenuCollapsedLangAsInSettings] Trying to find element: By.xpath: //ytd-topbar-menu-button-renderer[@class='style-scope ytd-masthead style-default']
2025-12-22 10:59:47.945 [TestNG-test-Smoke Tests-1] INFO  [verifyingSideMenuCollapsedLangAsInSettings] [verifyingSideMenuCollapsedLangAsInSettings] Element found and ready (attempt 1): By.xpath: //ytd-topbar-menu-button-renderer[@class='style-scope ytd-masthead style-default']
2025-12-22 10:59:50.056 [TestNG-test-Smoke Tests-1] INFO  [verifyingSideMenuCollapsedLangAsInSettings] Clicking language dropdown...
2025-12-22 10:59:50.056 [TestNG-test-Smoke Tests-1] INFO  [verifyingSideMenuCollapsedLangAsInSettings] [verifyingSideMenuCollapsedLangAsInSettings] Trying to find element: By.xpath: (//div[@id='content-icon'])[2]
2025-12-22 10:59:50.084 [TestNG-test-Smoke Tests-1] INFO  [verifyingSideMenuCollapsedLangAsInSettings] [verifyingSideMenuCollapsedLangAsInSettings] Element found and ready (attempt 1): By.xpath: (//div[@id='content-icon'])[2]
2025-12-22 10:59:53.570 [TestNG-test-Smoke Tests-1] INFO  [verifyingSideMenuCollapsedLangAsInSettings] Looking for language element with name: Afrikaans
2025-12-22 10:59:53.570 [TestNG-test-Smoke Tests-1] INFO  [verifyingSideMenuCollapsedLangAsInSettings] [verifyingSideMenuCollapsedLangAsInSettings] Trying to find element: By.xpath: //yt-multi-page-menu-section-renderer[@class='style-scope ytd-multi-page-menu-renderer']//yt-formatted-string[@id='label' and text()='Afrikaans']
2025-12-22 10:59:53.594 [TestNG-test-Smoke Tests-1] INFO  [verifyingSideMenuCollapsedLangAsInSettings] [verifyingSideMenuCollapsedLangAsInSettings] Element found and ready (attempt 1): By.xpath: //yt-multi-page-menu-section-renderer[@class='style-scope ytd-multi-page-menu-renderer']//yt-formatted-string[@id='label' and text()='Afrikaans']
2025-12-22 10:59:54.670 [TestNG-test-Smoke Tests-1] INFO  [verifyingSideMenuCollapsedLangAsInSettings] getLangAttribute() - locating <html> and reading lang property
2025-12-22 10:59:54.894 [TestNG-test-Smoke Tests-1] INFO  [verifyingSideMenuCollapsedLangAsInSettings] Language attribute read: af-ZA
2025-12-22 10:59:56.899 [TestNG-test-Smoke Tests-1] INFO  [verifyingSideMenuCollapsedLangAsInSettings] Fetching the side menu in collapsed view
2025-12-22 10:59:56.899 [TestNG-test-Smoke Tests-1] INFO  [verifyingSideMenuCollapsedLangAsInSettings] [verifyingSideMenuCollapsedLangAsInSettings] Finding elements list: By.xpath: //ytd-mini-guide-renderer[@class='style-scope ytd-app']//ytd-mini-guide-entry-renderer
2025-12-22 10:59:56.999 [TestNG-test-Smoke Tests-1] INFO  [verifyingSideMenuCollapsedLangAsInSettings] [verifyingSideMenuCollapsedLangAsInSettings] Found 4 ready elements (attempt 1): By.xpath: //ytd-mini-guide-renderer[@class='style-scope ytd-app']//ytd-mini-guide-entry-renderer
2025-12-22 10:59:57.097 [TestNG-test-Smoke Tests-1] INFO  [verifyingSideMenuCollapsedLangAsInSettings] Clicking settings ellipses button...
2025-12-22 10:59:57.098 [TestNG-test-Smoke Tests-1] INFO  [verifyingSideMenuCollapsedLangAsInSettings] [verifyingSideMenuCollapsedLangAsInSettings] Trying to find element: By.xpath: //ytd-topbar-menu-button-renderer[@class='style-scope ytd-masthead style-default']
2025-12-22 10:59:57.120 [TestNG-test-Smoke Tests-1] INFO  [verifyingSideMenuCollapsedLangAsInSettings] [verifyingSideMenuCollapsedLangAsInSettings] Element found and ready (attempt 1): By.xpath: //ytd-topbar-menu-button-renderer[@class='style-scope ytd-masthead style-default']
2025-12-22 10:59:59.206 [TestNG-test-Smoke Tests-1] INFO  [verifyingSideMenuCollapsedLangAsInSettings] Clicking language dropdown...
2025-12-22 10:59:59.207 [TestNG-test-Smoke Tests-1] INFO  [verifyingSideMenuCollapsedLangAsInSettings] [verifyingSideMenuCollapsedLangAsInSettings] Trying to find element: By.xpath: (//div[@id='content-icon'])[2]
2025-12-22 10:59:59.239 [TestNG-test-Smoke Tests-1] INFO  [verifyingSideMenuCollapsedLangAsInSettings] [verifyingSideMenuCollapsedLangAsInSettings] Element found and ready (attempt 1): By.xpath: (//div[@id='content-icon'])[2]
2025-12-22 11:00:02.825 [TestNG-test-Smoke Tests-1] INFO  [verifyingSideMenuCollapsedLangAsInSettings] Looking for language element with name: Azərbaycan
2025-12-22 11:00:02.826 [TestNG-test-Smoke Tests-1] INFO  [verifyingSideMenuCollapsedLangAsInSettings] [verifyingSideMenuCollapsedLangAsInSettings] Trying to find element: By.xpath: //yt-multi-page-menu-section-renderer[@class='style-scope ytd-multi-page-menu-renderer']//yt-formatted-string[@id='label' and text()='Azərbaycan']
2025-12-22 11:00:02.858 [TestNG-test-Smoke Tests-1] INFO  [verifyingSideMenuCollapsedLangAsInSettings] [verifyingSideMenuCollapsedLangAsInSettings] Element found and ready (attempt 1): By.xpath: //yt-multi-page-menu-section-renderer[@class='style-scope ytd-multi-page-menu-renderer']//yt-formatted-string[@id='label' and text()='Azərbaycan']
2025-12-22 11:00:04.009 [TestNG-test-Smoke Tests-1] INFO  [verifyingSideMenuCollapsedLangAsInSettings] getLangAttribute() - locating <html> and reading lang property
2025-12-22 11:00:04.524 [TestNG-test-Smoke Tests-1] INFO  [verifyingSideMenuCollapsedLangAsInSettings] Language attribute read: az-Latn-AZ
2025-12-22 11:00:06.549 [TestNG-test-Smoke Tests-1] INFO  [verifyingSideMenuCollapsedLangAsInSettings] Fetching the side menu in collapsed view
2025-12-22 11:00:06.550 [TestNG-test-Smoke Tests-1] INFO  [verifyingSideMenuCollapsedLangAsInSettings] [verifyingSideMenuCollapsedLangAsInSettings] Finding elements list: By.xpath: //ytd-mini-guide-renderer[@class='style-scope ytd-app']//ytd-mini-guide-entry-renderer
2025-12-22 11:00:06.903 [TestNG-test-Smoke Tests-1] INFO  [verifyingSideMenuCollapsedLangAsInSettings] [verifyingSideMenuCollapsedLangAsInSettings] Found 4 ready elements (attempt 1): By.xpath: //ytd-mini-guide-renderer[@class='style-scope ytd-app']//ytd-mini-guide-entry-renderer
2025-12-22 11:00:06.986 [TestNG-test-Smoke Tests-1] INFO  [verifyingSideMenuCollapsedLangAsInSettings] Clicking settings ellipses button...
2025-12-22 11:00:06.986 [TestNG-test-Smoke Tests-1] INFO  [verifyingSideMenuCollapsedLangAsInSettings] [verifyingSideMenuCollapsedLangAsInSettings] Trying to find element: By.xpath: //ytd-topbar-menu-button-renderer[@class='style-scope ytd-masthead style-default']
2025-12-22 11:00:07.006 [TestNG-test-Smoke Tests-1] INFO  [verifyingSideMenuCollapsedLangAsInSettings] [verifyingSideMenuCollapsedLangAsInSettings] Element found and ready (attempt 1): By.xpath: //ytd-topbar-menu-button-renderer[@class='style-scope ytd-masthead style-default']
2025-12-22 11:00:09.101 [TestNG-test-Smoke Tests-1] INFO  [verifyingSideMenuCollapsedLangAsInSettings] Clicking language dropdown...
2025-12-22 11:00:09.101 [TestNG-test-Smoke Tests-1] INFO  [verifyingSideMenuCollapsedLangAsInSettings] [verifyingSideMenuCollapsedLangAsInSettings] Trying to find element: By.xpath: (//div[@id='content-icon'])[2]
2025-12-22 11:00:09.120 [TestNG-test-Smoke Tests-1] INFO  [verifyingSideMenuCollapsedLangAsInSettings] [verifyingSideMenuCollapsedLangAsInSettings] Element found and ready (attempt 1): By.xpath: (//div[@id='content-icon'])[2]
2025-12-22 11:00:12.430 [TestNG-test-Smoke Tests-1] INFO  [verifyingSideMenuCollapsedLangAsInSettings] Looking for language element with name: Bahasa Indonesia
2025-12-22 11:00:12.430 [TestNG-test-Smoke Tests-1] INFO  [verifyingSideMenuCollapsedLangAsInSettings] [verifyingSideMenuCollapsedLangAsInSettings] Trying to find element: By.xpath: //yt-multi-page-menu-section-renderer[@class='style-scope ytd-multi-page-menu-renderer']//yt-formatted-string[@id='label' and text()='Bahasa Indonesia']
2025-12-22 11:00:12.453 [TestNG-test-Smoke Tests-1] INFO  [verifyingSideMenuCollapsedLangAsInSettings] [verifyingSideMenuCollapsedLangAsInSettings] Element found and ready (attempt 1): By.xpath: //yt-multi-page-menu-section-renderer[@class='style-scope ytd-multi-page-menu-renderer']//yt-formatted-string[@id='label' and text()='Bahasa Indonesia']
2025-12-22 11:00:14.241 [TestNG-test-Smoke Tests-1] INFO  [verifyingSideMenuCollapsedLangAsInSettings] getLangAttribute() - locating <html> and reading lang property
2025-12-22 11:00:14.272 [TestNG-test-Smoke Tests-1] INFO  [verifyingSideMenuCollapsedLangAsInSettings] Language attribute read: id-ID
2025-12-22 11:00:16.272 [TestNG-test-Smoke Tests-1] INFO  [verifyingSideMenuCollapsedLangAsInSettings] Fetching the side menu in collapsed view
2025-12-22 11:00:16.272 [TestNG-test-Smoke Tests-1] INFO  [verifyingSideMenuCollapsedLangAsInSettings] [verifyingSideMenuCollapsedLangAsInSettings] Finding elements list: By.xpath: //ytd-mini-guide-renderer[@class='style-scope ytd-app']//ytd-mini-guide-entry-renderer
2025-12-22 11:00:16.342 [TestNG-test-Smoke Tests-1] INFO  [verifyingSideMenuCollapsedLangAsInSettings] [verifyingSideMenuCollapsedLangAsInSettings] Found 4 ready elements (attempt 1): By.xpath: //ytd-mini-guide-renderer[@class='style-scope ytd-app']//ytd-mini-guide-entry-renderer
2025-12-22 11:00:16.416 [TestNG-test-Smoke Tests-1] INFO  [verifyingSideMenuCollapsedLangAsInSettings] Clicking settings ellipses button...
2025-12-22 11:00:16.416 [TestNG-test-Smoke Tests-1] INFO  [verifyingSideMenuCollapsedLangAsInSettings] [verifyingSideMenuCollapsedLangAsInSettings] Trying to find element: By.xpath: //ytd-topbar-menu-button-renderer[@class='style-scope ytd-masthead style-default']
2025-12-22 11:00:16.433 [TestNG-test-Smoke Tests-1] INFO  [verifyingSideMenuCollapsedLangAsInSettings] [verifyingSideMenuCollapsedLangAsInSettings] Element found and ready (attempt 1): By.xpath: //ytd-topbar-menu-button-renderer[@class='style-scope ytd-masthead style-default']
2025-12-22 11:00:18.509 [TestNG-test-Smoke Tests-1] INFO  [verifyingSideMenuCollapsedLangAsInSettings] Clicking language dropdown...
2025-12-22 11:00:18.509 [TestNG-test-Smoke Tests-1] INFO  [verifyingSideMenuCollapsedLangAsInSettings] [verifyingSideMenuCollapsedLangAsInSettings] Trying to find element: By.xpath: (//div[@id='content-icon'])[2]
2025-12-22 11:00:18.529 [TestNG-test-Smoke Tests-1] INFO  [verifyingSideMenuCollapsedLangAsInSettings] [verifyingSideMenuCollapsedLangAsInSettings] Element found and ready (attempt 1): By.xpath: (//div[@id='content-icon'])[2]
2025-12-22 11:00:21.940 [TestNG-test-Smoke Tests-1] INFO  [verifyingSideMenuCollapsedLangAsInSettings] Looking for language element with name: Bosanski
2025-12-22 11:00:21.940 [TestNG-test-Smoke Tests-1] INFO  [verifyingSideMenuCollapsedLangAsInSettings] [verifyingSideMenuCollapsedLangAsInSettings] Trying to find element: By.xpath: //yt-multi-page-menu-section-renderer[@class='style-scope ytd-multi-page-menu-renderer']//yt-formatted-string[@id='label' and text()='Bosanski']
2025-12-22 11:00:21.963 [TestNG-test-Smoke Tests-1] INFO  [verifyingSideMenuCollapsedLangAsInSettings] [verifyingSideMenuCollapsedLangAsInSettings] Element found and ready (attempt 1): By.xpath: //yt-multi-page-menu-section-renderer[@class='style-scope ytd-multi-page-menu-renderer']//yt-formatted-string[@id='label' and text()='Bosanski']
2025-12-22 11:00:23.384 [TestNG-test-Smoke Tests-1] INFO  [verifyingSideMenuCollapsedLangAsInSettings] getLangAttribute() - locating <html> and reading lang property
2025-12-22 11:00:23.611 [TestNG-test-Smoke Tests-1] INFO  [verifyingSideMenuCollapsedLangAsInSettings] Language attribute read: bs-Latn-BA
2025-12-22 11:00:25.612 [TestNG-test-Smoke Tests-1] INFO  [verifyingSideMenuCollapsedLangAsInSettings] Fetching the side menu in collapsed view
2025-12-22 11:00:25.612 [TestNG-test-Smoke Tests-1] INFO  [verifyingSideMenuCollapsedLangAsInSettings] [verifyingSideMenuCollapsedLangAsInSettings] Finding elements list: By.xpath: //ytd-mini-guide-renderer[@class='style-scope ytd-app']//ytd-mini-guide-entry-renderer
2025-12-22 11:00:25.675 [TestNG-test-Smoke Tests-1] INFO  [verifyingSideMenuCollapsedLangAsInSettings] [verifyingSideMenuCollapsedLangAsInSettings] Found 4 ready elements (attempt 1): By.xpath: //ytd-mini-guide-renderer[@class='style-scope ytd-app']//ytd-mini-guide-entry-renderer
2025-12-22 11:00:25.758 [TestNG-test-Smoke Tests-1] INFO  [verifyingSideMenuCollapsedLangAsInSettings] Clicking settings ellipses button...
2025-12-22 11:00:25.758 [TestNG-test-Smoke Tests-1] INFO  [verifyingSideMenuCollapsedLangAsInSettings] [verifyingSideMenuCollapsedLangAsInSettings] Trying to find element: By.xpath: //ytd-topbar-menu-button-renderer[@class='style-scope ytd-masthead style-default']
2025-12-22 11:00:25.778 [TestNG-test-Smoke Tests-1] INFO  [verifyingSideMenuCollapsedLangAsInSettings] [verifyingSideMenuCollapsedLangAsInSettings] Element found and ready (attempt 1): By.xpath: //ytd-topbar-menu-button-renderer[@class='style-scope ytd-masthead style-default']
2025-12-22 11:00:27.869 [TestNG-test-Smoke Tests-1] INFO  [verifyingSideMenuCollapsedLangAsInSettings] Clicking language dropdown...
2025-12-22 11:00:27.869 [TestNG-test-Smoke Tests-1] INFO  [verifyingSideMenuCollapsedLangAsInSettings] [verifyingSideMenuCollapsedLangAsInSettings] Trying to find element: By.xpath: (//div[@id='content-icon'])[2]
2025-12-22 11:00:27.892 [TestNG-test-Smoke Tests-1] INFO  [verifyingSideMenuCollapsedLangAsInSettings] [verifyingSideMenuCollapsedLangAsInSettings] Element found and ready (attempt 1): By.xpath: (//div[@id='content-icon'])[2]
2025-12-22 11:00:31.607 [TestNG-test-Smoke Tests-1] INFO  [verifyingSideMenuCollapsedLangAsInSettings] Looking for language element with name: Català
2025-12-22 11:00:31.607 [TestNG-test-Smoke Tests-1] INFO  [verifyingSideMenuCollapsedLangAsInSettings] [verifyingSideMenuCollapsedLangAsInSettings] Trying to find element: By.xpath: //yt-multi-page-menu-section-renderer[@class='style-scope ytd-multi-page-menu-renderer']//yt-formatted-string[@id='label' and text()='Català']
2025-12-22 11:00:31.632 [TestNG-test-Smoke Tests-1] INFO  [verifyingSideMenuCollapsedLangAsInSettings] [verifyingSideMenuCollapsedLangAsInSettings] Element found and ready (attempt 1): By.xpath: //yt-multi-page-menu-section-renderer[@class='style-scope ytd-multi-page-menu-renderer']//yt-formatted-string[@id='label' and text()='Català']
2025-12-22 11:00:32.964 [TestNG-test-Smoke Tests-1] INFO  [verifyingSideMenuCollapsedLangAsInSettings] getLangAttribute() - locating <html> and reading lang property
2025-12-22 11:00:33.256 [TestNG-test-Smoke Tests-1] INFO  [verifyingSideMenuCollapsedLangAsInSettings] Language attribute read: ca-ES
2025-12-22 11:00:35.258 [TestNG-test-Smoke Tests-1] INFO  [verifyingSideMenuCollapsedLangAsInSettings] Fetching the side menu in collapsed view
2025-12-22 11:00:35.258 [TestNG-test-Smoke Tests-1] INFO  [verifyingSideMenuCollapsedLangAsInSettings] [verifyingSideMenuCollapsedLangAsInSettings] Finding elements list: By.xpath: //ytd-mini-guide-renderer[@class='style-scope ytd-app']//ytd-mini-guide-entry-renderer
2025-12-22 11:00:35.314 [TestNG-test-Smoke Tests-1] INFO  [verifyingSideMenuCollapsedLangAsInSettings] [verifyingSideMenuCollapsedLangAsInSettings] Found 4 ready elements (attempt 1): By.xpath: //ytd-mini-guide-renderer[@class='style-scope ytd-app']//ytd-mini-guide-entry-renderer
2025-12-22 11:00:35.384 [TestNG-test-Smoke Tests-1] INFO  [verifyingSideMenuCollapsedLangAsInSettings] Clicking settings ellipses button...
2025-12-22 11:00:35.384 [TestNG-test-Smoke Tests-1] INFO  [verifyingSideMenuCollapsedLangAsInSettings] [verifyingSideMenuCollapsedLangAsInSettings] Trying to find element: By.xpath: //ytd-topbar-menu-button-renderer[@class='style-scope ytd-masthead style-default']
2025-12-22 11:00:35.406 [TestNG-test-Smoke Tests-1] INFO  [verifyingSideMenuCollapsedLangAsInSettings] [verifyingSideMenuCollapsedLangAsInSettings] Element found and ready (attempt 1): By.xpath: //ytd-topbar-menu-button-renderer[@class='style-scope ytd-masthead style-default']
2025-12-22 11:00:37.485 [TestNG-test-Smoke Tests-1] INFO  [verifyingSideMenuCollapsedLangAsInSettings] Clicking language dropdown...
2025-12-22 11:00:37.485 [TestNG-test-Smoke Tests-1] INFO  [verifyingSideMenuCollapsedLangAsInSettings] [verifyingSideMenuCollapsedLangAsInSettings] Trying to find element: By.xpath: (//div[@id='content-icon'])[2]
2025-12-22 11:00:37.506 [TestNG-test-Smoke Tests-1] INFO  [verifyingSideMenuCollapsedLangAsInSettings] [verifyingSideMenuCollapsedLangAsInSettings] Element found and ready (attempt 1): By.xpath: (//div[@id='content-icon'])[2]
2025-12-22 11:00:40.894 [TestNG-test-Smoke Tests-1] INFO  [verifyingSideMenuCollapsedLangAsInSettings] Looking for language element with name: Dansk
2025-12-22 11:00:40.894 [TestNG-test-Smoke Tests-1] INFO  [verifyingSideMenuCollapsedLangAsInSettings] [verifyingSideMenuCollapsedLangAsInSettings] Trying to find element: By.xpath: //yt-multi-page-menu-section-renderer[@class='style-scope ytd-multi-page-menu-renderer']//yt-formatted-string[@id='label' and text()='Dansk']
2025-12-22 11:00:40.918 [TestNG-test-Smoke Tests-1] INFO  [verifyingSideMenuCollapsedLangAsInSettings] [verifyingSideMenuCollapsedLangAsInSettings] Element found and ready (attempt 1): By.xpath: //yt-multi-page-menu-section-renderer[@class='style-scope ytd-multi-page-menu-renderer']//yt-formatted-string[@id='label' and text()='Dansk']
2025-12-22 11:00:42.300 [TestNG-test-Smoke Tests-1] INFO  [verifyingSideMenuCollapsedLangAsInSettings] getLangAttribute() - locating <html> and reading lang property
2025-12-22 11:00:42.639 [TestNG-test-Smoke Tests-1] INFO  [verifyingSideMenuCollapsedLangAsInSettings] Language attribute read: da-DK
2025-12-22 11:00:44.639 [TestNG-test-Smoke Tests-1] INFO  [verifyingSideMenuCollapsedLangAsInSettings] Fetching the side menu in collapsed view
2025-12-22 11:00:44.639 [TestNG-test-Smoke Tests-1] INFO  [verifyingSideMenuCollapsedLangAsInSettings] [verifyingSideMenuCollapsedLangAsInSettings] Finding elements list: By.xpath: //ytd-mini-guide-renderer[@class='style-scope ytd-app']//ytd-mini-guide-entry-renderer
2025-12-22 11:00:44.718 [TestNG-test-Smoke Tests-1] INFO  [verifyingSideMenuCollapsedLangAsInSettings] [verifyingSideMenuCollapsedLangAsInSettings] Found 4 ready elements (attempt 1): By.xpath: //ytd-mini-guide-renderer[@class='style-scope ytd-app']//ytd-mini-guide-entry-renderer
2025-12-22 11:00:44.786 [TestNG-test-Smoke Tests-1] INFO  [verifyingSideMenuCollapsedLangAsInSettings] Clicking settings ellipses button...
2025-12-22 11:00:44.786 [TestNG-test-Smoke Tests-1] INFO  [verifyingSideMenuCollapsedLangAsInSettings] [verifyingSideMenuCollapsedLangAsInSettings] Trying to find element: By.xpath: //ytd-topbar-menu-button-renderer[@class='style-scope ytd-masthead style-default']
2025-12-22 11:00:44.804 [TestNG-test-Smoke Tests-1] INFO  [verifyingSideMenuCollapsedLangAsInSettings] [verifyingSideMenuCollapsedLangAsInSettings] Element found and ready (attempt 1): By.xpath: //ytd-topbar-menu-button-renderer[@class='style-scope ytd-masthead style-default']
2025-12-22 11:00:46.879 [TestNG-test-Smoke Tests-1] INFO  [verifyingSideMenuCollapsedLangAsInSettings] Clicking language dropdown...
2025-12-22 11:00:46.879 [TestNG-test-Smoke Tests-1] INFO  [verifyingSideMenuCollapsedLangAsInSettings] [verifyingSideMenuCollapsedLangAsInSettings] Trying to find element: By.xpath: (//div[@id='content-icon'])[2]
2025-12-22 11:00:46.899 [TestNG-test-Smoke Tests-1] INFO  [verifyingSideMenuCollapsedLangAsInSettings] [verifyingSideMenuCollapsedLangAsInSettings] Element found and ready (attempt 1): By.xpath: (//div[@id='content-icon'])[2]
2025-12-22 11:00:50.364 [TestNG-test-Smoke Tests-1] INFO  [verifyingSideMenuCollapsedLangAsInSettings] Looking for language element with name: Deutsch
2025-12-22 11:00:50.364 [TestNG-test-Smoke Tests-1] INFO  [verifyingSideMenuCollapsedLangAsInSettings] [verifyingSideMenuCollapsedLangAsInSettings] Trying to find element: By.xpath: //yt-multi-page-menu-section-renderer[@class='style-scope ytd-multi-page-menu-renderer']//yt-formatted-string[@id='label' and text()='Deutsch']
2025-12-22 11:00:50.395 [TestNG-test-Smoke Tests-1] INFO  [verifyingSideMenuCollapsedLangAsInSettings] [verifyingSideMenuCollapsedLangAsInSettings] Element found and ready (attempt 1): By.xpath: //yt-multi-page-menu-section-renderer[@class='style-scope ytd-multi-page-menu-renderer']//yt-formatted-string[@id='label' and text()='Deutsch']
2025-12-22 11:00:51.839 [TestNG-test-Smoke Tests-1] INFO  [verifyingSideMenuCollapsedLangAsInSettings] getLangAttribute() - locating <html> and reading lang property
2025-12-22 11:00:52.114 [TestNG-test-Smoke Tests-1] INFO  [verifyingSideMenuCollapsedLangAsInSettings] Language attribute read: de-DE
2025-12-22 11:00:54.115 [TestNG-test-Smoke Tests-1] INFO  [verifyingSideMenuCollapsedLangAsInSettings] Fetching the side menu in collapsed view
2025-12-22 11:00:54.115 [TestNG-test-Smoke Tests-1] INFO  [verifyingSideMenuCollapsedLangAsInSettings] [verifyingSideMenuCollapsedLangAsInSettings] Finding elements list: By.xpath: //ytd-mini-guide-renderer[@class='style-scope ytd-app']//ytd-mini-guide-entry-renderer
2025-12-22 11:00:54.186 [TestNG-test-Smoke Tests-1] INFO  [verifyingSideMenuCollapsedLangAsInSettings] [verifyingSideMenuCollapsedLangAsInSettings] Found 4 ready elements (attempt 1): By.xpath: //ytd-mini-guide-renderer[@class='style-scope ytd-app']//ytd-mini-guide-entry-renderer
2025-12-22 11:00:54.268 [TestNG-test-Smoke Tests-1] INFO  [verifyingSideMenuCollapsedLangAsInSettings] Clicking settings ellipses button...
2025-12-22 11:00:54.268 [TestNG-test-Smoke Tests-1] INFO  [verifyingSideMenuCollapsedLangAsInSettings] [verifyingSideMenuCollapsedLangAsInSettings] Trying to find element: By.xpath: //ytd-topbar-menu-button-renderer[@class='style-scope ytd-masthead style-default']
2025-12-22 11:00:54.288 [TestNG-test-Smoke Tests-1] INFO  [verifyingSideMenuCollapsedLangAsInSettings] [verifyingSideMenuCollapsedLangAsInSettings] Element found and ready (attempt 1): By.xpath: //ytd-topbar-menu-button-renderer[@class='style-scope ytd-masthead style-default']
2025-12-22 11:00:56.398 [TestNG-test-Smoke Tests-1] INFO  [verifyingSideMenuCollapsedLangAsInSettings] Clicking language dropdown...
2025-12-22 11:00:56.398 [TestNG-test-Smoke Tests-1] INFO  [verifyingSideMenuCollapsedLangAsInSettings] [verifyingSideMenuCollapsedLangAsInSettings] Trying to find element: By.xpath: (//div[@id='content-icon'])[2]
2025-12-22 11:00:56.433 [TestNG-test-Smoke Tests-1] INFO  [verifyingSideMenuCollapsedLangAsInSettings] [verifyingSideMenuCollapsedLangAsInSettings] Element found and ready (attempt 1): By.xpath: (//div[@id='content-icon'])[2]
2025-12-22 11:01:00.250 [TestNG-test-Smoke Tests-1] INFO  [verifyingSideMenuCollapsedLangAsInSettings] Looking for language element with name: Eesti
2025-12-22 11:01:00.250 [TestNG-test-Smoke Tests-1] INFO  [verifyingSideMenuCollapsedLangAsInSettings] [verifyingSideMenuCollapsedLangAsInSettings] Trying to find element: By.xpath: //yt-multi-page-menu-section-renderer[@class='style-scope ytd-multi-page-menu-renderer']//yt-formatted-string[@id='label' and text()='Eesti']
2025-12-22 11:01:00.285 [TestNG-test-Smoke Tests-1] INFO  [verifyingSideMenuCollapsedLangAsInSettings] [verifyingSideMenuCollapsedLangAsInSettings] Element found and ready (attempt 1): By.xpath: //yt-multi-page-menu-section-renderer[@class='style-scope ytd-multi-page-menu-renderer']//yt-formatted-string[@id='label' and text()='Eesti']
2025-12-22 11:01:01.422 [TestNG-test-Smoke Tests-1] INFO  [verifyingSideMenuCollapsedLangAsInSettings] getLangAttribute() - locating <html> and reading lang property
2025-12-22 11:01:01.651 [TestNG-test-Smoke Tests-1] INFO  [verifyingSideMenuCollapsedLangAsInSettings] Language attribute read: et-EE
2025-12-22 11:01:03.652 [TestNG-test-Smoke Tests-1] INFO  [verifyingSideMenuCollapsedLangAsInSettings] Fetching the side menu in collapsed view
2025-12-22 11:01:03.652 [TestNG-test-Smoke Tests-1] INFO  [verifyingSideMenuCollapsedLangAsInSettings] [verifyingSideMenuCollapsedLangAsInSettings] Finding elements list: By.xpath: //ytd-mini-guide-renderer[@class='style-scope ytd-app']//ytd-mini-guide-entry-renderer
2025-12-22 11:01:03.703 [TestNG-test-Smoke Tests-1] INFO  [verifyingSideMenuCollapsedLangAsInSettings] [verifyingSideMenuCollapsedLangAsInSettings] Found 4 ready elements (attempt 1): By.xpath: //ytd-mini-guide-renderer[@class='style-scope ytd-app']//ytd-mini-guide-entry-renderer
2025-12-22 11:01:03.765 [TestNG-test-Smoke Tests-1] INFO  [verifyingSideMenuCollapsedLangAsInSettings] Clicking settings ellipses button...
2025-12-22 11:01:03.765 [TestNG-test-Smoke Tests-1] INFO  [verifyingSideMenuCollapsedLangAsInSettings] [verifyingSideMenuCollapsedLangAsInSettings] Trying to find element: By.xpath: //ytd-topbar-menu-button-renderer[@class='style-scope ytd-masthead style-default']
2025-12-22 11:01:03.783 [TestNG-test-Smoke Tests-1] INFO  [verifyingSideMenuCollapsedLangAsInSettings] [verifyingSideMenuCollapsedLangAsInSettings] Element found and ready (attempt 1): By.xpath: //ytd-topbar-menu-button-renderer[@class='style-scope ytd-masthead style-default']
2025-12-22 11:01:05.975 [TestNG-test-Smoke Tests-1] INFO  [verifyingSideMenuCollapsedLangAsInSettings] Clicking language dropdown...
2025-12-22 11:01:05.975 [TestNG-test-Smoke Tests-1] INFO  [verifyingSideMenuCollapsedLangAsInSettings] [verifyingSideMenuCollapsedLangAsInSettings] Trying to find element: By.xpath: (//div[@id='content-icon'])[2]
2025-12-22 11:01:05.999 [TestNG-test-Smoke Tests-1] INFO  [verifyingSideMenuCollapsedLangAsInSettings] [verifyingSideMenuCollapsedLangAsInSettings] Element found and ready (attempt 1): By.xpath: (//div[@id='content-icon'])[2]
2025-12-22 11:01:09.494 [TestNG-test-Smoke Tests-1] INFO  [verifyingSideMenuCollapsedLangAsInSettings] Looking for language element with name: English (India)
2025-12-22 11:01:09.494 [TestNG-test-Smoke Tests-1] INFO  [verifyingSideMenuCollapsedLangAsInSettings] [verifyingSideMenuCollapsedLangAsInSettings] Trying to find element: By.xpath: //yt-multi-page-menu-section-renderer[@class='style-scope ytd-multi-page-menu-renderer']//yt-formatted-string[@id='label' and text()='English (India)']
2025-12-22 11:01:09.549 [TestNG-test-Smoke Tests-1] INFO  [verifyingSideMenuCollapsedLangAsInSettings] [verifyingSideMenuCollapsedLangAsInSettings] Element found and ready (attempt 1): By.xpath: //yt-multi-page-menu-section-renderer[@class='style-scope ytd-multi-page-menu-renderer']//yt-formatted-string[@id='label' and text()='English (India)']
2025-12-22 11:01:13.438 [TestNG-test-Smoke Tests-1] INFO  [verifyingSideMenuCollapsedLangAsInSettings] getLangAttribute() - locating <html> and reading lang property
2025-12-22 11:01:13.742 [TestNG-test-Smoke Tests-1] INFO  [verifyingSideMenuCollapsedLangAsInSettings] Language attribute read: en-IN
2025-12-22 11:01:15.745 [TestNG-test-Smoke Tests-1] INFO  [verifyingSideMenuCollapsedLangAsInSettings] Fetching the side menu in collapsed view
2025-12-22 11:01:15.745 [TestNG-test-Smoke Tests-1] INFO  [verifyingSideMenuCollapsedLangAsInSettings] [verifyingSideMenuCollapsedLangAsInSettings] Finding elements list: By.xpath: //ytd-mini-guide-renderer[@class='style-scope ytd-app']//ytd-mini-guide-entry-renderer
2025-12-22 11:01:15.805 [TestNG-test-Smoke Tests-1] INFO  [verifyingSideMenuCollapsedLangAsInSettings] [verifyingSideMenuCollapsedLangAsInSettings] Found 4 ready elements (attempt 1): By.xpath: //ytd-mini-guide-renderer[@class='style-scope ytd-app']//ytd-mini-guide-entry-renderer
2025-12-22 11:01:15.871 [TestNG-test-Smoke Tests-1] INFO  [verifyingSideMenuCollapsedLangAsInSettings] Clicking settings ellipses button...
2025-12-22 11:01:15.871 [TestNG-test-Smoke Tests-1] INFO  [verifyingSideMenuCollapsedLangAsInSettings] [verifyingSideMenuCollapsedLangAsInSettings] Trying to find element: By.xpath: //ytd-topbar-menu-button-renderer[@class='style-scope ytd-masthead style-default']
2025-12-22 11:01:15.889 [TestNG-test-Smoke Tests-1] INFO  [verifyingSideMenuCollapsedLangAsInSettings] [verifyingSideMenuCollapsedLangAsInSettings] Element found and ready (attempt 1): By.xpath: //ytd-topbar-menu-button-renderer[@class='style-scope ytd-masthead style-default']
2025-12-22 11:01:17.958 [TestNG-test-Smoke Tests-1] INFO  [verifyingSideMenuCollapsedLangAsInSettings] Clicking language dropdown...
2025-12-22 11:01:17.958 [TestNG-test-Smoke Tests-1] INFO  [verifyingSideMenuCollapsedLangAsInSettings] [verifyingSideMenuCollapsedLangAsInSettings] Trying to find element: By.xpath: (//div[@id='content-icon'])[2]
2025-12-22 11:01:17.987 [TestNG-test-Smoke Tests-1] INFO  [verifyingSideMenuCollapsedLangAsInSettings] [verifyingSideMenuCollapsedLangAsInSettings] Element found and ready (attempt 1): By.xpath: (//div[@id='content-icon'])[2]
2025-12-22 11:01:20.393 [TestNG-test-Smoke Tests-1] INFO  [verifyingSideMenuCollapsedLangAsInSettings] [verifyingSideMenuCollapsedLangAsInSettings] Not retrying test 'verifyingSideMenuCollapsedLangAsInSettings'. Retry count: 0, Cause: The following asserts failed:
	Mismatch in the Expected and actual Data expected [Tuis Kortvideo's Intekeninge Myne] but found [Tuis Kortvideo's Intekeninge Myne ],
	Mismatch in the Expected and actual Data expected [Ev Shorts Abunəliklər Siz] but found [Ev Shorts Abunəliklər Siz ],
	Mismatch in the Expected and actual Data expected [Beranda Shorts Subscription Anda] but found [Beranda Shorts Subscription Anda ],
	Mismatch in the Expected and actual Data expected [Početna stranica Shorts Pretplate Vi] but found [Početna stranica Shorts Pretplate Vi ],
	Mismatch in the Expected and actual Data expected [Inici YouTube Shorts Subscripcions Tu] but found [Inici YouTube Shorts Subscripcions Tu ],
	Mismatch in the Expected and actual Data expected [Start Shorts Abonnementer Dig] but found [Start Shorts Abonnementer Dig ],
	Mismatch in the Expected and actual Data expected [Startseite Shorts Abos Mein YouTube] but found [Startseite Shorts Abos Mein YouTube ],
	Mismatch in the Expected and actual Data expected [Avaleht Shorts Tellimused Teie] but found [Avaleht Shorts Tellimused Teie ],
	Mismatch in the Expected and actual Data expected [Home Shorts Subscriptions You] but found [Home Shorts Subscriptions You ]
2025-12-22 11:01:20.398 [TestNG-test-Smoke Tests-1] ERROR [verifyingSideMenuCollapsedLangAsInSettings] Test FAILED: verifyingSideMenuCollapsedLangAsInSettings - java.lang.AssertionError: The following asserts failed:
	Mismatch in the Expected and actual Data expected [Tuis Kortvideo's Intekeninge Myne] but found [Tuis Kortvideo's Intekeninge Myne ],
	Mismatch in the Expected and actual Data expected [Ev Shorts Abunəliklər Siz] but found [Ev Shorts Abunəliklər Siz ],
	Mismatch in the Expected and actual Data expected [Beranda Shorts Subscription Anda] but found [Beranda Shorts Subscription Anda ],
	Mismatch in the Expected and actual Data expected [Početna stranica Shorts Pretplate Vi] but found [Početna stranica Shorts Pretplate Vi ],
	Mismatch in the Expected and actual Data expected [Inici YouTube Shorts Subscripcions Tu] but found [Inici YouTube Shorts Subscripcions Tu ],
	Mismatch in the Expected and actual Data expected [Start Shorts Abonnementer Dig] but found [Start Shorts Abonnementer Dig ],
	Mismatch in the Expected and actual Data expected [Startseite Shorts Abos Mein YouTube] but found [Startseite Shorts Abos Mein YouTube ],
	Mismatch in the Expected and actual Data expected [Avaleht Shorts Tellimused Teie] but found [Avaleht Shorts Tellimused Teie ],
	Mismatch in the Expected and actual Data expected [Home Shorts Subscriptions You] but found [Home Shorts Subscriptions You ]
2025-12-22 11:01:20.398 [TestNG-test-Smoke Tests-1] INFO  [verifyingSideMenuCollapsedLangAsInSettings] Closing WebDriver for thread: 34
2025-12-22 11:01:20.906 [TestNG-test-Smoke Tests-1] INFO  [verifyingSideMenuCollapsedLangAsInSettings] WebDriver instance removed from ThreadLocal for thread: 34
2025-12-22 11:01:20.906 [TestNG-test-Smoke Tests-1] INFO  [verifyingSideMenuCollapsedLangAsInSettings] Driver closed for test: verifyingSideMenuCollapsedLangAsInSettings
