2025-12-22 11:07:16.544 [TestNG-test-Smoke Tests-2] INFO  [verifyingGlobalFilterLandingPage] ===== STARTING TEST: verifyingGlobalFilterLandingPage  | Thread: 35 =====
2025-12-22 11:07:16.571 [TestNG-test-Smoke Tests-2] INFO  [verifyingGlobalFilterLandingPage] No existing WebDriver found for current thread. Initializing a new ChromeDriver...
2025-12-22 11:07:19.079 [TestNG-test-Smoke Tests-2] INFO  [verifyingGlobalFilterLandingPage] WebDriverManager: chromedriver setup OK
2025-12-22 11:07:41.333 [TestNG-test-Smoke Tests-2] INFO  [verifyingGlobalFilterLandingPage] ChromeDriver initialized successfully for thread: 35
2025-12-22 11:07:41.334 [TestNG-test-Smoke Tests-2] INFO  [verifyingGlobalFilterLandingPage] Driver initialized successfully for test: verifyingGlobalFilterLandingPage
2025-12-22 11:07:41.475 [TestNG-test-Smoke Tests-2] INFO  [verifyingGlobalFilterLandingPage] SafeActions initialized with driver ChromeDriver: chrome on windows (45b92cbbf93da9dbeda9b79ce2e75bad)
2025-12-22 11:07:41.480 [TestNG-test-Smoke Tests-2] INFO  [verifyingGlobalFilterLandingPage] SafeActions initialized with driver ChromeDriver: chrome on windows (45b92cbbf93da9dbeda9b79ce2e75bad)
2025-12-22 11:07:41.480 [TestNG-test-Smoke Tests-2] INFO  [verifyingGlobalFilterLandingPage] Initialized YtLandingPage with driver: ChromeDriver: chrome on windows (45b92cbbf93da9dbeda9b79ce2e75bad)
2025-12-22 11:07:57.708 [TestNG-test-Smoke Tests-2] INFO  [verifyingGlobalFilterLandingPage] Opened YouTube landing page.
2025-12-22 11:07:57.709 [TestNG-test-Smoke Tests-2] INFO  [verifyingGlobalFilterLandingPage] Giving input into the search bar with input as  = video
2025-12-22 11:07:57.709 [TestNG-test-Smoke Tests-2] INFO  [verifyingGlobalFilterLandingPage] [verifyingGlobalFilterLandingPage] Trying to click element: By.xpath: //input[@class='ytSearchboxComponentInput yt-searchbox-input title']
2025-12-22 11:07:57.937 [TestNG-test-Smoke Tests-2] INFO  [verifyingGlobalFilterLandingPage] [verifyingGlobalFilterLandingPage] Clicked successfully (attempt 1): By.xpath: //input[@class='ytSearchboxComponentInput yt-searchbox-input title']
2025-12-22 11:07:58.189 [TestNG-test-Smoke Tests-2] INFO  [verifyingGlobalFilterLandingPage] [verifyingGlobalFilterLandingPage] Trying to find element: By.xpath: //input[@class='ytSearchboxComponentInput yt-searchbox-input title']
2025-12-22 11:07:58.504 [TestNG-test-Smoke Tests-2] INFO  [verifyingGlobalFilterLandingPage] [verifyingGlobalFilterLandingPage] Element found and ready (attempt 1): By.xpath: //input[@class='ytSearchboxComponentInput yt-searchbox-input title']
2025-12-22 11:07:58.613 [TestNG-test-Smoke Tests-2] INFO  [verifyingGlobalFilterLandingPage] clickEnter(By.xpath: //input[@class='ytSearchboxComponentInput yt-searchbox-input title'])
2025-12-22 11:07:58.616 [TestNG-test-Smoke Tests-2] INFO  [verifyingGlobalFilterLandingPage] [verifyingGlobalFilterLandingPage] Trying to find element: By.xpath: //input[@class='ytSearchboxComponentInput yt-searchbox-input title']
2025-12-22 11:07:58.668 [TestNG-test-Smoke Tests-2] INFO  [verifyingGlobalFilterLandingPage] [verifyingGlobalFilterLandingPage] Element found and ready (attempt 1): By.xpath: //input[@class='ytSearchboxComponentInput yt-searchbox-input title']
2025-12-22 11:07:58.972 [TestNG-test-Smoke Tests-2] INFO  [verifyingGlobalFilterLandingPage] Sent ENTER to By.xpath: //input[@class='ytSearchboxComponentInput yt-searchbox-input title']
2025-12-22 11:07:58.973 [TestNG-test-Smoke Tests-2] INFO  [verifyingGlobalFilterLandingPage] [verifyingGlobalFilterLandingPage] Execution is Not CRON Job Hence refering to normal keys from UtilData
2025-12-22 11:07:58.975 [TestNG-test-Smoke Tests-2] INFO  [verifyingGlobalFilterLandingPage] Clicking settings ellipses button...
2025-12-22 11:07:58.976 [TestNG-test-Smoke Tests-2] INFO  [verifyingGlobalFilterLandingPage] [verifyingGlobalFilterLandingPage] Trying to find element: By.xpath: //ytd-topbar-menu-button-renderer[@class='style-scope ytd-masthead style-default']
2025-12-22 11:07:59.048 [TestNG-test-Smoke Tests-2] INFO  [verifyingGlobalFilterLandingPage] [verifyingGlobalFilterLandingPage] Element found and ready (attempt 1): By.xpath: //ytd-topbar-menu-button-renderer[@class='style-scope ytd-masthead style-default']
2025-12-22 11:08:01.241 [TestNG-test-Smoke Tests-2] INFO  [verifyingGlobalFilterLandingPage] Clicking language dropdown...
2025-12-22 11:08:01.242 [TestNG-test-Smoke Tests-2] INFO  [verifyingGlobalFilterLandingPage] [verifyingGlobalFilterLandingPage] Trying to find element: By.xpath: (//div[@id='content-icon'])[2]
2025-12-22 11:08:02.526 [TestNG-test-Smoke Tests-2] INFO  [verifyingGlobalFilterLandingPage] [verifyingGlobalFilterLandingPage] Element found and ready (attempt 1): By.xpath: (//div[@id='content-icon'])[2]
2025-12-22 11:08:08.918 [TestNG-test-Smoke Tests-2] INFO  [verifyingGlobalFilterLandingPage] Looking for language element with name: Afrikaans
2025-12-22 11:08:08.918 [TestNG-test-Smoke Tests-2] INFO  [verifyingGlobalFilterLandingPage] [verifyingGlobalFilterLandingPage] Trying to find element: By.xpath: //yt-multi-page-menu-section-renderer[@class='style-scope ytd-multi-page-menu-renderer']//yt-formatted-string[@id='label' and text()='Afrikaans']
2025-12-22 11:08:08.950 [TestNG-test-Smoke Tests-2] INFO  [verifyingGlobalFilterLandingPage] [verifyingGlobalFilterLandingPage] Element found and ready (attempt 1): By.xpath: //yt-multi-page-menu-section-renderer[@class='style-scope ytd-multi-page-menu-renderer']//yt-formatted-string[@id='label' and text()='Afrikaans']
2025-12-22 11:08:13.479 [TestNG-test-Smoke Tests-2] INFO  [verifyingGlobalFilterLandingPage] Clicking on global filter button in landing page..
2025-12-22 11:08:13.479 [TestNG-test-Smoke Tests-2] INFO  [verifyingGlobalFilterLandingPage] [verifyingGlobalFilterLandingPage] Trying to click element: By.xpath: //div[@id='filter-button']
2025-12-22 11:08:13.834 [TestNG-test-Smoke Tests-2] INFO  [verifyingGlobalFilterLandingPage] [verifyingGlobalFilterLandingPage] Clicked successfully (attempt 1): By.xpath: //div[@id='filter-button']
2025-12-22 11:08:14.085 [TestNG-test-Smoke Tests-2] INFO  [verifyingGlobalFilterLandingPage] Fetching the data from the global filter in landing page
2025-12-22 11:08:14.085 [TestNG-test-Smoke Tests-2] INFO  [verifyingGlobalFilterLandingPage] [verifyingGlobalFilterLandingPage] Trying to find element: By.xpath: //ytd-search-filter-options-dialog-renderer[@class='style-scope ytd-popup-container']
2025-12-22 11:08:14.117 [TestNG-test-Smoke Tests-2] INFO  [verifyingGlobalFilterLandingPage] [verifyingGlobalFilterLandingPage] Element found and ready (attempt 1): By.xpath: //ytd-search-filter-options-dialog-renderer[@class='style-scope ytd-popup-container']
2025-12-22 11:08:14.152 [TestNG-test-Smoke Tests-2] INFO  [verifyingGlobalFilterLandingPage] Closing the global filter pop-up in landing page..
2025-12-22 11:08:14.152 [TestNG-test-Smoke Tests-2] INFO  [verifyingGlobalFilterLandingPage] [verifyingGlobalFilterLandingPage] Trying to find element: By.xpath: //yt-icon[@icon='close']
2025-12-22 11:08:14.186 [TestNG-test-Smoke Tests-2] INFO  [verifyingGlobalFilterLandingPage] [verifyingGlobalFilterLandingPage] Element found and ready (attempt 1): By.xpath: //yt-icon[@icon='close']
2025-12-22 11:08:14.254 [TestNG-test-Smoke Tests-2] INFO  [verifyingGlobalFilterLandingPage] Clicking settings ellipses button...
2025-12-22 11:08:14.254 [TestNG-test-Smoke Tests-2] INFO  [verifyingGlobalFilterLandingPage] [verifyingGlobalFilterLandingPage] Trying to find element: By.xpath: //ytd-topbar-menu-button-renderer[@class='style-scope ytd-masthead style-default']
2025-12-22 11:08:14.290 [TestNG-test-Smoke Tests-2] INFO  [verifyingGlobalFilterLandingPage] [verifyingGlobalFilterLandingPage] Element found and ready (attempt 1): By.xpath: //ytd-topbar-menu-button-renderer[@class='style-scope ytd-masthead style-default']
2025-12-22 11:08:16.386 [TestNG-test-Smoke Tests-2] INFO  [verifyingGlobalFilterLandingPage] Clicking language dropdown...
2025-12-22 11:08:16.386 [TestNG-test-Smoke Tests-2] INFO  [verifyingGlobalFilterLandingPage] [verifyingGlobalFilterLandingPage] Trying to find element: By.xpath: (//div[@id='content-icon'])[2]
2025-12-22 11:08:16.421 [TestNG-test-Smoke Tests-2] INFO  [verifyingGlobalFilterLandingPage] [verifyingGlobalFilterLandingPage] Element found and ready (attempt 1): By.xpath: (//div[@id='content-icon'])[2]
2025-12-22 11:08:19.894 [TestNG-test-Smoke Tests-2] INFO  [verifyingGlobalFilterLandingPage] Looking for language element with name: Azərbaycan
2025-12-22 11:08:19.894 [TestNG-test-Smoke Tests-2] INFO  [verifyingGlobalFilterLandingPage] [verifyingGlobalFilterLandingPage] Trying to find element: By.xpath: //yt-multi-page-menu-section-renderer[@class='style-scope ytd-multi-page-menu-renderer']//yt-formatted-string[@id='label' and text()='Azərbaycan']
2025-12-22 11:08:19.948 [TestNG-test-Smoke Tests-2] INFO  [verifyingGlobalFilterLandingPage] [verifyingGlobalFilterLandingPage] Element found and ready (attempt 1): By.xpath: //yt-multi-page-menu-section-renderer[@class='style-scope ytd-multi-page-menu-renderer']//yt-formatted-string[@id='label' and text()='Azərbaycan']
2025-12-22 11:08:24.622 [TestNG-test-Smoke Tests-2] INFO  [verifyingGlobalFilterLandingPage] Clicking on global filter button in landing page..
2025-12-22 11:08:24.622 [TestNG-test-Smoke Tests-2] INFO  [verifyingGlobalFilterLandingPage] [verifyingGlobalFilterLandingPage] Trying to click element: By.xpath: //div[@id='filter-button']
2025-12-22 11:08:24.852 [TestNG-test-Smoke Tests-2] INFO  [verifyingGlobalFilterLandingPage] [verifyingGlobalFilterLandingPage] Clicked successfully (attempt 1): By.xpath: //div[@id='filter-button']
2025-12-22 11:08:25.105 [TestNG-test-Smoke Tests-2] INFO  [verifyingGlobalFilterLandingPage] Fetching the data from the global filter in landing page
2025-12-22 11:08:25.105 [TestNG-test-Smoke Tests-2] INFO  [verifyingGlobalFilterLandingPage] [verifyingGlobalFilterLandingPage] Trying to find element: By.xpath: //ytd-search-filter-options-dialog-renderer[@class='style-scope ytd-popup-container']
2025-12-22 11:08:25.131 [TestNG-test-Smoke Tests-2] INFO  [verifyingGlobalFilterLandingPage] [verifyingGlobalFilterLandingPage] Element found and ready (attempt 1): By.xpath: //ytd-search-filter-options-dialog-renderer[@class='style-scope ytd-popup-container']
2025-12-22 11:08:25.157 [TestNG-test-Smoke Tests-2] INFO  [verifyingGlobalFilterLandingPage] Closing the global filter pop-up in landing page..
2025-12-22 11:08:25.157 [TestNG-test-Smoke Tests-2] INFO  [verifyingGlobalFilterLandingPage] [verifyingGlobalFilterLandingPage] Trying to find element: By.xpath: //yt-icon[@icon='close']
2025-12-22 11:08:25.186 [TestNG-test-Smoke Tests-2] INFO  [verifyingGlobalFilterLandingPage] [verifyingGlobalFilterLandingPage] Element found and ready (attempt 1): By.xpath: //yt-icon[@icon='close']
2025-12-22 11:08:25.250 [TestNG-test-Smoke Tests-2] INFO  [verifyingGlobalFilterLandingPage] Clicking settings ellipses button...
2025-12-22 11:08:25.250 [TestNG-test-Smoke Tests-2] INFO  [verifyingGlobalFilterLandingPage] [verifyingGlobalFilterLandingPage] Trying to find element: By.xpath: //ytd-topbar-menu-button-renderer[@class='style-scope ytd-masthead style-default']
2025-12-22 11:08:25.289 [TestNG-test-Smoke Tests-2] INFO  [verifyingGlobalFilterLandingPage] [verifyingGlobalFilterLandingPage] Element found and ready (attempt 1): By.xpath: //ytd-topbar-menu-button-renderer[@class='style-scope ytd-masthead style-default']
2025-12-22 11:08:27.387 [TestNG-test-Smoke Tests-2] INFO  [verifyingGlobalFilterLandingPage] Clicking language dropdown...
2025-12-22 11:08:27.387 [TestNG-test-Smoke Tests-2] INFO  [verifyingGlobalFilterLandingPage] [verifyingGlobalFilterLandingPage] Trying to find element: By.xpath: (//div[@id='content-icon'])[2]
2025-12-22 11:08:27.416 [TestNG-test-Smoke Tests-2] INFO  [verifyingGlobalFilterLandingPage] [verifyingGlobalFilterLandingPage] Element found and ready (attempt 1): By.xpath: (//div[@id='content-icon'])[2]
2025-12-22 11:08:30.862 [TestNG-test-Smoke Tests-2] INFO  [verifyingGlobalFilterLandingPage] Looking for language element with name: Bahasa Indonesia
2025-12-22 11:08:30.863 [TestNG-test-Smoke Tests-2] INFO  [verifyingGlobalFilterLandingPage] [verifyingGlobalFilterLandingPage] Trying to find element: By.xpath: //yt-multi-page-menu-section-renderer[@class='style-scope ytd-multi-page-menu-renderer']//yt-formatted-string[@id='label' and text()='Bahasa Indonesia']
2025-12-22 11:08:30.958 [TestNG-test-Smoke Tests-2] INFO  [verifyingGlobalFilterLandingPage] [verifyingGlobalFilterLandingPage] Element found and ready (attempt 1): By.xpath: //yt-multi-page-menu-section-renderer[@class='style-scope ytd-multi-page-menu-renderer']//yt-formatted-string[@id='label' and text()='Bahasa Indonesia']
2025-12-22 11:08:35.456 [TestNG-test-Smoke Tests-2] INFO  [verifyingGlobalFilterLandingPage] Clicking on global filter button in landing page..
2025-12-22 11:08:35.456 [TestNG-test-Smoke Tests-2] INFO  [verifyingGlobalFilterLandingPage] [verifyingGlobalFilterLandingPage] Trying to click element: By.xpath: //div[@id='filter-button']
2025-12-22 11:08:35.775 [TestNG-test-Smoke Tests-2] INFO  [verifyingGlobalFilterLandingPage] [verifyingGlobalFilterLandingPage] Clicked successfully (attempt 1): By.xpath: //div[@id='filter-button']
2025-12-22 11:08:36.028 [TestNG-test-Smoke Tests-2] INFO  [verifyingGlobalFilterLandingPage] Fetching the data from the global filter in landing page
2025-12-22 11:08:36.031 [TestNG-test-Smoke Tests-2] INFO  [verifyingGlobalFilterLandingPage] [verifyingGlobalFilterLandingPage] Trying to find element: By.xpath: //ytd-search-filter-options-dialog-renderer[@class='style-scope ytd-popup-container']
2025-12-22 11:08:36.077 [TestNG-test-Smoke Tests-2] INFO  [verifyingGlobalFilterLandingPage] [verifyingGlobalFilterLandingPage] Element found and ready (attempt 1): By.xpath: //ytd-search-filter-options-dialog-renderer[@class='style-scope ytd-popup-container']
2025-12-22 11:08:36.123 [TestNG-test-Smoke Tests-2] INFO  [verifyingGlobalFilterLandingPage] Closing the global filter pop-up in landing page..
2025-12-22 11:08:36.123 [TestNG-test-Smoke Tests-2] INFO  [verifyingGlobalFilterLandingPage] [verifyingGlobalFilterLandingPage] Trying to find element: By.xpath: //yt-icon[@icon='close']
2025-12-22 11:08:36.158 [TestNG-test-Smoke Tests-2] INFO  [verifyingGlobalFilterLandingPage] [verifyingGlobalFilterLandingPage] Element found and ready (attempt 1): By.xpath: //yt-icon[@icon='close']
2025-12-22 11:08:36.232 [TestNG-test-Smoke Tests-2] INFO  [verifyingGlobalFilterLandingPage] Clicking settings ellipses button...
2025-12-22 11:08:36.232 [TestNG-test-Smoke Tests-2] INFO  [verifyingGlobalFilterLandingPage] [verifyingGlobalFilterLandingPage] Trying to find element: By.xpath: //ytd-topbar-menu-button-renderer[@class='style-scope ytd-masthead style-default']
2025-12-22 11:08:36.278 [TestNG-test-Smoke Tests-2] INFO  [verifyingGlobalFilterLandingPage] [verifyingGlobalFilterLandingPage] Element found and ready (attempt 1): By.xpath: //ytd-topbar-menu-button-renderer[@class='style-scope ytd-masthead style-default']
2025-12-22 11:08:38.416 [TestNG-test-Smoke Tests-2] INFO  [verifyingGlobalFilterLandingPage] Clicking language dropdown...
2025-12-22 11:08:38.416 [TestNG-test-Smoke Tests-2] INFO  [verifyingGlobalFilterLandingPage] [verifyingGlobalFilterLandingPage] Trying to find element: By.xpath: (//div[@id='content-icon'])[2]
2025-12-22 11:08:38.450 [TestNG-test-Smoke Tests-2] INFO  [verifyingGlobalFilterLandingPage] [verifyingGlobalFilterLandingPage] Element found and ready (attempt 1): By.xpath: (//div[@id='content-icon'])[2]
2025-12-22 11:08:42.001 [TestNG-test-Smoke Tests-2] INFO  [verifyingGlobalFilterLandingPage] Looking for language element with name: Bosanski
2025-12-22 11:08:42.001 [TestNG-test-Smoke Tests-2] INFO  [verifyingGlobalFilterLandingPage] [verifyingGlobalFilterLandingPage] Trying to find element: By.xpath: //yt-multi-page-menu-section-renderer[@class='style-scope ytd-multi-page-menu-renderer']//yt-formatted-string[@id='label' and text()='Bosanski']
2025-12-22 11:08:42.078 [TestNG-test-Smoke Tests-2] INFO  [verifyingGlobalFilterLandingPage] [verifyingGlobalFilterLandingPage] Element found and ready (attempt 1): By.xpath: //yt-multi-page-menu-section-renderer[@class='style-scope ytd-multi-page-menu-renderer']//yt-formatted-string[@id='label' and text()='Bosanski']
2025-12-22 11:08:46.487 [TestNG-test-Smoke Tests-2] INFO  [verifyingGlobalFilterLandingPage] Clicking on global filter button in landing page..
2025-12-22 11:08:46.487 [TestNG-test-Smoke Tests-2] INFO  [verifyingGlobalFilterLandingPage] [verifyingGlobalFilterLandingPage] Trying to click element: By.xpath: //div[@id='filter-button']
2025-12-22 11:08:46.922 [TestNG-test-Smoke Tests-2] INFO  [verifyingGlobalFilterLandingPage] [verifyingGlobalFilterLandingPage] Clicked successfully (attempt 1): By.xpath: //div[@id='filter-button']
2025-12-22 11:08:47.173 [TestNG-test-Smoke Tests-2] INFO  [verifyingGlobalFilterLandingPage] Fetching the data from the global filter in landing page
2025-12-22 11:08:47.173 [TestNG-test-Smoke Tests-2] INFO  [verifyingGlobalFilterLandingPage] [verifyingGlobalFilterLandingPage] Trying to find element: By.xpath: //ytd-search-filter-options-dialog-renderer[@class='style-scope ytd-popup-container']
2025-12-22 11:08:47.223 [TestNG-test-Smoke Tests-2] INFO  [verifyingGlobalFilterLandingPage] [verifyingGlobalFilterLandingPage] Element found and ready (attempt 1): By.xpath: //ytd-search-filter-options-dialog-renderer[@class='style-scope ytd-popup-container']
2025-12-22 11:08:47.254 [TestNG-test-Smoke Tests-2] INFO  [verifyingGlobalFilterLandingPage] Closing the global filter pop-up in landing page..
2025-12-22 11:08:47.255 [TestNG-test-Smoke Tests-2] INFO  [verifyingGlobalFilterLandingPage] [verifyingGlobalFilterLandingPage] Trying to find element: By.xpath: //yt-icon[@icon='close']
2025-12-22 11:08:47.284 [TestNG-test-Smoke Tests-2] INFO  [verifyingGlobalFilterLandingPage] [verifyingGlobalFilterLandingPage] Element found and ready (attempt 1): By.xpath: //yt-icon[@icon='close']
2025-12-22 11:08:47.363 [TestNG-test-Smoke Tests-2] INFO  [verifyingGlobalFilterLandingPage] Clicking settings ellipses button...
2025-12-22 11:08:47.364 [TestNG-test-Smoke Tests-2] INFO  [verifyingGlobalFilterLandingPage] [verifyingGlobalFilterLandingPage] Trying to find element: By.xpath: //ytd-topbar-menu-button-renderer[@class='style-scope ytd-masthead style-default']
2025-12-22 11:08:47.399 [TestNG-test-Smoke Tests-2] INFO  [verifyingGlobalFilterLandingPage] [verifyingGlobalFilterLandingPage] Element found and ready (attempt 1): By.xpath: //ytd-topbar-menu-button-renderer[@class='style-scope ytd-masthead style-default']
2025-12-22 11:08:49.515 [TestNG-test-Smoke Tests-2] INFO  [verifyingGlobalFilterLandingPage] Clicking language dropdown...
2025-12-22 11:08:49.515 [TestNG-test-Smoke Tests-2] INFO  [verifyingGlobalFilterLandingPage] [verifyingGlobalFilterLandingPage] Trying to find element: By.xpath: (//div[@id='content-icon'])[2]
2025-12-22 11:08:49.544 [TestNG-test-Smoke Tests-2] INFO  [verifyingGlobalFilterLandingPage] [verifyingGlobalFilterLandingPage] Element found and ready (attempt 1): By.xpath: (//div[@id='content-icon'])[2]
2025-12-22 11:08:53.026 [TestNG-test-Smoke Tests-2] INFO  [verifyingGlobalFilterLandingPage] Looking for language element with name: Català
2025-12-22 11:08:53.026 [TestNG-test-Smoke Tests-2] INFO  [verifyingGlobalFilterLandingPage] [verifyingGlobalFilterLandingPage] Trying to find element: By.xpath: //yt-multi-page-menu-section-renderer[@class='style-scope ytd-multi-page-menu-renderer']//yt-formatted-string[@id='label' and text()='Català']
2025-12-22 11:08:53.086 [TestNG-test-Smoke Tests-2] INFO  [verifyingGlobalFilterLandingPage] [verifyingGlobalFilterLandingPage] Element found and ready (attempt 1): By.xpath: //yt-multi-page-menu-section-renderer[@class='style-scope ytd-multi-page-menu-renderer']//yt-formatted-string[@id='label' and text()='Català']
2025-12-22 11:08:57.188 [TestNG-test-Smoke Tests-2] INFO  [verifyingGlobalFilterLandingPage] Clicking on global filter button in landing page..
2025-12-22 11:08:57.189 [TestNG-test-Smoke Tests-2] INFO  [verifyingGlobalFilterLandingPage] [verifyingGlobalFilterLandingPage] Trying to click element: By.xpath: //div[@id='filter-button']
2025-12-22 11:08:57.662 [TestNG-test-Smoke Tests-2] INFO  [verifyingGlobalFilterLandingPage] [verifyingGlobalFilterLandingPage] Clicked successfully (attempt 1): By.xpath: //div[@id='filter-button']
2025-12-22 11:08:57.923 [TestNG-test-Smoke Tests-2] INFO  [verifyingGlobalFilterLandingPage] Fetching the data from the global filter in landing page
2025-12-22 11:08:57.924 [TestNG-test-Smoke Tests-2] INFO  [verifyingGlobalFilterLandingPage] [verifyingGlobalFilterLandingPage] Trying to find element: By.xpath: //ytd-search-filter-options-dialog-renderer[@class='style-scope ytd-popup-container']
2025-12-22 11:08:57.995 [TestNG-test-Smoke Tests-2] INFO  [verifyingGlobalFilterLandingPage] [verifyingGlobalFilterLandingPage] Element found and ready (attempt 1): By.xpath: //ytd-search-filter-options-dialog-renderer[@class='style-scope ytd-popup-container']
2025-12-22 11:08:58.031 [TestNG-test-Smoke Tests-2] INFO  [verifyingGlobalFilterLandingPage] Closing the global filter pop-up in landing page..
2025-12-22 11:08:58.031 [TestNG-test-Smoke Tests-2] INFO  [verifyingGlobalFilterLandingPage] [verifyingGlobalFilterLandingPage] Trying to find element: By.xpath: //yt-icon[@icon='close']
2025-12-22 11:08:58.078 [TestNG-test-Smoke Tests-2] INFO  [verifyingGlobalFilterLandingPage] [verifyingGlobalFilterLandingPage] Element found and ready (attempt 1): By.xpath: //yt-icon[@icon='close']
2025-12-22 11:08:58.274 [TestNG-test-Smoke Tests-2] INFO  [verifyingGlobalFilterLandingPage] Clicking settings ellipses button...
2025-12-22 11:08:58.275 [TestNG-test-Smoke Tests-2] INFO  [verifyingGlobalFilterLandingPage] [verifyingGlobalFilterLandingPage] Trying to find element: By.xpath: //ytd-topbar-menu-button-renderer[@class='style-scope ytd-masthead style-default']
2025-12-22 11:08:58.388 [TestNG-test-Smoke Tests-2] INFO  [verifyingGlobalFilterLandingPage] [verifyingGlobalFilterLandingPage] Element found and ready (attempt 1): By.xpath: //ytd-topbar-menu-button-renderer[@class='style-scope ytd-masthead style-default']
2025-12-22 11:09:00.507 [TestNG-test-Smoke Tests-2] INFO  [verifyingGlobalFilterLandingPage] Clicking language dropdown...
2025-12-22 11:09:00.507 [TestNG-test-Smoke Tests-2] INFO  [verifyingGlobalFilterLandingPage] [verifyingGlobalFilterLandingPage] Trying to find element: By.xpath: (//div[@id='content-icon'])[2]
2025-12-22 11:09:00.538 [TestNG-test-Smoke Tests-2] INFO  [verifyingGlobalFilterLandingPage] [verifyingGlobalFilterLandingPage] Element found and ready (attempt 1): By.xpath: (//div[@id='content-icon'])[2]
2025-12-22 11:09:04.011 [TestNG-test-Smoke Tests-2] INFO  [verifyingGlobalFilterLandingPage] Looking for language element with name: Dansk
2025-12-22 11:09:04.012 [TestNG-test-Smoke Tests-2] INFO  [verifyingGlobalFilterLandingPage] [verifyingGlobalFilterLandingPage] Trying to find element: By.xpath: //yt-multi-page-menu-section-renderer[@class='style-scope ytd-multi-page-menu-renderer']//yt-formatted-string[@id='label' and text()='Dansk']
2025-12-22 11:09:04.047 [TestNG-test-Smoke Tests-2] INFO  [verifyingGlobalFilterLandingPage] [verifyingGlobalFilterLandingPage] Element found and ready (attempt 1): By.xpath: //yt-multi-page-menu-section-renderer[@class='style-scope ytd-multi-page-menu-renderer']//yt-formatted-string[@id='label' and text()='Dansk']
2025-12-22 11:09:09.900 [TestNG-test-Smoke Tests-2] INFO  [verifyingGlobalFilterLandingPage] Clicking on global filter button in landing page..
2025-12-22 11:09:09.901 [TestNG-test-Smoke Tests-2] INFO  [verifyingGlobalFilterLandingPage] [verifyingGlobalFilterLandingPage] Trying to click element: By.xpath: //div[@id='filter-button']
2025-12-22 11:09:10.208 [TestNG-test-Smoke Tests-2] INFO  [verifyingGlobalFilterLandingPage] [verifyingGlobalFilterLandingPage] Clicked successfully (attempt 1): By.xpath: //div[@id='filter-button']
2025-12-22 11:09:10.464 [TestNG-test-Smoke Tests-2] INFO  [verifyingGlobalFilterLandingPage] Fetching the data from the global filter in landing page
2025-12-22 11:09:10.465 [TestNG-test-Smoke Tests-2] INFO  [verifyingGlobalFilterLandingPage] [verifyingGlobalFilterLandingPage] Trying to find element: By.xpath: //ytd-search-filter-options-dialog-renderer[@class='style-scope ytd-popup-container']
2025-12-22 11:09:10.629 [TestNG-test-Smoke Tests-2] INFO  [verifyingGlobalFilterLandingPage] [verifyingGlobalFilterLandingPage] Element found and ready (attempt 1): By.xpath: //ytd-search-filter-options-dialog-renderer[@class='style-scope ytd-popup-container']
2025-12-22 11:09:10.667 [TestNG-test-Smoke Tests-2] INFO  [verifyingGlobalFilterLandingPage] Closing the global filter pop-up in landing page..
2025-12-22 11:09:10.668 [TestNG-test-Smoke Tests-2] INFO  [verifyingGlobalFilterLandingPage] [verifyingGlobalFilterLandingPage] Trying to find element: By.xpath: //yt-icon[@icon='close']
2025-12-22 11:09:10.695 [TestNG-test-Smoke Tests-2] INFO  [verifyingGlobalFilterLandingPage] [verifyingGlobalFilterLandingPage] Element found and ready (attempt 1): By.xpath: //yt-icon[@icon='close']
2025-12-22 11:09:10.757 [TestNG-test-Smoke Tests-2] INFO  [verifyingGlobalFilterLandingPage] Clicking settings ellipses button...
2025-12-22 11:09:10.764 [TestNG-test-Smoke Tests-2] INFO  [verifyingGlobalFilterLandingPage] [verifyingGlobalFilterLandingPage] Trying to find element: By.xpath: //ytd-topbar-menu-button-renderer[@class='style-scope ytd-masthead style-default']
2025-12-22 11:09:10.807 [TestNG-test-Smoke Tests-2] INFO  [verifyingGlobalFilterLandingPage] [verifyingGlobalFilterLandingPage] Element found and ready (attempt 1): By.xpath: //ytd-topbar-menu-button-renderer[@class='style-scope ytd-masthead style-default']
2025-12-22 11:09:12.949 [TestNG-test-Smoke Tests-2] INFO  [verifyingGlobalFilterLandingPage] Clicking language dropdown...
2025-12-22 11:09:12.950 [TestNG-test-Smoke Tests-2] INFO  [verifyingGlobalFilterLandingPage] [verifyingGlobalFilterLandingPage] Trying to find element: By.xpath: (//div[@id='content-icon'])[2]
2025-12-22 11:09:13.005 [TestNG-test-Smoke Tests-2] INFO  [verifyingGlobalFilterLandingPage] [verifyingGlobalFilterLandingPage] Element found and ready (attempt 1): By.xpath: (//div[@id='content-icon'])[2]
2025-12-22 11:09:16.574 [TestNG-test-Smoke Tests-2] INFO  [verifyingGlobalFilterLandingPage] Looking for language element with name: Deutsch
2025-12-22 11:09:16.574 [TestNG-test-Smoke Tests-2] INFO  [verifyingGlobalFilterLandingPage] [verifyingGlobalFilterLandingPage] Trying to find element: By.xpath: //yt-multi-page-menu-section-renderer[@class='style-scope ytd-multi-page-menu-renderer']//yt-formatted-string[@id='label' and text()='Deutsch']
2025-12-22 11:09:16.608 [TestNG-test-Smoke Tests-2] INFO  [verifyingGlobalFilterLandingPage] [verifyingGlobalFilterLandingPage] Element found and ready (attempt 1): By.xpath: //yt-multi-page-menu-section-renderer[@class='style-scope ytd-multi-page-menu-renderer']//yt-formatted-string[@id='label' and text()='Deutsch']
2025-12-22 11:09:21.821 [TestNG-test-Smoke Tests-2] INFO  [verifyingGlobalFilterLandingPage] Clicking on global filter button in landing page..
2025-12-22 11:09:21.821 [TestNG-test-Smoke Tests-2] INFO  [verifyingGlobalFilterLandingPage] [verifyingGlobalFilterLandingPage] Trying to click element: By.xpath: //div[@id='filter-button']
2025-12-22 11:09:22.046 [TestNG-test-Smoke Tests-2] INFO  [verifyingGlobalFilterLandingPage] [verifyingGlobalFilterLandingPage] Clicked successfully (attempt 1): By.xpath: //div[@id='filter-button']
2025-12-22 11:09:22.297 [TestNG-test-Smoke Tests-2] INFO  [verifyingGlobalFilterLandingPage] Fetching the data from the global filter in landing page
2025-12-22 11:09:22.297 [TestNG-test-Smoke Tests-2] INFO  [verifyingGlobalFilterLandingPage] [verifyingGlobalFilterLandingPage] Trying to find element: By.xpath: //ytd-search-filter-options-dialog-renderer[@class='style-scope ytd-popup-container']
2025-12-22 11:09:22.339 [TestNG-test-Smoke Tests-2] INFO  [verifyingGlobalFilterLandingPage] [verifyingGlobalFilterLandingPage] Element found and ready (attempt 1): By.xpath: //ytd-search-filter-options-dialog-renderer[@class='style-scope ytd-popup-container']
2025-12-22 11:09:22.394 [TestNG-test-Smoke Tests-2] INFO  [verifyingGlobalFilterLandingPage] Closing the global filter pop-up in landing page..
2025-12-22 11:09:22.394 [TestNG-test-Smoke Tests-2] INFO  [verifyingGlobalFilterLandingPage] [verifyingGlobalFilterLandingPage] Trying to find element: By.xpath: //yt-icon[@icon='close']
2025-12-22 11:09:22.476 [TestNG-test-Smoke Tests-2] INFO  [verifyingGlobalFilterLandingPage] [verifyingGlobalFilterLandingPage] Element found and ready (attempt 1): By.xpath: //yt-icon[@icon='close']
2025-12-22 11:09:22.577 [TestNG-test-Smoke Tests-2] INFO  [verifyingGlobalFilterLandingPage] Clicking settings ellipses button...
2025-12-22 11:09:22.577 [TestNG-test-Smoke Tests-2] INFO  [verifyingGlobalFilterLandingPage] [verifyingGlobalFilterLandingPage] Trying to find element: By.xpath: //ytd-topbar-menu-button-renderer[@class='style-scope ytd-masthead style-default']
2025-12-22 11:09:22.644 [TestNG-test-Smoke Tests-2] INFO  [verifyingGlobalFilterLandingPage] [verifyingGlobalFilterLandingPage] Element found and ready (attempt 1): By.xpath: //ytd-topbar-menu-button-renderer[@class='style-scope ytd-masthead style-default']
2025-12-22 11:09:24.930 [TestNG-test-Smoke Tests-2] INFO  [verifyingGlobalFilterLandingPage] Clicking language dropdown...
2025-12-22 11:09:24.930 [TestNG-test-Smoke Tests-2] INFO  [verifyingGlobalFilterLandingPage] [verifyingGlobalFilterLandingPage] Trying to find element: By.xpath: (//div[@id='content-icon'])[2]
2025-12-22 11:09:24.962 [TestNG-test-Smoke Tests-2] INFO  [verifyingGlobalFilterLandingPage] [verifyingGlobalFilterLandingPage] Element found and ready (attempt 1): By.xpath: (//div[@id='content-icon'])[2]
2025-12-22 11:09:28.421 [TestNG-test-Smoke Tests-2] INFO  [verifyingGlobalFilterLandingPage] Looking for language element with name: Eesti
2025-12-22 11:09:28.422 [TestNG-test-Smoke Tests-2] INFO  [verifyingGlobalFilterLandingPage] [verifyingGlobalFilterLandingPage] Trying to find element: By.xpath: //yt-multi-page-menu-section-renderer[@class='style-scope ytd-multi-page-menu-renderer']//yt-formatted-string[@id='label' and text()='Eesti']
2025-12-22 11:09:28.459 [TestNG-test-Smoke Tests-2] INFO  [verifyingGlobalFilterLandingPage] [verifyingGlobalFilterLandingPage] Element found and ready (attempt 1): By.xpath: //yt-multi-page-menu-section-renderer[@class='style-scope ytd-multi-page-menu-renderer']//yt-formatted-string[@id='label' and text()='Eesti']
2025-12-22 11:09:34.315 [TestNG-test-Smoke Tests-2] INFO  [verifyingGlobalFilterLandingPage] Clicking on global filter button in landing page..
2025-12-22 11:09:34.315 [TestNG-test-Smoke Tests-2] INFO  [verifyingGlobalFilterLandingPage] [verifyingGlobalFilterLandingPage] Trying to click element: By.xpath: //div[@id='filter-button']
2025-12-22 11:09:34.532 [TestNG-test-Smoke Tests-2] INFO  [verifyingGlobalFilterLandingPage] [verifyingGlobalFilterLandingPage] Clicked successfully (attempt 1): By.xpath: //div[@id='filter-button']
2025-12-22 11:09:34.784 [TestNG-test-Smoke Tests-2] INFO  [verifyingGlobalFilterLandingPage] Fetching the data from the global filter in landing page
2025-12-22 11:09:34.784 [TestNG-test-Smoke Tests-2] INFO  [verifyingGlobalFilterLandingPage] [verifyingGlobalFilterLandingPage] Trying to find element: By.xpath: //ytd-search-filter-options-dialog-renderer[@class='style-scope ytd-popup-container']
2025-12-22 11:09:34.817 [TestNG-test-Smoke Tests-2] INFO  [verifyingGlobalFilterLandingPage] [verifyingGlobalFilterLandingPage] Element found and ready (attempt 1): By.xpath: //ytd-search-filter-options-dialog-renderer[@class='style-scope ytd-popup-container']
2025-12-22 11:09:34.857 [TestNG-test-Smoke Tests-2] INFO  [verifyingGlobalFilterLandingPage] Closing the global filter pop-up in landing page..
2025-12-22 11:09:34.858 [TestNG-test-Smoke Tests-2] INFO  [verifyingGlobalFilterLandingPage] [verifyingGlobalFilterLandingPage] Trying to find element: By.xpath: //yt-icon[@icon='close']
2025-12-22 11:09:34.919 [TestNG-test-Smoke Tests-2] INFO  [verifyingGlobalFilterLandingPage] [verifyingGlobalFilterLandingPage] Element found and ready (attempt 1): By.xpath: //yt-icon[@icon='close']
2025-12-22 11:09:35.006 [TestNG-test-Smoke Tests-2] INFO  [verifyingGlobalFilterLandingPage] Clicking settings ellipses button...
2025-12-22 11:09:35.006 [TestNG-test-Smoke Tests-2] INFO  [verifyingGlobalFilterLandingPage] [verifyingGlobalFilterLandingPage] Trying to find element: By.xpath: //ytd-topbar-menu-button-renderer[@class='style-scope ytd-masthead style-default']
2025-12-22 11:09:35.075 [TestNG-test-Smoke Tests-2] INFO  [verifyingGlobalFilterLandingPage] [verifyingGlobalFilterLandingPage] Element found and ready (attempt 1): By.xpath: //ytd-topbar-menu-button-renderer[@class='style-scope ytd-masthead style-default']
2025-12-22 11:09:37.305 [TestNG-test-Smoke Tests-2] INFO  [verifyingGlobalFilterLandingPage] Clicking language dropdown...
2025-12-22 11:09:37.305 [TestNG-test-Smoke Tests-2] INFO  [verifyingGlobalFilterLandingPage] [verifyingGlobalFilterLandingPage] Trying to find element: By.xpath: (//div[@id='content-icon'])[2]
2025-12-22 11:09:37.341 [TestNG-test-Smoke Tests-2] INFO  [verifyingGlobalFilterLandingPage] [verifyingGlobalFilterLandingPage] Element found and ready (attempt 1): By.xpath: (//div[@id='content-icon'])[2]
2025-12-22 11:09:40.700 [TestNG-test-Smoke Tests-2] INFO  [verifyingGlobalFilterLandingPage] Looking for language element with name: English (India)
2025-12-22 11:09:40.700 [TestNG-test-Smoke Tests-2] INFO  [verifyingGlobalFilterLandingPage] [verifyingGlobalFilterLandingPage] Trying to find element: By.xpath: //yt-multi-page-menu-section-renderer[@class='style-scope ytd-multi-page-menu-renderer']//yt-formatted-string[@id='label' and text()='English (India)']
2025-12-22 11:09:40.749 [TestNG-test-Smoke Tests-2] INFO  [verifyingGlobalFilterLandingPage] [verifyingGlobalFilterLandingPage] Element found and ready (attempt 1): By.xpath: //yt-multi-page-menu-section-renderer[@class='style-scope ytd-multi-page-menu-renderer']//yt-formatted-string[@id='label' and text()='English (India)']
2025-12-22 11:09:46.838 [TestNG-test-Smoke Tests-2] INFO  [verifyingGlobalFilterLandingPage] Clicking on global filter button in landing page..
2025-12-22 11:09:46.838 [TestNG-test-Smoke Tests-2] INFO  [verifyingGlobalFilterLandingPage] [verifyingGlobalFilterLandingPage] Trying to click element: By.xpath: //div[@id='filter-button']
2025-12-22 11:09:47.124 [TestNG-test-Smoke Tests-2] INFO  [verifyingGlobalFilterLandingPage] [verifyingGlobalFilterLandingPage] Clicked successfully (attempt 1): By.xpath: //div[@id='filter-button']
2025-12-22 11:09:47.384 [TestNG-test-Smoke Tests-2] INFO  [verifyingGlobalFilterLandingPage] Fetching the data from the global filter in landing page
2025-12-22 11:09:47.398 [TestNG-test-Smoke Tests-2] INFO  [verifyingGlobalFilterLandingPage] [verifyingGlobalFilterLandingPage] Trying to find element: By.xpath: //ytd-search-filter-options-dialog-renderer[@class='style-scope ytd-popup-container']
2025-12-22 11:09:47.471 [TestNG-test-Smoke Tests-2] INFO  [verifyingGlobalFilterLandingPage] [verifyingGlobalFilterLandingPage] Element found and ready (attempt 1): By.xpath: //ytd-search-filter-options-dialog-renderer[@class='style-scope ytd-popup-container']
2025-12-22 11:09:47.522 [TestNG-test-Smoke Tests-2] INFO  [verifyingGlobalFilterLandingPage] Closing the global filter pop-up in landing page..
2025-12-22 11:09:47.522 [TestNG-test-Smoke Tests-2] INFO  [verifyingGlobalFilterLandingPage] [verifyingGlobalFilterLandingPage] Trying to find element: By.xpath: //yt-icon[@icon='close']
2025-12-22 11:09:47.550 [TestNG-test-Smoke Tests-2] INFO  [verifyingGlobalFilterLandingPage] [verifyingGlobalFilterLandingPage] Element found and ready (attempt 1): By.xpath: //yt-icon[@icon='close']
2025-12-22 11:09:47.623 [TestNG-test-Smoke Tests-2] INFO  [verifyingGlobalFilterLandingPage] Clicking on global filter button in landing page..
2025-12-22 11:09:47.624 [TestNG-test-Smoke Tests-2] INFO  [verifyingGlobalFilterLandingPage] [verifyingGlobalFilterLandingPage] Trying to click element: By.xpath: //div[@id='filter-button']
2025-12-22 11:09:47.926 [TestNG-test-Smoke Tests-2] INFO  [verifyingGlobalFilterLandingPage] [verifyingGlobalFilterLandingPage] Clicked successfully (attempt 1): By.xpath: //div[@id='filter-button']
2025-12-22 11:09:48.176 [TestNG-test-Smoke Tests-2] INFO  [verifyingGlobalFilterLandingPage] Fetching the data from the global filter in landing page
2025-12-22 11:09:48.176 [TestNG-test-Smoke Tests-2] INFO  [verifyingGlobalFilterLandingPage] [verifyingGlobalFilterLandingPage] Trying to find element: By.xpath: //ytd-search-filter-options-dialog-renderer[@class='style-scope ytd-popup-container']
2025-12-22 11:09:48.202 [TestNG-test-Smoke Tests-2] INFO  [verifyingGlobalFilterLandingPage] [verifyingGlobalFilterLandingPage] Element found and ready (attempt 1): By.xpath: //ytd-search-filter-options-dialog-renderer[@class='style-scope ytd-popup-container']
2025-12-22 11:09:48.228 [TestNG-test-Smoke Tests-2] INFO  [verifyingGlobalFilterLandingPage] Closing the global filter pop-up in landing page..
2025-12-22 11:09:48.229 [TestNG-test-Smoke Tests-2] INFO  [verifyingGlobalFilterLandingPage] [verifyingGlobalFilterLandingPage] Trying to find element: By.xpath: //yt-icon[@icon='close']
2025-12-22 11:09:48.253 [TestNG-test-Smoke Tests-2] INFO  [verifyingGlobalFilterLandingPage] [verifyingGlobalFilterLandingPage] Element found and ready (attempt 1): By.xpath: //yt-icon[@icon='close']
2025-12-22 11:09:48.323 [TestNG-test-Smoke Tests-2] INFO  [verifyingGlobalFilterLandingPage] Test PASSED: verifyingGlobalFilterLandingPage
2025-12-22 11:09:48.323 [TestNG-test-Smoke Tests-2] INFO  [verifyingGlobalFilterLandingPage] Closing WebDriver for thread: 35
2025-12-22 11:09:48.750 [TestNG-test-Smoke Tests-2] INFO  [verifyingGlobalFilterLandingPage] WebDriver instance removed from ThreadLocal for thread: 35
2025-12-22 11:09:48.750 [TestNG-test-Smoke Tests-2] INFO  [verifyingGlobalFilterLandingPage] Driver closed for test: verifyingGlobalFilterLandingPage
