2025-12-24 18:30:53.487 [TestNG-test-Smoke Tests-2] INFO  [verifyingSideMenuLanguageAsInSettingsLingua] ===== STARTING TEST: verifyingSideMenuLanguageAsInSettingsLingua  | Thread: 35 =====
2025-12-24 18:30:53.489 [TestNG-test-Smoke Tests-2] INFO  [verifyingSideMenuLanguageAsInSettingsLingua] No existing WebDriver found for current thread. Initializing a new ChromeDriver...
2025-12-24 18:30:53.499 [TestNG-test-Smoke Tests-2] INFO  [verifyingSideMenuLanguageAsInSettingsLingua] WebDriverManager: chromedriver setup OK
2025-12-24 18:30:54.638 [TestNG-test-Smoke Tests-2] INFO  [verifyingSideMenuLanguageAsInSettingsLingua] ChromeDriver initialized successfully for thread: 35
2025-12-24 18:30:54.639 [TestNG-test-Smoke Tests-2] INFO  [verifyingSideMenuLanguageAsInSettingsLingua] Driver initialized successfully for test: verifyingSideMenuLanguageAsInSettingsLingua
2025-12-24 18:30:54.640 [TestNG-test-Smoke Tests-2] INFO  [verifyingSideMenuLanguageAsInSettingsLingua] SafeActions initialized with driver ChromeDriver: chrome on windows (ff33b29c8576ac9bcec91c289bb92fdb)
2025-12-24 18:30:54.640 [TestNG-test-Smoke Tests-2] INFO  [verifyingSideMenuLanguageAsInSettingsLingua] Initialized YtLandingPage with driver: ChromeDriver: chrome on windows (ff33b29c8576ac9bcec91c289bb92fdb)
2025-12-24 18:30:54.640 [TestNG-test-Smoke Tests-2] INFO  [verifyingSideMenuLanguageAsInSettingsLingua] SafeActions initialized with driver ChromeDriver: chrome on windows (ff33b29c8576ac9bcec91c289bb92fdb)
2025-12-24 18:30:54.761 [TestNG-test-Smoke Tests-2] INFO  [verifyingSideMenuLanguageAsInSettingsLingua] Opened YouTube landing page.
2025-12-24 18:30:54.761 [TestNG-test-Smoke Tests-2] INFO  [verifyingSideMenuLanguageAsInSettingsLingua] Clicking settings ellipses button...
2025-12-24 18:30:54.761 [TestNG-test-Smoke Tests-2] INFO  [verifyingSideMenuLanguageAsInSettingsLingua] [verifyingSideMenuLanguageAsInSettingsLingua] Trying to find element: By.xpath: //ytd-topbar-menu-button-renderer[@class='style-scope ytd-masthead style-default']
2025-12-24 18:30:56.918 [TestNG-test-Smoke Tests-2] INFO  [verifyingSideMenuLanguageAsInSettingsLingua] [verifyingSideMenuLanguageAsInSettingsLingua] Element found and ready (attempt 1): By.xpath: //ytd-topbar-menu-button-renderer[@class='style-scope ytd-masthead style-default']
2025-12-24 18:30:59.126 [TestNG-test-Smoke Tests-2] INFO  [verifyingSideMenuLanguageAsInSettingsLingua] Clicking language dropdown...
2025-12-24 18:30:59.126 [TestNG-test-Smoke Tests-2] INFO  [verifyingSideMenuLanguageAsInSettingsLingua] [verifyingSideMenuLanguageAsInSettingsLingua] Trying to find element: By.xpath: (//div[@id='content-icon'])[2]
2025-12-24 18:30:59.177 [TestNG-test-Smoke Tests-2] INFO  [verifyingSideMenuLanguageAsInSettingsLingua] [verifyingSideMenuLanguageAsInSettingsLingua] Element found and ready (attempt 1): By.xpath: (//div[@id='content-icon'])[2]
2025-12-24 18:31:01.888 [TestNG-test-Smoke Tests-2] INFO  [verifyingSideMenuLanguageAsInSettingsLingua] [verifyingSideMenuLanguageAsInSettingsLingua] Execution is Not CRON Job Hence refering to normal keys from UtilData
2025-12-24 18:31:01.888 [TestNG-test-Smoke Tests-2] INFO  [verifyingSideMenuLanguageAsInSettingsLingua] [verifyingSideMenuLanguageAsInSettingsLingua] Capturing screenshot: Filter Applied is Afrikaans__2025-12-24_183101.png
2025-12-24 18:31:01.969 [TestNG-test-Smoke Tests-2] INFO  [verifyingSideMenuLanguageAsInSettingsLingua] [verifyingSideMenuLanguageAsInSettingsLingua] Screenshot saved at: test-output/screenshots/Run_2025-12-24_18-19-50/verifyingSideMenuLanguageAsInSettingsLingua/Filter Applied is Afrikaans__2025-12-24_183101.png
2025-12-24 18:31:02.969 [TestNG-test-Smoke Tests-2] INFO  [verifyingSideMenuLanguageAsInSettingsLingua] Looking for language element with name: Afrikaans
2025-12-24 18:31:02.969 [TestNG-test-Smoke Tests-2] INFO  [verifyingSideMenuLanguageAsInSettingsLingua] [verifyingSideMenuLanguageAsInSettingsLingua] Trying to find element: By.xpath: //yt-multi-page-menu-section-renderer[@class='style-scope ytd-multi-page-menu-renderer']//yt-formatted-string[@id='label' and text()='Afrikaans']
2025-12-24 18:31:02.992 [TestNG-test-Smoke Tests-2] INFO  [verifyingSideMenuLanguageAsInSettingsLingua] [verifyingSideMenuLanguageAsInSettingsLingua] Element found and ready (attempt 1): By.xpath: //yt-multi-page-menu-section-renderer[@class='style-scope ytd-multi-page-menu-renderer']//yt-formatted-string[@id='label' and text()='Afrikaans']
2025-12-24 18:31:06.036 [TestNG-test-Smoke Tests-2] INFO  [verifyingSideMenuLanguageAsInSettingsLingua] Fetching the side menu in expanded view
2025-12-24 18:31:06.036 [TestNG-test-Smoke Tests-2] INFO  [verifyingSideMenuLanguageAsInSettingsLingua] [verifyingSideMenuLanguageAsInSettingsLingua] Finding elements list: By.xpath: //ytd-guide-entry-renderer[@class='style-scope ytd-guide-section-renderer']
2025-12-24 18:31:16.073 [TestNG-test-Smoke Tests-2] WARN  [verifyingSideMenuLanguageAsInSettingsLingua] [verifyingSideMenuLanguageAsInSettingsLingua] Attempt 1 failed to find elements: By.xpath: //ytd-guide-entry-renderer[@class='style-scope ytd-guide-section-renderer'] -> org.openqa.selenium.TimeoutException: Expected condition failed: waiting for presence of any elements located by By.xpath: //ytd-guide-entry-renderer[@class='style-scope ytd-guide-section-renderer'] (tried for 10 second(s) with 500 milliseconds interval)
Build info: version: '4.27.0', revision: 'd6e718d134'
System info: os.name: 'Windows Server 2025', os.arch: 'amd64', os.version: '10.0', java.version: '24.0.2'
Driver info: org.openqa.selenium.chrome.ChromeDriver
Capabilities {acceptInsecureCerts: false, browserName: chrome, browserVersion: 143.0.7499.110, chrome: {chromedriverVersion: 143.0.7499.169 (164b20aab62..., userDataDir: C:\Windows\SystemTemp\scope...}, fedcm:accounts: true, goog:chromeOptions: {debuggerAddress: localhost:50743}, goog:processID: 7636, networkConnectionEnabled: false, pageLoadStrategy: normal, platformName: windows, proxy: Proxy(), se:cdp: ws://localhost:50743/devtoo..., se:cdpVersion: 143.0.7499.110, setWindowRect: true, strictFileInteractability: false, timeouts: {implicit: 0, pageLoad: 300000, script: 30000}, unhandledPromptBehavior: dismiss and notify, webauthn:extension:credBlob: true, webauthn:extension:largeBlob: true, webauthn:extension:minPinLength: true, webauthn:extension:prf: true, webauthn:virtualAuthenticators: true}
Session ID: ff33b29c8576ac9bcec91c289bb92fdb
2025-12-24 18:31:26.226 [TestNG-test-Smoke Tests-2] WARN  [verifyingSideMenuLanguageAsInSettingsLingua] [verifyingSideMenuLanguageAsInSettingsLingua] Attempt 2 failed to find elements: By.xpath: //ytd-guide-entry-renderer[@class='style-scope ytd-guide-section-renderer'] -> org.openqa.selenium.TimeoutException: Expected condition failed: waiting for presence of any elements located by By.xpath: //ytd-guide-entry-renderer[@class='style-scope ytd-guide-section-renderer'] (tried for 10 second(s) with 500 milliseconds interval)
Build info: version: '4.27.0', revision: 'd6e718d134'
System info: os.name: 'Windows Server 2025', os.arch: 'amd64', os.version: '10.0', java.version: '24.0.2'
Driver info: org.openqa.selenium.chrome.ChromeDriver
Capabilities {acceptInsecureCerts: false, browserName: chrome, browserVersion: 143.0.7499.110, chrome: {chromedriverVersion: 143.0.7499.169 (164b20aab62..., userDataDir: C:\Windows\SystemTemp\scope...}, fedcm:accounts: true, goog:chromeOptions: {debuggerAddress: localhost:50743}, goog:processID: 7636, networkConnectionEnabled: false, pageLoadStrategy: normal, platformName: windows, proxy: Proxy(), se:cdp: ws://localhost:50743/devtoo..., se:cdpVersion: 143.0.7499.110, setWindowRect: true, strictFileInteractability: false, timeouts: {implicit: 0, pageLoad: 300000, script: 30000}, unhandledPromptBehavior: dismiss and notify, webauthn:extension:credBlob: true, webauthn:extension:largeBlob: true, webauthn:extension:minPinLength: true, webauthn:extension:prf: true, webauthn:virtualAuthenticators: true}
Session ID: ff33b29c8576ac9bcec91c289bb92fdb
2025-12-24 18:31:26.227 [TestNG-test-Smoke Tests-2] WARN  [verifyingSideMenuLanguageAsInSettingsLingua] [verifyingSideMenuLanguageAsInSettingsLingua] Attempt 2 failed — refreshing the page to recover...
2025-12-24 18:31:26.231 [TestNG-test-Smoke Tests-2] INFO  [verifyingSideMenuLanguageAsInSettingsLingua] [verifyingSideMenuLanguageAsInSettingsLingua] Current URL before refresh: https://www.youtube.com/
2025-12-24 18:31:26.337 [TestNG-test-Smoke Tests-2] INFO  [verifyingSideMenuLanguageAsInSettingsLingua] [verifyingSideMenuLanguageAsInSettingsLingua] Page refreshed successfully.
2025-12-24 18:31:27.844 [TestNG-test-Smoke Tests-2] INFO  [verifyingSideMenuLanguageAsInSettingsLingua] [verifyingSideMenuLanguageAsInSettingsLingua] Page fully loaded after refresh.
2025-12-24 18:31:38.021 [TestNG-test-Smoke Tests-2] WARN  [verifyingSideMenuLanguageAsInSettingsLingua] [verifyingSideMenuLanguageAsInSettingsLingua] Attempt 3 failed to find elements: By.xpath: //ytd-guide-entry-renderer[@class='style-scope ytd-guide-section-renderer'] -> org.openqa.selenium.TimeoutException: Expected condition failed: waiting for presence of any elements located by By.xpath: //ytd-guide-entry-renderer[@class='style-scope ytd-guide-section-renderer'] (tried for 10 second(s) with 500 milliseconds interval)
Build info: version: '4.27.0', revision: 'd6e718d134'
System info: os.name: 'Windows Server 2025', os.arch: 'amd64', os.version: '10.0', java.version: '24.0.2'
Driver info: org.openqa.selenium.chrome.ChromeDriver
Capabilities {acceptInsecureCerts: false, browserName: chrome, browserVersion: 143.0.7499.110, chrome: {chromedriverVersion: 143.0.7499.169 (164b20aab62..., userDataDir: C:\Windows\SystemTemp\scope...}, fedcm:accounts: true, goog:chromeOptions: {debuggerAddress: localhost:50743}, goog:processID: 7636, networkConnectionEnabled: false, pageLoadStrategy: normal, platformName: windows, proxy: Proxy(), se:cdp: ws://localhost:50743/devtoo..., se:cdpVersion: 143.0.7499.110, setWindowRect: true, strictFileInteractability: false, timeouts: {implicit: 0, pageLoad: 300000, script: 30000}, unhandledPromptBehavior: dismiss and notify, webauthn:extension:credBlob: true, webauthn:extension:largeBlob: true, webauthn:extension:minPinLength: true, webauthn:extension:prf: true, webauthn:virtualAuthenticators: true}
Session ID: ff33b29c8576ac9bcec91c289bb92fdb
2025-12-24 18:31:38.021 [TestNG-test-Smoke Tests-2] WARN  [verifyingSideMenuLanguageAsInSettingsLingua] [verifyingSideMenuLanguageAsInSettingsLingua] Attempt 3 failed — refreshing the page to recover...
2025-12-24 18:31:38.025 [TestNG-test-Smoke Tests-2] INFO  [verifyingSideMenuLanguageAsInSettingsLingua] [verifyingSideMenuLanguageAsInSettingsLingua] Current URL before refresh: https://www.youtube.com/
2025-12-24 18:31:39.020 [TestNG-test-Smoke Tests-2] INFO  [verifyingSideMenuLanguageAsInSettingsLingua] [verifyingSideMenuLanguageAsInSettingsLingua] Page refreshed successfully.
2025-12-24 18:31:40.525 [TestNG-test-Smoke Tests-2] INFO  [verifyingSideMenuLanguageAsInSettingsLingua] [verifyingSideMenuLanguageAsInSettingsLingua] Page fully loaded after refresh.
2025-12-24 18:31:40.525 [TestNG-test-Smoke Tests-2] ERROR [verifyingSideMenuLanguageAsInSettingsLingua] [verifyingSideMenuLanguageAsInSettingsLingua] No elements ready after 3 attempts: By.xpath: //ytd-guide-entry-renderer[@class='style-scope ytd-guide-section-renderer']
2025-12-24 18:31:40.525 [TestNG-test-Smoke Tests-2] INFO  [verifyingSideMenuLanguageAsInSettingsLingua] getExpectedLangageViaApplicableLangInput(Afrikaans)
2025-12-24 18:31:40.526 [TestNG-test-Smoke Tests-2] INFO  [verifyingSideMenuLanguageAsInSettingsLingua] Expected language for 'Afrikaans' -> AFRIKAANS
2025-12-24 18:31:40.526 [TestNG-test-Smoke Tests-2] INFO  [verifyingSideMenuLanguageAsInSettingsLingua] getLangAttributeViaLanguageInput(Afrikaans)
2025-12-24 18:31:40.526 [TestNG-test-Smoke Tests-2] INFO  [verifyingSideMenuLanguageAsInSettingsLingua] Mapped Afrikaans -> af-ZA
2025-12-24 18:31:40.526 [TestNG-test-Smoke Tests-2] INFO  [verifyingSideMenuLanguageAsInSettingsLingua] getLangAttribute() - locating <html> and reading lang property
2025-12-24 18:31:40.540 [TestNG-test-Smoke Tests-2] INFO  [verifyingSideMenuLanguageAsInSettingsLingua] Language attribute read: af-ZA
2025-12-24 18:31:40.540 [TestNG-test-Smoke Tests-2] INFO  [verifyingSideMenuLanguageAsInSettingsLingua] Clicking settings ellipses button...
2025-12-24 18:31:40.540 [TestNG-test-Smoke Tests-2] INFO  [verifyingSideMenuLanguageAsInSettingsLingua] [verifyingSideMenuLanguageAsInSettingsLingua] Trying to find element: By.xpath: //ytd-topbar-menu-button-renderer[@class='style-scope ytd-masthead style-default']
2025-12-24 18:31:40.558 [TestNG-test-Smoke Tests-2] INFO  [verifyingSideMenuLanguageAsInSettingsLingua] [verifyingSideMenuLanguageAsInSettingsLingua] Element found and ready (attempt 1): By.xpath: //ytd-topbar-menu-button-renderer[@class='style-scope ytd-masthead style-default']
2025-12-24 18:31:42.650 [TestNG-test-Smoke Tests-2] INFO  [verifyingSideMenuLanguageAsInSettingsLingua] Clicking language dropdown...
2025-12-24 18:31:42.650 [TestNG-test-Smoke Tests-2] INFO  [verifyingSideMenuLanguageAsInSettingsLingua] [verifyingSideMenuLanguageAsInSettingsLingua] Trying to find element: By.xpath: (//div[@id='content-icon'])[2]
2025-12-24 18:31:42.669 [TestNG-test-Smoke Tests-2] INFO  [verifyingSideMenuLanguageAsInSettingsLingua] [verifyingSideMenuLanguageAsInSettingsLingua] Element found and ready (attempt 1): By.xpath: (//div[@id='content-icon'])[2]
2025-12-24 18:31:45.039 [TestNG-test-Smoke Tests-2] INFO  [verifyingSideMenuLanguageAsInSettingsLingua] [verifyingSideMenuLanguageAsInSettingsLingua] Capturing screenshot: Filter Applied is Azərbaycan__2025-12-24_183145.png
2025-12-24 18:31:45.136 [TestNG-test-Smoke Tests-2] INFO  [verifyingSideMenuLanguageAsInSettingsLingua] [verifyingSideMenuLanguageAsInSettingsLingua] Screenshot saved at: test-output/screenshots/Run_2025-12-24_18-19-50/verifyingSideMenuLanguageAsInSettingsLingua/Filter Applied is Azərbaycan__2025-12-24_183145.png
2025-12-24 18:31:46.137 [TestNG-test-Smoke Tests-2] INFO  [verifyingSideMenuLanguageAsInSettingsLingua] Looking for language element with name: Azərbaycan
2025-12-24 18:31:46.137 [TestNG-test-Smoke Tests-2] INFO  [verifyingSideMenuLanguageAsInSettingsLingua] [verifyingSideMenuLanguageAsInSettingsLingua] Trying to find element: By.xpath: //yt-multi-page-menu-section-renderer[@class='style-scope ytd-multi-page-menu-renderer']//yt-formatted-string[@id='label' and text()='Azərbaycan']
2025-12-24 18:31:46.161 [TestNG-test-Smoke Tests-2] INFO  [verifyingSideMenuLanguageAsInSettingsLingua] [verifyingSideMenuLanguageAsInSettingsLingua] Element found and ready (attempt 1): By.xpath: //yt-multi-page-menu-section-renderer[@class='style-scope ytd-multi-page-menu-renderer']//yt-formatted-string[@id='label' and text()='Azərbaycan']
2025-12-24 18:31:49.231 [TestNG-test-Smoke Tests-2] INFO  [verifyingSideMenuLanguageAsInSettingsLingua] Fetching the side menu in expanded view
2025-12-24 18:31:49.231 [TestNG-test-Smoke Tests-2] INFO  [verifyingSideMenuLanguageAsInSettingsLingua] [verifyingSideMenuLanguageAsInSettingsLingua] Finding elements list: By.xpath: //ytd-guide-entry-renderer[@class='style-scope ytd-guide-section-renderer']
2025-12-24 18:31:59.445 [TestNG-test-Smoke Tests-2] WARN  [verifyingSideMenuLanguageAsInSettingsLingua] [verifyingSideMenuLanguageAsInSettingsLingua] Attempt 1 failed to find elements: By.xpath: //ytd-guide-entry-renderer[@class='style-scope ytd-guide-section-renderer'] -> org.openqa.selenium.TimeoutException: Expected condition failed: waiting for presence of any elements located by By.xpath: //ytd-guide-entry-renderer[@class='style-scope ytd-guide-section-renderer'] (tried for 10 second(s) with 500 milliseconds interval)
Build info: version: '4.27.0', revision: 'd6e718d134'
System info: os.name: 'Windows Server 2025', os.arch: 'amd64', os.version: '10.0', java.version: '24.0.2'
Driver info: org.openqa.selenium.chrome.ChromeDriver
Capabilities {acceptInsecureCerts: false, browserName: chrome, browserVersion: 143.0.7499.110, chrome: {chromedriverVersion: 143.0.7499.169 (164b20aab62..., userDataDir: C:\Windows\SystemTemp\scope...}, fedcm:accounts: true, goog:chromeOptions: {debuggerAddress: localhost:50743}, goog:processID: 7636, networkConnectionEnabled: false, pageLoadStrategy: normal, platformName: windows, proxy: Proxy(), se:cdp: ws://localhost:50743/devtoo..., se:cdpVersion: 143.0.7499.110, setWindowRect: true, strictFileInteractability: false, timeouts: {implicit: 0, pageLoad: 300000, script: 30000}, unhandledPromptBehavior: dismiss and notify, webauthn:extension:credBlob: true, webauthn:extension:largeBlob: true, webauthn:extension:minPinLength: true, webauthn:extension:prf: true, webauthn:virtualAuthenticators: true}
Session ID: ff33b29c8576ac9bcec91c289bb92fdb
2025-12-24 18:32:09.599 [TestNG-test-Smoke Tests-2] WARN  [verifyingSideMenuLanguageAsInSettingsLingua] [verifyingSideMenuLanguageAsInSettingsLingua] Attempt 2 failed to find elements: By.xpath: //ytd-guide-entry-renderer[@class='style-scope ytd-guide-section-renderer'] -> org.openqa.selenium.TimeoutException: Expected condition failed: waiting for presence of any elements located by By.xpath: //ytd-guide-entry-renderer[@class='style-scope ytd-guide-section-renderer'] (tried for 10 second(s) with 500 milliseconds interval)
Build info: version: '4.27.0', revision: 'd6e718d134'
System info: os.name: 'Windows Server 2025', os.arch: 'amd64', os.version: '10.0', java.version: '24.0.2'
Driver info: org.openqa.selenium.chrome.ChromeDriver
Capabilities {acceptInsecureCerts: false, browserName: chrome, browserVersion: 143.0.7499.110, chrome: {chromedriverVersion: 143.0.7499.169 (164b20aab62..., userDataDir: C:\Windows\SystemTemp\scope...}, fedcm:accounts: true, goog:chromeOptions: {debuggerAddress: localhost:50743}, goog:processID: 7636, networkConnectionEnabled: false, pageLoadStrategy: normal, platformName: windows, proxy: Proxy(), se:cdp: ws://localhost:50743/devtoo..., se:cdpVersion: 143.0.7499.110, setWindowRect: true, strictFileInteractability: false, timeouts: {implicit: 0, pageLoad: 300000, script: 30000}, unhandledPromptBehavior: dismiss and notify, webauthn:extension:credBlob: true, webauthn:extension:largeBlob: true, webauthn:extension:minPinLength: true, webauthn:extension:prf: true, webauthn:virtualAuthenticators: true}
Session ID: ff33b29c8576ac9bcec91c289bb92fdb
2025-12-24 18:32:09.600 [TestNG-test-Smoke Tests-2] WARN  [verifyingSideMenuLanguageAsInSettingsLingua] [verifyingSideMenuLanguageAsInSettingsLingua] Attempt 2 failed — refreshing the page to recover...
2025-12-24 18:32:09.603 [TestNG-test-Smoke Tests-2] INFO  [verifyingSideMenuLanguageAsInSettingsLingua] [verifyingSideMenuLanguageAsInSettingsLingua] Current URL before refresh: https://www.youtube.com/
2025-12-24 18:32:09.705 [TestNG-test-Smoke Tests-2] INFO  [verifyingSideMenuLanguageAsInSettingsLingua] [verifyingSideMenuLanguageAsInSettingsLingua] Page refreshed successfully.
2025-12-24 18:32:11.211 [TestNG-test-Smoke Tests-2] INFO  [verifyingSideMenuLanguageAsInSettingsLingua] [verifyingSideMenuLanguageAsInSettingsLingua] Page fully loaded after refresh.
2025-12-24 18:32:21.425 [TestNG-test-Smoke Tests-2] WARN  [verifyingSideMenuLanguageAsInSettingsLingua] [verifyingSideMenuLanguageAsInSettingsLingua] Attempt 3 failed to find elements: By.xpath: //ytd-guide-entry-renderer[@class='style-scope ytd-guide-section-renderer'] -> org.openqa.selenium.TimeoutException: Expected condition failed: waiting for presence of any elements located by By.xpath: //ytd-guide-entry-renderer[@class='style-scope ytd-guide-section-renderer'] (tried for 10 second(s) with 500 milliseconds interval)
Build info: version: '4.27.0', revision: 'd6e718d134'
System info: os.name: 'Windows Server 2025', os.arch: 'amd64', os.version: '10.0', java.version: '24.0.2'
Driver info: org.openqa.selenium.chrome.ChromeDriver
Capabilities {acceptInsecureCerts: false, browserName: chrome, browserVersion: 143.0.7499.110, chrome: {chromedriverVersion: 143.0.7499.169 (164b20aab62..., userDataDir: C:\Windows\SystemTemp\scope...}, fedcm:accounts: true, goog:chromeOptions: {debuggerAddress: localhost:50743}, goog:processID: 7636, networkConnectionEnabled: false, pageLoadStrategy: normal, platformName: windows, proxy: Proxy(), se:cdp: ws://localhost:50743/devtoo..., se:cdpVersion: 143.0.7499.110, setWindowRect: true, strictFileInteractability: false, timeouts: {implicit: 0, pageLoad: 300000, script: 30000}, unhandledPromptBehavior: dismiss and notify, webauthn:extension:credBlob: true, webauthn:extension:largeBlob: true, webauthn:extension:minPinLength: true, webauthn:extension:prf: true, webauthn:virtualAuthenticators: true}
Session ID: ff33b29c8576ac9bcec91c289bb92fdb
2025-12-24 18:32:21.425 [TestNG-test-Smoke Tests-2] WARN  [verifyingSideMenuLanguageAsInSettingsLingua] [verifyingSideMenuLanguageAsInSettingsLingua] Attempt 3 failed — refreshing the page to recover...
2025-12-24 18:32:21.429 [TestNG-test-Smoke Tests-2] INFO  [verifyingSideMenuLanguageAsInSettingsLingua] [verifyingSideMenuLanguageAsInSettingsLingua] Current URL before refresh: https://www.youtube.com/
2025-12-24 18:32:21.526 [TestNG-test-Smoke Tests-2] INFO  [verifyingSideMenuLanguageAsInSettingsLingua] [verifyingSideMenuLanguageAsInSettingsLingua] Page refreshed successfully.
2025-12-24 18:32:23.032 [TestNG-test-Smoke Tests-2] INFO  [verifyingSideMenuLanguageAsInSettingsLingua] [verifyingSideMenuLanguageAsInSettingsLingua] Page fully loaded after refresh.
2025-12-24 18:32:23.032 [TestNG-test-Smoke Tests-2] ERROR [verifyingSideMenuLanguageAsInSettingsLingua] [verifyingSideMenuLanguageAsInSettingsLingua] No elements ready after 3 attempts: By.xpath: //ytd-guide-entry-renderer[@class='style-scope ytd-guide-section-renderer']
2025-12-24 18:32:23.032 [TestNG-test-Smoke Tests-2] INFO  [verifyingSideMenuLanguageAsInSettingsLingua] getExpectedLangageViaApplicableLangInput(Azərbaycan)
2025-12-24 18:32:23.032 [TestNG-test-Smoke Tests-2] INFO  [verifyingSideMenuLanguageAsInSettingsLingua] Expected language for 'Azərbaycan' -> AZERBAIJANI
2025-12-24 18:32:23.032 [TestNG-test-Smoke Tests-2] INFO  [verifyingSideMenuLanguageAsInSettingsLingua] getLangAttributeViaLanguageInput(Azərbaycan)
2025-12-24 18:32:23.032 [TestNG-test-Smoke Tests-2] INFO  [verifyingSideMenuLanguageAsInSettingsLingua] Mapped Azərbaycan -> az-Latn-AZ
2025-12-24 18:32:23.032 [TestNG-test-Smoke Tests-2] INFO  [verifyingSideMenuLanguageAsInSettingsLingua] getLangAttribute() - locating <html> and reading lang property
2025-12-24 18:32:23.047 [TestNG-test-Smoke Tests-2] INFO  [verifyingSideMenuLanguageAsInSettingsLingua] Language attribute read: az-Latn-AZ
2025-12-24 18:32:23.047 [TestNG-test-Smoke Tests-2] INFO  [verifyingSideMenuLanguageAsInSettingsLingua] Clicking settings ellipses button...
2025-12-24 18:32:23.047 [TestNG-test-Smoke Tests-2] INFO  [verifyingSideMenuLanguageAsInSettingsLingua] [verifyingSideMenuLanguageAsInSettingsLingua] Trying to find element: By.xpath: //ytd-topbar-menu-button-renderer[@class='style-scope ytd-masthead style-default']
2025-12-24 18:32:23.072 [TestNG-test-Smoke Tests-2] INFO  [verifyingSideMenuLanguageAsInSettingsLingua] [verifyingSideMenuLanguageAsInSettingsLingua] Element found and ready (attempt 1): By.xpath: //ytd-topbar-menu-button-renderer[@class='style-scope ytd-masthead style-default']
2025-12-24 18:32:25.150 [TestNG-test-Smoke Tests-2] INFO  [verifyingSideMenuLanguageAsInSettingsLingua] Clicking language dropdown...
2025-12-24 18:32:25.150 [TestNG-test-Smoke Tests-2] INFO  [verifyingSideMenuLanguageAsInSettingsLingua] [verifyingSideMenuLanguageAsInSettingsLingua] Trying to find element: By.xpath: (//div[@id='content-icon'])[2]
2025-12-24 18:32:25.174 [TestNG-test-Smoke Tests-2] INFO  [verifyingSideMenuLanguageAsInSettingsLingua] [verifyingSideMenuLanguageAsInSettingsLingua] Element found and ready (attempt 1): By.xpath: (//div[@id='content-icon'])[2]
2025-12-24 18:32:27.663 [TestNG-test-Smoke Tests-2] INFO  [verifyingSideMenuLanguageAsInSettingsLingua] [verifyingSideMenuLanguageAsInSettingsLingua] Capturing screenshot: Filter Applied is Bahasa Indonesia__2025-12-24_183227.png
2025-12-24 18:32:27.778 [TestNG-test-Smoke Tests-2] INFO  [verifyingSideMenuLanguageAsInSettingsLingua] [verifyingSideMenuLanguageAsInSettingsLingua] Screenshot saved at: test-output/screenshots/Run_2025-12-24_18-19-50/verifyingSideMenuLanguageAsInSettingsLingua/Filter Applied is Bahasa Indonesia__2025-12-24_183227.png
2025-12-24 18:32:28.778 [TestNG-test-Smoke Tests-2] INFO  [verifyingSideMenuLanguageAsInSettingsLingua] Looking for language element with name: Bahasa Indonesia
2025-12-24 18:32:28.778 [TestNG-test-Smoke Tests-2] INFO  [verifyingSideMenuLanguageAsInSettingsLingua] [verifyingSideMenuLanguageAsInSettingsLingua] Trying to find element: By.xpath: //yt-multi-page-menu-section-renderer[@class='style-scope ytd-multi-page-menu-renderer']//yt-formatted-string[@id='label' and text()='Bahasa Indonesia']
2025-12-24 18:32:28.804 [TestNG-test-Smoke Tests-2] INFO  [verifyingSideMenuLanguageAsInSettingsLingua] [verifyingSideMenuLanguageAsInSettingsLingua] Element found and ready (attempt 1): By.xpath: //yt-multi-page-menu-section-renderer[@class='style-scope ytd-multi-page-menu-renderer']//yt-formatted-string[@id='label' and text()='Bahasa Indonesia']
2025-12-24 18:32:31.845 [TestNG-test-Smoke Tests-2] INFO  [verifyingSideMenuLanguageAsInSettingsLingua] Fetching the side menu in expanded view
2025-12-24 18:32:31.845 [TestNG-test-Smoke Tests-2] INFO  [verifyingSideMenuLanguageAsInSettingsLingua] [verifyingSideMenuLanguageAsInSettingsLingua] Finding elements list: By.xpath: //ytd-guide-entry-renderer[@class='style-scope ytd-guide-section-renderer']
2025-12-24 18:32:42.136 [TestNG-test-Smoke Tests-2] WARN  [verifyingSideMenuLanguageAsInSettingsLingua] [verifyingSideMenuLanguageAsInSettingsLingua] Attempt 1 failed to find elements: By.xpath: //ytd-guide-entry-renderer[@class='style-scope ytd-guide-section-renderer'] -> org.openqa.selenium.TimeoutException: Expected condition failed: waiting for presence of any elements located by By.xpath: //ytd-guide-entry-renderer[@class='style-scope ytd-guide-section-renderer'] (tried for 10 second(s) with 500 milliseconds interval)
Build info: version: '4.27.0', revision: 'd6e718d134'
System info: os.name: 'Windows Server 2025', os.arch: 'amd64', os.version: '10.0', java.version: '24.0.2'
Driver info: org.openqa.selenium.chrome.ChromeDriver
Capabilities {acceptInsecureCerts: false, browserName: chrome, browserVersion: 143.0.7499.110, chrome: {chromedriverVersion: 143.0.7499.169 (164b20aab62..., userDataDir: C:\Windows\SystemTemp\scope...}, fedcm:accounts: true, goog:chromeOptions: {debuggerAddress: localhost:50743}, goog:processID: 7636, networkConnectionEnabled: false, pageLoadStrategy: normal, platformName: windows, proxy: Proxy(), se:cdp: ws://localhost:50743/devtoo..., se:cdpVersion: 143.0.7499.110, setWindowRect: true, strictFileInteractability: false, timeouts: {implicit: 0, pageLoad: 300000, script: 30000}, unhandledPromptBehavior: dismiss and notify, webauthn:extension:credBlob: true, webauthn:extension:largeBlob: true, webauthn:extension:minPinLength: true, webauthn:extension:prf: true, webauthn:virtualAuthenticators: true}
Session ID: ff33b29c8576ac9bcec91c289bb92fdb
2025-12-24 18:32:52.313 [TestNG-test-Smoke Tests-2] WARN  [verifyingSideMenuLanguageAsInSettingsLingua] [verifyingSideMenuLanguageAsInSettingsLingua] Attempt 2 failed to find elements: By.xpath: //ytd-guide-entry-renderer[@class='style-scope ytd-guide-section-renderer'] -> org.openqa.selenium.TimeoutException: Expected condition failed: waiting for presence of any elements located by By.xpath: //ytd-guide-entry-renderer[@class='style-scope ytd-guide-section-renderer'] (tried for 10 second(s) with 500 milliseconds interval)
Build info: version: '4.27.0', revision: 'd6e718d134'
System info: os.name: 'Windows Server 2025', os.arch: 'amd64', os.version: '10.0', java.version: '24.0.2'
Driver info: org.openqa.selenium.chrome.ChromeDriver
Capabilities {acceptInsecureCerts: false, browserName: chrome, browserVersion: 143.0.7499.110, chrome: {chromedriverVersion: 143.0.7499.169 (164b20aab62..., userDataDir: C:\Windows\SystemTemp\scope...}, fedcm:accounts: true, goog:chromeOptions: {debuggerAddress: localhost:50743}, goog:processID: 7636, networkConnectionEnabled: false, pageLoadStrategy: normal, platformName: windows, proxy: Proxy(), se:cdp: ws://localhost:50743/devtoo..., se:cdpVersion: 143.0.7499.110, setWindowRect: true, strictFileInteractability: false, timeouts: {implicit: 0, pageLoad: 300000, script: 30000}, unhandledPromptBehavior: dismiss and notify, webauthn:extension:credBlob: true, webauthn:extension:largeBlob: true, webauthn:extension:minPinLength: true, webauthn:extension:prf: true, webauthn:virtualAuthenticators: true}
Session ID: ff33b29c8576ac9bcec91c289bb92fdb
2025-12-24 18:32:52.313 [TestNG-test-Smoke Tests-2] WARN  [verifyingSideMenuLanguageAsInSettingsLingua] [verifyingSideMenuLanguageAsInSettingsLingua] Attempt 2 failed — refreshing the page to recover...
2025-12-24 18:32:52.316 [TestNG-test-Smoke Tests-2] INFO  [verifyingSideMenuLanguageAsInSettingsLingua] [verifyingSideMenuLanguageAsInSettingsLingua] Current URL before refresh: https://www.youtube.com/
2025-12-24 18:32:52.405 [TestNG-test-Smoke Tests-2] INFO  [verifyingSideMenuLanguageAsInSettingsLingua] [verifyingSideMenuLanguageAsInSettingsLingua] Page refreshed successfully.
2025-12-24 18:32:53.911 [TestNG-test-Smoke Tests-2] INFO  [verifyingSideMenuLanguageAsInSettingsLingua] [verifyingSideMenuLanguageAsInSettingsLingua] Page fully loaded after refresh.
2025-12-24 18:33:04.074 [TestNG-test-Smoke Tests-2] WARN  [verifyingSideMenuLanguageAsInSettingsLingua] [verifyingSideMenuLanguageAsInSettingsLingua] Attempt 3 failed to find elements: By.xpath: //ytd-guide-entry-renderer[@class='style-scope ytd-guide-section-renderer'] -> org.openqa.selenium.TimeoutException: Expected condition failed: waiting for presence of any elements located by By.xpath: //ytd-guide-entry-renderer[@class='style-scope ytd-guide-section-renderer'] (tried for 10 second(s) with 500 milliseconds interval)
Build info: version: '4.27.0', revision: 'd6e718d134'
System info: os.name: 'Windows Server 2025', os.arch: 'amd64', os.version: '10.0', java.version: '24.0.2'
Driver info: org.openqa.selenium.chrome.ChromeDriver
Capabilities {acceptInsecureCerts: false, browserName: chrome, browserVersion: 143.0.7499.110, chrome: {chromedriverVersion: 143.0.7499.169 (164b20aab62..., userDataDir: C:\Windows\SystemTemp\scope...}, fedcm:accounts: true, goog:chromeOptions: {debuggerAddress: localhost:50743}, goog:processID: 7636, networkConnectionEnabled: false, pageLoadStrategy: normal, platformName: windows, proxy: Proxy(), se:cdp: ws://localhost:50743/devtoo..., se:cdpVersion: 143.0.7499.110, setWindowRect: true, strictFileInteractability: false, timeouts: {implicit: 0, pageLoad: 300000, script: 30000}, unhandledPromptBehavior: dismiss and notify, webauthn:extension:credBlob: true, webauthn:extension:largeBlob: true, webauthn:extension:minPinLength: true, webauthn:extension:prf: true, webauthn:virtualAuthenticators: true}
Session ID: ff33b29c8576ac9bcec91c289bb92fdb
2025-12-24 18:33:04.074 [TestNG-test-Smoke Tests-2] WARN  [verifyingSideMenuLanguageAsInSettingsLingua] [verifyingSideMenuLanguageAsInSettingsLingua] Attempt 3 failed — refreshing the page to recover...
2025-12-24 18:33:04.078 [TestNG-test-Smoke Tests-2] INFO  [verifyingSideMenuLanguageAsInSettingsLingua] [verifyingSideMenuLanguageAsInSettingsLingua] Current URL before refresh: https://www.youtube.com/
2025-12-24 18:33:04.184 [TestNG-test-Smoke Tests-2] INFO  [verifyingSideMenuLanguageAsInSettingsLingua] [verifyingSideMenuLanguageAsInSettingsLingua] Page refreshed successfully.
2025-12-24 18:33:05.690 [TestNG-test-Smoke Tests-2] INFO  [verifyingSideMenuLanguageAsInSettingsLingua] [verifyingSideMenuLanguageAsInSettingsLingua] Page fully loaded after refresh.
2025-12-24 18:33:05.690 [TestNG-test-Smoke Tests-2] ERROR [verifyingSideMenuLanguageAsInSettingsLingua] [verifyingSideMenuLanguageAsInSettingsLingua] No elements ready after 3 attempts: By.xpath: //ytd-guide-entry-renderer[@class='style-scope ytd-guide-section-renderer']
2025-12-24 18:33:05.690 [TestNG-test-Smoke Tests-2] INFO  [verifyingSideMenuLanguageAsInSettingsLingua] getExpectedLangageViaApplicableLangInput(Bahasa Indonesia)
2025-12-24 18:33:05.690 [TestNG-test-Smoke Tests-2] INFO  [verifyingSideMenuLanguageAsInSettingsLingua] Expected language for 'Bahasa Indonesia' -> INDONESIAN
2025-12-24 18:33:05.690 [TestNG-test-Smoke Tests-2] INFO  [verifyingSideMenuLanguageAsInSettingsLingua] getLangAttributeViaLanguageInput(Bahasa Indonesia)
2025-12-24 18:33:05.690 [TestNG-test-Smoke Tests-2] INFO  [verifyingSideMenuLanguageAsInSettingsLingua] Mapped Bahasa Indonesia -> id-ID
2025-12-24 18:33:05.690 [TestNG-test-Smoke Tests-2] INFO  [verifyingSideMenuLanguageAsInSettingsLingua] getLangAttribute() - locating <html> and reading lang property
2025-12-24 18:33:05.702 [TestNG-test-Smoke Tests-2] INFO  [verifyingSideMenuLanguageAsInSettingsLingua] Language attribute read: id-ID
2025-12-24 18:33:05.702 [TestNG-test-Smoke Tests-2] INFO  [verifyingSideMenuLanguageAsInSettingsLingua] Clicking settings ellipses button...
2025-12-24 18:33:05.702 [TestNG-test-Smoke Tests-2] INFO  [verifyingSideMenuLanguageAsInSettingsLingua] [verifyingSideMenuLanguageAsInSettingsLingua] Trying to find element: By.xpath: //ytd-topbar-menu-button-renderer[@class='style-scope ytd-masthead style-default']
2025-12-24 18:33:05.720 [TestNG-test-Smoke Tests-2] INFO  [verifyingSideMenuLanguageAsInSettingsLingua] [verifyingSideMenuLanguageAsInSettingsLingua] Element found and ready (attempt 1): By.xpath: //ytd-topbar-menu-button-renderer[@class='style-scope ytd-masthead style-default']
2025-12-24 18:33:07.803 [TestNG-test-Smoke Tests-2] INFO  [verifyingSideMenuLanguageAsInSettingsLingua] Clicking language dropdown...
2025-12-24 18:33:07.803 [TestNG-test-Smoke Tests-2] INFO  [verifyingSideMenuLanguageAsInSettingsLingua] [verifyingSideMenuLanguageAsInSettingsLingua] Trying to find element: By.xpath: (//div[@id='content-icon'])[2]
2025-12-24 18:33:07.822 [TestNG-test-Smoke Tests-2] INFO  [verifyingSideMenuLanguageAsInSettingsLingua] [verifyingSideMenuLanguageAsInSettingsLingua] Element found and ready (attempt 1): By.xpath: (//div[@id='content-icon'])[2]
2025-12-24 18:33:10.152 [TestNG-test-Smoke Tests-2] INFO  [verifyingSideMenuLanguageAsInSettingsLingua] [verifyingSideMenuLanguageAsInSettingsLingua] Capturing screenshot: Filter Applied is Bosanski__2025-12-24_183310.png
2025-12-24 18:33:10.266 [TestNG-test-Smoke Tests-2] INFO  [verifyingSideMenuLanguageAsInSettingsLingua] [verifyingSideMenuLanguageAsInSettingsLingua] Screenshot saved at: test-output/screenshots/Run_2025-12-24_18-19-50/verifyingSideMenuLanguageAsInSettingsLingua/Filter Applied is Bosanski__2025-12-24_183310.png
2025-12-24 18:33:11.267 [TestNG-test-Smoke Tests-2] INFO  [verifyingSideMenuLanguageAsInSettingsLingua] Looking for language element with name: Bosanski
2025-12-24 18:33:11.267 [TestNG-test-Smoke Tests-2] INFO  [verifyingSideMenuLanguageAsInSettingsLingua] [verifyingSideMenuLanguageAsInSettingsLingua] Trying to find element: By.xpath: //yt-multi-page-menu-section-renderer[@class='style-scope ytd-multi-page-menu-renderer']//yt-formatted-string[@id='label' and text()='Bosanski']
2025-12-24 18:33:11.290 [TestNG-test-Smoke Tests-2] INFO  [verifyingSideMenuLanguageAsInSettingsLingua] [verifyingSideMenuLanguageAsInSettingsLingua] Element found and ready (attempt 1): By.xpath: //yt-multi-page-menu-section-renderer[@class='style-scope ytd-multi-page-menu-renderer']//yt-formatted-string[@id='label' and text()='Bosanski']
2025-12-24 18:33:14.280 [TestNG-test-Smoke Tests-2] INFO  [verifyingSideMenuLanguageAsInSettingsLingua] Fetching the side menu in expanded view
2025-12-24 18:33:14.280 [TestNG-test-Smoke Tests-2] INFO  [verifyingSideMenuLanguageAsInSettingsLingua] [verifyingSideMenuLanguageAsInSettingsLingua] Finding elements list: By.xpath: //ytd-guide-entry-renderer[@class='style-scope ytd-guide-section-renderer']
2025-12-24 18:33:24.455 [TestNG-test-Smoke Tests-2] WARN  [verifyingSideMenuLanguageAsInSettingsLingua] [verifyingSideMenuLanguageAsInSettingsLingua] Attempt 1 failed to find elements: By.xpath: //ytd-guide-entry-renderer[@class='style-scope ytd-guide-section-renderer'] -> org.openqa.selenium.TimeoutException: Expected condition failed: waiting for presence of any elements located by By.xpath: //ytd-guide-entry-renderer[@class='style-scope ytd-guide-section-renderer'] (tried for 10 second(s) with 500 milliseconds interval)
Build info: version: '4.27.0', revision: 'd6e718d134'
System info: os.name: 'Windows Server 2025', os.arch: 'amd64', os.version: '10.0', java.version: '24.0.2'
Driver info: org.openqa.selenium.chrome.ChromeDriver
Capabilities {acceptInsecureCerts: false, browserName: chrome, browserVersion: 143.0.7499.110, chrome: {chromedriverVersion: 143.0.7499.169 (164b20aab62..., userDataDir: C:\Windows\SystemTemp\scope...}, fedcm:accounts: true, goog:chromeOptions: {debuggerAddress: localhost:50743}, goog:processID: 7636, networkConnectionEnabled: false, pageLoadStrategy: normal, platformName: windows, proxy: Proxy(), se:cdp: ws://localhost:50743/devtoo..., se:cdpVersion: 143.0.7499.110, setWindowRect: true, strictFileInteractability: false, timeouts: {implicit: 0, pageLoad: 300000, script: 30000}, unhandledPromptBehavior: dismiss and notify, webauthn:extension:credBlob: true, webauthn:extension:largeBlob: true, webauthn:extension:minPinLength: true, webauthn:extension:prf: true, webauthn:virtualAuthenticators: true}
Session ID: ff33b29c8576ac9bcec91c289bb92fdb
2025-12-24 18:33:34.617 [TestNG-test-Smoke Tests-2] WARN  [verifyingSideMenuLanguageAsInSettingsLingua] [verifyingSideMenuLanguageAsInSettingsLingua] Attempt 2 failed to find elements: By.xpath: //ytd-guide-entry-renderer[@class='style-scope ytd-guide-section-renderer'] -> org.openqa.selenium.TimeoutException: Expected condition failed: waiting for presence of any elements located by By.xpath: //ytd-guide-entry-renderer[@class='style-scope ytd-guide-section-renderer'] (tried for 10 second(s) with 500 milliseconds interval)
Build info: version: '4.27.0', revision: 'd6e718d134'
System info: os.name: 'Windows Server 2025', os.arch: 'amd64', os.version: '10.0', java.version: '24.0.2'
Driver info: org.openqa.selenium.chrome.ChromeDriver
Capabilities {acceptInsecureCerts: false, browserName: chrome, browserVersion: 143.0.7499.110, chrome: {chromedriverVersion: 143.0.7499.169 (164b20aab62..., userDataDir: C:\Windows\SystemTemp\scope...}, fedcm:accounts: true, goog:chromeOptions: {debuggerAddress: localhost:50743}, goog:processID: 7636, networkConnectionEnabled: false, pageLoadStrategy: normal, platformName: windows, proxy: Proxy(), se:cdp: ws://localhost:50743/devtoo..., se:cdpVersion: 143.0.7499.110, setWindowRect: true, strictFileInteractability: false, timeouts: {implicit: 0, pageLoad: 300000, script: 30000}, unhandledPromptBehavior: dismiss and notify, webauthn:extension:credBlob: true, webauthn:extension:largeBlob: true, webauthn:extension:minPinLength: true, webauthn:extension:prf: true, webauthn:virtualAuthenticators: true}
Session ID: ff33b29c8576ac9bcec91c289bb92fdb
2025-12-24 18:33:34.617 [TestNG-test-Smoke Tests-2] WARN  [verifyingSideMenuLanguageAsInSettingsLingua] [verifyingSideMenuLanguageAsInSettingsLingua] Attempt 2 failed — refreshing the page to recover...
2025-12-24 18:33:34.621 [TestNG-test-Smoke Tests-2] INFO  [verifyingSideMenuLanguageAsInSettingsLingua] [verifyingSideMenuLanguageAsInSettingsLingua] Current URL before refresh: https://www.youtube.com/
2025-12-24 18:33:34.729 [TestNG-test-Smoke Tests-2] INFO  [verifyingSideMenuLanguageAsInSettingsLingua] [verifyingSideMenuLanguageAsInSettingsLingua] Page refreshed successfully.
2025-12-24 18:33:36.235 [TestNG-test-Smoke Tests-2] INFO  [verifyingSideMenuLanguageAsInSettingsLingua] [verifyingSideMenuLanguageAsInSettingsLingua] Page fully loaded after refresh.
2025-12-24 18:33:46.435 [TestNG-test-Smoke Tests-2] WARN  [verifyingSideMenuLanguageAsInSettingsLingua] [verifyingSideMenuLanguageAsInSettingsLingua] Attempt 3 failed to find elements: By.xpath: //ytd-guide-entry-renderer[@class='style-scope ytd-guide-section-renderer'] -> org.openqa.selenium.TimeoutException: Expected condition failed: waiting for presence of any elements located by By.xpath: //ytd-guide-entry-renderer[@class='style-scope ytd-guide-section-renderer'] (tried for 10 second(s) with 500 milliseconds interval)
Build info: version: '4.27.0', revision: 'd6e718d134'
System info: os.name: 'Windows Server 2025', os.arch: 'amd64', os.version: '10.0', java.version: '24.0.2'
Driver info: org.openqa.selenium.chrome.ChromeDriver
Capabilities {acceptInsecureCerts: false, browserName: chrome, browserVersion: 143.0.7499.110, chrome: {chromedriverVersion: 143.0.7499.169 (164b20aab62..., userDataDir: C:\Windows\SystemTemp\scope...}, fedcm:accounts: true, goog:chromeOptions: {debuggerAddress: localhost:50743}, goog:processID: 7636, networkConnectionEnabled: false, pageLoadStrategy: normal, platformName: windows, proxy: Proxy(), se:cdp: ws://localhost:50743/devtoo..., se:cdpVersion: 143.0.7499.110, setWindowRect: true, strictFileInteractability: false, timeouts: {implicit: 0, pageLoad: 300000, script: 30000}, unhandledPromptBehavior: dismiss and notify, webauthn:extension:credBlob: true, webauthn:extension:largeBlob: true, webauthn:extension:minPinLength: true, webauthn:extension:prf: true, webauthn:virtualAuthenticators: true}
Session ID: ff33b29c8576ac9bcec91c289bb92fdb
2025-12-24 18:33:46.435 [TestNG-test-Smoke Tests-2] WARN  [verifyingSideMenuLanguageAsInSettingsLingua] [verifyingSideMenuLanguageAsInSettingsLingua] Attempt 3 failed — refreshing the page to recover...
2025-12-24 18:33:46.439 [TestNG-test-Smoke Tests-2] INFO  [verifyingSideMenuLanguageAsInSettingsLingua] [verifyingSideMenuLanguageAsInSettingsLingua] Current URL before refresh: https://www.youtube.com/
2025-12-24 18:33:46.563 [TestNG-test-Smoke Tests-2] INFO  [verifyingSideMenuLanguageAsInSettingsLingua] [verifyingSideMenuLanguageAsInSettingsLingua] Page refreshed successfully.
2025-12-24 18:33:48.069 [TestNG-test-Smoke Tests-2] INFO  [verifyingSideMenuLanguageAsInSettingsLingua] [verifyingSideMenuLanguageAsInSettingsLingua] Page fully loaded after refresh.
2025-12-24 18:33:48.069 [TestNG-test-Smoke Tests-2] ERROR [verifyingSideMenuLanguageAsInSettingsLingua] [verifyingSideMenuLanguageAsInSettingsLingua] No elements ready after 3 attempts: By.xpath: //ytd-guide-entry-renderer[@class='style-scope ytd-guide-section-renderer']
2025-12-24 18:33:48.070 [TestNG-test-Smoke Tests-2] INFO  [verifyingSideMenuLanguageAsInSettingsLingua] getExpectedLangageViaApplicableLangInput(Bosanski)
2025-12-24 18:33:48.070 [TestNG-test-Smoke Tests-2] INFO  [verifyingSideMenuLanguageAsInSettingsLingua] Expected language for 'Bosanski' -> CROATIAN
2025-12-24 18:33:48.070 [TestNG-test-Smoke Tests-2] INFO  [verifyingSideMenuLanguageAsInSettingsLingua] getLangAttributeViaLanguageInput(Bosanski)
2025-12-24 18:33:48.070 [TestNG-test-Smoke Tests-2] INFO  [verifyingSideMenuLanguageAsInSettingsLingua] Mapped Bosanski -> bs-Latn-BA
2025-12-24 18:33:48.070 [TestNG-test-Smoke Tests-2] INFO  [verifyingSideMenuLanguageAsInSettingsLingua] getLangAttribute() - locating <html> and reading lang property
2025-12-24 18:33:48.081 [TestNG-test-Smoke Tests-2] INFO  [verifyingSideMenuLanguageAsInSettingsLingua] Language attribute read: bs-Latn-BA
2025-12-24 18:33:48.081 [TestNG-test-Smoke Tests-2] INFO  [verifyingSideMenuLanguageAsInSettingsLingua] Clicking settings ellipses button...
2025-12-24 18:33:48.081 [TestNG-test-Smoke Tests-2] INFO  [verifyingSideMenuLanguageAsInSettingsLingua] [verifyingSideMenuLanguageAsInSettingsLingua] Trying to find element: By.xpath: //ytd-topbar-menu-button-renderer[@class='style-scope ytd-masthead style-default']
2025-12-24 18:33:48.099 [TestNG-test-Smoke Tests-2] INFO  [verifyingSideMenuLanguageAsInSettingsLingua] [verifyingSideMenuLanguageAsInSettingsLingua] Element found and ready (attempt 1): By.xpath: //ytd-topbar-menu-button-renderer[@class='style-scope ytd-masthead style-default']
2025-12-24 18:33:50.280 [TestNG-test-Smoke Tests-2] INFO  [verifyingSideMenuLanguageAsInSettingsLingua] Clicking language dropdown...
2025-12-24 18:33:50.280 [TestNG-test-Smoke Tests-2] INFO  [verifyingSideMenuLanguageAsInSettingsLingua] [verifyingSideMenuLanguageAsInSettingsLingua] Trying to find element: By.xpath: (//div[@id='content-icon'])[2]
2025-12-24 18:33:50.299 [TestNG-test-Smoke Tests-2] INFO  [verifyingSideMenuLanguageAsInSettingsLingua] [verifyingSideMenuLanguageAsInSettingsLingua] Element found and ready (attempt 1): By.xpath: (//div[@id='content-icon'])[2]
2025-12-24 18:33:52.641 [TestNG-test-Smoke Tests-2] INFO  [verifyingSideMenuLanguageAsInSettingsLingua] [verifyingSideMenuLanguageAsInSettingsLingua] Capturing screenshot: Filter Applied is Català__2025-12-24_183352.png
2025-12-24 18:33:52.768 [TestNG-test-Smoke Tests-2] INFO  [verifyingSideMenuLanguageAsInSettingsLingua] [verifyingSideMenuLanguageAsInSettingsLingua] Screenshot saved at: test-output/screenshots/Run_2025-12-24_18-19-50/verifyingSideMenuLanguageAsInSettingsLingua/Filter Applied is Català__2025-12-24_183352.png
2025-12-24 18:33:53.768 [TestNG-test-Smoke Tests-2] INFO  [verifyingSideMenuLanguageAsInSettingsLingua] Looking for language element with name: Català
2025-12-24 18:33:53.768 [TestNG-test-Smoke Tests-2] INFO  [verifyingSideMenuLanguageAsInSettingsLingua] [verifyingSideMenuLanguageAsInSettingsLingua] Trying to find element: By.xpath: //yt-multi-page-menu-section-renderer[@class='style-scope ytd-multi-page-menu-renderer']//yt-formatted-string[@id='label' and text()='Català']
2025-12-24 18:33:53.797 [TestNG-test-Smoke Tests-2] INFO  [verifyingSideMenuLanguageAsInSettingsLingua] [verifyingSideMenuLanguageAsInSettingsLingua] Element found and ready (attempt 1): By.xpath: //yt-multi-page-menu-section-renderer[@class='style-scope ytd-multi-page-menu-renderer']//yt-formatted-string[@id='label' and text()='Català']
2025-12-24 18:33:56.738 [TestNG-test-Smoke Tests-2] INFO  [verifyingSideMenuLanguageAsInSettingsLingua] Fetching the side menu in expanded view
2025-12-24 18:33:56.738 [TestNG-test-Smoke Tests-2] INFO  [verifyingSideMenuLanguageAsInSettingsLingua] [verifyingSideMenuLanguageAsInSettingsLingua] Finding elements list: By.xpath: //ytd-guide-entry-renderer[@class='style-scope ytd-guide-section-renderer']
2025-12-24 18:34:06.993 [TestNG-test-Smoke Tests-2] WARN  [verifyingSideMenuLanguageAsInSettingsLingua] [verifyingSideMenuLanguageAsInSettingsLingua] Attempt 1 failed to find elements: By.xpath: //ytd-guide-entry-renderer[@class='style-scope ytd-guide-section-renderer'] -> org.openqa.selenium.TimeoutException: Expected condition failed: waiting for presence of any elements located by By.xpath: //ytd-guide-entry-renderer[@class='style-scope ytd-guide-section-renderer'] (tried for 10 second(s) with 500 milliseconds interval)
Build info: version: '4.27.0', revision: 'd6e718d134'
System info: os.name: 'Windows Server 2025', os.arch: 'amd64', os.version: '10.0', java.version: '24.0.2'
Driver info: org.openqa.selenium.chrome.ChromeDriver
Capabilities {acceptInsecureCerts: false, browserName: chrome, browserVersion: 143.0.7499.110, chrome: {chromedriverVersion: 143.0.7499.169 (164b20aab62..., userDataDir: C:\Windows\SystemTemp\scope...}, fedcm:accounts: true, goog:chromeOptions: {debuggerAddress: localhost:50743}, goog:processID: 7636, networkConnectionEnabled: false, pageLoadStrategy: normal, platformName: windows, proxy: Proxy(), se:cdp: ws://localhost:50743/devtoo..., se:cdpVersion: 143.0.7499.110, setWindowRect: true, strictFileInteractability: false, timeouts: {implicit: 0, pageLoad: 300000, script: 30000}, unhandledPromptBehavior: dismiss and notify, webauthn:extension:credBlob: true, webauthn:extension:largeBlob: true, webauthn:extension:minPinLength: true, webauthn:extension:prf: true, webauthn:virtualAuthenticators: true}
Session ID: ff33b29c8576ac9bcec91c289bb92fdb
2025-12-24 18:34:17.152 [TestNG-test-Smoke Tests-2] WARN  [verifyingSideMenuLanguageAsInSettingsLingua] [verifyingSideMenuLanguageAsInSettingsLingua] Attempt 2 failed to find elements: By.xpath: //ytd-guide-entry-renderer[@class='style-scope ytd-guide-section-renderer'] -> org.openqa.selenium.TimeoutException: Expected condition failed: waiting for presence of any elements located by By.xpath: //ytd-guide-entry-renderer[@class='style-scope ytd-guide-section-renderer'] (tried for 10 second(s) with 500 milliseconds interval)
Build info: version: '4.27.0', revision: 'd6e718d134'
System info: os.name: 'Windows Server 2025', os.arch: 'amd64', os.version: '10.0', java.version: '24.0.2'
Driver info: org.openqa.selenium.chrome.ChromeDriver
Capabilities {acceptInsecureCerts: false, browserName: chrome, browserVersion: 143.0.7499.110, chrome: {chromedriverVersion: 143.0.7499.169 (164b20aab62..., userDataDir: C:\Windows\SystemTemp\scope...}, fedcm:accounts: true, goog:chromeOptions: {debuggerAddress: localhost:50743}, goog:processID: 7636, networkConnectionEnabled: false, pageLoadStrategy: normal, platformName: windows, proxy: Proxy(), se:cdp: ws://localhost:50743/devtoo..., se:cdpVersion: 143.0.7499.110, setWindowRect: true, strictFileInteractability: false, timeouts: {implicit: 0, pageLoad: 300000, script: 30000}, unhandledPromptBehavior: dismiss and notify, webauthn:extension:credBlob: true, webauthn:extension:largeBlob: true, webauthn:extension:minPinLength: true, webauthn:extension:prf: true, webauthn:virtualAuthenticators: true}
Session ID: ff33b29c8576ac9bcec91c289bb92fdb
2025-12-24 18:34:17.152 [TestNG-test-Smoke Tests-2] WARN  [verifyingSideMenuLanguageAsInSettingsLingua] [verifyingSideMenuLanguageAsInSettingsLingua] Attempt 2 failed — refreshing the page to recover...
2025-12-24 18:34:17.156 [TestNG-test-Smoke Tests-2] INFO  [verifyingSideMenuLanguageAsInSettingsLingua] [verifyingSideMenuLanguageAsInSettingsLingua] Current URL before refresh: https://www.youtube.com/
2025-12-24 18:34:17.273 [TestNG-test-Smoke Tests-2] INFO  [verifyingSideMenuLanguageAsInSettingsLingua] [verifyingSideMenuLanguageAsInSettingsLingua] Page refreshed successfully.
2025-12-24 18:34:18.780 [TestNG-test-Smoke Tests-2] INFO  [verifyingSideMenuLanguageAsInSettingsLingua] [verifyingSideMenuLanguageAsInSettingsLingua] Page fully loaded after refresh.
2025-12-24 18:34:28.986 [TestNG-test-Smoke Tests-2] WARN  [verifyingSideMenuLanguageAsInSettingsLingua] [verifyingSideMenuLanguageAsInSettingsLingua] Attempt 3 failed to find elements: By.xpath: //ytd-guide-entry-renderer[@class='style-scope ytd-guide-section-renderer'] -> org.openqa.selenium.TimeoutException: Expected condition failed: waiting for presence of any elements located by By.xpath: //ytd-guide-entry-renderer[@class='style-scope ytd-guide-section-renderer'] (tried for 10 second(s) with 500 milliseconds interval)
Build info: version: '4.27.0', revision: 'd6e718d134'
System info: os.name: 'Windows Server 2025', os.arch: 'amd64', os.version: '10.0', java.version: '24.0.2'
Driver info: org.openqa.selenium.chrome.ChromeDriver
Capabilities {acceptInsecureCerts: false, browserName: chrome, browserVersion: 143.0.7499.110, chrome: {chromedriverVersion: 143.0.7499.169 (164b20aab62..., userDataDir: C:\Windows\SystemTemp\scope...}, fedcm:accounts: true, goog:chromeOptions: {debuggerAddress: localhost:50743}, goog:processID: 7636, networkConnectionEnabled: false, pageLoadStrategy: normal, platformName: windows, proxy: Proxy(), se:cdp: ws://localhost:50743/devtoo..., se:cdpVersion: 143.0.7499.110, setWindowRect: true, strictFileInteractability: false, timeouts: {implicit: 0, pageLoad: 300000, script: 30000}, unhandledPromptBehavior: dismiss and notify, webauthn:extension:credBlob: true, webauthn:extension:largeBlob: true, webauthn:extension:minPinLength: true, webauthn:extension:prf: true, webauthn:virtualAuthenticators: true}
Session ID: ff33b29c8576ac9bcec91c289bb92fdb
2025-12-24 18:34:28.986 [TestNG-test-Smoke Tests-2] WARN  [verifyingSideMenuLanguageAsInSettingsLingua] [verifyingSideMenuLanguageAsInSettingsLingua] Attempt 3 failed — refreshing the page to recover...
2025-12-24 18:34:28.990 [TestNG-test-Smoke Tests-2] INFO  [verifyingSideMenuLanguageAsInSettingsLingua] [verifyingSideMenuLanguageAsInSettingsLingua] Current URL before refresh: https://www.youtube.com/
2025-12-24 18:34:29.855 [TestNG-test-Smoke Tests-2] INFO  [verifyingSideMenuLanguageAsInSettingsLingua] [verifyingSideMenuLanguageAsInSettingsLingua] Page refreshed successfully.
2025-12-24 18:34:31.361 [TestNG-test-Smoke Tests-2] INFO  [verifyingSideMenuLanguageAsInSettingsLingua] [verifyingSideMenuLanguageAsInSettingsLingua] Page fully loaded after refresh.
2025-12-24 18:34:31.361 [TestNG-test-Smoke Tests-2] ERROR [verifyingSideMenuLanguageAsInSettingsLingua] [verifyingSideMenuLanguageAsInSettingsLingua] No elements ready after 3 attempts: By.xpath: //ytd-guide-entry-renderer[@class='style-scope ytd-guide-section-renderer']
2025-12-24 18:34:31.361 [TestNG-test-Smoke Tests-2] INFO  [verifyingSideMenuLanguageAsInSettingsLingua] getExpectedLangageViaApplicableLangInput(Català)
2025-12-24 18:34:31.361 [TestNG-test-Smoke Tests-2] INFO  [verifyingSideMenuLanguageAsInSettingsLingua] Expected language for 'Català' -> CATALAN
2025-12-24 18:34:31.361 [TestNG-test-Smoke Tests-2] INFO  [verifyingSideMenuLanguageAsInSettingsLingua] getLangAttributeViaLanguageInput(Català)
2025-12-24 18:34:31.361 [TestNG-test-Smoke Tests-2] INFO  [verifyingSideMenuLanguageAsInSettingsLingua] Mapped Català -> ca-ES
2025-12-24 18:34:31.361 [TestNG-test-Smoke Tests-2] INFO  [verifyingSideMenuLanguageAsInSettingsLingua] getLangAttribute() - locating <html> and reading lang property
2025-12-24 18:34:31.377 [TestNG-test-Smoke Tests-2] INFO  [verifyingSideMenuLanguageAsInSettingsLingua] Language attribute read: ca-ES
2025-12-24 18:34:31.377 [TestNG-test-Smoke Tests-2] INFO  [verifyingSideMenuLanguageAsInSettingsLingua] Clicking settings ellipses button...
2025-12-24 18:34:31.377 [TestNG-test-Smoke Tests-2] INFO  [verifyingSideMenuLanguageAsInSettingsLingua] [verifyingSideMenuLanguageAsInSettingsLingua] Trying to find element: By.xpath: //ytd-topbar-menu-button-renderer[@class='style-scope ytd-masthead style-default']
2025-12-24 18:34:31.398 [TestNG-test-Smoke Tests-2] INFO  [verifyingSideMenuLanguageAsInSettingsLingua] [verifyingSideMenuLanguageAsInSettingsLingua] Element found and ready (attempt 1): By.xpath: //ytd-topbar-menu-button-renderer[@class='style-scope ytd-masthead style-default']
2025-12-24 18:34:33.474 [TestNG-test-Smoke Tests-2] INFO  [verifyingSideMenuLanguageAsInSettingsLingua] Clicking language dropdown...
2025-12-24 18:34:33.474 [TestNG-test-Smoke Tests-2] INFO  [verifyingSideMenuLanguageAsInSettingsLingua] [verifyingSideMenuLanguageAsInSettingsLingua] Trying to find element: By.xpath: (//div[@id='content-icon'])[2]
2025-12-24 18:34:33.493 [TestNG-test-Smoke Tests-2] INFO  [verifyingSideMenuLanguageAsInSettingsLingua] [verifyingSideMenuLanguageAsInSettingsLingua] Element found and ready (attempt 1): By.xpath: (//div[@id='content-icon'])[2]
2025-12-24 18:34:35.801 [TestNG-test-Smoke Tests-2] INFO  [verifyingSideMenuLanguageAsInSettingsLingua] [verifyingSideMenuLanguageAsInSettingsLingua] Capturing screenshot: Filter Applied is Dansk__2025-12-24_183435.png
2025-12-24 18:34:35.928 [TestNG-test-Smoke Tests-2] INFO  [verifyingSideMenuLanguageAsInSettingsLingua] [verifyingSideMenuLanguageAsInSettingsLingua] Screenshot saved at: test-output/screenshots/Run_2025-12-24_18-19-50/verifyingSideMenuLanguageAsInSettingsLingua/Filter Applied is Dansk__2025-12-24_183435.png
2025-12-24 18:34:36.930 [TestNG-test-Smoke Tests-2] INFO  [verifyingSideMenuLanguageAsInSettingsLingua] Looking for language element with name: Dansk
2025-12-24 18:34:36.930 [TestNG-test-Smoke Tests-2] INFO  [verifyingSideMenuLanguageAsInSettingsLingua] [verifyingSideMenuLanguageAsInSettingsLingua] Trying to find element: By.xpath: //yt-multi-page-menu-section-renderer[@class='style-scope ytd-multi-page-menu-renderer']//yt-formatted-string[@id='label' and text()='Dansk']
2025-12-24 18:34:36.953 [TestNG-test-Smoke Tests-2] INFO  [verifyingSideMenuLanguageAsInSettingsLingua] [verifyingSideMenuLanguageAsInSettingsLingua] Element found and ready (attempt 1): By.xpath: //yt-multi-page-menu-section-renderer[@class='style-scope ytd-multi-page-menu-renderer']//yt-formatted-string[@id='label' and text()='Dansk']
2025-12-24 18:34:40.362 [TestNG-test-Smoke Tests-2] INFO  [verifyingSideMenuLanguageAsInSettingsLingua] Fetching the side menu in expanded view
2025-12-24 18:34:40.362 [TestNG-test-Smoke Tests-2] INFO  [verifyingSideMenuLanguageAsInSettingsLingua] [verifyingSideMenuLanguageAsInSettingsLingua] Finding elements list: By.xpath: //ytd-guide-entry-renderer[@class='style-scope ytd-guide-section-renderer']
2025-12-24 18:34:50.537 [TestNG-test-Smoke Tests-2] WARN  [verifyingSideMenuLanguageAsInSettingsLingua] [verifyingSideMenuLanguageAsInSettingsLingua] Attempt 1 failed to find elements: By.xpath: //ytd-guide-entry-renderer[@class='style-scope ytd-guide-section-renderer'] -> org.openqa.selenium.TimeoutException: Expected condition failed: waiting for presence of any elements located by By.xpath: //ytd-guide-entry-renderer[@class='style-scope ytd-guide-section-renderer'] (tried for 10 second(s) with 500 milliseconds interval)
Build info: version: '4.27.0', revision: 'd6e718d134'
System info: os.name: 'Windows Server 2025', os.arch: 'amd64', os.version: '10.0', java.version: '24.0.2'
Driver info: org.openqa.selenium.chrome.ChromeDriver
Capabilities {acceptInsecureCerts: false, browserName: chrome, browserVersion: 143.0.7499.110, chrome: {chromedriverVersion: 143.0.7499.169 (164b20aab62..., userDataDir: C:\Windows\SystemTemp\scope...}, fedcm:accounts: true, goog:chromeOptions: {debuggerAddress: localhost:50743}, goog:processID: 7636, networkConnectionEnabled: false, pageLoadStrategy: normal, platformName: windows, proxy: Proxy(), se:cdp: ws://localhost:50743/devtoo..., se:cdpVersion: 143.0.7499.110, setWindowRect: true, strictFileInteractability: false, timeouts: {implicit: 0, pageLoad: 300000, script: 30000}, unhandledPromptBehavior: dismiss and notify, webauthn:extension:credBlob: true, webauthn:extension:largeBlob: true, webauthn:extension:minPinLength: true, webauthn:extension:prf: true, webauthn:virtualAuthenticators: true}
Session ID: ff33b29c8576ac9bcec91c289bb92fdb
2025-12-24 18:35:00.695 [TestNG-test-Smoke Tests-2] WARN  [verifyingSideMenuLanguageAsInSettingsLingua] [verifyingSideMenuLanguageAsInSettingsLingua] Attempt 2 failed to find elements: By.xpath: //ytd-guide-entry-renderer[@class='style-scope ytd-guide-section-renderer'] -> org.openqa.selenium.TimeoutException: Expected condition failed: waiting for presence of any elements located by By.xpath: //ytd-guide-entry-renderer[@class='style-scope ytd-guide-section-renderer'] (tried for 10 second(s) with 500 milliseconds interval)
Build info: version: '4.27.0', revision: 'd6e718d134'
System info: os.name: 'Windows Server 2025', os.arch: 'amd64', os.version: '10.0', java.version: '24.0.2'
Driver info: org.openqa.selenium.chrome.ChromeDriver
Capabilities {acceptInsecureCerts: false, browserName: chrome, browserVersion: 143.0.7499.110, chrome: {chromedriverVersion: 143.0.7499.169 (164b20aab62..., userDataDir: C:\Windows\SystemTemp\scope...}, fedcm:accounts: true, goog:chromeOptions: {debuggerAddress: localhost:50743}, goog:processID: 7636, networkConnectionEnabled: false, pageLoadStrategy: normal, platformName: windows, proxy: Proxy(), se:cdp: ws://localhost:50743/devtoo..., se:cdpVersion: 143.0.7499.110, setWindowRect: true, strictFileInteractability: false, timeouts: {implicit: 0, pageLoad: 300000, script: 30000}, unhandledPromptBehavior: dismiss and notify, webauthn:extension:credBlob: true, webauthn:extension:largeBlob: true, webauthn:extension:minPinLength: true, webauthn:extension:prf: true, webauthn:virtualAuthenticators: true}
Session ID: ff33b29c8576ac9bcec91c289bb92fdb
2025-12-24 18:35:00.695 [TestNG-test-Smoke Tests-2] WARN  [verifyingSideMenuLanguageAsInSettingsLingua] [verifyingSideMenuLanguageAsInSettingsLingua] Attempt 2 failed — refreshing the page to recover...
2025-12-24 18:35:00.699 [TestNG-test-Smoke Tests-2] INFO  [verifyingSideMenuLanguageAsInSettingsLingua] [verifyingSideMenuLanguageAsInSettingsLingua] Current URL before refresh: https://www.youtube.com/
2025-12-24 18:35:00.799 [TestNG-test-Smoke Tests-2] INFO  [verifyingSideMenuLanguageAsInSettingsLingua] [verifyingSideMenuLanguageAsInSettingsLingua] Page refreshed successfully.
2025-12-24 18:35:02.305 [TestNG-test-Smoke Tests-2] INFO  [verifyingSideMenuLanguageAsInSettingsLingua] [verifyingSideMenuLanguageAsInSettingsLingua] Page fully loaded after refresh.
2025-12-24 18:35:12.459 [TestNG-test-Smoke Tests-2] WARN  [verifyingSideMenuLanguageAsInSettingsLingua] [verifyingSideMenuLanguageAsInSettingsLingua] Attempt 3 failed to find elements: By.xpath: //ytd-guide-entry-renderer[@class='style-scope ytd-guide-section-renderer'] -> org.openqa.selenium.TimeoutException: Expected condition failed: waiting for presence of any elements located by By.xpath: //ytd-guide-entry-renderer[@class='style-scope ytd-guide-section-renderer'] (tried for 10 second(s) with 500 milliseconds interval)
Build info: version: '4.27.0', revision: 'd6e718d134'
System info: os.name: 'Windows Server 2025', os.arch: 'amd64', os.version: '10.0', java.version: '24.0.2'
Driver info: org.openqa.selenium.chrome.ChromeDriver
Capabilities {acceptInsecureCerts: false, browserName: chrome, browserVersion: 143.0.7499.110, chrome: {chromedriverVersion: 143.0.7499.169 (164b20aab62..., userDataDir: C:\Windows\SystemTemp\scope...}, fedcm:accounts: true, goog:chromeOptions: {debuggerAddress: localhost:50743}, goog:processID: 7636, networkConnectionEnabled: false, pageLoadStrategy: normal, platformName: windows, proxy: Proxy(), se:cdp: ws://localhost:50743/devtoo..., se:cdpVersion: 143.0.7499.110, setWindowRect: true, strictFileInteractability: false, timeouts: {implicit: 0, pageLoad: 300000, script: 30000}, unhandledPromptBehavior: dismiss and notify, webauthn:extension:credBlob: true, webauthn:extension:largeBlob: true, webauthn:extension:minPinLength: true, webauthn:extension:prf: true, webauthn:virtualAuthenticators: true}
Session ID: ff33b29c8576ac9bcec91c289bb92fdb
2025-12-24 18:35:12.459 [TestNG-test-Smoke Tests-2] WARN  [verifyingSideMenuLanguageAsInSettingsLingua] [verifyingSideMenuLanguageAsInSettingsLingua] Attempt 3 failed — refreshing the page to recover...
2025-12-24 18:35:12.462 [TestNG-test-Smoke Tests-2] INFO  [verifyingSideMenuLanguageAsInSettingsLingua] [verifyingSideMenuLanguageAsInSettingsLingua] Current URL before refresh: https://www.youtube.com/
2025-12-24 18:35:13.339 [TestNG-test-Smoke Tests-2] INFO  [verifyingSideMenuLanguageAsInSettingsLingua] [verifyingSideMenuLanguageAsInSettingsLingua] Page refreshed successfully.
2025-12-24 18:35:14.843 [TestNG-test-Smoke Tests-2] INFO  [verifyingSideMenuLanguageAsInSettingsLingua] [verifyingSideMenuLanguageAsInSettingsLingua] Page fully loaded after refresh.
2025-12-24 18:35:14.843 [TestNG-test-Smoke Tests-2] ERROR [verifyingSideMenuLanguageAsInSettingsLingua] [verifyingSideMenuLanguageAsInSettingsLingua] No elements ready after 3 attempts: By.xpath: //ytd-guide-entry-renderer[@class='style-scope ytd-guide-section-renderer']
2025-12-24 18:35:14.843 [TestNG-test-Smoke Tests-2] INFO  [verifyingSideMenuLanguageAsInSettingsLingua] getExpectedLangageViaApplicableLangInput(Dansk)
2025-12-24 18:35:14.843 [TestNG-test-Smoke Tests-2] INFO  [verifyingSideMenuLanguageAsInSettingsLingua] Expected language for 'Dansk' -> DANISH
2025-12-24 18:35:14.843 [TestNG-test-Smoke Tests-2] INFO  [verifyingSideMenuLanguageAsInSettingsLingua] getLangAttributeViaLanguageInput(Dansk)
2025-12-24 18:35:14.843 [TestNG-test-Smoke Tests-2] INFO  [verifyingSideMenuLanguageAsInSettingsLingua] Mapped Dansk -> da-DK
2025-12-24 18:35:14.843 [TestNG-test-Smoke Tests-2] INFO  [verifyingSideMenuLanguageAsInSettingsLingua] getLangAttribute() - locating <html> and reading lang property
2025-12-24 18:35:14.855 [TestNG-test-Smoke Tests-2] INFO  [verifyingSideMenuLanguageAsInSettingsLingua] Language attribute read: da-DK
2025-12-24 18:35:14.855 [TestNG-test-Smoke Tests-2] INFO  [verifyingSideMenuLanguageAsInSettingsLingua] Clicking settings ellipses button...
2025-12-24 18:35:14.855 [TestNG-test-Smoke Tests-2] INFO  [verifyingSideMenuLanguageAsInSettingsLingua] [verifyingSideMenuLanguageAsInSettingsLingua] Trying to find element: By.xpath: //ytd-topbar-menu-button-renderer[@class='style-scope ytd-masthead style-default']
2025-12-24 18:35:14.873 [TestNG-test-Smoke Tests-2] INFO  [verifyingSideMenuLanguageAsInSettingsLingua] [verifyingSideMenuLanguageAsInSettingsLingua] Element found and ready (attempt 1): By.xpath: //ytd-topbar-menu-button-renderer[@class='style-scope ytd-masthead style-default']
2025-12-24 18:35:16.945 [TestNG-test-Smoke Tests-2] INFO  [verifyingSideMenuLanguageAsInSettingsLingua] Clicking language dropdown...
2025-12-24 18:35:16.945 [TestNG-test-Smoke Tests-2] INFO  [verifyingSideMenuLanguageAsInSettingsLingua] [verifyingSideMenuLanguageAsInSettingsLingua] Trying to find element: By.xpath: (//div[@id='content-icon'])[2]
2025-12-24 18:35:16.965 [TestNG-test-Smoke Tests-2] INFO  [verifyingSideMenuLanguageAsInSettingsLingua] [verifyingSideMenuLanguageAsInSettingsLingua] Element found and ready (attempt 1): By.xpath: (//div[@id='content-icon'])[2]
2025-12-24 18:35:19.277 [TestNG-test-Smoke Tests-2] INFO  [verifyingSideMenuLanguageAsInSettingsLingua] [verifyingSideMenuLanguageAsInSettingsLingua] Capturing screenshot: Filter Applied is Deutsch__2025-12-24_183519.png
2025-12-24 18:35:19.352 [TestNG-test-Smoke Tests-2] INFO  [verifyingSideMenuLanguageAsInSettingsLingua] [verifyingSideMenuLanguageAsInSettingsLingua] Screenshot saved at: test-output/screenshots/Run_2025-12-24_18-19-50/verifyingSideMenuLanguageAsInSettingsLingua/Filter Applied is Deutsch__2025-12-24_183519.png
2025-12-24 18:35:20.353 [TestNG-test-Smoke Tests-2] INFO  [verifyingSideMenuLanguageAsInSettingsLingua] Looking for language element with name: Deutsch
2025-12-24 18:35:20.353 [TestNG-test-Smoke Tests-2] INFO  [verifyingSideMenuLanguageAsInSettingsLingua] [verifyingSideMenuLanguageAsInSettingsLingua] Trying to find element: By.xpath: //yt-multi-page-menu-section-renderer[@class='style-scope ytd-multi-page-menu-renderer']//yt-formatted-string[@id='label' and text()='Deutsch']
2025-12-24 18:35:20.376 [TestNG-test-Smoke Tests-2] INFO  [verifyingSideMenuLanguageAsInSettingsLingua] [verifyingSideMenuLanguageAsInSettingsLingua] Element found and ready (attempt 1): By.xpath: //yt-multi-page-menu-section-renderer[@class='style-scope ytd-multi-page-menu-renderer']//yt-formatted-string[@id='label' and text()='Deutsch']
2025-12-24 18:35:23.388 [TestNG-test-Smoke Tests-2] INFO  [verifyingSideMenuLanguageAsInSettingsLingua] Fetching the side menu in expanded view
2025-12-24 18:35:23.388 [TestNG-test-Smoke Tests-2] INFO  [verifyingSideMenuLanguageAsInSettingsLingua] [verifyingSideMenuLanguageAsInSettingsLingua] Finding elements list: By.xpath: //ytd-guide-entry-renderer[@class='style-scope ytd-guide-section-renderer']
2025-12-24 18:35:33.559 [TestNG-test-Smoke Tests-2] WARN  [verifyingSideMenuLanguageAsInSettingsLingua] [verifyingSideMenuLanguageAsInSettingsLingua] Attempt 1 failed to find elements: By.xpath: //ytd-guide-entry-renderer[@class='style-scope ytd-guide-section-renderer'] -> org.openqa.selenium.TimeoutException: Expected condition failed: waiting for presence of any elements located by By.xpath: //ytd-guide-entry-renderer[@class='style-scope ytd-guide-section-renderer'] (tried for 10 second(s) with 500 milliseconds interval)
Build info: version: '4.27.0', revision: 'd6e718d134'
System info: os.name: 'Windows Server 2025', os.arch: 'amd64', os.version: '10.0', java.version: '24.0.2'
Driver info: org.openqa.selenium.chrome.ChromeDriver
Capabilities {acceptInsecureCerts: false, browserName: chrome, browserVersion: 143.0.7499.110, chrome: {chromedriverVersion: 143.0.7499.169 (164b20aab62..., userDataDir: C:\Windows\SystemTemp\scope...}, fedcm:accounts: true, goog:chromeOptions: {debuggerAddress: localhost:50743}, goog:processID: 7636, networkConnectionEnabled: false, pageLoadStrategy: normal, platformName: windows, proxy: Proxy(), se:cdp: ws://localhost:50743/devtoo..., se:cdpVersion: 143.0.7499.110, setWindowRect: true, strictFileInteractability: false, timeouts: {implicit: 0, pageLoad: 300000, script: 30000}, unhandledPromptBehavior: dismiss and notify, webauthn:extension:credBlob: true, webauthn:extension:largeBlob: true, webauthn:extension:minPinLength: true, webauthn:extension:prf: true, webauthn:virtualAuthenticators: true}
Session ID: ff33b29c8576ac9bcec91c289bb92fdb
2025-12-24 18:35:43.727 [TestNG-test-Smoke Tests-2] WARN  [verifyingSideMenuLanguageAsInSettingsLingua] [verifyingSideMenuLanguageAsInSettingsLingua] Attempt 2 failed to find elements: By.xpath: //ytd-guide-entry-renderer[@class='style-scope ytd-guide-section-renderer'] -> org.openqa.selenium.TimeoutException: Expected condition failed: waiting for presence of any elements located by By.xpath: //ytd-guide-entry-renderer[@class='style-scope ytd-guide-section-renderer'] (tried for 10 second(s) with 500 milliseconds interval)
Build info: version: '4.27.0', revision: 'd6e718d134'
System info: os.name: 'Windows Server 2025', os.arch: 'amd64', os.version: '10.0', java.version: '24.0.2'
Driver info: org.openqa.selenium.chrome.ChromeDriver
Capabilities {acceptInsecureCerts: false, browserName: chrome, browserVersion: 143.0.7499.110, chrome: {chromedriverVersion: 143.0.7499.169 (164b20aab62..., userDataDir: C:\Windows\SystemTemp\scope...}, fedcm:accounts: true, goog:chromeOptions: {debuggerAddress: localhost:50743}, goog:processID: 7636, networkConnectionEnabled: false, pageLoadStrategy: normal, platformName: windows, proxy: Proxy(), se:cdp: ws://localhost:50743/devtoo..., se:cdpVersion: 143.0.7499.110, setWindowRect: true, strictFileInteractability: false, timeouts: {implicit: 0, pageLoad: 300000, script: 30000}, unhandledPromptBehavior: dismiss and notify, webauthn:extension:credBlob: true, webauthn:extension:largeBlob: true, webauthn:extension:minPinLength: true, webauthn:extension:prf: true, webauthn:virtualAuthenticators: true}
Session ID: ff33b29c8576ac9bcec91c289bb92fdb
2025-12-24 18:35:43.727 [TestNG-test-Smoke Tests-2] WARN  [verifyingSideMenuLanguageAsInSettingsLingua] [verifyingSideMenuLanguageAsInSettingsLingua] Attempt 2 failed — refreshing the page to recover...
2025-12-24 18:35:43.730 [TestNG-test-Smoke Tests-2] INFO  [verifyingSideMenuLanguageAsInSettingsLingua] [verifyingSideMenuLanguageAsInSettingsLingua] Current URL before refresh: https://www.youtube.com/
2025-12-24 18:35:44.674 [TestNG-test-Smoke Tests-2] INFO  [verifyingSideMenuLanguageAsInSettingsLingua] [verifyingSideMenuLanguageAsInSettingsLingua] Page refreshed successfully.
2025-12-24 18:35:46.180 [TestNG-test-Smoke Tests-2] INFO  [verifyingSideMenuLanguageAsInSettingsLingua] [verifyingSideMenuLanguageAsInSettingsLingua] Page fully loaded after refresh.
2025-12-24 18:35:56.345 [TestNG-test-Smoke Tests-2] WARN  [verifyingSideMenuLanguageAsInSettingsLingua] [verifyingSideMenuLanguageAsInSettingsLingua] Attempt 3 failed to find elements: By.xpath: //ytd-guide-entry-renderer[@class='style-scope ytd-guide-section-renderer'] -> org.openqa.selenium.TimeoutException: Expected condition failed: waiting for presence of any elements located by By.xpath: //ytd-guide-entry-renderer[@class='style-scope ytd-guide-section-renderer'] (tried for 10 second(s) with 500 milliseconds interval)
Build info: version: '4.27.0', revision: 'd6e718d134'
System info: os.name: 'Windows Server 2025', os.arch: 'amd64', os.version: '10.0', java.version: '24.0.2'
Driver info: org.openqa.selenium.chrome.ChromeDriver
Capabilities {acceptInsecureCerts: false, browserName: chrome, browserVersion: 143.0.7499.110, chrome: {chromedriverVersion: 143.0.7499.169 (164b20aab62..., userDataDir: C:\Windows\SystemTemp\scope...}, fedcm:accounts: true, goog:chromeOptions: {debuggerAddress: localhost:50743}, goog:processID: 7636, networkConnectionEnabled: false, pageLoadStrategy: normal, platformName: windows, proxy: Proxy(), se:cdp: ws://localhost:50743/devtoo..., se:cdpVersion: 143.0.7499.110, setWindowRect: true, strictFileInteractability: false, timeouts: {implicit: 0, pageLoad: 300000, script: 30000}, unhandledPromptBehavior: dismiss and notify, webauthn:extension:credBlob: true, webauthn:extension:largeBlob: true, webauthn:extension:minPinLength: true, webauthn:extension:prf: true, webauthn:virtualAuthenticators: true}
Session ID: ff33b29c8576ac9bcec91c289bb92fdb
2025-12-24 18:35:56.345 [TestNG-test-Smoke Tests-2] WARN  [verifyingSideMenuLanguageAsInSettingsLingua] [verifyingSideMenuLanguageAsInSettingsLingua] Attempt 3 failed — refreshing the page to recover...
2025-12-24 18:35:56.349 [TestNG-test-Smoke Tests-2] INFO  [verifyingSideMenuLanguageAsInSettingsLingua] [verifyingSideMenuLanguageAsInSettingsLingua] Current URL before refresh: https://www.youtube.com/
2025-12-24 18:35:56.450 [TestNG-test-Smoke Tests-2] INFO  [verifyingSideMenuLanguageAsInSettingsLingua] [verifyingSideMenuLanguageAsInSettingsLingua] Page refreshed successfully.
2025-12-24 18:35:57.956 [TestNG-test-Smoke Tests-2] INFO  [verifyingSideMenuLanguageAsInSettingsLingua] [verifyingSideMenuLanguageAsInSettingsLingua] Page fully loaded after refresh.
2025-12-24 18:35:57.957 [TestNG-test-Smoke Tests-2] ERROR [verifyingSideMenuLanguageAsInSettingsLingua] [verifyingSideMenuLanguageAsInSettingsLingua] No elements ready after 3 attempts: By.xpath: //ytd-guide-entry-renderer[@class='style-scope ytd-guide-section-renderer']
2025-12-24 18:35:57.957 [TestNG-test-Smoke Tests-2] INFO  [verifyingSideMenuLanguageAsInSettingsLingua] getExpectedLangageViaApplicableLangInput(Deutsch)
2025-12-24 18:35:57.957 [TestNG-test-Smoke Tests-2] INFO  [verifyingSideMenuLanguageAsInSettingsLingua] Expected language for 'Deutsch' -> GERMAN
2025-12-24 18:35:57.957 [TestNG-test-Smoke Tests-2] INFO  [verifyingSideMenuLanguageAsInSettingsLingua] getLangAttributeViaLanguageInput(Deutsch)
2025-12-24 18:35:57.957 [TestNG-test-Smoke Tests-2] INFO  [verifyingSideMenuLanguageAsInSettingsLingua] Mapped Deutsch -> de-DE
2025-12-24 18:35:57.957 [TestNG-test-Smoke Tests-2] INFO  [verifyingSideMenuLanguageAsInSettingsLingua] getLangAttribute() - locating <html> and reading lang property
2025-12-24 18:35:57.970 [TestNG-test-Smoke Tests-2] INFO  [verifyingSideMenuLanguageAsInSettingsLingua] Language attribute read: de-DE
2025-12-24 18:35:57.970 [TestNG-test-Smoke Tests-2] INFO  [verifyingSideMenuLanguageAsInSettingsLingua] Clicking settings ellipses button...
2025-12-24 18:35:57.970 [TestNG-test-Smoke Tests-2] INFO  [verifyingSideMenuLanguageAsInSettingsLingua] [verifyingSideMenuLanguageAsInSettingsLingua] Trying to find element: By.xpath: //ytd-topbar-menu-button-renderer[@class='style-scope ytd-masthead style-default']
2025-12-24 18:35:57.990 [TestNG-test-Smoke Tests-2] INFO  [verifyingSideMenuLanguageAsInSettingsLingua] [verifyingSideMenuLanguageAsInSettingsLingua] Element found and ready (attempt 1): By.xpath: //ytd-topbar-menu-button-renderer[@class='style-scope ytd-masthead style-default']
2025-12-24 18:36:00.186 [TestNG-test-Smoke Tests-2] INFO  [verifyingSideMenuLanguageAsInSettingsLingua] Clicking language dropdown...
2025-12-24 18:36:00.186 [TestNG-test-Smoke Tests-2] INFO  [verifyingSideMenuLanguageAsInSettingsLingua] [verifyingSideMenuLanguageAsInSettingsLingua] Trying to find element: By.xpath: (//div[@id='content-icon'])[2]
2025-12-24 18:36:00.209 [TestNG-test-Smoke Tests-2] INFO  [verifyingSideMenuLanguageAsInSettingsLingua] [verifyingSideMenuLanguageAsInSettingsLingua] Element found and ready (attempt 1): By.xpath: (//div[@id='content-icon'])[2]
2025-12-24 18:36:02.548 [TestNG-test-Smoke Tests-2] INFO  [verifyingSideMenuLanguageAsInSettingsLingua] [verifyingSideMenuLanguageAsInSettingsLingua] Capturing screenshot: Filter Applied is Eesti__2025-12-24_183602.png
2025-12-24 18:36:02.626 [TestNG-test-Smoke Tests-2] INFO  [verifyingSideMenuLanguageAsInSettingsLingua] [verifyingSideMenuLanguageAsInSettingsLingua] Screenshot saved at: test-output/screenshots/Run_2025-12-24_18-19-50/verifyingSideMenuLanguageAsInSettingsLingua/Filter Applied is Eesti__2025-12-24_183602.png
2025-12-24 18:36:03.627 [TestNG-test-Smoke Tests-2] INFO  [verifyingSideMenuLanguageAsInSettingsLingua] Looking for language element with name: Eesti
2025-12-24 18:36:03.627 [TestNG-test-Smoke Tests-2] INFO  [verifyingSideMenuLanguageAsInSettingsLingua] [verifyingSideMenuLanguageAsInSettingsLingua] Trying to find element: By.xpath: //yt-multi-page-menu-section-renderer[@class='style-scope ytd-multi-page-menu-renderer']//yt-formatted-string[@id='label' and text()='Eesti']
2025-12-24 18:36:03.650 [TestNG-test-Smoke Tests-2] INFO  [verifyingSideMenuLanguageAsInSettingsLingua] [verifyingSideMenuLanguageAsInSettingsLingua] Element found and ready (attempt 1): By.xpath: //yt-multi-page-menu-section-renderer[@class='style-scope ytd-multi-page-menu-renderer']//yt-formatted-string[@id='label' and text()='Eesti']
2025-12-24 18:36:06.584 [TestNG-test-Smoke Tests-2] INFO  [verifyingSideMenuLanguageAsInSettingsLingua] Fetching the side menu in expanded view
2025-12-24 18:36:06.584 [TestNG-test-Smoke Tests-2] INFO  [verifyingSideMenuLanguageAsInSettingsLingua] [verifyingSideMenuLanguageAsInSettingsLingua] Finding elements list: By.xpath: //ytd-guide-entry-renderer[@class='style-scope ytd-guide-section-renderer']
2025-12-24 18:36:16.799 [TestNG-test-Smoke Tests-2] WARN  [verifyingSideMenuLanguageAsInSettingsLingua] [verifyingSideMenuLanguageAsInSettingsLingua] Attempt 1 failed to find elements: By.xpath: //ytd-guide-entry-renderer[@class='style-scope ytd-guide-section-renderer'] -> org.openqa.selenium.TimeoutException: Expected condition failed: waiting for presence of any elements located by By.xpath: //ytd-guide-entry-renderer[@class='style-scope ytd-guide-section-renderer'] (tried for 10 second(s) with 500 milliseconds interval)
Build info: version: '4.27.0', revision: 'd6e718d134'
System info: os.name: 'Windows Server 2025', os.arch: 'amd64', os.version: '10.0', java.version: '24.0.2'
Driver info: org.openqa.selenium.chrome.ChromeDriver
Capabilities {acceptInsecureCerts: false, browserName: chrome, browserVersion: 143.0.7499.110, chrome: {chromedriverVersion: 143.0.7499.169 (164b20aab62..., userDataDir: C:\Windows\SystemTemp\scope...}, fedcm:accounts: true, goog:chromeOptions: {debuggerAddress: localhost:50743}, goog:processID: 7636, networkConnectionEnabled: false, pageLoadStrategy: normal, platformName: windows, proxy: Proxy(), se:cdp: ws://localhost:50743/devtoo..., se:cdpVersion: 143.0.7499.110, setWindowRect: true, strictFileInteractability: false, timeouts: {implicit: 0, pageLoad: 300000, script: 30000}, unhandledPromptBehavior: dismiss and notify, webauthn:extension:credBlob: true, webauthn:extension:largeBlob: true, webauthn:extension:minPinLength: true, webauthn:extension:prf: true, webauthn:virtualAuthenticators: true}
Session ID: ff33b29c8576ac9bcec91c289bb92fdb
2025-12-24 18:36:26.953 [TestNG-test-Smoke Tests-2] WARN  [verifyingSideMenuLanguageAsInSettingsLingua] [verifyingSideMenuLanguageAsInSettingsLingua] Attempt 2 failed to find elements: By.xpath: //ytd-guide-entry-renderer[@class='style-scope ytd-guide-section-renderer'] -> org.openqa.selenium.TimeoutException: Expected condition failed: waiting for presence of any elements located by By.xpath: //ytd-guide-entry-renderer[@class='style-scope ytd-guide-section-renderer'] (tried for 10 second(s) with 500 milliseconds interval)
Build info: version: '4.27.0', revision: 'd6e718d134'
System info: os.name: 'Windows Server 2025', os.arch: 'amd64', os.version: '10.0', java.version: '24.0.2'
Driver info: org.openqa.selenium.chrome.ChromeDriver
Capabilities {acceptInsecureCerts: false, browserName: chrome, browserVersion: 143.0.7499.110, chrome: {chromedriverVersion: 143.0.7499.169 (164b20aab62..., userDataDir: C:\Windows\SystemTemp\scope...}, fedcm:accounts: true, goog:chromeOptions: {debuggerAddress: localhost:50743}, goog:processID: 7636, networkConnectionEnabled: false, pageLoadStrategy: normal, platformName: windows, proxy: Proxy(), se:cdp: ws://localhost:50743/devtoo..., se:cdpVersion: 143.0.7499.110, setWindowRect: true, strictFileInteractability: false, timeouts: {implicit: 0, pageLoad: 300000, script: 30000}, unhandledPromptBehavior: dismiss and notify, webauthn:extension:credBlob: true, webauthn:extension:largeBlob: true, webauthn:extension:minPinLength: true, webauthn:extension:prf: true, webauthn:virtualAuthenticators: true}
Session ID: ff33b29c8576ac9bcec91c289bb92fdb
2025-12-24 18:36:26.953 [TestNG-test-Smoke Tests-2] WARN  [verifyingSideMenuLanguageAsInSettingsLingua] [verifyingSideMenuLanguageAsInSettingsLingua] Attempt 2 failed — refreshing the page to recover...
2025-12-24 18:36:26.956 [TestNG-test-Smoke Tests-2] INFO  [verifyingSideMenuLanguageAsInSettingsLingua] [verifyingSideMenuLanguageAsInSettingsLingua] Current URL before refresh: https://www.youtube.com/
2025-12-24 18:36:27.918 [TestNG-test-Smoke Tests-2] INFO  [verifyingSideMenuLanguageAsInSettingsLingua] [verifyingSideMenuLanguageAsInSettingsLingua] Page refreshed successfully.
2025-12-24 18:36:29.423 [TestNG-test-Smoke Tests-2] INFO  [verifyingSideMenuLanguageAsInSettingsLingua] [verifyingSideMenuLanguageAsInSettingsLingua] Page fully loaded after refresh.
2025-12-24 18:36:39.575 [TestNG-test-Smoke Tests-2] WARN  [verifyingSideMenuLanguageAsInSettingsLingua] [verifyingSideMenuLanguageAsInSettingsLingua] Attempt 3 failed to find elements: By.xpath: //ytd-guide-entry-renderer[@class='style-scope ytd-guide-section-renderer'] -> org.openqa.selenium.TimeoutException: Expected condition failed: waiting for presence of any elements located by By.xpath: //ytd-guide-entry-renderer[@class='style-scope ytd-guide-section-renderer'] (tried for 10 second(s) with 500 milliseconds interval)
Build info: version: '4.27.0', revision: 'd6e718d134'
System info: os.name: 'Windows Server 2025', os.arch: 'amd64', os.version: '10.0', java.version: '24.0.2'
Driver info: org.openqa.selenium.chrome.ChromeDriver
Capabilities {acceptInsecureCerts: false, browserName: chrome, browserVersion: 143.0.7499.110, chrome: {chromedriverVersion: 143.0.7499.169 (164b20aab62..., userDataDir: C:\Windows\SystemTemp\scope...}, fedcm:accounts: true, goog:chromeOptions: {debuggerAddress: localhost:50743}, goog:processID: 7636, networkConnectionEnabled: false, pageLoadStrategy: normal, platformName: windows, proxy: Proxy(), se:cdp: ws://localhost:50743/devtoo..., se:cdpVersion: 143.0.7499.110, setWindowRect: true, strictFileInteractability: false, timeouts: {implicit: 0, pageLoad: 300000, script: 30000}, unhandledPromptBehavior: dismiss and notify, webauthn:extension:credBlob: true, webauthn:extension:largeBlob: true, webauthn:extension:minPinLength: true, webauthn:extension:prf: true, webauthn:virtualAuthenticators: true}
Session ID: ff33b29c8576ac9bcec91c289bb92fdb
2025-12-24 18:36:39.575 [TestNG-test-Smoke Tests-2] WARN  [verifyingSideMenuLanguageAsInSettingsLingua] [verifyingSideMenuLanguageAsInSettingsLingua] Attempt 3 failed — refreshing the page to recover...
2025-12-24 18:36:39.578 [TestNG-test-Smoke Tests-2] INFO  [verifyingSideMenuLanguageAsInSettingsLingua] [verifyingSideMenuLanguageAsInSettingsLingua] Current URL before refresh: https://www.youtube.com/
2025-12-24 18:36:39.682 [TestNG-test-Smoke Tests-2] INFO  [verifyingSideMenuLanguageAsInSettingsLingua] [verifyingSideMenuLanguageAsInSettingsLingua] Page refreshed successfully.
2025-12-24 18:36:41.190 [TestNG-test-Smoke Tests-2] INFO  [verifyingSideMenuLanguageAsInSettingsLingua] [verifyingSideMenuLanguageAsInSettingsLingua] Page fully loaded after refresh.
2025-12-24 18:36:41.190 [TestNG-test-Smoke Tests-2] ERROR [verifyingSideMenuLanguageAsInSettingsLingua] [verifyingSideMenuLanguageAsInSettingsLingua] No elements ready after 3 attempts: By.xpath: //ytd-guide-entry-renderer[@class='style-scope ytd-guide-section-renderer']
2025-12-24 18:36:41.190 [TestNG-test-Smoke Tests-2] INFO  [verifyingSideMenuLanguageAsInSettingsLingua] getExpectedLangageViaApplicableLangInput(Eesti)
2025-12-24 18:36:41.190 [TestNG-test-Smoke Tests-2] INFO  [verifyingSideMenuLanguageAsInSettingsLingua] Expected language for 'Eesti' -> ESTONIAN
2025-12-24 18:36:41.190 [TestNG-test-Smoke Tests-2] INFO  [verifyingSideMenuLanguageAsInSettingsLingua] getLangAttributeViaLanguageInput(Eesti)
2025-12-24 18:36:41.190 [TestNG-test-Smoke Tests-2] INFO  [verifyingSideMenuLanguageAsInSettingsLingua] Mapped Eesti -> et-EE
2025-12-24 18:36:41.190 [TestNG-test-Smoke Tests-2] INFO  [verifyingSideMenuLanguageAsInSettingsLingua] getLangAttribute() - locating <html> and reading lang property
2025-12-24 18:36:41.205 [TestNG-test-Smoke Tests-2] INFO  [verifyingSideMenuLanguageAsInSettingsLingua] Language attribute read: et-EE
2025-12-24 18:36:41.205 [TestNG-test-Smoke Tests-2] INFO  [verifyingSideMenuLanguageAsInSettingsLingua] Clicking settings ellipses button...
2025-12-24 18:36:41.205 [TestNG-test-Smoke Tests-2] INFO  [verifyingSideMenuLanguageAsInSettingsLingua] [verifyingSideMenuLanguageAsInSettingsLingua] Trying to find element: By.xpath: //ytd-topbar-menu-button-renderer[@class='style-scope ytd-masthead style-default']
2025-12-24 18:36:41.225 [TestNG-test-Smoke Tests-2] INFO  [verifyingSideMenuLanguageAsInSettingsLingua] [verifyingSideMenuLanguageAsInSettingsLingua] Element found and ready (attempt 1): By.xpath: //ytd-topbar-menu-button-renderer[@class='style-scope ytd-masthead style-default']
2025-12-24 18:36:43.299 [TestNG-test-Smoke Tests-2] INFO  [verifyingSideMenuLanguageAsInSettingsLingua] Clicking language dropdown...
2025-12-24 18:36:43.299 [TestNG-test-Smoke Tests-2] INFO  [verifyingSideMenuLanguageAsInSettingsLingua] [verifyingSideMenuLanguageAsInSettingsLingua] Trying to find element: By.xpath: (//div[@id='content-icon'])[2]
2025-12-24 18:36:43.318 [TestNG-test-Smoke Tests-2] INFO  [verifyingSideMenuLanguageAsInSettingsLingua] [verifyingSideMenuLanguageAsInSettingsLingua] Element found and ready (attempt 1): By.xpath: (//div[@id='content-icon'])[2]
2025-12-24 18:36:45.666 [TestNG-test-Smoke Tests-2] INFO  [verifyingSideMenuLanguageAsInSettingsLingua] [verifyingSideMenuLanguageAsInSettingsLingua] Capturing screenshot: Filter Applied is English (India)__2025-12-24_183645.png
2025-12-24 18:36:45.743 [TestNG-test-Smoke Tests-2] INFO  [verifyingSideMenuLanguageAsInSettingsLingua] [verifyingSideMenuLanguageAsInSettingsLingua] Screenshot saved at: test-output/screenshots/Run_2025-12-24_18-19-50/verifyingSideMenuLanguageAsInSettingsLingua/Filter Applied is English (India)__2025-12-24_183645.png
2025-12-24 18:36:46.745 [TestNG-test-Smoke Tests-2] INFO  [verifyingSideMenuLanguageAsInSettingsLingua] Looking for language element with name: English (India)
2025-12-24 18:36:46.745 [TestNG-test-Smoke Tests-2] INFO  [verifyingSideMenuLanguageAsInSettingsLingua] [verifyingSideMenuLanguageAsInSettingsLingua] Trying to find element: By.xpath: //yt-multi-page-menu-section-renderer[@class='style-scope ytd-multi-page-menu-renderer']//yt-formatted-string[@id='label' and text()='English (India)']
2025-12-24 18:36:46.768 [TestNG-test-Smoke Tests-2] INFO  [verifyingSideMenuLanguageAsInSettingsLingua] [verifyingSideMenuLanguageAsInSettingsLingua] Element found and ready (attempt 1): By.xpath: //yt-multi-page-menu-section-renderer[@class='style-scope ytd-multi-page-menu-renderer']//yt-formatted-string[@id='label' and text()='English (India)']
2025-12-24 18:36:49.803 [TestNG-test-Smoke Tests-2] INFO  [verifyingSideMenuLanguageAsInSettingsLingua] Fetching the side menu in expanded view
2025-12-24 18:36:49.803 [TestNG-test-Smoke Tests-2] INFO  [verifyingSideMenuLanguageAsInSettingsLingua] [verifyingSideMenuLanguageAsInSettingsLingua] Finding elements list: By.xpath: //ytd-guide-entry-renderer[@class='style-scope ytd-guide-section-renderer']
2025-12-24 18:37:00.047 [TestNG-test-Smoke Tests-2] WARN  [verifyingSideMenuLanguageAsInSettingsLingua] [verifyingSideMenuLanguageAsInSettingsLingua] Attempt 1 failed to find elements: By.xpath: //ytd-guide-entry-renderer[@class='style-scope ytd-guide-section-renderer'] -> org.openqa.selenium.TimeoutException: Expected condition failed: waiting for presence of any elements located by By.xpath: //ytd-guide-entry-renderer[@class='style-scope ytd-guide-section-renderer'] (tried for 10 second(s) with 500 milliseconds interval)
Build info: version: '4.27.0', revision: 'd6e718d134'
System info: os.name: 'Windows Server 2025', os.arch: 'amd64', os.version: '10.0', java.version: '24.0.2'
Driver info: org.openqa.selenium.chrome.ChromeDriver
Capabilities {acceptInsecureCerts: false, browserName: chrome, browserVersion: 143.0.7499.110, chrome: {chromedriverVersion: 143.0.7499.169 (164b20aab62..., userDataDir: C:\Windows\SystemTemp\scope...}, fedcm:accounts: true, goog:chromeOptions: {debuggerAddress: localhost:50743}, goog:processID: 7636, networkConnectionEnabled: false, pageLoadStrategy: normal, platformName: windows, proxy: Proxy(), se:cdp: ws://localhost:50743/devtoo..., se:cdpVersion: 143.0.7499.110, setWindowRect: true, strictFileInteractability: false, timeouts: {implicit: 0, pageLoad: 300000, script: 30000}, unhandledPromptBehavior: dismiss and notify, webauthn:extension:credBlob: true, webauthn:extension:largeBlob: true, webauthn:extension:minPinLength: true, webauthn:extension:prf: true, webauthn:virtualAuthenticators: true}
Session ID: ff33b29c8576ac9bcec91c289bb92fdb
2025-12-24 18:37:10.197 [TestNG-test-Smoke Tests-2] WARN  [verifyingSideMenuLanguageAsInSettingsLingua] [verifyingSideMenuLanguageAsInSettingsLingua] Attempt 2 failed to find elements: By.xpath: //ytd-guide-entry-renderer[@class='style-scope ytd-guide-section-renderer'] -> org.openqa.selenium.TimeoutException: Expected condition failed: waiting for presence of any elements located by By.xpath: //ytd-guide-entry-renderer[@class='style-scope ytd-guide-section-renderer'] (tried for 10 second(s) with 500 milliseconds interval)
Build info: version: '4.27.0', revision: 'd6e718d134'
System info: os.name: 'Windows Server 2025', os.arch: 'amd64', os.version: '10.0', java.version: '24.0.2'
Driver info: org.openqa.selenium.chrome.ChromeDriver
Capabilities {acceptInsecureCerts: false, browserName: chrome, browserVersion: 143.0.7499.110, chrome: {chromedriverVersion: 143.0.7499.169 (164b20aab62..., userDataDir: C:\Windows\SystemTemp\scope...}, fedcm:accounts: true, goog:chromeOptions: {debuggerAddress: localhost:50743}, goog:processID: 7636, networkConnectionEnabled: false, pageLoadStrategy: normal, platformName: windows, proxy: Proxy(), se:cdp: ws://localhost:50743/devtoo..., se:cdpVersion: 143.0.7499.110, setWindowRect: true, strictFileInteractability: false, timeouts: {implicit: 0, pageLoad: 300000, script: 30000}, unhandledPromptBehavior: dismiss and notify, webauthn:extension:credBlob: true, webauthn:extension:largeBlob: true, webauthn:extension:minPinLength: true, webauthn:extension:prf: true, webauthn:virtualAuthenticators: true}
Session ID: ff33b29c8576ac9bcec91c289bb92fdb
2025-12-24 18:37:10.197 [TestNG-test-Smoke Tests-2] WARN  [verifyingSideMenuLanguageAsInSettingsLingua] [verifyingSideMenuLanguageAsInSettingsLingua] Attempt 2 failed — refreshing the page to recover...
2025-12-24 18:37:10.201 [TestNG-test-Smoke Tests-2] INFO  [verifyingSideMenuLanguageAsInSettingsLingua] [verifyingSideMenuLanguageAsInSettingsLingua] Current URL before refresh: https://www.youtube.com/
2025-12-24 18:37:10.316 [TestNG-test-Smoke Tests-2] INFO  [verifyingSideMenuLanguageAsInSettingsLingua] [verifyingSideMenuLanguageAsInSettingsLingua] Page refreshed successfully.
2025-12-24 18:37:11.822 [TestNG-test-Smoke Tests-2] INFO  [verifyingSideMenuLanguageAsInSettingsLingua] [verifyingSideMenuLanguageAsInSettingsLingua] Page fully loaded after refresh.
2025-12-24 18:37:21.974 [TestNG-test-Smoke Tests-2] WARN  [verifyingSideMenuLanguageAsInSettingsLingua] [verifyingSideMenuLanguageAsInSettingsLingua] Attempt 3 failed to find elements: By.xpath: //ytd-guide-entry-renderer[@class='style-scope ytd-guide-section-renderer'] -> org.openqa.selenium.TimeoutException: Expected condition failed: waiting for presence of any elements located by By.xpath: //ytd-guide-entry-renderer[@class='style-scope ytd-guide-section-renderer'] (tried for 10 second(s) with 500 milliseconds interval)
Build info: version: '4.27.0', revision: 'd6e718d134'
System info: os.name: 'Windows Server 2025', os.arch: 'amd64', os.version: '10.0', java.version: '24.0.2'
Driver info: org.openqa.selenium.chrome.ChromeDriver
Capabilities {acceptInsecureCerts: false, browserName: chrome, browserVersion: 143.0.7499.110, chrome: {chromedriverVersion: 143.0.7499.169 (164b20aab62..., userDataDir: C:\Windows\SystemTemp\scope...}, fedcm:accounts: true, goog:chromeOptions: {debuggerAddress: localhost:50743}, goog:processID: 7636, networkConnectionEnabled: false, pageLoadStrategy: normal, platformName: windows, proxy: Proxy(), se:cdp: ws://localhost:50743/devtoo..., se:cdpVersion: 143.0.7499.110, setWindowRect: true, strictFileInteractability: false, timeouts: {implicit: 0, pageLoad: 300000, script: 30000}, unhandledPromptBehavior: dismiss and notify, webauthn:extension:credBlob: true, webauthn:extension:largeBlob: true, webauthn:extension:minPinLength: true, webauthn:extension:prf: true, webauthn:virtualAuthenticators: true}
Session ID: ff33b29c8576ac9bcec91c289bb92fdb
2025-12-24 18:37:21.974 [TestNG-test-Smoke Tests-2] WARN  [verifyingSideMenuLanguageAsInSettingsLingua] [verifyingSideMenuLanguageAsInSettingsLingua] Attempt 3 failed — refreshing the page to recover...
2025-12-24 18:37:21.979 [TestNG-test-Smoke Tests-2] INFO  [verifyingSideMenuLanguageAsInSettingsLingua] [verifyingSideMenuLanguageAsInSettingsLingua] Current URL before refresh: https://www.youtube.com/
2025-12-24 18:37:22.094 [TestNG-test-Smoke Tests-2] INFO  [verifyingSideMenuLanguageAsInSettingsLingua] [verifyingSideMenuLanguageAsInSettingsLingua] Page refreshed successfully.
2025-12-24 18:37:23.599 [TestNG-test-Smoke Tests-2] INFO  [verifyingSideMenuLanguageAsInSettingsLingua] [verifyingSideMenuLanguageAsInSettingsLingua] Page fully loaded after refresh.
2025-12-24 18:37:23.599 [TestNG-test-Smoke Tests-2] ERROR [verifyingSideMenuLanguageAsInSettingsLingua] [verifyingSideMenuLanguageAsInSettingsLingua] No elements ready after 3 attempts: By.xpath: //ytd-guide-entry-renderer[@class='style-scope ytd-guide-section-renderer']
2025-12-24 18:37:23.599 [TestNG-test-Smoke Tests-2] INFO  [verifyingSideMenuLanguageAsInSettingsLingua] getExpectedLangageViaApplicableLangInput(English (India))
2025-12-24 18:37:23.599 [TestNG-test-Smoke Tests-2] INFO  [verifyingSideMenuLanguageAsInSettingsLingua] Expected language for 'English (India)' -> ENGLISH
2025-12-24 18:37:23.599 [TestNG-test-Smoke Tests-2] INFO  [verifyingSideMenuLanguageAsInSettingsLingua] getLangAttributeViaLanguageInput(English (India))
2025-12-24 18:37:23.599 [TestNG-test-Smoke Tests-2] INFO  [verifyingSideMenuLanguageAsInSettingsLingua] Mapped English (India) -> en-IN
2025-12-24 18:37:23.599 [TestNG-test-Smoke Tests-2] INFO  [verifyingSideMenuLanguageAsInSettingsLingua] getLangAttribute() - locating <html> and reading lang property
2025-12-24 18:37:23.610 [TestNG-test-Smoke Tests-2] INFO  [verifyingSideMenuLanguageAsInSettingsLingua] Language attribute read: en-IN
2025-12-24 18:37:23.610 [TestNG-test-Smoke Tests-2] INFO  [verifyingSideMenuLanguageAsInSettingsLingua] Clicking settings ellipses button...
2025-12-24 18:37:23.610 [TestNG-test-Smoke Tests-2] INFO  [verifyingSideMenuLanguageAsInSettingsLingua] [verifyingSideMenuLanguageAsInSettingsLingua] Trying to find element: By.xpath: //ytd-topbar-menu-button-renderer[@class='style-scope ytd-masthead style-default']
2025-12-24 18:37:23.629 [TestNG-test-Smoke Tests-2] INFO  [verifyingSideMenuLanguageAsInSettingsLingua] [verifyingSideMenuLanguageAsInSettingsLingua] Element found and ready (attempt 1): By.xpath: //ytd-topbar-menu-button-renderer[@class='style-scope ytd-masthead style-default']
2025-12-24 18:37:25.803 [TestNG-test-Smoke Tests-2] INFO  [verifyingSideMenuLanguageAsInSettingsLingua] Clicking language dropdown...
2025-12-24 18:37:25.803 [TestNG-test-Smoke Tests-2] INFO  [verifyingSideMenuLanguageAsInSettingsLingua] [verifyingSideMenuLanguageAsInSettingsLingua] Trying to find element: By.xpath: (//div[@id='content-icon'])[2]
2025-12-24 18:37:25.822 [TestNG-test-Smoke Tests-2] INFO  [verifyingSideMenuLanguageAsInSettingsLingua] [verifyingSideMenuLanguageAsInSettingsLingua] Element found and ready (attempt 1): By.xpath: (//div[@id='content-icon'])[2]
2025-12-24 18:37:28.134 [TestNG-test-Smoke Tests-2] INFO  [verifyingSideMenuLanguageAsInSettingsLingua] [verifyingSideMenuLanguageAsInSettingsLingua] Not retrying test 'verifyingSideMenuLanguageAsInSettingsLingua'. Retry count: 0, Cause: The following asserts failed:
	Page title mismatch expected [AFRIKAANS] but found [Unknown],
	Page title mismatch expected [AZERBAIJANI] but found [Unknown],
	Page title mismatch expected [INDONESIAN] but found [Unknown],
	Page title mismatch expected [CROATIAN] but found [Unknown],
	Page title mismatch expected [CATALAN] but found [Unknown],
	Page title mismatch expected [DANISH] but found [Unknown],
	Page title mismatch expected [GERMAN] but found [Unknown],
	Page title mismatch expected [ESTONIAN] but found [Unknown],
	Page title mismatch expected [ENGLISH] but found [Unknown]
2025-12-24 18:37:28.139 [TestNG-test-Smoke Tests-2] ERROR [verifyingSideMenuLanguageAsInSettingsLingua] Test FAILED: verifyingSideMenuLanguageAsInSettingsLingua - java.lang.AssertionError: The following asserts failed:
	Page title mismatch expected [AFRIKAANS] but found [Unknown],
	Page title mismatch expected [AZERBAIJANI] but found [Unknown],
	Page title mismatch expected [INDONESIAN] but found [Unknown],
	Page title mismatch expected [CROATIAN] but found [Unknown],
	Page title mismatch expected [CATALAN] but found [Unknown],
	Page title mismatch expected [DANISH] but found [Unknown],
	Page title mismatch expected [GERMAN] but found [Unknown],
	Page title mismatch expected [ESTONIAN] but found [Unknown],
	Page title mismatch expected [ENGLISH] but found [Unknown]
2025-12-24 18:37:28.139 [TestNG-test-Smoke Tests-2] INFO  [verifyingSideMenuLanguageAsInSettingsLingua] Closing WebDriver for thread: 35
2025-12-24 18:37:28.474 [TestNG-test-Smoke Tests-2] INFO  [verifyingSideMenuLanguageAsInSettingsLingua] WebDriver instance removed from ThreadLocal for thread: 35
2025-12-24 18:37:28.474 [TestNG-test-Smoke Tests-2] INFO  [verifyingSideMenuLanguageAsInSettingsLingua] Driver closed for test: verifyingSideMenuLanguageAsInSettingsLingua
