2025-12-23 18:07:58.728 [TestNG-test-Smoke Tests-2] INFO  [verifyingSideMenuLanguageAsInSettingsLingua] ===== STARTING TEST: verifyingSideMenuLanguageAsInSettingsLingua  | Thread: 34 =====
2025-12-23 18:07:58.733 [TestNG-test-Smoke Tests-2] INFO  [verifyingSideMenuLanguageAsInSettingsLingua] No existing WebDriver found for current thread. Initializing a new ChromeDriver...
2025-12-23 18:07:58.980 [TestNG-test-Smoke Tests-2] INFO  [verifyingSideMenuLanguageAsInSettingsLingua] WebDriverManager: chromedriver setup OK
2025-12-23 18:08:00.542 [TestNG-test-Smoke Tests-2] INFO  [verifyingSideMenuLanguageAsInSettingsLingua] ChromeDriver initialized successfully for thread: 34
2025-12-23 18:08:00.542 [TestNG-test-Smoke Tests-2] INFO  [verifyingSideMenuLanguageAsInSettingsLingua] Driver initialized successfully for test: verifyingSideMenuLanguageAsInSettingsLingua
2025-12-23 18:08:00.544 [TestNG-test-Smoke Tests-2] INFO  [verifyingSideMenuLanguageAsInSettingsLingua] SafeActions initialized with driver ChromeDriver: chrome on windows (539eca82ff819924618e6e308b9d221c)
2025-12-23 18:08:00.544 [TestNG-test-Smoke Tests-2] INFO  [verifyingSideMenuLanguageAsInSettingsLingua] Initialized YtLandingPage with driver: ChromeDriver: chrome on windows (539eca82ff819924618e6e308b9d221c)
2025-12-23 18:08:00.544 [TestNG-test-Smoke Tests-2] INFO  [verifyingSideMenuLanguageAsInSettingsLingua] SafeActions initialized with driver ChromeDriver: chrome on windows (539eca82ff819924618e6e308b9d221c)
2025-12-23 18:08:02.311 [TestNG-test-Smoke Tests-2] INFO  [verifyingSideMenuLanguageAsInSettingsLingua] Opened YouTube landing page.
2025-12-23 18:08:02.311 [TestNG-test-Smoke Tests-2] INFO  [verifyingSideMenuLanguageAsInSettingsLingua] Clicking settings ellipses button...
2025-12-23 18:08:02.311 [TestNG-test-Smoke Tests-2] INFO  [verifyingSideMenuLanguageAsInSettingsLingua] [verifyingSideMenuLanguageAsInSettingsLingua] Trying to find element: By.xpath: //ytd-topbar-menu-button-renderer[@class='style-scope ytd-masthead style-default']
2025-12-23 18:08:02.582 [TestNG-test-Smoke Tests-2] INFO  [verifyingSideMenuLanguageAsInSettingsLingua] [verifyingSideMenuLanguageAsInSettingsLingua] Element found and ready (attempt 1): By.xpath: //ytd-topbar-menu-button-renderer[@class='style-scope ytd-masthead style-default']
2025-12-23 18:08:04.707 [TestNG-test-Smoke Tests-2] INFO  [verifyingSideMenuLanguageAsInSettingsLingua] Clicking language dropdown...
2025-12-23 18:08:04.707 [TestNG-test-Smoke Tests-2] INFO  [verifyingSideMenuLanguageAsInSettingsLingua] [verifyingSideMenuLanguageAsInSettingsLingua] Trying to find element: By.xpath: (//div[@id='content-icon'])[2]
2025-12-23 18:08:04.734 [TestNG-test-Smoke Tests-2] INFO  [verifyingSideMenuLanguageAsInSettingsLingua] [verifyingSideMenuLanguageAsInSettingsLingua] Element found and ready (attempt 1): By.xpath: (//div[@id='content-icon'])[2]
2025-12-23 18:08:07.107 [TestNG-test-Smoke Tests-2] INFO  [verifyingSideMenuLanguageAsInSettingsLingua] [verifyingSideMenuLanguageAsInSettingsLingua] Execution is Not CRON Job Hence refering to normal keys from UtilData
2025-12-23 18:08:07.110 [TestNG-test-Smoke Tests-2] INFO  [verifyingSideMenuLanguageAsInSettingsLingua] [verifyingSideMenuLanguageAsInSettingsLingua] Capturing screenshot: Filter Applied is Afrikaans__2025-12-23_180807.png
2025-12-23 18:08:07.196 [TestNG-test-Smoke Tests-2] INFO  [verifyingSideMenuLanguageAsInSettingsLingua] [verifyingSideMenuLanguageAsInSettingsLingua] Screenshot saved at: test-output/screenshots/Run_2025-12-23_18-05-20/verifyingSideMenuLanguageAsInSettingsLingua/Filter Applied is Afrikaans__2025-12-23_180807.png
2025-12-23 18:08:08.197 [TestNG-test-Smoke Tests-2] INFO  [verifyingSideMenuLanguageAsInSettingsLingua] Looking for language element with name: Afrikaans
2025-12-23 18:08:08.197 [TestNG-test-Smoke Tests-2] INFO  [verifyingSideMenuLanguageAsInSettingsLingua] [verifyingSideMenuLanguageAsInSettingsLingua] Trying to find element: By.xpath: //yt-multi-page-menu-section-renderer[@class='style-scope ytd-multi-page-menu-renderer']//yt-formatted-string[@id='label' and text()='Afrikaans']
2025-12-23 18:08:08.241 [TestNG-test-Smoke Tests-2] INFO  [verifyingSideMenuLanguageAsInSettingsLingua] [verifyingSideMenuLanguageAsInSettingsLingua] Element found and ready (attempt 1): By.xpath: //yt-multi-page-menu-section-renderer[@class='style-scope ytd-multi-page-menu-renderer']//yt-formatted-string[@id='label' and text()='Afrikaans']
2025-12-23 18:08:11.410 [TestNG-test-Smoke Tests-2] INFO  [verifyingSideMenuLanguageAsInSettingsLingua] Fetching the side menu in expanded view
2025-12-23 18:08:11.410 [TestNG-test-Smoke Tests-2] INFO  [verifyingSideMenuLanguageAsInSettingsLingua] [verifyingSideMenuLanguageAsInSettingsLingua] Finding elements list: By.xpath: //ytd-guide-entry-renderer[@class='style-scope ytd-guide-section-renderer']
2025-12-23 18:08:21.625 [TestNG-test-Smoke Tests-2] WARN  [verifyingSideMenuLanguageAsInSettingsLingua] [verifyingSideMenuLanguageAsInSettingsLingua] Attempt 1 failed to find elements: By.xpath: //ytd-guide-entry-renderer[@class='style-scope ytd-guide-section-renderer'] -> org.openqa.selenium.TimeoutException: Expected condition failed: waiting for presence of any elements located by By.xpath: //ytd-guide-entry-renderer[@class='style-scope ytd-guide-section-renderer'] (tried for 10 second(s) with 500 milliseconds interval)
Build info: version: '4.27.0', revision: 'd6e718d134'
System info: os.name: 'Windows Server 2025', os.arch: 'amd64', os.version: '10.0', java.version: '24.0.2'
Driver info: org.openqa.selenium.chrome.ChromeDriver
Capabilities {acceptInsecureCerts: false, browserName: chrome, browserVersion: 143.0.7499.110, chrome: {chromedriverVersion: 143.0.7499.169 (164b20aab62..., userDataDir: C:\Windows\SystemTemp\scope...}, fedcm:accounts: true, goog:chromeOptions: {debuggerAddress: localhost:53342}, goog:processID: 4036, networkConnectionEnabled: false, pageLoadStrategy: normal, platformName: windows, proxy: Proxy(), se:cdp: ws://localhost:53342/devtoo..., se:cdpVersion: 143.0.7499.110, setWindowRect: true, strictFileInteractability: false, timeouts: {implicit: 0, pageLoad: 300000, script: 30000}, unhandledPromptBehavior: dismiss and notify, webauthn:extension:credBlob: true, webauthn:extension:largeBlob: true, webauthn:extension:minPinLength: true, webauthn:extension:prf: true, webauthn:virtualAuthenticators: true}
Session ID: 539eca82ff819924618e6e308b9d221c
2025-12-23 18:08:31.806 [TestNG-test-Smoke Tests-2] WARN  [verifyingSideMenuLanguageAsInSettingsLingua] [verifyingSideMenuLanguageAsInSettingsLingua] Attempt 2 failed to find elements: By.xpath: //ytd-guide-entry-renderer[@class='style-scope ytd-guide-section-renderer'] -> org.openqa.selenium.TimeoutException: Expected condition failed: waiting for presence of any elements located by By.xpath: //ytd-guide-entry-renderer[@class='style-scope ytd-guide-section-renderer'] (tried for 10 second(s) with 500 milliseconds interval)
Build info: version: '4.27.0', revision: 'd6e718d134'
System info: os.name: 'Windows Server 2025', os.arch: 'amd64', os.version: '10.0', java.version: '24.0.2'
Driver info: org.openqa.selenium.chrome.ChromeDriver
Capabilities {acceptInsecureCerts: false, browserName: chrome, browserVersion: 143.0.7499.110, chrome: {chromedriverVersion: 143.0.7499.169 (164b20aab62..., userDataDir: C:\Windows\SystemTemp\scope...}, fedcm:accounts: true, goog:chromeOptions: {debuggerAddress: localhost:53342}, goog:processID: 4036, networkConnectionEnabled: false, pageLoadStrategy: normal, platformName: windows, proxy: Proxy(), se:cdp: ws://localhost:53342/devtoo..., se:cdpVersion: 143.0.7499.110, setWindowRect: true, strictFileInteractability: false, timeouts: {implicit: 0, pageLoad: 300000, script: 30000}, unhandledPromptBehavior: dismiss and notify, webauthn:extension:credBlob: true, webauthn:extension:largeBlob: true, webauthn:extension:minPinLength: true, webauthn:extension:prf: true, webauthn:virtualAuthenticators: true}
Session ID: 539eca82ff819924618e6e308b9d221c
2025-12-23 18:08:31.806 [TestNG-test-Smoke Tests-2] WARN  [verifyingSideMenuLanguageAsInSettingsLingua] [verifyingSideMenuLanguageAsInSettingsLingua] Attempt 2 failed — refreshing the page to recover...
2025-12-23 18:08:31.811 [TestNG-test-Smoke Tests-2] INFO  [verifyingSideMenuLanguageAsInSettingsLingua] [verifyingSideMenuLanguageAsInSettingsLingua] Current URL before refresh: https://www.youtube.com/
2025-12-23 18:08:31.955 [TestNG-test-Smoke Tests-2] INFO  [verifyingSideMenuLanguageAsInSettingsLingua] [verifyingSideMenuLanguageAsInSettingsLingua] Page refreshed successfully.
2025-12-23 18:08:33.465 [TestNG-test-Smoke Tests-2] INFO  [verifyingSideMenuLanguageAsInSettingsLingua] [verifyingSideMenuLanguageAsInSettingsLingua] Page fully loaded after refresh.
2025-12-23 18:08:43.638 [TestNG-test-Smoke Tests-2] WARN  [verifyingSideMenuLanguageAsInSettingsLingua] [verifyingSideMenuLanguageAsInSettingsLingua] Attempt 3 failed to find elements: By.xpath: //ytd-guide-entry-renderer[@class='style-scope ytd-guide-section-renderer'] -> org.openqa.selenium.TimeoutException: Expected condition failed: waiting for presence of any elements located by By.xpath: //ytd-guide-entry-renderer[@class='style-scope ytd-guide-section-renderer'] (tried for 10 second(s) with 500 milliseconds interval)
Build info: version: '4.27.0', revision: 'd6e718d134'
System info: os.name: 'Windows Server 2025', os.arch: 'amd64', os.version: '10.0', java.version: '24.0.2'
Driver info: org.openqa.selenium.chrome.ChromeDriver
Capabilities {acceptInsecureCerts: false, browserName: chrome, browserVersion: 143.0.7499.110, chrome: {chromedriverVersion: 143.0.7499.169 (164b20aab62..., userDataDir: C:\Windows\SystemTemp\scope...}, fedcm:accounts: true, goog:chromeOptions: {debuggerAddress: localhost:53342}, goog:processID: 4036, networkConnectionEnabled: false, pageLoadStrategy: normal, platformName: windows, proxy: Proxy(), se:cdp: ws://localhost:53342/devtoo..., se:cdpVersion: 143.0.7499.110, setWindowRect: true, strictFileInteractability: false, timeouts: {implicit: 0, pageLoad: 300000, script: 30000}, unhandledPromptBehavior: dismiss and notify, webauthn:extension:credBlob: true, webauthn:extension:largeBlob: true, webauthn:extension:minPinLength: true, webauthn:extension:prf: true, webauthn:virtualAuthenticators: true}
Session ID: 539eca82ff819924618e6e308b9d221c
2025-12-23 18:08:43.638 [TestNG-test-Smoke Tests-2] WARN  [verifyingSideMenuLanguageAsInSettingsLingua] [verifyingSideMenuLanguageAsInSettingsLingua] Attempt 3 failed — refreshing the page to recover...
2025-12-23 18:08:43.642 [TestNG-test-Smoke Tests-2] INFO  [verifyingSideMenuLanguageAsInSettingsLingua] [verifyingSideMenuLanguageAsInSettingsLingua] Current URL before refresh: https://www.youtube.com/
2025-12-23 18:08:43.788 [TestNG-test-Smoke Tests-2] INFO  [verifyingSideMenuLanguageAsInSettingsLingua] [verifyingSideMenuLanguageAsInSettingsLingua] Page refreshed successfully.
2025-12-23 18:08:45.295 [TestNG-test-Smoke Tests-2] INFO  [verifyingSideMenuLanguageAsInSettingsLingua] [verifyingSideMenuLanguageAsInSettingsLingua] Page fully loaded after refresh.
2025-12-23 18:08:45.295 [TestNG-test-Smoke Tests-2] ERROR [verifyingSideMenuLanguageAsInSettingsLingua] [verifyingSideMenuLanguageAsInSettingsLingua] No elements ready after 3 attempts: By.xpath: //ytd-guide-entry-renderer[@class='style-scope ytd-guide-section-renderer']
2025-12-23 18:08:45.295 [TestNG-test-Smoke Tests-2] INFO  [verifyingSideMenuLanguageAsInSettingsLingua] getExpectedLangageViaApplicableLangInput(Afrikaans)
2025-12-23 18:08:45.295 [TestNG-test-Smoke Tests-2] INFO  [verifyingSideMenuLanguageAsInSettingsLingua] Expected language for 'Afrikaans' -> AFRIKAANS
2025-12-23 18:08:45.295 [TestNG-test-Smoke Tests-2] INFO  [verifyingSideMenuLanguageAsInSettingsLingua] getLangAttributeViaLanguageInput(Afrikaans)
2025-12-23 18:08:45.295 [TestNG-test-Smoke Tests-2] INFO  [verifyingSideMenuLanguageAsInSettingsLingua] Mapped Afrikaans -> af-ZA
2025-12-23 18:08:45.295 [TestNG-test-Smoke Tests-2] INFO  [verifyingSideMenuLanguageAsInSettingsLingua] getLangAttribute() - locating <html> and reading lang property
2025-12-23 18:08:45.311 [TestNG-test-Smoke Tests-2] INFO  [verifyingSideMenuLanguageAsInSettingsLingua] Language attribute read: af-ZA
2025-12-23 18:08:45.311 [TestNG-test-Smoke Tests-2] INFO  [verifyingSideMenuLanguageAsInSettingsLingua] Clicking settings ellipses button...
2025-12-23 18:08:45.311 [TestNG-test-Smoke Tests-2] INFO  [verifyingSideMenuLanguageAsInSettingsLingua] [verifyingSideMenuLanguageAsInSettingsLingua] Trying to find element: By.xpath: //ytd-topbar-menu-button-renderer[@class='style-scope ytd-masthead style-default']
2025-12-23 18:08:45.334 [TestNG-test-Smoke Tests-2] INFO  [verifyingSideMenuLanguageAsInSettingsLingua] [verifyingSideMenuLanguageAsInSettingsLingua] Element found and ready (attempt 1): By.xpath: //ytd-topbar-menu-button-renderer[@class='style-scope ytd-masthead style-default']
2025-12-23 18:08:47.493 [TestNG-test-Smoke Tests-2] INFO  [verifyingSideMenuLanguageAsInSettingsLingua] Clicking language dropdown...
2025-12-23 18:08:47.493 [TestNG-test-Smoke Tests-2] INFO  [verifyingSideMenuLanguageAsInSettingsLingua] [verifyingSideMenuLanguageAsInSettingsLingua] Trying to find element: By.xpath: (//div[@id='content-icon'])[2]
2025-12-23 18:08:47.517 [TestNG-test-Smoke Tests-2] INFO  [verifyingSideMenuLanguageAsInSettingsLingua] [verifyingSideMenuLanguageAsInSettingsLingua] Element found and ready (attempt 1): By.xpath: (//div[@id='content-icon'])[2]
2025-12-23 18:08:49.831 [TestNG-test-Smoke Tests-2] INFO  [verifyingSideMenuLanguageAsInSettingsLingua] [verifyingSideMenuLanguageAsInSettingsLingua] Capturing screenshot: Filter Applied is Azərbaycan__2025-12-23_180849.png
2025-12-23 18:08:49.906 [TestNG-test-Smoke Tests-2] INFO  [verifyingSideMenuLanguageAsInSettingsLingua] [verifyingSideMenuLanguageAsInSettingsLingua] Screenshot saved at: test-output/screenshots/Run_2025-12-23_18-05-20/verifyingSideMenuLanguageAsInSettingsLingua/Filter Applied is Azərbaycan__2025-12-23_180849.png
2025-12-23 18:08:50.908 [TestNG-test-Smoke Tests-2] INFO  [verifyingSideMenuLanguageAsInSettingsLingua] Looking for language element with name: Azərbaycan
2025-12-23 18:08:50.908 [TestNG-test-Smoke Tests-2] INFO  [verifyingSideMenuLanguageAsInSettingsLingua] [verifyingSideMenuLanguageAsInSettingsLingua] Trying to find element: By.xpath: //yt-multi-page-menu-section-renderer[@class='style-scope ytd-multi-page-menu-renderer']//yt-formatted-string[@id='label' and text()='Azərbaycan']
2025-12-23 18:08:50.934 [TestNG-test-Smoke Tests-2] INFO  [verifyingSideMenuLanguageAsInSettingsLingua] [verifyingSideMenuLanguageAsInSettingsLingua] Element found and ready (attempt 1): By.xpath: //yt-multi-page-menu-section-renderer[@class='style-scope ytd-multi-page-menu-renderer']//yt-formatted-string[@id='label' and text()='Azərbaycan']
2025-12-23 18:08:53.985 [TestNG-test-Smoke Tests-2] INFO  [verifyingSideMenuLanguageAsInSettingsLingua] Fetching the side menu in expanded view
2025-12-23 18:08:53.985 [TestNG-test-Smoke Tests-2] INFO  [verifyingSideMenuLanguageAsInSettingsLingua] [verifyingSideMenuLanguageAsInSettingsLingua] Finding elements list: By.xpath: //ytd-guide-entry-renderer[@class='style-scope ytd-guide-section-renderer']
2025-12-23 18:09:04.169 [TestNG-test-Smoke Tests-2] WARN  [verifyingSideMenuLanguageAsInSettingsLingua] [verifyingSideMenuLanguageAsInSettingsLingua] Attempt 1 failed to find elements: By.xpath: //ytd-guide-entry-renderer[@class='style-scope ytd-guide-section-renderer'] -> org.openqa.selenium.TimeoutException: Expected condition failed: waiting for presence of any elements located by By.xpath: //ytd-guide-entry-renderer[@class='style-scope ytd-guide-section-renderer'] (tried for 10 second(s) with 500 milliseconds interval)
Build info: version: '4.27.0', revision: 'd6e718d134'
System info: os.name: 'Windows Server 2025', os.arch: 'amd64', os.version: '10.0', java.version: '24.0.2'
Driver info: org.openqa.selenium.chrome.ChromeDriver
Capabilities {acceptInsecureCerts: false, browserName: chrome, browserVersion: 143.0.7499.110, chrome: {chromedriverVersion: 143.0.7499.169 (164b20aab62..., userDataDir: C:\Windows\SystemTemp\scope...}, fedcm:accounts: true, goog:chromeOptions: {debuggerAddress: localhost:53342}, goog:processID: 4036, networkConnectionEnabled: false, pageLoadStrategy: normal, platformName: windows, proxy: Proxy(), se:cdp: ws://localhost:53342/devtoo..., se:cdpVersion: 143.0.7499.110, setWindowRect: true, strictFileInteractability: false, timeouts: {implicit: 0, pageLoad: 300000, script: 30000}, unhandledPromptBehavior: dismiss and notify, webauthn:extension:credBlob: true, webauthn:extension:largeBlob: true, webauthn:extension:minPinLength: true, webauthn:extension:prf: true, webauthn:virtualAuthenticators: true}
Session ID: 539eca82ff819924618e6e308b9d221c
2025-12-23 18:09:14.344 [TestNG-test-Smoke Tests-2] WARN  [verifyingSideMenuLanguageAsInSettingsLingua] [verifyingSideMenuLanguageAsInSettingsLingua] Attempt 2 failed to find elements: By.xpath: //ytd-guide-entry-renderer[@class='style-scope ytd-guide-section-renderer'] -> org.openqa.selenium.TimeoutException: Expected condition failed: waiting for presence of any elements located by By.xpath: //ytd-guide-entry-renderer[@class='style-scope ytd-guide-section-renderer'] (tried for 10 second(s) with 500 milliseconds interval)
Build info: version: '4.27.0', revision: 'd6e718d134'
System info: os.name: 'Windows Server 2025', os.arch: 'amd64', os.version: '10.0', java.version: '24.0.2'
Driver info: org.openqa.selenium.chrome.ChromeDriver
Capabilities {acceptInsecureCerts: false, browserName: chrome, browserVersion: 143.0.7499.110, chrome: {chromedriverVersion: 143.0.7499.169 (164b20aab62..., userDataDir: C:\Windows\SystemTemp\scope...}, fedcm:accounts: true, goog:chromeOptions: {debuggerAddress: localhost:53342}, goog:processID: 4036, networkConnectionEnabled: false, pageLoadStrategy: normal, platformName: windows, proxy: Proxy(), se:cdp: ws://localhost:53342/devtoo..., se:cdpVersion: 143.0.7499.110, setWindowRect: true, strictFileInteractability: false, timeouts: {implicit: 0, pageLoad: 300000, script: 30000}, unhandledPromptBehavior: dismiss and notify, webauthn:extension:credBlob: true, webauthn:extension:largeBlob: true, webauthn:extension:minPinLength: true, webauthn:extension:prf: true, webauthn:virtualAuthenticators: true}
Session ID: 539eca82ff819924618e6e308b9d221c
2025-12-23 18:09:14.344 [TestNG-test-Smoke Tests-2] WARN  [verifyingSideMenuLanguageAsInSettingsLingua] [verifyingSideMenuLanguageAsInSettingsLingua] Attempt 2 failed — refreshing the page to recover...
2025-12-23 18:09:14.349 [TestNG-test-Smoke Tests-2] INFO  [verifyingSideMenuLanguageAsInSettingsLingua] [verifyingSideMenuLanguageAsInSettingsLingua] Current URL before refresh: https://www.youtube.com/
2025-12-23 18:09:14.494 [TestNG-test-Smoke Tests-2] INFO  [verifyingSideMenuLanguageAsInSettingsLingua] [verifyingSideMenuLanguageAsInSettingsLingua] Page refreshed successfully.
2025-12-23 18:09:16.002 [TestNG-test-Smoke Tests-2] INFO  [verifyingSideMenuLanguageAsInSettingsLingua] [verifyingSideMenuLanguageAsInSettingsLingua] Page fully loaded after refresh.
2025-12-23 18:09:26.181 [TestNG-test-Smoke Tests-2] WARN  [verifyingSideMenuLanguageAsInSettingsLingua] [verifyingSideMenuLanguageAsInSettingsLingua] Attempt 3 failed to find elements: By.xpath: //ytd-guide-entry-renderer[@class='style-scope ytd-guide-section-renderer'] -> org.openqa.selenium.TimeoutException: Expected condition failed: waiting for presence of any elements located by By.xpath: //ytd-guide-entry-renderer[@class='style-scope ytd-guide-section-renderer'] (tried for 10 second(s) with 500 milliseconds interval)
Build info: version: '4.27.0', revision: 'd6e718d134'
System info: os.name: 'Windows Server 2025', os.arch: 'amd64', os.version: '10.0', java.version: '24.0.2'
Driver info: org.openqa.selenium.chrome.ChromeDriver
Capabilities {acceptInsecureCerts: false, browserName: chrome, browserVersion: 143.0.7499.110, chrome: {chromedriverVersion: 143.0.7499.169 (164b20aab62..., userDataDir: C:\Windows\SystemTemp\scope...}, fedcm:accounts: true, goog:chromeOptions: {debuggerAddress: localhost:53342}, goog:processID: 4036, networkConnectionEnabled: false, pageLoadStrategy: normal, platformName: windows, proxy: Proxy(), se:cdp: ws://localhost:53342/devtoo..., se:cdpVersion: 143.0.7499.110, setWindowRect: true, strictFileInteractability: false, timeouts: {implicit: 0, pageLoad: 300000, script: 30000}, unhandledPromptBehavior: dismiss and notify, webauthn:extension:credBlob: true, webauthn:extension:largeBlob: true, webauthn:extension:minPinLength: true, webauthn:extension:prf: true, webauthn:virtualAuthenticators: true}
Session ID: 539eca82ff819924618e6e308b9d221c
2025-12-23 18:09:26.181 [TestNG-test-Smoke Tests-2] WARN  [verifyingSideMenuLanguageAsInSettingsLingua] [verifyingSideMenuLanguageAsInSettingsLingua] Attempt 3 failed — refreshing the page to recover...
2025-12-23 18:09:26.187 [TestNG-test-Smoke Tests-2] INFO  [verifyingSideMenuLanguageAsInSettingsLingua] [verifyingSideMenuLanguageAsInSettingsLingua] Current URL before refresh: https://www.youtube.com/
2025-12-23 18:09:27.213 [TestNG-test-Smoke Tests-2] INFO  [verifyingSideMenuLanguageAsInSettingsLingua] [verifyingSideMenuLanguageAsInSettingsLingua] Page refreshed successfully.
2025-12-23 18:09:28.720 [TestNG-test-Smoke Tests-2] INFO  [verifyingSideMenuLanguageAsInSettingsLingua] [verifyingSideMenuLanguageAsInSettingsLingua] Page fully loaded after refresh.
2025-12-23 18:09:28.720 [TestNG-test-Smoke Tests-2] ERROR [verifyingSideMenuLanguageAsInSettingsLingua] [verifyingSideMenuLanguageAsInSettingsLingua] No elements ready after 3 attempts: By.xpath: //ytd-guide-entry-renderer[@class='style-scope ytd-guide-section-renderer']
2025-12-23 18:09:28.720 [TestNG-test-Smoke Tests-2] INFO  [verifyingSideMenuLanguageAsInSettingsLingua] getExpectedLangageViaApplicableLangInput(Azərbaycan)
2025-12-23 18:09:28.720 [TestNG-test-Smoke Tests-2] INFO  [verifyingSideMenuLanguageAsInSettingsLingua] Expected language for 'Azərbaycan' -> AZERBAIJANI
2025-12-23 18:09:28.720 [TestNG-test-Smoke Tests-2] INFO  [verifyingSideMenuLanguageAsInSettingsLingua] getLangAttributeViaLanguageInput(Azərbaycan)
2025-12-23 18:09:28.720 [TestNG-test-Smoke Tests-2] INFO  [verifyingSideMenuLanguageAsInSettingsLingua] Mapped Azərbaycan -> az-Latn-AZ
2025-12-23 18:09:28.720 [TestNG-test-Smoke Tests-2] INFO  [verifyingSideMenuLanguageAsInSettingsLingua] getLangAttribute() - locating <html> and reading lang property
2025-12-23 18:09:28.738 [TestNG-test-Smoke Tests-2] INFO  [verifyingSideMenuLanguageAsInSettingsLingua] Language attribute read: az-Latn-AZ
2025-12-23 18:09:28.738 [TestNG-test-Smoke Tests-2] INFO  [verifyingSideMenuLanguageAsInSettingsLingua] Clicking settings ellipses button...
2025-12-23 18:09:28.738 [TestNG-test-Smoke Tests-2] INFO  [verifyingSideMenuLanguageAsInSettingsLingua] [verifyingSideMenuLanguageAsInSettingsLingua] Trying to find element: By.xpath: //ytd-topbar-menu-button-renderer[@class='style-scope ytd-masthead style-default']
2025-12-23 18:09:28.764 [TestNG-test-Smoke Tests-2] INFO  [verifyingSideMenuLanguageAsInSettingsLingua] [verifyingSideMenuLanguageAsInSettingsLingua] Element found and ready (attempt 1): By.xpath: //ytd-topbar-menu-button-renderer[@class='style-scope ytd-masthead style-default']
2025-12-23 18:09:30.843 [TestNG-test-Smoke Tests-2] INFO  [verifyingSideMenuLanguageAsInSettingsLingua] Clicking language dropdown...
2025-12-23 18:09:30.843 [TestNG-test-Smoke Tests-2] INFO  [verifyingSideMenuLanguageAsInSettingsLingua] [verifyingSideMenuLanguageAsInSettingsLingua] Trying to find element: By.xpath: (//div[@id='content-icon'])[2]
2025-12-23 18:09:30.868 [TestNG-test-Smoke Tests-2] INFO  [verifyingSideMenuLanguageAsInSettingsLingua] [verifyingSideMenuLanguageAsInSettingsLingua] Element found and ready (attempt 1): By.xpath: (//div[@id='content-icon'])[2]
2025-12-23 18:09:33.174 [TestNG-test-Smoke Tests-2] INFO  [verifyingSideMenuLanguageAsInSettingsLingua] [verifyingSideMenuLanguageAsInSettingsLingua] Capturing screenshot: Filter Applied is Bahasa Indonesia__2025-12-23_180933.png
2025-12-23 18:09:33.251 [TestNG-test-Smoke Tests-2] INFO  [verifyingSideMenuLanguageAsInSettingsLingua] [verifyingSideMenuLanguageAsInSettingsLingua] Screenshot saved at: test-output/screenshots/Run_2025-12-23_18-05-20/verifyingSideMenuLanguageAsInSettingsLingua/Filter Applied is Bahasa Indonesia__2025-12-23_180933.png
2025-12-23 18:09:34.251 [TestNG-test-Smoke Tests-2] INFO  [verifyingSideMenuLanguageAsInSettingsLingua] Looking for language element with name: Bahasa Indonesia
2025-12-23 18:09:34.251 [TestNG-test-Smoke Tests-2] INFO  [verifyingSideMenuLanguageAsInSettingsLingua] [verifyingSideMenuLanguageAsInSettingsLingua] Trying to find element: By.xpath: //yt-multi-page-menu-section-renderer[@class='style-scope ytd-multi-page-menu-renderer']//yt-formatted-string[@id='label' and text()='Bahasa Indonesia']
2025-12-23 18:09:34.279 [TestNG-test-Smoke Tests-2] INFO  [verifyingSideMenuLanguageAsInSettingsLingua] [verifyingSideMenuLanguageAsInSettingsLingua] Element found and ready (attempt 1): By.xpath: //yt-multi-page-menu-section-renderer[@class='style-scope ytd-multi-page-menu-renderer']//yt-formatted-string[@id='label' and text()='Bahasa Indonesia']
2025-12-23 18:09:37.379 [TestNG-test-Smoke Tests-2] INFO  [verifyingSideMenuLanguageAsInSettingsLingua] Fetching the side menu in expanded view
2025-12-23 18:09:37.379 [TestNG-test-Smoke Tests-2] INFO  [verifyingSideMenuLanguageAsInSettingsLingua] [verifyingSideMenuLanguageAsInSettingsLingua] Finding elements list: By.xpath: //ytd-guide-entry-renderer[@class='style-scope ytd-guide-section-renderer']
2025-12-23 18:09:47.553 [TestNG-test-Smoke Tests-2] WARN  [verifyingSideMenuLanguageAsInSettingsLingua] [verifyingSideMenuLanguageAsInSettingsLingua] Attempt 1 failed to find elements: By.xpath: //ytd-guide-entry-renderer[@class='style-scope ytd-guide-section-renderer'] -> org.openqa.selenium.TimeoutException: Expected condition failed: waiting for presence of any elements located by By.xpath: //ytd-guide-entry-renderer[@class='style-scope ytd-guide-section-renderer'] (tried for 10 second(s) with 500 milliseconds interval)
Build info: version: '4.27.0', revision: 'd6e718d134'
System info: os.name: 'Windows Server 2025', os.arch: 'amd64', os.version: '10.0', java.version: '24.0.2'
Driver info: org.openqa.selenium.chrome.ChromeDriver
Capabilities {acceptInsecureCerts: false, browserName: chrome, browserVersion: 143.0.7499.110, chrome: {chromedriverVersion: 143.0.7499.169 (164b20aab62..., userDataDir: C:\Windows\SystemTemp\scope...}, fedcm:accounts: true, goog:chromeOptions: {debuggerAddress: localhost:53342}, goog:processID: 4036, networkConnectionEnabled: false, pageLoadStrategy: normal, platformName: windows, proxy: Proxy(), se:cdp: ws://localhost:53342/devtoo..., se:cdpVersion: 143.0.7499.110, setWindowRect: true, strictFileInteractability: false, timeouts: {implicit: 0, pageLoad: 300000, script: 30000}, unhandledPromptBehavior: dismiss and notify, webauthn:extension:credBlob: true, webauthn:extension:largeBlob: true, webauthn:extension:minPinLength: true, webauthn:extension:prf: true, webauthn:virtualAuthenticators: true}
Session ID: 539eca82ff819924618e6e308b9d221c
2025-12-23 18:09:57.725 [TestNG-test-Smoke Tests-2] WARN  [verifyingSideMenuLanguageAsInSettingsLingua] [verifyingSideMenuLanguageAsInSettingsLingua] Attempt 2 failed to find elements: By.xpath: //ytd-guide-entry-renderer[@class='style-scope ytd-guide-section-renderer'] -> org.openqa.selenium.TimeoutException: Expected condition failed: waiting for presence of any elements located by By.xpath: //ytd-guide-entry-renderer[@class='style-scope ytd-guide-section-renderer'] (tried for 10 second(s) with 500 milliseconds interval)
Build info: version: '4.27.0', revision: 'd6e718d134'
System info: os.name: 'Windows Server 2025', os.arch: 'amd64', os.version: '10.0', java.version: '24.0.2'
Driver info: org.openqa.selenium.chrome.ChromeDriver
Capabilities {acceptInsecureCerts: false, browserName: chrome, browserVersion: 143.0.7499.110, chrome: {chromedriverVersion: 143.0.7499.169 (164b20aab62..., userDataDir: C:\Windows\SystemTemp\scope...}, fedcm:accounts: true, goog:chromeOptions: {debuggerAddress: localhost:53342}, goog:processID: 4036, networkConnectionEnabled: false, pageLoadStrategy: normal, platformName: windows, proxy: Proxy(), se:cdp: ws://localhost:53342/devtoo..., se:cdpVersion: 143.0.7499.110, setWindowRect: true, strictFileInteractability: false, timeouts: {implicit: 0, pageLoad: 300000, script: 30000}, unhandledPromptBehavior: dismiss and notify, webauthn:extension:credBlob: true, webauthn:extension:largeBlob: true, webauthn:extension:minPinLength: true, webauthn:extension:prf: true, webauthn:virtualAuthenticators: true}
Session ID: 539eca82ff819924618e6e308b9d221c
2025-12-23 18:09:57.725 [TestNG-test-Smoke Tests-2] WARN  [verifyingSideMenuLanguageAsInSettingsLingua] [verifyingSideMenuLanguageAsInSettingsLingua] Attempt 2 failed — refreshing the page to recover...
2025-12-23 18:09:57.729 [TestNG-test-Smoke Tests-2] INFO  [verifyingSideMenuLanguageAsInSettingsLingua] [verifyingSideMenuLanguageAsInSettingsLingua] Current URL before refresh: https://www.youtube.com/
2025-12-23 18:09:57.860 [TestNG-test-Smoke Tests-2] INFO  [verifyingSideMenuLanguageAsInSettingsLingua] [verifyingSideMenuLanguageAsInSettingsLingua] Page refreshed successfully.
2025-12-23 18:09:59.367 [TestNG-test-Smoke Tests-2] INFO  [verifyingSideMenuLanguageAsInSettingsLingua] [verifyingSideMenuLanguageAsInSettingsLingua] Page fully loaded after refresh.
2025-12-23 18:10:09.537 [TestNG-test-Smoke Tests-2] WARN  [verifyingSideMenuLanguageAsInSettingsLingua] [verifyingSideMenuLanguageAsInSettingsLingua] Attempt 3 failed to find elements: By.xpath: //ytd-guide-entry-renderer[@class='style-scope ytd-guide-section-renderer'] -> org.openqa.selenium.TimeoutException: Expected condition failed: waiting for presence of any elements located by By.xpath: //ytd-guide-entry-renderer[@class='style-scope ytd-guide-section-renderer'] (tried for 10 second(s) with 500 milliseconds interval)
Build info: version: '4.27.0', revision: 'd6e718d134'
System info: os.name: 'Windows Server 2025', os.arch: 'amd64', os.version: '10.0', java.version: '24.0.2'
Driver info: org.openqa.selenium.chrome.ChromeDriver
Capabilities {acceptInsecureCerts: false, browserName: chrome, browserVersion: 143.0.7499.110, chrome: {chromedriverVersion: 143.0.7499.169 (164b20aab62..., userDataDir: C:\Windows\SystemTemp\scope...}, fedcm:accounts: true, goog:chromeOptions: {debuggerAddress: localhost:53342}, goog:processID: 4036, networkConnectionEnabled: false, pageLoadStrategy: normal, platformName: windows, proxy: Proxy(), se:cdp: ws://localhost:53342/devtoo..., se:cdpVersion: 143.0.7499.110, setWindowRect: true, strictFileInteractability: false, timeouts: {implicit: 0, pageLoad: 300000, script: 30000}, unhandledPromptBehavior: dismiss and notify, webauthn:extension:credBlob: true, webauthn:extension:largeBlob: true, webauthn:extension:minPinLength: true, webauthn:extension:prf: true, webauthn:virtualAuthenticators: true}
Session ID: 539eca82ff819924618e6e308b9d221c
2025-12-23 18:10:09.537 [TestNG-test-Smoke Tests-2] WARN  [verifyingSideMenuLanguageAsInSettingsLingua] [verifyingSideMenuLanguageAsInSettingsLingua] Attempt 3 failed — refreshing the page to recover...
2025-12-23 18:10:09.541 [TestNG-test-Smoke Tests-2] INFO  [verifyingSideMenuLanguageAsInSettingsLingua] [verifyingSideMenuLanguageAsInSettingsLingua] Current URL before refresh: https://www.youtube.com/
2025-12-23 18:10:10.553 [TestNG-test-Smoke Tests-2] INFO  [verifyingSideMenuLanguageAsInSettingsLingua] [verifyingSideMenuLanguageAsInSettingsLingua] Page refreshed successfully.
2025-12-23 18:10:12.058 [TestNG-test-Smoke Tests-2] INFO  [verifyingSideMenuLanguageAsInSettingsLingua] [verifyingSideMenuLanguageAsInSettingsLingua] Page fully loaded after refresh.
2025-12-23 18:10:12.058 [TestNG-test-Smoke Tests-2] ERROR [verifyingSideMenuLanguageAsInSettingsLingua] [verifyingSideMenuLanguageAsInSettingsLingua] No elements ready after 3 attempts: By.xpath: //ytd-guide-entry-renderer[@class='style-scope ytd-guide-section-renderer']
2025-12-23 18:10:12.058 [TestNG-test-Smoke Tests-2] INFO  [verifyingSideMenuLanguageAsInSettingsLingua] getExpectedLangageViaApplicableLangInput(Bahasa Indonesia)
2025-12-23 18:10:12.058 [TestNG-test-Smoke Tests-2] INFO  [verifyingSideMenuLanguageAsInSettingsLingua] Expected language for 'Bahasa Indonesia' -> INDONESIAN
2025-12-23 18:10:12.058 [TestNG-test-Smoke Tests-2] INFO  [verifyingSideMenuLanguageAsInSettingsLingua] getLangAttributeViaLanguageInput(Bahasa Indonesia)
2025-12-23 18:10:12.058 [TestNG-test-Smoke Tests-2] INFO  [verifyingSideMenuLanguageAsInSettingsLingua] Mapped Bahasa Indonesia -> id-ID
2025-12-23 18:10:12.059 [TestNG-test-Smoke Tests-2] INFO  [verifyingSideMenuLanguageAsInSettingsLingua] getLangAttribute() - locating <html> and reading lang property
2025-12-23 18:10:12.073 [TestNG-test-Smoke Tests-2] INFO  [verifyingSideMenuLanguageAsInSettingsLingua] Language attribute read: id-ID
2025-12-23 18:10:12.074 [TestNG-test-Smoke Tests-2] INFO  [verifyingSideMenuLanguageAsInSettingsLingua] Clicking settings ellipses button...
2025-12-23 18:10:12.074 [TestNG-test-Smoke Tests-2] INFO  [verifyingSideMenuLanguageAsInSettingsLingua] [verifyingSideMenuLanguageAsInSettingsLingua] Trying to find element: By.xpath: //ytd-topbar-menu-button-renderer[@class='style-scope ytd-masthead style-default']
2025-12-23 18:10:12.099 [TestNG-test-Smoke Tests-2] INFO  [verifyingSideMenuLanguageAsInSettingsLingua] [verifyingSideMenuLanguageAsInSettingsLingua] Element found and ready (attempt 1): By.xpath: //ytd-topbar-menu-button-renderer[@class='style-scope ytd-masthead style-default']
2025-12-23 18:10:14.180 [TestNG-test-Smoke Tests-2] INFO  [verifyingSideMenuLanguageAsInSettingsLingua] Clicking language dropdown...
2025-12-23 18:10:14.180 [TestNG-test-Smoke Tests-2] INFO  [verifyingSideMenuLanguageAsInSettingsLingua] [verifyingSideMenuLanguageAsInSettingsLingua] Trying to find element: By.xpath: (//div[@id='content-icon'])[2]
2025-12-23 18:10:14.205 [TestNG-test-Smoke Tests-2] INFO  [verifyingSideMenuLanguageAsInSettingsLingua] [verifyingSideMenuLanguageAsInSettingsLingua] Element found and ready (attempt 1): By.xpath: (//div[@id='content-icon'])[2]
2025-12-23 18:10:16.528 [TestNG-test-Smoke Tests-2] INFO  [verifyingSideMenuLanguageAsInSettingsLingua] [verifyingSideMenuLanguageAsInSettingsLingua] Capturing screenshot: Filter Applied is Bosanski__2025-12-23_181016.png
2025-12-23 18:10:16.603 [TestNG-test-Smoke Tests-2] INFO  [verifyingSideMenuLanguageAsInSettingsLingua] [verifyingSideMenuLanguageAsInSettingsLingua] Screenshot saved at: test-output/screenshots/Run_2025-12-23_18-05-20/verifyingSideMenuLanguageAsInSettingsLingua/Filter Applied is Bosanski__2025-12-23_181016.png
2025-12-23 18:10:17.605 [TestNG-test-Smoke Tests-2] INFO  [verifyingSideMenuLanguageAsInSettingsLingua] Looking for language element with name: Bosanski
2025-12-23 18:10:17.605 [TestNG-test-Smoke Tests-2] INFO  [verifyingSideMenuLanguageAsInSettingsLingua] [verifyingSideMenuLanguageAsInSettingsLingua] Trying to find element: By.xpath: //yt-multi-page-menu-section-renderer[@class='style-scope ytd-multi-page-menu-renderer']//yt-formatted-string[@id='label' and text()='Bosanski']
2025-12-23 18:10:17.629 [TestNG-test-Smoke Tests-2] INFO  [verifyingSideMenuLanguageAsInSettingsLingua] [verifyingSideMenuLanguageAsInSettingsLingua] Element found and ready (attempt 1): By.xpath: //yt-multi-page-menu-section-renderer[@class='style-scope ytd-multi-page-menu-renderer']//yt-formatted-string[@id='label' and text()='Bosanski']
2025-12-23 18:10:20.734 [TestNG-test-Smoke Tests-2] INFO  [verifyingSideMenuLanguageAsInSettingsLingua] Fetching the side menu in expanded view
2025-12-23 18:10:20.734 [TestNG-test-Smoke Tests-2] INFO  [verifyingSideMenuLanguageAsInSettingsLingua] [verifyingSideMenuLanguageAsInSettingsLingua] Finding elements list: By.xpath: //ytd-guide-entry-renderer[@class='style-scope ytd-guide-section-renderer']
2025-12-23 18:10:30.908 [TestNG-test-Smoke Tests-2] WARN  [verifyingSideMenuLanguageAsInSettingsLingua] [verifyingSideMenuLanguageAsInSettingsLingua] Attempt 1 failed to find elements: By.xpath: //ytd-guide-entry-renderer[@class='style-scope ytd-guide-section-renderer'] -> org.openqa.selenium.TimeoutException: Expected condition failed: waiting for presence of any elements located by By.xpath: //ytd-guide-entry-renderer[@class='style-scope ytd-guide-section-renderer'] (tried for 10 second(s) with 500 milliseconds interval)
Build info: version: '4.27.0', revision: 'd6e718d134'
System info: os.name: 'Windows Server 2025', os.arch: 'amd64', os.version: '10.0', java.version: '24.0.2'
Driver info: org.openqa.selenium.chrome.ChromeDriver
Capabilities {acceptInsecureCerts: false, browserName: chrome, browserVersion: 143.0.7499.110, chrome: {chromedriverVersion: 143.0.7499.169 (164b20aab62..., userDataDir: C:\Windows\SystemTemp\scope...}, fedcm:accounts: true, goog:chromeOptions: {debuggerAddress: localhost:53342}, goog:processID: 4036, networkConnectionEnabled: false, pageLoadStrategy: normal, platformName: windows, proxy: Proxy(), se:cdp: ws://localhost:53342/devtoo..., se:cdpVersion: 143.0.7499.110, setWindowRect: true, strictFileInteractability: false, timeouts: {implicit: 0, pageLoad: 300000, script: 30000}, unhandledPromptBehavior: dismiss and notify, webauthn:extension:credBlob: true, webauthn:extension:largeBlob: true, webauthn:extension:minPinLength: true, webauthn:extension:prf: true, webauthn:virtualAuthenticators: true}
Session ID: 539eca82ff819924618e6e308b9d221c
2025-12-23 18:10:41.078 [TestNG-test-Smoke Tests-2] WARN  [verifyingSideMenuLanguageAsInSettingsLingua] [verifyingSideMenuLanguageAsInSettingsLingua] Attempt 2 failed to find elements: By.xpath: //ytd-guide-entry-renderer[@class='style-scope ytd-guide-section-renderer'] -> org.openqa.selenium.TimeoutException: Expected condition failed: waiting for presence of any elements located by By.xpath: //ytd-guide-entry-renderer[@class='style-scope ytd-guide-section-renderer'] (tried for 10 second(s) with 500 milliseconds interval)
Build info: version: '4.27.0', revision: 'd6e718d134'
System info: os.name: 'Windows Server 2025', os.arch: 'amd64', os.version: '10.0', java.version: '24.0.2'
Driver info: org.openqa.selenium.chrome.ChromeDriver
Capabilities {acceptInsecureCerts: false, browserName: chrome, browserVersion: 143.0.7499.110, chrome: {chromedriverVersion: 143.0.7499.169 (164b20aab62..., userDataDir: C:\Windows\SystemTemp\scope...}, fedcm:accounts: true, goog:chromeOptions: {debuggerAddress: localhost:53342}, goog:processID: 4036, networkConnectionEnabled: false, pageLoadStrategy: normal, platformName: windows, proxy: Proxy(), se:cdp: ws://localhost:53342/devtoo..., se:cdpVersion: 143.0.7499.110, setWindowRect: true, strictFileInteractability: false, timeouts: {implicit: 0, pageLoad: 300000, script: 30000}, unhandledPromptBehavior: dismiss and notify, webauthn:extension:credBlob: true, webauthn:extension:largeBlob: true, webauthn:extension:minPinLength: true, webauthn:extension:prf: true, webauthn:virtualAuthenticators: true}
Session ID: 539eca82ff819924618e6e308b9d221c
2025-12-23 18:10:41.078 [TestNG-test-Smoke Tests-2] WARN  [verifyingSideMenuLanguageAsInSettingsLingua] [verifyingSideMenuLanguageAsInSettingsLingua] Attempt 2 failed — refreshing the page to recover...
2025-12-23 18:10:41.082 [TestNG-test-Smoke Tests-2] INFO  [verifyingSideMenuLanguageAsInSettingsLingua] [verifyingSideMenuLanguageAsInSettingsLingua] Current URL before refresh: https://www.youtube.com/
2025-12-23 18:10:41.222 [TestNG-test-Smoke Tests-2] INFO  [verifyingSideMenuLanguageAsInSettingsLingua] [verifyingSideMenuLanguageAsInSettingsLingua] Page refreshed successfully.
2025-12-23 18:10:42.730 [TestNG-test-Smoke Tests-2] INFO  [verifyingSideMenuLanguageAsInSettingsLingua] [verifyingSideMenuLanguageAsInSettingsLingua] Page fully loaded after refresh.
2025-12-23 18:10:52.893 [TestNG-test-Smoke Tests-2] WARN  [verifyingSideMenuLanguageAsInSettingsLingua] [verifyingSideMenuLanguageAsInSettingsLingua] Attempt 3 failed to find elements: By.xpath: //ytd-guide-entry-renderer[@class='style-scope ytd-guide-section-renderer'] -> org.openqa.selenium.TimeoutException: Expected condition failed: waiting for presence of any elements located by By.xpath: //ytd-guide-entry-renderer[@class='style-scope ytd-guide-section-renderer'] (tried for 10 second(s) with 500 milliseconds interval)
Build info: version: '4.27.0', revision: 'd6e718d134'
System info: os.name: 'Windows Server 2025', os.arch: 'amd64', os.version: '10.0', java.version: '24.0.2'
Driver info: org.openqa.selenium.chrome.ChromeDriver
Capabilities {acceptInsecureCerts: false, browserName: chrome, browserVersion: 143.0.7499.110, chrome: {chromedriverVersion: 143.0.7499.169 (164b20aab62..., userDataDir: C:\Windows\SystemTemp\scope...}, fedcm:accounts: true, goog:chromeOptions: {debuggerAddress: localhost:53342}, goog:processID: 4036, networkConnectionEnabled: false, pageLoadStrategy: normal, platformName: windows, proxy: Proxy(), se:cdp: ws://localhost:53342/devtoo..., se:cdpVersion: 143.0.7499.110, setWindowRect: true, strictFileInteractability: false, timeouts: {implicit: 0, pageLoad: 300000, script: 30000}, unhandledPromptBehavior: dismiss and notify, webauthn:extension:credBlob: true, webauthn:extension:largeBlob: true, webauthn:extension:minPinLength: true, webauthn:extension:prf: true, webauthn:virtualAuthenticators: true}
Session ID: 539eca82ff819924618e6e308b9d221c
2025-12-23 18:10:52.894 [TestNG-test-Smoke Tests-2] WARN  [verifyingSideMenuLanguageAsInSettingsLingua] [verifyingSideMenuLanguageAsInSettingsLingua] Attempt 3 failed — refreshing the page to recover...
2025-12-23 18:10:52.898 [TestNG-test-Smoke Tests-2] INFO  [verifyingSideMenuLanguageAsInSettingsLingua] [verifyingSideMenuLanguageAsInSettingsLingua] Current URL before refresh: https://www.youtube.com/
2025-12-23 18:10:53.036 [TestNG-test-Smoke Tests-2] INFO  [verifyingSideMenuLanguageAsInSettingsLingua] [verifyingSideMenuLanguageAsInSettingsLingua] Page refreshed successfully.
2025-12-23 18:10:54.542 [TestNG-test-Smoke Tests-2] INFO  [verifyingSideMenuLanguageAsInSettingsLingua] [verifyingSideMenuLanguageAsInSettingsLingua] Page fully loaded after refresh.
2025-12-23 18:10:54.542 [TestNG-test-Smoke Tests-2] ERROR [verifyingSideMenuLanguageAsInSettingsLingua] [verifyingSideMenuLanguageAsInSettingsLingua] No elements ready after 3 attempts: By.xpath: //ytd-guide-entry-renderer[@class='style-scope ytd-guide-section-renderer']
2025-12-23 18:10:54.542 [TestNG-test-Smoke Tests-2] INFO  [verifyingSideMenuLanguageAsInSettingsLingua] getExpectedLangageViaApplicableLangInput(Bosanski)
2025-12-23 18:10:54.542 [TestNG-test-Smoke Tests-2] INFO  [verifyingSideMenuLanguageAsInSettingsLingua] Expected language for 'Bosanski' -> CROATIAN
2025-12-23 18:10:54.543 [TestNG-test-Smoke Tests-2] INFO  [verifyingSideMenuLanguageAsInSettingsLingua] getLangAttributeViaLanguageInput(Bosanski)
2025-12-23 18:10:54.543 [TestNG-test-Smoke Tests-2] INFO  [verifyingSideMenuLanguageAsInSettingsLingua] Mapped Bosanski -> bs-Latn-BA
2025-12-23 18:10:54.543 [TestNG-test-Smoke Tests-2] INFO  [verifyingSideMenuLanguageAsInSettingsLingua] getLangAttribute() - locating <html> and reading lang property
2025-12-23 18:10:54.562 [TestNG-test-Smoke Tests-2] INFO  [verifyingSideMenuLanguageAsInSettingsLingua] Language attribute read: bs-Latn-BA
2025-12-23 18:10:54.563 [TestNG-test-Smoke Tests-2] INFO  [verifyingSideMenuLanguageAsInSettingsLingua] Clicking settings ellipses button...
2025-12-23 18:10:54.563 [TestNG-test-Smoke Tests-2] INFO  [verifyingSideMenuLanguageAsInSettingsLingua] [verifyingSideMenuLanguageAsInSettingsLingua] Trying to find element: By.xpath: //ytd-topbar-menu-button-renderer[@class='style-scope ytd-masthead style-default']
2025-12-23 18:10:54.593 [TestNG-test-Smoke Tests-2] INFO  [verifyingSideMenuLanguageAsInSettingsLingua] [verifyingSideMenuLanguageAsInSettingsLingua] Element found and ready (attempt 1): By.xpath: //ytd-topbar-menu-button-renderer[@class='style-scope ytd-masthead style-default']
2025-12-23 18:10:56.676 [TestNG-test-Smoke Tests-2] INFO  [verifyingSideMenuLanguageAsInSettingsLingua] Clicking language dropdown...
2025-12-23 18:10:56.676 [TestNG-test-Smoke Tests-2] INFO  [verifyingSideMenuLanguageAsInSettingsLingua] [verifyingSideMenuLanguageAsInSettingsLingua] Trying to find element: By.xpath: (//div[@id='content-icon'])[2]
2025-12-23 18:10:56.700 [TestNG-test-Smoke Tests-2] INFO  [verifyingSideMenuLanguageAsInSettingsLingua] [verifyingSideMenuLanguageAsInSettingsLingua] Element found and ready (attempt 1): By.xpath: (//div[@id='content-icon'])[2]
2025-12-23 18:10:59.027 [TestNG-test-Smoke Tests-2] INFO  [verifyingSideMenuLanguageAsInSettingsLingua] [verifyingSideMenuLanguageAsInSettingsLingua] Capturing screenshot: Filter Applied is Català__2025-12-23_181059.png
2025-12-23 18:10:59.107 [TestNG-test-Smoke Tests-2] INFO  [verifyingSideMenuLanguageAsInSettingsLingua] [verifyingSideMenuLanguageAsInSettingsLingua] Screenshot saved at: test-output/screenshots/Run_2025-12-23_18-05-20/verifyingSideMenuLanguageAsInSettingsLingua/Filter Applied is Català__2025-12-23_181059.png
2025-12-23 18:11:00.109 [TestNG-test-Smoke Tests-2] INFO  [verifyingSideMenuLanguageAsInSettingsLingua] Looking for language element with name: Català
2025-12-23 18:11:00.109 [TestNG-test-Smoke Tests-2] INFO  [verifyingSideMenuLanguageAsInSettingsLingua] [verifyingSideMenuLanguageAsInSettingsLingua] Trying to find element: By.xpath: //yt-multi-page-menu-section-renderer[@class='style-scope ytd-multi-page-menu-renderer']//yt-formatted-string[@id='label' and text()='Català']
2025-12-23 18:11:00.136 [TestNG-test-Smoke Tests-2] INFO  [verifyingSideMenuLanguageAsInSettingsLingua] [verifyingSideMenuLanguageAsInSettingsLingua] Element found and ready (attempt 1): By.xpath: //yt-multi-page-menu-section-renderer[@class='style-scope ytd-multi-page-menu-renderer']//yt-formatted-string[@id='label' and text()='Català']
2025-12-23 18:11:03.193 [TestNG-test-Smoke Tests-2] INFO  [verifyingSideMenuLanguageAsInSettingsLingua] Fetching the side menu in expanded view
2025-12-23 18:11:03.193 [TestNG-test-Smoke Tests-2] INFO  [verifyingSideMenuLanguageAsInSettingsLingua] [verifyingSideMenuLanguageAsInSettingsLingua] Finding elements list: By.xpath: //ytd-guide-entry-renderer[@class='style-scope ytd-guide-section-renderer']
2025-12-23 18:11:13.357 [TestNG-test-Smoke Tests-2] WARN  [verifyingSideMenuLanguageAsInSettingsLingua] [verifyingSideMenuLanguageAsInSettingsLingua] Attempt 1 failed to find elements: By.xpath: //ytd-guide-entry-renderer[@class='style-scope ytd-guide-section-renderer'] -> org.openqa.selenium.TimeoutException: Expected condition failed: waiting for presence of any elements located by By.xpath: //ytd-guide-entry-renderer[@class='style-scope ytd-guide-section-renderer'] (tried for 10 second(s) with 500 milliseconds interval)
Build info: version: '4.27.0', revision: 'd6e718d134'
System info: os.name: 'Windows Server 2025', os.arch: 'amd64', os.version: '10.0', java.version: '24.0.2'
Driver info: org.openqa.selenium.chrome.ChromeDriver
Capabilities {acceptInsecureCerts: false, browserName: chrome, browserVersion: 143.0.7499.110, chrome: {chromedriverVersion: 143.0.7499.169 (164b20aab62..., userDataDir: C:\Windows\SystemTemp\scope...}, fedcm:accounts: true, goog:chromeOptions: {debuggerAddress: localhost:53342}, goog:processID: 4036, networkConnectionEnabled: false, pageLoadStrategy: normal, platformName: windows, proxy: Proxy(), se:cdp: ws://localhost:53342/devtoo..., se:cdpVersion: 143.0.7499.110, setWindowRect: true, strictFileInteractability: false, timeouts: {implicit: 0, pageLoad: 300000, script: 30000}, unhandledPromptBehavior: dismiss and notify, webauthn:extension:credBlob: true, webauthn:extension:largeBlob: true, webauthn:extension:minPinLength: true, webauthn:extension:prf: true, webauthn:virtualAuthenticators: true}
Session ID: 539eca82ff819924618e6e308b9d221c
2025-12-23 18:11:23.533 [TestNG-test-Smoke Tests-2] WARN  [verifyingSideMenuLanguageAsInSettingsLingua] [verifyingSideMenuLanguageAsInSettingsLingua] Attempt 2 failed to find elements: By.xpath: //ytd-guide-entry-renderer[@class='style-scope ytd-guide-section-renderer'] -> org.openqa.selenium.TimeoutException: Expected condition failed: waiting for presence of any elements located by By.xpath: //ytd-guide-entry-renderer[@class='style-scope ytd-guide-section-renderer'] (tried for 10 second(s) with 500 milliseconds interval)
Build info: version: '4.27.0', revision: 'd6e718d134'
System info: os.name: 'Windows Server 2025', os.arch: 'amd64', os.version: '10.0', java.version: '24.0.2'
Driver info: org.openqa.selenium.chrome.ChromeDriver
Capabilities {acceptInsecureCerts: false, browserName: chrome, browserVersion: 143.0.7499.110, chrome: {chromedriverVersion: 143.0.7499.169 (164b20aab62..., userDataDir: C:\Windows\SystemTemp\scope...}, fedcm:accounts: true, goog:chromeOptions: {debuggerAddress: localhost:53342}, goog:processID: 4036, networkConnectionEnabled: false, pageLoadStrategy: normal, platformName: windows, proxy: Proxy(), se:cdp: ws://localhost:53342/devtoo..., se:cdpVersion: 143.0.7499.110, setWindowRect: true, strictFileInteractability: false, timeouts: {implicit: 0, pageLoad: 300000, script: 30000}, unhandledPromptBehavior: dismiss and notify, webauthn:extension:credBlob: true, webauthn:extension:largeBlob: true, webauthn:extension:minPinLength: true, webauthn:extension:prf: true, webauthn:virtualAuthenticators: true}
Session ID: 539eca82ff819924618e6e308b9d221c
2025-12-23 18:11:23.533 [TestNG-test-Smoke Tests-2] WARN  [verifyingSideMenuLanguageAsInSettingsLingua] [verifyingSideMenuLanguageAsInSettingsLingua] Attempt 2 failed — refreshing the page to recover...
2025-12-23 18:11:23.537 [TestNG-test-Smoke Tests-2] INFO  [verifyingSideMenuLanguageAsInSettingsLingua] [verifyingSideMenuLanguageAsInSettingsLingua] Current URL before refresh: https://www.youtube.com/
2025-12-23 18:11:23.686 [TestNG-test-Smoke Tests-2] INFO  [verifyingSideMenuLanguageAsInSettingsLingua] [verifyingSideMenuLanguageAsInSettingsLingua] Page refreshed successfully.
2025-12-23 18:11:25.193 [TestNG-test-Smoke Tests-2] INFO  [verifyingSideMenuLanguageAsInSettingsLingua] [verifyingSideMenuLanguageAsInSettingsLingua] Page fully loaded after refresh.
2025-12-23 18:11:35.455 [TestNG-test-Smoke Tests-2] WARN  [verifyingSideMenuLanguageAsInSettingsLingua] [verifyingSideMenuLanguageAsInSettingsLingua] Attempt 3 failed to find elements: By.xpath: //ytd-guide-entry-renderer[@class='style-scope ytd-guide-section-renderer'] -> org.openqa.selenium.TimeoutException: Expected condition failed: waiting for presence of any elements located by By.xpath: //ytd-guide-entry-renderer[@class='style-scope ytd-guide-section-renderer'] (tried for 10 second(s) with 500 milliseconds interval)
Build info: version: '4.27.0', revision: 'd6e718d134'
System info: os.name: 'Windows Server 2025', os.arch: 'amd64', os.version: '10.0', java.version: '24.0.2'
Driver info: org.openqa.selenium.chrome.ChromeDriver
Capabilities {acceptInsecureCerts: false, browserName: chrome, browserVersion: 143.0.7499.110, chrome: {chromedriverVersion: 143.0.7499.169 (164b20aab62..., userDataDir: C:\Windows\SystemTemp\scope...}, fedcm:accounts: true, goog:chromeOptions: {debuggerAddress: localhost:53342}, goog:processID: 4036, networkConnectionEnabled: false, pageLoadStrategy: normal, platformName: windows, proxy: Proxy(), se:cdp: ws://localhost:53342/devtoo..., se:cdpVersion: 143.0.7499.110, setWindowRect: true, strictFileInteractability: false, timeouts: {implicit: 0, pageLoad: 300000, script: 30000}, unhandledPromptBehavior: dismiss and notify, webauthn:extension:credBlob: true, webauthn:extension:largeBlob: true, webauthn:extension:minPinLength: true, webauthn:extension:prf: true, webauthn:virtualAuthenticators: true}
Session ID: 539eca82ff819924618e6e308b9d221c
2025-12-23 18:11:35.455 [TestNG-test-Smoke Tests-2] WARN  [verifyingSideMenuLanguageAsInSettingsLingua] [verifyingSideMenuLanguageAsInSettingsLingua] Attempt 3 failed — refreshing the page to recover...
2025-12-23 18:11:35.459 [TestNG-test-Smoke Tests-2] INFO  [verifyingSideMenuLanguageAsInSettingsLingua] [verifyingSideMenuLanguageAsInSettingsLingua] Current URL before refresh: https://www.youtube.com/
2025-12-23 18:11:35.596 [TestNG-test-Smoke Tests-2] INFO  [verifyingSideMenuLanguageAsInSettingsLingua] [verifyingSideMenuLanguageAsInSettingsLingua] Page refreshed successfully.
2025-12-23 18:11:37.102 [TestNG-test-Smoke Tests-2] INFO  [verifyingSideMenuLanguageAsInSettingsLingua] [verifyingSideMenuLanguageAsInSettingsLingua] Page fully loaded after refresh.
2025-12-23 18:11:37.102 [TestNG-test-Smoke Tests-2] ERROR [verifyingSideMenuLanguageAsInSettingsLingua] [verifyingSideMenuLanguageAsInSettingsLingua] No elements ready after 3 attempts: By.xpath: //ytd-guide-entry-renderer[@class='style-scope ytd-guide-section-renderer']
2025-12-23 18:11:37.103 [TestNG-test-Smoke Tests-2] INFO  [verifyingSideMenuLanguageAsInSettingsLingua] getExpectedLangageViaApplicableLangInput(Català)
2025-12-23 18:11:37.103 [TestNG-test-Smoke Tests-2] INFO  [verifyingSideMenuLanguageAsInSettingsLingua] Expected language for 'Català' -> CATALAN
2025-12-23 18:11:37.103 [TestNG-test-Smoke Tests-2] INFO  [verifyingSideMenuLanguageAsInSettingsLingua] getLangAttributeViaLanguageInput(Català)
2025-12-23 18:11:37.103 [TestNG-test-Smoke Tests-2] INFO  [verifyingSideMenuLanguageAsInSettingsLingua] Mapped Català -> ca-ES
2025-12-23 18:11:37.103 [TestNG-test-Smoke Tests-2] INFO  [verifyingSideMenuLanguageAsInSettingsLingua] getLangAttribute() - locating <html> and reading lang property
2025-12-23 18:11:37.115 [TestNG-test-Smoke Tests-2] INFO  [verifyingSideMenuLanguageAsInSettingsLingua] Language attribute read: ca-ES
2025-12-23 18:11:37.115 [TestNG-test-Smoke Tests-2] INFO  [verifyingSideMenuLanguageAsInSettingsLingua] Clicking settings ellipses button...
2025-12-23 18:11:37.115 [TestNG-test-Smoke Tests-2] INFO  [verifyingSideMenuLanguageAsInSettingsLingua] [verifyingSideMenuLanguageAsInSettingsLingua] Trying to find element: By.xpath: //ytd-topbar-menu-button-renderer[@class='style-scope ytd-masthead style-default']
2025-12-23 18:11:37.136 [TestNG-test-Smoke Tests-2] INFO  [verifyingSideMenuLanguageAsInSettingsLingua] [verifyingSideMenuLanguageAsInSettingsLingua] Element found and ready (attempt 1): By.xpath: //ytd-topbar-menu-button-renderer[@class='style-scope ytd-masthead style-default']
2025-12-23 18:11:39.318 [TestNG-test-Smoke Tests-2] INFO  [verifyingSideMenuLanguageAsInSettingsLingua] Clicking language dropdown...
2025-12-23 18:11:39.318 [TestNG-test-Smoke Tests-2] INFO  [verifyingSideMenuLanguageAsInSettingsLingua] [verifyingSideMenuLanguageAsInSettingsLingua] Trying to find element: By.xpath: (//div[@id='content-icon'])[2]
2025-12-23 18:11:39.339 [TestNG-test-Smoke Tests-2] INFO  [verifyingSideMenuLanguageAsInSettingsLingua] [verifyingSideMenuLanguageAsInSettingsLingua] Element found and ready (attempt 1): By.xpath: (//div[@id='content-icon'])[2]
2025-12-23 18:11:41.645 [TestNG-test-Smoke Tests-2] INFO  [verifyingSideMenuLanguageAsInSettingsLingua] [verifyingSideMenuLanguageAsInSettingsLingua] Capturing screenshot: Filter Applied is Dansk__2025-12-23_181141.png
2025-12-23 18:11:41.719 [TestNG-test-Smoke Tests-2] INFO  [verifyingSideMenuLanguageAsInSettingsLingua] [verifyingSideMenuLanguageAsInSettingsLingua] Screenshot saved at: test-output/screenshots/Run_2025-12-23_18-05-20/verifyingSideMenuLanguageAsInSettingsLingua/Filter Applied is Dansk__2025-12-23_181141.png
2025-12-23 18:11:42.720 [TestNG-test-Smoke Tests-2] INFO  [verifyingSideMenuLanguageAsInSettingsLingua] Looking for language element with name: Dansk
2025-12-23 18:11:42.720 [TestNG-test-Smoke Tests-2] INFO  [verifyingSideMenuLanguageAsInSettingsLingua] [verifyingSideMenuLanguageAsInSettingsLingua] Trying to find element: By.xpath: //yt-multi-page-menu-section-renderer[@class='style-scope ytd-multi-page-menu-renderer']//yt-formatted-string[@id='label' and text()='Dansk']
2025-12-23 18:11:42.743 [TestNG-test-Smoke Tests-2] INFO  [verifyingSideMenuLanguageAsInSettingsLingua] [verifyingSideMenuLanguageAsInSettingsLingua] Element found and ready (attempt 1): By.xpath: //yt-multi-page-menu-section-renderer[@class='style-scope ytd-multi-page-menu-renderer']//yt-formatted-string[@id='label' and text()='Dansk']
2025-12-23 18:11:45.833 [TestNG-test-Smoke Tests-2] INFO  [verifyingSideMenuLanguageAsInSettingsLingua] Fetching the side menu in expanded view
2025-12-23 18:11:45.833 [TestNG-test-Smoke Tests-2] INFO  [verifyingSideMenuLanguageAsInSettingsLingua] [verifyingSideMenuLanguageAsInSettingsLingua] Finding elements list: By.xpath: //ytd-guide-entry-renderer[@class='style-scope ytd-guide-section-renderer']
2025-12-23 18:11:56.004 [TestNG-test-Smoke Tests-2] WARN  [verifyingSideMenuLanguageAsInSettingsLingua] [verifyingSideMenuLanguageAsInSettingsLingua] Attempt 1 failed to find elements: By.xpath: //ytd-guide-entry-renderer[@class='style-scope ytd-guide-section-renderer'] -> org.openqa.selenium.TimeoutException: Expected condition failed: waiting for presence of any elements located by By.xpath: //ytd-guide-entry-renderer[@class='style-scope ytd-guide-section-renderer'] (tried for 10 second(s) with 500 milliseconds interval)
Build info: version: '4.27.0', revision: 'd6e718d134'
System info: os.name: 'Windows Server 2025', os.arch: 'amd64', os.version: '10.0', java.version: '24.0.2'
Driver info: org.openqa.selenium.chrome.ChromeDriver
Capabilities {acceptInsecureCerts: false, browserName: chrome, browserVersion: 143.0.7499.110, chrome: {chromedriverVersion: 143.0.7499.169 (164b20aab62..., userDataDir: C:\Windows\SystemTemp\scope...}, fedcm:accounts: true, goog:chromeOptions: {debuggerAddress: localhost:53342}, goog:processID: 4036, networkConnectionEnabled: false, pageLoadStrategy: normal, platformName: windows, proxy: Proxy(), se:cdp: ws://localhost:53342/devtoo..., se:cdpVersion: 143.0.7499.110, setWindowRect: true, strictFileInteractability: false, timeouts: {implicit: 0, pageLoad: 300000, script: 30000}, unhandledPromptBehavior: dismiss and notify, webauthn:extension:credBlob: true, webauthn:extension:largeBlob: true, webauthn:extension:minPinLength: true, webauthn:extension:prf: true, webauthn:virtualAuthenticators: true}
Session ID: 539eca82ff819924618e6e308b9d221c
2025-12-23 18:12:06.169 [TestNG-test-Smoke Tests-2] WARN  [verifyingSideMenuLanguageAsInSettingsLingua] [verifyingSideMenuLanguageAsInSettingsLingua] Attempt 2 failed to find elements: By.xpath: //ytd-guide-entry-renderer[@class='style-scope ytd-guide-section-renderer'] -> org.openqa.selenium.TimeoutException: Expected condition failed: waiting for presence of any elements located by By.xpath: //ytd-guide-entry-renderer[@class='style-scope ytd-guide-section-renderer'] (tried for 10 second(s) with 500 milliseconds interval)
Build info: version: '4.27.0', revision: 'd6e718d134'
System info: os.name: 'Windows Server 2025', os.arch: 'amd64', os.version: '10.0', java.version: '24.0.2'
Driver info: org.openqa.selenium.chrome.ChromeDriver
Capabilities {acceptInsecureCerts: false, browserName: chrome, browserVersion: 143.0.7499.110, chrome: {chromedriverVersion: 143.0.7499.169 (164b20aab62..., userDataDir: C:\Windows\SystemTemp\scope...}, fedcm:accounts: true, goog:chromeOptions: {debuggerAddress: localhost:53342}, goog:processID: 4036, networkConnectionEnabled: false, pageLoadStrategy: normal, platformName: windows, proxy: Proxy(), se:cdp: ws://localhost:53342/devtoo..., se:cdpVersion: 143.0.7499.110, setWindowRect: true, strictFileInteractability: false, timeouts: {implicit: 0, pageLoad: 300000, script: 30000}, unhandledPromptBehavior: dismiss and notify, webauthn:extension:credBlob: true, webauthn:extension:largeBlob: true, webauthn:extension:minPinLength: true, webauthn:extension:prf: true, webauthn:virtualAuthenticators: true}
Session ID: 539eca82ff819924618e6e308b9d221c
2025-12-23 18:12:06.169 [TestNG-test-Smoke Tests-2] WARN  [verifyingSideMenuLanguageAsInSettingsLingua] [verifyingSideMenuLanguageAsInSettingsLingua] Attempt 2 failed — refreshing the page to recover...
2025-12-23 18:12:06.173 [TestNG-test-Smoke Tests-2] INFO  [verifyingSideMenuLanguageAsInSettingsLingua] [verifyingSideMenuLanguageAsInSettingsLingua] Current URL before refresh: https://www.youtube.com/
2025-12-23 18:12:06.313 [TestNG-test-Smoke Tests-2] INFO  [verifyingSideMenuLanguageAsInSettingsLingua] [verifyingSideMenuLanguageAsInSettingsLingua] Page refreshed successfully.
2025-12-23 18:12:07.820 [TestNG-test-Smoke Tests-2] INFO  [verifyingSideMenuLanguageAsInSettingsLingua] [verifyingSideMenuLanguageAsInSettingsLingua] Page fully loaded after refresh.
2025-12-23 18:12:17.994 [TestNG-test-Smoke Tests-2] WARN  [verifyingSideMenuLanguageAsInSettingsLingua] [verifyingSideMenuLanguageAsInSettingsLingua] Attempt 3 failed to find elements: By.xpath: //ytd-guide-entry-renderer[@class='style-scope ytd-guide-section-renderer'] -> org.openqa.selenium.TimeoutException: Expected condition failed: waiting for presence of any elements located by By.xpath: //ytd-guide-entry-renderer[@class='style-scope ytd-guide-section-renderer'] (tried for 10 second(s) with 500 milliseconds interval)
Build info: version: '4.27.0', revision: 'd6e718d134'
System info: os.name: 'Windows Server 2025', os.arch: 'amd64', os.version: '10.0', java.version: '24.0.2'
Driver info: org.openqa.selenium.chrome.ChromeDriver
Capabilities {acceptInsecureCerts: false, browserName: chrome, browserVersion: 143.0.7499.110, chrome: {chromedriverVersion: 143.0.7499.169 (164b20aab62..., userDataDir: C:\Windows\SystemTemp\scope...}, fedcm:accounts: true, goog:chromeOptions: {debuggerAddress: localhost:53342}, goog:processID: 4036, networkConnectionEnabled: false, pageLoadStrategy: normal, platformName: windows, proxy: Proxy(), se:cdp: ws://localhost:53342/devtoo..., se:cdpVersion: 143.0.7499.110, setWindowRect: true, strictFileInteractability: false, timeouts: {implicit: 0, pageLoad: 300000, script: 30000}, unhandledPromptBehavior: dismiss and notify, webauthn:extension:credBlob: true, webauthn:extension:largeBlob: true, webauthn:extension:minPinLength: true, webauthn:extension:prf: true, webauthn:virtualAuthenticators: true}
Session ID: 539eca82ff819924618e6e308b9d221c
2025-12-23 18:12:17.994 [TestNG-test-Smoke Tests-2] WARN  [verifyingSideMenuLanguageAsInSettingsLingua] [verifyingSideMenuLanguageAsInSettingsLingua] Attempt 3 failed — refreshing the page to recover...
2025-12-23 18:12:17.998 [TestNG-test-Smoke Tests-2] INFO  [verifyingSideMenuLanguageAsInSettingsLingua] [verifyingSideMenuLanguageAsInSettingsLingua] Current URL before refresh: https://www.youtube.com/
2025-12-23 18:12:18.155 [TestNG-test-Smoke Tests-2] INFO  [verifyingSideMenuLanguageAsInSettingsLingua] [verifyingSideMenuLanguageAsInSettingsLingua] Page refreshed successfully.
2025-12-23 18:12:19.661 [TestNG-test-Smoke Tests-2] INFO  [verifyingSideMenuLanguageAsInSettingsLingua] [verifyingSideMenuLanguageAsInSettingsLingua] Page fully loaded after refresh.
2025-12-23 18:12:19.661 [TestNG-test-Smoke Tests-2] ERROR [verifyingSideMenuLanguageAsInSettingsLingua] [verifyingSideMenuLanguageAsInSettingsLingua] No elements ready after 3 attempts: By.xpath: //ytd-guide-entry-renderer[@class='style-scope ytd-guide-section-renderer']
2025-12-23 18:12:19.662 [TestNG-test-Smoke Tests-2] INFO  [verifyingSideMenuLanguageAsInSettingsLingua] getExpectedLangageViaApplicableLangInput(Dansk)
2025-12-23 18:12:19.662 [TestNG-test-Smoke Tests-2] INFO  [verifyingSideMenuLanguageAsInSettingsLingua] Expected language for 'Dansk' -> DANISH
2025-12-23 18:12:19.662 [TestNG-test-Smoke Tests-2] INFO  [verifyingSideMenuLanguageAsInSettingsLingua] getLangAttributeViaLanguageInput(Dansk)
2025-12-23 18:12:19.662 [TestNG-test-Smoke Tests-2] INFO  [verifyingSideMenuLanguageAsInSettingsLingua] Mapped Dansk -> da-DK
2025-12-23 18:12:19.662 [TestNG-test-Smoke Tests-2] INFO  [verifyingSideMenuLanguageAsInSettingsLingua] getLangAttribute() - locating <html> and reading lang property
2025-12-23 18:12:19.674 [TestNG-test-Smoke Tests-2] INFO  [verifyingSideMenuLanguageAsInSettingsLingua] Language attribute read: da-DK
2025-12-23 18:12:19.674 [TestNG-test-Smoke Tests-2] INFO  [verifyingSideMenuLanguageAsInSettingsLingua] Clicking settings ellipses button...
2025-12-23 18:12:19.674 [TestNG-test-Smoke Tests-2] INFO  [verifyingSideMenuLanguageAsInSettingsLingua] [verifyingSideMenuLanguageAsInSettingsLingua] Trying to find element: By.xpath: //ytd-topbar-menu-button-renderer[@class='style-scope ytd-masthead style-default']
2025-12-23 18:12:19.693 [TestNG-test-Smoke Tests-2] INFO  [verifyingSideMenuLanguageAsInSettingsLingua] [verifyingSideMenuLanguageAsInSettingsLingua] Element found and ready (attempt 1): By.xpath: //ytd-topbar-menu-button-renderer[@class='style-scope ytd-masthead style-default']
2025-12-23 18:12:21.887 [TestNG-test-Smoke Tests-2] INFO  [verifyingSideMenuLanguageAsInSettingsLingua] Clicking language dropdown...
2025-12-23 18:12:21.887 [TestNG-test-Smoke Tests-2] INFO  [verifyingSideMenuLanguageAsInSettingsLingua] [verifyingSideMenuLanguageAsInSettingsLingua] Trying to find element: By.xpath: (//div[@id='content-icon'])[2]
2025-12-23 18:12:21.910 [TestNG-test-Smoke Tests-2] INFO  [verifyingSideMenuLanguageAsInSettingsLingua] [verifyingSideMenuLanguageAsInSettingsLingua] Element found and ready (attempt 1): By.xpath: (//div[@id='content-icon'])[2]
2025-12-23 18:12:24.266 [TestNG-test-Smoke Tests-2] INFO  [verifyingSideMenuLanguageAsInSettingsLingua] [verifyingSideMenuLanguageAsInSettingsLingua] Capturing screenshot: Filter Applied is Deutsch__2025-12-23_181224.png
2025-12-23 18:12:24.340 [TestNG-test-Smoke Tests-2] INFO  [verifyingSideMenuLanguageAsInSettingsLingua] [verifyingSideMenuLanguageAsInSettingsLingua] Screenshot saved at: test-output/screenshots/Run_2025-12-23_18-05-20/verifyingSideMenuLanguageAsInSettingsLingua/Filter Applied is Deutsch__2025-12-23_181224.png
2025-12-23 18:12:25.341 [TestNG-test-Smoke Tests-2] INFO  [verifyingSideMenuLanguageAsInSettingsLingua] Looking for language element with name: Deutsch
2025-12-23 18:12:25.341 [TestNG-test-Smoke Tests-2] INFO  [verifyingSideMenuLanguageAsInSettingsLingua] [verifyingSideMenuLanguageAsInSettingsLingua] Trying to find element: By.xpath: //yt-multi-page-menu-section-renderer[@class='style-scope ytd-multi-page-menu-renderer']//yt-formatted-string[@id='label' and text()='Deutsch']
2025-12-23 18:12:25.366 [TestNG-test-Smoke Tests-2] INFO  [verifyingSideMenuLanguageAsInSettingsLingua] [verifyingSideMenuLanguageAsInSettingsLingua] Element found and ready (attempt 1): By.xpath: //yt-multi-page-menu-section-renderer[@class='style-scope ytd-multi-page-menu-renderer']//yt-formatted-string[@id='label' and text()='Deutsch']
2025-12-23 18:12:28.444 [TestNG-test-Smoke Tests-2] INFO  [verifyingSideMenuLanguageAsInSettingsLingua] Fetching the side menu in expanded view
2025-12-23 18:12:28.444 [TestNG-test-Smoke Tests-2] INFO  [verifyingSideMenuLanguageAsInSettingsLingua] [verifyingSideMenuLanguageAsInSettingsLingua] Finding elements list: By.xpath: //ytd-guide-entry-renderer[@class='style-scope ytd-guide-section-renderer']
2025-12-23 18:12:38.609 [TestNG-test-Smoke Tests-2] WARN  [verifyingSideMenuLanguageAsInSettingsLingua] [verifyingSideMenuLanguageAsInSettingsLingua] Attempt 1 failed to find elements: By.xpath: //ytd-guide-entry-renderer[@class='style-scope ytd-guide-section-renderer'] -> org.openqa.selenium.TimeoutException: Expected condition failed: waiting for presence of any elements located by By.xpath: //ytd-guide-entry-renderer[@class='style-scope ytd-guide-section-renderer'] (tried for 10 second(s) with 500 milliseconds interval)
Build info: version: '4.27.0', revision: 'd6e718d134'
System info: os.name: 'Windows Server 2025', os.arch: 'amd64', os.version: '10.0', java.version: '24.0.2'
Driver info: org.openqa.selenium.chrome.ChromeDriver
Capabilities {acceptInsecureCerts: false, browserName: chrome, browserVersion: 143.0.7499.110, chrome: {chromedriverVersion: 143.0.7499.169 (164b20aab62..., userDataDir: C:\Windows\SystemTemp\scope...}, fedcm:accounts: true, goog:chromeOptions: {debuggerAddress: localhost:53342}, goog:processID: 4036, networkConnectionEnabled: false, pageLoadStrategy: normal, platformName: windows, proxy: Proxy(), se:cdp: ws://localhost:53342/devtoo..., se:cdpVersion: 143.0.7499.110, setWindowRect: true, strictFileInteractability: false, timeouts: {implicit: 0, pageLoad: 300000, script: 30000}, unhandledPromptBehavior: dismiss and notify, webauthn:extension:credBlob: true, webauthn:extension:largeBlob: true, webauthn:extension:minPinLength: true, webauthn:extension:prf: true, webauthn:virtualAuthenticators: true}
Session ID: 539eca82ff819924618e6e308b9d221c
2025-12-23 18:12:48.937 [TestNG-test-Smoke Tests-2] WARN  [verifyingSideMenuLanguageAsInSettingsLingua] [verifyingSideMenuLanguageAsInSettingsLingua] Attempt 2 failed to find elements: By.xpath: //ytd-guide-entry-renderer[@class='style-scope ytd-guide-section-renderer'] -> org.openqa.selenium.TimeoutException: Expected condition failed: waiting for presence of any elements located by By.xpath: //ytd-guide-entry-renderer[@class='style-scope ytd-guide-section-renderer'] (tried for 10 second(s) with 500 milliseconds interval)
Build info: version: '4.27.0', revision: 'd6e718d134'
System info: os.name: 'Windows Server 2025', os.arch: 'amd64', os.version: '10.0', java.version: '24.0.2'
Driver info: org.openqa.selenium.chrome.ChromeDriver
Capabilities {acceptInsecureCerts: false, browserName: chrome, browserVersion: 143.0.7499.110, chrome: {chromedriverVersion: 143.0.7499.169 (164b20aab62..., userDataDir: C:\Windows\SystemTemp\scope...}, fedcm:accounts: true, goog:chromeOptions: {debuggerAddress: localhost:53342}, goog:processID: 4036, networkConnectionEnabled: false, pageLoadStrategy: normal, platformName: windows, proxy: Proxy(), se:cdp: ws://localhost:53342/devtoo..., se:cdpVersion: 143.0.7499.110, setWindowRect: true, strictFileInteractability: false, timeouts: {implicit: 0, pageLoad: 300000, script: 30000}, unhandledPromptBehavior: dismiss and notify, webauthn:extension:credBlob: true, webauthn:extension:largeBlob: true, webauthn:extension:minPinLength: true, webauthn:extension:prf: true, webauthn:virtualAuthenticators: true}
Session ID: 539eca82ff819924618e6e308b9d221c
2025-12-23 18:12:48.937 [TestNG-test-Smoke Tests-2] WARN  [verifyingSideMenuLanguageAsInSettingsLingua] [verifyingSideMenuLanguageAsInSettingsLingua] Attempt 2 failed — refreshing the page to recover...
2025-12-23 18:12:48.942 [TestNG-test-Smoke Tests-2] INFO  [verifyingSideMenuLanguageAsInSettingsLingua] [verifyingSideMenuLanguageAsInSettingsLingua] Current URL before refresh: https://www.youtube.com/
2025-12-23 18:12:50.002 [TestNG-test-Smoke Tests-2] INFO  [verifyingSideMenuLanguageAsInSettingsLingua] [verifyingSideMenuLanguageAsInSettingsLingua] Page refreshed successfully.
2025-12-23 18:12:51.509 [TestNG-test-Smoke Tests-2] INFO  [verifyingSideMenuLanguageAsInSettingsLingua] [verifyingSideMenuLanguageAsInSettingsLingua] Page fully loaded after refresh.
2025-12-23 18:13:01.670 [TestNG-test-Smoke Tests-2] WARN  [verifyingSideMenuLanguageAsInSettingsLingua] [verifyingSideMenuLanguageAsInSettingsLingua] Attempt 3 failed to find elements: By.xpath: //ytd-guide-entry-renderer[@class='style-scope ytd-guide-section-renderer'] -> org.openqa.selenium.TimeoutException: Expected condition failed: waiting for presence of any elements located by By.xpath: //ytd-guide-entry-renderer[@class='style-scope ytd-guide-section-renderer'] (tried for 10 second(s) with 500 milliseconds interval)
Build info: version: '4.27.0', revision: 'd6e718d134'
System info: os.name: 'Windows Server 2025', os.arch: 'amd64', os.version: '10.0', java.version: '24.0.2'
Driver info: org.openqa.selenium.chrome.ChromeDriver
Capabilities {acceptInsecureCerts: false, browserName: chrome, browserVersion: 143.0.7499.110, chrome: {chromedriverVersion: 143.0.7499.169 (164b20aab62..., userDataDir: C:\Windows\SystemTemp\scope...}, fedcm:accounts: true, goog:chromeOptions: {debuggerAddress: localhost:53342}, goog:processID: 4036, networkConnectionEnabled: false, pageLoadStrategy: normal, platformName: windows, proxy: Proxy(), se:cdp: ws://localhost:53342/devtoo..., se:cdpVersion: 143.0.7499.110, setWindowRect: true, strictFileInteractability: false, timeouts: {implicit: 0, pageLoad: 300000, script: 30000}, unhandledPromptBehavior: dismiss and notify, webauthn:extension:credBlob: true, webauthn:extension:largeBlob: true, webauthn:extension:minPinLength: true, webauthn:extension:prf: true, webauthn:virtualAuthenticators: true}
Session ID: 539eca82ff819924618e6e308b9d221c
2025-12-23 18:13:01.670 [TestNG-test-Smoke Tests-2] WARN  [verifyingSideMenuLanguageAsInSettingsLingua] [verifyingSideMenuLanguageAsInSettingsLingua] Attempt 3 failed — refreshing the page to recover...
2025-12-23 18:13:01.674 [TestNG-test-Smoke Tests-2] INFO  [verifyingSideMenuLanguageAsInSettingsLingua] [verifyingSideMenuLanguageAsInSettingsLingua] Current URL before refresh: https://www.youtube.com/
2025-12-23 18:13:01.821 [TestNG-test-Smoke Tests-2] INFO  [verifyingSideMenuLanguageAsInSettingsLingua] [verifyingSideMenuLanguageAsInSettingsLingua] Page refreshed successfully.
2025-12-23 18:13:03.327 [TestNG-test-Smoke Tests-2] INFO  [verifyingSideMenuLanguageAsInSettingsLingua] [verifyingSideMenuLanguageAsInSettingsLingua] Page fully loaded after refresh.
2025-12-23 18:13:03.328 [TestNG-test-Smoke Tests-2] ERROR [verifyingSideMenuLanguageAsInSettingsLingua] [verifyingSideMenuLanguageAsInSettingsLingua] No elements ready after 3 attempts: By.xpath: //ytd-guide-entry-renderer[@class='style-scope ytd-guide-section-renderer']
2025-12-23 18:13:03.328 [TestNG-test-Smoke Tests-2] INFO  [verifyingSideMenuLanguageAsInSettingsLingua] getExpectedLangageViaApplicableLangInput(Deutsch)
2025-12-23 18:13:03.328 [TestNG-test-Smoke Tests-2] INFO  [verifyingSideMenuLanguageAsInSettingsLingua] Expected language for 'Deutsch' -> GERMAN
2025-12-23 18:13:03.328 [TestNG-test-Smoke Tests-2] INFO  [verifyingSideMenuLanguageAsInSettingsLingua] getLangAttributeViaLanguageInput(Deutsch)
2025-12-23 18:13:03.328 [TestNG-test-Smoke Tests-2] INFO  [verifyingSideMenuLanguageAsInSettingsLingua] Mapped Deutsch -> de-DE
2025-12-23 18:13:03.328 [TestNG-test-Smoke Tests-2] INFO  [verifyingSideMenuLanguageAsInSettingsLingua] getLangAttribute() - locating <html> and reading lang property
2025-12-23 18:13:03.339 [TestNG-test-Smoke Tests-2] INFO  [verifyingSideMenuLanguageAsInSettingsLingua] Language attribute read: de-DE
2025-12-23 18:13:03.340 [TestNG-test-Smoke Tests-2] INFO  [verifyingSideMenuLanguageAsInSettingsLingua] Clicking settings ellipses button...
2025-12-23 18:13:03.340 [TestNG-test-Smoke Tests-2] INFO  [verifyingSideMenuLanguageAsInSettingsLingua] [verifyingSideMenuLanguageAsInSettingsLingua] Trying to find element: By.xpath: //ytd-topbar-menu-button-renderer[@class='style-scope ytd-masthead style-default']
2025-12-23 18:13:03.357 [TestNG-test-Smoke Tests-2] INFO  [verifyingSideMenuLanguageAsInSettingsLingua] [verifyingSideMenuLanguageAsInSettingsLingua] Element found and ready (attempt 1): By.xpath: //ytd-topbar-menu-button-renderer[@class='style-scope ytd-masthead style-default']
2025-12-23 18:13:05.527 [TestNG-test-Smoke Tests-2] INFO  [verifyingSideMenuLanguageAsInSettingsLingua] Clicking language dropdown...
2025-12-23 18:13:05.527 [TestNG-test-Smoke Tests-2] INFO  [verifyingSideMenuLanguageAsInSettingsLingua] [verifyingSideMenuLanguageAsInSettingsLingua] Trying to find element: By.xpath: (//div[@id='content-icon'])[2]
2025-12-23 18:13:05.549 [TestNG-test-Smoke Tests-2] INFO  [verifyingSideMenuLanguageAsInSettingsLingua] [verifyingSideMenuLanguageAsInSettingsLingua] Element found and ready (attempt 1): By.xpath: (//div[@id='content-icon'])[2]
2025-12-23 18:13:07.893 [TestNG-test-Smoke Tests-2] INFO  [verifyingSideMenuLanguageAsInSettingsLingua] [verifyingSideMenuLanguageAsInSettingsLingua] Capturing screenshot: Filter Applied is Eesti__2025-12-23_181307.png
2025-12-23 18:13:07.967 [TestNG-test-Smoke Tests-2] INFO  [verifyingSideMenuLanguageAsInSettingsLingua] [verifyingSideMenuLanguageAsInSettingsLingua] Screenshot saved at: test-output/screenshots/Run_2025-12-23_18-05-20/verifyingSideMenuLanguageAsInSettingsLingua/Filter Applied is Eesti__2025-12-23_181307.png
2025-12-23 18:13:08.967 [TestNG-test-Smoke Tests-2] INFO  [verifyingSideMenuLanguageAsInSettingsLingua] Looking for language element with name: Eesti
2025-12-23 18:13:08.967 [TestNG-test-Smoke Tests-2] INFO  [verifyingSideMenuLanguageAsInSettingsLingua] [verifyingSideMenuLanguageAsInSettingsLingua] Trying to find element: By.xpath: //yt-multi-page-menu-section-renderer[@class='style-scope ytd-multi-page-menu-renderer']//yt-formatted-string[@id='label' and text()='Eesti']
2025-12-23 18:13:08.992 [TestNG-test-Smoke Tests-2] INFO  [verifyingSideMenuLanguageAsInSettingsLingua] [verifyingSideMenuLanguageAsInSettingsLingua] Element found and ready (attempt 1): By.xpath: //yt-multi-page-menu-section-renderer[@class='style-scope ytd-multi-page-menu-renderer']//yt-formatted-string[@id='label' and text()='Eesti']
2025-12-23 18:13:12.007 [TestNG-test-Smoke Tests-2] INFO  [verifyingSideMenuLanguageAsInSettingsLingua] Fetching the side menu in expanded view
2025-12-23 18:13:12.007 [TestNG-test-Smoke Tests-2] INFO  [verifyingSideMenuLanguageAsInSettingsLingua] [verifyingSideMenuLanguageAsInSettingsLingua] Finding elements list: By.xpath: //ytd-guide-entry-renderer[@class='style-scope ytd-guide-section-renderer']
2025-12-23 18:13:22.177 [TestNG-test-Smoke Tests-2] WARN  [verifyingSideMenuLanguageAsInSettingsLingua] [verifyingSideMenuLanguageAsInSettingsLingua] Attempt 1 failed to find elements: By.xpath: //ytd-guide-entry-renderer[@class='style-scope ytd-guide-section-renderer'] -> org.openqa.selenium.TimeoutException: Expected condition failed: waiting for presence of any elements located by By.xpath: //ytd-guide-entry-renderer[@class='style-scope ytd-guide-section-renderer'] (tried for 10 second(s) with 500 milliseconds interval)
Build info: version: '4.27.0', revision: 'd6e718d134'
System info: os.name: 'Windows Server 2025', os.arch: 'amd64', os.version: '10.0', java.version: '24.0.2'
Driver info: org.openqa.selenium.chrome.ChromeDriver
Capabilities {acceptInsecureCerts: false, browserName: chrome, browserVersion: 143.0.7499.110, chrome: {chromedriverVersion: 143.0.7499.169 (164b20aab62..., userDataDir: C:\Windows\SystemTemp\scope...}, fedcm:accounts: true, goog:chromeOptions: {debuggerAddress: localhost:53342}, goog:processID: 4036, networkConnectionEnabled: false, pageLoadStrategy: normal, platformName: windows, proxy: Proxy(), se:cdp: ws://localhost:53342/devtoo..., se:cdpVersion: 143.0.7499.110, setWindowRect: true, strictFileInteractability: false, timeouts: {implicit: 0, pageLoad: 300000, script: 30000}, unhandledPromptBehavior: dismiss and notify, webauthn:extension:credBlob: true, webauthn:extension:largeBlob: true, webauthn:extension:minPinLength: true, webauthn:extension:prf: true, webauthn:virtualAuthenticators: true}
Session ID: 539eca82ff819924618e6e308b9d221c
2025-12-23 18:13:32.344 [TestNG-test-Smoke Tests-2] WARN  [verifyingSideMenuLanguageAsInSettingsLingua] [verifyingSideMenuLanguageAsInSettingsLingua] Attempt 2 failed to find elements: By.xpath: //ytd-guide-entry-renderer[@class='style-scope ytd-guide-section-renderer'] -> org.openqa.selenium.TimeoutException: Expected condition failed: waiting for presence of any elements located by By.xpath: //ytd-guide-entry-renderer[@class='style-scope ytd-guide-section-renderer'] (tried for 10 second(s) with 500 milliseconds interval)
Build info: version: '4.27.0', revision: 'd6e718d134'
System info: os.name: 'Windows Server 2025', os.arch: 'amd64', os.version: '10.0', java.version: '24.0.2'
Driver info: org.openqa.selenium.chrome.ChromeDriver
Capabilities {acceptInsecureCerts: false, browserName: chrome, browserVersion: 143.0.7499.110, chrome: {chromedriverVersion: 143.0.7499.169 (164b20aab62..., userDataDir: C:\Windows\SystemTemp\scope...}, fedcm:accounts: true, goog:chromeOptions: {debuggerAddress: localhost:53342}, goog:processID: 4036, networkConnectionEnabled: false, pageLoadStrategy: normal, platformName: windows, proxy: Proxy(), se:cdp: ws://localhost:53342/devtoo..., se:cdpVersion: 143.0.7499.110, setWindowRect: true, strictFileInteractability: false, timeouts: {implicit: 0, pageLoad: 300000, script: 30000}, unhandledPromptBehavior: dismiss and notify, webauthn:extension:credBlob: true, webauthn:extension:largeBlob: true, webauthn:extension:minPinLength: true, webauthn:extension:prf: true, webauthn:virtualAuthenticators: true}
Session ID: 539eca82ff819924618e6e308b9d221c
2025-12-23 18:13:32.344 [TestNG-test-Smoke Tests-2] WARN  [verifyingSideMenuLanguageAsInSettingsLingua] [verifyingSideMenuLanguageAsInSettingsLingua] Attempt 2 failed — refreshing the page to recover...
2025-12-23 18:13:32.348 [TestNG-test-Smoke Tests-2] INFO  [verifyingSideMenuLanguageAsInSettingsLingua] [verifyingSideMenuLanguageAsInSettingsLingua] Current URL before refresh: https://www.youtube.com/
2025-12-23 18:13:32.477 [TestNG-test-Smoke Tests-2] INFO  [verifyingSideMenuLanguageAsInSettingsLingua] [verifyingSideMenuLanguageAsInSettingsLingua] Page refreshed successfully.
2025-12-23 18:13:33.985 [TestNG-test-Smoke Tests-2] INFO  [verifyingSideMenuLanguageAsInSettingsLingua] [verifyingSideMenuLanguageAsInSettingsLingua] Page fully loaded after refresh.
2025-12-23 18:13:44.149 [TestNG-test-Smoke Tests-2] WARN  [verifyingSideMenuLanguageAsInSettingsLingua] [verifyingSideMenuLanguageAsInSettingsLingua] Attempt 3 failed to find elements: By.xpath: //ytd-guide-entry-renderer[@class='style-scope ytd-guide-section-renderer'] -> org.openqa.selenium.TimeoutException: Expected condition failed: waiting for presence of any elements located by By.xpath: //ytd-guide-entry-renderer[@class='style-scope ytd-guide-section-renderer'] (tried for 10 second(s) with 500 milliseconds interval)
Build info: version: '4.27.0', revision: 'd6e718d134'
System info: os.name: 'Windows Server 2025', os.arch: 'amd64', os.version: '10.0', java.version: '24.0.2'
Driver info: org.openqa.selenium.chrome.ChromeDriver
Capabilities {acceptInsecureCerts: false, browserName: chrome, browserVersion: 143.0.7499.110, chrome: {chromedriverVersion: 143.0.7499.169 (164b20aab62..., userDataDir: C:\Windows\SystemTemp\scope...}, fedcm:accounts: true, goog:chromeOptions: {debuggerAddress: localhost:53342}, goog:processID: 4036, networkConnectionEnabled: false, pageLoadStrategy: normal, platformName: windows, proxy: Proxy(), se:cdp: ws://localhost:53342/devtoo..., se:cdpVersion: 143.0.7499.110, setWindowRect: true, strictFileInteractability: false, timeouts: {implicit: 0, pageLoad: 300000, script: 30000}, unhandledPromptBehavior: dismiss and notify, webauthn:extension:credBlob: true, webauthn:extension:largeBlob: true, webauthn:extension:minPinLength: true, webauthn:extension:prf: true, webauthn:virtualAuthenticators: true}
Session ID: 539eca82ff819924618e6e308b9d221c
2025-12-23 18:13:44.149 [TestNG-test-Smoke Tests-2] WARN  [verifyingSideMenuLanguageAsInSettingsLingua] [verifyingSideMenuLanguageAsInSettingsLingua] Attempt 3 failed — refreshing the page to recover...
2025-12-23 18:13:44.153 [TestNG-test-Smoke Tests-2] INFO  [verifyingSideMenuLanguageAsInSettingsLingua] [verifyingSideMenuLanguageAsInSettingsLingua] Current URL before refresh: https://www.youtube.com/
2025-12-23 18:13:44.298 [TestNG-test-Smoke Tests-2] INFO  [verifyingSideMenuLanguageAsInSettingsLingua] [verifyingSideMenuLanguageAsInSettingsLingua] Page refreshed successfully.
2025-12-23 18:13:45.803 [TestNG-test-Smoke Tests-2] INFO  [verifyingSideMenuLanguageAsInSettingsLingua] [verifyingSideMenuLanguageAsInSettingsLingua] Page fully loaded after refresh.
2025-12-23 18:13:45.803 [TestNG-test-Smoke Tests-2] ERROR [verifyingSideMenuLanguageAsInSettingsLingua] [verifyingSideMenuLanguageAsInSettingsLingua] No elements ready after 3 attempts: By.xpath: //ytd-guide-entry-renderer[@class='style-scope ytd-guide-section-renderer']
2025-12-23 18:13:45.804 [TestNG-test-Smoke Tests-2] INFO  [verifyingSideMenuLanguageAsInSettingsLingua] getExpectedLangageViaApplicableLangInput(Eesti)
2025-12-23 18:13:45.804 [TestNG-test-Smoke Tests-2] INFO  [verifyingSideMenuLanguageAsInSettingsLingua] Expected language for 'Eesti' -> ESTONIAN
2025-12-23 18:13:45.804 [TestNG-test-Smoke Tests-2] INFO  [verifyingSideMenuLanguageAsInSettingsLingua] getLangAttributeViaLanguageInput(Eesti)
2025-12-23 18:13:45.804 [TestNG-test-Smoke Tests-2] INFO  [verifyingSideMenuLanguageAsInSettingsLingua] Mapped Eesti -> et-EE
2025-12-23 18:13:45.804 [TestNG-test-Smoke Tests-2] INFO  [verifyingSideMenuLanguageAsInSettingsLingua] getLangAttribute() - locating <html> and reading lang property
2025-12-23 18:13:45.821 [TestNG-test-Smoke Tests-2] INFO  [verifyingSideMenuLanguageAsInSettingsLingua] Language attribute read: et-EE
2025-12-23 18:13:45.821 [TestNG-test-Smoke Tests-2] INFO  [verifyingSideMenuLanguageAsInSettingsLingua] Clicking settings ellipses button...
2025-12-23 18:13:45.821 [TestNG-test-Smoke Tests-2] INFO  [verifyingSideMenuLanguageAsInSettingsLingua] [verifyingSideMenuLanguageAsInSettingsLingua] Trying to find element: By.xpath: //ytd-topbar-menu-button-renderer[@class='style-scope ytd-masthead style-default']
2025-12-23 18:13:45.842 [TestNG-test-Smoke Tests-2] INFO  [verifyingSideMenuLanguageAsInSettingsLingua] [verifyingSideMenuLanguageAsInSettingsLingua] Element found and ready (attempt 1): By.xpath: //ytd-topbar-menu-button-renderer[@class='style-scope ytd-masthead style-default']
2025-12-23 18:13:48.018 [TestNG-test-Smoke Tests-2] INFO  [verifyingSideMenuLanguageAsInSettingsLingua] Clicking language dropdown...
2025-12-23 18:13:48.018 [TestNG-test-Smoke Tests-2] INFO  [verifyingSideMenuLanguageAsInSettingsLingua] [verifyingSideMenuLanguageAsInSettingsLingua] Trying to find element: By.xpath: (//div[@id='content-icon'])[2]
2025-12-23 18:13:48.038 [TestNG-test-Smoke Tests-2] INFO  [verifyingSideMenuLanguageAsInSettingsLingua] [verifyingSideMenuLanguageAsInSettingsLingua] Element found and ready (attempt 1): By.xpath: (//div[@id='content-icon'])[2]
2025-12-23 18:13:50.339 [TestNG-test-Smoke Tests-2] INFO  [verifyingSideMenuLanguageAsInSettingsLingua] [verifyingSideMenuLanguageAsInSettingsLingua] Capturing screenshot: Filter Applied is English (India)__2025-12-23_181350.png
2025-12-23 18:13:50.412 [TestNG-test-Smoke Tests-2] INFO  [verifyingSideMenuLanguageAsInSettingsLingua] [verifyingSideMenuLanguageAsInSettingsLingua] Screenshot saved at: test-output/screenshots/Run_2025-12-23_18-05-20/verifyingSideMenuLanguageAsInSettingsLingua/Filter Applied is English (India)__2025-12-23_181350.png
2025-12-23 18:13:51.413 [TestNG-test-Smoke Tests-2] INFO  [verifyingSideMenuLanguageAsInSettingsLingua] Looking for language element with name: English (India)
2025-12-23 18:13:51.413 [TestNG-test-Smoke Tests-2] INFO  [verifyingSideMenuLanguageAsInSettingsLingua] [verifyingSideMenuLanguageAsInSettingsLingua] Trying to find element: By.xpath: //yt-multi-page-menu-section-renderer[@class='style-scope ytd-multi-page-menu-renderer']//yt-formatted-string[@id='label' and text()='English (India)']
2025-12-23 18:13:51.436 [TestNG-test-Smoke Tests-2] INFO  [verifyingSideMenuLanguageAsInSettingsLingua] [verifyingSideMenuLanguageAsInSettingsLingua] Element found and ready (attempt 1): By.xpath: //yt-multi-page-menu-section-renderer[@class='style-scope ytd-multi-page-menu-renderer']//yt-formatted-string[@id='label' and text()='English (India)']
2025-12-23 18:13:54.554 [TestNG-test-Smoke Tests-2] INFO  [verifyingSideMenuLanguageAsInSettingsLingua] Fetching the side menu in expanded view
2025-12-23 18:13:54.554 [TestNG-test-Smoke Tests-2] INFO  [verifyingSideMenuLanguageAsInSettingsLingua] [verifyingSideMenuLanguageAsInSettingsLingua] Finding elements list: By.xpath: //ytd-guide-entry-renderer[@class='style-scope ytd-guide-section-renderer']
2025-12-23 18:14:04.752 [TestNG-test-Smoke Tests-2] WARN  [verifyingSideMenuLanguageAsInSettingsLingua] [verifyingSideMenuLanguageAsInSettingsLingua] Attempt 1 failed to find elements: By.xpath: //ytd-guide-entry-renderer[@class='style-scope ytd-guide-section-renderer'] -> org.openqa.selenium.TimeoutException: Expected condition failed: waiting for presence of any elements located by By.xpath: //ytd-guide-entry-renderer[@class='style-scope ytd-guide-section-renderer'] (tried for 10 second(s) with 500 milliseconds interval)
Build info: version: '4.27.0', revision: 'd6e718d134'
System info: os.name: 'Windows Server 2025', os.arch: 'amd64', os.version: '10.0', java.version: '24.0.2'
Driver info: org.openqa.selenium.chrome.ChromeDriver
Capabilities {acceptInsecureCerts: false, browserName: chrome, browserVersion: 143.0.7499.110, chrome: {chromedriverVersion: 143.0.7499.169 (164b20aab62..., userDataDir: C:\Windows\SystemTemp\scope...}, fedcm:accounts: true, goog:chromeOptions: {debuggerAddress: localhost:53342}, goog:processID: 4036, networkConnectionEnabled: false, pageLoadStrategy: normal, platformName: windows, proxy: Proxy(), se:cdp: ws://localhost:53342/devtoo..., se:cdpVersion: 143.0.7499.110, setWindowRect: true, strictFileInteractability: false, timeouts: {implicit: 0, pageLoad: 300000, script: 30000}, unhandledPromptBehavior: dismiss and notify, webauthn:extension:credBlob: true, webauthn:extension:largeBlob: true, webauthn:extension:minPinLength: true, webauthn:extension:prf: true, webauthn:virtualAuthenticators: true}
Session ID: 539eca82ff819924618e6e308b9d221c
2025-12-23 18:14:14.941 [TestNG-test-Smoke Tests-2] WARN  [verifyingSideMenuLanguageAsInSettingsLingua] [verifyingSideMenuLanguageAsInSettingsLingua] Attempt 2 failed to find elements: By.xpath: //ytd-guide-entry-renderer[@class='style-scope ytd-guide-section-renderer'] -> org.openqa.selenium.TimeoutException: Expected condition failed: waiting for presence of any elements located by By.xpath: //ytd-guide-entry-renderer[@class='style-scope ytd-guide-section-renderer'] (tried for 10 second(s) with 500 milliseconds interval)
Build info: version: '4.27.0', revision: 'd6e718d134'
System info: os.name: 'Windows Server 2025', os.arch: 'amd64', os.version: '10.0', java.version: '24.0.2'
Driver info: org.openqa.selenium.chrome.ChromeDriver
Capabilities {acceptInsecureCerts: false, browserName: chrome, browserVersion: 143.0.7499.110, chrome: {chromedriverVersion: 143.0.7499.169 (164b20aab62..., userDataDir: C:\Windows\SystemTemp\scope...}, fedcm:accounts: true, goog:chromeOptions: {debuggerAddress: localhost:53342}, goog:processID: 4036, networkConnectionEnabled: false, pageLoadStrategy: normal, platformName: windows, proxy: Proxy(), se:cdp: ws://localhost:53342/devtoo..., se:cdpVersion: 143.0.7499.110, setWindowRect: true, strictFileInteractability: false, timeouts: {implicit: 0, pageLoad: 300000, script: 30000}, unhandledPromptBehavior: dismiss and notify, webauthn:extension:credBlob: true, webauthn:extension:largeBlob: true, webauthn:extension:minPinLength: true, webauthn:extension:prf: true, webauthn:virtualAuthenticators: true}
Session ID: 539eca82ff819924618e6e308b9d221c
2025-12-23 18:14:14.941 [TestNG-test-Smoke Tests-2] WARN  [verifyingSideMenuLanguageAsInSettingsLingua] [verifyingSideMenuLanguageAsInSettingsLingua] Attempt 2 failed — refreshing the page to recover...
2025-12-23 18:14:14.946 [TestNG-test-Smoke Tests-2] INFO  [verifyingSideMenuLanguageAsInSettingsLingua] [verifyingSideMenuLanguageAsInSettingsLingua] Current URL before refresh: https://www.youtube.com/
2025-12-23 18:14:16.392 [TestNG-test-Smoke Tests-2] INFO  [verifyingSideMenuLanguageAsInSettingsLingua] [verifyingSideMenuLanguageAsInSettingsLingua] Page refreshed successfully.
2025-12-23 18:14:17.899 [TestNG-test-Smoke Tests-2] INFO  [verifyingSideMenuLanguageAsInSettingsLingua] [verifyingSideMenuLanguageAsInSettingsLingua] Page fully loaded after refresh.
2025-12-23 18:14:28.075 [TestNG-test-Smoke Tests-2] WARN  [verifyingSideMenuLanguageAsInSettingsLingua] [verifyingSideMenuLanguageAsInSettingsLingua] Attempt 3 failed to find elements: By.xpath: //ytd-guide-entry-renderer[@class='style-scope ytd-guide-section-renderer'] -> org.openqa.selenium.TimeoutException: Expected condition failed: waiting for presence of any elements located by By.xpath: //ytd-guide-entry-renderer[@class='style-scope ytd-guide-section-renderer'] (tried for 10 second(s) with 500 milliseconds interval)
Build info: version: '4.27.0', revision: 'd6e718d134'
System info: os.name: 'Windows Server 2025', os.arch: 'amd64', os.version: '10.0', java.version: '24.0.2'
Driver info: org.openqa.selenium.chrome.ChromeDriver
Capabilities {acceptInsecureCerts: false, browserName: chrome, browserVersion: 143.0.7499.110, chrome: {chromedriverVersion: 143.0.7499.169 (164b20aab62..., userDataDir: C:\Windows\SystemTemp\scope...}, fedcm:accounts: true, goog:chromeOptions: {debuggerAddress: localhost:53342}, goog:processID: 4036, networkConnectionEnabled: false, pageLoadStrategy: normal, platformName: windows, proxy: Proxy(), se:cdp: ws://localhost:53342/devtoo..., se:cdpVersion: 143.0.7499.110, setWindowRect: true, strictFileInteractability: false, timeouts: {implicit: 0, pageLoad: 300000, script: 30000}, unhandledPromptBehavior: dismiss and notify, webauthn:extension:credBlob: true, webauthn:extension:largeBlob: true, webauthn:extension:minPinLength: true, webauthn:extension:prf: true, webauthn:virtualAuthenticators: true}
Session ID: 539eca82ff819924618e6e308b9d221c
2025-12-23 18:14:28.075 [TestNG-test-Smoke Tests-2] WARN  [verifyingSideMenuLanguageAsInSettingsLingua] [verifyingSideMenuLanguageAsInSettingsLingua] Attempt 3 failed — refreshing the page to recover...
2025-12-23 18:14:28.080 [TestNG-test-Smoke Tests-2] INFO  [verifyingSideMenuLanguageAsInSettingsLingua] [verifyingSideMenuLanguageAsInSettingsLingua] Current URL before refresh: https://www.youtube.com/
2025-12-23 18:14:29.161 [TestNG-test-Smoke Tests-2] INFO  [verifyingSideMenuLanguageAsInSettingsLingua] [verifyingSideMenuLanguageAsInSettingsLingua] Page refreshed successfully.
2025-12-23 18:14:30.667 [TestNG-test-Smoke Tests-2] INFO  [verifyingSideMenuLanguageAsInSettingsLingua] [verifyingSideMenuLanguageAsInSettingsLingua] Page fully loaded after refresh.
2025-12-23 18:14:30.667 [TestNG-test-Smoke Tests-2] ERROR [verifyingSideMenuLanguageAsInSettingsLingua] [verifyingSideMenuLanguageAsInSettingsLingua] No elements ready after 3 attempts: By.xpath: //ytd-guide-entry-renderer[@class='style-scope ytd-guide-section-renderer']
2025-12-23 18:14:30.667 [TestNG-test-Smoke Tests-2] INFO  [verifyingSideMenuLanguageAsInSettingsLingua] getExpectedLangageViaApplicableLangInput(English (India))
2025-12-23 18:14:30.667 [TestNG-test-Smoke Tests-2] INFO  [verifyingSideMenuLanguageAsInSettingsLingua] Expected language for 'English (India)' -> ENGLISH
2025-12-23 18:14:30.667 [TestNG-test-Smoke Tests-2] INFO  [verifyingSideMenuLanguageAsInSettingsLingua] getLangAttributeViaLanguageInput(English (India))
2025-12-23 18:14:30.667 [TestNG-test-Smoke Tests-2] INFO  [verifyingSideMenuLanguageAsInSettingsLingua] Mapped English (India) -> en-IN
2025-12-23 18:14:30.667 [TestNG-test-Smoke Tests-2] INFO  [verifyingSideMenuLanguageAsInSettingsLingua] getLangAttribute() - locating <html> and reading lang property
2025-12-23 18:14:30.684 [TestNG-test-Smoke Tests-2] INFO  [verifyingSideMenuLanguageAsInSettingsLingua] Language attribute read: en-IN
2025-12-23 18:14:30.684 [TestNG-test-Smoke Tests-2] INFO  [verifyingSideMenuLanguageAsInSettingsLingua] Clicking settings ellipses button...
2025-12-23 18:14:30.684 [TestNG-test-Smoke Tests-2] INFO  [verifyingSideMenuLanguageAsInSettingsLingua] [verifyingSideMenuLanguageAsInSettingsLingua] Trying to find element: By.xpath: //ytd-topbar-menu-button-renderer[@class='style-scope ytd-masthead style-default']
2025-12-23 18:14:30.709 [TestNG-test-Smoke Tests-2] INFO  [verifyingSideMenuLanguageAsInSettingsLingua] [verifyingSideMenuLanguageAsInSettingsLingua] Element found and ready (attempt 1): By.xpath: //ytd-topbar-menu-button-renderer[@class='style-scope ytd-masthead style-default']
2025-12-23 18:14:32.791 [TestNG-test-Smoke Tests-2] INFO  [verifyingSideMenuLanguageAsInSettingsLingua] Clicking language dropdown...
2025-12-23 18:14:32.791 [TestNG-test-Smoke Tests-2] INFO  [verifyingSideMenuLanguageAsInSettingsLingua] [verifyingSideMenuLanguageAsInSettingsLingua] Trying to find element: By.xpath: (//div[@id='content-icon'])[2]
2025-12-23 18:14:32.814 [TestNG-test-Smoke Tests-2] INFO  [verifyingSideMenuLanguageAsInSettingsLingua] [verifyingSideMenuLanguageAsInSettingsLingua] Element found and ready (attempt 1): By.xpath: (//div[@id='content-icon'])[2]
2025-12-23 18:14:35.223 [TestNG-test-Smoke Tests-2] INFO  [verifyingSideMenuLanguageAsInSettingsLingua] [verifyingSideMenuLanguageAsInSettingsLingua] Not retrying test 'verifyingSideMenuLanguageAsInSettingsLingua'. Retry count: 0, Cause: The following asserts failed:
	Page title mismatch expected [AFRIKAANS] but found [Unknown],
	Page title mismatch expected [AZERBAIJANI] but found [Unknown],
	Page title mismatch expected [INDONESIAN] but found [Unknown],
	Page title mismatch expected [CROATIAN] but found [Unknown],
	Page title mismatch expected [CATALAN] but found [Unknown],
	Page title mismatch expected [DANISH] but found [Unknown],
	Page title mismatch expected [GERMAN] but found [Unknown],
	Page title mismatch expected [ESTONIAN] but found [Unknown],
	Page title mismatch expected [ENGLISH] but found [Unknown]
2025-12-23 18:14:35.233 [TestNG-test-Smoke Tests-2] ERROR [verifyingSideMenuLanguageAsInSettingsLingua] Test FAILED: verifyingSideMenuLanguageAsInSettingsLingua - java.lang.AssertionError: The following asserts failed:
	Page title mismatch expected [AFRIKAANS] but found [Unknown],
	Page title mismatch expected [AZERBAIJANI] but found [Unknown],
	Page title mismatch expected [INDONESIAN] but found [Unknown],
	Page title mismatch expected [CROATIAN] but found [Unknown],
	Page title mismatch expected [CATALAN] but found [Unknown],
	Page title mismatch expected [DANISH] but found [Unknown],
	Page title mismatch expected [GERMAN] but found [Unknown],
	Page title mismatch expected [ESTONIAN] but found [Unknown],
	Page title mismatch expected [ENGLISH] but found [Unknown]
2025-12-23 18:14:35.233 [TestNG-test-Smoke Tests-2] INFO  [verifyingSideMenuLanguageAsInSettingsLingua] Closing WebDriver for thread: 34
2025-12-23 18:14:37.884 [TestNG-test-Smoke Tests-2] INFO  [verifyingSideMenuLanguageAsInSettingsLingua] WebDriver instance removed from ThreadLocal for thread: 34
2025-12-23 18:14:37.884 [TestNG-test-Smoke Tests-2] INFO  [verifyingSideMenuLanguageAsInSettingsLingua] Driver closed for test: verifyingSideMenuLanguageAsInSettingsLingua
